<?xml version="1.0" encoding="UTF-8"?>
<testsuites name="Test Suite APPOINTMENT" time="63.828" tests="3" failures="0" errors="0">
   <testsuite name="Test Suite APPOINTMENT" tests="3" failures="0" errors="0" time="63.828" skipped="0" timestamp="2023-08-25 09:55:17" hostname="HP - LAPTOP-ILLI02GO" id="Test Suites/Test Suite APPOINTMENT">
      <properties>
         <property name="deviceName" value=""/>
         <property name="devicePlatform" value=""/>
         <property name="logFolder" value="D:\\XSIS MITRA UTAMA\\batch-324-qa\\Danty\\Cura Heroku App\\Reports\\20230825_095515\\Test Suite APPOINTMENT\\20230825_095515"/>
         <property name="logFiles" value="D:\\XSIS MITRA UTAMA\\batch-324-qa\\Danty\\Cura Heroku App\\Reports\\20230825_095515\\Test Suite APPOINTMENT\\20230825_095515\\execution0.log"/>
         <property name="attachments" value=""/>
         <property name="hostName" value="HP - LAPTOP-ILLI02GO"/>
         <property name="os" value="Windows 11 64bit"/>
         <property name="katalonVersion" value="8.6.5.208"/>
         <property name="browser" value="Edge Chromium 115"/>
         <property name="hostAddress" value="10.9.2.36"/>
         <property name="sessionId" value="6fb43756e840f7048be433ebc034a1c1"/>
         <property name="seleniumVersion" value="3.141.59"/>
         <property name="proxyInformation" value="ProxyInformation { proxyOption=NO_PROXY, proxyServerType=HTTP, username=, password=********, proxyServerAddress=, proxyServerPort=0, executionList=&quot;&quot;, isApplyToDesiredCapabilities=true }"/>
         <property name="platform" value="Windows 11"/>
      </properties>
      <testcase name="Test Cases/Appointment/Test Case 2.1 (Versi Dinamis)" time="21.55" classname="Test Cases/Appointment/Test Case 2.1 (Versi Dinamis)" status="PASSED">
         <system-out><![CDATA[2023-08-25 09:55:17 - [TEST_CASE][PASSED] - Test Cases/Appointment/Test Case 2.1 (Versi Dinamis): Test Cases/Appointment/Test Case 2.1 (Versi Dinamis)

2023-08-25 09:55:18 - [TEST_STEP][PASSED] - callTestCase(findTestCase("Login/Test Case 1.1 (Manual)"), ["Username":username, "Password":password], STOP_ON_FAILURE): Call Test Case 'Test Cases/Login/Test Case 1.1 (Manual)' successfully

2023-08-25 09:55:18 - [TEST_CASE][PASSED] - Test Cases/Login/Test Case 1.1 (Manual): Test Cases/Login/Test Case 1.1 (Manual)

2023-08-25 09:55:18 - [TEST_STEP][PASSED] - openBrowser(WEB_URL): Browser is opened with url: 'https://katalon-demo-cura.herokuapp.com/'

2023-08-25 09:55:18 - [MESSAGE][INFO] - Starting 'Edge Chromium' driver

2023-08-25 09:55:21 - [MESSAGE][INFO] - Action delay is set to 0 milliseconds

2023-08-25 09:55:25 - [MESSAGE][PASSED] - Browser is opened with url: 'https://katalon-demo-cura.herokuapp.com/'

2023-08-25 09:55:25 - [TEST_STEP][PASSED] - verifyElementPresent(findTestObject("Login/Title Home Page"), 10): Object 'Object Repository/Login/Title Home Page' is present

2023-08-25 09:55:25 - [MESSAGE][PASSED] - Object 'Object Repository/Login/Title Home Page' is present

2023-08-25 09:55:25 - [TEST_STEP][PASSED] - click(findTestObject("Login/Menu Burger")): Object: 'Object Repository/Login/Menu Burger' is clicked on

2023-08-25 09:55:26 - [MESSAGE][PASSED] - Object: 'Object Repository/Login/Menu Burger' is clicked on

2023-08-25 09:55:26 - [TEST_STEP][PASSED] - click(findTestObject("Login/Menu Login")): Object: 'Object Repository/Login/Menu Login' is clicked on

2023-08-25 09:55:27 - [MESSAGE][PASSED] - Object: 'Object Repository/Login/Menu Login' is clicked on

2023-08-25 09:55:27 - [TEST_STEP][PASSED] - verifyElementPresent(findTestObject("Login/Title Login"), 10): Object 'Object Repository/Login/Title Login' is present

2023-08-25 09:55:28 - [MESSAGE][PASSED] - Object 'Object Repository/Login/Title Login' is present

2023-08-25 09:55:28 - [TEST_STEP][PASSED] - setText(findTestObject("Login/input_Username"), Username): Text 'John Doe' is set on object 'Object Repository/Login/input_Username'

2023-08-25 09:55:29 - [MESSAGE][PASSED] - Text 'John Doe' is set on object 'Object Repository/Login/input_Username'

2023-08-25 09:55:29 - [TEST_STEP][PASSED] - setEncryptedText(findTestObject("Login/input_Password"), Password): Text ****** has been set on object 'Object Repository/Login/input_Password'

2023-08-25 09:55:29 - [MESSAGE][PASSED] - Text ****** has been set on object 'Object Repository/Login/input_Password'

2023-08-25 09:55:29 - [TEST_STEP][PASSED] - click(findTestObject("Login/button_Login")): Object: 'Object Repository/Login/button_Login' is clicked on

2023-08-25 09:55:31 - [MESSAGE][PASSED] - Object: 'Object Repository/Login/button_Login' is clicked on

2023-08-25 09:55:31 - [TEST_STEP][PASSED] - verifyElementPresent(findTestObject("Login/Title_Make Appointment"), 10): Object 'Object Repository/Login/Title_Make Appointment' is present

2023-08-25 09:55:31 - [MESSAGE][PASSED] - Object 'Object Repository/Login/Title_Make Appointment' is present

2023-08-25 09:55:31 - [MESSAGE][PASSED] - Call Test Case 'Test Cases/Login/Test Case 1.1 (Manual)' successfully

2023-08-25 09:55:31 - [TEST_STEP][PASSED] - selectOptionByValue(findTestObject("Make Appointment/select dropdown"), facility, false): All options with value 'Tokyo CURA Healthcare Center' are selected in object 'Object Repository/Make Appointment/select dropdown' 

2023-08-25 09:55:32 - [MESSAGE][PASSED] - All options with value 'Tokyo CURA Healthcare Center' are selected in object 'Object Repository/Make Appointment/select dropdown' 

2023-08-25 09:55:32 - [TEST_STEP][PASSED] - if (toString().equalsIgnoreCase("yes")): Object 'Object Repository/Make Appointment/Check Box Readmission' is checked

2023-08-25 09:55:32 - [TEST_STEP][PASSED] - check(findTestObject("Make Appointment/Check Box Readmission")): Object 'Object Repository/Make Appointment/Check Box Readmission' is checked

2023-08-25 09:55:32 - [MESSAGE][PASSED] - Object 'Object Repository/Make Appointment/Check Box Readmission' is checked

2023-08-25 09:55:32 - [TEST_STEP][PASSED] - if (toString().equalsIgnoreCase("medicare")): Object 'Object Repository/Make Appointment/input_Medicare_programs' is checked

2023-08-25 09:55:32 - [TEST_STEP][PASSED] - check(findTestObject("Object Repository/Make Appointment/input_Medicare_programs")): Object 'Object Repository/Make Appointment/input_Medicare_programs' is checked

2023-08-25 09:55:33 - [MESSAGE][PASSED] - Object 'Object Repository/Make Appointment/input_Medicare_programs' is checked

2023-08-25 09:55:33 - [TEST_STEP][PASSED] - setText(findTestObject("Make Appointment/input_Visit Date"), visit_date): Text '23/08/2023' is set on object 'Object Repository/Make Appointment/input_Visit Date'

2023-08-25 09:55:34 - [MESSAGE][PASSED] - Text '23/08/2023' is set on object 'Object Repository/Make Appointment/input_Visit Date'

2023-08-25 09:55:34 - [TEST_STEP][PASSED] - setText(findTestObject("Make Appointment/Comment"), comment): Text 'You have' is set on object 'Object Repository/Make Appointment/Comment'

2023-08-25 09:55:35 - [MESSAGE][PASSED] - Text 'You have' is set on object 'Object Repository/Make Appointment/Comment'

2023-08-25 09:55:35 - [TEST_STEP][PASSED] - click(findTestObject("Make Appointment/button_Book Appointment")): Object: 'Object Repository/Make Appointment/button_Book Appointment' is clicked on

2023-08-25 09:55:36 - [MESSAGE][PASSED] - Object: 'Object Repository/Make Appointment/button_Book Appointment' is clicked on

2023-08-25 09:55:36 - [TEST_STEP][PASSED] - verifyElementPresent(findTestObject("Make Appointment/Appointment Confirmation"), 10): Object 'Object Repository/Make Appointment/Appointment Confirmation' is present

2023-08-25 09:55:37 - [MESSAGE][PASSED] - Object 'Object Repository/Make Appointment/Appointment Confirmation' is present

2023-08-25 09:55:37 - [TEST_STEP][PASSED] - hasilFacility = getText(findTestObject("Object Repository/Make Appointment/Facility")): Text of object 'Object Repository/Make Appointment/Facility' is: 'Tokyo CURA Healthcare Center'

2023-08-25 09:55:37 - [MESSAGE][PASSED] - Text of object 'Object Repository/Make Appointment/Facility' is: 'Tokyo CURA Healthcare Center'

2023-08-25 09:55:37 - [TEST_STEP][PASSED] - hasilReadmission = getText(findTestObject("Make Appointment/Apply Readmission")): Text of object 'Object Repository/Make Appointment/Apply Readmission' is: 'Yes'

2023-08-25 09:55:37 - [MESSAGE][PASSED] - Text of object 'Object Repository/Make Appointment/Apply Readmission' is: 'Yes'

2023-08-25 09:55:37 - [TEST_STEP][PASSED] - hasilHealthPro = getText(findTestObject("Make Appointment/Program Healthcare")): Text of object 'Object Repository/Make Appointment/Program Healthcare' is: 'Medicare'

2023-08-25 09:55:38 - [MESSAGE][PASSED] - Text of object 'Object Repository/Make Appointment/Program Healthcare' is: 'Medicare'

2023-08-25 09:55:38 - [TEST_STEP][PASSED] - hasilVisitDate = getText(findTestObject("Make Appointment/Visit_Date")): Text of object 'Object Repository/Make Appointment/Visit_Date' is: '23/08/2023'

2023-08-25 09:55:38 - [MESSAGE][PASSED] - Text of object 'Object Repository/Make Appointment/Visit_Date' is: '23/08/2023'

2023-08-25 09:55:38 - [TEST_STEP][PASSED] - hasilComment = getText(findTestObject("Make Appointment/isi comment")): Text of object 'Object Repository/Make Appointment/isi comment' is: 'You have'

2023-08-25 09:55:39 - [MESSAGE][PASSED] - Text of object 'Object Repository/Make Appointment/isi comment' is: 'You have'

2023-08-25 09:55:39 - [TEST_STEP][PASSED] - assert toString().equalsIgnoreCase(facility): null

2023-08-25 09:55:39 - [TEST_STEP][PASSED] - assert toString().equalsIgnoreCase(hospital_readmission): null

2023-08-25 09:55:39 - [TEST_STEP][PASSED] - assert toString().equalsIgnoreCase(healthcare_program): null

2023-08-25 09:55:39 - [TEST_STEP][PASSED] - assert toString().equalsIgnoreCase(visit_date): null

2023-08-25 09:55:39 - [TEST_STEP][PASSED] - assert toString().equalsIgnoreCase(comment): null]]></system-out>
         <system-err><![CDATA[]]></system-err>
      </testcase>
      <testcase name="Test Cases/Appointment/Test Case 2.1 (Versi Dinamis)" time="20.989" classname="Test Cases/Appointment/Test Case 2.1 (Versi Dinamis)" status="PASSED">
         <system-out><![CDATA[2023-08-25 09:55:39 - [TEST_CASE][PASSED] - Test Cases/Appointment/Test Case 2.1 (Versi Dinamis): Test Cases/Appointment/Test Case 2.1 (Versi Dinamis)

2023-08-25 09:55:39 - [TEST_STEP][PASSED] - callTestCase(findTestCase("Login/Test Case 1.1 (Manual)"), ["Username":username, "Password":password], STOP_ON_FAILURE): Call Test Case 'Test Cases/Login/Test Case 1.1 (Manual)' successfully

2023-08-25 09:55:39 - [TEST_CASE][PASSED] - Test Cases/Login/Test Case 1.1 (Manual): Test Cases/Login/Test Case 1.1 (Manual)

2023-08-25 09:55:39 - [TEST_STEP][PASSED] - openBrowser(WEB_URL): Browser is opened with url: 'https://katalon-demo-cura.herokuapp.com/'

2023-08-25 09:55:39 - [MESSAGE][WARNING] - A browser is already opened. Closing browser and opening a new one

2023-08-25 09:55:40 - [MESSAGE][INFO] - Starting 'Edge Chromium' driver

2023-08-25 09:55:42 - [MESSAGE][INFO] - Action delay is set to 0 milliseconds

2023-08-25 09:55:47 - [MESSAGE][PASSED] - Browser is opened with url: 'https://katalon-demo-cura.herokuapp.com/'

2023-08-25 09:55:47 - [TEST_STEP][PASSED] - verifyElementPresent(findTestObject("Login/Title Home Page"), 10): Object 'Object Repository/Login/Title Home Page' is present

2023-08-25 09:55:48 - [MESSAGE][PASSED] - Object 'Object Repository/Login/Title Home Page' is present

2023-08-25 09:55:48 - [TEST_STEP][PASSED] - click(findTestObject("Login/Menu Burger")): Object: 'Object Repository/Login/Menu Burger' is clicked on

2023-08-25 09:55:48 - [MESSAGE][PASSED] - Object: 'Object Repository/Login/Menu Burger' is clicked on

2023-08-25 09:55:48 - [TEST_STEP][PASSED] - click(findTestObject("Login/Menu Login")): Object: 'Object Repository/Login/Menu Login' is clicked on

2023-08-25 09:55:49 - [MESSAGE][PASSED] - Object: 'Object Repository/Login/Menu Login' is clicked on

2023-08-25 09:55:49 - [TEST_STEP][PASSED] - verifyElementPresent(findTestObject("Login/Title Login"), 10): Object 'Object Repository/Login/Title Login' is present

2023-08-25 09:55:50 - [MESSAGE][PASSED] - Object 'Object Repository/Login/Title Login' is present

2023-08-25 09:55:50 - [TEST_STEP][PASSED] - setText(findTestObject("Login/input_Username"), Username): Text 'John Doe' is set on object 'Object Repository/Login/input_Username'

2023-08-25 09:55:51 - [MESSAGE][PASSED] - Text 'John Doe' is set on object 'Object Repository/Login/input_Username'

2023-08-25 09:55:51 - [TEST_STEP][PASSED] - setEncryptedText(findTestObject("Login/input_Password"), Password): Text ****** has been set on object 'Object Repository/Login/input_Password'

2023-08-25 09:55:51 - [MESSAGE][PASSED] - Text ****** has been set on object 'Object Repository/Login/input_Password'

2023-08-25 09:55:51 - [TEST_STEP][PASSED] - click(findTestObject("Login/button_Login")): Object: 'Object Repository/Login/button_Login' is clicked on

2023-08-25 09:55:52 - [MESSAGE][PASSED] - Object: 'Object Repository/Login/button_Login' is clicked on

2023-08-25 09:55:52 - [TEST_STEP][PASSED] - verifyElementPresent(findTestObject("Login/Title_Make Appointment"), 10): Object 'Object Repository/Login/Title_Make Appointment' is present

2023-08-25 09:55:53 - [MESSAGE][PASSED] - Object 'Object Repository/Login/Title_Make Appointment' is present

2023-08-25 09:55:53 - [MESSAGE][PASSED] - Call Test Case 'Test Cases/Login/Test Case 1.1 (Manual)' successfully

2023-08-25 09:55:53 - [TEST_STEP][PASSED] - selectOptionByValue(findTestObject("Make Appointment/select dropdown"), facility, false): All options with value 'Hongkong CURA Healthcare Center' are selected in object 'Object Repository/Make Appointment/select dropdown' 

2023-08-25 09:55:54 - [MESSAGE][PASSED] - All options with value 'Hongkong CURA Healthcare Center' are selected in object 'Object Repository/Make Appointment/select dropdown' 

2023-08-25 09:55:54 - [TEST_STEP][PASSED] - if (toString().equalsIgnoreCase("yes")): null

2023-08-25 09:55:54 - [TEST_STEP][PASSED] - if (toString().equalsIgnoreCase("medicare")): null

2023-08-25 09:55:54 - [TEST_STEP][PASSED] - else if (toString().equalsIgnoreCase("medicaid")): Object 'Object Repository/Make Appointment/input_Medicaid_programs' is checked

2023-08-25 09:55:54 - [TEST_STEP][PASSED] - check(findTestObject("Object Repository/Make Appointment/input_Medicaid_programs")): Object 'Object Repository/Make Appointment/input_Medicaid_programs' is checked

2023-08-25 09:55:54 - [MESSAGE][PASSED] - Object 'Object Repository/Make Appointment/input_Medicaid_programs' is checked

2023-08-25 09:55:54 - [TEST_STEP][PASSED] - setText(findTestObject("Make Appointment/input_Visit Date"), visit_date): Text '23/08/2023' is set on object 'Object Repository/Make Appointment/input_Visit Date'

2023-08-25 09:55:55 - [MESSAGE][PASSED] - Text '23/08/2023' is set on object 'Object Repository/Make Appointment/input_Visit Date'

2023-08-25 09:55:55 - [TEST_STEP][PASSED] - setText(findTestObject("Make Appointment/Comment"), comment): Text 'done' is set on object 'Object Repository/Make Appointment/Comment'

2023-08-25 09:55:56 - [MESSAGE][PASSED] - Text 'done' is set on object 'Object Repository/Make Appointment/Comment'

2023-08-25 09:55:56 - [TEST_STEP][PASSED] - click(findTestObject("Make Appointment/button_Book Appointment")): Object: 'Object Repository/Make Appointment/button_Book Appointment' is clicked on

2023-08-25 09:55:57 - [MESSAGE][PASSED] - Object: 'Object Repository/Make Appointment/button_Book Appointment' is clicked on

2023-08-25 09:55:57 - [TEST_STEP][PASSED] - verifyElementPresent(findTestObject("Make Appointment/Appointment Confirmation"), 10): Object 'Object Repository/Make Appointment/Appointment Confirmation' is present

2023-08-25 09:55:58 - [MESSAGE][PASSED] - Object 'Object Repository/Make Appointment/Appointment Confirmation' is present

2023-08-25 09:55:58 - [TEST_STEP][PASSED] - hasilFacility = getText(findTestObject("Object Repository/Make Appointment/Facility")): Text of object 'Object Repository/Make Appointment/Facility' is: 'Hongkong CURA Healthcare Center'

2023-08-25 09:55:58 - [MESSAGE][PASSED] - Text of object 'Object Repository/Make Appointment/Facility' is: 'Hongkong CURA Healthcare Center'

2023-08-25 09:55:58 - [TEST_STEP][PASSED] - hasilReadmission = getText(findTestObject("Make Appointment/Apply Readmission")): Text of object 'Object Repository/Make Appointment/Apply Readmission' is: 'No'

2023-08-25 09:55:58 - [MESSAGE][PASSED] - Text of object 'Object Repository/Make Appointment/Apply Readmission' is: 'No'

2023-08-25 09:55:58 - [TEST_STEP][PASSED] - hasilHealthPro = getText(findTestObject("Make Appointment/Program Healthcare")): Text of object 'Object Repository/Make Appointment/Program Healthcare' is: 'Medicaid'

2023-08-25 09:55:59 - [MESSAGE][PASSED] - Text of object 'Object Repository/Make Appointment/Program Healthcare' is: 'Medicaid'

2023-08-25 09:55:59 - [TEST_STEP][PASSED] - hasilVisitDate = getText(findTestObject("Make Appointment/Visit_Date")): Text of object 'Object Repository/Make Appointment/Visit_Date' is: '23/08/2023'

2023-08-25 09:55:59 - [MESSAGE][PASSED] - Text of object 'Object Repository/Make Appointment/Visit_Date' is: '23/08/2023'

2023-08-25 09:55:59 - [TEST_STEP][PASSED] - hasilComment = getText(findTestObject("Make Appointment/isi comment")): Text of object 'Object Repository/Make Appointment/isi comment' is: 'done'

2023-08-25 09:56:00 - [MESSAGE][PASSED] - Text of object 'Object Repository/Make Appointment/isi comment' is: 'done'

2023-08-25 09:56:00 - [TEST_STEP][PASSED] - assert toString().equalsIgnoreCase(facility): null

2023-08-25 09:56:00 - [TEST_STEP][PASSED] - assert toString().equalsIgnoreCase(hospital_readmission): null

2023-08-25 09:56:00 - [TEST_STEP][PASSED] - assert toString().equalsIgnoreCase(healthcare_program): null

2023-08-25 09:56:00 - [TEST_STEP][PASSED] - assert toString().equalsIgnoreCase(visit_date): null

2023-08-25 09:56:00 - [TEST_STEP][PASSED] - assert toString().equalsIgnoreCase(comment): null]]></system-out>
         <system-err><![CDATA[]]></system-err>
      </testcase>
      <testcase name="Test Cases/Appointment/Test Case 2.1 (Versi Dinamis)" time="20.696" classname="Test Cases/Appointment/Test Case 2.1 (Versi Dinamis)" status="PASSED">
         <system-out><![CDATA[2023-08-25 09:56:00 - [TEST_CASE][PASSED] - Test Cases/Appointment/Test Case 2.1 (Versi Dinamis): Test Cases/Appointment/Test Case 2.1 (Versi Dinamis)

2023-08-25 09:56:00 - [TEST_STEP][PASSED] - callTestCase(findTestCase("Login/Test Case 1.1 (Manual)"), ["Username":username, "Password":password], STOP_ON_FAILURE): Call Test Case 'Test Cases/Login/Test Case 1.1 (Manual)' successfully

2023-08-25 09:56:00 - [TEST_CASE][PASSED] - Test Cases/Login/Test Case 1.1 (Manual): Test Cases/Login/Test Case 1.1 (Manual)

2023-08-25 09:56:00 - [TEST_STEP][PASSED] - openBrowser(WEB_URL): Browser is opened with url: 'https://katalon-demo-cura.herokuapp.com/'

2023-08-25 09:56:00 - [MESSAGE][WARNING] - A browser is already opened. Closing browser and opening a new one

2023-08-25 09:56:01 - [MESSAGE][INFO] - Starting 'Edge Chromium' driver

2023-08-25 09:56:03 - [MESSAGE][INFO] - Action delay is set to 0 milliseconds

2023-08-25 09:56:08 - [MESSAGE][PASSED] - Browser is opened with url: 'https://katalon-demo-cura.herokuapp.com/'

2023-08-25 09:56:08 - [TEST_STEP][PASSED] - verifyElementPresent(findTestObject("Login/Title Home Page"), 10): Object 'Object Repository/Login/Title Home Page' is present

2023-08-25 09:56:08 - [MESSAGE][PASSED] - Object 'Object Repository/Login/Title Home Page' is present

2023-08-25 09:56:08 - [TEST_STEP][PASSED] - click(findTestObject("Login/Menu Burger")): Object: 'Object Repository/Login/Menu Burger' is clicked on

2023-08-25 09:56:09 - [MESSAGE][PASSED] - Object: 'Object Repository/Login/Menu Burger' is clicked on

2023-08-25 09:56:09 - [TEST_STEP][PASSED] - click(findTestObject("Login/Menu Login")): Object: 'Object Repository/Login/Menu Login' is clicked on

2023-08-25 09:56:10 - [MESSAGE][PASSED] - Object: 'Object Repository/Login/Menu Login' is clicked on

2023-08-25 09:56:10 - [TEST_STEP][PASSED] - verifyElementPresent(findTestObject("Login/Title Login"), 10): Object 'Object Repository/Login/Title Login' is present

2023-08-25 09:56:10 - [MESSAGE][PASSED] - Object 'Object Repository/Login/Title Login' is present

2023-08-25 09:56:10 - [TEST_STEP][PASSED] - setText(findTestObject("Login/input_Username"), Username): Text 'John Doe' is set on object 'Object Repository/Login/input_Username'

2023-08-25 09:56:11 - [MESSAGE][PASSED] - Text 'John Doe' is set on object 'Object Repository/Login/input_Username'

2023-08-25 09:56:11 - [TEST_STEP][PASSED] - setEncryptedText(findTestObject("Login/input_Password"), Password): Text ****** has been set on object 'Object Repository/Login/input_Password'

2023-08-25 09:56:12 - [MESSAGE][PASSED] - Text ****** has been set on object 'Object Repository/Login/input_Password'

2023-08-25 09:56:12 - [TEST_STEP][PASSED] - click(findTestObject("Login/button_Login")): Object: 'Object Repository/Login/button_Login' is clicked on

2023-08-25 09:56:13 - [MESSAGE][PASSED] - Object: 'Object Repository/Login/button_Login' is clicked on

2023-08-25 09:56:13 - [TEST_STEP][PASSED] - verifyElementPresent(findTestObject("Login/Title_Make Appointment"), 10): Object 'Object Repository/Login/Title_Make Appointment' is present

2023-08-25 09:56:13 - [MESSAGE][PASSED] - Object 'Object Repository/Login/Title_Make Appointment' is present

2023-08-25 09:56:13 - [MESSAGE][PASSED] - Call Test Case 'Test Cases/Login/Test Case 1.1 (Manual)' successfully

2023-08-25 09:56:13 - [TEST_STEP][PASSED] - selectOptionByValue(findTestObject("Make Appointment/select dropdown"), facility, false): All options with value 'Seoul CURA Healthcare Center' are selected in object 'Object Repository/Make Appointment/select dropdown' 

2023-08-25 09:56:14 - [MESSAGE][PASSED] - All options with value 'Seoul CURA Healthcare Center' are selected in object 'Object Repository/Make Appointment/select dropdown' 

2023-08-25 09:56:14 - [TEST_STEP][PASSED] - if (toString().equalsIgnoreCase("yes")): Object 'Object Repository/Make Appointment/Check Box Readmission' is checked

2023-08-25 09:56:14 - [TEST_STEP][PASSED] - check(findTestObject("Make Appointment/Check Box Readmission")): Object 'Object Repository/Make Appointment/Check Box Readmission' is checked

2023-08-25 09:56:15 - [MESSAGE][PASSED] - Object 'Object Repository/Make Appointment/Check Box Readmission' is checked

2023-08-25 09:56:15 - [TEST_STEP][PASSED] - if (toString().equalsIgnoreCase("medicare")): null

2023-08-25 09:56:15 - [TEST_STEP][PASSED] - else if (toString().equalsIgnoreCase("medicaid")): null

2023-08-25 09:56:15 - [TEST_STEP][PASSED] - else: Object 'Object Repository/Make Appointment/input_None_programs' is checked

2023-08-25 09:56:15 - [TEST_STEP][PASSED] - check(findTestObject("Object Repository/Make Appointment/input_None_programs")): Object 'Object Repository/Make Appointment/input_None_programs' is checked

2023-08-25 09:56:15 - [MESSAGE][PASSED] - Object 'Object Repository/Make Appointment/input_None_programs' is checked

2023-08-25 09:56:15 - [TEST_STEP][PASSED] - setText(findTestObject("Make Appointment/input_Visit Date"), visit_date): Text '23/08/2023' is set on object 'Object Repository/Make Appointment/input_Visit Date'

2023-08-25 09:56:16 - [MESSAGE][PASSED] - Text '23/08/2023' is set on object 'Object Repository/Make Appointment/input_Visit Date'

2023-08-25 09:56:16 - [TEST_STEP][PASSED] - setText(findTestObject("Make Appointment/Comment"), comment): Text 'a Great Job' is set on object 'Object Repository/Make Appointment/Comment'

2023-08-25 09:56:17 - [MESSAGE][PASSED] - Text 'a Great Job' is set on object 'Object Repository/Make Appointment/Comment'

2023-08-25 09:56:17 - [TEST_STEP][PASSED] - click(findTestObject("Make Appointment/button_Book Appointment")): Object: 'Object Repository/Make Appointment/button_Book Appointment' is clicked on

2023-08-25 09:56:18 - [MESSAGE][PASSED] - Object: 'Object Repository/Make Appointment/button_Book Appointment' is clicked on

2023-08-25 09:56:18 - [TEST_STEP][PASSED] - verifyElementPresent(findTestObject("Make Appointment/Appointment Confirmation"), 10): Object 'Object Repository/Make Appointment/Appointment Confirmation' is present

2023-08-25 09:56:18 - [MESSAGE][PASSED] - Object 'Object Repository/Make Appointment/Appointment Confirmation' is present

2023-08-25 09:56:18 - [TEST_STEP][PASSED] - hasilFacility = getText(findTestObject("Object Repository/Make Appointment/Facility")): Text of object 'Object Repository/Make Appointment/Facility' is: 'Seoul CURA Healthcare Center'

2023-08-25 09:56:19 - [MESSAGE][PASSED] - Text of object 'Object Repository/Make Appointment/Facility' is: 'Seoul CURA Healthcare Center'

2023-08-25 09:56:19 - [TEST_STEP][PASSED] - hasilReadmission = getText(findTestObject("Make Appointment/Apply Readmission")): Text of object 'Object Repository/Make Appointment/Apply Readmission' is: 'Yes'

2023-08-25 09:56:19 - [MESSAGE][PASSED] - Text of object 'Object Repository/Make Appointment/Apply Readmission' is: 'Yes'

2023-08-25 09:56:19 - [TEST_STEP][PASSED] - hasilHealthPro = getText(findTestObject("Make Appointment/Program Healthcare")): Text of object 'Object Repository/Make Appointment/Program Healthcare' is: 'None'

2023-08-25 09:56:20 - [MESSAGE][PASSED] - Text of object 'Object Repository/Make Appointment/Program Healthcare' is: 'None'

2023-08-25 09:56:20 - [TEST_STEP][PASSED] - hasilVisitDate = getText(findTestObject("Make Appointment/Visit_Date")): Text of object 'Object Repository/Make Appointment/Visit_Date' is: '23/08/2023'

2023-08-25 09:56:20 - [MESSAGE][PASSED] - Text of object 'Object Repository/Make Appointment/Visit_Date' is: '23/08/2023'

2023-08-25 09:56:20 - [TEST_STEP][PASSED] - hasilComment = getText(findTestObject("Make Appointment/isi comment")): Text of object 'Object Repository/Make Appointment/isi comment' is: 'a Great Job'

2023-08-25 09:56:21 - [MESSAGE][PASSED] - Text of object 'Object Repository/Make Appointment/isi comment' is: 'a Great Job'

2023-08-25 09:56:21 - [TEST_STEP][PASSED] - assert toString().equalsIgnoreCase(facility): null

2023-08-25 09:56:21 - [TEST_STEP][PASSED] - assert toString().equalsIgnoreCase(hospital_readmission): null

2023-08-25 09:56:21 - [TEST_STEP][PASSED] - assert toString().equalsIgnoreCase(healthcare_program): null

2023-08-25 09:56:21 - [TEST_STEP][PASSED] - assert toString().equalsIgnoreCase(visit_date): null

2023-08-25 09:56:21 - [TEST_STEP][PASSED] - assert toString().equalsIgnoreCase(comment): null]]></system-out>
         <system-err><![CDATA[]]></system-err>
      </testcase>
      <system-out><![CDATA[2023-08-25 09:55:17 - [TEST_SUITE][PASSED] - Test Suite APPOINTMENT: Test Cases/Appointment/Test Case 2.1 (Versi Dinamis)]]></system-out>
      <system-err><![CDATA[]]></system-err>
   </testsuite>
</testsuites>
