<?xml version="1.0" encoding="UTF-8"?>
<testsuites name="M8" time="615.748" tests="27" failures="5" errors="1">
   <testsuite name="M8" tests="27" failures="5" errors="1" time="615.748" skipped="0" timestamp="2023-09-06 08:54:06" hostname="ASUS - DESKTOP-MRD68AC" id="Test Suites/M8">
      <properties>
         <property name="deviceName" value=""/>
         <property name="devicePlatform" value=""/>
         <property name="logFolder" value="D:\\xsis\\batch-324-qa\\bagus\\Mini Project HRS\\Reports\\20230906_085357\\M8\\20230906_085357"/>
         <property name="logFiles" value="D:\\xsis\\batch-324-qa\\bagus\\Mini Project HRS\\Reports\\20230906_085357\\M8\\20230906_085357\\execution0.log"/>
         <property name="attachments" value="D:\\xsis\\batch-324-qa\\bagus\\Mini Project HRS\\Reports\\20230906_085357\\M8\\20230906_085357\\1693965693023.png, D:\\xsis\\batch-324-qa\\bagus\\Mini Project HRS\\Reports\\20230906_085357\\M8\\20230906_085357\\1693965720751.png, D:\\xsis\\batch-324-qa\\bagus\\Mini Project HRS\\Reports\\20230906_085357\\M8\\20230906_085357\\1693965776300.png, D:\\xsis\\batch-324-qa\\bagus\\Mini Project HRS\\Reports\\20230906_085357\\M8\\20230906_085357\\1693965834522.png, D:\\xsis\\batch-324-qa\\bagus\\Mini Project HRS\\Reports\\20230906_085357\\M8\\20230906_085357\\1693965834750.png, D:\\xsis\\batch-324-qa\\bagus\\Mini Project HRS\\Reports\\20230906_085357\\M8\\20230906_085357\\1693965861789.png"/>
         <property name="hostName" value="ASUS - DESKTOP-MRD68AC"/>
         <property name="os" value="Windows 10 64bit"/>
         <property name="katalonVersion" value="8.6.5.208"/>
         <property name="browser" value="Edge Chromium 116"/>
         <property name="hostAddress" value="10.9.2.26"/>
         <property name="sessionId" value="568e9a16cd1921d1089457b22f4a9ba4"/>
         <property name="seleniumVersion" value="3.141.59"/>
         <property name="proxyInformation" value="ProxyInformation { proxyOption=NO_PROXY, proxyServerType=HTTP, username=, password=********, proxyServerAddress=, proxyServerPort=0, executionList=&quot;&quot;, isApplyToDesiredCapabilities=true }"/>
         <property name="platform" value="Windows 10"/>
      </properties>
      <testcase name="Test Cases/M08 - Employees - List and Add Employees/M08 - Employees - List and Add Employees - 001" time="10.935" classname="Test Cases/M08 - Employees - List and Add Employees/M08 - Employees - List and Add Employees - 001" status="PASSED">
         <system-out><![CDATA[2023-09-06 08:54:06 - [TEST_CASE][PASSED] - Test Cases/M08 - Employees - List and Add Employees/M08 - Employees - List and Add Employees - 001: Test Cases/M08 - Employees - List and Add Employees/M08 - Employees - List and Add Employees - 001

2023-09-06 08:54:07 - [TEST_STEP][PASSED] - openBrowser(url): Browser is opened with url: 'https://10.9.2.63/hrsystem/'

2023-09-06 08:54:07 - [MESSAGE][INFO] - Starting 'Edge Chromium' driver

2023-09-06 08:54:07 - [MESSAGE][INFO] - User set preference: ['acceptInsecureCerts', 'true']

2023-09-06 08:54:09 - [MESSAGE][INFO] - Action delay is set to 0 milliseconds

2023-09-06 08:54:12 - [MESSAGE][PASSED] - Browser is opened with url: 'https://10.9.2.63/hrsystem/'

2023-09-06 08:54:12 - [TEST_STEP][PASSED] - maximizeWindow(): Current window maximized

2023-09-06 08:54:12 - [MESSAGE][PASSED] - Current window maximized

2023-09-06 08:54:12 - [TEST_STEP][PASSED] - setText(findTestObject("Master/input_email"), email): Text 'superadmin@mail.com' is set on object 'Object Repository/Master/input_email'

2023-09-06 08:54:13 - [MESSAGE][PASSED] - Text 'superadmin@mail.com' is set on object 'Object Repository/Master/input_email'

2023-09-06 08:54:13 - [TEST_STEP][PASSED] - setEncryptedText(findTestObject("Master/input_password"), pass): Text ****** has been set on object 'Object Repository/Master/input_password'

2023-09-06 08:54:14 - [MESSAGE][PASSED] - Text ****** has been set on object 'Object Repository/Master/input_password'

2023-09-06 08:54:14 - [TEST_STEP][PASSED] - click(findTestObject("Master/button_login")): Object: 'Object Repository/Master/button_login' is clicked on

2023-09-06 08:54:17 - [MESSAGE][PASSED] - Object: 'Object Repository/Master/button_login' is clicked on

2023-09-06 08:54:17 - [TEST_STEP][PASSED] - verifyElementPresent(findTestObject("Master/dashboard"), 0): Object 'Object Repository/Master/dashboard' is present

2023-09-06 08:54:17 - [MESSAGE][WARNING] - Timeout '0' is invalid. Using default page load timeout: '30'

2023-09-06 08:54:17 - [MESSAGE][PASSED] - Object 'Object Repository/Master/dashboard' is present]]></system-out>
         <system-err><![CDATA[]]></system-err>
      </testcase>
      <testcase name="Test Cases/M08 - Employees - List and Add Employees/M08 - Employees - List and Add Employees - 002" time="11.265" classname="Test Cases/M08 - Employees - List and Add Employees/M08 - Employees - List and Add Employees - 002" status="PASSED">
         <system-out><![CDATA[2023-09-06 08:54:17 - [TEST_CASE][PASSED] - Test Cases/M08 - Employees - List and Add Employees/M08 - Employees - List and Add Employees - 002: Test Cases/M08 - Employees - List and Add Employees/M08 - Employees - List and Add Employees - 002

2023-09-06 08:54:17 - [TEST_STEP][PASSED] - callTestCase(findTestCase("M08 - Employees - List and Add Employees/M08 - Employees - List and Add Employees - 001"), ["email":"superadmin@mail.com", "pass":"p4y+y39Ir5Pc2g9xt3QkeQ=="], STOP_ON_FAILURE): Call Test Case 'Test Cases/M08 - Employees - List and Add Employees/M08 - Employees - List and Add Employees - 001' successfully

2023-09-06 08:54:18 - [TEST_CASE][PASSED] - Test Cases/M08 - Employees - List and Add Employees/M08 - Employees - List and Add Employees - 001: Test Cases/M08 - Employees - List and Add Employees/M08 - Employees - List and Add Employees - 001

2023-09-06 08:54:18 - [TEST_STEP][PASSED] - openBrowser(url): Browser is opened with url: 'https://10.9.2.63/hrsystem/'

2023-09-06 08:54:18 - [MESSAGE][WARNING] - A browser is already opened. Closing browser and opening a new one

2023-09-06 08:54:18 - [MESSAGE][INFO] - Starting 'Edge Chromium' driver

2023-09-06 08:54:18 - [MESSAGE][INFO] - User set preference: ['acceptInsecureCerts', 'true']

2023-09-06 08:54:21 - [MESSAGE][INFO] - Action delay is set to 0 milliseconds

2023-09-06 08:54:23 - [MESSAGE][PASSED] - Browser is opened with url: 'https://10.9.2.63/hrsystem/'

2023-09-06 08:54:23 - [TEST_STEP][PASSED] - maximizeWindow(): Current window maximized

2023-09-06 08:54:23 - [MESSAGE][PASSED] - Current window maximized

2023-09-06 08:54:23 - [TEST_STEP][PASSED] - setText(findTestObject("Master/input_email"), email): Text 'superadmin@mail.com' is set on object 'Object Repository/Master/input_email'

2023-09-06 08:54:24 - [MESSAGE][PASSED] - Text 'superadmin@mail.com' is set on object 'Object Repository/Master/input_email'

2023-09-06 08:54:24 - [TEST_STEP][PASSED] - setEncryptedText(findTestObject("Master/input_password"), pass): Text ****** has been set on object 'Object Repository/Master/input_password'

2023-09-06 08:54:25 - [MESSAGE][PASSED] - Text ****** has been set on object 'Object Repository/Master/input_password'

2023-09-06 08:54:25 - [TEST_STEP][PASSED] - click(findTestObject("Master/button_login")): Object: 'Object Repository/Master/button_login' is clicked on

2023-09-06 08:54:25 - [MESSAGE][PASSED] - Object: 'Object Repository/Master/button_login' is clicked on

2023-09-06 08:54:25 - [TEST_STEP][PASSED] - verifyElementPresent(findTestObject("Master/dashboard"), 0): Object 'Object Repository/Master/dashboard' is present

2023-09-06 08:54:26 - [MESSAGE][WARNING] - Timeout '0' is invalid. Using default page load timeout: '30'

2023-09-06 08:54:26 - [MESSAGE][PASSED] - Object 'Object Repository/Master/dashboard' is present

2023-09-06 08:54:26 - [MESSAGE][PASSED] - Call Test Case 'Test Cases/M08 - Employees - List and Add Employees/M08 - Employees - List and Add Employees - 001' successfully

2023-09-06 08:54:26 - [TEST_STEP][PASSED] - click(findTestObject("Edit Employee Experience/employee_sidebar")): Object: 'Object Repository/Edit Employee Experience/employee_sidebar' is clicked on

2023-09-06 08:54:27 - [MESSAGE][PASSED] - Object: 'Object Repository/Edit Employee Experience/employee_sidebar' is clicked on

2023-09-06 08:54:27 - [TEST_STEP][PASSED] - click(findTestObject("Edit Employee Experience/dropdown_employee")): Object: 'Object Repository/Edit Employee Experience/dropdown_employee' is clicked on

2023-09-06 08:54:28 - [MESSAGE][PASSED] - Object: 'Object Repository/Edit Employee Experience/dropdown_employee' is clicked on

2023-09-06 08:54:28 - [TEST_STEP][PASSED] - verifyElementPresent(findTestObject("Edit Employee Experience/title_Employee"), 0): Object 'Object Repository/Edit Employee Experience/title_Employee' is present

2023-09-06 08:54:28 - [MESSAGE][WARNING] - Timeout '0' is invalid. Using default page load timeout: '30'

2023-09-06 08:54:28 - [MESSAGE][PASSED] - Object 'Object Repository/Edit Employee Experience/title_Employee' is present]]></system-out>
         <system-err><![CDATA[]]></system-err>
      </testcase>
      <testcase name="Test Cases/M08 - Employees - List and Add Employees/M08 - Employees - List and Add Employees - 003" time="12.533" classname="Test Cases/M08 - Employees - List and Add Employees/M08 - Employees - List and Add Employees - 003" status="PASSED">
         <system-out><![CDATA[2023-09-06 08:54:28 - [TEST_CASE][PASSED] - Test Cases/M08 - Employees - List and Add Employees/M08 - Employees - List and Add Employees - 003: Test Cases/M08 - Employees - List and Add Employees/M08 - Employees - List and Add Employees - 003

2023-09-06 08:54:29 - [TEST_STEP][PASSED] - callTestCase(findTestCase("M08 - Employees - List and Add Employees/M08 - Employees - List and Add Employees - 002"), [:], STOP_ON_FAILURE): Call Test Case 'Test Cases/M08 - Employees - List and Add Employees/M08 - Employees - List and Add Employees - 002' successfully

2023-09-06 08:54:29 - [TEST_CASE][PASSED] - Test Cases/M08 - Employees - List and Add Employees/M08 - Employees - List and Add Employees - 002: Test Cases/M08 - Employees - List and Add Employees/M08 - Employees - List and Add Employees - 002

2023-09-06 08:54:29 - [TEST_STEP][PASSED] - callTestCase(findTestCase("M08 - Employees - List and Add Employees/M08 - Employees - List and Add Employees - 001"), ["email":"superadmin@mail.com", "pass":"p4y+y39Ir5Pc2g9xt3QkeQ=="], STOP_ON_FAILURE): Call Test Case 'Test Cases/M08 - Employees - List and Add Employees/M08 - Employees - List and Add Employees - 001' successfully

2023-09-06 08:54:29 - [TEST_CASE][PASSED] - Test Cases/M08 - Employees - List and Add Employees/M08 - Employees - List and Add Employees - 001: Test Cases/M08 - Employees - List and Add Employees/M08 - Employees - List and Add Employees - 001

2023-09-06 08:54:29 - [TEST_STEP][PASSED] - openBrowser(url): Browser is opened with url: 'https://10.9.2.63/hrsystem/'

2023-09-06 08:54:29 - [MESSAGE][WARNING] - A browser is already opened. Closing browser and opening a new one

2023-09-06 08:54:30 - [MESSAGE][INFO] - Starting 'Edge Chromium' driver

2023-09-06 08:54:30 - [MESSAGE][INFO] - User set preference: ['acceptInsecureCerts', 'true']

2023-09-06 08:54:32 - [MESSAGE][INFO] - Action delay is set to 0 milliseconds

2023-09-06 08:54:33 - [MESSAGE][PASSED] - Browser is opened with url: 'https://10.9.2.63/hrsystem/'

2023-09-06 08:54:33 - [TEST_STEP][PASSED] - maximizeWindow(): Current window maximized

2023-09-06 08:54:34 - [MESSAGE][PASSED] - Current window maximized

2023-09-06 08:54:34 - [TEST_STEP][PASSED] - setText(findTestObject("Master/input_email"), email): Text 'superadmin@mail.com' is set on object 'Object Repository/Master/input_email'

2023-09-06 08:54:34 - [MESSAGE][PASSED] - Text 'superadmin@mail.com' is set on object 'Object Repository/Master/input_email'

2023-09-06 08:54:34 - [TEST_STEP][PASSED] - setEncryptedText(findTestObject("Master/input_password"), pass): Text ****** has been set on object 'Object Repository/Master/input_password'

2023-09-06 08:54:35 - [MESSAGE][PASSED] - Text ****** has been set on object 'Object Repository/Master/input_password'

2023-09-06 08:54:35 - [TEST_STEP][PASSED] - click(findTestObject("Master/button_login")): Object: 'Object Repository/Master/button_login' is clicked on

2023-09-06 08:54:37 - [MESSAGE][PASSED] - Object: 'Object Repository/Master/button_login' is clicked on

2023-09-06 08:54:37 - [TEST_STEP][PASSED] - verifyElementPresent(findTestObject("Master/dashboard"), 0): Object 'Object Repository/Master/dashboard' is present

2023-09-06 08:54:37 - [MESSAGE][WARNING] - Timeout '0' is invalid. Using default page load timeout: '30'

2023-09-06 08:54:38 - [MESSAGE][PASSED] - Object 'Object Repository/Master/dashboard' is present

2023-09-06 08:54:38 - [MESSAGE][PASSED] - Call Test Case 'Test Cases/M08 - Employees - List and Add Employees/M08 - Employees - List and Add Employees - 001' successfully

2023-09-06 08:54:38 - [TEST_STEP][PASSED] - click(findTestObject("Edit Employee Experience/employee_sidebar")): Object: 'Object Repository/Edit Employee Experience/employee_sidebar' is clicked on

2023-09-06 08:54:38 - [MESSAGE][PASSED] - Object: 'Object Repository/Edit Employee Experience/employee_sidebar' is clicked on

2023-09-06 08:54:38 - [TEST_STEP][PASSED] - click(findTestObject("Edit Employee Experience/dropdown_employee")): Object: 'Object Repository/Edit Employee Experience/dropdown_employee' is clicked on

2023-09-06 08:54:39 - [MESSAGE][PASSED] - Object: 'Object Repository/Edit Employee Experience/dropdown_employee' is clicked on

2023-09-06 08:54:39 - [TEST_STEP][PASSED] - verifyElementPresent(findTestObject("Edit Employee Experience/title_Employee"), 0): Object 'Object Repository/Edit Employee Experience/title_Employee' is present

2023-09-06 08:54:39 - [MESSAGE][WARNING] - Timeout '0' is invalid. Using default page load timeout: '30'

2023-09-06 08:54:40 - [MESSAGE][PASSED] - Object 'Object Repository/Edit Employee Experience/title_Employee' is present

2023-09-06 08:54:40 - [MESSAGE][PASSED] - Call Test Case 'Test Cases/M08 - Employees - List and Add Employees/M08 - Employees - List and Add Employees - 002' successfully

2023-09-06 08:54:40 - [TEST_STEP][PASSED] - click(findTestObject("Add Employee/button_add_employee")): Object: 'Object Repository/Add Employee/button_add_employee' is clicked on

2023-09-06 08:54:40 - [MESSAGE][PASSED] - Object: 'Object Repository/Add Employee/button_add_employee' is clicked on

2023-09-06 08:54:40 - [TEST_STEP][PASSED] - verifyElementPresent(findTestObject("Add Employee/title_Employee List"), 0): Object 'Object Repository/Add Employee/title_Employee List' is present

2023-09-06 08:54:40 - [MESSAGE][WARNING] - Timeout '0' is invalid. Using default page load timeout: '30'

2023-09-06 08:54:41 - [MESSAGE][PASSED] - Object 'Object Repository/Add Employee/title_Employee List' is present]]></system-out>
         <system-err><![CDATA[]]></system-err>
      </testcase>
      <testcase name="Test Cases/M08 - Employees - List and Add Employees/M08 - Employees - List and Add Employees - 004" time="45.364" classname="Test Cases/M08 - Employees - List and Add Employees/M08 - Employees - List and Add Employees - 004" status="PASSED">
         <system-out><![CDATA[2023-09-06 08:54:41 - [TEST_CASE][PASSED] - Test Cases/M08 - Employees - List and Add Employees/M08 - Employees - List and Add Employees - 004: Test Cases/M08 - Employees - List and Add Employees/M08 - Employees - List and Add Employees - 004

2023-09-06 08:54:41 - [TEST_STEP][PASSED] - callTestCase(findTestCase("M08 - Employees - List and Add Employees/M08 - Employees - List and Add Employees - 003"), [:], STOP_ON_FAILURE): Call Test Case 'Test Cases/M08 - Employees - List and Add Employees/M08 - Employees - List and Add Employees - 003' successfully

2023-09-06 08:54:41 - [TEST_CASE][PASSED] - Test Cases/M08 - Employees - List and Add Employees/M08 - Employees - List and Add Employees - 003: Test Cases/M08 - Employees - List and Add Employees/M08 - Employees - List and Add Employees - 003

2023-09-06 08:54:41 - [TEST_STEP][PASSED] - callTestCase(findTestCase("M08 - Employees - List and Add Employees/M08 - Employees - List and Add Employees - 002"), [:], STOP_ON_FAILURE): Call Test Case 'Test Cases/M08 - Employees - List and Add Employees/M08 - Employees - List and Add Employees - 002' successfully

2023-09-06 08:54:41 - [TEST_CASE][PASSED] - Test Cases/M08 - Employees - List and Add Employees/M08 - Employees - List and Add Employees - 002: Test Cases/M08 - Employees - List and Add Employees/M08 - Employees - List and Add Employees - 002

2023-09-06 08:54:41 - [TEST_STEP][PASSED] - callTestCase(findTestCase("M08 - Employees - List and Add Employees/M08 - Employees - List and Add Employees - 001"), ["email":"superadmin@mail.com", "pass":"p4y+y39Ir5Pc2g9xt3QkeQ=="], STOP_ON_FAILURE): Call Test Case 'Test Cases/M08 - Employees - List and Add Employees/M08 - Employees - List and Add Employees - 001' successfully

2023-09-06 08:54:42 - [TEST_CASE][PASSED] - Test Cases/M08 - Employees - List and Add Employees/M08 - Employees - List and Add Employees - 001: Test Cases/M08 - Employees - List and Add Employees/M08 - Employees - List and Add Employees - 001

2023-09-06 08:54:42 - [TEST_STEP][PASSED] - openBrowser(url): Browser is opened with url: 'https://10.9.2.63/hrsystem/'

2023-09-06 08:54:42 - [MESSAGE][WARNING] - A browser is already opened. Closing browser and opening a new one

2023-09-06 08:54:42 - [MESSAGE][INFO] - Starting 'Edge Chromium' driver

2023-09-06 08:54:42 - [MESSAGE][INFO] - User set preference: ['acceptInsecureCerts', 'true']

2023-09-06 08:54:45 - [MESSAGE][INFO] - Action delay is set to 0 milliseconds

2023-09-06 08:54:46 - [MESSAGE][PASSED] - Browser is opened with url: 'https://10.9.2.63/hrsystem/'

2023-09-06 08:54:46 - [TEST_STEP][PASSED] - maximizeWindow(): Current window maximized

2023-09-06 08:54:46 - [MESSAGE][PASSED] - Current window maximized

2023-09-06 08:54:46 - [TEST_STEP][PASSED] - setText(findTestObject("Master/input_email"), email): Text 'superadmin@mail.com' is set on object 'Object Repository/Master/input_email'

2023-09-06 08:54:47 - [MESSAGE][PASSED] - Text 'superadmin@mail.com' is set on object 'Object Repository/Master/input_email'

2023-09-06 08:54:47 - [TEST_STEP][PASSED] - setEncryptedText(findTestObject("Master/input_password"), pass): Text ****** has been set on object 'Object Repository/Master/input_password'

2023-09-06 08:54:48 - [MESSAGE][PASSED] - Text ****** has been set on object 'Object Repository/Master/input_password'

2023-09-06 08:54:48 - [TEST_STEP][PASSED] - click(findTestObject("Master/button_login")): Object: 'Object Repository/Master/button_login' is clicked on

2023-09-06 08:54:50 - [MESSAGE][PASSED] - Object: 'Object Repository/Master/button_login' is clicked on

2023-09-06 08:54:50 - [TEST_STEP][PASSED] - verifyElementPresent(findTestObject("Master/dashboard"), 0): Object 'Object Repository/Master/dashboard' is present

2023-09-06 08:54:50 - [MESSAGE][WARNING] - Timeout '0' is invalid. Using default page load timeout: '30'

2023-09-06 08:54:50 - [MESSAGE][PASSED] - Object 'Object Repository/Master/dashboard' is present

2023-09-06 08:54:50 - [MESSAGE][PASSED] - Call Test Case 'Test Cases/M08 - Employees - List and Add Employees/M08 - Employees - List and Add Employees - 001' successfully

2023-09-06 08:54:50 - [TEST_STEP][PASSED] - click(findTestObject("Edit Employee Experience/employee_sidebar")): Object: 'Object Repository/Edit Employee Experience/employee_sidebar' is clicked on

2023-09-06 08:54:51 - [MESSAGE][PASSED] - Object: 'Object Repository/Edit Employee Experience/employee_sidebar' is clicked on

2023-09-06 08:54:51 - [TEST_STEP][PASSED] - click(findTestObject("Edit Employee Experience/dropdown_employee")): Object: 'Object Repository/Edit Employee Experience/dropdown_employee' is clicked on

2023-09-06 08:54:52 - [MESSAGE][PASSED] - Object: 'Object Repository/Edit Employee Experience/dropdown_employee' is clicked on

2023-09-06 08:54:52 - [TEST_STEP][PASSED] - verifyElementPresent(findTestObject("Edit Employee Experience/title_Employee"), 0): Object 'Object Repository/Edit Employee Experience/title_Employee' is present

2023-09-06 08:54:52 - [MESSAGE][WARNING] - Timeout '0' is invalid. Using default page load timeout: '30'

2023-09-06 08:54:52 - [MESSAGE][PASSED] - Object 'Object Repository/Edit Employee Experience/title_Employee' is present

2023-09-06 08:54:52 - [MESSAGE][PASSED] - Call Test Case 'Test Cases/M08 - Employees - List and Add Employees/M08 - Employees - List and Add Employees - 002' successfully

2023-09-06 08:54:52 - [TEST_STEP][PASSED] - click(findTestObject("Add Employee/button_add_employee")): Object: 'Object Repository/Add Employee/button_add_employee' is clicked on

2023-09-06 08:54:53 - [MESSAGE][PASSED] - Object: 'Object Repository/Add Employee/button_add_employee' is clicked on

2023-09-06 08:54:53 - [TEST_STEP][PASSED] - verifyElementPresent(findTestObject("Add Employee/title_Employee List"), 0): Object 'Object Repository/Add Employee/title_Employee List' is present

2023-09-06 08:54:53 - [MESSAGE][WARNING] - Timeout '0' is invalid. Using default page load timeout: '30'

2023-09-06 08:54:54 - [MESSAGE][PASSED] - Object 'Object Repository/Add Employee/title_Employee List' is present

2023-09-06 08:54:54 - [MESSAGE][PASSED] - Call Test Case 'Test Cases/M08 - Employees - List and Add Employees/M08 - Employees - List and Add Employees - 003' successfully

2023-09-06 08:54:54 - [TEST_STEP][PASSED] - setText(findTestObject("Add Employee/input_first_name"), "Aan"): Text 'Aan' is set on object 'Object Repository/Add Employee/input_first_name'

2023-09-06 08:54:54 - [MESSAGE][PASSED] - Text 'Aan' is set on object 'Object Repository/Add Employee/input_first_name'

2023-09-06 08:54:54 - [TEST_STEP][PASSED] - first_name = getAttribute(findTestObject("Add Employee/input_first_name"), "value"): Attribute 'value' of object 'Object Repository/Add Employee/input_first_name' is: 'Aan'

2023-09-06 08:54:55 - [MESSAGE][PASSED] - Attribute 'value' of object 'Object Repository/Add Employee/input_first_name' is: 'Aan'

2023-09-06 08:54:55 - [TEST_STEP][PASSED] - setText(findTestObject("Add Employee/input_last_name"), "Aan"): Text 'Aan' is set on object 'Object Repository/Add Employee/input_last_name'

2023-09-06 08:54:56 - [MESSAGE][PASSED] - Text 'Aan' is set on object 'Object Repository/Add Employee/input_last_name'

2023-09-06 08:54:56 - [TEST_STEP][PASSED] - last_name = getAttribute(findTestObject("Add Employee/input_last_name"), "value"): Attribute 'value' of object 'Object Repository/Add Employee/input_last_name' is: 'Aan'

2023-09-06 08:54:56 - [MESSAGE][PASSED] - Attribute 'value' of object 'Object Repository/Add Employee/input_last_name' is: 'Aan'

2023-09-06 08:54:56 - [TEST_STEP][PASSED] - full_name = first_name + " " + last_name: null

2023-09-06 08:54:56 - [TEST_STEP][PASSED] - println(full_name): null

2023-09-06 08:54:56 - [TEST_STEP][PASSED] - setText(findTestObject("Spy Add Employee/input_Employee Code_eid"), "01"): Text '01' is set on object 'Object Repository/Spy Add Employee/input_Employee Code_eid'

2023-09-06 08:54:57 - [MESSAGE][PASSED] - Text '01' is set on object 'Object Repository/Spy Add Employee/input_Employee Code_eid'

2023-09-06 08:54:57 - [TEST_STEP][PASSED] - code = getAttribute(findTestObject("Spy Add Employee/input_Employee Code_eid"), "value"): Attribute 'value' of object 'Object Repository/Spy Add Employee/input_Employee Code_eid' is: '01'

2023-09-06 08:54:57 - [MESSAGE][PASSED] - Attribute 'value' of object 'Object Repository/Spy Add Employee/input_Employee Code_eid' is: '01'

2023-09-06 08:54:57 - [TEST_STEP][PASSED] - selectOptionByValue(findTestObject("Spy Add Employee/select_department"), "3", false): All options with value '3' are selected in object 'Object Repository/Spy Add Employee/select_department' 

2023-09-06 08:54:58 - [MESSAGE][PASSED] - All options with value '3' are selected in object 'Object Repository/Spy Add Employee/select_department' 

2023-09-06 08:54:58 - [TEST_STEP][PASSED] - selectOptionByValue(findTestObject("Spy Add Employee/select_designation"), "5", false): All options with value '5' are selected in object 'Object Repository/Spy Add Employee/select_designation' 

2023-09-06 08:54:59 - [MESSAGE][PASSED] - All options with value '5' are selected in object 'Object Repository/Spy Add Employee/select_designation' 

2023-09-06 08:54:59 - [TEST_STEP][PASSED] - selectOptionByValue(findTestObject("Spy Add Employee/select_role"), "EMPLOYEE", false): All options with value 'EMPLOYEE' are selected in object 'Object Repository/Spy Add Employee/select_role' 

2023-09-06 08:55:00 - [MESSAGE][PASSED] - All options with value 'EMPLOYEE' are selected in object 'Object Repository/Spy Add Employee/select_role' 

2023-09-06 08:55:00 - [TEST_STEP][PASSED] - role = getAttribute(findTestObject("new/select_role"), "value"): Attribute 'value' of object 'Object Repository/new/select_role' is: 'EMPLOYEE'

2023-09-06 08:55:01 - [MESSAGE][PASSED] - Attribute 'value' of object 'Object Repository/new/select_role' is: 'EMPLOYEE'

2023-09-06 08:55:01 - [TEST_STEP][PASSED] - println(role): null

2023-09-06 08:55:01 - [TEST_STEP][PASSED] - selectOptionByValue(findTestObject("Spy Add Employee/select_gender"), "MALE", false): All options with value 'MALE' are selected in object 'Object Repository/Spy Add Employee/select_gender' 

2023-09-06 08:55:01 - [MESSAGE][PASSED] - All options with value 'MALE' are selected in object 'Object Repository/Spy Add Employee/select_gender' 

2023-09-06 08:55:01 - [TEST_STEP][PASSED] - selectOptionByValue(findTestObject("Spy Add Employee/select_blood"), "O+", false): All options with value 'O+' are selected in object 'Object Repository/Spy Add Employee/select_blood' 

2023-09-06 08:55:02 - [MESSAGE][PASSED] - All options with value 'O+' are selected in object 'Object Repository/Spy Add Employee/select_blood' 

2023-09-06 08:55:02 - [TEST_STEP][PASSED] - setText(findTestObject("new/input_NID_nid"), "0987654321"): Text '0987654321' is set on object 'Object Repository/new/input_NID_nid'

2023-09-06 08:55:03 - [MESSAGE][PASSED] - Text '0987654321' is set on object 'Object Repository/new/input_NID_nid'

2023-09-06 08:55:03 - [TEST_STEP][PASSED] - setText(findTestObject("new/input_Contact Number_contact"), "089878987656"): Text '089878987656' is set on object 'Object Repository/new/input_Contact Number_contact'

2023-09-06 08:55:04 - [MESSAGE][PASSED] - Text '089878987656' is set on object 'Object Repository/new/input_Contact Number_contact'

2023-09-06 08:55:04 - [TEST_STEP][PASSED] - contact = getAttribute(findTestObject("new/input_Contact Number_contact"), "value"): Attribute 'value' of object 'Object Repository/new/input_Contact Number_contact' is: '089878987656'

2023-09-06 08:55:05 - [MESSAGE][PASSED] - Attribute 'value' of object 'Object Repository/new/input_Contact Number_contact' is: '089878987656'

2023-09-06 08:55:05 - [TEST_STEP][PASSED] - setText(findTestObject("new/input_Date Of Birth_dob"), "10/10/2000"): Text '10/10/2000' is set on object 'Object Repository/new/input_Date Of Birth_dob'

2023-09-06 08:55:06 - [MESSAGE][PASSED] - Text '10/10/2000' is set on object 'Object Repository/new/input_Date Of Birth_dob'

2023-09-06 08:55:06 - [TEST_STEP][PASSED] - setText(findTestObject("new/input_Date Of Joining_joindate"), "20/12/2020"): Text '20/12/2020' is set on object 'Object Repository/new/input_Date Of Joining_joindate'

2023-09-06 08:55:07 - [MESSAGE][PASSED] - Text '20/12/2020' is set on object 'Object Repository/new/input_Date Of Joining_joindate'

2023-09-06 08:55:07 - [TEST_STEP][PASSED] - setText(findTestObject("new/input_Date Of Leaving_leavedate"), "10/12/2020"): Text '10/12/2020' is set on object 'Object Repository/new/input_Date Of Leaving_leavedate'

2023-09-06 08:55:08 - [MESSAGE][PASSED] - Text '10/12/2020' is set on object 'Object Repository/new/input_Date Of Leaving_leavedate'

2023-09-06 08:55:08 - [TEST_STEP][PASSED] - setText(findTestObject("new/input_Username_username"), "vinniv"): Text 'vinniv' is set on object 'Object Repository/new/input_Username_username'

2023-09-06 08:55:08 - [MESSAGE][PASSED] - Text 'vinniv' is set on object 'Object Repository/new/input_Username_username'

2023-09-06 08:55:08 - [TEST_STEP][PASSED] - setText(findTestObject("new/input_Email_email"), "aanaan@email.com"): Text 'aanaan@email.com' is set on object 'Object Repository/new/input_Email_email'

2023-09-06 08:55:09 - [MESSAGE][PASSED] - Text 'aanaan@email.com' is set on object 'Object Repository/new/input_Email_email'

2023-09-06 08:55:09 - [TEST_STEP][PASSED] - email = getAttribute(findTestObject("new/input_Email_email"), "value"): Attribute 'value' of object 'Object Repository/new/input_Email_email' is: 'aanaan@email.com'

2023-09-06 08:55:10 - [MESSAGE][PASSED] - Attribute 'value' of object 'Object Repository/new/input_Email_email' is: 'aanaan@email.com'

2023-09-06 08:55:10 - [TEST_STEP][PASSED] - uploadFile(findTestObject("new/input_Image_image_url"), "C:\Users\ASUS\Downloads\images.jpg"): File 'C:\Users\ASUS\Downloads\images.jpg' sent to object: 'Object Repository/new/input_Image_image_url'

2023-09-06 08:55:10 - [MESSAGE][PASSED] - File 'C:\Users\ASUS\Downloads\images.jpg' sent to object: 'Object Repository/new/input_Image_image_url'

2023-09-06 08:55:10 - [TEST_STEP][PASSED] - click(findTestObject("Add Employee/button_save")): Object: 'Object Repository/Add Employee/button_save' is clicked on

2023-09-06 08:55:11 - [MESSAGE][PASSED] - Object: 'Object Repository/Add Employee/button_save' is clicked on

2023-09-06 08:55:11 - [TEST_STEP][PASSED] - delay(7): Delayed 7 second(s)

2023-09-06 08:55:18 - [MESSAGE][PASSED] - Delayed 7 second(s)

2023-09-06 08:55:18 - [TEST_STEP][PASSED] - click(findTestObject("Add Employee/button_Employee List")): Object: 'Object Repository/Add Employee/button_Employee List' is clicked on

2023-09-06 08:55:19 - [MESSAGE][PASSED] - Object: 'Object Repository/Add Employee/button_Employee List' is clicked on

2023-09-06 08:55:19 - [TEST_STEP][PASSED] - delay(5): Delayed 5 second(s)

2023-09-06 08:55:24 - [MESSAGE][PASSED] - Delayed 5 second(s)

2023-09-06 08:55:24 - [TEST_STEP][PASSED] - click(findTestObject("Add Employee/th_Employee Name")): Object: 'Object Repository/Add Employee/th_Employee Name' is clicked on

2023-09-06 08:55:24 - [MESSAGE][PASSED] - Object: 'Object Repository/Add Employee/th_Employee Name' is clicked on

2023-09-06 08:55:24 - [TEST_STEP][PASSED] - table_name = getText(findTestObject("Master/table_employee_name")): Text of object 'Object Repository/Master/table_employee_name' is: 'Aan Aan'

2023-09-06 08:55:25 - [MESSAGE][PASSED] - Text of object 'Object Repository/Master/table_employee_name' is: 'Aan Aan'

2023-09-06 08:55:25 - [TEST_STEP][PASSED] - table_pin = getText(findTestObject("Master/table_pin")): Text of object 'Object Repository/Master/table_pin' is: '01'

2023-09-06 08:55:25 - [MESSAGE][PASSED] - Text of object 'Object Repository/Master/table_pin' is: '01'

2023-09-06 08:55:25 - [TEST_STEP][PASSED] - table_email = getText(findTestObject("Master/table_email")): Text of object 'Object Repository/Master/table_email' is: 'aanaan@email.com'

2023-09-06 08:55:25 - [MESSAGE][PASSED] - Text of object 'Object Repository/Master/table_email' is: 'aanaan@email.com'

2023-09-06 08:55:25 - [TEST_STEP][PASSED] - table_contact = getText(findTestObject("Master/table_contact")): Text of object 'Object Repository/Master/table_contact' is: '089878987656'

2023-09-06 08:55:26 - [MESSAGE][PASSED] - Text of object 'Object Repository/Master/table_contact' is: '089878987656'

2023-09-06 08:55:26 - [TEST_STEP][PASSED] - table_user = getText(findTestObject("Master/table_user_type")): Text of object 'Object Repository/Master/table_user_type' is: 'EMPLOYEE'

2023-09-06 08:55:26 - [MESSAGE][PASSED] - Text of object 'Object Repository/Master/table_user_type' is: 'EMPLOYEE'

2023-09-06 08:55:26 - [TEST_STEP][PASSED] - verifyMatch(table_name, full_name, false): Actual text 'Aan Aan' and expected text 'Aan Aan' are matched 

2023-09-06 08:55:26 - [MESSAGE][PASSED] - Actual text 'Aan Aan' and expected text 'Aan Aan' are matched 

2023-09-06 08:55:26 - [TEST_STEP][PASSED] - verifyMatch(table_pin, code, false): Actual text '01' and expected text '01' are matched 

2023-09-06 08:55:26 - [MESSAGE][PASSED] - Actual text '01' and expected text '01' are matched 

2023-09-06 08:55:26 - [TEST_STEP][PASSED] - verifyMatch(table_email, email, false): Actual text 'aanaan@email.com' and expected text 'aanaan@email.com' are matched 

2023-09-06 08:55:26 - [MESSAGE][PASSED] - Actual text 'aanaan@email.com' and expected text 'aanaan@email.com' are matched 

2023-09-06 08:55:26 - [TEST_STEP][PASSED] - verifyMatch(table_contact, contact, false): Actual text '089878987656' and expected text '089878987656' are matched 

2023-09-06 08:55:26 - [MESSAGE][PASSED] - Actual text '089878987656' and expected text '089878987656' are matched 

2023-09-06 08:55:26 - [TEST_STEP][PASSED] - verifyMatch(table_user, role, false): Actual text 'EMPLOYEE' and expected text 'EMPLOYEE' are matched 

2023-09-06 08:55:26 - [MESSAGE][PASSED] - Actual text 'EMPLOYEE' and expected text 'EMPLOYEE' are matched]]></system-out>
         <system-err><![CDATA[]]></system-err>
      </testcase>
      <testcase name="Test Cases/M08 - Employees - List and Add Employees/M08 - Employees - List and Add Employees - 005" time="14.263" classname="Test Cases/M08 - Employees - List and Add Employees/M08 - Employees - List and Add Employees - 005" status="PASSED">
         <system-out><![CDATA[2023-09-06 08:55:26 - [TEST_CASE][PASSED] - Test Cases/M08 - Employees - List and Add Employees/M08 - Employees - List and Add Employees - 005: Test Cases/M08 - Employees - List and Add Employees/M08 - Employees - List and Add Employees - 005

2023-09-06 08:55:27 - [TEST_STEP][PASSED] - callTestCase(findTestCase("M08 - Employees - List and Add Employees/M08 - Employees - List and Add Employees - 002"), [:], STOP_ON_FAILURE): Call Test Case 'Test Cases/M08 - Employees - List and Add Employees/M08 - Employees - List and Add Employees - 002' successfully

2023-09-06 08:55:27 - [TEST_CASE][PASSED] - Test Cases/M08 - Employees - List and Add Employees/M08 - Employees - List and Add Employees - 002: Test Cases/M08 - Employees - List and Add Employees/M08 - Employees - List and Add Employees - 002

2023-09-06 08:55:27 - [TEST_STEP][PASSED] - callTestCase(findTestCase("M08 - Employees - List and Add Employees/M08 - Employees - List and Add Employees - 001"), ["email":"superadmin@mail.com", "pass":"p4y+y39Ir5Pc2g9xt3QkeQ=="], STOP_ON_FAILURE): Call Test Case 'Test Cases/M08 - Employees - List and Add Employees/M08 - Employees - List and Add Employees - 001' successfully

2023-09-06 08:55:27 - [TEST_CASE][PASSED] - Test Cases/M08 - Employees - List and Add Employees/M08 - Employees - List and Add Employees - 001: Test Cases/M08 - Employees - List and Add Employees/M08 - Employees - List and Add Employees - 001

2023-09-06 08:55:27 - [TEST_STEP][PASSED] - openBrowser(url): Browser is opened with url: 'https://10.9.2.63/hrsystem/'

2023-09-06 08:55:27 - [MESSAGE][WARNING] - A browser is already opened. Closing browser and opening a new one

2023-09-06 08:55:28 - [MESSAGE][INFO] - Starting 'Edge Chromium' driver

2023-09-06 08:55:28 - [MESSAGE][INFO] - User set preference: ['acceptInsecureCerts', 'true']

2023-09-06 08:55:30 - [MESSAGE][INFO] - Action delay is set to 0 milliseconds

2023-09-06 08:55:33 - [MESSAGE][PASSED] - Browser is opened with url: 'https://10.9.2.63/hrsystem/'

2023-09-06 08:55:33 - [TEST_STEP][PASSED] - maximizeWindow(): Current window maximized

2023-09-06 08:55:33 - [MESSAGE][PASSED] - Current window maximized

2023-09-06 08:55:33 - [TEST_STEP][PASSED] - setText(findTestObject("Master/input_email"), email): Text 'superadmin@mail.com' is set on object 'Object Repository/Master/input_email'

2023-09-06 08:55:34 - [MESSAGE][PASSED] - Text 'superadmin@mail.com' is set on object 'Object Repository/Master/input_email'

2023-09-06 08:55:34 - [TEST_STEP][PASSED] - setEncryptedText(findTestObject("Master/input_password"), pass): Text ****** has been set on object 'Object Repository/Master/input_password'

2023-09-06 08:55:35 - [MESSAGE][PASSED] - Text ****** has been set on object 'Object Repository/Master/input_password'

2023-09-06 08:55:35 - [TEST_STEP][PASSED] - click(findTestObject("Master/button_login")): Object: 'Object Repository/Master/button_login' is clicked on

2023-09-06 08:55:36 - [MESSAGE][PASSED] - Object: 'Object Repository/Master/button_login' is clicked on

2023-09-06 08:55:36 - [TEST_STEP][PASSED] - verifyElementPresent(findTestObject("Master/dashboard"), 0): Object 'Object Repository/Master/dashboard' is present

2023-09-06 08:55:36 - [MESSAGE][WARNING] - Timeout '0' is invalid. Using default page load timeout: '30'

2023-09-06 08:55:37 - [MESSAGE][PASSED] - Object 'Object Repository/Master/dashboard' is present

2023-09-06 08:55:37 - [MESSAGE][PASSED] - Call Test Case 'Test Cases/M08 - Employees - List and Add Employees/M08 - Employees - List and Add Employees - 001' successfully

2023-09-06 08:55:37 - [TEST_STEP][PASSED] - click(findTestObject("Edit Employee Experience/employee_sidebar")): Object: 'Object Repository/Edit Employee Experience/employee_sidebar' is clicked on

2023-09-06 08:55:38 - [MESSAGE][PASSED] - Object: 'Object Repository/Edit Employee Experience/employee_sidebar' is clicked on

2023-09-06 08:55:38 - [TEST_STEP][PASSED] - click(findTestObject("Edit Employee Experience/dropdown_employee")): Object: 'Object Repository/Edit Employee Experience/dropdown_employee' is clicked on

2023-09-06 08:55:39 - [MESSAGE][PASSED] - Object: 'Object Repository/Edit Employee Experience/dropdown_employee' is clicked on

2023-09-06 08:55:39 - [TEST_STEP][PASSED] - verifyElementPresent(findTestObject("Edit Employee Experience/title_Employee"), 0): Object 'Object Repository/Edit Employee Experience/title_Employee' is present

2023-09-06 08:55:39 - [MESSAGE][WARNING] - Timeout '0' is invalid. Using default page load timeout: '30'

2023-09-06 08:55:39 - [MESSAGE][PASSED] - Object 'Object Repository/Edit Employee Experience/title_Employee' is present

2023-09-06 08:55:39 - [MESSAGE][PASSED] - Call Test Case 'Test Cases/M08 - Employees - List and Add Employees/M08 - Employees - List and Add Employees - 002' successfully

2023-09-06 08:55:39 - [TEST_STEP][PASSED] - setText(findTestObject("Master/input_search"), "rida"): Text 'rida' is set on object 'Object Repository/Master/input_search'

2023-09-06 08:55:40 - [MESSAGE][PASSED] - Text 'rida' is set on object 'Object Repository/Master/input_search'

2023-09-06 08:55:40 - [TEST_STEP][PASSED] - dataList = findWebElements(findTestObject("Object Repository/Master/row_table_employee"), 10): null

2023-09-06 08:55:41 - [TEST_STEP][PASSED] - for ([i = 0, i < dataList.size(), (i++)]): null

2023-09-06 08:55:41 - [TEST_STEP][PASSED] - employee = get(i).getText(): null

2023-09-06 08:55:41 - [TEST_STEP][PASSED] - if (employee.contains("rida")): null]]></system-out>
         <system-err><![CDATA[]]></system-err>
      </testcase>
      <testcase name="Test Cases/M08 - Employees - List and Add Employees/M08 - Employees - List and Add Employees - 006" time="22.328" classname="Test Cases/M08 - Employees - List and Add Employees/M08 - Employees - List and Add Employees - 006" status="PASSED">
         <system-out><![CDATA[2023-09-06 08:55:41 - [TEST_CASE][PASSED] - Test Cases/M08 - Employees - List and Add Employees/M08 - Employees - List and Add Employees - 006: Test Cases/M08 - Employees - List and Add Employees/M08 - Employees - List and Add Employees - 006

2023-09-06 08:55:41 - [TEST_STEP][PASSED] - callTestCase(findTestCase("M08 - Employees - List and Add Employees/M08 - Employees - List and Add Employees - 002"), [:], STOP_ON_FAILURE): Call Test Case 'Test Cases/M08 - Employees - List and Add Employees/M08 - Employees - List and Add Employees - 002' successfully

2023-09-06 08:55:41 - [TEST_CASE][PASSED] - Test Cases/M08 - Employees - List and Add Employees/M08 - Employees - List and Add Employees - 002: Test Cases/M08 - Employees - List and Add Employees/M08 - Employees - List and Add Employees - 002

2023-09-06 08:55:41 - [TEST_STEP][PASSED] - callTestCase(findTestCase("M08 - Employees - List and Add Employees/M08 - Employees - List and Add Employees - 001"), ["email":"superadmin@mail.com", "pass":"p4y+y39Ir5Pc2g9xt3QkeQ=="], STOP_ON_FAILURE): Call Test Case 'Test Cases/M08 - Employees - List and Add Employees/M08 - Employees - List and Add Employees - 001' successfully

2023-09-06 08:55:41 - [TEST_CASE][PASSED] - Test Cases/M08 - Employees - List and Add Employees/M08 - Employees - List and Add Employees - 001: Test Cases/M08 - Employees - List and Add Employees/M08 - Employees - List and Add Employees - 001

2023-09-06 08:55:41 - [TEST_STEP][PASSED] - openBrowser(url): Browser is opened with url: 'https://10.9.2.63/hrsystem/'

2023-09-06 08:55:41 - [MESSAGE][WARNING] - A browser is already opened. Closing browser and opening a new one

2023-09-06 08:55:42 - [MESSAGE][INFO] - Starting 'Edge Chromium' driver

2023-09-06 08:55:42 - [MESSAGE][INFO] - User set preference: ['acceptInsecureCerts', 'true']

2023-09-06 08:55:44 - [MESSAGE][INFO] - Action delay is set to 0 milliseconds

2023-09-06 08:55:46 - [MESSAGE][PASSED] - Browser is opened with url: 'https://10.9.2.63/hrsystem/'

2023-09-06 08:55:46 - [TEST_STEP][PASSED] - maximizeWindow(): Current window maximized

2023-09-06 08:55:46 - [MESSAGE][PASSED] - Current window maximized

2023-09-06 08:55:46 - [TEST_STEP][PASSED] - setText(findTestObject("Master/input_email"), email): Text 'superadmin@mail.com' is set on object 'Object Repository/Master/input_email'

2023-09-06 08:55:47 - [MESSAGE][PASSED] - Text 'superadmin@mail.com' is set on object 'Object Repository/Master/input_email'

2023-09-06 08:55:47 - [TEST_STEP][PASSED] - setEncryptedText(findTestObject("Master/input_password"), pass): Text ****** has been set on object 'Object Repository/Master/input_password'

2023-09-06 08:55:47 - [MESSAGE][PASSED] - Text ****** has been set on object 'Object Repository/Master/input_password'

2023-09-06 08:55:47 - [TEST_STEP][PASSED] - click(findTestObject("Master/button_login")): Object: 'Object Repository/Master/button_login' is clicked on

2023-09-06 08:55:48 - [MESSAGE][PASSED] - Object: 'Object Repository/Master/button_login' is clicked on

2023-09-06 08:55:48 - [TEST_STEP][PASSED] - verifyElementPresent(findTestObject("Master/dashboard"), 0): Object 'Object Repository/Master/dashboard' is present

2023-09-06 08:55:48 - [MESSAGE][WARNING] - Timeout '0' is invalid. Using default page load timeout: '30'

2023-09-06 08:55:49 - [MESSAGE][PASSED] - Object 'Object Repository/Master/dashboard' is present

2023-09-06 08:55:49 - [MESSAGE][PASSED] - Call Test Case 'Test Cases/M08 - Employees - List and Add Employees/M08 - Employees - List and Add Employees - 001' successfully

2023-09-06 08:55:49 - [TEST_STEP][PASSED] - click(findTestObject("Edit Employee Experience/employee_sidebar")): Object: 'Object Repository/Edit Employee Experience/employee_sidebar' is clicked on

2023-09-06 08:55:49 - [MESSAGE][PASSED] - Object: 'Object Repository/Edit Employee Experience/employee_sidebar' is clicked on

2023-09-06 08:55:49 - [TEST_STEP][PASSED] - click(findTestObject("Edit Employee Experience/dropdown_employee")): Object: 'Object Repository/Edit Employee Experience/dropdown_employee' is clicked on

2023-09-06 08:55:51 - [MESSAGE][PASSED] - Object: 'Object Repository/Edit Employee Experience/dropdown_employee' is clicked on

2023-09-06 08:55:51 - [TEST_STEP][PASSED] - verifyElementPresent(findTestObject("Edit Employee Experience/title_Employee"), 0): Object 'Object Repository/Edit Employee Experience/title_Employee' is present

2023-09-06 08:55:51 - [MESSAGE][WARNING] - Timeout '0' is invalid. Using default page load timeout: '30'

2023-09-06 08:55:51 - [MESSAGE][PASSED] - Object 'Object Repository/Edit Employee Experience/title_Employee' is present

2023-09-06 08:55:51 - [MESSAGE][PASSED] - Call Test Case 'Test Cases/M08 - Employees - List and Add Employees/M08 - Employees - List and Add Employees - 002' successfully

2023-09-06 08:55:51 - [TEST_STEP][PASSED] - click(findTestObject("Add Employee/th_Employee Name")): Object: 'Object Repository/Add Employee/th_Employee Name' is clicked on

2023-09-06 08:55:52 - [MESSAGE][PASSED] - Object: 'Object Repository/Add Employee/th_Employee Name' is clicked on

2023-09-06 08:55:52 - [TEST_STEP][PASSED] - dataList = findWebElements(findTestObject("Object Repository/Master/employee"), 10): Unable to find the element located by 'By.xpath: /html/body/div[2]/div[2]/div[3]/div[2]/div/div/div[2]/div/div/table/tbody/tr/td[1]'. Please recheck the objects properties to make sure the desired element is located. 

2023-09-06 08:56:03 - [MESSAGE][INFO] - Unable to find the element located by 'By.xpath: /html/body/div[2]/div[2]/div[3]/div[2]/div/div/div[2]/div/div/table/tbody/tr/td[1]'. Please recheck the objects properties to make sure the desired element is located. 

2023-09-06 08:56:03 - [TEST_STEP][PASSED] - arrOri = []: null

2023-09-06 08:56:03 - [TEST_STEP][PASSED] - arrSort = []: null

2023-09-06 08:56:03 - [TEST_STEP][PASSED] - for ([i = 0, i < dataList.size(), (i++)]): null

2023-09-06 08:56:03 - [TEST_STEP][PASSED] - Arrays.sort(arrSort): null

2023-09-06 08:56:03 - [TEST_STEP][PASSED] - assert arrOri == arrSort: null]]></system-out>
         <system-err><![CDATA[]]></system-err>
      </testcase>
      <testcase name="Test Cases/M08 - Employees - List and Add Employees/M08 - Employees - List and Add Employees - 007" time="22.097" classname="Test Cases/M08 - Employees - List and Add Employees/M08 - Employees - List and Add Employees - 007" status="PASSED">
         <system-out><![CDATA[2023-09-06 08:56:03 - [TEST_CASE][PASSED] - Test Cases/M08 - Employees - List and Add Employees/M08 - Employees - List and Add Employees - 007: Test Cases/M08 - Employees - List and Add Employees/M08 - Employees - List and Add Employees - 007

2023-09-06 08:56:03 - [TEST_STEP][PASSED] - callTestCase(findTestCase("M08 - Employees - List and Add Employees/M08 - Employees - List and Add Employees - 002"), [:], STOP_ON_FAILURE): Call Test Case 'Test Cases/M08 - Employees - List and Add Employees/M08 - Employees - List and Add Employees - 002' successfully

2023-09-06 08:56:03 - [TEST_CASE][PASSED] - Test Cases/M08 - Employees - List and Add Employees/M08 - Employees - List and Add Employees - 002: Test Cases/M08 - Employees - List and Add Employees/M08 - Employees - List and Add Employees - 002

2023-09-06 08:56:03 - [TEST_STEP][PASSED] - callTestCase(findTestCase("M08 - Employees - List and Add Employees/M08 - Employees - List and Add Employees - 001"), ["email":"superadmin@mail.com", "pass":"p4y+y39Ir5Pc2g9xt3QkeQ=="], STOP_ON_FAILURE): Call Test Case 'Test Cases/M08 - Employees - List and Add Employees/M08 - Employees - List and Add Employees - 001' successfully

2023-09-06 08:56:03 - [TEST_CASE][PASSED] - Test Cases/M08 - Employees - List and Add Employees/M08 - Employees - List and Add Employees - 001: Test Cases/M08 - Employees - List and Add Employees/M08 - Employees - List and Add Employees - 001

2023-09-06 08:56:04 - [TEST_STEP][PASSED] - openBrowser(url): Browser is opened with url: 'https://10.9.2.63/hrsystem/'

2023-09-06 08:56:04 - [MESSAGE][WARNING] - A browser is already opened. Closing browser and opening a new one

2023-09-06 08:56:04 - [MESSAGE][INFO] - Starting 'Edge Chromium' driver

2023-09-06 08:56:04 - [MESSAGE][INFO] - User set preference: ['acceptInsecureCerts', 'true']

2023-09-06 08:56:07 - [MESSAGE][INFO] - Action delay is set to 0 milliseconds

2023-09-06 08:56:08 - [MESSAGE][PASSED] - Browser is opened with url: 'https://10.9.2.63/hrsystem/'

2023-09-06 08:56:08 - [TEST_STEP][PASSED] - maximizeWindow(): Current window maximized

2023-09-06 08:56:08 - [MESSAGE][PASSED] - Current window maximized

2023-09-06 08:56:08 - [TEST_STEP][PASSED] - setText(findTestObject("Master/input_email"), email): Text 'superadmin@mail.com' is set on object 'Object Repository/Master/input_email'

2023-09-06 08:56:09 - [MESSAGE][PASSED] - Text 'superadmin@mail.com' is set on object 'Object Repository/Master/input_email'

2023-09-06 08:56:09 - [TEST_STEP][PASSED] - setEncryptedText(findTestObject("Master/input_password"), pass): Text ****** has been set on object 'Object Repository/Master/input_password'

2023-09-06 08:56:10 - [MESSAGE][PASSED] - Text ****** has been set on object 'Object Repository/Master/input_password'

2023-09-06 08:56:10 - [TEST_STEP][PASSED] - click(findTestObject("Master/button_login")): Object: 'Object Repository/Master/button_login' is clicked on

2023-09-06 08:56:11 - [MESSAGE][PASSED] - Object: 'Object Repository/Master/button_login' is clicked on

2023-09-06 08:56:11 - [TEST_STEP][PASSED] - verifyElementPresent(findTestObject("Master/dashboard"), 0): Object 'Object Repository/Master/dashboard' is present

2023-09-06 08:56:11 - [MESSAGE][WARNING] - Timeout '0' is invalid. Using default page load timeout: '30'

2023-09-06 08:56:12 - [MESSAGE][PASSED] - Object 'Object Repository/Master/dashboard' is present

2023-09-06 08:56:12 - [MESSAGE][PASSED] - Call Test Case 'Test Cases/M08 - Employees - List and Add Employees/M08 - Employees - List and Add Employees - 001' successfully

2023-09-06 08:56:12 - [TEST_STEP][PASSED] - click(findTestObject("Edit Employee Experience/employee_sidebar")): Object: 'Object Repository/Edit Employee Experience/employee_sidebar' is clicked on

2023-09-06 08:56:12 - [MESSAGE][PASSED] - Object: 'Object Repository/Edit Employee Experience/employee_sidebar' is clicked on

2023-09-06 08:56:12 - [TEST_STEP][PASSED] - click(findTestObject("Edit Employee Experience/dropdown_employee")): Object: 'Object Repository/Edit Employee Experience/dropdown_employee' is clicked on

2023-09-06 08:56:13 - [MESSAGE][PASSED] - Object: 'Object Repository/Edit Employee Experience/dropdown_employee' is clicked on

2023-09-06 08:56:13 - [TEST_STEP][PASSED] - verifyElementPresent(findTestObject("Edit Employee Experience/title_Employee"), 0): Object 'Object Repository/Edit Employee Experience/title_Employee' is present

2023-09-06 08:56:13 - [MESSAGE][WARNING] - Timeout '0' is invalid. Using default page load timeout: '30'

2023-09-06 08:56:14 - [MESSAGE][PASSED] - Object 'Object Repository/Edit Employee Experience/title_Employee' is present

2023-09-06 08:56:14 - [MESSAGE][PASSED] - Call Test Case 'Test Cases/M08 - Employees - List and Add Employees/M08 - Employees - List and Add Employees - 002' successfully

2023-09-06 08:56:14 - [TEST_STEP][PASSED] - dataList = findWebElements(findTestObject("Object Repository/Master/pin"), 10): Unable to find the element located by 'By.xpath: /html/body/div[2]/div[2]/div[3]/div[2]/div/div/div[2]/div/div/table/tbody/tr/td[2]'. Please recheck the objects properties to make sure the desired element is located. 

2023-09-06 08:56:25 - [MESSAGE][INFO] - Unable to find the element located by 'By.xpath: /html/body/div[2]/div[2]/div[3]/div[2]/div/div/div[2]/div/div/table/tbody/tr/td[2]'. Please recheck the objects properties to make sure the desired element is located. 

2023-09-06 08:56:25 - [TEST_STEP][PASSED] - arrOri = []: null

2023-09-06 08:56:25 - [TEST_STEP][PASSED] - arrSort = []: null

2023-09-06 08:56:25 - [TEST_STEP][PASSED] - for ([i = 0, i < dataList.size(), (i++)]): null

2023-09-06 08:56:25 - [TEST_STEP][PASSED] - Arrays.sort(arrSort): null

2023-09-06 08:56:25 - [TEST_STEP][PASSED] - assert arrOri == arrSort: null]]></system-out>
         <system-err><![CDATA[]]></system-err>
      </testcase>
      <testcase name="Test Cases/M08 - Employees - List and Add Employees/M08 - Employees - List and Add Employees - 008" time="23.585" classname="Test Cases/M08 - Employees - List and Add Employees/M08 - Employees - List and Add Employees - 008" status="PASSED">
         <system-out><![CDATA[2023-09-06 08:56:25 - [TEST_CASE][PASSED] - Test Cases/M08 - Employees - List and Add Employees/M08 - Employees - List and Add Employees - 008: Test Cases/M08 - Employees - List and Add Employees/M08 - Employees - List and Add Employees - 008

2023-09-06 08:56:25 - [TEST_STEP][PASSED] - callTestCase(findTestCase("M08 - Employees - List and Add Employees/M08 - Employees - List and Add Employees - 002"), [:], STOP_ON_FAILURE): Call Test Case 'Test Cases/M08 - Employees - List and Add Employees/M08 - Employees - List and Add Employees - 002' successfully

2023-09-06 08:56:25 - [TEST_CASE][PASSED] - Test Cases/M08 - Employees - List and Add Employees/M08 - Employees - List and Add Employees - 002: Test Cases/M08 - Employees - List and Add Employees/M08 - Employees - List and Add Employees - 002

2023-09-06 08:56:25 - [TEST_STEP][PASSED] - callTestCase(findTestCase("M08 - Employees - List and Add Employees/M08 - Employees - List and Add Employees - 001"), ["email":"superadmin@mail.com", "pass":"p4y+y39Ir5Pc2g9xt3QkeQ=="], STOP_ON_FAILURE): Call Test Case 'Test Cases/M08 - Employees - List and Add Employees/M08 - Employees - List and Add Employees - 001' successfully

2023-09-06 08:56:26 - [TEST_CASE][PASSED] - Test Cases/M08 - Employees - List and Add Employees/M08 - Employees - List and Add Employees - 001: Test Cases/M08 - Employees - List and Add Employees/M08 - Employees - List and Add Employees - 001

2023-09-06 08:56:26 - [TEST_STEP][PASSED] - openBrowser(url): Browser is opened with url: 'https://10.9.2.63/hrsystem/'

2023-09-06 08:56:26 - [MESSAGE][WARNING] - A browser is already opened. Closing browser and opening a new one

2023-09-06 08:56:26 - [MESSAGE][INFO] - Starting 'Edge Chromium' driver

2023-09-06 08:56:26 - [MESSAGE][INFO] - User set preference: ['acceptInsecureCerts', 'true']

2023-09-06 08:56:29 - [MESSAGE][INFO] - Action delay is set to 0 milliseconds

2023-09-06 08:56:31 - [MESSAGE][PASSED] - Browser is opened with url: 'https://10.9.2.63/hrsystem/'

2023-09-06 08:56:31 - [TEST_STEP][PASSED] - maximizeWindow(): Current window maximized

2023-09-06 08:56:31 - [MESSAGE][PASSED] - Current window maximized

2023-09-06 08:56:31 - [TEST_STEP][PASSED] - setText(findTestObject("Master/input_email"), email): Text 'superadmin@mail.com' is set on object 'Object Repository/Master/input_email'

2023-09-06 08:56:32 - [MESSAGE][PASSED] - Text 'superadmin@mail.com' is set on object 'Object Repository/Master/input_email'

2023-09-06 08:56:32 - [TEST_STEP][PASSED] - setEncryptedText(findTestObject("Master/input_password"), pass): Text ****** has been set on object 'Object Repository/Master/input_password'

2023-09-06 08:56:33 - [MESSAGE][PASSED] - Text ****** has been set on object 'Object Repository/Master/input_password'

2023-09-06 08:56:33 - [TEST_STEP][PASSED] - click(findTestObject("Master/button_login")): Object: 'Object Repository/Master/button_login' is clicked on

2023-09-06 08:56:35 - [MESSAGE][PASSED] - Object: 'Object Repository/Master/button_login' is clicked on

2023-09-06 08:56:35 - [TEST_STEP][PASSED] - verifyElementPresent(findTestObject("Master/dashboard"), 0): Object 'Object Repository/Master/dashboard' is present

2023-09-06 08:56:35 - [MESSAGE][WARNING] - Timeout '0' is invalid. Using default page load timeout: '30'

2023-09-06 08:56:35 - [MESSAGE][PASSED] - Object 'Object Repository/Master/dashboard' is present

2023-09-06 08:56:35 - [MESSAGE][PASSED] - Call Test Case 'Test Cases/M08 - Employees - List and Add Employees/M08 - Employees - List and Add Employees - 001' successfully

2023-09-06 08:56:35 - [TEST_STEP][PASSED] - click(findTestObject("Edit Employee Experience/employee_sidebar")): Object: 'Object Repository/Edit Employee Experience/employee_sidebar' is clicked on

2023-09-06 08:56:35 - [MESSAGE][PASSED] - Object: 'Object Repository/Edit Employee Experience/employee_sidebar' is clicked on

2023-09-06 08:56:35 - [TEST_STEP][PASSED] - click(findTestObject("Edit Employee Experience/dropdown_employee")): Object: 'Object Repository/Edit Employee Experience/dropdown_employee' is clicked on

2023-09-06 08:56:36 - [MESSAGE][PASSED] - Object: 'Object Repository/Edit Employee Experience/dropdown_employee' is clicked on

2023-09-06 08:56:36 - [TEST_STEP][PASSED] - verifyElementPresent(findTestObject("Edit Employee Experience/title_Employee"), 0): Object 'Object Repository/Edit Employee Experience/title_Employee' is present

2023-09-06 08:56:36 - [MESSAGE][WARNING] - Timeout '0' is invalid. Using default page load timeout: '30'

2023-09-06 08:56:37 - [MESSAGE][PASSED] - Object 'Object Repository/Edit Employee Experience/title_Employee' is present

2023-09-06 08:56:37 - [MESSAGE][PASSED] - Call Test Case 'Test Cases/M08 - Employees - List and Add Employees/M08 - Employees - List and Add Employees - 002' successfully

2023-09-06 08:56:37 - [TEST_STEP][PASSED] - click(findTestObject("Add Employee/th_Email")): Object: 'Object Repository/Add Employee/th_Email' is clicked on

2023-09-06 08:56:37 - [MESSAGE][PASSED] - Object: 'Object Repository/Add Employee/th_Email' is clicked on

2023-09-06 08:56:37 - [TEST_STEP][PASSED] - dataList = findWebElements(findTestObject("Object Repository/Master/email"), 10): Unable to find the element located by 'By.xpath: /html/body/div[2]/div[2]/div[3]/div[2]/div/div/div[2]/div/div/table/tbody/tr/td[3]'. Please recheck the objects properties to make sure the desired element is located. 

2023-09-06 08:56:49 - [MESSAGE][INFO] - Unable to find the element located by 'By.xpath: /html/body/div[2]/div[2]/div[3]/div[2]/div/div/div[2]/div/div/table/tbody/tr/td[3]'. Please recheck the objects properties to make sure the desired element is located. 

2023-09-06 08:56:49 - [TEST_STEP][PASSED] - arrOri = []: null

2023-09-06 08:56:49 - [TEST_STEP][PASSED] - arrSort = []: null

2023-09-06 08:56:49 - [TEST_STEP][PASSED] - for ([i = 0, i < dataList.size(), (i++)]): null

2023-09-06 08:56:49 - [TEST_STEP][PASSED] - Arrays.sort(arrSort): null

2023-09-06 08:56:49 - [TEST_STEP][PASSED] - assert arrOri == arrSort: null]]></system-out>
         <system-err><![CDATA[]]></system-err>
      </testcase>
      <testcase name="Test Cases/M08 - Employees - List and Add Employees/M08 - Employees - List and Add Employees - 009" time="23.724" classname="Test Cases/M08 - Employees - List and Add Employees/M08 - Employees - List and Add Employees - 009" status="PASSED">
         <system-out><![CDATA[2023-09-06 08:56:49 - [TEST_CASE][PASSED] - Test Cases/M08 - Employees - List and Add Employees/M08 - Employees - List and Add Employees - 009: Test Cases/M08 - Employees - List and Add Employees/M08 - Employees - List and Add Employees - 009

2023-09-06 08:56:49 - [TEST_STEP][PASSED] - callTestCase(findTestCase("M08 - Employees - List and Add Employees/M08 - Employees - List and Add Employees - 002"), [:], STOP_ON_FAILURE): Call Test Case 'Test Cases/M08 - Employees - List and Add Employees/M08 - Employees - List and Add Employees - 002' successfully

2023-09-06 08:56:49 - [TEST_CASE][PASSED] - Test Cases/M08 - Employees - List and Add Employees/M08 - Employees - List and Add Employees - 002: Test Cases/M08 - Employees - List and Add Employees/M08 - Employees - List and Add Employees - 002

2023-09-06 08:56:49 - [TEST_STEP][PASSED] - callTestCase(findTestCase("M08 - Employees - List and Add Employees/M08 - Employees - List and Add Employees - 001"), ["email":"superadmin@mail.com", "pass":"p4y+y39Ir5Pc2g9xt3QkeQ=="], STOP_ON_FAILURE): Call Test Case 'Test Cases/M08 - Employees - List and Add Employees/M08 - Employees - List and Add Employees - 001' successfully

2023-09-06 08:56:49 - [TEST_CASE][PASSED] - Test Cases/M08 - Employees - List and Add Employees/M08 - Employees - List and Add Employees - 001: Test Cases/M08 - Employees - List and Add Employees/M08 - Employees - List and Add Employees - 001

2023-09-06 08:56:49 - [TEST_STEP][PASSED] - openBrowser(url): Browser is opened with url: 'https://10.9.2.63/hrsystem/'

2023-09-06 08:56:49 - [MESSAGE][WARNING] - A browser is already opened. Closing browser and opening a new one

2023-09-06 08:56:50 - [MESSAGE][INFO] - Starting 'Edge Chromium' driver

2023-09-06 08:56:50 - [MESSAGE][INFO] - User set preference: ['acceptInsecureCerts', 'true']

2023-09-06 08:56:52 - [MESSAGE][INFO] - Action delay is set to 0 milliseconds

2023-09-06 08:56:55 - [MESSAGE][PASSED] - Browser is opened with url: 'https://10.9.2.63/hrsystem/'

2023-09-06 08:56:55 - [TEST_STEP][PASSED] - maximizeWindow(): Current window maximized

2023-09-06 08:56:55 - [MESSAGE][PASSED] - Current window maximized

2023-09-06 08:56:55 - [TEST_STEP][PASSED] - setText(findTestObject("Master/input_email"), email): Text 'superadmin@mail.com' is set on object 'Object Repository/Master/input_email'

2023-09-06 08:56:56 - [MESSAGE][PASSED] - Text 'superadmin@mail.com' is set on object 'Object Repository/Master/input_email'

2023-09-06 08:56:56 - [TEST_STEP][PASSED] - setEncryptedText(findTestObject("Master/input_password"), pass): Text ****** has been set on object 'Object Repository/Master/input_password'

2023-09-06 08:56:56 - [MESSAGE][PASSED] - Text ****** has been set on object 'Object Repository/Master/input_password'

2023-09-06 08:56:56 - [TEST_STEP][PASSED] - click(findTestObject("Master/button_login")): Object: 'Object Repository/Master/button_login' is clicked on

2023-09-06 08:56:58 - [MESSAGE][PASSED] - Object: 'Object Repository/Master/button_login' is clicked on

2023-09-06 08:56:58 - [TEST_STEP][PASSED] - verifyElementPresent(findTestObject("Master/dashboard"), 0): Object 'Object Repository/Master/dashboard' is present

2023-09-06 08:56:58 - [MESSAGE][WARNING] - Timeout '0' is invalid. Using default page load timeout: '30'

2023-09-06 08:56:59 - [MESSAGE][PASSED] - Object 'Object Repository/Master/dashboard' is present

2023-09-06 08:56:59 - [MESSAGE][PASSED] - Call Test Case 'Test Cases/M08 - Employees - List and Add Employees/M08 - Employees - List and Add Employees - 001' successfully

2023-09-06 08:56:59 - [TEST_STEP][PASSED] - click(findTestObject("Edit Employee Experience/employee_sidebar")): Object: 'Object Repository/Edit Employee Experience/employee_sidebar' is clicked on

2023-09-06 08:56:59 - [MESSAGE][PASSED] - Object: 'Object Repository/Edit Employee Experience/employee_sidebar' is clicked on

2023-09-06 08:56:59 - [TEST_STEP][PASSED] - click(findTestObject("Edit Employee Experience/dropdown_employee")): Object: 'Object Repository/Edit Employee Experience/dropdown_employee' is clicked on

2023-09-06 08:57:00 - [MESSAGE][PASSED] - Object: 'Object Repository/Edit Employee Experience/dropdown_employee' is clicked on

2023-09-06 08:57:00 - [TEST_STEP][PASSED] - verifyElementPresent(findTestObject("Edit Employee Experience/title_Employee"), 0): Object 'Object Repository/Edit Employee Experience/title_Employee' is present

2023-09-06 08:57:00 - [MESSAGE][WARNING] - Timeout '0' is invalid. Using default page load timeout: '30'

2023-09-06 08:57:01 - [MESSAGE][PASSED] - Object 'Object Repository/Edit Employee Experience/title_Employee' is present

2023-09-06 08:57:01 - [MESSAGE][PASSED] - Call Test Case 'Test Cases/M08 - Employees - List and Add Employees/M08 - Employees - List and Add Employees - 002' successfully

2023-09-06 08:57:01 - [TEST_STEP][PASSED] - click(findTestObject("Add Employee/th_Contact")): Object: 'Object Repository/Add Employee/th_Contact' is clicked on

2023-09-06 08:57:01 - [MESSAGE][PASSED] - Object: 'Object Repository/Add Employee/th_Contact' is clicked on

2023-09-06 08:57:01 - [TEST_STEP][PASSED] - dataList = findWebElements(findTestObject("Object Repository/Master/contact"), 10): Unable to find the element located by 'By.xpath: /html/body/div[2]/div[2]/div[3]/div[2]/div/div/div[2]/div/div/table/tbody/tr/td[4]'. Please recheck the objects properties to make sure the desired element is located. 

2023-09-06 08:57:12 - [MESSAGE][INFO] - Unable to find the element located by 'By.xpath: /html/body/div[2]/div[2]/div[3]/div[2]/div/div/div[2]/div/div/table/tbody/tr/td[4]'. Please recheck the objects properties to make sure the desired element is located. 

2023-09-06 08:57:12 - [TEST_STEP][PASSED] - arrOri = []: null

2023-09-06 08:57:12 - [TEST_STEP][PASSED] - arrSort = []: null

2023-09-06 08:57:12 - [TEST_STEP][PASSED] - for ([i = 0, i < dataList.size(), (i++)]): null

2023-09-06 08:57:12 - [TEST_STEP][PASSED] - Arrays.sort(arrSort): null

2023-09-06 08:57:12 - [TEST_STEP][PASSED] - assert arrOri == arrSort: null]]></system-out>
         <system-err><![CDATA[]]></system-err>
      </testcase>
      <testcase name="Test Cases/M08 - Employees - List and Add Employees/M08 - Employees - List and Add Employees - 010" time="22.783" classname="Test Cases/M08 - Employees - List and Add Employees/M08 - Employees - List and Add Employees - 010" status="PASSED">
         <system-out><![CDATA[2023-09-06 08:57:12 - [TEST_CASE][PASSED] - Test Cases/M08 - Employees - List and Add Employees/M08 - Employees - List and Add Employees - 010: Test Cases/M08 - Employees - List and Add Employees/M08 - Employees - List and Add Employees - 010

2023-09-06 08:57:13 - [TEST_STEP][PASSED] - callTestCase(findTestCase("M08 - Employees - List and Add Employees/M08 - Employees - List and Add Employees - 002"), [:], STOP_ON_FAILURE): Call Test Case 'Test Cases/M08 - Employees - List and Add Employees/M08 - Employees - List and Add Employees - 002' successfully

2023-09-06 08:57:13 - [TEST_CASE][PASSED] - Test Cases/M08 - Employees - List and Add Employees/M08 - Employees - List and Add Employees - 002: Test Cases/M08 - Employees - List and Add Employees/M08 - Employees - List and Add Employees - 002

2023-09-06 08:57:13 - [TEST_STEP][PASSED] - callTestCase(findTestCase("M08 - Employees - List and Add Employees/M08 - Employees - List and Add Employees - 001"), ["email":"superadmin@mail.com", "pass":"p4y+y39Ir5Pc2g9xt3QkeQ=="], STOP_ON_FAILURE): Call Test Case 'Test Cases/M08 - Employees - List and Add Employees/M08 - Employees - List and Add Employees - 001' successfully

2023-09-06 08:57:13 - [TEST_CASE][PASSED] - Test Cases/M08 - Employees - List and Add Employees/M08 - Employees - List and Add Employees - 001: Test Cases/M08 - Employees - List and Add Employees/M08 - Employees - List and Add Employees - 001

2023-09-06 08:57:13 - [TEST_STEP][PASSED] - openBrowser(url): Browser is opened with url: 'https://10.9.2.63/hrsystem/'

2023-09-06 08:57:13 - [MESSAGE][WARNING] - A browser is already opened. Closing browser and opening a new one

2023-09-06 08:57:14 - [MESSAGE][INFO] - Starting 'Edge Chromium' driver

2023-09-06 08:57:14 - [MESSAGE][INFO] - User set preference: ['acceptInsecureCerts', 'true']

2023-09-06 08:57:16 - [MESSAGE][INFO] - Action delay is set to 0 milliseconds

2023-09-06 08:57:18 - [MESSAGE][PASSED] - Browser is opened with url: 'https://10.9.2.63/hrsystem/'

2023-09-06 08:57:18 - [TEST_STEP][PASSED] - maximizeWindow(): Current window maximized

2023-09-06 08:57:18 - [MESSAGE][PASSED] - Current window maximized

2023-09-06 08:57:18 - [TEST_STEP][PASSED] - setText(findTestObject("Master/input_email"), email): Text 'superadmin@mail.com' is set on object 'Object Repository/Master/input_email'

2023-09-06 08:57:19 - [MESSAGE][PASSED] - Text 'superadmin@mail.com' is set on object 'Object Repository/Master/input_email'

2023-09-06 08:57:19 - [TEST_STEP][PASSED] - setEncryptedText(findTestObject("Master/input_password"), pass): Text ****** has been set on object 'Object Repository/Master/input_password'

2023-09-06 08:57:19 - [MESSAGE][PASSED] - Text ****** has been set on object 'Object Repository/Master/input_password'

2023-09-06 08:57:19 - [TEST_STEP][PASSED] - click(findTestObject("Master/button_login")): Object: 'Object Repository/Master/button_login' is clicked on

2023-09-06 08:57:21 - [MESSAGE][PASSED] - Object: 'Object Repository/Master/button_login' is clicked on

2023-09-06 08:57:21 - [TEST_STEP][PASSED] - verifyElementPresent(findTestObject("Master/dashboard"), 0): Object 'Object Repository/Master/dashboard' is present

2023-09-06 08:57:21 - [MESSAGE][WARNING] - Timeout '0' is invalid. Using default page load timeout: '30'

2023-09-06 08:57:21 - [MESSAGE][PASSED] - Object 'Object Repository/Master/dashboard' is present

2023-09-06 08:57:21 - [MESSAGE][PASSED] - Call Test Case 'Test Cases/M08 - Employees - List and Add Employees/M08 - Employees - List and Add Employees - 001' successfully

2023-09-06 08:57:21 - [TEST_STEP][PASSED] - click(findTestObject("Edit Employee Experience/employee_sidebar")): Object: 'Object Repository/Edit Employee Experience/employee_sidebar' is clicked on

2023-09-06 08:57:22 - [MESSAGE][PASSED] - Object: 'Object Repository/Edit Employee Experience/employee_sidebar' is clicked on

2023-09-06 08:57:22 - [TEST_STEP][PASSED] - click(findTestObject("Edit Employee Experience/dropdown_employee")): Object: 'Object Repository/Edit Employee Experience/dropdown_employee' is clicked on

2023-09-06 08:57:23 - [MESSAGE][PASSED] - Object: 'Object Repository/Edit Employee Experience/dropdown_employee' is clicked on

2023-09-06 08:57:23 - [TEST_STEP][PASSED] - verifyElementPresent(findTestObject("Edit Employee Experience/title_Employee"), 0): Object 'Object Repository/Edit Employee Experience/title_Employee' is present

2023-09-06 08:57:23 - [MESSAGE][WARNING] - Timeout '0' is invalid. Using default page load timeout: '30'

2023-09-06 08:57:23 - [MESSAGE][PASSED] - Object 'Object Repository/Edit Employee Experience/title_Employee' is present

2023-09-06 08:57:23 - [MESSAGE][PASSED] - Call Test Case 'Test Cases/M08 - Employees - List and Add Employees/M08 - Employees - List and Add Employees - 002' successfully

2023-09-06 08:57:23 - [TEST_STEP][PASSED] - click(findTestObject("Add Employee/th_User Type")): Object: 'Object Repository/Add Employee/th_User Type' is clicked on

2023-09-06 08:57:24 - [MESSAGE][PASSED] - Object: 'Object Repository/Add Employee/th_User Type' is clicked on

2023-09-06 08:57:24 - [TEST_STEP][PASSED] - dataList = findWebElements(findTestObject("Object Repository/Master/user_type"), 10): Unable to find the element located by 'By.xpath: /html/body/div[2]/div[2]/div[3]/div[2]/div/div/div[2]/div/div/table/tbody/tr/td[5]'. Please recheck the objects properties to make sure the desired element is located. 

2023-09-06 08:57:35 - [MESSAGE][INFO] - Unable to find the element located by 'By.xpath: /html/body/div[2]/div[2]/div[3]/div[2]/div/div/div[2]/div/div/table/tbody/tr/td[5]'. Please recheck the objects properties to make sure the desired element is located. 

2023-09-06 08:57:35 - [TEST_STEP][PASSED] - arrOri = []: null

2023-09-06 08:57:35 - [TEST_STEP][PASSED] - arrSort = []: null

2023-09-06 08:57:35 - [TEST_STEP][PASSED] - for ([i = 0, i < dataList.size(), (i++)]): null

2023-09-06 08:57:35 - [TEST_STEP][PASSED] - Arrays.sort(arrSort): null

2023-09-06 08:57:35 - [TEST_STEP][PASSED] - assert arrOri == arrSort: null]]></system-out>
         <system-err><![CDATA[]]></system-err>
      </testcase>
      <testcase name="Test Cases/M08 - Employees - List and Add Employees/M08 - Employees - List and Add Employees - 011" time="22.866" classname="Test Cases/M08 - Employees - List and Add Employees/M08 - Employees - List and Add Employees - 011" status="PASSED">
         <system-out><![CDATA[2023-09-06 08:57:35 - [TEST_CASE][PASSED] - Test Cases/M08 - Employees - List and Add Employees/M08 - Employees - List and Add Employees - 011: Test Cases/M08 - Employees - List and Add Employees/M08 - Employees - List and Add Employees - 011

2023-09-06 08:57:36 - [TEST_STEP][PASSED] - callTestCase(findTestCase("M08 - Employees - List and Add Employees/M08 - Employees - List and Add Employees - 002"), [:], STOP_ON_FAILURE): Call Test Case 'Test Cases/M08 - Employees - List and Add Employees/M08 - Employees - List and Add Employees - 002' successfully

2023-09-06 08:57:36 - [TEST_CASE][PASSED] - Test Cases/M08 - Employees - List and Add Employees/M08 - Employees - List and Add Employees - 002: Test Cases/M08 - Employees - List and Add Employees/M08 - Employees - List and Add Employees - 002

2023-09-06 08:57:36 - [TEST_STEP][PASSED] - callTestCase(findTestCase("M08 - Employees - List and Add Employees/M08 - Employees - List and Add Employees - 001"), ["email":"superadmin@mail.com", "pass":"p4y+y39Ir5Pc2g9xt3QkeQ=="], STOP_ON_FAILURE): Call Test Case 'Test Cases/M08 - Employees - List and Add Employees/M08 - Employees - List and Add Employees - 001' successfully

2023-09-06 08:57:36 - [TEST_CASE][PASSED] - Test Cases/M08 - Employees - List and Add Employees/M08 - Employees - List and Add Employees - 001: Test Cases/M08 - Employees - List and Add Employees/M08 - Employees - List and Add Employees - 001

2023-09-06 08:57:36 - [TEST_STEP][PASSED] - openBrowser(url): Browser is opened with url: 'https://10.9.2.63/hrsystem/'

2023-09-06 08:57:36 - [MESSAGE][WARNING] - A browser is already opened. Closing browser and opening a new one

2023-09-06 08:57:37 - [MESSAGE][INFO] - Starting 'Edge Chromium' driver

2023-09-06 08:57:37 - [MESSAGE][INFO] - User set preference: ['acceptInsecureCerts', 'true']

2023-09-06 08:57:39 - [MESSAGE][INFO] - Action delay is set to 0 milliseconds

2023-09-06 08:57:40 - [MESSAGE][PASSED] - Browser is opened with url: 'https://10.9.2.63/hrsystem/'

2023-09-06 08:57:40 - [TEST_STEP][PASSED] - maximizeWindow(): Current window maximized

2023-09-06 08:57:40 - [MESSAGE][PASSED] - Current window maximized

2023-09-06 08:57:40 - [TEST_STEP][PASSED] - setText(findTestObject("Master/input_email"), email): Text 'superadmin@mail.com' is set on object 'Object Repository/Master/input_email'

2023-09-06 08:57:41 - [MESSAGE][PASSED] - Text 'superadmin@mail.com' is set on object 'Object Repository/Master/input_email'

2023-09-06 08:57:41 - [TEST_STEP][PASSED] - setEncryptedText(findTestObject("Master/input_password"), pass): Text ****** has been set on object 'Object Repository/Master/input_password'

2023-09-06 08:57:42 - [MESSAGE][PASSED] - Text ****** has been set on object 'Object Repository/Master/input_password'

2023-09-06 08:57:42 - [TEST_STEP][PASSED] - click(findTestObject("Master/button_login")): Object: 'Object Repository/Master/button_login' is clicked on

2023-09-06 08:57:42 - [MESSAGE][PASSED] - Object: 'Object Repository/Master/button_login' is clicked on

2023-09-06 08:57:42 - [TEST_STEP][PASSED] - verifyElementPresent(findTestObject("Master/dashboard"), 0): Object 'Object Repository/Master/dashboard' is present

2023-09-06 08:57:42 - [MESSAGE][WARNING] - Timeout '0' is invalid. Using default page load timeout: '30'

2023-09-06 08:57:44 - [MESSAGE][PASSED] - Object 'Object Repository/Master/dashboard' is present

2023-09-06 08:57:44 - [MESSAGE][PASSED] - Call Test Case 'Test Cases/M08 - Employees - List and Add Employees/M08 - Employees - List and Add Employees - 001' successfully

2023-09-06 08:57:44 - [TEST_STEP][PASSED] - click(findTestObject("Edit Employee Experience/employee_sidebar")): Object: 'Object Repository/Edit Employee Experience/employee_sidebar' is clicked on

2023-09-06 08:57:44 - [MESSAGE][PASSED] - Object: 'Object Repository/Edit Employee Experience/employee_sidebar' is clicked on

2023-09-06 08:57:44 - [TEST_STEP][PASSED] - click(findTestObject("Edit Employee Experience/dropdown_employee")): Object: 'Object Repository/Edit Employee Experience/dropdown_employee' is clicked on

2023-09-06 08:57:45 - [MESSAGE][PASSED] - Object: 'Object Repository/Edit Employee Experience/dropdown_employee' is clicked on

2023-09-06 08:57:45 - [TEST_STEP][PASSED] - verifyElementPresent(findTestObject("Edit Employee Experience/title_Employee"), 0): Object 'Object Repository/Edit Employee Experience/title_Employee' is present

2023-09-06 08:57:45 - [MESSAGE][WARNING] - Timeout '0' is invalid. Using default page load timeout: '30'

2023-09-06 08:57:46 - [MESSAGE][PASSED] - Object 'Object Repository/Edit Employee Experience/title_Employee' is present

2023-09-06 08:57:46 - [MESSAGE][PASSED] - Call Test Case 'Test Cases/M08 - Employees - List and Add Employees/M08 - Employees - List and Add Employees - 002' successfully

2023-09-06 08:57:46 - [TEST_STEP][PASSED] - click(findTestObject("Add Employee/th_Employee Name")): Object: 'Object Repository/Add Employee/th_Employee Name' is clicked on

2023-09-06 08:57:46 - [MESSAGE][PASSED] - Object: 'Object Repository/Add Employee/th_Employee Name' is clicked on

2023-09-06 08:57:46 - [TEST_STEP][PASSED] - click(findTestObject("Add Employee/th_Employee Name")): Object: 'Object Repository/Add Employee/th_Employee Name' is clicked on

2023-09-06 08:57:47 - [MESSAGE][PASSED] - Object: 'Object Repository/Add Employee/th_Employee Name' is clicked on

2023-09-06 08:57:47 - [TEST_STEP][PASSED] - dataList = findWebElements(findTestObject("Object Repository/Master/employee"), 10): Unable to find the element located by 'By.xpath: /html/body/div[2]/div[2]/div[3]/div[2]/div/div/div[2]/div/div/table/tbody/tr/td[1]'. Please recheck the objects properties to make sure the desired element is located. 

2023-09-06 08:57:58 - [MESSAGE][INFO] - Unable to find the element located by 'By.xpath: /html/body/div[2]/div[2]/div[3]/div[2]/div/div/div[2]/div/div/table/tbody/tr/td[1]'. Please recheck the objects properties to make sure the desired element is located. 

2023-09-06 08:57:58 - [TEST_STEP][PASSED] - arrOri = []: null

2023-09-06 08:57:58 - [TEST_STEP][PASSED] - arrSort = []: null

2023-09-06 08:57:58 - [TEST_STEP][PASSED] - for ([i = 0, i < dataList.size(), (i++)]): null

2023-09-06 08:57:58 - [TEST_STEP][PASSED] - Arrays.sort(arrSort, Collections.reverseOrder()): null

2023-09-06 08:57:58 - [TEST_STEP][PASSED] - assert arrOri == arrSort: null]]></system-out>
         <system-err><![CDATA[]]></system-err>
      </testcase>
      <testcase name="Test Cases/M08 - Employees - List and Add Employees/M08 - Employees - List and Add Employees - 012" time="22.273" classname="Test Cases/M08 - Employees - List and Add Employees/M08 - Employees - List and Add Employees - 012" status="ERROR">
         <error type="ERROR" message="Test Cases/M08 - Employees - List and Add Employees/M08 - Employees - List and Add Employees - 012 FAILED.
Reason:
groovy.lang.MissingPropertyException: No such property: arrLastNameSort for class: Script1693819373607
	at M08 - Employees - List and Add Employees - 012.run(M08 - Employees - List and Add Employees - 012:46)
	at com.kms.katalon.core.main.ScriptEngine.run(ScriptEngine.java:194)
	at com.kms.katalon.core.main.ScriptEngine.runScriptAsRawText(ScriptEngine.java:119)
	at com.kms.katalon.core.main.TestCaseExecutor.runScript(TestCaseExecutor.java:448)
	at com.kms.katalon.core.main.TestCaseExecutor.doExecute(TestCaseExecutor.java:439)
	at com.kms.katalon.core.main.TestCaseExecutor.processExecutionPhase(TestCaseExecutor.java:418)
	at com.kms.katalon.core.main.TestCaseExecutor.accessMainPhase(TestCaseExecutor.java:410)
	at com.kms.katalon.core.main.TestCaseExecutor.execute(TestCaseExecutor.java:285)
	at com.kms.katalon.core.common.CommonExecutor.accessTestCaseMainPhase(CommonExecutor.java:65)
	at com.kms.katalon.core.main.TestSuiteExecutor.accessTestSuiteMainPhase(TestSuiteExecutor.java:148)
	at com.kms.katalon.core.main.TestSuiteExecutor.execute(TestSuiteExecutor.java:106)
	at com.kms.katalon.core.main.TestCaseMain.startTestSuite(TestCaseMain.java:187)
	at com.kms.katalon.core.main.TestCaseMain$startTestSuite$0.call(Unknown Source)
	at TempTestSuite1693965237849.run(TempTestSuite1693965237849.groovy:36)
"/>
         <system-out><![CDATA[2023-09-06 08:57:58 - [TEST_CASE][ERROR] - Test Cases/M08 - Employees - List and Add Employees/M08 - Employees - List and Add Employees - 012: Test Cases/M08 - Employees - List and Add Employees/M08 - Employees - List and Add Employees - 012 FAILED.
Reason:
groovy.lang.MissingPropertyException: No such property: arrLastNameSort for class: Script1693819373607
	at M08 - Employees - List and Add Employees - 012.run(M08 - Employees - List and Add Employees - 012:46)
	at com.kms.katalon.core.main.ScriptEngine.run(ScriptEngine.java:194)
	at com.kms.katalon.core.main.ScriptEngine.runScriptAsRawText(ScriptEngine.java:119)
	at com.kms.katalon.core.main.TestCaseExecutor.runScript(TestCaseExecutor.java:448)
	at com.kms.katalon.core.main.TestCaseExecutor.doExecute(TestCaseExecutor.java:439)
	at com.kms.katalon.core.main.TestCaseExecutor.processExecutionPhase(TestCaseExecutor.java:418)
	at com.kms.katalon.core.main.TestCaseExecutor.accessMainPhase(TestCaseExecutor.java:410)
	at com.kms.katalon.core.main.TestCaseExecutor.execute(TestCaseExecutor.java:285)
	at com.kms.katalon.core.common.CommonExecutor.accessTestCaseMainPhase(CommonExecutor.java:65)
	at com.kms.katalon.core.main.TestSuiteExecutor.accessTestSuiteMainPhase(TestSuiteExecutor.java:148)
	at com.kms.katalon.core.main.TestSuiteExecutor.execute(TestSuiteExecutor.java:106)
	at com.kms.katalon.core.main.TestCaseMain.startTestSuite(TestCaseMain.java:187)
	at com.kms.katalon.core.main.TestCaseMain$startTestSuite$0.call(Unknown Source)
	at TempTestSuite1693965237849.run(TempTestSuite1693965237849.groovy:36)


2023-09-06 08:57:58 - [TEST_STEP][PASSED] - callTestCase(findTestCase("M08 - Employees - List and Add Employees/M08 - Employees - List and Add Employees - 002"), [:], STOP_ON_FAILURE): Call Test Case 'Test Cases/M08 - Employees - List and Add Employees/M08 - Employees - List and Add Employees - 002' successfully

2023-09-06 08:57:58 - [TEST_CASE][PASSED] - Test Cases/M08 - Employees - List and Add Employees/M08 - Employees - List and Add Employees - 002: Test Cases/M08 - Employees - List and Add Employees/M08 - Employees - List and Add Employees - 002

2023-09-06 08:57:58 - [TEST_STEP][PASSED] - callTestCase(findTestCase("M08 - Employees - List and Add Employees/M08 - Employees - List and Add Employees - 001"), ["email":"superadmin@mail.com", "pass":"p4y+y39Ir5Pc2g9xt3QkeQ=="], STOP_ON_FAILURE): Call Test Case 'Test Cases/M08 - Employees - List and Add Employees/M08 - Employees - List and Add Employees - 001' successfully

2023-09-06 08:57:58 - [TEST_CASE][PASSED] - Test Cases/M08 - Employees - List and Add Employees/M08 - Employees - List and Add Employees - 001: Test Cases/M08 - Employees - List and Add Employees/M08 - Employees - List and Add Employees - 001

2023-09-06 08:57:58 - [TEST_STEP][PASSED] - openBrowser(url): Browser is opened with url: 'https://10.9.2.63/hrsystem/'

2023-09-06 08:57:58 - [MESSAGE][WARNING] - A browser is already opened. Closing browser and opening a new one

2023-09-06 08:57:59 - [MESSAGE][INFO] - Starting 'Edge Chromium' driver

2023-09-06 08:57:59 - [MESSAGE][INFO] - User set preference: ['acceptInsecureCerts', 'true']

2023-09-06 08:58:02 - [MESSAGE][INFO] - Action delay is set to 0 milliseconds

2023-09-06 08:58:03 - [MESSAGE][PASSED] - Browser is opened with url: 'https://10.9.2.63/hrsystem/'

2023-09-06 08:58:03 - [TEST_STEP][PASSED] - maximizeWindow(): Current window maximized

2023-09-06 08:58:03 - [MESSAGE][PASSED] - Current window maximized

2023-09-06 08:58:03 - [TEST_STEP][PASSED] - setText(findTestObject("Master/input_email"), email): Text 'superadmin@mail.com' is set on object 'Object Repository/Master/input_email'

2023-09-06 08:58:04 - [MESSAGE][PASSED] - Text 'superadmin@mail.com' is set on object 'Object Repository/Master/input_email'

2023-09-06 08:58:04 - [TEST_STEP][PASSED] - setEncryptedText(findTestObject("Master/input_password"), pass): Text ****** has been set on object 'Object Repository/Master/input_password'

2023-09-06 08:58:05 - [MESSAGE][PASSED] - Text ****** has been set on object 'Object Repository/Master/input_password'

2023-09-06 08:58:05 - [TEST_STEP][PASSED] - click(findTestObject("Master/button_login")): Object: 'Object Repository/Master/button_login' is clicked on

2023-09-06 08:58:06 - [MESSAGE][PASSED] - Object: 'Object Repository/Master/button_login' is clicked on

2023-09-06 08:58:06 - [TEST_STEP][PASSED] - verifyElementPresent(findTestObject("Master/dashboard"), 0): Object 'Object Repository/Master/dashboard' is present

2023-09-06 08:58:06 - [MESSAGE][WARNING] - Timeout '0' is invalid. Using default page load timeout: '30'

2023-09-06 08:58:07 - [MESSAGE][PASSED] - Object 'Object Repository/Master/dashboard' is present

2023-09-06 08:58:07 - [MESSAGE][PASSED] - Call Test Case 'Test Cases/M08 - Employees - List and Add Employees/M08 - Employees - List and Add Employees - 001' successfully

2023-09-06 08:58:07 - [TEST_STEP][PASSED] - click(findTestObject("Edit Employee Experience/employee_sidebar")): Object: 'Object Repository/Edit Employee Experience/employee_sidebar' is clicked on

2023-09-06 08:58:07 - [MESSAGE][PASSED] - Object: 'Object Repository/Edit Employee Experience/employee_sidebar' is clicked on

2023-09-06 08:58:07 - [TEST_STEP][PASSED] - click(findTestObject("Edit Employee Experience/dropdown_employee")): Object: 'Object Repository/Edit Employee Experience/dropdown_employee' is clicked on

2023-09-06 08:58:08 - [MESSAGE][PASSED] - Object: 'Object Repository/Edit Employee Experience/dropdown_employee' is clicked on

2023-09-06 08:58:08 - [TEST_STEP][PASSED] - verifyElementPresent(findTestObject("Edit Employee Experience/title_Employee"), 0): Object 'Object Repository/Edit Employee Experience/title_Employee' is present

2023-09-06 08:58:08 - [MESSAGE][WARNING] - Timeout '0' is invalid. Using default page load timeout: '30'

2023-09-06 08:58:09 - [MESSAGE][PASSED] - Object 'Object Repository/Edit Employee Experience/title_Employee' is present

2023-09-06 08:58:09 - [MESSAGE][PASSED] - Call Test Case 'Test Cases/M08 - Employees - List and Add Employees/M08 - Employees - List and Add Employees - 002' successfully

2023-09-06 08:58:09 - [TEST_STEP][PASSED] - click(findTestObject("Add Employee/th_PIN")): Object: 'Object Repository/Add Employee/th_PIN' is clicked on

2023-09-06 08:58:09 - [MESSAGE][PASSED] - Object: 'Object Repository/Add Employee/th_PIN' is clicked on

2023-09-06 08:58:09 - [TEST_STEP][PASSED] - dataList = findWebElements(findTestObject("Object Repository/Master/pin"), 10): Unable to find the element located by 'By.xpath: /html/body/div[2]/div[2]/div[3]/div[2]/div/div/div[2]/div/div/table/tbody/tr/td[2]'. Please recheck the objects properties to make sure the desired element is located. 

2023-09-06 08:58:20 - [MESSAGE][INFO] - Unable to find the element located by 'By.xpath: /html/body/div[2]/div[2]/div[3]/div[2]/div/div/div[2]/div/div/table/tbody/tr/td[2]'. Please recheck the objects properties to make sure the desired element is located. 

2023-09-06 08:58:20 - [TEST_STEP][PASSED] - arrOri = []: null

2023-09-06 08:58:20 - [TEST_STEP][PASSED] - arrSort = []: null

2023-09-06 08:58:20 - [TEST_STEP][PASSED] - for ([i = 0, i < dataList.size(), (i++)]): null

2023-09-06 08:58:20 - [TEST_STEP][ERROR] - Arrays.sort(arrLastNameSort, Collections.reverseOrder()): Test Cases/M08 - Employees - List and Add Employees/M08 - Employees - List and Add Employees - 012 FAILED.
Reason:
groovy.lang.MissingPropertyException: No such property: arrLastNameSort for class: Script1693819373607
	at M08 - Employees - List and Add Employees - 012.run(M08 - Employees - List and Add Employees - 012:46)
	at com.kms.katalon.core.main.ScriptEngine.run(ScriptEngine.java:194)
	at com.kms.katalon.core.main.ScriptEngine.runScriptAsRawText(ScriptEngine.java:119)
	at com.kms.katalon.core.main.TestCaseExecutor.runScript(TestCaseExecutor.java:448)
	at com.kms.katalon.core.main.TestCaseExecutor.doExecute(TestCaseExecutor.java:439)
	at com.kms.katalon.core.main.TestCaseExecutor.processExecutionPhase(TestCaseExecutor.java:418)
	at com.kms.katalon.core.main.TestCaseExecutor.accessMainPhase(TestCaseExecutor.java:410)
	at com.kms.katalon.core.main.TestCaseExecutor.execute(TestCaseExecutor.java:285)
	at com.kms.katalon.core.common.CommonExecutor.accessTestCaseMainPhase(CommonExecutor.java:65)
	at com.kms.katalon.core.main.TestSuiteExecutor.accessTestSuiteMainPhase(TestSuiteExecutor.java:148)
	at com.kms.katalon.core.main.TestSuiteExecutor.execute(TestSuiteExecutor.java:106)
	at com.kms.katalon.core.main.TestCaseMain.startTestSuite(TestCaseMain.java:187)
	at com.kms.katalon.core.main.TestCaseMain$startTestSuite$0.call(Unknown Source)
	at TempTestSuite1693965237849.run(TempTestSuite1693965237849.groovy:36)


2023-09-06 08:58:20 - [MESSAGE][ERROR] - Test Cases/M08 - Employees - List and Add Employees/M08 - Employees - List and Add Employees - 012 FAILED.
Reason:
groovy.lang.MissingPropertyException: No such property: arrLastNameSort for class: Script1693819373607
	at M08 - Employees - List and Add Employees - 012.run(M08 - Employees - List and Add Employees - 012:46)
	at com.kms.katalon.core.main.ScriptEngine.run(ScriptEngine.java:194)
	at com.kms.katalon.core.main.ScriptEngine.runScriptAsRawText(ScriptEngine.java:119)
	at com.kms.katalon.core.main.TestCaseExecutor.runScript(TestCaseExecutor.java:448)
	at com.kms.katalon.core.main.TestCaseExecutor.doExecute(TestCaseExecutor.java:439)
	at com.kms.katalon.core.main.TestCaseExecutor.processExecutionPhase(TestCaseExecutor.java:418)
	at com.kms.katalon.core.main.TestCaseExecutor.accessMainPhase(TestCaseExecutor.java:410)
	at com.kms.katalon.core.main.TestCaseExecutor.execute(TestCaseExecutor.java:285)
	at com.kms.katalon.core.common.CommonExecutor.accessTestCaseMainPhase(CommonExecutor.java:65)
	at com.kms.katalon.core.main.TestSuiteExecutor.accessTestSuiteMainPhase(TestSuiteExecutor.java:148)
	at com.kms.katalon.core.main.TestSuiteExecutor.execute(TestSuiteExecutor.java:106)
	at com.kms.katalon.core.main.TestCaseMain.startTestSuite(TestCaseMain.java:187)
	at com.kms.katalon.core.main.TestCaseMain$startTestSuite$0.call(Unknown Source)
	at TempTestSuite1693965237849.run(TempTestSuite1693965237849.groovy:36)]]></system-out>
         <system-err><![CDATA[2023-09-06 08:57:58 - [TEST_CASE][ERROR] - Test Cases/M08 - Employees - List and Add Employees/M08 - Employees - List and Add Employees - 012: Test Cases/M08 - Employees - List and Add Employees/M08 - Employees - List and Add Employees - 012 FAILED.
Reason:
groovy.lang.MissingPropertyException: No such property: arrLastNameSort for class: Script1693819373607
	at M08 - Employees - List and Add Employees - 012.run(M08 - Employees - List and Add Employees - 012:46)
	at com.kms.katalon.core.main.ScriptEngine.run(ScriptEngine.java:194)
	at com.kms.katalon.core.main.ScriptEngine.runScriptAsRawText(ScriptEngine.java:119)
	at com.kms.katalon.core.main.TestCaseExecutor.runScript(TestCaseExecutor.java:448)
	at com.kms.katalon.core.main.TestCaseExecutor.doExecute(TestCaseExecutor.java:439)
	at com.kms.katalon.core.main.TestCaseExecutor.processExecutionPhase(TestCaseExecutor.java:418)
	at com.kms.katalon.core.main.TestCaseExecutor.accessMainPhase(TestCaseExecutor.java:410)
	at com.kms.katalon.core.main.TestCaseExecutor.execute(TestCaseExecutor.java:285)
	at com.kms.katalon.core.common.CommonExecutor.accessTestCaseMainPhase(CommonExecutor.java:65)
	at com.kms.katalon.core.main.TestSuiteExecutor.accessTestSuiteMainPhase(TestSuiteExecutor.java:148)
	at com.kms.katalon.core.main.TestSuiteExecutor.execute(TestSuiteExecutor.java:106)
	at com.kms.katalon.core.main.TestCaseMain.startTestSuite(TestCaseMain.java:187)
	at com.kms.katalon.core.main.TestCaseMain$startTestSuite$0.call(Unknown Source)
	at TempTestSuite1693965237849.run(TempTestSuite1693965237849.groovy:36)]]></system-err>
      </testcase>
      <testcase name="Test Cases/M08 - Employees - List and Add Employees/M08 - Employees - List and Add Employees - 013" time="23.569" classname="Test Cases/M08 - Employees - List and Add Employees/M08 - Employees - List and Add Employees - 013" status="PASSED">
         <system-out><![CDATA[2023-09-06 08:58:20 - [TEST_CASE][PASSED] - Test Cases/M08 - Employees - List and Add Employees/M08 - Employees - List and Add Employees - 013: Test Cases/M08 - Employees - List and Add Employees/M08 - Employees - List and Add Employees - 013

2023-09-06 08:58:21 - [TEST_STEP][PASSED] - callTestCase(findTestCase("M08 - Employees - List and Add Employees/M08 - Employees - List and Add Employees - 002"), [:], STOP_ON_FAILURE): Call Test Case 'Test Cases/M08 - Employees - List and Add Employees/M08 - Employees - List and Add Employees - 002' successfully

2023-09-06 08:58:21 - [TEST_CASE][PASSED] - Test Cases/M08 - Employees - List and Add Employees/M08 - Employees - List and Add Employees - 002: Test Cases/M08 - Employees - List and Add Employees/M08 - Employees - List and Add Employees - 002

2023-09-06 08:58:21 - [TEST_STEP][PASSED] - callTestCase(findTestCase("M08 - Employees - List and Add Employees/M08 - Employees - List and Add Employees - 001"), ["email":"superadmin@mail.com", "pass":"p4y+y39Ir5Pc2g9xt3QkeQ=="], STOP_ON_FAILURE): Call Test Case 'Test Cases/M08 - Employees - List and Add Employees/M08 - Employees - List and Add Employees - 001' successfully

2023-09-06 08:58:21 - [TEST_CASE][PASSED] - Test Cases/M08 - Employees - List and Add Employees/M08 - Employees - List and Add Employees - 001: Test Cases/M08 - Employees - List and Add Employees/M08 - Employees - List and Add Employees - 001

2023-09-06 08:58:21 - [TEST_STEP][PASSED] - openBrowser(url): Browser is opened with url: 'https://10.9.2.63/hrsystem/'

2023-09-06 08:58:21 - [MESSAGE][WARNING] - A browser is already opened. Closing browser and opening a new one

2023-09-06 08:58:22 - [MESSAGE][INFO] - Starting 'Edge Chromium' driver

2023-09-06 08:58:22 - [MESSAGE][INFO] - User set preference: ['acceptInsecureCerts', 'true']

2023-09-06 08:58:24 - [MESSAGE][INFO] - Action delay is set to 0 milliseconds

2023-09-06 08:58:26 - [MESSAGE][PASSED] - Browser is opened with url: 'https://10.9.2.63/hrsystem/'

2023-09-06 08:58:26 - [TEST_STEP][PASSED] - maximizeWindow(): Current window maximized

2023-09-06 08:58:26 - [MESSAGE][PASSED] - Current window maximized

2023-09-06 08:58:26 - [TEST_STEP][PASSED] - setText(findTestObject("Master/input_email"), email): Text 'superadmin@mail.com' is set on object 'Object Repository/Master/input_email'

2023-09-06 08:58:27 - [MESSAGE][PASSED] - Text 'superadmin@mail.com' is set on object 'Object Repository/Master/input_email'

2023-09-06 08:58:27 - [TEST_STEP][PASSED] - setEncryptedText(findTestObject("Master/input_password"), pass): Text ****** has been set on object 'Object Repository/Master/input_password'

2023-09-06 08:58:27 - [MESSAGE][PASSED] - Text ****** has been set on object 'Object Repository/Master/input_password'

2023-09-06 08:58:27 - [TEST_STEP][PASSED] - click(findTestObject("Master/button_login")): Object: 'Object Repository/Master/button_login' is clicked on

2023-09-06 08:58:28 - [MESSAGE][PASSED] - Object: 'Object Repository/Master/button_login' is clicked on

2023-09-06 08:58:28 - [TEST_STEP][PASSED] - verifyElementPresent(findTestObject("Master/dashboard"), 0): Object 'Object Repository/Master/dashboard' is present

2023-09-06 08:58:28 - [MESSAGE][WARNING] - Timeout '0' is invalid. Using default page load timeout: '30'

2023-09-06 08:58:30 - [MESSAGE][PASSED] - Object 'Object Repository/Master/dashboard' is present

2023-09-06 08:58:30 - [MESSAGE][PASSED] - Call Test Case 'Test Cases/M08 - Employees - List and Add Employees/M08 - Employees - List and Add Employees - 001' successfully

2023-09-06 08:58:30 - [TEST_STEP][PASSED] - click(findTestObject("Edit Employee Experience/employee_sidebar")): Object: 'Object Repository/Edit Employee Experience/employee_sidebar' is clicked on

2023-09-06 08:58:30 - [MESSAGE][PASSED] - Object: 'Object Repository/Edit Employee Experience/employee_sidebar' is clicked on

2023-09-06 08:58:30 - [TEST_STEP][PASSED] - click(findTestObject("Edit Employee Experience/dropdown_employee")): Object: 'Object Repository/Edit Employee Experience/dropdown_employee' is clicked on

2023-09-06 08:58:31 - [MESSAGE][PASSED] - Object: 'Object Repository/Edit Employee Experience/dropdown_employee' is clicked on

2023-09-06 08:58:31 - [TEST_STEP][PASSED] - verifyElementPresent(findTestObject("Edit Employee Experience/title_Employee"), 0): Object 'Object Repository/Edit Employee Experience/title_Employee' is present

2023-09-06 08:58:31 - [MESSAGE][WARNING] - Timeout '0' is invalid. Using default page load timeout: '30'

2023-09-06 08:58:32 - [MESSAGE][PASSED] - Object 'Object Repository/Edit Employee Experience/title_Employee' is present

2023-09-06 08:58:32 - [MESSAGE][PASSED] - Call Test Case 'Test Cases/M08 - Employees - List and Add Employees/M08 - Employees - List and Add Employees - 002' successfully

2023-09-06 08:58:32 - [TEST_STEP][PASSED] - click(findTestObject("Add Employee/th_Email")): Object: 'Object Repository/Add Employee/th_Email' is clicked on

2023-09-06 08:58:32 - [MESSAGE][PASSED] - Object: 'Object Repository/Add Employee/th_Email' is clicked on

2023-09-06 08:58:32 - [TEST_STEP][PASSED] - click(findTestObject("Add Employee/th_Email")): Object: 'Object Repository/Add Employee/th_Email' is clicked on

2023-09-06 08:58:33 - [MESSAGE][PASSED] - Object: 'Object Repository/Add Employee/th_Email' is clicked on

2023-09-06 08:58:33 - [TEST_STEP][PASSED] - dataList = findWebElements(findTestObject("Object Repository/Master/email"), 10): Unable to find the element located by 'By.xpath: /html/body/div[2]/div[2]/div[3]/div[2]/div/div/div[2]/div/div/table/tbody/tr/td[3]'. Please recheck the objects properties to make sure the desired element is located. 

2023-09-06 08:58:44 - [MESSAGE][INFO] - Unable to find the element located by 'By.xpath: /html/body/div[2]/div[2]/div[3]/div[2]/div/div/div[2]/div/div/table/tbody/tr/td[3]'. Please recheck the objects properties to make sure the desired element is located. 

2023-09-06 08:58:44 - [TEST_STEP][PASSED] - arrOri = []: null

2023-09-06 08:58:44 - [TEST_STEP][PASSED] - arrSort = []: null

2023-09-06 08:58:44 - [TEST_STEP][PASSED] - for ([i = 0, i < dataList.size(), (i++)]): null

2023-09-06 08:58:44 - [TEST_STEP][PASSED] - Arrays.sort(arrSort, Collections.reverseOrder()): null

2023-09-06 08:58:44 - [TEST_STEP][PASSED] - assert arrOri == arrSort: null]]></system-out>
         <system-err><![CDATA[]]></system-err>
      </testcase>
      <testcase name="Test Cases/M08 - Employees - List and Add Employees/M08 - Employees - List and Add Employees - 014" time="24.163" classname="Test Cases/M08 - Employees - List and Add Employees/M08 - Employees - List and Add Employees - 014" status="PASSED">
         <system-out><![CDATA[2023-09-06 08:58:44 - [TEST_CASE][PASSED] - Test Cases/M08 - Employees - List and Add Employees/M08 - Employees - List and Add Employees - 014: Test Cases/M08 - Employees - List and Add Employees/M08 - Employees - List and Add Employees - 014

2023-09-06 08:58:44 - [TEST_STEP][PASSED] - callTestCase(findTestCase("M08 - Employees - List and Add Employees/M08 - Employees - List and Add Employees - 002"), [:], STOP_ON_FAILURE): Call Test Case 'Test Cases/M08 - Employees - List and Add Employees/M08 - Employees - List and Add Employees - 002' successfully

2023-09-06 08:58:44 - [TEST_CASE][PASSED] - Test Cases/M08 - Employees - List and Add Employees/M08 - Employees - List and Add Employees - 002: Test Cases/M08 - Employees - List and Add Employees/M08 - Employees - List and Add Employees - 002

2023-09-06 08:58:44 - [TEST_STEP][PASSED] - callTestCase(findTestCase("M08 - Employees - List and Add Employees/M08 - Employees - List and Add Employees - 001"), ["email":"superadmin@mail.com", "pass":"p4y+y39Ir5Pc2g9xt3QkeQ=="], STOP_ON_FAILURE): Call Test Case 'Test Cases/M08 - Employees - List and Add Employees/M08 - Employees - List and Add Employees - 001' successfully

2023-09-06 08:58:44 - [TEST_CASE][PASSED] - Test Cases/M08 - Employees - List and Add Employees/M08 - Employees - List and Add Employees - 001: Test Cases/M08 - Employees - List and Add Employees/M08 - Employees - List and Add Employees - 001

2023-09-06 08:58:44 - [TEST_STEP][PASSED] - openBrowser(url): Browser is opened with url: 'https://10.9.2.63/hrsystem/'

2023-09-06 08:58:44 - [MESSAGE][WARNING] - A browser is already opened. Closing browser and opening a new one

2023-09-06 08:58:45 - [MESSAGE][INFO] - Starting 'Edge Chromium' driver

2023-09-06 08:58:45 - [MESSAGE][INFO] - User set preference: ['acceptInsecureCerts', 'true']

2023-09-06 08:58:47 - [MESSAGE][INFO] - Action delay is set to 0 milliseconds

2023-09-06 08:58:50 - [MESSAGE][PASSED] - Browser is opened with url: 'https://10.9.2.63/hrsystem/'

2023-09-06 08:58:50 - [TEST_STEP][PASSED] - maximizeWindow(): Current window maximized

2023-09-06 08:58:50 - [MESSAGE][PASSED] - Current window maximized

2023-09-06 08:58:50 - [TEST_STEP][PASSED] - setText(findTestObject("Master/input_email"), email): Text 'superadmin@mail.com' is set on object 'Object Repository/Master/input_email'

2023-09-06 08:58:51 - [MESSAGE][PASSED] - Text 'superadmin@mail.com' is set on object 'Object Repository/Master/input_email'

2023-09-06 08:58:51 - [TEST_STEP][PASSED] - setEncryptedText(findTestObject("Master/input_password"), pass): Text ****** has been set on object 'Object Repository/Master/input_password'

2023-09-06 08:58:51 - [MESSAGE][PASSED] - Text ****** has been set on object 'Object Repository/Master/input_password'

2023-09-06 08:58:51 - [TEST_STEP][PASSED] - click(findTestObject("Master/button_login")): Object: 'Object Repository/Master/button_login' is clicked on

2023-09-06 08:58:52 - [MESSAGE][PASSED] - Object: 'Object Repository/Master/button_login' is clicked on

2023-09-06 08:58:52 - [TEST_STEP][PASSED] - verifyElementPresent(findTestObject("Master/dashboard"), 0): Object 'Object Repository/Master/dashboard' is present

2023-09-06 08:58:52 - [MESSAGE][WARNING] - Timeout '0' is invalid. Using default page load timeout: '30'

2023-09-06 08:58:54 - [MESSAGE][PASSED] - Object 'Object Repository/Master/dashboard' is present

2023-09-06 08:58:54 - [MESSAGE][PASSED] - Call Test Case 'Test Cases/M08 - Employees - List and Add Employees/M08 - Employees - List and Add Employees - 001' successfully

2023-09-06 08:58:54 - [TEST_STEP][PASSED] - click(findTestObject("Edit Employee Experience/employee_sidebar")): Object: 'Object Repository/Edit Employee Experience/employee_sidebar' is clicked on

2023-09-06 08:58:54 - [MESSAGE][PASSED] - Object: 'Object Repository/Edit Employee Experience/employee_sidebar' is clicked on

2023-09-06 08:58:54 - [TEST_STEP][PASSED] - click(findTestObject("Edit Employee Experience/dropdown_employee")): Object: 'Object Repository/Edit Employee Experience/dropdown_employee' is clicked on

2023-09-06 08:58:55 - [MESSAGE][PASSED] - Object: 'Object Repository/Edit Employee Experience/dropdown_employee' is clicked on

2023-09-06 08:58:55 - [TEST_STEP][PASSED] - verifyElementPresent(findTestObject("Edit Employee Experience/title_Employee"), 0): Object 'Object Repository/Edit Employee Experience/title_Employee' is present

2023-09-06 08:58:55 - [MESSAGE][WARNING] - Timeout '0' is invalid. Using default page load timeout: '30'

2023-09-06 08:58:56 - [MESSAGE][PASSED] - Object 'Object Repository/Edit Employee Experience/title_Employee' is present

2023-09-06 08:58:56 - [MESSAGE][PASSED] - Call Test Case 'Test Cases/M08 - Employees - List and Add Employees/M08 - Employees - List and Add Employees - 002' successfully

2023-09-06 08:58:56 - [TEST_STEP][PASSED] - click(findTestObject("Add Employee/th_Contact")): Object: 'Object Repository/Add Employee/th_Contact' is clicked on

2023-09-06 08:58:56 - [MESSAGE][PASSED] - Object: 'Object Repository/Add Employee/th_Contact' is clicked on

2023-09-06 08:58:56 - [TEST_STEP][PASSED] - click(findTestObject("Add Employee/th_Contact")): Object: 'Object Repository/Add Employee/th_Contact' is clicked on

2023-09-06 08:58:57 - [MESSAGE][PASSED] - Object: 'Object Repository/Add Employee/th_Contact' is clicked on

2023-09-06 08:58:57 - [TEST_STEP][PASSED] - dataList = findWebElements(findTestObject("Object Repository/Master/pin"), 10): Unable to find the element located by 'By.xpath: /html/body/div[2]/div[2]/div[3]/div[2]/div/div/div[2]/div/div/table/tbody/tr/td[2]'. Please recheck the objects properties to make sure the desired element is located. 

2023-09-06 08:59:08 - [MESSAGE][INFO] - Unable to find the element located by 'By.xpath: /html/body/div[2]/div[2]/div[3]/div[2]/div/div/div[2]/div/div/table/tbody/tr/td[2]'. Please recheck the objects properties to make sure the desired element is located. 

2023-09-06 08:59:08 - [TEST_STEP][PASSED] - arrOri = []: null

2023-09-06 08:59:08 - [TEST_STEP][PASSED] - arrSort = []: null

2023-09-06 08:59:08 - [TEST_STEP][PASSED] - for ([i = 0, i < dataList.size(), (i++)]): null

2023-09-06 08:59:08 - [TEST_STEP][PASSED] - Arrays.sort(arrSort, Collections.reverseOrder()): null

2023-09-06 08:59:08 - [TEST_STEP][PASSED] - assert arrOri == arrSort: null]]></system-out>
         <system-err><![CDATA[]]></system-err>
      </testcase>
      <testcase name="Test Cases/M08 - Employees - List and Add Employees/M08 - Employees - List and Add Employees - 015" time="25.893" classname="Test Cases/M08 - Employees - List and Add Employees/M08 - Employees - List and Add Employees - 015" status="PASSED">
         <system-out><![CDATA[2023-09-06 08:59:08 - [TEST_CASE][PASSED] - Test Cases/M08 - Employees - List and Add Employees/M08 - Employees - List and Add Employees - 015: Test Cases/M08 - Employees - List and Add Employees/M08 - Employees - List and Add Employees - 015

2023-09-06 08:59:08 - [TEST_STEP][PASSED] - callTestCase(findTestCase("M08 - Employees - List and Add Employees/M08 - Employees - List and Add Employees - 002"), [:], STOP_ON_FAILURE): Call Test Case 'Test Cases/M08 - Employees - List and Add Employees/M08 - Employees - List and Add Employees - 002' successfully

2023-09-06 08:59:08 - [TEST_CASE][PASSED] - Test Cases/M08 - Employees - List and Add Employees/M08 - Employees - List and Add Employees - 002: Test Cases/M08 - Employees - List and Add Employees/M08 - Employees - List and Add Employees - 002

2023-09-06 08:59:08 - [TEST_STEP][PASSED] - callTestCase(findTestCase("M08 - Employees - List and Add Employees/M08 - Employees - List and Add Employees - 001"), ["email":"superadmin@mail.com", "pass":"p4y+y39Ir5Pc2g9xt3QkeQ=="], STOP_ON_FAILURE): Call Test Case 'Test Cases/M08 - Employees - List and Add Employees/M08 - Employees - List and Add Employees - 001' successfully

2023-09-06 08:59:08 - [TEST_CASE][PASSED] - Test Cases/M08 - Employees - List and Add Employees/M08 - Employees - List and Add Employees - 001: Test Cases/M08 - Employees - List and Add Employees/M08 - Employees - List and Add Employees - 001

2023-09-06 08:59:08 - [TEST_STEP][PASSED] - openBrowser(url): Browser is opened with url: 'https://10.9.2.63/hrsystem/'

2023-09-06 08:59:08 - [MESSAGE][WARNING] - A browser is already opened. Closing browser and opening a new one

2023-09-06 08:59:09 - [MESSAGE][INFO] - Starting 'Edge Chromium' driver

2023-09-06 08:59:09 - [MESSAGE][INFO] - User set preference: ['acceptInsecureCerts', 'true']

2023-09-06 08:59:12 - [MESSAGE][INFO] - Action delay is set to 0 milliseconds

2023-09-06 08:59:14 - [MESSAGE][PASSED] - Browser is opened with url: 'https://10.9.2.63/hrsystem/'

2023-09-06 08:59:14 - [TEST_STEP][PASSED] - maximizeWindow(): Current window maximized

2023-09-06 08:59:14 - [MESSAGE][PASSED] - Current window maximized

2023-09-06 08:59:14 - [TEST_STEP][PASSED] - setText(findTestObject("Master/input_email"), email): Text 'superadmin@mail.com' is set on object 'Object Repository/Master/input_email'

2023-09-06 08:59:15 - [MESSAGE][PASSED] - Text 'superadmin@mail.com' is set on object 'Object Repository/Master/input_email'

2023-09-06 08:59:15 - [TEST_STEP][PASSED] - setEncryptedText(findTestObject("Master/input_password"), pass): Text ****** has been set on object 'Object Repository/Master/input_password'

2023-09-06 08:59:16 - [MESSAGE][PASSED] - Text ****** has been set on object 'Object Repository/Master/input_password'

2023-09-06 08:59:16 - [TEST_STEP][PASSED] - click(findTestObject("Master/button_login")): Object: 'Object Repository/Master/button_login' is clicked on

2023-09-06 08:59:17 - [MESSAGE][PASSED] - Object: 'Object Repository/Master/button_login' is clicked on

2023-09-06 08:59:17 - [TEST_STEP][PASSED] - verifyElementPresent(findTestObject("Master/dashboard"), 0): Object 'Object Repository/Master/dashboard' is present

2023-09-06 08:59:17 - [MESSAGE][WARNING] - Timeout '0' is invalid. Using default page load timeout: '30'

2023-09-06 08:59:17 - [MESSAGE][PASSED] - Object 'Object Repository/Master/dashboard' is present

2023-09-06 08:59:17 - [MESSAGE][PASSED] - Call Test Case 'Test Cases/M08 - Employees - List and Add Employees/M08 - Employees - List and Add Employees - 001' successfully

2023-09-06 08:59:17 - [TEST_STEP][PASSED] - click(findTestObject("Edit Employee Experience/employee_sidebar")): Object: 'Object Repository/Edit Employee Experience/employee_sidebar' is clicked on

2023-09-06 08:59:20 - [MESSAGE][PASSED] - Object: 'Object Repository/Edit Employee Experience/employee_sidebar' is clicked on

2023-09-06 08:59:20 - [TEST_STEP][PASSED] - click(findTestObject("Edit Employee Experience/dropdown_employee")): Object: 'Object Repository/Edit Employee Experience/dropdown_employee' is clicked on

2023-09-06 08:59:21 - [MESSAGE][PASSED] - Object: 'Object Repository/Edit Employee Experience/dropdown_employee' is clicked on

2023-09-06 08:59:21 - [TEST_STEP][PASSED] - verifyElementPresent(findTestObject("Edit Employee Experience/title_Employee"), 0): Object 'Object Repository/Edit Employee Experience/title_Employee' is present

2023-09-06 08:59:21 - [MESSAGE][WARNING] - Timeout '0' is invalid. Using default page load timeout: '30'

2023-09-06 08:59:21 - [MESSAGE][PASSED] - Object 'Object Repository/Edit Employee Experience/title_Employee' is present

2023-09-06 08:59:21 - [MESSAGE][PASSED] - Call Test Case 'Test Cases/M08 - Employees - List and Add Employees/M08 - Employees - List and Add Employees - 002' successfully

2023-09-06 08:59:21 - [TEST_STEP][PASSED] - click(findTestObject("Add Employee/th_User Type")): Object: 'Object Repository/Add Employee/th_User Type' is clicked on

2023-09-06 08:59:22 - [MESSAGE][PASSED] - Object: 'Object Repository/Add Employee/th_User Type' is clicked on

2023-09-06 08:59:22 - [TEST_STEP][PASSED] - click(findTestObject("Add Employee/th_User Type")): Object: 'Object Repository/Add Employee/th_User Type' is clicked on

2023-09-06 08:59:23 - [MESSAGE][PASSED] - Object: 'Object Repository/Add Employee/th_User Type' is clicked on

2023-09-06 08:59:23 - [TEST_STEP][PASSED] - dataList = findWebElements(findTestObject("Object Repository/Master/pin"), 10): Unable to find the element located by 'By.xpath: /html/body/div[2]/div[2]/div[3]/div[2]/div/div/div[2]/div/div/table/tbody/tr/td[2]'. Please recheck the objects properties to make sure the desired element is located. 

2023-09-06 08:59:34 - [MESSAGE][INFO] - Unable to find the element located by 'By.xpath: /html/body/div[2]/div[2]/div[3]/div[2]/div/div/div[2]/div/div/table/tbody/tr/td[2]'. Please recheck the objects properties to make sure the desired element is located. 

2023-09-06 08:59:34 - [TEST_STEP][PASSED] - arrOri = []: null

2023-09-06 08:59:34 - [TEST_STEP][PASSED] - arrSort = []: null

2023-09-06 08:59:34 - [TEST_STEP][PASSED] - for ([i = 0, i < dataList.size(), (i++)]): null

2023-09-06 08:59:34 - [TEST_STEP][PASSED] - Arrays.sort(arrSort, Collections.reverseOrder()): null

2023-09-06 08:59:34 - [TEST_STEP][PASSED] - assert arrOri == arrSort: null]]></system-out>
         <system-err><![CDATA[]]></system-err>
      </testcase>
      <testcase name="Test Cases/M08 - Employees - List and Add Employees/M08 - Employees - List and Add Employees - 016" time="13.92" classname="Test Cases/M08 - Employees - List and Add Employees/M08 - Employees - List and Add Employees - 016" status="PASSED">
         <system-out><![CDATA[2023-09-06 08:59:34 - [TEST_CASE][PASSED] - Test Cases/M08 - Employees - List and Add Employees/M08 - Employees - List and Add Employees - 016: Test Cases/M08 - Employees - List and Add Employees/M08 - Employees - List and Add Employees - 016

2023-09-06 08:59:34 - [TEST_STEP][PASSED] - callTestCase(findTestCase("M05 - Employees - Edit Employees - Experience/M05 - Employees - Edit Employees - Experience - 002"), [:], STOP_ON_FAILURE): Call Test Case 'Test Cases/M05 - Employees - Edit Employees - Experience/M05 - Employees - Edit Employees - Experience - 002' successfully

2023-09-06 08:59:34 - [TEST_CASE][PASSED] - Test Cases/M05 - Employees - Edit Employees - Experience/M05 - Employees - Edit Employees - Experience - 002: Test Cases/M05 - Employees - Edit Employees - Experience/M05 - Employees - Edit Employees - Experience - 002

2023-09-06 08:59:34 - [TEST_STEP][PASSED] - callTestCase(findTestCase("M05 - Employees - Edit Employees - Experience/M05 - Employees - Edit Employees - Experience - 001"), ["email":"superadmin@mail.com", "pass":"p4y+y39Ir5Pc2g9xt3QkeQ=="], STOP_ON_FAILURE): Call Test Case 'Test Cases/M05 - Employees - Edit Employees - Experience/M05 - Employees - Edit Employees - Experience - 001' successfully

2023-09-06 08:59:35 - [TEST_CASE][PASSED] - Test Cases/M05 - Employees - Edit Employees - Experience/M05 - Employees - Edit Employees - Experience - 001: Test Cases/M05 - Employees - Edit Employees - Experience/M05 - Employees - Edit Employees - Experience - 001

2023-09-06 08:59:35 - [TEST_STEP][PASSED] - openBrowser(url): Browser is opened with url: 'https://10.9.2.63/hrsystem/'

2023-09-06 08:59:35 - [MESSAGE][WARNING] - A browser is already opened. Closing browser and opening a new one

2023-09-06 08:59:36 - [MESSAGE][INFO] - Starting 'Edge Chromium' driver

2023-09-06 08:59:36 - [MESSAGE][INFO] - User set preference: ['acceptInsecureCerts', 'true']

2023-09-06 08:59:38 - [MESSAGE][INFO] - Action delay is set to 0 milliseconds

2023-09-06 08:59:41 - [MESSAGE][PASSED] - Browser is opened with url: 'https://10.9.2.63/hrsystem/'

2023-09-06 08:59:41 - [TEST_STEP][PASSED] - maximizeWindow(): Current window maximized

2023-09-06 08:59:41 - [MESSAGE][PASSED] - Current window maximized

2023-09-06 08:59:41 - [TEST_STEP][PASSED] - setText(findTestObject("Master/input_email"), email): Text 'superadmin@mail.com' is set on object 'Object Repository/Master/input_email'

2023-09-06 08:59:42 - [MESSAGE][PASSED] - Text 'superadmin@mail.com' is set on object 'Object Repository/Master/input_email'

2023-09-06 08:59:42 - [TEST_STEP][PASSED] - setEncryptedText(findTestObject("Master/input_password"), pass): Text ****** has been set on object 'Object Repository/Master/input_password'

2023-09-06 08:59:42 - [MESSAGE][PASSED] - Text ****** has been set on object 'Object Repository/Master/input_password'

2023-09-06 08:59:42 - [TEST_STEP][PASSED] - click(findTestObject("Master/button_login")): Object: 'Object Repository/Master/button_login' is clicked on

2023-09-06 08:59:43 - [MESSAGE][PASSED] - Object: 'Object Repository/Master/button_login' is clicked on

2023-09-06 08:59:43 - [TEST_STEP][PASSED] - verifyElementPresent(findTestObject("Master/dashboard"), 0): Object 'Object Repository/Master/dashboard' is present

2023-09-06 08:59:44 - [MESSAGE][WARNING] - Timeout '0' is invalid. Using default page load timeout: '30'

2023-09-06 08:59:45 - [MESSAGE][PASSED] - Object 'Object Repository/Master/dashboard' is present

2023-09-06 08:59:45 - [MESSAGE][PASSED] - Call Test Case 'Test Cases/M05 - Employees - Edit Employees - Experience/M05 - Employees - Edit Employees - Experience - 001' successfully

2023-09-06 08:59:45 - [TEST_STEP][PASSED] - click(findTestObject("Edit Employee Experience/employee_sidebar")): Object: 'Object Repository/Edit Employee Experience/employee_sidebar' is clicked on

2023-09-06 08:59:46 - [MESSAGE][PASSED] - Object: 'Object Repository/Edit Employee Experience/employee_sidebar' is clicked on

2023-09-06 08:59:46 - [TEST_STEP][PASSED] - click(findTestObject("Edit Employee Experience/dropdown_employee")): Object: 'Object Repository/Edit Employee Experience/dropdown_employee' is clicked on

2023-09-06 08:59:47 - [MESSAGE][PASSED] - Object: 'Object Repository/Edit Employee Experience/dropdown_employee' is clicked on

2023-09-06 08:59:47 - [TEST_STEP][PASSED] - verifyElementPresent(findTestObject("Edit Employee Experience/title_Employee"), 0): Object 'Object Repository/Edit Employee Experience/title_Employee' is present

2023-09-06 08:59:47 - [MESSAGE][WARNING] - Timeout '0' is invalid. Using default page load timeout: '30'

2023-09-06 08:59:47 - [MESSAGE][PASSED] - Object 'Object Repository/Edit Employee Experience/title_Employee' is present

2023-09-06 08:59:47 - [MESSAGE][PASSED] - Call Test Case 'Test Cases/M05 - Employees - Edit Employees - Experience/M05 - Employees - Edit Employees - Experience - 002' successfully

2023-09-06 08:59:47 - [TEST_STEP][PASSED] - click(findTestObject("Add Employee/a_CSV")): Object: 'Object Repository/Add Employee/a_CSV' is clicked on

2023-09-06 08:59:48 - [MESSAGE][PASSED] - Object: 'Object Repository/Add Employee/a_CSV' is clicked on

2023-09-06 08:59:48 - [TEST_STEP][PASSED] - downloadFolder = new java.io.File(C:\Users\ASUS\Downloads\): null

2023-09-06 08:59:48 - [TEST_STEP][PASSED] - namesOfFiles = Arrays.asList(downloadFolder.list()): null

2023-09-06 08:59:48 - [TEST_STEP][PASSED] - if (namesOfFiles.contains("H R System (CI).csv")): null

2023-09-06 08:59:48 - [TEST_STEP][PASSED] - println("Success"): null]]></system-out>
         <system-err><![CDATA[]]></system-err>
      </testcase>
      <testcase name="Test Cases/M08 - Employees - List and Add Employees/M08 - Employees - List and Add Employees - 017" time="13.653" classname="Test Cases/M08 - Employees - List and Add Employees/M08 - Employees - List and Add Employees - 017" status="PASSED">
         <system-out><![CDATA[2023-09-06 08:59:48 - [TEST_CASE][PASSED] - Test Cases/M08 - Employees - List and Add Employees/M08 - Employees - List and Add Employees - 017: Test Cases/M08 - Employees - List and Add Employees/M08 - Employees - List and Add Employees - 017

2023-09-06 08:59:48 - [TEST_STEP][PASSED] - callTestCase(findTestCase("M05 - Employees - Edit Employees - Experience/M05 - Employees - Edit Employees - Experience - 002"), [:], STOP_ON_FAILURE): Call Test Case 'Test Cases/M05 - Employees - Edit Employees - Experience/M05 - Employees - Edit Employees - Experience - 002' successfully

2023-09-06 08:59:48 - [TEST_CASE][PASSED] - Test Cases/M05 - Employees - Edit Employees - Experience/M05 - Employees - Edit Employees - Experience - 002: Test Cases/M05 - Employees - Edit Employees - Experience/M05 - Employees - Edit Employees - Experience - 002

2023-09-06 08:59:48 - [TEST_STEP][PASSED] - callTestCase(findTestCase("M05 - Employees - Edit Employees - Experience/M05 - Employees - Edit Employees - Experience - 001"), ["email":"superadmin@mail.com", "pass":"p4y+y39Ir5Pc2g9xt3QkeQ=="], STOP_ON_FAILURE): Call Test Case 'Test Cases/M05 - Employees - Edit Employees - Experience/M05 - Employees - Edit Employees - Experience - 001' successfully

2023-09-06 08:59:48 - [TEST_CASE][PASSED] - Test Cases/M05 - Employees - Edit Employees - Experience/M05 - Employees - Edit Employees - Experience - 001: Test Cases/M05 - Employees - Edit Employees - Experience/M05 - Employees - Edit Employees - Experience - 001

2023-09-06 08:59:48 - [TEST_STEP][PASSED] - openBrowser(url): Browser is opened with url: 'https://10.9.2.63/hrsystem/'

2023-09-06 08:59:48 - [MESSAGE][WARNING] - A browser is already opened. Closing browser and opening a new one

2023-09-06 08:59:49 - [MESSAGE][INFO] - Starting 'Edge Chromium' driver

2023-09-06 08:59:49 - [MESSAGE][INFO] - User set preference: ['acceptInsecureCerts', 'true']

2023-09-06 08:59:52 - [MESSAGE][INFO] - Action delay is set to 0 milliseconds

2023-09-06 08:59:54 - [MESSAGE][PASSED] - Browser is opened with url: 'https://10.9.2.63/hrsystem/'

2023-09-06 08:59:54 - [TEST_STEP][PASSED] - maximizeWindow(): Current window maximized

2023-09-06 08:59:54 - [MESSAGE][PASSED] - Current window maximized

2023-09-06 08:59:54 - [TEST_STEP][PASSED] - setText(findTestObject("Master/input_email"), email): Text 'superadmin@mail.com' is set on object 'Object Repository/Master/input_email'

2023-09-06 08:59:55 - [MESSAGE][PASSED] - Text 'superadmin@mail.com' is set on object 'Object Repository/Master/input_email'

2023-09-06 08:59:55 - [TEST_STEP][PASSED] - setEncryptedText(findTestObject("Master/input_password"), pass): Text ****** has been set on object 'Object Repository/Master/input_password'

2023-09-06 08:59:55 - [MESSAGE][PASSED] - Text ****** has been set on object 'Object Repository/Master/input_password'

2023-09-06 08:59:55 - [TEST_STEP][PASSED] - click(findTestObject("Master/button_login")): Object: 'Object Repository/Master/button_login' is clicked on

2023-09-06 08:59:56 - [MESSAGE][PASSED] - Object: 'Object Repository/Master/button_login' is clicked on

2023-09-06 08:59:56 - [TEST_STEP][PASSED] - verifyElementPresent(findTestObject("Master/dashboard"), 0): Object 'Object Repository/Master/dashboard' is present

2023-09-06 08:59:56 - [MESSAGE][WARNING] - Timeout '0' is invalid. Using default page load timeout: '30'

2023-09-06 08:59:57 - [MESSAGE][PASSED] - Object 'Object Repository/Master/dashboard' is present

2023-09-06 08:59:57 - [MESSAGE][PASSED] - Call Test Case 'Test Cases/M05 - Employees - Edit Employees - Experience/M05 - Employees - Edit Employees - Experience - 001' successfully

2023-09-06 08:59:57 - [TEST_STEP][PASSED] - click(findTestObject("Edit Employee Experience/employee_sidebar")): Object: 'Object Repository/Edit Employee Experience/employee_sidebar' is clicked on

2023-09-06 08:59:59 - [MESSAGE][PASSED] - Object: 'Object Repository/Edit Employee Experience/employee_sidebar' is clicked on

2023-09-06 08:59:59 - [TEST_STEP][PASSED] - click(findTestObject("Edit Employee Experience/dropdown_employee")): Object: 'Object Repository/Edit Employee Experience/dropdown_employee' is clicked on

2023-09-06 09:00:00 - [MESSAGE][PASSED] - Object: 'Object Repository/Edit Employee Experience/dropdown_employee' is clicked on

2023-09-06 09:00:00 - [TEST_STEP][PASSED] - verifyElementPresent(findTestObject("Edit Employee Experience/title_Employee"), 0): Object 'Object Repository/Edit Employee Experience/title_Employee' is present

2023-09-06 09:00:00 - [MESSAGE][WARNING] - Timeout '0' is invalid. Using default page load timeout: '30'

2023-09-06 09:00:01 - [MESSAGE][PASSED] - Object 'Object Repository/Edit Employee Experience/title_Employee' is present

2023-09-06 09:00:01 - [MESSAGE][PASSED] - Call Test Case 'Test Cases/M05 - Employees - Edit Employees - Experience/M05 - Employees - Edit Employees - Experience - 002' successfully

2023-09-06 09:00:01 - [TEST_STEP][PASSED] - click(findTestObject("Add Employee/a_Excel")): Object: 'Object Repository/Add Employee/a_Excel' is clicked on

2023-09-06 09:00:01 - [MESSAGE][PASSED] - Object: 'Object Repository/Add Employee/a_Excel' is clicked on

2023-09-06 09:00:01 - [TEST_STEP][PASSED] - downloadFolder = new java.io.File(C:\Users\ASUS\Downloads\): null

2023-09-06 09:00:01 - [TEST_STEP][PASSED] - namesOfFiles = Arrays.asList(downloadFolder.list()): null

2023-09-06 09:00:01 - [TEST_STEP][PASSED] - if (namesOfFiles.contains("H R System (CI).xlsx")): null

2023-09-06 09:00:01 - [TEST_STEP][PASSED] - println("Success"): null]]></system-out>
         <system-err><![CDATA[]]></system-err>
      </testcase>
      <testcase name="Test Cases/M08 - Employees - List and Add Employees/M08 - Employees - List and Add Employees - 018" time="11.706" classname="Test Cases/M08 - Employees - List and Add Employees/M08 - Employees - List and Add Employees - 018" status="PASSED">
         <system-out><![CDATA[2023-09-06 09:00:01 - [TEST_CASE][PASSED] - Test Cases/M08 - Employees - List and Add Employees/M08 - Employees - List and Add Employees - 018: Test Cases/M08 - Employees - List and Add Employees/M08 - Employees - List and Add Employees - 018

2023-09-06 09:00:02 - [TEST_STEP][PASSED] - callTestCase(findTestCase("M05 - Employees - Edit Employees - Experience/M05 - Employees - Edit Employees - Experience - 002"), [:], STOP_ON_FAILURE): Call Test Case 'Test Cases/M05 - Employees - Edit Employees - Experience/M05 - Employees - Edit Employees - Experience - 002' successfully

2023-09-06 09:00:02 - [TEST_CASE][PASSED] - Test Cases/M05 - Employees - Edit Employees - Experience/M05 - Employees - Edit Employees - Experience - 002: Test Cases/M05 - Employees - Edit Employees - Experience/M05 - Employees - Edit Employees - Experience - 002

2023-09-06 09:00:02 - [TEST_STEP][PASSED] - callTestCase(findTestCase("M05 - Employees - Edit Employees - Experience/M05 - Employees - Edit Employees - Experience - 001"), ["email":"superadmin@mail.com", "pass":"p4y+y39Ir5Pc2g9xt3QkeQ=="], STOP_ON_FAILURE): Call Test Case 'Test Cases/M05 - Employees - Edit Employees - Experience/M05 - Employees - Edit Employees - Experience - 001' successfully

2023-09-06 09:00:02 - [TEST_CASE][PASSED] - Test Cases/M05 - Employees - Edit Employees - Experience/M05 - Employees - Edit Employees - Experience - 001: Test Cases/M05 - Employees - Edit Employees - Experience/M05 - Employees - Edit Employees - Experience - 001

2023-09-06 09:00:02 - [TEST_STEP][PASSED] - openBrowser(url): Browser is opened with url: 'https://10.9.2.63/hrsystem/'

2023-09-06 09:00:02 - [MESSAGE][WARNING] - A browser is already opened. Closing browser and opening a new one

2023-09-06 09:00:03 - [MESSAGE][INFO] - Starting 'Edge Chromium' driver

2023-09-06 09:00:03 - [MESSAGE][INFO] - User set preference: ['acceptInsecureCerts', 'true']

2023-09-06 09:00:05 - [MESSAGE][INFO] - Action delay is set to 0 milliseconds

2023-09-06 09:00:07 - [MESSAGE][PASSED] - Browser is opened with url: 'https://10.9.2.63/hrsystem/'

2023-09-06 09:00:07 - [TEST_STEP][PASSED] - maximizeWindow(): Current window maximized

2023-09-06 09:00:07 - [MESSAGE][PASSED] - Current window maximized

2023-09-06 09:00:07 - [TEST_STEP][PASSED] - setText(findTestObject("Master/input_email"), email): Text 'superadmin@mail.com' is set on object 'Object Repository/Master/input_email'

2023-09-06 09:00:08 - [MESSAGE][PASSED] - Text 'superadmin@mail.com' is set on object 'Object Repository/Master/input_email'

2023-09-06 09:00:08 - [TEST_STEP][PASSED] - setEncryptedText(findTestObject("Master/input_password"), pass): Text ****** has been set on object 'Object Repository/Master/input_password'

2023-09-06 09:00:08 - [MESSAGE][PASSED] - Text ****** has been set on object 'Object Repository/Master/input_password'

2023-09-06 09:00:08 - [TEST_STEP][PASSED] - click(findTestObject("Master/button_login")): Object: 'Object Repository/Master/button_login' is clicked on

2023-09-06 09:00:09 - [MESSAGE][PASSED] - Object: 'Object Repository/Master/button_login' is clicked on

2023-09-06 09:00:09 - [TEST_STEP][PASSED] - verifyElementPresent(findTestObject("Master/dashboard"), 0): Object 'Object Repository/Master/dashboard' is present

2023-09-06 09:00:09 - [MESSAGE][WARNING] - Timeout '0' is invalid. Using default page load timeout: '30'

2023-09-06 09:00:11 - [MESSAGE][PASSED] - Object 'Object Repository/Master/dashboard' is present

2023-09-06 09:00:11 - [MESSAGE][PASSED] - Call Test Case 'Test Cases/M05 - Employees - Edit Employees - Experience/M05 - Employees - Edit Employees - Experience - 001' successfully

2023-09-06 09:00:11 - [TEST_STEP][PASSED] - click(findTestObject("Edit Employee Experience/employee_sidebar")): Object: 'Object Repository/Edit Employee Experience/employee_sidebar' is clicked on

2023-09-06 09:00:11 - [MESSAGE][PASSED] - Object: 'Object Repository/Edit Employee Experience/employee_sidebar' is clicked on

2023-09-06 09:00:11 - [TEST_STEP][PASSED] - click(findTestObject("Edit Employee Experience/dropdown_employee")): Object: 'Object Repository/Edit Employee Experience/dropdown_employee' is clicked on

2023-09-06 09:00:12 - [MESSAGE][PASSED] - Object: 'Object Repository/Edit Employee Experience/dropdown_employee' is clicked on

2023-09-06 09:00:12 - [TEST_STEP][PASSED] - verifyElementPresent(findTestObject("Edit Employee Experience/title_Employee"), 0): Object 'Object Repository/Edit Employee Experience/title_Employee' is present

2023-09-06 09:00:12 - [MESSAGE][WARNING] - Timeout '0' is invalid. Using default page load timeout: '30'

2023-09-06 09:00:13 - [MESSAGE][PASSED] - Object 'Object Repository/Edit Employee Experience/title_Employee' is present

2023-09-06 09:00:13 - [MESSAGE][PASSED] - Call Test Case 'Test Cases/M05 - Employees - Edit Employees - Experience/M05 - Employees - Edit Employees - Experience - 002' successfully

2023-09-06 09:00:13 - [TEST_STEP][PASSED] - click(findTestObject("Add Employee/a_PDF")): Object: 'Object Repository/Add Employee/a_PDF' is clicked on

2023-09-06 09:00:13 - [MESSAGE][PASSED] - Object: 'Object Repository/Add Employee/a_PDF' is clicked on

2023-09-06 09:00:13 - [TEST_STEP][PASSED] - downloadFolder = new java.io.File(C:\Users\ASUS\Downloads\): null

2023-09-06 09:00:13 - [TEST_STEP][PASSED] - namesOfFiles = Arrays.asList(downloadFolder.list()): null

2023-09-06 09:00:13 - [TEST_STEP][PASSED] - if (namesOfFiles.contains("H R System (CI).pdf")): null

2023-09-06 09:00:13 - [TEST_STEP][PASSED] - else: null

2023-09-06 09:00:13 - [TEST_STEP][PASSED] - println("Failure"): null]]></system-out>
         <system-err><![CDATA[]]></system-err>
      </testcase>
      <testcase name="Test Cases/M08 - Employees - List and Add Employees/M08 - Employees - List and Add Employees - 019" time="14.236" classname="Test Cases/M08 - Employees - List and Add Employees/M08 - Employees - List and Add Employees - 019" status="PASSED">
         <system-out><![CDATA[2023-09-06 09:00:13 - [TEST_CASE][PASSED] - Test Cases/M08 - Employees - List and Add Employees/M08 - Employees - List and Add Employees - 019: Test Cases/M08 - Employees - List and Add Employees/M08 - Employees - List and Add Employees - 019

2023-09-06 09:00:14 - [TEST_STEP][PASSED] - callTestCase(findTestCase("M05 - Employees - Edit Employees - Experience/M05 - Employees - Edit Employees - Experience - 002"), [:], STOP_ON_FAILURE): Call Test Case 'Test Cases/M05 - Employees - Edit Employees - Experience/M05 - Employees - Edit Employees - Experience - 002' successfully

2023-09-06 09:00:14 - [TEST_CASE][PASSED] - Test Cases/M05 - Employees - Edit Employees - Experience/M05 - Employees - Edit Employees - Experience - 002: Test Cases/M05 - Employees - Edit Employees - Experience/M05 - Employees - Edit Employees - Experience - 002

2023-09-06 09:00:14 - [TEST_STEP][PASSED] - callTestCase(findTestCase("M05 - Employees - Edit Employees - Experience/M05 - Employees - Edit Employees - Experience - 001"), ["email":"superadmin@mail.com", "pass":"p4y+y39Ir5Pc2g9xt3QkeQ=="], STOP_ON_FAILURE): Call Test Case 'Test Cases/M05 - Employees - Edit Employees - Experience/M05 - Employees - Edit Employees - Experience - 001' successfully

2023-09-06 09:00:14 - [TEST_CASE][PASSED] - Test Cases/M05 - Employees - Edit Employees - Experience/M05 - Employees - Edit Employees - Experience - 001: Test Cases/M05 - Employees - Edit Employees - Experience/M05 - Employees - Edit Employees - Experience - 001

2023-09-06 09:00:14 - [TEST_STEP][PASSED] - openBrowser(url): Browser is opened with url: 'https://10.9.2.63/hrsystem/'

2023-09-06 09:00:14 - [MESSAGE][WARNING] - A browser is already opened. Closing browser and opening a new one

2023-09-06 09:00:15 - [MESSAGE][INFO] - Starting 'Edge Chromium' driver

2023-09-06 09:00:15 - [MESSAGE][INFO] - User set preference: ['acceptInsecureCerts', 'true']

2023-09-06 09:00:17 - [MESSAGE][INFO] - Action delay is set to 0 milliseconds

2023-09-06 09:00:19 - [MESSAGE][PASSED] - Browser is opened with url: 'https://10.9.2.63/hrsystem/'

2023-09-06 09:00:19 - [TEST_STEP][PASSED] - maximizeWindow(): Current window maximized

2023-09-06 09:00:19 - [MESSAGE][PASSED] - Current window maximized

2023-09-06 09:00:19 - [TEST_STEP][PASSED] - setText(findTestObject("Master/input_email"), email): Text 'superadmin@mail.com' is set on object 'Object Repository/Master/input_email'

2023-09-06 09:00:20 - [MESSAGE][PASSED] - Text 'superadmin@mail.com' is set on object 'Object Repository/Master/input_email'

2023-09-06 09:00:20 - [TEST_STEP][PASSED] - setEncryptedText(findTestObject("Master/input_password"), pass): Text ****** has been set on object 'Object Repository/Master/input_password'

2023-09-06 09:00:21 - [MESSAGE][PASSED] - Text ****** has been set on object 'Object Repository/Master/input_password'

2023-09-06 09:00:21 - [TEST_STEP][PASSED] - click(findTestObject("Master/button_login")): Object: 'Object Repository/Master/button_login' is clicked on

2023-09-06 09:00:22 - [MESSAGE][PASSED] - Object: 'Object Repository/Master/button_login' is clicked on

2023-09-06 09:00:22 - [TEST_STEP][PASSED] - verifyElementPresent(findTestObject("Master/dashboard"), 0): Object 'Object Repository/Master/dashboard' is present

2023-09-06 09:00:22 - [MESSAGE][WARNING] - Timeout '0' is invalid. Using default page load timeout: '30'

2023-09-06 09:00:23 - [MESSAGE][PASSED] - Object 'Object Repository/Master/dashboard' is present

2023-09-06 09:00:23 - [MESSAGE][PASSED] - Call Test Case 'Test Cases/M05 - Employees - Edit Employees - Experience/M05 - Employees - Edit Employees - Experience - 001' successfully

2023-09-06 09:00:23 - [TEST_STEP][PASSED] - click(findTestObject("Edit Employee Experience/employee_sidebar")): Object: 'Object Repository/Edit Employee Experience/employee_sidebar' is clicked on

2023-09-06 09:00:25 - [MESSAGE][PASSED] - Object: 'Object Repository/Edit Employee Experience/employee_sidebar' is clicked on

2023-09-06 09:00:25 - [TEST_STEP][PASSED] - click(findTestObject("Edit Employee Experience/dropdown_employee")): Object: 'Object Repository/Edit Employee Experience/dropdown_employee' is clicked on

2023-09-06 09:00:26 - [MESSAGE][PASSED] - Object: 'Object Repository/Edit Employee Experience/dropdown_employee' is clicked on

2023-09-06 09:00:26 - [TEST_STEP][PASSED] - verifyElementPresent(findTestObject("Edit Employee Experience/title_Employee"), 0): Object 'Object Repository/Edit Employee Experience/title_Employee' is present

2023-09-06 09:00:26 - [MESSAGE][WARNING] - Timeout '0' is invalid. Using default page load timeout: '30'

2023-09-06 09:00:27 - [MESSAGE][PASSED] - Object 'Object Repository/Edit Employee Experience/title_Employee' is present

2023-09-06 09:00:27 - [MESSAGE][PASSED] - Call Test Case 'Test Cases/M05 - Employees - Edit Employees - Experience/M05 - Employees - Edit Employees - Experience - 002' successfully

2023-09-06 09:00:27 - [TEST_STEP][PASSED] - click(findTestObject("Add Employee/a_Print")): Object: 'Object Repository/Add Employee/a_Print' is clicked on

2023-09-06 09:00:27 - [MESSAGE][PASSED] - Object: 'Object Repository/Add Employee/a_Print' is clicked on]]></system-out>
         <system-err><![CDATA[]]></system-err>
      </testcase>
      <testcase name="Test Cases/M08 - Employees - List and Add Employees/M08 - Employees - List and Add Employees - 020" time="10.802" classname="Test Cases/M08 - Employees - List and Add Employees/M08 - Employees - List and Add Employees - 020" status="PASSED">
         <system-out><![CDATA[2023-09-06 09:00:27 - [TEST_CASE][PASSED] - Test Cases/M08 - Employees - List and Add Employees/M08 - Employees - List and Add Employees - 020: Test Cases/M08 - Employees - List and Add Employees/M08 - Employees - List and Add Employees - 020

2023-09-06 09:00:28 - [TEST_STEP][PASSED] - callTestCase(findTestCase("M05 - Employees - Edit Employees - Experience/M05 - Employees - Edit Employees - Experience - 002"), [:], STOP_ON_FAILURE): Call Test Case 'Test Cases/M05 - Employees - Edit Employees - Experience/M05 - Employees - Edit Employees - Experience - 002' successfully

2023-09-06 09:00:28 - [TEST_CASE][PASSED] - Test Cases/M05 - Employees - Edit Employees - Experience/M05 - Employees - Edit Employees - Experience - 002: Test Cases/M05 - Employees - Edit Employees - Experience/M05 - Employees - Edit Employees - Experience - 002

2023-09-06 09:00:28 - [TEST_STEP][PASSED] - callTestCase(findTestCase("M05 - Employees - Edit Employees - Experience/M05 - Employees - Edit Employees - Experience - 001"), ["email":"superadmin@mail.com", "pass":"p4y+y39Ir5Pc2g9xt3QkeQ=="], STOP_ON_FAILURE): Call Test Case 'Test Cases/M05 - Employees - Edit Employees - Experience/M05 - Employees - Edit Employees - Experience - 001' successfully

2023-09-06 09:00:28 - [TEST_CASE][PASSED] - Test Cases/M05 - Employees - Edit Employees - Experience/M05 - Employees - Edit Employees - Experience - 001: Test Cases/M05 - Employees - Edit Employees - Experience/M05 - Employees - Edit Employees - Experience - 001

2023-09-06 09:00:28 - [TEST_STEP][PASSED] - openBrowser(url): Browser is opened with url: 'https://10.9.2.63/hrsystem/'

2023-09-06 09:00:28 - [MESSAGE][WARNING] - A browser is already opened. Closing browser and opening a new one

2023-09-06 09:00:29 - [MESSAGE][INFO] - Starting 'Edge Chromium' driver

2023-09-06 09:00:29 - [MESSAGE][INFO] - User set preference: ['acceptInsecureCerts', 'true']

2023-09-06 09:00:31 - [MESSAGE][INFO] - Action delay is set to 0 milliseconds

2023-09-06 09:00:33 - [MESSAGE][PASSED] - Browser is opened with url: 'https://10.9.2.63/hrsystem/'

2023-09-06 09:00:33 - [TEST_STEP][PASSED] - maximizeWindow(): Current window maximized

2023-09-06 09:00:33 - [MESSAGE][PASSED] - Current window maximized

2023-09-06 09:00:33 - [TEST_STEP][PASSED] - setText(findTestObject("Master/input_email"), email): Text 'superadmin@mail.com' is set on object 'Object Repository/Master/input_email'

2023-09-06 09:00:34 - [MESSAGE][PASSED] - Text 'superadmin@mail.com' is set on object 'Object Repository/Master/input_email'

2023-09-06 09:00:34 - [TEST_STEP][PASSED] - setEncryptedText(findTestObject("Master/input_password"), pass): Text ****** has been set on object 'Object Repository/Master/input_password'

2023-09-06 09:00:34 - [MESSAGE][PASSED] - Text ****** has been set on object 'Object Repository/Master/input_password'

2023-09-06 09:00:34 - [TEST_STEP][PASSED] - click(findTestObject("Master/button_login")): Object: 'Object Repository/Master/button_login' is clicked on

2023-09-06 09:00:35 - [MESSAGE][PASSED] - Object: 'Object Repository/Master/button_login' is clicked on

2023-09-06 09:00:35 - [TEST_STEP][PASSED] - verifyElementPresent(findTestObject("Master/dashboard"), 0): Object 'Object Repository/Master/dashboard' is present

2023-09-06 09:00:35 - [MESSAGE][WARNING] - Timeout '0' is invalid. Using default page load timeout: '30'

2023-09-06 09:00:35 - [MESSAGE][PASSED] - Object 'Object Repository/Master/dashboard' is present

2023-09-06 09:00:35 - [MESSAGE][PASSED] - Call Test Case 'Test Cases/M05 - Employees - Edit Employees - Experience/M05 - Employees - Edit Employees - Experience - 001' successfully

2023-09-06 09:00:35 - [TEST_STEP][PASSED] - click(findTestObject("Edit Employee Experience/employee_sidebar")): Object: 'Object Repository/Edit Employee Experience/employee_sidebar' is clicked on

2023-09-06 09:00:36 - [MESSAGE][PASSED] - Object: 'Object Repository/Edit Employee Experience/employee_sidebar' is clicked on

2023-09-06 09:00:36 - [TEST_STEP][PASSED] - click(findTestObject("Edit Employee Experience/dropdown_employee")): Object: 'Object Repository/Edit Employee Experience/dropdown_employee' is clicked on

2023-09-06 09:00:37 - [MESSAGE][PASSED] - Object: 'Object Repository/Edit Employee Experience/dropdown_employee' is clicked on

2023-09-06 09:00:37 - [TEST_STEP][PASSED] - verifyElementPresent(findTestObject("Edit Employee Experience/title_Employee"), 0): Object 'Object Repository/Edit Employee Experience/title_Employee' is present

2023-09-06 09:00:37 - [MESSAGE][WARNING] - Timeout '0' is invalid. Using default page load timeout: '30'

2023-09-06 09:00:38 - [MESSAGE][PASSED] - Object 'Object Repository/Edit Employee Experience/title_Employee' is present

2023-09-06 09:00:38 - [MESSAGE][PASSED] - Call Test Case 'Test Cases/M05 - Employees - Edit Employees - Experience/M05 - Employees - Edit Employees - Experience - 002' successfully

2023-09-06 09:00:38 - [TEST_STEP][PASSED] - click(findTestObject("Add Employee/a_Copy")): Object: 'Object Repository/Add Employee/a_Copy' is clicked on

2023-09-06 09:00:38 - [MESSAGE][PASSED] - Object: 'Object Repository/Add Employee/a_Copy' is clicked on]]></system-out>
         <system-err><![CDATA[]]></system-err>
      </testcase>
      <testcase name="Test Cases/M08 - Employees - List and Add Employees/M08 - Employees - List and Add Employees - 021" time="26.903" classname="Test Cases/M08 - Employees - List and Add Employees/M08 - Employees - List and Add Employees - 021" status="PASSED">
         <system-out><![CDATA[2023-09-06 09:00:38 - [TEST_CASE][PASSED] - Test Cases/M08 - Employees - List and Add Employees/M08 - Employees - List and Add Employees - 021: Test Cases/M08 - Employees - List and Add Employees/M08 - Employees - List and Add Employees - 021

2023-09-06 09:00:39 - [TEST_STEP][PASSED] - callTestCase(findTestCase("M08 - Employees - List and Add Employees/M08 - Employees - List and Add Employees - 003"), [:], STOP_ON_FAILURE): Call Test Case 'Test Cases/M08 - Employees - List and Add Employees/M08 - Employees - List and Add Employees - 003' successfully

2023-09-06 09:00:39 - [TEST_CASE][PASSED] - Test Cases/M08 - Employees - List and Add Employees/M08 - Employees - List and Add Employees - 003: Test Cases/M08 - Employees - List and Add Employees/M08 - Employees - List and Add Employees - 003

2023-09-06 09:00:39 - [TEST_STEP][PASSED] - callTestCase(findTestCase("M08 - Employees - List and Add Employees/M08 - Employees - List and Add Employees - 002"), [:], STOP_ON_FAILURE): Call Test Case 'Test Cases/M08 - Employees - List and Add Employees/M08 - Employees - List and Add Employees - 002' successfully

2023-09-06 09:00:39 - [TEST_CASE][PASSED] - Test Cases/M08 - Employees - List and Add Employees/M08 - Employees - List and Add Employees - 002: Test Cases/M08 - Employees - List and Add Employees/M08 - Employees - List and Add Employees - 002

2023-09-06 09:00:39 - [TEST_STEP][PASSED] - callTestCase(findTestCase("M08 - Employees - List and Add Employees/M08 - Employees - List and Add Employees - 001"), ["email":"superadmin@mail.com", "pass":"p4y+y39Ir5Pc2g9xt3QkeQ=="], STOP_ON_FAILURE): Call Test Case 'Test Cases/M08 - Employees - List and Add Employees/M08 - Employees - List and Add Employees - 001' successfully

2023-09-06 09:00:39 - [TEST_CASE][PASSED] - Test Cases/M08 - Employees - List and Add Employees/M08 - Employees - List and Add Employees - 001: Test Cases/M08 - Employees - List and Add Employees/M08 - Employees - List and Add Employees - 001

2023-09-06 09:00:39 - [TEST_STEP][PASSED] - openBrowser(url): Browser is opened with url: 'https://10.9.2.63/hrsystem/'

2023-09-06 09:00:39 - [MESSAGE][WARNING] - A browser is already opened. Closing browser and opening a new one

2023-09-06 09:00:40 - [MESSAGE][INFO] - Starting 'Edge Chromium' driver

2023-09-06 09:00:40 - [MESSAGE][INFO] - User set preference: ['acceptInsecureCerts', 'true']

2023-09-06 09:00:42 - [MESSAGE][INFO] - Action delay is set to 0 milliseconds

2023-09-06 09:00:43 - [MESSAGE][PASSED] - Browser is opened with url: 'https://10.9.2.63/hrsystem/'

2023-09-06 09:00:43 - [TEST_STEP][PASSED] - maximizeWindow(): Current window maximized

2023-09-06 09:00:44 - [MESSAGE][PASSED] - Current window maximized

2023-09-06 09:00:44 - [TEST_STEP][PASSED] - setText(findTestObject("Master/input_email"), email): Text 'superadmin@mail.com' is set on object 'Object Repository/Master/input_email'

2023-09-06 09:00:44 - [MESSAGE][PASSED] - Text 'superadmin@mail.com' is set on object 'Object Repository/Master/input_email'

2023-09-06 09:00:44 - [TEST_STEP][PASSED] - setEncryptedText(findTestObject("Master/input_password"), pass): Text ****** has been set on object 'Object Repository/Master/input_password'

2023-09-06 09:00:45 - [MESSAGE][PASSED] - Text ****** has been set on object 'Object Repository/Master/input_password'

2023-09-06 09:00:45 - [TEST_STEP][PASSED] - click(findTestObject("Master/button_login")): Object: 'Object Repository/Master/button_login' is clicked on

2023-09-06 09:00:46 - [MESSAGE][PASSED] - Object: 'Object Repository/Master/button_login' is clicked on

2023-09-06 09:00:46 - [TEST_STEP][PASSED] - verifyElementPresent(findTestObject("Master/dashboard"), 0): Object 'Object Repository/Master/dashboard' is present

2023-09-06 09:00:46 - [MESSAGE][WARNING] - Timeout '0' is invalid. Using default page load timeout: '30'

2023-09-06 09:00:47 - [MESSAGE][PASSED] - Object 'Object Repository/Master/dashboard' is present

2023-09-06 09:00:47 - [MESSAGE][PASSED] - Call Test Case 'Test Cases/M08 - Employees - List and Add Employees/M08 - Employees - List and Add Employees - 001' successfully

2023-09-06 09:00:47 - [TEST_STEP][PASSED] - click(findTestObject("Edit Employee Experience/employee_sidebar")): Object: 'Object Repository/Edit Employee Experience/employee_sidebar' is clicked on

2023-09-06 09:00:47 - [MESSAGE][PASSED] - Object: 'Object Repository/Edit Employee Experience/employee_sidebar' is clicked on

2023-09-06 09:00:47 - [TEST_STEP][PASSED] - click(findTestObject("Edit Employee Experience/dropdown_employee")): Object: 'Object Repository/Edit Employee Experience/dropdown_employee' is clicked on

2023-09-06 09:00:48 - [MESSAGE][PASSED] - Object: 'Object Repository/Edit Employee Experience/dropdown_employee' is clicked on

2023-09-06 09:00:48 - [TEST_STEP][PASSED] - verifyElementPresent(findTestObject("Edit Employee Experience/title_Employee"), 0): Object 'Object Repository/Edit Employee Experience/title_Employee' is present

2023-09-06 09:00:49 - [MESSAGE][WARNING] - Timeout '0' is invalid. Using default page load timeout: '30'

2023-09-06 09:00:49 - [MESSAGE][PASSED] - Object 'Object Repository/Edit Employee Experience/title_Employee' is present

2023-09-06 09:00:49 - [MESSAGE][PASSED] - Call Test Case 'Test Cases/M08 - Employees - List and Add Employees/M08 - Employees - List and Add Employees - 002' successfully

2023-09-06 09:00:49 - [TEST_STEP][PASSED] - click(findTestObject("Add Employee/button_add_employee")): Object: 'Object Repository/Add Employee/button_add_employee' is clicked on

2023-09-06 09:00:50 - [MESSAGE][PASSED] - Object: 'Object Repository/Add Employee/button_add_employee' is clicked on

2023-09-06 09:00:50 - [TEST_STEP][PASSED] - verifyElementPresent(findTestObject("Add Employee/title_Employee List"), 0): Object 'Object Repository/Add Employee/title_Employee List' is present

2023-09-06 09:00:50 - [MESSAGE][WARNING] - Timeout '0' is invalid. Using default page load timeout: '30'

2023-09-06 09:00:50 - [MESSAGE][PASSED] - Object 'Object Repository/Add Employee/title_Employee List' is present

2023-09-06 09:00:50 - [MESSAGE][PASSED] - Call Test Case 'Test Cases/M08 - Employees - List and Add Employees/M08 - Employees - List and Add Employees - 003' successfully

2023-09-06 09:00:50 - [TEST_STEP][PASSED] - setText(findTestObject("Add Employee/input_first_name"), ""): Text '' is set on object 'Object Repository/Add Employee/input_first_name'

2023-09-06 09:00:51 - [MESSAGE][PASSED] - Text '' is set on object 'Object Repository/Add Employee/input_first_name'

2023-09-06 09:00:51 - [TEST_STEP][PASSED] - setText(findTestObject("Add Employee/input_last_name"), "Venezuela"): Text 'Venezuela' is set on object 'Object Repository/Add Employee/input_last_name'

2023-09-06 09:00:52 - [MESSAGE][PASSED] - Text 'Venezuela' is set on object 'Object Repository/Add Employee/input_last_name'

2023-09-06 09:00:52 - [TEST_STEP][PASSED] - setText(findTestObject("Spy Add Employee/input_Employee Code_eid"), "12345"): Text '12345' is set on object 'Object Repository/Spy Add Employee/input_Employee Code_eid'

2023-09-06 09:00:53 - [MESSAGE][PASSED] - Text '12345' is set on object 'Object Repository/Spy Add Employee/input_Employee Code_eid'

2023-09-06 09:00:53 - [TEST_STEP][PASSED] - selectOptionByValue(findTestObject("Spy Add Employee/select_department"), "3", false): All options with value '3' are selected in object 'Object Repository/Spy Add Employee/select_department' 

2023-09-06 09:00:54 - [MESSAGE][PASSED] - All options with value '3' are selected in object 'Object Repository/Spy Add Employee/select_department' 

2023-09-06 09:00:54 - [TEST_STEP][PASSED] - selectOptionByValue(findTestObject("Spy Add Employee/select_designation"), "5", false): All options with value '5' are selected in object 'Object Repository/Spy Add Employee/select_designation' 

2023-09-06 09:00:55 - [MESSAGE][PASSED] - All options with value '5' are selected in object 'Object Repository/Spy Add Employee/select_designation' 

2023-09-06 09:00:55 - [TEST_STEP][PASSED] - selectOptionByValue(findTestObject("Spy Add Employee/select_role"), "EMPLOYEE", false): All options with value 'EMPLOYEE' are selected in object 'Object Repository/Spy Add Employee/select_role' 

2023-09-06 09:00:55 - [MESSAGE][PASSED] - All options with value 'EMPLOYEE' are selected in object 'Object Repository/Spy Add Employee/select_role' 

2023-09-06 09:00:55 - [TEST_STEP][PASSED] - selectOptionByValue(findTestObject("Spy Add Employee/select_gender"), "MALE", false): All options with value 'MALE' are selected in object 'Object Repository/Spy Add Employee/select_gender' 

2023-09-06 09:00:56 - [MESSAGE][PASSED] - All options with value 'MALE' are selected in object 'Object Repository/Spy Add Employee/select_gender' 

2023-09-06 09:00:56 - [TEST_STEP][PASSED] - selectOptionByValue(findTestObject("Spy Add Employee/select_blood"), "O+", false): All options with value 'O+' are selected in object 'Object Repository/Spy Add Employee/select_blood' 

2023-09-06 09:00:57 - [MESSAGE][PASSED] - All options with value 'O+' are selected in object 'Object Repository/Spy Add Employee/select_blood' 

2023-09-06 09:00:57 - [TEST_STEP][PASSED] - setText(findTestObject("new/input_NID_nid"), "0987654321"): Text '0987654321' is set on object 'Object Repository/new/input_NID_nid'

2023-09-06 09:00:58 - [MESSAGE][PASSED] - Text '0987654321' is set on object 'Object Repository/new/input_NID_nid'

2023-09-06 09:00:58 - [TEST_STEP][PASSED] - setText(findTestObject("new/input_Contact Number_contact"), "089878987656"): Text '089878987656' is set on object 'Object Repository/new/input_Contact Number_contact'

2023-09-06 09:00:59 - [MESSAGE][PASSED] - Text '089878987656' is set on object 'Object Repository/new/input_Contact Number_contact'

2023-09-06 09:00:59 - [TEST_STEP][PASSED] - setText(findTestObject("new/input_Date Of Birth_dob"), "10/10/2000"): Text '10/10/2000' is set on object 'Object Repository/new/input_Date Of Birth_dob'

2023-09-06 09:01:00 - [MESSAGE][PASSED] - Text '10/10/2000' is set on object 'Object Repository/new/input_Date Of Birth_dob'

2023-09-06 09:01:00 - [TEST_STEP][PASSED] - setText(findTestObject("new/input_Date Of Joining_joindate"), "20/12/2020"): Text '20/12/2020' is set on object 'Object Repository/new/input_Date Of Joining_joindate'

2023-09-06 09:01:01 - [MESSAGE][PASSED] - Text '20/12/2020' is set on object 'Object Repository/new/input_Date Of Joining_joindate'

2023-09-06 09:01:01 - [TEST_STEP][PASSED] - setText(findTestObject("new/input_Date Of Leaving_leavedate"), "10/12/2020"): Text '10/12/2020' is set on object 'Object Repository/new/input_Date Of Leaving_leavedate'

2023-09-06 09:01:02 - [MESSAGE][PASSED] - Text '10/12/2020' is set on object 'Object Repository/new/input_Date Of Leaving_leavedate'

2023-09-06 09:01:02 - [TEST_STEP][PASSED] - setText(findTestObject("new/input_Username_username"), "vinniv"): Text 'vinniv' is set on object 'Object Repository/new/input_Username_username'

2023-09-06 09:01:03 - [MESSAGE][PASSED] - Text 'vinniv' is set on object 'Object Repository/new/input_Username_username'

2023-09-06 09:01:03 - [TEST_STEP][PASSED] - setText(findTestObject("new/input_Email_email"), "vinnvvin@email.com"): Text 'vinnvvin@email.com' is set on object 'Object Repository/new/input_Email_email'

2023-09-06 09:01:04 - [MESSAGE][PASSED] - Text 'vinnvvin@email.com' is set on object 'Object Repository/new/input_Email_email'

2023-09-06 09:01:04 - [TEST_STEP][PASSED] - uploadFile(findTestObject("new/input_Image_image_url"), "C:\Users\ASUS\Downloads\images.jpg"): File 'C:\Users\ASUS\Downloads\images.jpg' sent to object: 'Object Repository/new/input_Image_image_url'

2023-09-06 09:01:04 - [MESSAGE][PASSED] - File 'C:\Users\ASUS\Downloads\images.jpg' sent to object: 'Object Repository/new/input_Image_image_url'

2023-09-06 09:01:04 - [TEST_STEP][PASSED] - click(findTestObject("Add Employee/button_save")): Object: 'Object Repository/Add Employee/button_save' is clicked on

2023-09-06 09:01:05 - [MESSAGE][PASSED] - Object: 'Object Repository/Add Employee/button_save' is clicked on

2023-09-06 09:01:05 - [TEST_STEP][PASSED] - verifyElementText(findTestObject("Add Employee/label_field is required"), "This field is required."): Actual text and expected text of test object 'Object Repository/Add Employee/label_field is required' are matched.

2023-09-06 09:01:05 - [MESSAGE][PASSED] - Actual text and expected text of test object 'Object Repository/Add Employee/label_field is required' are matched.]]></system-out>
         <system-err><![CDATA[]]></system-err>
      </testcase>
      <testcase name="Test Cases/M08 - Employees - List and Add Employees/M08 - Employees - List and Add Employees - 022" time="27.638" classname="Test Cases/M08 - Employees - List and Add Employees/M08 - Employees - List and Add Employees - 022" status="FAILED">
         <failure type="FAILED" message="Test Cases/M08 - Employees - List and Add Employees/M08 - Employees - List and Add Employees - 022 FAILED.
Reason:
com.kms.katalon.core.exception.StepFailedException: Unable to verify text 'Maximum number length is 10' is present 
	at com.kms.katalon.core.webui.keyword.internal.WebUIKeywordMain.stepFailed(WebUIKeywordMain.groovy:64)
	at com.kms.katalon.core.webui.keyword.internal.WebUIKeywordMain.runKeyword(WebUIKeywordMain.groovy:26)
	at com.kms.katalon.core.webui.keyword.builtin.VerifyTextPresentKeyword.verifyTextPresent(VerifyTextPresentKeyword.groovy:83)
	at com.kms.katalon.core.webui.keyword.builtin.VerifyTextPresentKeyword.execute(VerifyTextPresentKeyword.groovy:68)
	at com.kms.katalon.core.keyword.internal.KeywordExecutor.executeKeywordForPlatform(KeywordExecutor.groovy:74)
	at com.kms.katalon.core.webui.keyword.WebUiBuiltInKeywords.verifyTextPresent(WebUiBuiltInKeywords.groovy:1723)
	at com.kms.katalon.core.webui.keyword.WebUiBuiltInKeywords$verifyTextPresent$11.call(Unknown Source)
	at M08 - Employees - List and Add Employees - 022.run(M08 - Employees - List and Add Employees - 022:57)
	at com.kms.katalon.core.main.ScriptEngine.run(ScriptEngine.java:194)
	at com.kms.katalon.core.main.ScriptEngine.runScriptAsRawText(ScriptEngine.java:119)
	at com.kms.katalon.core.main.TestCaseExecutor.runScript(TestCaseExecutor.java:448)
	at com.kms.katalon.core.main.TestCaseExecutor.doExecute(TestCaseExecutor.java:439)
	at com.kms.katalon.core.main.TestCaseExecutor.processExecutionPhase(TestCaseExecutor.java:418)
	at com.kms.katalon.core.main.TestCaseExecutor.accessMainPhase(TestCaseExecutor.java:410)
	at com.kms.katalon.core.main.TestCaseExecutor.execute(TestCaseExecutor.java:285)
	at com.kms.katalon.core.common.CommonExecutor.accessTestCaseMainPhase(CommonExecutor.java:65)
	at com.kms.katalon.core.main.TestSuiteExecutor.accessTestSuiteMainPhase(TestSuiteExecutor.java:148)
	at com.kms.katalon.core.main.TestSuiteExecutor.execute(TestSuiteExecutor.java:106)
	at com.kms.katalon.core.main.TestCaseMain.startTestSuite(TestCaseMain.java:187)
	at com.kms.katalon.core.main.TestCaseMain$startTestSuite$0.call(Unknown Source)
	at TempTestSuite1693965237849.run(TempTestSuite1693965237849.groovy:36)
Caused by: com.kms.katalon.core.exception.StepFailedException: Text 'Maximum number length is 10' is not present on page 
	at com.kms.katalon.core.webui.keyword.internal.WebUIKeywordMain.stepFailed(WebUIKeywordMain.groovy:64)
	at com.kms.katalon.core.webui.keyword.builtin.VerifyTextPresentKeyword$_verifyTextPresent_closure1.doCall(VerifyTextPresentKeyword.groovy:79)
	at com.kms.katalon.core.webui.keyword.builtin.VerifyTextPresentKeyword$_verifyTextPresent_closure1.call(VerifyTextPresentKeyword.groovy)
	at com.kms.katalon.core.webui.keyword.internal.WebUIKeywordMain.runKeyword(WebUIKeywordMain.groovy:20)
	... 19 more
"/>
         <system-out><![CDATA[2023-09-06 09:01:05 - [TEST_CASE][FAILED] - Test Cases/M08 - Employees - List and Add Employees/M08 - Employees - List and Add Employees - 022: Test Cases/M08 - Employees - List and Add Employees/M08 - Employees - List and Add Employees - 022 FAILED.
Reason:
com.kms.katalon.core.exception.StepFailedException: Unable to verify text 'Maximum number length is 10' is present 
	at com.kms.katalon.core.webui.keyword.internal.WebUIKeywordMain.stepFailed(WebUIKeywordMain.groovy:64)
	at com.kms.katalon.core.webui.keyword.internal.WebUIKeywordMain.runKeyword(WebUIKeywordMain.groovy:26)
	at com.kms.katalon.core.webui.keyword.builtin.VerifyTextPresentKeyword.verifyTextPresent(VerifyTextPresentKeyword.groovy:83)
	at com.kms.katalon.core.webui.keyword.builtin.VerifyTextPresentKeyword.execute(VerifyTextPresentKeyword.groovy:68)
	at com.kms.katalon.core.keyword.internal.KeywordExecutor.executeKeywordForPlatform(KeywordExecutor.groovy:74)
	at com.kms.katalon.core.webui.keyword.WebUiBuiltInKeywords.verifyTextPresent(WebUiBuiltInKeywords.groovy:1723)
	at com.kms.katalon.core.webui.keyword.WebUiBuiltInKeywords$verifyTextPresent$11.call(Unknown Source)
	at M08 - Employees - List and Add Employees - 022.run(M08 - Employees - List and Add Employees - 022:57)
	at com.kms.katalon.core.main.ScriptEngine.run(ScriptEngine.java:194)
	at com.kms.katalon.core.main.ScriptEngine.runScriptAsRawText(ScriptEngine.java:119)
	at com.kms.katalon.core.main.TestCaseExecutor.runScript(TestCaseExecutor.java:448)
	at com.kms.katalon.core.main.TestCaseExecutor.doExecute(TestCaseExecutor.java:439)
	at com.kms.katalon.core.main.TestCaseExecutor.processExecutionPhase(TestCaseExecutor.java:418)
	at com.kms.katalon.core.main.TestCaseExecutor.accessMainPhase(TestCaseExecutor.java:410)
	at com.kms.katalon.core.main.TestCaseExecutor.execute(TestCaseExecutor.java:285)
	at com.kms.katalon.core.common.CommonExecutor.accessTestCaseMainPhase(CommonExecutor.java:65)
	at com.kms.katalon.core.main.TestSuiteExecutor.accessTestSuiteMainPhase(TestSuiteExecutor.java:148)
	at com.kms.katalon.core.main.TestSuiteExecutor.execute(TestSuiteExecutor.java:106)
	at com.kms.katalon.core.main.TestCaseMain.startTestSuite(TestCaseMain.java:187)
	at com.kms.katalon.core.main.TestCaseMain$startTestSuite$0.call(Unknown Source)
	at TempTestSuite1693965237849.run(TempTestSuite1693965237849.groovy:36)
Caused by: com.kms.katalon.core.exception.StepFailedException: Text 'Maximum number length is 10' is not present on page 
	at com.kms.katalon.core.webui.keyword.internal.WebUIKeywordMain.stepFailed(WebUIKeywordMain.groovy:64)
	at com.kms.katalon.core.webui.keyword.builtin.VerifyTextPresentKeyword$_verifyTextPresent_closure1.doCall(VerifyTextPresentKeyword.groovy:79)
	at com.kms.katalon.core.webui.keyword.builtin.VerifyTextPresentKeyword$_verifyTextPresent_closure1.call(VerifyTextPresentKeyword.groovy)
	at com.kms.katalon.core.webui.keyword.internal.WebUIKeywordMain.runKeyword(WebUIKeywordMain.groovy:20)
	... 19 more


2023-09-06 09:01:05 - [TEST_STEP][PASSED] - callTestCase(findTestCase("M08 - Employees - List and Add Employees/M08 - Employees - List and Add Employees - 003"), [:], STOP_ON_FAILURE): Call Test Case 'Test Cases/M08 - Employees - List and Add Employees/M08 - Employees - List and Add Employees - 003' successfully

2023-09-06 09:01:05 - [TEST_CASE][PASSED] - Test Cases/M08 - Employees - List and Add Employees/M08 - Employees - List and Add Employees - 003: Test Cases/M08 - Employees - List and Add Employees/M08 - Employees - List and Add Employees - 003

2023-09-06 09:01:05 - [TEST_STEP][PASSED] - callTestCase(findTestCase("M08 - Employees - List and Add Employees/M08 - Employees - List and Add Employees - 002"), [:], STOP_ON_FAILURE): Call Test Case 'Test Cases/M08 - Employees - List and Add Employees/M08 - Employees - List and Add Employees - 002' successfully

2023-09-06 09:01:06 - [TEST_CASE][PASSED] - Test Cases/M08 - Employees - List and Add Employees/M08 - Employees - List and Add Employees - 002: Test Cases/M08 - Employees - List and Add Employees/M08 - Employees - List and Add Employees - 002

2023-09-06 09:01:06 - [TEST_STEP][PASSED] - callTestCase(findTestCase("M08 - Employees - List and Add Employees/M08 - Employees - List and Add Employees - 001"), ["email":"superadmin@mail.com", "pass":"p4y+y39Ir5Pc2g9xt3QkeQ=="], STOP_ON_FAILURE): Call Test Case 'Test Cases/M08 - Employees - List and Add Employees/M08 - Employees - List and Add Employees - 001' successfully

2023-09-06 09:01:06 - [TEST_CASE][PASSED] - Test Cases/M08 - Employees - List and Add Employees/M08 - Employees - List and Add Employees - 001: Test Cases/M08 - Employees - List and Add Employees/M08 - Employees - List and Add Employees - 001

2023-09-06 09:01:06 - [TEST_STEP][PASSED] - openBrowser(url): Browser is opened with url: 'https://10.9.2.63/hrsystem/'

2023-09-06 09:01:06 - [MESSAGE][WARNING] - A browser is already opened. Closing browser and opening a new one

2023-09-06 09:01:06 - [MESSAGE][INFO] - Starting 'Edge Chromium' driver

2023-09-06 09:01:06 - [MESSAGE][INFO] - User set preference: ['acceptInsecureCerts', 'true']

2023-09-06 09:01:09 - [MESSAGE][INFO] - Action delay is set to 0 milliseconds

2023-09-06 09:01:10 - [MESSAGE][PASSED] - Browser is opened with url: 'https://10.9.2.63/hrsystem/'

2023-09-06 09:01:10 - [TEST_STEP][PASSED] - maximizeWindow(): Current window maximized

2023-09-06 09:01:10 - [MESSAGE][PASSED] - Current window maximized

2023-09-06 09:01:10 - [TEST_STEP][PASSED] - setText(findTestObject("Master/input_email"), email): Text 'superadmin@mail.com' is set on object 'Object Repository/Master/input_email'

2023-09-06 09:01:11 - [MESSAGE][PASSED] - Text 'superadmin@mail.com' is set on object 'Object Repository/Master/input_email'

2023-09-06 09:01:11 - [TEST_STEP][PASSED] - setEncryptedText(findTestObject("Master/input_password"), pass): Text ****** has been set on object 'Object Repository/Master/input_password'

2023-09-06 09:01:12 - [MESSAGE][PASSED] - Text ****** has been set on object 'Object Repository/Master/input_password'

2023-09-06 09:01:12 - [TEST_STEP][PASSED] - click(findTestObject("Master/button_login")): Object: 'Object Repository/Master/button_login' is clicked on

2023-09-06 09:01:13 - [MESSAGE][PASSED] - Object: 'Object Repository/Master/button_login' is clicked on

2023-09-06 09:01:13 - [TEST_STEP][PASSED] - verifyElementPresent(findTestObject("Master/dashboard"), 0): Object 'Object Repository/Master/dashboard' is present

2023-09-06 09:01:13 - [MESSAGE][WARNING] - Timeout '0' is invalid. Using default page load timeout: '30'

2023-09-06 09:01:14 - [MESSAGE][PASSED] - Object 'Object Repository/Master/dashboard' is present

2023-09-06 09:01:14 - [MESSAGE][PASSED] - Call Test Case 'Test Cases/M08 - Employees - List and Add Employees/M08 - Employees - List and Add Employees - 001' successfully

2023-09-06 09:01:14 - [TEST_STEP][PASSED] - click(findTestObject("Edit Employee Experience/employee_sidebar")): Object: 'Object Repository/Edit Employee Experience/employee_sidebar' is clicked on

2023-09-06 09:01:15 - [MESSAGE][PASSED] - Object: 'Object Repository/Edit Employee Experience/employee_sidebar' is clicked on

2023-09-06 09:01:15 - [TEST_STEP][PASSED] - click(findTestObject("Edit Employee Experience/dropdown_employee")): Object: 'Object Repository/Edit Employee Experience/dropdown_employee' is clicked on

2023-09-06 09:01:16 - [MESSAGE][PASSED] - Object: 'Object Repository/Edit Employee Experience/dropdown_employee' is clicked on

2023-09-06 09:01:16 - [TEST_STEP][PASSED] - verifyElementPresent(findTestObject("Edit Employee Experience/title_Employee"), 0): Object 'Object Repository/Edit Employee Experience/title_Employee' is present

2023-09-06 09:01:16 - [MESSAGE][WARNING] - Timeout '0' is invalid. Using default page load timeout: '30'

2023-09-06 09:01:16 - [MESSAGE][PASSED] - Object 'Object Repository/Edit Employee Experience/title_Employee' is present

2023-09-06 09:01:16 - [MESSAGE][PASSED] - Call Test Case 'Test Cases/M08 - Employees - List and Add Employees/M08 - Employees - List and Add Employees - 002' successfully

2023-09-06 09:01:16 - [TEST_STEP][PASSED] - click(findTestObject("Add Employee/button_add_employee")): Object: 'Object Repository/Add Employee/button_add_employee' is clicked on

2023-09-06 09:01:17 - [MESSAGE][PASSED] - Object: 'Object Repository/Add Employee/button_add_employee' is clicked on

2023-09-06 09:01:17 - [TEST_STEP][PASSED] - verifyElementPresent(findTestObject("Add Employee/title_Employee List"), 0): Object 'Object Repository/Add Employee/title_Employee List' is present

2023-09-06 09:01:17 - [MESSAGE][WARNING] - Timeout '0' is invalid. Using default page load timeout: '30'

2023-09-06 09:01:17 - [MESSAGE][PASSED] - Object 'Object Repository/Add Employee/title_Employee List' is present

2023-09-06 09:01:17 - [MESSAGE][PASSED] - Call Test Case 'Test Cases/M08 - Employees - List and Add Employees/M08 - Employees - List and Add Employees - 003' successfully

2023-09-06 09:01:17 - [TEST_STEP][PASSED] - setText(findTestObject("Add Employee/input_first_name"), "Alvin"): Text 'Alvin' is set on object 'Object Repository/Add Employee/input_first_name'

2023-09-06 09:01:18 - [MESSAGE][PASSED] - Text 'Alvin' is set on object 'Object Repository/Add Employee/input_first_name'

2023-09-06 09:01:18 - [TEST_STEP][PASSED] - setText(findTestObject("Add Employee/input_last_name"), "Venezuela"): Text 'Venezuela' is set on object 'Object Repository/Add Employee/input_last_name'

2023-09-06 09:01:19 - [MESSAGE][PASSED] - Text 'Venezuela' is set on object 'Object Repository/Add Employee/input_last_name'

2023-09-06 09:01:19 - [TEST_STEP][PASSED] - setText(findTestObject("Spy Add Employee/input_Employee Code_eid"), "12345"): Text '12345' is set on object 'Object Repository/Spy Add Employee/input_Employee Code_eid'

2023-09-06 09:01:20 - [MESSAGE][PASSED] - Text '12345' is set on object 'Object Repository/Spy Add Employee/input_Employee Code_eid'

2023-09-06 09:01:20 - [TEST_STEP][PASSED] - selectOptionByValue(findTestObject("Spy Add Employee/select_department"), "3", false): All options with value '3' are selected in object 'Object Repository/Spy Add Employee/select_department' 

2023-09-06 09:01:21 - [MESSAGE][PASSED] - All options with value '3' are selected in object 'Object Repository/Spy Add Employee/select_department' 

2023-09-06 09:01:21 - [TEST_STEP][PASSED] - selectOptionByValue(findTestObject("Spy Add Employee/select_designation"), "5", false): All options with value '5' are selected in object 'Object Repository/Spy Add Employee/select_designation' 

2023-09-06 09:01:22 - [MESSAGE][PASSED] - All options with value '5' are selected in object 'Object Repository/Spy Add Employee/select_designation' 

2023-09-06 09:01:22 - [TEST_STEP][PASSED] - selectOptionByValue(findTestObject("Spy Add Employee/select_role"), "EMPLOYEE", false): All options with value 'EMPLOYEE' are selected in object 'Object Repository/Spy Add Employee/select_role' 

2023-09-06 09:01:23 - [MESSAGE][PASSED] - All options with value 'EMPLOYEE' are selected in object 'Object Repository/Spy Add Employee/select_role' 

2023-09-06 09:01:23 - [TEST_STEP][PASSED] - selectOptionByValue(findTestObject("Spy Add Employee/select_gender"), "MALE", false): All options with value 'MALE' are selected in object 'Object Repository/Spy Add Employee/select_gender' 

2023-09-06 09:01:23 - [MESSAGE][PASSED] - All options with value 'MALE' are selected in object 'Object Repository/Spy Add Employee/select_gender' 

2023-09-06 09:01:23 - [TEST_STEP][PASSED] - selectOptionByValue(findTestObject("Spy Add Employee/select_blood"), "O+", false): All options with value 'O+' are selected in object 'Object Repository/Spy Add Employee/select_blood' 

2023-09-06 09:01:24 - [MESSAGE][PASSED] - All options with value 'O+' are selected in object 'Object Repository/Spy Add Employee/select_blood' 

2023-09-06 09:01:24 - [TEST_STEP][PASSED] - setText(findTestObject("new/input_NID_nid"), "123456789011"): Text '123456789011' is set on object 'Object Repository/new/input_NID_nid'

2023-09-06 09:01:25 - [MESSAGE][PASSED] - Text '123456789011' is set on object 'Object Repository/new/input_NID_nid'

2023-09-06 09:01:25 - [TEST_STEP][PASSED] - setText(findTestObject("new/input_Contact Number_contact"), "089878987656"): Text '089878987656' is set on object 'Object Repository/new/input_Contact Number_contact'

2023-09-06 09:01:26 - [MESSAGE][PASSED] - Text '089878987656' is set on object 'Object Repository/new/input_Contact Number_contact'

2023-09-06 09:01:26 - [TEST_STEP][PASSED] - setText(findTestObject("new/input_Date Of Birth_dob"), "10/10/2000"): Text '10/10/2000' is set on object 'Object Repository/new/input_Date Of Birth_dob'

2023-09-06 09:01:27 - [MESSAGE][PASSED] - Text '10/10/2000' is set on object 'Object Repository/new/input_Date Of Birth_dob'

2023-09-06 09:01:27 - [TEST_STEP][PASSED] - setText(findTestObject("new/input_Date Of Joining_joindate"), "20/12/2020"): Text '20/12/2020' is set on object 'Object Repository/new/input_Date Of Joining_joindate'

2023-09-06 09:01:28 - [MESSAGE][PASSED] - Text '20/12/2020' is set on object 'Object Repository/new/input_Date Of Joining_joindate'

2023-09-06 09:01:28 - [TEST_STEP][PASSED] - setText(findTestObject("new/input_Date Of Leaving_leavedate"), "10/12/2020"): Text '10/12/2020' is set on object 'Object Repository/new/input_Date Of Leaving_leavedate'

2023-09-06 09:01:29 - [MESSAGE][PASSED] - Text '10/12/2020' is set on object 'Object Repository/new/input_Date Of Leaving_leavedate'

2023-09-06 09:01:29 - [TEST_STEP][PASSED] - setText(findTestObject("new/input_Username_username"), "vinniv"): Text 'vinniv' is set on object 'Object Repository/new/input_Username_username'

2023-09-06 09:01:30 - [MESSAGE][PASSED] - Text 'vinniv' is set on object 'Object Repository/new/input_Username_username'

2023-09-06 09:01:30 - [TEST_STEP][PASSED] - setText(findTestObject("new/input_Email_email"), "niv@email.com"): Text 'niv@email.com' is set on object 'Object Repository/new/input_Email_email'

2023-09-06 09:01:31 - [MESSAGE][PASSED] - Text 'niv@email.com' is set on object 'Object Repository/new/input_Email_email'

2023-09-06 09:01:31 - [TEST_STEP][PASSED] - uploadFile(findTestObject("new/input_Image_image_url"), "C:\Users\ASUS\Downloads\images.jpg"): File 'C:\Users\ASUS\Downloads\images.jpg' sent to object: 'Object Repository/new/input_Image_image_url'

2023-09-06 09:01:31 - [MESSAGE][PASSED] - File 'C:\Users\ASUS\Downloads\images.jpg' sent to object: 'Object Repository/new/input_Image_image_url'

2023-09-06 09:01:31 - [TEST_STEP][PASSED] - click(findTestObject("Add Employee/button_save")): Object: 'Object Repository/Add Employee/button_save' is clicked on

2023-09-06 09:01:32 - [MESSAGE][PASSED] - Object: 'Object Repository/Add Employee/button_save' is clicked on

2023-09-06 09:01:32 - [TEST_STEP][FAILED] - verifyTextPresent("Maximum number length is 10", false): Unable to verify text 'Maximum number length is 10' is present  (Root cause: com.kms.katalon.core.exception.StepFailedException: Unable to verify text 'Maximum number length is 10' is present 
	at com.kms.katalon.core.webui.keyword.internal.WebUIKeywordMain.stepFailed(WebUIKeywordMain.groovy:64)
	at com.kms.katalon.core.webui.keyword.internal.WebUIKeywordMain.runKeyword(WebUIKeywordMain.groovy:26)
	at com.kms.katalon.core.webui.keyword.builtin.VerifyTextPresentKeyword.verifyTextPresent(VerifyTextPresentKeyword.groovy:83)
	at com.kms.katalon.core.webui.keyword.builtin.VerifyTextPresentKeyword.execute(VerifyTextPresentKeyword.groovy:68)
	at com.kms.katalon.core.keyword.internal.KeywordExecutor.executeKeywordForPlatform(KeywordExecutor.groovy:74)
	at com.kms.katalon.core.webui.keyword.WebUiBuiltInKeywords.verifyTextPresent(WebUiBuiltInKeywords.groovy:1723)
	at com.kms.katalon.core.webui.keyword.WebUiBuiltInKeywords$verifyTextPresent$11.call(Unknown Source)
	at M08 - Employees - List and Add Employees - 022.run(M08 - Employees - List and Add Employees - 022:57)
	at com.kms.katalon.core.main.ScriptEngine.run(ScriptEngine.java:194)
	at com.kms.katalon.core.main.ScriptEngine.runScriptAsRawText(ScriptEngine.java:119)
	at com.kms.katalon.core.main.TestCaseExecutor.runScript(TestCaseExecutor.java:448)
	at com.kms.katalon.core.main.TestCaseExecutor.doExecute(TestCaseExecutor.java:439)
	at com.kms.katalon.core.main.TestCaseExecutor.processExecutionPhase(TestCaseExecutor.java:418)
	at com.kms.katalon.core.main.TestCaseExecutor.accessMainPhase(TestCaseExecutor.java:410)
	at com.kms.katalon.core.main.TestCaseExecutor.execute(TestCaseExecutor.java:285)
	at com.kms.katalon.core.common.CommonExecutor.accessTestCaseMainPhase(CommonExecutor.java:65)
	at com.kms.katalon.core.main.TestSuiteExecutor.accessTestSuiteMainPhase(TestSuiteExecutor.java:148)
	at com.kms.katalon.core.main.TestSuiteExecutor.execute(TestSuiteExecutor.java:106)
	at com.kms.katalon.core.main.TestCaseMain.startTestSuite(TestCaseMain.java:187)
	at com.kms.katalon.core.main.TestCaseMain$startTestSuite$0.call(Unknown Source)
	at TempTestSuite1693965237849.run(TempTestSuite1693965237849.groovy:36)
Caused by: com.kms.katalon.core.exception.StepFailedException: Text 'Maximum number length is 10' is not present on page 
	at com.kms.katalon.core.webui.keyword.internal.WebUIKeywordMain.stepFailed(WebUIKeywordMain.groovy:64)
	at com.kms.katalon.core.webui.keyword.builtin.VerifyTextPresentKeyword$_verifyTextPresent_closure1.doCall(VerifyTextPresentKeyword.groovy:79)
	at com.kms.katalon.core.webui.keyword.builtin.VerifyTextPresentKeyword$_verifyTextPresent_closure1.call(VerifyTextPresentKeyword.groovy)
	at com.kms.katalon.core.webui.keyword.internal.WebUIKeywordMain.runKeyword(WebUIKeywordMain.groovy:20)
	... 19 more
)

2023-09-06 09:01:33 - [MESSAGE][FAILED] - Text 'Maximum number length is 10' is not present on page  (Root cause: com.kms.katalon.core.exception.StepFailedException: Text 'Maximum number length is 10' is not present on page 
	at com.kms.katalon.core.webui.keyword.internal.WebUIKeywordMain.stepFailed(WebUIKeywordMain.groovy:64)
	at com.kms.katalon.core.webui.keyword.builtin.VerifyTextPresentKeyword$_verifyTextPresent_closure1.doCall(VerifyTextPresentKeyword.groovy:79)
	at com.kms.katalon.core.webui.keyword.builtin.VerifyTextPresentKeyword$_verifyTextPresent_closure1.call(VerifyTextPresentKeyword.groovy)
	at com.kms.katalon.core.webui.keyword.internal.WebUIKeywordMain.runKeyword(WebUIKeywordMain.groovy:20)
	at com.kms.katalon.core.webui.keyword.builtin.VerifyTextPresentKeyword.verifyTextPresent(VerifyTextPresentKeyword.groovy:83)
	at com.kms.katalon.core.webui.keyword.builtin.VerifyTextPresentKeyword.execute(VerifyTextPresentKeyword.groovy:68)
	at com.kms.katalon.core.keyword.internal.KeywordExecutor.executeKeywordForPlatform(KeywordExecutor.groovy:74)
	at com.kms.katalon.core.webui.keyword.WebUiBuiltInKeywords.verifyTextPresent(WebUiBuiltInKeywords.groovy:1723)
	at com.kms.katalon.core.webui.keyword.WebUiBuiltInKeywords$verifyTextPresent$11.call(Unknown Source)
	at M08 - Employees - List and Add Employees - 022.run(M08 - Employees - List and Add Employees - 022:57)
	at com.kms.katalon.core.main.ScriptEngine.run(ScriptEngine.java:194)
	at com.kms.katalon.core.main.ScriptEngine.runScriptAsRawText(ScriptEngine.java:119)
	at com.kms.katalon.core.main.TestCaseExecutor.runScript(TestCaseExecutor.java:448)
	at com.kms.katalon.core.main.TestCaseExecutor.doExecute(TestCaseExecutor.java:439)
	at com.kms.katalon.core.main.TestCaseExecutor.processExecutionPhase(TestCaseExecutor.java:418)
	at com.kms.katalon.core.main.TestCaseExecutor.accessMainPhase(TestCaseExecutor.java:410)
	at com.kms.katalon.core.main.TestCaseExecutor.execute(TestCaseExecutor.java:285)
	at com.kms.katalon.core.common.CommonExecutor.accessTestCaseMainPhase(CommonExecutor.java:65)
	at com.kms.katalon.core.main.TestSuiteExecutor.accessTestSuiteMainPhase(TestSuiteExecutor.java:148)
	at com.kms.katalon.core.main.TestSuiteExecutor.execute(TestSuiteExecutor.java:106)
	at com.kms.katalon.core.main.TestCaseMain.startTestSuite(TestCaseMain.java:187)
	at com.kms.katalon.core.main.TestCaseMain$startTestSuite$0.call(Unknown Source)
	at TempTestSuite1693965237849.run(TempTestSuite1693965237849.groovy:36)
)

2023-09-06 09:01:33 - [MESSAGE][FAILED] - Unable to verify text 'Maximum number length is 10' is present  (Root cause: com.kms.katalon.core.exception.StepFailedException: Unable to verify text 'Maximum number length is 10' is present 
	at com.kms.katalon.core.webui.keyword.internal.WebUIKeywordMain.stepFailed(WebUIKeywordMain.groovy:64)
	at com.kms.katalon.core.webui.keyword.internal.WebUIKeywordMain.runKeyword(WebUIKeywordMain.groovy:26)
	at com.kms.katalon.core.webui.keyword.builtin.VerifyTextPresentKeyword.verifyTextPresent(VerifyTextPresentKeyword.groovy:83)
	at com.kms.katalon.core.webui.keyword.builtin.VerifyTextPresentKeyword.execute(VerifyTextPresentKeyword.groovy:68)
	at com.kms.katalon.core.keyword.internal.KeywordExecutor.executeKeywordForPlatform(KeywordExecutor.groovy:74)
	at com.kms.katalon.core.webui.keyword.WebUiBuiltInKeywords.verifyTextPresent(WebUiBuiltInKeywords.groovy:1723)
	at com.kms.katalon.core.webui.keyword.WebUiBuiltInKeywords$verifyTextPresent$11.call(Unknown Source)
	at M08 - Employees - List and Add Employees - 022.run(M08 - Employees - List and Add Employees - 022:57)
	at com.kms.katalon.core.main.ScriptEngine.run(ScriptEngine.java:194)
	at com.kms.katalon.core.main.ScriptEngine.runScriptAsRawText(ScriptEngine.java:119)
	at com.kms.katalon.core.main.TestCaseExecutor.runScript(TestCaseExecutor.java:448)
	at com.kms.katalon.core.main.TestCaseExecutor.doExecute(TestCaseExecutor.java:439)
	at com.kms.katalon.core.main.TestCaseExecutor.processExecutionPhase(TestCaseExecutor.java:418)
	at com.kms.katalon.core.main.TestCaseExecutor.accessMainPhase(TestCaseExecutor.java:410)
	at com.kms.katalon.core.main.TestCaseExecutor.execute(TestCaseExecutor.java:285)
	at com.kms.katalon.core.common.CommonExecutor.accessTestCaseMainPhase(CommonExecutor.java:65)
	at com.kms.katalon.core.main.TestSuiteExecutor.accessTestSuiteMainPhase(TestSuiteExecutor.java:148)
	at com.kms.katalon.core.main.TestSuiteExecutor.execute(TestSuiteExecutor.java:106)
	at com.kms.katalon.core.main.TestCaseMain.startTestSuite(TestCaseMain.java:187)
	at com.kms.katalon.core.main.TestCaseMain$startTestSuite$0.call(Unknown Source)
	at TempTestSuite1693965237849.run(TempTestSuite1693965237849.groovy:36)
Caused by: com.kms.katalon.core.exception.StepFailedException: Text 'Maximum number length is 10' is not present on page 
	at com.kms.katalon.core.webui.keyword.internal.WebUIKeywordMain.stepFailed(WebUIKeywordMain.groovy:64)
	at com.kms.katalon.core.webui.keyword.builtin.VerifyTextPresentKeyword$_verifyTextPresent_closure1.doCall(VerifyTextPresentKeyword.groovy:79)
	at com.kms.katalon.core.webui.keyword.builtin.VerifyTextPresentKeyword$_verifyTextPresent_closure1.call(VerifyTextPresentKeyword.groovy)
	at com.kms.katalon.core.webui.keyword.internal.WebUIKeywordMain.runKeyword(WebUIKeywordMain.groovy:20)
	... 19 more
)
[[ATTACHMENT|D:\\xsis\\batch-324-qa\\bagus\\Mini Project HRS\\Reports\\20230906_085357\\M8\\20230906_085357\\1693965693023.png]]]]></system-out>
         <system-err><![CDATA[2023-09-06 09:01:05 - [TEST_CASE][FAILED] - Test Cases/M08 - Employees - List and Add Employees/M08 - Employees - List and Add Employees - 022: Test Cases/M08 - Employees - List and Add Employees/M08 - Employees - List and Add Employees - 022 FAILED.
Reason:
com.kms.katalon.core.exception.StepFailedException: Unable to verify text 'Maximum number length is 10' is present 
	at com.kms.katalon.core.webui.keyword.internal.WebUIKeywordMain.stepFailed(WebUIKeywordMain.groovy:64)
	at com.kms.katalon.core.webui.keyword.internal.WebUIKeywordMain.runKeyword(WebUIKeywordMain.groovy:26)
	at com.kms.katalon.core.webui.keyword.builtin.VerifyTextPresentKeyword.verifyTextPresent(VerifyTextPresentKeyword.groovy:83)
	at com.kms.katalon.core.webui.keyword.builtin.VerifyTextPresentKeyword.execute(VerifyTextPresentKeyword.groovy:68)
	at com.kms.katalon.core.keyword.internal.KeywordExecutor.executeKeywordForPlatform(KeywordExecutor.groovy:74)
	at com.kms.katalon.core.webui.keyword.WebUiBuiltInKeywords.verifyTextPresent(WebUiBuiltInKeywords.groovy:1723)
	at com.kms.katalon.core.webui.keyword.WebUiBuiltInKeywords$verifyTextPresent$11.call(Unknown Source)
	at M08 - Employees - List and Add Employees - 022.run(M08 - Employees - List and Add Employees - 022:57)
	at com.kms.katalon.core.main.ScriptEngine.run(ScriptEngine.java:194)
	at com.kms.katalon.core.main.ScriptEngine.runScriptAsRawText(ScriptEngine.java:119)
	at com.kms.katalon.core.main.TestCaseExecutor.runScript(TestCaseExecutor.java:448)
	at com.kms.katalon.core.main.TestCaseExecutor.doExecute(TestCaseExecutor.java:439)
	at com.kms.katalon.core.main.TestCaseExecutor.processExecutionPhase(TestCaseExecutor.java:418)
	at com.kms.katalon.core.main.TestCaseExecutor.accessMainPhase(TestCaseExecutor.java:410)
	at com.kms.katalon.core.main.TestCaseExecutor.execute(TestCaseExecutor.java:285)
	at com.kms.katalon.core.common.CommonExecutor.accessTestCaseMainPhase(CommonExecutor.java:65)
	at com.kms.katalon.core.main.TestSuiteExecutor.accessTestSuiteMainPhase(TestSuiteExecutor.java:148)
	at com.kms.katalon.core.main.TestSuiteExecutor.execute(TestSuiteExecutor.java:106)
	at com.kms.katalon.core.main.TestCaseMain.startTestSuite(TestCaseMain.java:187)
	at com.kms.katalon.core.main.TestCaseMain$startTestSuite$0.call(Unknown Source)
	at TempTestSuite1693965237849.run(TempTestSuite1693965237849.groovy:36)
Caused by: com.kms.katalon.core.exception.StepFailedException: Text 'Maximum number length is 10' is not present on page 
	at com.kms.katalon.core.webui.keyword.internal.WebUIKeywordMain.stepFailed(WebUIKeywordMain.groovy:64)
	at com.kms.katalon.core.webui.keyword.builtin.VerifyTextPresentKeyword$_verifyTextPresent_closure1.doCall(VerifyTextPresentKeyword.groovy:79)
	at com.kms.katalon.core.webui.keyword.builtin.VerifyTextPresentKeyword$_verifyTextPresent_closure1.call(VerifyTextPresentKeyword.groovy)
	at com.kms.katalon.core.webui.keyword.internal.WebUIKeywordMain.runKeyword(WebUIKeywordMain.groovy:20)
	... 19 more]]></system-err>
      </testcase>
      <testcase name="Test Cases/M08 - Employees - List and Add Employees/M08 - Employees - List and Add Employees - 023" time="27.735" classname="Test Cases/M08 - Employees - List and Add Employees/M08 - Employees - List and Add Employees - 023" status="FAILED">
         <failure type="FAILED" message="Test Cases/M08 - Employees - List and Add Employees/M08 - Employees - List and Add Employees - 023 FAILED.
Reason:
com.kms.katalon.core.exception.StepFailedException: Unable to verify text 'Maximum number length is 13' is present 
	at com.kms.katalon.core.webui.keyword.internal.WebUIKeywordMain.stepFailed(WebUIKeywordMain.groovy:64)
	at com.kms.katalon.core.webui.keyword.internal.WebUIKeywordMain.runKeyword(WebUIKeywordMain.groovy:26)
	at com.kms.katalon.core.webui.keyword.builtin.VerifyTextPresentKeyword.verifyTextPresent(VerifyTextPresentKeyword.groovy:83)
	at com.kms.katalon.core.webui.keyword.builtin.VerifyTextPresentKeyword.execute(VerifyTextPresentKeyword.groovy:68)
	at com.kms.katalon.core.keyword.internal.KeywordExecutor.executeKeywordForPlatform(KeywordExecutor.groovy:74)
	at com.kms.katalon.core.webui.keyword.WebUiBuiltInKeywords.verifyTextPresent(WebUiBuiltInKeywords.groovy:1723)
	at com.kms.katalon.core.webui.keyword.WebUiBuiltInKeywords$verifyTextPresent$11.call(Unknown Source)
	at M08 - Employees - List and Add Employees - 023.run(M08 - Employees - List and Add Employees - 023:57)
	at com.kms.katalon.core.main.ScriptEngine.run(ScriptEngine.java:194)
	at com.kms.katalon.core.main.ScriptEngine.runScriptAsRawText(ScriptEngine.java:119)
	at com.kms.katalon.core.main.TestCaseExecutor.runScript(TestCaseExecutor.java:448)
	at com.kms.katalon.core.main.TestCaseExecutor.doExecute(TestCaseExecutor.java:439)
	at com.kms.katalon.core.main.TestCaseExecutor.processExecutionPhase(TestCaseExecutor.java:418)
	at com.kms.katalon.core.main.TestCaseExecutor.accessMainPhase(TestCaseExecutor.java:410)
	at com.kms.katalon.core.main.TestCaseExecutor.execute(TestCaseExecutor.java:285)
	at com.kms.katalon.core.common.CommonExecutor.accessTestCaseMainPhase(CommonExecutor.java:65)
	at com.kms.katalon.core.main.TestSuiteExecutor.accessTestSuiteMainPhase(TestSuiteExecutor.java:148)
	at com.kms.katalon.core.main.TestSuiteExecutor.execute(TestSuiteExecutor.java:106)
	at com.kms.katalon.core.main.TestCaseMain.startTestSuite(TestCaseMain.java:187)
	at com.kms.katalon.core.main.TestCaseMain$startTestSuite$0.call(Unknown Source)
	at TempTestSuite1693965237849.run(TempTestSuite1693965237849.groovy:36)
Caused by: com.kms.katalon.core.exception.StepFailedException: Text 'Maximum number length is 13' is not present on page 
	at com.kms.katalon.core.webui.keyword.internal.WebUIKeywordMain.stepFailed(WebUIKeywordMain.groovy:64)
	at com.kms.katalon.core.webui.keyword.builtin.VerifyTextPresentKeyword$_verifyTextPresent_closure1.doCall(VerifyTextPresentKeyword.groovy:79)
	at com.kms.katalon.core.webui.keyword.builtin.VerifyTextPresentKeyword$_verifyTextPresent_closure1.call(VerifyTextPresentKeyword.groovy)
	at com.kms.katalon.core.webui.keyword.internal.WebUIKeywordMain.runKeyword(WebUIKeywordMain.groovy:20)
	... 19 more
"/>
         <system-out><![CDATA[2023-09-06 09:01:33 - [TEST_CASE][FAILED] - Test Cases/M08 - Employees - List and Add Employees/M08 - Employees - List and Add Employees - 023: Test Cases/M08 - Employees - List and Add Employees/M08 - Employees - List and Add Employees - 023 FAILED.
Reason:
com.kms.katalon.core.exception.StepFailedException: Unable to verify text 'Maximum number length is 13' is present 
	at com.kms.katalon.core.webui.keyword.internal.WebUIKeywordMain.stepFailed(WebUIKeywordMain.groovy:64)
	at com.kms.katalon.core.webui.keyword.internal.WebUIKeywordMain.runKeyword(WebUIKeywordMain.groovy:26)
	at com.kms.katalon.core.webui.keyword.builtin.VerifyTextPresentKeyword.verifyTextPresent(VerifyTextPresentKeyword.groovy:83)
	at com.kms.katalon.core.webui.keyword.builtin.VerifyTextPresentKeyword.execute(VerifyTextPresentKeyword.groovy:68)
	at com.kms.katalon.core.keyword.internal.KeywordExecutor.executeKeywordForPlatform(KeywordExecutor.groovy:74)
	at com.kms.katalon.core.webui.keyword.WebUiBuiltInKeywords.verifyTextPresent(WebUiBuiltInKeywords.groovy:1723)
	at com.kms.katalon.core.webui.keyword.WebUiBuiltInKeywords$verifyTextPresent$11.call(Unknown Source)
	at M08 - Employees - List and Add Employees - 023.run(M08 - Employees - List and Add Employees - 023:57)
	at com.kms.katalon.core.main.ScriptEngine.run(ScriptEngine.java:194)
	at com.kms.katalon.core.main.ScriptEngine.runScriptAsRawText(ScriptEngine.java:119)
	at com.kms.katalon.core.main.TestCaseExecutor.runScript(TestCaseExecutor.java:448)
	at com.kms.katalon.core.main.TestCaseExecutor.doExecute(TestCaseExecutor.java:439)
	at com.kms.katalon.core.main.TestCaseExecutor.processExecutionPhase(TestCaseExecutor.java:418)
	at com.kms.katalon.core.main.TestCaseExecutor.accessMainPhase(TestCaseExecutor.java:410)
	at com.kms.katalon.core.main.TestCaseExecutor.execute(TestCaseExecutor.java:285)
	at com.kms.katalon.core.common.CommonExecutor.accessTestCaseMainPhase(CommonExecutor.java:65)
	at com.kms.katalon.core.main.TestSuiteExecutor.accessTestSuiteMainPhase(TestSuiteExecutor.java:148)
	at com.kms.katalon.core.main.TestSuiteExecutor.execute(TestSuiteExecutor.java:106)
	at com.kms.katalon.core.main.TestCaseMain.startTestSuite(TestCaseMain.java:187)
	at com.kms.katalon.core.main.TestCaseMain$startTestSuite$0.call(Unknown Source)
	at TempTestSuite1693965237849.run(TempTestSuite1693965237849.groovy:36)
Caused by: com.kms.katalon.core.exception.StepFailedException: Text 'Maximum number length is 13' is not present on page 
	at com.kms.katalon.core.webui.keyword.internal.WebUIKeywordMain.stepFailed(WebUIKeywordMain.groovy:64)
	at com.kms.katalon.core.webui.keyword.builtin.VerifyTextPresentKeyword$_verifyTextPresent_closure1.doCall(VerifyTextPresentKeyword.groovy:79)
	at com.kms.katalon.core.webui.keyword.builtin.VerifyTextPresentKeyword$_verifyTextPresent_closure1.call(VerifyTextPresentKeyword.groovy)
	at com.kms.katalon.core.webui.keyword.internal.WebUIKeywordMain.runKeyword(WebUIKeywordMain.groovy:20)
	... 19 more


2023-09-06 09:01:33 - [TEST_STEP][PASSED] - callTestCase(findTestCase("M08 - Employees - List and Add Employees/M08 - Employees - List and Add Employees - 003"), [:], STOP_ON_FAILURE): Call Test Case 'Test Cases/M08 - Employees - List and Add Employees/M08 - Employees - List and Add Employees - 003' successfully

2023-09-06 09:01:33 - [TEST_CASE][PASSED] - Test Cases/M08 - Employees - List and Add Employees/M08 - Employees - List and Add Employees - 003: Test Cases/M08 - Employees - List and Add Employees/M08 - Employees - List and Add Employees - 003

2023-09-06 09:01:33 - [TEST_STEP][PASSED] - callTestCase(findTestCase("M08 - Employees - List and Add Employees/M08 - Employees - List and Add Employees - 002"), [:], STOP_ON_FAILURE): Call Test Case 'Test Cases/M08 - Employees - List and Add Employees/M08 - Employees - List and Add Employees - 002' successfully

2023-09-06 09:01:33 - [TEST_CASE][PASSED] - Test Cases/M08 - Employees - List and Add Employees/M08 - Employees - List and Add Employees - 002: Test Cases/M08 - Employees - List and Add Employees/M08 - Employees - List and Add Employees - 002

2023-09-06 09:01:33 - [TEST_STEP][PASSED] - callTestCase(findTestCase("M08 - Employees - List and Add Employees/M08 - Employees - List and Add Employees - 001"), ["email":"superadmin@mail.com", "pass":"p4y+y39Ir5Pc2g9xt3QkeQ=="], STOP_ON_FAILURE): Call Test Case 'Test Cases/M08 - Employees - List and Add Employees/M08 - Employees - List and Add Employees - 001' successfully

2023-09-06 09:01:33 - [TEST_CASE][PASSED] - Test Cases/M08 - Employees - List and Add Employees/M08 - Employees - List and Add Employees - 001: Test Cases/M08 - Employees - List and Add Employees/M08 - Employees - List and Add Employees - 001

2023-09-06 09:01:33 - [TEST_STEP][PASSED] - openBrowser(url): Browser is opened with url: 'https://10.9.2.63/hrsystem/'

2023-09-06 09:01:33 - [MESSAGE][WARNING] - A browser is already opened. Closing browser and opening a new one

2023-09-06 09:01:34 - [MESSAGE][INFO] - Starting 'Edge Chromium' driver

2023-09-06 09:01:34 - [MESSAGE][INFO] - User set preference: ['acceptInsecureCerts', 'true']

2023-09-06 09:01:36 - [MESSAGE][INFO] - Action delay is set to 0 milliseconds

2023-09-06 09:01:38 - [MESSAGE][PASSED] - Browser is opened with url: 'https://10.9.2.63/hrsystem/'

2023-09-06 09:01:38 - [TEST_STEP][PASSED] - maximizeWindow(): Current window maximized

2023-09-06 09:01:38 - [MESSAGE][PASSED] - Current window maximized

2023-09-06 09:01:38 - [TEST_STEP][PASSED] - setText(findTestObject("Master/input_email"), email): Text 'superadmin@mail.com' is set on object 'Object Repository/Master/input_email'

2023-09-06 09:01:39 - [MESSAGE][PASSED] - Text 'superadmin@mail.com' is set on object 'Object Repository/Master/input_email'

2023-09-06 09:01:39 - [TEST_STEP][PASSED] - setEncryptedText(findTestObject("Master/input_password"), pass): Text ****** has been set on object 'Object Repository/Master/input_password'

2023-09-06 09:01:40 - [MESSAGE][PASSED] - Text ****** has been set on object 'Object Repository/Master/input_password'

2023-09-06 09:01:40 - [TEST_STEP][PASSED] - click(findTestObject("Master/button_login")): Object: 'Object Repository/Master/button_login' is clicked on

2023-09-06 09:01:41 - [MESSAGE][PASSED] - Object: 'Object Repository/Master/button_login' is clicked on

2023-09-06 09:01:41 - [TEST_STEP][PASSED] - verifyElementPresent(findTestObject("Master/dashboard"), 0): Object 'Object Repository/Master/dashboard' is present

2023-09-06 09:01:41 - [MESSAGE][WARNING] - Timeout '0' is invalid. Using default page load timeout: '30'

2023-09-06 09:01:41 - [MESSAGE][PASSED] - Object 'Object Repository/Master/dashboard' is present

2023-09-06 09:01:41 - [MESSAGE][PASSED] - Call Test Case 'Test Cases/M08 - Employees - List and Add Employees/M08 - Employees - List and Add Employees - 001' successfully

2023-09-06 09:01:41 - [TEST_STEP][PASSED] - click(findTestObject("Edit Employee Experience/employee_sidebar")): Object: 'Object Repository/Edit Employee Experience/employee_sidebar' is clicked on

2023-09-06 09:01:42 - [MESSAGE][PASSED] - Object: 'Object Repository/Edit Employee Experience/employee_sidebar' is clicked on

2023-09-06 09:01:42 - [TEST_STEP][PASSED] - click(findTestObject("Edit Employee Experience/dropdown_employee")): Object: 'Object Repository/Edit Employee Experience/dropdown_employee' is clicked on

2023-09-06 09:01:43 - [MESSAGE][PASSED] - Object: 'Object Repository/Edit Employee Experience/dropdown_employee' is clicked on

2023-09-06 09:01:43 - [TEST_STEP][PASSED] - verifyElementPresent(findTestObject("Edit Employee Experience/title_Employee"), 0): Object 'Object Repository/Edit Employee Experience/title_Employee' is present

2023-09-06 09:01:43 - [MESSAGE][WARNING] - Timeout '0' is invalid. Using default page load timeout: '30'

2023-09-06 09:01:44 - [MESSAGE][PASSED] - Object 'Object Repository/Edit Employee Experience/title_Employee' is present

2023-09-06 09:01:44 - [MESSAGE][PASSED] - Call Test Case 'Test Cases/M08 - Employees - List and Add Employees/M08 - Employees - List and Add Employees - 002' successfully

2023-09-06 09:01:44 - [TEST_STEP][PASSED] - click(findTestObject("Add Employee/button_add_employee")): Object: 'Object Repository/Add Employee/button_add_employee' is clicked on

2023-09-06 09:01:45 - [MESSAGE][PASSED] - Object: 'Object Repository/Add Employee/button_add_employee' is clicked on

2023-09-06 09:01:45 - [TEST_STEP][PASSED] - verifyElementPresent(findTestObject("Add Employee/title_Employee List"), 0): Object 'Object Repository/Add Employee/title_Employee List' is present

2023-09-06 09:01:45 - [MESSAGE][WARNING] - Timeout '0' is invalid. Using default page load timeout: '30'

2023-09-06 09:01:45 - [MESSAGE][PASSED] - Object 'Object Repository/Add Employee/title_Employee List' is present

2023-09-06 09:01:45 - [MESSAGE][PASSED] - Call Test Case 'Test Cases/M08 - Employees - List and Add Employees/M08 - Employees - List and Add Employees - 003' successfully

2023-09-06 09:01:45 - [TEST_STEP][PASSED] - setText(findTestObject("Add Employee/input_first_name"), "Alvin"): Text 'Alvin' is set on object 'Object Repository/Add Employee/input_first_name'

2023-09-06 09:01:46 - [MESSAGE][PASSED] - Text 'Alvin' is set on object 'Object Repository/Add Employee/input_first_name'

2023-09-06 09:01:46 - [TEST_STEP][PASSED] - setText(findTestObject("Add Employee/input_last_name"), "Venezuela"): Text 'Venezuela' is set on object 'Object Repository/Add Employee/input_last_name'

2023-09-06 09:01:47 - [MESSAGE][PASSED] - Text 'Venezuela' is set on object 'Object Repository/Add Employee/input_last_name'

2023-09-06 09:01:47 - [TEST_STEP][PASSED] - setText(findTestObject("Spy Add Employee/input_Employee Code_eid"), "12345"): Text '12345' is set on object 'Object Repository/Spy Add Employee/input_Employee Code_eid'

2023-09-06 09:01:48 - [MESSAGE][PASSED] - Text '12345' is set on object 'Object Repository/Spy Add Employee/input_Employee Code_eid'

2023-09-06 09:01:48 - [TEST_STEP][PASSED] - selectOptionByValue(findTestObject("Spy Add Employee/select_department"), "3", false): All options with value '3' are selected in object 'Object Repository/Spy Add Employee/select_department' 

2023-09-06 09:01:49 - [MESSAGE][PASSED] - All options with value '3' are selected in object 'Object Repository/Spy Add Employee/select_department' 

2023-09-06 09:01:49 - [TEST_STEP][PASSED] - selectOptionByValue(findTestObject("Spy Add Employee/select_designation"), "5", false): All options with value '5' are selected in object 'Object Repository/Spy Add Employee/select_designation' 

2023-09-06 09:01:49 - [MESSAGE][PASSED] - All options with value '5' are selected in object 'Object Repository/Spy Add Employee/select_designation' 

2023-09-06 09:01:49 - [TEST_STEP][PASSED] - selectOptionByValue(findTestObject("Spy Add Employee/select_role"), "EMPLOYEE", false): All options with value 'EMPLOYEE' are selected in object 'Object Repository/Spy Add Employee/select_role' 

2023-09-06 09:01:50 - [MESSAGE][PASSED] - All options with value 'EMPLOYEE' are selected in object 'Object Repository/Spy Add Employee/select_role' 

2023-09-06 09:01:50 - [TEST_STEP][PASSED] - selectOptionByValue(findTestObject("Spy Add Employee/select_gender"), "MALE", false): All options with value 'MALE' are selected in object 'Object Repository/Spy Add Employee/select_gender' 

2023-09-06 09:01:51 - [MESSAGE][PASSED] - All options with value 'MALE' are selected in object 'Object Repository/Spy Add Employee/select_gender' 

2023-09-06 09:01:51 - [TEST_STEP][PASSED] - selectOptionByValue(findTestObject("Spy Add Employee/select_blood"), "O+", false): All options with value 'O+' are selected in object 'Object Repository/Spy Add Employee/select_blood' 

2023-09-06 09:01:52 - [MESSAGE][PASSED] - All options with value 'O+' are selected in object 'Object Repository/Spy Add Employee/select_blood' 

2023-09-06 09:01:52 - [TEST_STEP][PASSED] - setText(findTestObject("new/input_NID_nid"), "123456789011"): Text '123456789011' is set on object 'Object Repository/new/input_NID_nid'

2023-09-06 09:01:53 - [MESSAGE][PASSED] - Text '123456789011' is set on object 'Object Repository/new/input_NID_nid'

2023-09-06 09:01:53 - [TEST_STEP][PASSED] - setText(findTestObject("new/input_Contact Number_contact"), "08987898765612344544"): Text '08987898765612344544' is set on object 'Object Repository/new/input_Contact Number_contact'

2023-09-06 09:01:54 - [MESSAGE][PASSED] - Text '08987898765612344544' is set on object 'Object Repository/new/input_Contact Number_contact'

2023-09-06 09:01:54 - [TEST_STEP][PASSED] - setText(findTestObject("new/input_Date Of Birth_dob"), "10/10/2000"): Text '10/10/2000' is set on object 'Object Repository/new/input_Date Of Birth_dob'

2023-09-06 09:01:55 - [MESSAGE][PASSED] - Text '10/10/2000' is set on object 'Object Repository/new/input_Date Of Birth_dob'

2023-09-06 09:01:55 - [TEST_STEP][PASSED] - setText(findTestObject("new/input_Date Of Joining_joindate"), "20/12/2020"): Text '20/12/2020' is set on object 'Object Repository/new/input_Date Of Joining_joindate'

2023-09-06 09:01:56 - [MESSAGE][PASSED] - Text '20/12/2020' is set on object 'Object Repository/new/input_Date Of Joining_joindate'

2023-09-06 09:01:56 - [TEST_STEP][PASSED] - setText(findTestObject("new/input_Date Of Leaving_leavedate"), "10/12/2020"): Text '10/12/2020' is set on object 'Object Repository/new/input_Date Of Leaving_leavedate'

2023-09-06 09:01:57 - [MESSAGE][PASSED] - Text '10/12/2020' is set on object 'Object Repository/new/input_Date Of Leaving_leavedate'

2023-09-06 09:01:57 - [TEST_STEP][PASSED] - setText(findTestObject("new/input_Username_username"), "vinniv"): Text 'vinniv' is set on object 'Object Repository/new/input_Username_username'

2023-09-06 09:01:58 - [MESSAGE][PASSED] - Text 'vinniv' is set on object 'Object Repository/new/input_Username_username'

2023-09-06 09:01:58 - [TEST_STEP][PASSED] - setText(findTestObject("new/input_Email_email"), "niv@email.com"): Text 'niv@email.com' is set on object 'Object Repository/new/input_Email_email'

2023-09-06 09:01:59 - [MESSAGE][PASSED] - Text 'niv@email.com' is set on object 'Object Repository/new/input_Email_email'

2023-09-06 09:01:59 - [TEST_STEP][PASSED] - uploadFile(findTestObject("new/input_Image_image_url"), "C:\Users\ASUS\Downloads\images.jpg"): File 'C:\Users\ASUS\Downloads\images.jpg' sent to object: 'Object Repository/new/input_Image_image_url'

2023-09-06 09:01:59 - [MESSAGE][PASSED] - File 'C:\Users\ASUS\Downloads\images.jpg' sent to object: 'Object Repository/new/input_Image_image_url'

2023-09-06 09:01:59 - [TEST_STEP][PASSED] - click(findTestObject("Add Employee/button_save")): Object: 'Object Repository/Add Employee/button_save' is clicked on

2023-09-06 09:02:00 - [MESSAGE][PASSED] - Object: 'Object Repository/Add Employee/button_save' is clicked on

2023-09-06 09:02:00 - [TEST_STEP][FAILED] - verifyTextPresent("Maximum number length is 13", false): Unable to verify text 'Maximum number length is 13' is present  (Root cause: com.kms.katalon.core.exception.StepFailedException: Unable to verify text 'Maximum number length is 13' is present 
	at com.kms.katalon.core.webui.keyword.internal.WebUIKeywordMain.stepFailed(WebUIKeywordMain.groovy:64)
	at com.kms.katalon.core.webui.keyword.internal.WebUIKeywordMain.runKeyword(WebUIKeywordMain.groovy:26)
	at com.kms.katalon.core.webui.keyword.builtin.VerifyTextPresentKeyword.verifyTextPresent(VerifyTextPresentKeyword.groovy:83)
	at com.kms.katalon.core.webui.keyword.builtin.VerifyTextPresentKeyword.execute(VerifyTextPresentKeyword.groovy:68)
	at com.kms.katalon.core.keyword.internal.KeywordExecutor.executeKeywordForPlatform(KeywordExecutor.groovy:74)
	at com.kms.katalon.core.webui.keyword.WebUiBuiltInKeywords.verifyTextPresent(WebUiBuiltInKeywords.groovy:1723)
	at com.kms.katalon.core.webui.keyword.WebUiBuiltInKeywords$verifyTextPresent$11.call(Unknown Source)
	at M08 - Employees - List and Add Employees - 023.run(M08 - Employees - List and Add Employees - 023:57)
	at com.kms.katalon.core.main.ScriptEngine.run(ScriptEngine.java:194)
	at com.kms.katalon.core.main.ScriptEngine.runScriptAsRawText(ScriptEngine.java:119)
	at com.kms.katalon.core.main.TestCaseExecutor.runScript(TestCaseExecutor.java:448)
	at com.kms.katalon.core.main.TestCaseExecutor.doExecute(TestCaseExecutor.java:439)
	at com.kms.katalon.core.main.TestCaseExecutor.processExecutionPhase(TestCaseExecutor.java:418)
	at com.kms.katalon.core.main.TestCaseExecutor.accessMainPhase(TestCaseExecutor.java:410)
	at com.kms.katalon.core.main.TestCaseExecutor.execute(TestCaseExecutor.java:285)
	at com.kms.katalon.core.common.CommonExecutor.accessTestCaseMainPhase(CommonExecutor.java:65)
	at com.kms.katalon.core.main.TestSuiteExecutor.accessTestSuiteMainPhase(TestSuiteExecutor.java:148)
	at com.kms.katalon.core.main.TestSuiteExecutor.execute(TestSuiteExecutor.java:106)
	at com.kms.katalon.core.main.TestCaseMain.startTestSuite(TestCaseMain.java:187)
	at com.kms.katalon.core.main.TestCaseMain$startTestSuite$0.call(Unknown Source)
	at TempTestSuite1693965237849.run(TempTestSuite1693965237849.groovy:36)
Caused by: com.kms.katalon.core.exception.StepFailedException: Text 'Maximum number length is 13' is not present on page 
	at com.kms.katalon.core.webui.keyword.internal.WebUIKeywordMain.stepFailed(WebUIKeywordMain.groovy:64)
	at com.kms.katalon.core.webui.keyword.builtin.VerifyTextPresentKeyword$_verifyTextPresent_closure1.doCall(VerifyTextPresentKeyword.groovy:79)
	at com.kms.katalon.core.webui.keyword.builtin.VerifyTextPresentKeyword$_verifyTextPresent_closure1.call(VerifyTextPresentKeyword.groovy)
	at com.kms.katalon.core.webui.keyword.internal.WebUIKeywordMain.runKeyword(WebUIKeywordMain.groovy:20)
	... 19 more
)

2023-09-06 09:02:00 - [MESSAGE][FAILED] - Text 'Maximum number length is 13' is not present on page  (Root cause: com.kms.katalon.core.exception.StepFailedException: Text 'Maximum number length is 13' is not present on page 
	at com.kms.katalon.core.webui.keyword.internal.WebUIKeywordMain.stepFailed(WebUIKeywordMain.groovy:64)
	at com.kms.katalon.core.webui.keyword.builtin.VerifyTextPresentKeyword$_verifyTextPresent_closure1.doCall(VerifyTextPresentKeyword.groovy:79)
	at com.kms.katalon.core.webui.keyword.builtin.VerifyTextPresentKeyword$_verifyTextPresent_closure1.call(VerifyTextPresentKeyword.groovy)
	at com.kms.katalon.core.webui.keyword.internal.WebUIKeywordMain.runKeyword(WebUIKeywordMain.groovy:20)
	at com.kms.katalon.core.webui.keyword.builtin.VerifyTextPresentKeyword.verifyTextPresent(VerifyTextPresentKeyword.groovy:83)
	at com.kms.katalon.core.webui.keyword.builtin.VerifyTextPresentKeyword.execute(VerifyTextPresentKeyword.groovy:68)
	at com.kms.katalon.core.keyword.internal.KeywordExecutor.executeKeywordForPlatform(KeywordExecutor.groovy:74)
	at com.kms.katalon.core.webui.keyword.WebUiBuiltInKeywords.verifyTextPresent(WebUiBuiltInKeywords.groovy:1723)
	at com.kms.katalon.core.webui.keyword.WebUiBuiltInKeywords$verifyTextPresent$11.call(Unknown Source)
	at M08 - Employees - List and Add Employees - 023.run(M08 - Employees - List and Add Employees - 023:57)
	at com.kms.katalon.core.main.ScriptEngine.run(ScriptEngine.java:194)
	at com.kms.katalon.core.main.ScriptEngine.runScriptAsRawText(ScriptEngine.java:119)
	at com.kms.katalon.core.main.TestCaseExecutor.runScript(TestCaseExecutor.java:448)
	at com.kms.katalon.core.main.TestCaseExecutor.doExecute(TestCaseExecutor.java:439)
	at com.kms.katalon.core.main.TestCaseExecutor.processExecutionPhase(TestCaseExecutor.java:418)
	at com.kms.katalon.core.main.TestCaseExecutor.accessMainPhase(TestCaseExecutor.java:410)
	at com.kms.katalon.core.main.TestCaseExecutor.execute(TestCaseExecutor.java:285)
	at com.kms.katalon.core.common.CommonExecutor.accessTestCaseMainPhase(CommonExecutor.java:65)
	at com.kms.katalon.core.main.TestSuiteExecutor.accessTestSuiteMainPhase(TestSuiteExecutor.java:148)
	at com.kms.katalon.core.main.TestSuiteExecutor.execute(TestSuiteExecutor.java:106)
	at com.kms.katalon.core.main.TestCaseMain.startTestSuite(TestCaseMain.java:187)
	at com.kms.katalon.core.main.TestCaseMain$startTestSuite$0.call(Unknown Source)
	at TempTestSuite1693965237849.run(TempTestSuite1693965237849.groovy:36)
)

2023-09-06 09:02:00 - [MESSAGE][FAILED] - Unable to verify text 'Maximum number length is 13' is present  (Root cause: com.kms.katalon.core.exception.StepFailedException: Unable to verify text 'Maximum number length is 13' is present 
	at com.kms.katalon.core.webui.keyword.internal.WebUIKeywordMain.stepFailed(WebUIKeywordMain.groovy:64)
	at com.kms.katalon.core.webui.keyword.internal.WebUIKeywordMain.runKeyword(WebUIKeywordMain.groovy:26)
	at com.kms.katalon.core.webui.keyword.builtin.VerifyTextPresentKeyword.verifyTextPresent(VerifyTextPresentKeyword.groovy:83)
	at com.kms.katalon.core.webui.keyword.builtin.VerifyTextPresentKeyword.execute(VerifyTextPresentKeyword.groovy:68)
	at com.kms.katalon.core.keyword.internal.KeywordExecutor.executeKeywordForPlatform(KeywordExecutor.groovy:74)
	at com.kms.katalon.core.webui.keyword.WebUiBuiltInKeywords.verifyTextPresent(WebUiBuiltInKeywords.groovy:1723)
	at com.kms.katalon.core.webui.keyword.WebUiBuiltInKeywords$verifyTextPresent$11.call(Unknown Source)
	at M08 - Employees - List and Add Employees - 023.run(M08 - Employees - List and Add Employees - 023:57)
	at com.kms.katalon.core.main.ScriptEngine.run(ScriptEngine.java:194)
	at com.kms.katalon.core.main.ScriptEngine.runScriptAsRawText(ScriptEngine.java:119)
	at com.kms.katalon.core.main.TestCaseExecutor.runScript(TestCaseExecutor.java:448)
	at com.kms.katalon.core.main.TestCaseExecutor.doExecute(TestCaseExecutor.java:439)
	at com.kms.katalon.core.main.TestCaseExecutor.processExecutionPhase(TestCaseExecutor.java:418)
	at com.kms.katalon.core.main.TestCaseExecutor.accessMainPhase(TestCaseExecutor.java:410)
	at com.kms.katalon.core.main.TestCaseExecutor.execute(TestCaseExecutor.java:285)
	at com.kms.katalon.core.common.CommonExecutor.accessTestCaseMainPhase(CommonExecutor.java:65)
	at com.kms.katalon.core.main.TestSuiteExecutor.accessTestSuiteMainPhase(TestSuiteExecutor.java:148)
	at com.kms.katalon.core.main.TestSuiteExecutor.execute(TestSuiteExecutor.java:106)
	at com.kms.katalon.core.main.TestCaseMain.startTestSuite(TestCaseMain.java:187)
	at com.kms.katalon.core.main.TestCaseMain$startTestSuite$0.call(Unknown Source)
	at TempTestSuite1693965237849.run(TempTestSuite1693965237849.groovy:36)
Caused by: com.kms.katalon.core.exception.StepFailedException: Text 'Maximum number length is 13' is not present on page 
	at com.kms.katalon.core.webui.keyword.internal.WebUIKeywordMain.stepFailed(WebUIKeywordMain.groovy:64)
	at com.kms.katalon.core.webui.keyword.builtin.VerifyTextPresentKeyword$_verifyTextPresent_closure1.doCall(VerifyTextPresentKeyword.groovy:79)
	at com.kms.katalon.core.webui.keyword.builtin.VerifyTextPresentKeyword$_verifyTextPresent_closure1.call(VerifyTextPresentKeyword.groovy)
	at com.kms.katalon.core.webui.keyword.internal.WebUIKeywordMain.runKeyword(WebUIKeywordMain.groovy:20)
	... 19 more
)
[[ATTACHMENT|D:\\xsis\\batch-324-qa\\bagus\\Mini Project HRS\\Reports\\20230906_085357\\M8\\20230906_085357\\1693965720751.png]]]]></system-out>
         <system-err><![CDATA[2023-09-06 09:01:33 - [TEST_CASE][FAILED] - Test Cases/M08 - Employees - List and Add Employees/M08 - Employees - List and Add Employees - 023: Test Cases/M08 - Employees - List and Add Employees/M08 - Employees - List and Add Employees - 023 FAILED.
Reason:
com.kms.katalon.core.exception.StepFailedException: Unable to verify text 'Maximum number length is 13' is present 
	at com.kms.katalon.core.webui.keyword.internal.WebUIKeywordMain.stepFailed(WebUIKeywordMain.groovy:64)
	at com.kms.katalon.core.webui.keyword.internal.WebUIKeywordMain.runKeyword(WebUIKeywordMain.groovy:26)
	at com.kms.katalon.core.webui.keyword.builtin.VerifyTextPresentKeyword.verifyTextPresent(VerifyTextPresentKeyword.groovy:83)
	at com.kms.katalon.core.webui.keyword.builtin.VerifyTextPresentKeyword.execute(VerifyTextPresentKeyword.groovy:68)
	at com.kms.katalon.core.keyword.internal.KeywordExecutor.executeKeywordForPlatform(KeywordExecutor.groovy:74)
	at com.kms.katalon.core.webui.keyword.WebUiBuiltInKeywords.verifyTextPresent(WebUiBuiltInKeywords.groovy:1723)
	at com.kms.katalon.core.webui.keyword.WebUiBuiltInKeywords$verifyTextPresent$11.call(Unknown Source)
	at M08 - Employees - List and Add Employees - 023.run(M08 - Employees - List and Add Employees - 023:57)
	at com.kms.katalon.core.main.ScriptEngine.run(ScriptEngine.java:194)
	at com.kms.katalon.core.main.ScriptEngine.runScriptAsRawText(ScriptEngine.java:119)
	at com.kms.katalon.core.main.TestCaseExecutor.runScript(TestCaseExecutor.java:448)
	at com.kms.katalon.core.main.TestCaseExecutor.doExecute(TestCaseExecutor.java:439)
	at com.kms.katalon.core.main.TestCaseExecutor.processExecutionPhase(TestCaseExecutor.java:418)
	at com.kms.katalon.core.main.TestCaseExecutor.accessMainPhase(TestCaseExecutor.java:410)
	at com.kms.katalon.core.main.TestCaseExecutor.execute(TestCaseExecutor.java:285)
	at com.kms.katalon.core.common.CommonExecutor.accessTestCaseMainPhase(CommonExecutor.java:65)
	at com.kms.katalon.core.main.TestSuiteExecutor.accessTestSuiteMainPhase(TestSuiteExecutor.java:148)
	at com.kms.katalon.core.main.TestSuiteExecutor.execute(TestSuiteExecutor.java:106)
	at com.kms.katalon.core.main.TestCaseMain.startTestSuite(TestCaseMain.java:187)
	at com.kms.katalon.core.main.TestCaseMain$startTestSuite$0.call(Unknown Source)
	at TempTestSuite1693965237849.run(TempTestSuite1693965237849.groovy:36)
Caused by: com.kms.katalon.core.exception.StepFailedException: Text 'Maximum number length is 13' is not present on page 
	at com.kms.katalon.core.webui.keyword.internal.WebUIKeywordMain.stepFailed(WebUIKeywordMain.groovy:64)
	at com.kms.katalon.core.webui.keyword.builtin.VerifyTextPresentKeyword$_verifyTextPresent_closure1.doCall(VerifyTextPresentKeyword.groovy:79)
	at com.kms.katalon.core.webui.keyword.builtin.VerifyTextPresentKeyword$_verifyTextPresent_closure1.call(VerifyTextPresentKeyword.groovy)
	at com.kms.katalon.core.webui.keyword.internal.WebUIKeywordMain.runKeyword(WebUIKeywordMain.groovy:20)
	... 19 more]]></system-err>
      </testcase>
      <testcase name="Test Cases/M08 - Employees - List and Add Employees/M08 - Employees - List and Add Employees - 024" time="28.735" classname="Test Cases/M08 - Employees - List and Add Employees/M08 - Employees - List and Add Employees - 024" status="PASSED">
         <system-out><![CDATA[2023-09-06 09:02:01 - [TEST_CASE][PASSED] - Test Cases/M08 - Employees - List and Add Employees/M08 - Employees - List and Add Employees - 024: Test Cases/M08 - Employees - List and Add Employees/M08 - Employees - List and Add Employees - 024

2023-09-06 09:02:01 - [TEST_STEP][PASSED] - callTestCase(findTestCase("M08 - Employees - List and Add Employees/M08 - Employees - List and Add Employees - 003"), [:], STOP_ON_FAILURE): Call Test Case 'Test Cases/M08 - Employees - List and Add Employees/M08 - Employees - List and Add Employees - 003' successfully

2023-09-06 09:02:01 - [TEST_CASE][PASSED] - Test Cases/M08 - Employees - List and Add Employees/M08 - Employees - List and Add Employees - 003: Test Cases/M08 - Employees - List and Add Employees/M08 - Employees - List and Add Employees - 003

2023-09-06 09:02:01 - [TEST_STEP][PASSED] - callTestCase(findTestCase("M08 - Employees - List and Add Employees/M08 - Employees - List and Add Employees - 002"), [:], STOP_ON_FAILURE): Call Test Case 'Test Cases/M08 - Employees - List and Add Employees/M08 - Employees - List and Add Employees - 002' successfully

2023-09-06 09:02:01 - [TEST_CASE][PASSED] - Test Cases/M08 - Employees - List and Add Employees/M08 - Employees - List and Add Employees - 002: Test Cases/M08 - Employees - List and Add Employees/M08 - Employees - List and Add Employees - 002

2023-09-06 09:02:01 - [TEST_STEP][PASSED] - callTestCase(findTestCase("M08 - Employees - List and Add Employees/M08 - Employees - List and Add Employees - 001"), ["email":"superadmin@mail.com", "pass":"p4y+y39Ir5Pc2g9xt3QkeQ=="], STOP_ON_FAILURE): Call Test Case 'Test Cases/M08 - Employees - List and Add Employees/M08 - Employees - List and Add Employees - 001' successfully

2023-09-06 09:02:01 - [TEST_CASE][PASSED] - Test Cases/M08 - Employees - List and Add Employees/M08 - Employees - List and Add Employees - 001: Test Cases/M08 - Employees - List and Add Employees/M08 - Employees - List and Add Employees - 001

2023-09-06 09:02:01 - [TEST_STEP][PASSED] - openBrowser(url): Browser is opened with url: 'https://10.9.2.63/hrsystem/'

2023-09-06 09:02:01 - [MESSAGE][WARNING] - A browser is already opened. Closing browser and opening a new one

2023-09-06 09:02:02 - [MESSAGE][INFO] - Starting 'Edge Chromium' driver

2023-09-06 09:02:02 - [MESSAGE][INFO] - User set preference: ['acceptInsecureCerts', 'true']

2023-09-06 09:02:04 - [MESSAGE][INFO] - Action delay is set to 0 milliseconds

2023-09-06 09:02:06 - [MESSAGE][PASSED] - Browser is opened with url: 'https://10.9.2.63/hrsystem/'

2023-09-06 09:02:06 - [TEST_STEP][PASSED] - maximizeWindow(): Current window maximized

2023-09-06 09:02:07 - [MESSAGE][PASSED] - Current window maximized

2023-09-06 09:02:07 - [TEST_STEP][PASSED] - setText(findTestObject("Master/input_email"), email): Text 'superadmin@mail.com' is set on object 'Object Repository/Master/input_email'

2023-09-06 09:02:08 - [MESSAGE][PASSED] - Text 'superadmin@mail.com' is set on object 'Object Repository/Master/input_email'

2023-09-06 09:02:08 - [TEST_STEP][PASSED] - setEncryptedText(findTestObject("Master/input_password"), pass): Text ****** has been set on object 'Object Repository/Master/input_password'

2023-09-06 09:02:08 - [MESSAGE][PASSED] - Text ****** has been set on object 'Object Repository/Master/input_password'

2023-09-06 09:02:08 - [TEST_STEP][PASSED] - click(findTestObject("Master/button_login")): Object: 'Object Repository/Master/button_login' is clicked on

2023-09-06 09:02:10 - [MESSAGE][PASSED] - Object: 'Object Repository/Master/button_login' is clicked on

2023-09-06 09:02:10 - [TEST_STEP][PASSED] - verifyElementPresent(findTestObject("Master/dashboard"), 0): Object 'Object Repository/Master/dashboard' is present

2023-09-06 09:02:10 - [MESSAGE][WARNING] - Timeout '0' is invalid. Using default page load timeout: '30'

2023-09-06 09:02:11 - [MESSAGE][PASSED] - Object 'Object Repository/Master/dashboard' is present

2023-09-06 09:02:11 - [MESSAGE][PASSED] - Call Test Case 'Test Cases/M08 - Employees - List and Add Employees/M08 - Employees - List and Add Employees - 001' successfully

2023-09-06 09:02:11 - [TEST_STEP][PASSED] - click(findTestObject("Edit Employee Experience/employee_sidebar")): Object: 'Object Repository/Edit Employee Experience/employee_sidebar' is clicked on

2023-09-06 09:02:12 - [MESSAGE][PASSED] - Object: 'Object Repository/Edit Employee Experience/employee_sidebar' is clicked on

2023-09-06 09:02:12 - [TEST_STEP][PASSED] - click(findTestObject("Edit Employee Experience/dropdown_employee")): Object: 'Object Repository/Edit Employee Experience/dropdown_employee' is clicked on

2023-09-06 09:02:12 - [MESSAGE][PASSED] - Object: 'Object Repository/Edit Employee Experience/dropdown_employee' is clicked on

2023-09-06 09:02:12 - [TEST_STEP][PASSED] - verifyElementPresent(findTestObject("Edit Employee Experience/title_Employee"), 0): Object 'Object Repository/Edit Employee Experience/title_Employee' is present

2023-09-06 09:02:13 - [MESSAGE][WARNING] - Timeout '0' is invalid. Using default page load timeout: '30'

2023-09-06 09:02:13 - [MESSAGE][PASSED] - Object 'Object Repository/Edit Employee Experience/title_Employee' is present

2023-09-06 09:02:13 - [MESSAGE][PASSED] - Call Test Case 'Test Cases/M08 - Employees - List and Add Employees/M08 - Employees - List and Add Employees - 002' successfully

2023-09-06 09:02:13 - [TEST_STEP][PASSED] - click(findTestObject("Add Employee/button_add_employee")): Object: 'Object Repository/Add Employee/button_add_employee' is clicked on

2023-09-06 09:02:14 - [MESSAGE][PASSED] - Object: 'Object Repository/Add Employee/button_add_employee' is clicked on

2023-09-06 09:02:14 - [TEST_STEP][PASSED] - verifyElementPresent(findTestObject("Add Employee/title_Employee List"), 0): Object 'Object Repository/Add Employee/title_Employee List' is present

2023-09-06 09:02:14 - [MESSAGE][WARNING] - Timeout '0' is invalid. Using default page load timeout: '30'

2023-09-06 09:02:14 - [MESSAGE][PASSED] - Object 'Object Repository/Add Employee/title_Employee List' is present

2023-09-06 09:02:14 - [MESSAGE][PASSED] - Call Test Case 'Test Cases/M08 - Employees - List and Add Employees/M08 - Employees - List and Add Employees - 003' successfully

2023-09-06 09:02:14 - [TEST_STEP][PASSED] - setText(findTestObject("Add Employee/input_first_name"), "Alvin"): Text 'Alvin' is set on object 'Object Repository/Add Employee/input_first_name'

2023-09-06 09:02:15 - [MESSAGE][PASSED] - Text 'Alvin' is set on object 'Object Repository/Add Employee/input_first_name'

2023-09-06 09:02:15 - [TEST_STEP][PASSED] - setText(findTestObject("Add Employee/input_last_name"), "Venezuela"): Text 'Venezuela' is set on object 'Object Repository/Add Employee/input_last_name'

2023-09-06 09:02:16 - [MESSAGE][PASSED] - Text 'Venezuela' is set on object 'Object Repository/Add Employee/input_last_name'

2023-09-06 09:02:16 - [TEST_STEP][PASSED] - setText(findTestObject("Spy Add Employee/input_Employee Code_eid"), "12345"): Text '12345' is set on object 'Object Repository/Spy Add Employee/input_Employee Code_eid'

2023-09-06 09:02:17 - [MESSAGE][PASSED] - Text '12345' is set on object 'Object Repository/Spy Add Employee/input_Employee Code_eid'

2023-09-06 09:02:17 - [TEST_STEP][PASSED] - selectOptionByValue(findTestObject("Spy Add Employee/select_department"), "3", false): All options with value '3' are selected in object 'Object Repository/Spy Add Employee/select_department' 

2023-09-06 09:02:18 - [MESSAGE][PASSED] - All options with value '3' are selected in object 'Object Repository/Spy Add Employee/select_department' 

2023-09-06 09:02:18 - [TEST_STEP][PASSED] - selectOptionByValue(findTestObject("Spy Add Employee/select_designation"), "5", false): All options with value '5' are selected in object 'Object Repository/Spy Add Employee/select_designation' 

2023-09-06 09:02:19 - [MESSAGE][PASSED] - All options with value '5' are selected in object 'Object Repository/Spy Add Employee/select_designation' 

2023-09-06 09:02:19 - [TEST_STEP][PASSED] - selectOptionByValue(findTestObject("Spy Add Employee/select_role"), "EMPLOYEE", false): All options with value 'EMPLOYEE' are selected in object 'Object Repository/Spy Add Employee/select_role' 

2023-09-06 09:02:19 - [MESSAGE][PASSED] - All options with value 'EMPLOYEE' are selected in object 'Object Repository/Spy Add Employee/select_role' 

2023-09-06 09:02:19 - [TEST_STEP][PASSED] - selectOptionByValue(findTestObject("Spy Add Employee/select_gender"), "MALE", false): All options with value 'MALE' are selected in object 'Object Repository/Spy Add Employee/select_gender' 

2023-09-06 09:02:20 - [MESSAGE][PASSED] - All options with value 'MALE' are selected in object 'Object Repository/Spy Add Employee/select_gender' 

2023-09-06 09:02:20 - [TEST_STEP][PASSED] - selectOptionByValue(findTestObject("Spy Add Employee/select_blood"), "O+", false): All options with value 'O+' are selected in object 'Object Repository/Spy Add Employee/select_blood' 

2023-09-06 09:02:21 - [MESSAGE][PASSED] - All options with value 'O+' are selected in object 'Object Repository/Spy Add Employee/select_blood' 

2023-09-06 09:02:21 - [TEST_STEP][PASSED] - setText(findTestObject("new/input_NID_nid"), "123456789011"): Text '123456789011' is set on object 'Object Repository/new/input_NID_nid'

2023-09-06 09:02:22 - [MESSAGE][PASSED] - Text '123456789011' is set on object 'Object Repository/new/input_NID_nid'

2023-09-06 09:02:22 - [TEST_STEP][PASSED] - setText(findTestObject("new/input_Contact Number_contact"), "08789845"): Text '08789845' is set on object 'Object Repository/new/input_Contact Number_contact'

2023-09-06 09:02:23 - [MESSAGE][PASSED] - Text '08789845' is set on object 'Object Repository/new/input_Contact Number_contact'

2023-09-06 09:02:23 - [TEST_STEP][PASSED] - setText(findTestObject("new/input_Date Of Birth_dob"), "10/10/2000"): Text '10/10/2000' is set on object 'Object Repository/new/input_Date Of Birth_dob'

2023-09-06 09:02:24 - [MESSAGE][PASSED] - Text '10/10/2000' is set on object 'Object Repository/new/input_Date Of Birth_dob'

2023-09-06 09:02:24 - [TEST_STEP][PASSED] - setText(findTestObject("new/input_Date Of Joining_joindate"), "20/12/2020"): Text '20/12/2020' is set on object 'Object Repository/new/input_Date Of Joining_joindate'

2023-09-06 09:02:25 - [MESSAGE][PASSED] - Text '20/12/2020' is set on object 'Object Repository/new/input_Date Of Joining_joindate'

2023-09-06 09:02:25 - [TEST_STEP][PASSED] - setText(findTestObject("new/input_Date Of Leaving_leavedate"), "10/12/2020"): Text '10/12/2020' is set on object 'Object Repository/new/input_Date Of Leaving_leavedate'

2023-09-06 09:02:26 - [MESSAGE][PASSED] - Text '10/12/2020' is set on object 'Object Repository/new/input_Date Of Leaving_leavedate'

2023-09-06 09:02:26 - [TEST_STEP][PASSED] - setText(findTestObject("new/input_Username_username"), "vinniv"): Text 'vinniv' is set on object 'Object Repository/new/input_Username_username'

2023-09-06 09:02:27 - [MESSAGE][PASSED] - Text 'vinniv' is set on object 'Object Repository/new/input_Username_username'

2023-09-06 09:02:27 - [TEST_STEP][PASSED] - setText(findTestObject("new/input_Email_email"), "niv@email.com"): Text 'niv@email.com' is set on object 'Object Repository/new/input_Email_email'

2023-09-06 09:02:28 - [MESSAGE][PASSED] - Text 'niv@email.com' is set on object 'Object Repository/new/input_Email_email'

2023-09-06 09:02:28 - [TEST_STEP][PASSED] - uploadFile(findTestObject("new/input_Image_image_url"), "C:\Users\ASUS\Downloads\images.jpg"): File 'C:\Users\ASUS\Downloads\images.jpg' sent to object: 'Object Repository/new/input_Image_image_url'

2023-09-06 09:02:28 - [MESSAGE][PASSED] - File 'C:\Users\ASUS\Downloads\images.jpg' sent to object: 'Object Repository/new/input_Image_image_url'

2023-09-06 09:02:28 - [TEST_STEP][PASSED] - click(findTestObject("Add Employee/button_save")): Object: 'Object Repository/Add Employee/button_save' is clicked on

2023-09-06 09:02:29 - [MESSAGE][PASSED] - Object: 'Object Repository/Add Employee/button_save' is clicked on

2023-09-06 09:02:29 - [TEST_STEP][PASSED] - verifyElementText(findTestObject("label_least 10 characters_contact"), "Please enter at least 10 characters."): Actual text and expected text of test object 'Object Repository/label_least 10 characters_contact' are matched.

2023-09-06 09:02:29 - [MESSAGE][PASSED] - Actual text and expected text of test object 'Object Repository/label_least 10 characters_contact' are matched.]]></system-out>
         <system-err><![CDATA[]]></system-err>
      </testcase>
      <testcase name="Test Cases/M08 - Employees - List and Add Employees/M08 - Employees - List and Add Employees - 025" time="26.775" classname="Test Cases/M08 - Employees - List and Add Employees/M08 - Employees - List and Add Employees - 025" status="FAILED">
         <failure type="FAILED" message="Test Cases/M08 - Employees - List and Add Employees/M08 - Employees - List and Add Employees - 025 FAILED.
Reason:
com.kms.katalon.core.exception.StepFailedException: Unable to verify text 'Employee code already used' is present 
	at com.kms.katalon.core.webui.keyword.internal.WebUIKeywordMain.stepFailed(WebUIKeywordMain.groovy:64)
	at com.kms.katalon.core.webui.keyword.internal.WebUIKeywordMain.runKeyword(WebUIKeywordMain.groovy:26)
	at com.kms.katalon.core.webui.keyword.builtin.VerifyTextPresentKeyword.verifyTextPresent(VerifyTextPresentKeyword.groovy:83)
	at com.kms.katalon.core.webui.keyword.builtin.VerifyTextPresentKeyword.execute(VerifyTextPresentKeyword.groovy:68)
	at com.kms.katalon.core.keyword.internal.KeywordExecutor.executeKeywordForPlatform(KeywordExecutor.groovy:74)
	at com.kms.katalon.core.webui.keyword.WebUiBuiltInKeywords.verifyTextPresent(WebUiBuiltInKeywords.groovy:1723)
	at com.kms.katalon.core.webui.keyword.WebUiBuiltInKeywords$verifyTextPresent$11.call(Unknown Source)
	at M08 - Employees - List and Add Employees - 025.run(M08 - Employees - List and Add Employees - 025:57)
	at com.kms.katalon.core.main.ScriptEngine.run(ScriptEngine.java:194)
	at com.kms.katalon.core.main.ScriptEngine.runScriptAsRawText(ScriptEngine.java:119)
	at com.kms.katalon.core.main.TestCaseExecutor.runScript(TestCaseExecutor.java:448)
	at com.kms.katalon.core.main.TestCaseExecutor.doExecute(TestCaseExecutor.java:439)
	at com.kms.katalon.core.main.TestCaseExecutor.processExecutionPhase(TestCaseExecutor.java:418)
	at com.kms.katalon.core.main.TestCaseExecutor.accessMainPhase(TestCaseExecutor.java:410)
	at com.kms.katalon.core.main.TestCaseExecutor.execute(TestCaseExecutor.java:285)
	at com.kms.katalon.core.common.CommonExecutor.accessTestCaseMainPhase(CommonExecutor.java:65)
	at com.kms.katalon.core.main.TestSuiteExecutor.accessTestSuiteMainPhase(TestSuiteExecutor.java:148)
	at com.kms.katalon.core.main.TestSuiteExecutor.execute(TestSuiteExecutor.java:106)
	at com.kms.katalon.core.main.TestCaseMain.startTestSuite(TestCaseMain.java:187)
	at com.kms.katalon.core.main.TestCaseMain$startTestSuite$0.call(Unknown Source)
	at TempTestSuite1693965237849.run(TempTestSuite1693965237849.groovy:36)
Caused by: com.kms.katalon.core.exception.StepFailedException: Text 'Employee code already used' is not present on page 
	at com.kms.katalon.core.webui.keyword.internal.WebUIKeywordMain.stepFailed(WebUIKeywordMain.groovy:64)
	at com.kms.katalon.core.webui.keyword.builtin.VerifyTextPresentKeyword$_verifyTextPresent_closure1.doCall(VerifyTextPresentKeyword.groovy:79)
	at com.kms.katalon.core.webui.keyword.builtin.VerifyTextPresentKeyword$_verifyTextPresent_closure1.call(VerifyTextPresentKeyword.groovy)
	at com.kms.katalon.core.webui.keyword.internal.WebUIKeywordMain.runKeyword(WebUIKeywordMain.groovy:20)
	... 19 more
"/>
         <system-out><![CDATA[2023-09-06 09:02:29 - [TEST_CASE][FAILED] - Test Cases/M08 - Employees - List and Add Employees/M08 - Employees - List and Add Employees - 025: Test Cases/M08 - Employees - List and Add Employees/M08 - Employees - List and Add Employees - 025 FAILED.
Reason:
com.kms.katalon.core.exception.StepFailedException: Unable to verify text 'Employee code already used' is present 
	at com.kms.katalon.core.webui.keyword.internal.WebUIKeywordMain.stepFailed(WebUIKeywordMain.groovy:64)
	at com.kms.katalon.core.webui.keyword.internal.WebUIKeywordMain.runKeyword(WebUIKeywordMain.groovy:26)
	at com.kms.katalon.core.webui.keyword.builtin.VerifyTextPresentKeyword.verifyTextPresent(VerifyTextPresentKeyword.groovy:83)
	at com.kms.katalon.core.webui.keyword.builtin.VerifyTextPresentKeyword.execute(VerifyTextPresentKeyword.groovy:68)
	at com.kms.katalon.core.keyword.internal.KeywordExecutor.executeKeywordForPlatform(KeywordExecutor.groovy:74)
	at com.kms.katalon.core.webui.keyword.WebUiBuiltInKeywords.verifyTextPresent(WebUiBuiltInKeywords.groovy:1723)
	at com.kms.katalon.core.webui.keyword.WebUiBuiltInKeywords$verifyTextPresent$11.call(Unknown Source)
	at M08 - Employees - List and Add Employees - 025.run(M08 - Employees - List and Add Employees - 025:57)
	at com.kms.katalon.core.main.ScriptEngine.run(ScriptEngine.java:194)
	at com.kms.katalon.core.main.ScriptEngine.runScriptAsRawText(ScriptEngine.java:119)
	at com.kms.katalon.core.main.TestCaseExecutor.runScript(TestCaseExecutor.java:448)
	at com.kms.katalon.core.main.TestCaseExecutor.doExecute(TestCaseExecutor.java:439)
	at com.kms.katalon.core.main.TestCaseExecutor.processExecutionPhase(TestCaseExecutor.java:418)
	at com.kms.katalon.core.main.TestCaseExecutor.accessMainPhase(TestCaseExecutor.java:410)
	at com.kms.katalon.core.main.TestCaseExecutor.execute(TestCaseExecutor.java:285)
	at com.kms.katalon.core.common.CommonExecutor.accessTestCaseMainPhase(CommonExecutor.java:65)
	at com.kms.katalon.core.main.TestSuiteExecutor.accessTestSuiteMainPhase(TestSuiteExecutor.java:148)
	at com.kms.katalon.core.main.TestSuiteExecutor.execute(TestSuiteExecutor.java:106)
	at com.kms.katalon.core.main.TestCaseMain.startTestSuite(TestCaseMain.java:187)
	at com.kms.katalon.core.main.TestCaseMain$startTestSuite$0.call(Unknown Source)
	at TempTestSuite1693965237849.run(TempTestSuite1693965237849.groovy:36)
Caused by: com.kms.katalon.core.exception.StepFailedException: Text 'Employee code already used' is not present on page 
	at com.kms.katalon.core.webui.keyword.internal.WebUIKeywordMain.stepFailed(WebUIKeywordMain.groovy:64)
	at com.kms.katalon.core.webui.keyword.builtin.VerifyTextPresentKeyword$_verifyTextPresent_closure1.doCall(VerifyTextPresentKeyword.groovy:79)
	at com.kms.katalon.core.webui.keyword.builtin.VerifyTextPresentKeyword$_verifyTextPresent_closure1.call(VerifyTextPresentKeyword.groovy)
	at com.kms.katalon.core.webui.keyword.internal.WebUIKeywordMain.runKeyword(WebUIKeywordMain.groovy:20)
	... 19 more


2023-09-06 09:02:29 - [TEST_STEP][PASSED] - callTestCase(findTestCase("M08 - Employees - List and Add Employees/M08 - Employees - List and Add Employees - 003"), [:], STOP_ON_FAILURE): Call Test Case 'Test Cases/M08 - Employees - List and Add Employees/M08 - Employees - List and Add Employees - 003' successfully

2023-09-06 09:02:30 - [TEST_CASE][PASSED] - Test Cases/M08 - Employees - List and Add Employees/M08 - Employees - List and Add Employees - 003: Test Cases/M08 - Employees - List and Add Employees/M08 - Employees - List and Add Employees - 003

2023-09-06 09:02:30 - [TEST_STEP][PASSED] - callTestCase(findTestCase("M08 - Employees - List and Add Employees/M08 - Employees - List and Add Employees - 002"), [:], STOP_ON_FAILURE): Call Test Case 'Test Cases/M08 - Employees - List and Add Employees/M08 - Employees - List and Add Employees - 002' successfully

2023-09-06 09:02:30 - [TEST_CASE][PASSED] - Test Cases/M08 - Employees - List and Add Employees/M08 - Employees - List and Add Employees - 002: Test Cases/M08 - Employees - List and Add Employees/M08 - Employees - List and Add Employees - 002

2023-09-06 09:02:30 - [TEST_STEP][PASSED] - callTestCase(findTestCase("M08 - Employees - List and Add Employees/M08 - Employees - List and Add Employees - 001"), ["email":"superadmin@mail.com", "pass":"p4y+y39Ir5Pc2g9xt3QkeQ=="], STOP_ON_FAILURE): Call Test Case 'Test Cases/M08 - Employees - List and Add Employees/M08 - Employees - List and Add Employees - 001' successfully

2023-09-06 09:02:30 - [TEST_CASE][PASSED] - Test Cases/M08 - Employees - List and Add Employees/M08 - Employees - List and Add Employees - 001: Test Cases/M08 - Employees - List and Add Employees/M08 - Employees - List and Add Employees - 001

2023-09-06 09:02:30 - [TEST_STEP][PASSED] - openBrowser(url): Browser is opened with url: 'https://10.9.2.63/hrsystem/'

2023-09-06 09:02:30 - [MESSAGE][WARNING] - A browser is already opened. Closing browser and opening a new one

2023-09-06 09:02:31 - [MESSAGE][INFO] - Starting 'Edge Chromium' driver

2023-09-06 09:02:31 - [MESSAGE][INFO] - User set preference: ['acceptInsecureCerts', 'true']

2023-09-06 09:02:33 - [MESSAGE][INFO] - Action delay is set to 0 milliseconds

2023-09-06 09:02:34 - [MESSAGE][PASSED] - Browser is opened with url: 'https://10.9.2.63/hrsystem/'

2023-09-06 09:02:34 - [TEST_STEP][PASSED] - maximizeWindow(): Current window maximized

2023-09-06 09:02:34 - [MESSAGE][PASSED] - Current window maximized

2023-09-06 09:02:34 - [TEST_STEP][PASSED] - setText(findTestObject("Master/input_email"), email): Text 'superadmin@mail.com' is set on object 'Object Repository/Master/input_email'

2023-09-06 09:02:35 - [MESSAGE][PASSED] - Text 'superadmin@mail.com' is set on object 'Object Repository/Master/input_email'

2023-09-06 09:02:35 - [TEST_STEP][PASSED] - setEncryptedText(findTestObject("Master/input_password"), pass): Text ****** has been set on object 'Object Repository/Master/input_password'

2023-09-06 09:02:36 - [MESSAGE][PASSED] - Text ****** has been set on object 'Object Repository/Master/input_password'

2023-09-06 09:02:36 - [TEST_STEP][PASSED] - click(findTestObject("Master/button_login")): Object: 'Object Repository/Master/button_login' is clicked on

2023-09-06 09:02:36 - [MESSAGE][PASSED] - Object: 'Object Repository/Master/button_login' is clicked on

2023-09-06 09:02:36 - [TEST_STEP][PASSED] - verifyElementPresent(findTestObject("Master/dashboard"), 0): Object 'Object Repository/Master/dashboard' is present

2023-09-06 09:02:36 - [MESSAGE][WARNING] - Timeout '0' is invalid. Using default page load timeout: '30'

2023-09-06 09:02:37 - [MESSAGE][PASSED] - Object 'Object Repository/Master/dashboard' is present

2023-09-06 09:02:37 - [MESSAGE][PASSED] - Call Test Case 'Test Cases/M08 - Employees - List and Add Employees/M08 - Employees - List and Add Employees - 001' successfully

2023-09-06 09:02:37 - [TEST_STEP][PASSED] - click(findTestObject("Edit Employee Experience/employee_sidebar")): Object: 'Object Repository/Edit Employee Experience/employee_sidebar' is clicked on

2023-09-06 09:02:38 - [MESSAGE][PASSED] - Object: 'Object Repository/Edit Employee Experience/employee_sidebar' is clicked on

2023-09-06 09:02:38 - [TEST_STEP][PASSED] - click(findTestObject("Edit Employee Experience/dropdown_employee")): Object: 'Object Repository/Edit Employee Experience/dropdown_employee' is clicked on

2023-09-06 09:02:39 - [MESSAGE][PASSED] - Object: 'Object Repository/Edit Employee Experience/dropdown_employee' is clicked on

2023-09-06 09:02:39 - [TEST_STEP][PASSED] - verifyElementPresent(findTestObject("Edit Employee Experience/title_Employee"), 0): Object 'Object Repository/Edit Employee Experience/title_Employee' is present

2023-09-06 09:02:39 - [MESSAGE][WARNING] - Timeout '0' is invalid. Using default page load timeout: '30'

2023-09-06 09:02:40 - [MESSAGE][PASSED] - Object 'Object Repository/Edit Employee Experience/title_Employee' is present

2023-09-06 09:02:40 - [MESSAGE][PASSED] - Call Test Case 'Test Cases/M08 - Employees - List and Add Employees/M08 - Employees - List and Add Employees - 002' successfully

2023-09-06 09:02:40 - [TEST_STEP][PASSED] - click(findTestObject("Add Employee/button_add_employee")): Object: 'Object Repository/Add Employee/button_add_employee' is clicked on

2023-09-06 09:02:40 - [MESSAGE][PASSED] - Object: 'Object Repository/Add Employee/button_add_employee' is clicked on

2023-09-06 09:02:40 - [TEST_STEP][PASSED] - verifyElementPresent(findTestObject("Add Employee/title_Employee List"), 0): Object 'Object Repository/Add Employee/title_Employee List' is present

2023-09-06 09:02:40 - [MESSAGE][WARNING] - Timeout '0' is invalid. Using default page load timeout: '30'

2023-09-06 09:02:41 - [MESSAGE][PASSED] - Object 'Object Repository/Add Employee/title_Employee List' is present

2023-09-06 09:02:41 - [MESSAGE][PASSED] - Call Test Case 'Test Cases/M08 - Employees - List and Add Employees/M08 - Employees - List and Add Employees - 003' successfully

2023-09-06 09:02:41 - [TEST_STEP][PASSED] - setText(findTestObject("Add Employee/input_first_name"), "Alvin"): Text 'Alvin' is set on object 'Object Repository/Add Employee/input_first_name'

2023-09-06 09:02:42 - [MESSAGE][PASSED] - Text 'Alvin' is set on object 'Object Repository/Add Employee/input_first_name'

2023-09-06 09:02:42 - [TEST_STEP][PASSED] - setText(findTestObject("Add Employee/input_last_name"), "Venezuela"): Text 'Venezuela' is set on object 'Object Repository/Add Employee/input_last_name'

2023-09-06 09:02:42 - [MESSAGE][PASSED] - Text 'Venezuela' is set on object 'Object Repository/Add Employee/input_last_name'

2023-09-06 09:02:42 - [TEST_STEP][PASSED] - setText(findTestObject("Spy Add Employee/input_Employee Code_eid"), "12345"): Text '12345' is set on object 'Object Repository/Spy Add Employee/input_Employee Code_eid'

2023-09-06 09:02:43 - [MESSAGE][PASSED] - Text '12345' is set on object 'Object Repository/Spy Add Employee/input_Employee Code_eid'

2023-09-06 09:02:43 - [TEST_STEP][PASSED] - selectOptionByValue(findTestObject("Spy Add Employee/select_department"), "3", false): All options with value '3' are selected in object 'Object Repository/Spy Add Employee/select_department' 

2023-09-06 09:02:44 - [MESSAGE][PASSED] - All options with value '3' are selected in object 'Object Repository/Spy Add Employee/select_department' 

2023-09-06 09:02:44 - [TEST_STEP][PASSED] - selectOptionByValue(findTestObject("Spy Add Employee/select_designation"), "5", false): All options with value '5' are selected in object 'Object Repository/Spy Add Employee/select_designation' 

2023-09-06 09:02:45 - [MESSAGE][PASSED] - All options with value '5' are selected in object 'Object Repository/Spy Add Employee/select_designation' 

2023-09-06 09:02:45 - [TEST_STEP][PASSED] - selectOptionByValue(findTestObject("Spy Add Employee/select_role"), "EMPLOYEE", false): All options with value 'EMPLOYEE' are selected in object 'Object Repository/Spy Add Employee/select_role' 

2023-09-06 09:02:46 - [MESSAGE][PASSED] - All options with value 'EMPLOYEE' are selected in object 'Object Repository/Spy Add Employee/select_role' 

2023-09-06 09:02:46 - [TEST_STEP][PASSED] - selectOptionByValue(findTestObject("Spy Add Employee/select_gender"), "MALE", false): All options with value 'MALE' are selected in object 'Object Repository/Spy Add Employee/select_gender' 

2023-09-06 09:02:47 - [MESSAGE][PASSED] - All options with value 'MALE' are selected in object 'Object Repository/Spy Add Employee/select_gender' 

2023-09-06 09:02:47 - [TEST_STEP][PASSED] - selectOptionByValue(findTestObject("Spy Add Employee/select_blood"), "O+", false): All options with value 'O+' are selected in object 'Object Repository/Spy Add Employee/select_blood' 

2023-09-06 09:02:48 - [MESSAGE][PASSED] - All options with value 'O+' are selected in object 'Object Repository/Spy Add Employee/select_blood' 

2023-09-06 09:02:48 - [TEST_STEP][PASSED] - setText(findTestObject("new/input_NID_nid"), "123456789011"): Text '123456789011' is set on object 'Object Repository/new/input_NID_nid'

2023-09-06 09:02:49 - [MESSAGE][PASSED] - Text '123456789011' is set on object 'Object Repository/new/input_NID_nid'

2023-09-06 09:02:49 - [TEST_STEP][PASSED] - setText(findTestObject("new/input_Contact Number_contact"), "08987898765612344544"): Text '08987898765612344544' is set on object 'Object Repository/new/input_Contact Number_contact'

2023-09-06 09:02:50 - [MESSAGE][PASSED] - Text '08987898765612344544' is set on object 'Object Repository/new/input_Contact Number_contact'

2023-09-06 09:02:50 - [TEST_STEP][PASSED] - setText(findTestObject("new/input_Date Of Birth_dob"), "10/10/2000"): Text '10/10/2000' is set on object 'Object Repository/new/input_Date Of Birth_dob'

2023-09-06 09:02:51 - [MESSAGE][PASSED] - Text '10/10/2000' is set on object 'Object Repository/new/input_Date Of Birth_dob'

2023-09-06 09:02:51 - [TEST_STEP][PASSED] - setText(findTestObject("new/input_Date Of Joining_joindate"), "20/12/2020"): Text '20/12/2020' is set on object 'Object Repository/new/input_Date Of Joining_joindate'

2023-09-06 09:02:51 - [MESSAGE][PASSED] - Text '20/12/2020' is set on object 'Object Repository/new/input_Date Of Joining_joindate'

2023-09-06 09:02:51 - [TEST_STEP][PASSED] - setText(findTestObject("new/input_Date Of Leaving_leavedate"), "10/12/2020"): Text '10/12/2020' is set on object 'Object Repository/new/input_Date Of Leaving_leavedate'

2023-09-06 09:02:52 - [MESSAGE][PASSED] - Text '10/12/2020' is set on object 'Object Repository/new/input_Date Of Leaving_leavedate'

2023-09-06 09:02:52 - [TEST_STEP][PASSED] - setText(findTestObject("new/input_Username_username"), "vinniv"): Text 'vinniv' is set on object 'Object Repository/new/input_Username_username'

2023-09-06 09:02:53 - [MESSAGE][PASSED] - Text 'vinniv' is set on object 'Object Repository/new/input_Username_username'

2023-09-06 09:02:53 - [TEST_STEP][PASSED] - setText(findTestObject("new/input_Email_email"), "niv@email.com"): Text 'niv@email.com' is set on object 'Object Repository/new/input_Email_email'

2023-09-06 09:02:54 - [MESSAGE][PASSED] - Text 'niv@email.com' is set on object 'Object Repository/new/input_Email_email'

2023-09-06 09:02:54 - [TEST_STEP][PASSED] - uploadFile(findTestObject("new/input_Image_image_url"), "C:\Users\ASUS\Downloads\images.jpg"): File 'C:\Users\ASUS\Downloads\images.jpg' sent to object: 'Object Repository/new/input_Image_image_url'

2023-09-06 09:02:55 - [MESSAGE][PASSED] - File 'C:\Users\ASUS\Downloads\images.jpg' sent to object: 'Object Repository/new/input_Image_image_url'

2023-09-06 09:02:55 - [TEST_STEP][PASSED] - click(findTestObject("Add Employee/button_save")): Object: 'Object Repository/Add Employee/button_save' is clicked on

2023-09-06 09:02:55 - [MESSAGE][PASSED] - Object: 'Object Repository/Add Employee/button_save' is clicked on

2023-09-06 09:02:55 - [TEST_STEP][FAILED] - verifyTextPresent("Employee code already used", false): Unable to verify text 'Employee code already used' is present  (Root cause: com.kms.katalon.core.exception.StepFailedException: Unable to verify text 'Employee code already used' is present 
	at com.kms.katalon.core.webui.keyword.internal.WebUIKeywordMain.stepFailed(WebUIKeywordMain.groovy:64)
	at com.kms.katalon.core.webui.keyword.internal.WebUIKeywordMain.runKeyword(WebUIKeywordMain.groovy:26)
	at com.kms.katalon.core.webui.keyword.builtin.VerifyTextPresentKeyword.verifyTextPresent(VerifyTextPresentKeyword.groovy:83)
	at com.kms.katalon.core.webui.keyword.builtin.VerifyTextPresentKeyword.execute(VerifyTextPresentKeyword.groovy:68)
	at com.kms.katalon.core.keyword.internal.KeywordExecutor.executeKeywordForPlatform(KeywordExecutor.groovy:74)
	at com.kms.katalon.core.webui.keyword.WebUiBuiltInKeywords.verifyTextPresent(WebUiBuiltInKeywords.groovy:1723)
	at com.kms.katalon.core.webui.keyword.WebUiBuiltInKeywords$verifyTextPresent$11.call(Unknown Source)
	at M08 - Employees - List and Add Employees - 025.run(M08 - Employees - List and Add Employees - 025:57)
	at com.kms.katalon.core.main.ScriptEngine.run(ScriptEngine.java:194)
	at com.kms.katalon.core.main.ScriptEngine.runScriptAsRawText(ScriptEngine.java:119)
	at com.kms.katalon.core.main.TestCaseExecutor.runScript(TestCaseExecutor.java:448)
	at com.kms.katalon.core.main.TestCaseExecutor.doExecute(TestCaseExecutor.java:439)
	at com.kms.katalon.core.main.TestCaseExecutor.processExecutionPhase(TestCaseExecutor.java:418)
	at com.kms.katalon.core.main.TestCaseExecutor.accessMainPhase(TestCaseExecutor.java:410)
	at com.kms.katalon.core.main.TestCaseExecutor.execute(TestCaseExecutor.java:285)
	at com.kms.katalon.core.common.CommonExecutor.accessTestCaseMainPhase(CommonExecutor.java:65)
	at com.kms.katalon.core.main.TestSuiteExecutor.accessTestSuiteMainPhase(TestSuiteExecutor.java:148)
	at com.kms.katalon.core.main.TestSuiteExecutor.execute(TestSuiteExecutor.java:106)
	at com.kms.katalon.core.main.TestCaseMain.startTestSuite(TestCaseMain.java:187)
	at com.kms.katalon.core.main.TestCaseMain$startTestSuite$0.call(Unknown Source)
	at TempTestSuite1693965237849.run(TempTestSuite1693965237849.groovy:36)
Caused by: com.kms.katalon.core.exception.StepFailedException: Text 'Employee code already used' is not present on page 
	at com.kms.katalon.core.webui.keyword.internal.WebUIKeywordMain.stepFailed(WebUIKeywordMain.groovy:64)
	at com.kms.katalon.core.webui.keyword.builtin.VerifyTextPresentKeyword$_verifyTextPresent_closure1.doCall(VerifyTextPresentKeyword.groovy:79)
	at com.kms.katalon.core.webui.keyword.builtin.VerifyTextPresentKeyword$_verifyTextPresent_closure1.call(VerifyTextPresentKeyword.groovy)
	at com.kms.katalon.core.webui.keyword.internal.WebUIKeywordMain.runKeyword(WebUIKeywordMain.groovy:20)
	... 19 more
)

2023-09-06 09:02:56 - [MESSAGE][FAILED] - Text 'Employee code already used' is not present on page  (Root cause: com.kms.katalon.core.exception.StepFailedException: Text 'Employee code already used' is not present on page 
	at com.kms.katalon.core.webui.keyword.internal.WebUIKeywordMain.stepFailed(WebUIKeywordMain.groovy:64)
	at com.kms.katalon.core.webui.keyword.builtin.VerifyTextPresentKeyword$_verifyTextPresent_closure1.doCall(VerifyTextPresentKeyword.groovy:79)
	at com.kms.katalon.core.webui.keyword.builtin.VerifyTextPresentKeyword$_verifyTextPresent_closure1.call(VerifyTextPresentKeyword.groovy)
	at com.kms.katalon.core.webui.keyword.internal.WebUIKeywordMain.runKeyword(WebUIKeywordMain.groovy:20)
	at com.kms.katalon.core.webui.keyword.builtin.VerifyTextPresentKeyword.verifyTextPresent(VerifyTextPresentKeyword.groovy:83)
	at com.kms.katalon.core.webui.keyword.builtin.VerifyTextPresentKeyword.execute(VerifyTextPresentKeyword.groovy:68)
	at com.kms.katalon.core.keyword.internal.KeywordExecutor.executeKeywordForPlatform(KeywordExecutor.groovy:74)
	at com.kms.katalon.core.webui.keyword.WebUiBuiltInKeywords.verifyTextPresent(WebUiBuiltInKeywords.groovy:1723)
	at com.kms.katalon.core.webui.keyword.WebUiBuiltInKeywords$verifyTextPresent$11.call(Unknown Source)
	at M08 - Employees - List and Add Employees - 025.run(M08 - Employees - List and Add Employees - 025:57)
	at com.kms.katalon.core.main.ScriptEngine.run(ScriptEngine.java:194)
	at com.kms.katalon.core.main.ScriptEngine.runScriptAsRawText(ScriptEngine.java:119)
	at com.kms.katalon.core.main.TestCaseExecutor.runScript(TestCaseExecutor.java:448)
	at com.kms.katalon.core.main.TestCaseExecutor.doExecute(TestCaseExecutor.java:439)
	at com.kms.katalon.core.main.TestCaseExecutor.processExecutionPhase(TestCaseExecutor.java:418)
	at com.kms.katalon.core.main.TestCaseExecutor.accessMainPhase(TestCaseExecutor.java:410)
	at com.kms.katalon.core.main.TestCaseExecutor.execute(TestCaseExecutor.java:285)
	at com.kms.katalon.core.common.CommonExecutor.accessTestCaseMainPhase(CommonExecutor.java:65)
	at com.kms.katalon.core.main.TestSuiteExecutor.accessTestSuiteMainPhase(TestSuiteExecutor.java:148)
	at com.kms.katalon.core.main.TestSuiteExecutor.execute(TestSuiteExecutor.java:106)
	at com.kms.katalon.core.main.TestCaseMain.startTestSuite(TestCaseMain.java:187)
	at com.kms.katalon.core.main.TestCaseMain$startTestSuite$0.call(Unknown Source)
	at TempTestSuite1693965237849.run(TempTestSuite1693965237849.groovy:36)
)

2023-09-06 09:02:56 - [MESSAGE][FAILED] - Unable to verify text 'Employee code already used' is present  (Root cause: com.kms.katalon.core.exception.StepFailedException: Unable to verify text 'Employee code already used' is present 
	at com.kms.katalon.core.webui.keyword.internal.WebUIKeywordMain.stepFailed(WebUIKeywordMain.groovy:64)
	at com.kms.katalon.core.webui.keyword.internal.WebUIKeywordMain.runKeyword(WebUIKeywordMain.groovy:26)
	at com.kms.katalon.core.webui.keyword.builtin.VerifyTextPresentKeyword.verifyTextPresent(VerifyTextPresentKeyword.groovy:83)
	at com.kms.katalon.core.webui.keyword.builtin.VerifyTextPresentKeyword.execute(VerifyTextPresentKeyword.groovy:68)
	at com.kms.katalon.core.keyword.internal.KeywordExecutor.executeKeywordForPlatform(KeywordExecutor.groovy:74)
	at com.kms.katalon.core.webui.keyword.WebUiBuiltInKeywords.verifyTextPresent(WebUiBuiltInKeywords.groovy:1723)
	at com.kms.katalon.core.webui.keyword.WebUiBuiltInKeywords$verifyTextPresent$11.call(Unknown Source)
	at M08 - Employees - List and Add Employees - 025.run(M08 - Employees - List and Add Employees - 025:57)
	at com.kms.katalon.core.main.ScriptEngine.run(ScriptEngine.java:194)
	at com.kms.katalon.core.main.ScriptEngine.runScriptAsRawText(ScriptEngine.java:119)
	at com.kms.katalon.core.main.TestCaseExecutor.runScript(TestCaseExecutor.java:448)
	at com.kms.katalon.core.main.TestCaseExecutor.doExecute(TestCaseExecutor.java:439)
	at com.kms.katalon.core.main.TestCaseExecutor.processExecutionPhase(TestCaseExecutor.java:418)
	at com.kms.katalon.core.main.TestCaseExecutor.accessMainPhase(TestCaseExecutor.java:410)
	at com.kms.katalon.core.main.TestCaseExecutor.execute(TestCaseExecutor.java:285)
	at com.kms.katalon.core.common.CommonExecutor.accessTestCaseMainPhase(CommonExecutor.java:65)
	at com.kms.katalon.core.main.TestSuiteExecutor.accessTestSuiteMainPhase(TestSuiteExecutor.java:148)
	at com.kms.katalon.core.main.TestSuiteExecutor.execute(TestSuiteExecutor.java:106)
	at com.kms.katalon.core.main.TestCaseMain.startTestSuite(TestCaseMain.java:187)
	at com.kms.katalon.core.main.TestCaseMain$startTestSuite$0.call(Unknown Source)
	at TempTestSuite1693965237849.run(TempTestSuite1693965237849.groovy:36)
Caused by: com.kms.katalon.core.exception.StepFailedException: Text 'Employee code already used' is not present on page 
	at com.kms.katalon.core.webui.keyword.internal.WebUIKeywordMain.stepFailed(WebUIKeywordMain.groovy:64)
	at com.kms.katalon.core.webui.keyword.builtin.VerifyTextPresentKeyword$_verifyTextPresent_closure1.doCall(VerifyTextPresentKeyword.groovy:79)
	at com.kms.katalon.core.webui.keyword.builtin.VerifyTextPresentKeyword$_verifyTextPresent_closure1.call(VerifyTextPresentKeyword.groovy)
	at com.kms.katalon.core.webui.keyword.internal.WebUIKeywordMain.runKeyword(WebUIKeywordMain.groovy:20)
	... 19 more
)
[[ATTACHMENT|D:\\xsis\\batch-324-qa\\bagus\\Mini Project HRS\\Reports\\20230906_085357\\M8\\20230906_085357\\1693965776300.png]]]]></system-out>
         <system-err><![CDATA[2023-09-06 09:02:29 - [TEST_CASE][FAILED] - Test Cases/M08 - Employees - List and Add Employees/M08 - Employees - List and Add Employees - 025: Test Cases/M08 - Employees - List and Add Employees/M08 - Employees - List and Add Employees - 025 FAILED.
Reason:
com.kms.katalon.core.exception.StepFailedException: Unable to verify text 'Employee code already used' is present 
	at com.kms.katalon.core.webui.keyword.internal.WebUIKeywordMain.stepFailed(WebUIKeywordMain.groovy:64)
	at com.kms.katalon.core.webui.keyword.internal.WebUIKeywordMain.runKeyword(WebUIKeywordMain.groovy:26)
	at com.kms.katalon.core.webui.keyword.builtin.VerifyTextPresentKeyword.verifyTextPresent(VerifyTextPresentKeyword.groovy:83)
	at com.kms.katalon.core.webui.keyword.builtin.VerifyTextPresentKeyword.execute(VerifyTextPresentKeyword.groovy:68)
	at com.kms.katalon.core.keyword.internal.KeywordExecutor.executeKeywordForPlatform(KeywordExecutor.groovy:74)
	at com.kms.katalon.core.webui.keyword.WebUiBuiltInKeywords.verifyTextPresent(WebUiBuiltInKeywords.groovy:1723)
	at com.kms.katalon.core.webui.keyword.WebUiBuiltInKeywords$verifyTextPresent$11.call(Unknown Source)
	at M08 - Employees - List and Add Employees - 025.run(M08 - Employees - List and Add Employees - 025:57)
	at com.kms.katalon.core.main.ScriptEngine.run(ScriptEngine.java:194)
	at com.kms.katalon.core.main.ScriptEngine.runScriptAsRawText(ScriptEngine.java:119)
	at com.kms.katalon.core.main.TestCaseExecutor.runScript(TestCaseExecutor.java:448)
	at com.kms.katalon.core.main.TestCaseExecutor.doExecute(TestCaseExecutor.java:439)
	at com.kms.katalon.core.main.TestCaseExecutor.processExecutionPhase(TestCaseExecutor.java:418)
	at com.kms.katalon.core.main.TestCaseExecutor.accessMainPhase(TestCaseExecutor.java:410)
	at com.kms.katalon.core.main.TestCaseExecutor.execute(TestCaseExecutor.java:285)
	at com.kms.katalon.core.common.CommonExecutor.accessTestCaseMainPhase(CommonExecutor.java:65)
	at com.kms.katalon.core.main.TestSuiteExecutor.accessTestSuiteMainPhase(TestSuiteExecutor.java:148)
	at com.kms.katalon.core.main.TestSuiteExecutor.execute(TestSuiteExecutor.java:106)
	at com.kms.katalon.core.main.TestCaseMain.startTestSuite(TestCaseMain.java:187)
	at com.kms.katalon.core.main.TestCaseMain$startTestSuite$0.call(Unknown Source)
	at TempTestSuite1693965237849.run(TempTestSuite1693965237849.groovy:36)
Caused by: com.kms.katalon.core.exception.StepFailedException: Text 'Employee code already used' is not present on page 
	at com.kms.katalon.core.webui.keyword.internal.WebUIKeywordMain.stepFailed(WebUIKeywordMain.groovy:64)
	at com.kms.katalon.core.webui.keyword.builtin.VerifyTextPresentKeyword$_verifyTextPresent_closure1.doCall(VerifyTextPresentKeyword.groovy:79)
	at com.kms.katalon.core.webui.keyword.builtin.VerifyTextPresentKeyword$_verifyTextPresent_closure1.call(VerifyTextPresentKeyword.groovy)
	at com.kms.katalon.core.webui.keyword.internal.WebUIKeywordMain.runKeyword(WebUIKeywordMain.groovy:20)
	... 19 more]]></system-err>
      </testcase>
      <testcase name="Test Cases/M08 - Employees - List and Add Employees/M08 - Employees - List and Add Employees - 026" time="58.474" classname="Test Cases/M08 - Employees - List and Add Employees/M08 - Employees - List and Add Employees - 026" status="FAILED">
         <failure type="FAILED" message="Test Cases/M08 - Employees - List and Add Employees/M08 - Employees - List and Add Employees - 026 FAILED.
Reason:
com.kms.katalon.core.exception.StepFailedException: Verify element text of test object 'Object Repository/Add Employee/alert_email' FAILED.
	at com.kms.katalon.core.webui.keyword.internal.WebUIKeywordMain.stepFailed(WebUIKeywordMain.groovy:64)
	at com.kms.katalon.core.webui.keyword.internal.WebUIKeywordMain.runKeyword(WebUIKeywordMain.groovy:26)
	at com.kms.katalon.core.webui.keyword.builtin.VerifyElementTextKeyword.verifyElementText(VerifyElementTextKeyword.groovy:72)
	at com.kms.katalon.core.webui.keyword.builtin.VerifyElementTextKeyword.execute(VerifyElementTextKeyword.groovy:40)
	at com.kms.katalon.core.keyword.internal.KeywordExecutor.executeKeywordForPlatform(KeywordExecutor.groovy:74)
	at com.kms.katalon.core.webui.keyword.WebUiBuiltInKeywords.verifyElementText(WebUiBuiltInKeywords.groovy:4749)
	at com.kms.katalon.core.webui.keyword.WebUiBuiltInKeywords$verifyElementText$10.call(Unknown Source)
	at M08 - Employees - List and Add Employees - 026.run(M08 - Employees - List and Add Employees - 026:57)
	at com.kms.katalon.core.main.ScriptEngine.run(ScriptEngine.java:194)
	at com.kms.katalon.core.main.ScriptEngine.runScriptAsRawText(ScriptEngine.java:119)
	at com.kms.katalon.core.main.TestCaseExecutor.runScript(TestCaseExecutor.java:448)
	at com.kms.katalon.core.main.TestCaseExecutor.doExecute(TestCaseExecutor.java:439)
	at com.kms.katalon.core.main.TestCaseExecutor.processExecutionPhase(TestCaseExecutor.java:418)
	at com.kms.katalon.core.main.TestCaseExecutor.accessMainPhase(TestCaseExecutor.java:410)
	at com.kms.katalon.core.main.TestCaseExecutor.execute(TestCaseExecutor.java:285)
	at com.kms.katalon.core.common.CommonExecutor.accessTestCaseMainPhase(CommonExecutor.java:65)
	at com.kms.katalon.core.main.TestSuiteExecutor.accessTestSuiteMainPhase(TestSuiteExecutor.java:148)
	at com.kms.katalon.core.main.TestSuiteExecutor.execute(TestSuiteExecutor.java:106)
	at com.kms.katalon.core.main.TestCaseMain.startTestSuite(TestCaseMain.java:187)
	at com.kms.katalon.core.main.TestCaseMain$startTestSuite$0.call(Unknown Source)
	at TempTestSuite1693965237849.run(TempTestSuite1693965237849.groovy:36)
Caused by: com.kms.katalon.core.exception.StepFailedException: com.kms.katalon.core.webui.exception.WebElementNotFoundException: Web element with id: 'Object Repository/Add Employee/alert_email' located by '//div[@id='main-wrapper']/div[2]/div[2]' not found
	at com.kms.katalon.core.webui.keyword.internal.WebUIKeywordMain.stepFailed(WebUIKeywordMain.groovy:64)
	at com.kms.katalon.core.webui.keyword.builtin.VerifyElementTextKeyword$_verifyElementText_closure1.doCall(VerifyElementTextKeyword.groovy:64)
	at com.kms.katalon.core.webui.keyword.builtin.VerifyElementTextKeyword$_verifyElementText_closure1.call(VerifyElementTextKeyword.groovy)
	at com.kms.katalon.core.webui.keyword.internal.WebUIKeywordMain.runKeyword(WebUIKeywordMain.groovy:20)
	... 19 more
"/>
         <system-out><![CDATA[2023-09-06 09:02:56 - [TEST_CASE][FAILED] - Test Cases/M08 - Employees - List and Add Employees/M08 - Employees - List and Add Employees - 026: Test Cases/M08 - Employees - List and Add Employees/M08 - Employees - List and Add Employees - 026 FAILED.
Reason:
com.kms.katalon.core.exception.StepFailedException: Verify element text of test object 'Object Repository/Add Employee/alert_email' FAILED.
	at com.kms.katalon.core.webui.keyword.internal.WebUIKeywordMain.stepFailed(WebUIKeywordMain.groovy:64)
	at com.kms.katalon.core.webui.keyword.internal.WebUIKeywordMain.runKeyword(WebUIKeywordMain.groovy:26)
	at com.kms.katalon.core.webui.keyword.builtin.VerifyElementTextKeyword.verifyElementText(VerifyElementTextKeyword.groovy:72)
	at com.kms.katalon.core.webui.keyword.builtin.VerifyElementTextKeyword.execute(VerifyElementTextKeyword.groovy:40)
	at com.kms.katalon.core.keyword.internal.KeywordExecutor.executeKeywordForPlatform(KeywordExecutor.groovy:74)
	at com.kms.katalon.core.webui.keyword.WebUiBuiltInKeywords.verifyElementText(WebUiBuiltInKeywords.groovy:4749)
	at com.kms.katalon.core.webui.keyword.WebUiBuiltInKeywords$verifyElementText$10.call(Unknown Source)
	at M08 - Employees - List and Add Employees - 026.run(M08 - Employees - List and Add Employees - 026:57)
	at com.kms.katalon.core.main.ScriptEngine.run(ScriptEngine.java:194)
	at com.kms.katalon.core.main.ScriptEngine.runScriptAsRawText(ScriptEngine.java:119)
	at com.kms.katalon.core.main.TestCaseExecutor.runScript(TestCaseExecutor.java:448)
	at com.kms.katalon.core.main.TestCaseExecutor.doExecute(TestCaseExecutor.java:439)
	at com.kms.katalon.core.main.TestCaseExecutor.processExecutionPhase(TestCaseExecutor.java:418)
	at com.kms.katalon.core.main.TestCaseExecutor.accessMainPhase(TestCaseExecutor.java:410)
	at com.kms.katalon.core.main.TestCaseExecutor.execute(TestCaseExecutor.java:285)
	at com.kms.katalon.core.common.CommonExecutor.accessTestCaseMainPhase(CommonExecutor.java:65)
	at com.kms.katalon.core.main.TestSuiteExecutor.accessTestSuiteMainPhase(TestSuiteExecutor.java:148)
	at com.kms.katalon.core.main.TestSuiteExecutor.execute(TestSuiteExecutor.java:106)
	at com.kms.katalon.core.main.TestCaseMain.startTestSuite(TestCaseMain.java:187)
	at com.kms.katalon.core.main.TestCaseMain$startTestSuite$0.call(Unknown Source)
	at TempTestSuite1693965237849.run(TempTestSuite1693965237849.groovy:36)
Caused by: com.kms.katalon.core.exception.StepFailedException: com.kms.katalon.core.webui.exception.WebElementNotFoundException: Web element with id: 'Object Repository/Add Employee/alert_email' located by '//div[@id='main-wrapper']/div[2]/div[2]' not found
	at com.kms.katalon.core.webui.keyword.internal.WebUIKeywordMain.stepFailed(WebUIKeywordMain.groovy:64)
	at com.kms.katalon.core.webui.keyword.builtin.VerifyElementTextKeyword$_verifyElementText_closure1.doCall(VerifyElementTextKeyword.groovy:64)
	at com.kms.katalon.core.webui.keyword.builtin.VerifyElementTextKeyword$_verifyElementText_closure1.call(VerifyElementTextKeyword.groovy)
	at com.kms.katalon.core.webui.keyword.internal.WebUIKeywordMain.runKeyword(WebUIKeywordMain.groovy:20)
	... 19 more


2023-09-06 09:02:56 - [TEST_STEP][PASSED] - callTestCase(findTestCase("M08 - Employees - List and Add Employees/M08 - Employees - List and Add Employees - 003"), [:], STOP_ON_FAILURE): Call Test Case 'Test Cases/M08 - Employees - List and Add Employees/M08 - Employees - List and Add Employees - 003' successfully

2023-09-06 09:02:56 - [TEST_CASE][PASSED] - Test Cases/M08 - Employees - List and Add Employees/M08 - Employees - List and Add Employees - 003: Test Cases/M08 - Employees - List and Add Employees/M08 - Employees - List and Add Employees - 003

2023-09-06 09:02:56 - [TEST_STEP][PASSED] - callTestCase(findTestCase("M08 - Employees - List and Add Employees/M08 - Employees - List and Add Employees - 002"), [:], STOP_ON_FAILURE): Call Test Case 'Test Cases/M08 - Employees - List and Add Employees/M08 - Employees - List and Add Employees - 002' successfully

2023-09-06 09:02:56 - [TEST_CASE][PASSED] - Test Cases/M08 - Employees - List and Add Employees/M08 - Employees - List and Add Employees - 002: Test Cases/M08 - Employees - List and Add Employees/M08 - Employees - List and Add Employees - 002

2023-09-06 09:02:56 - [TEST_STEP][PASSED] - callTestCase(findTestCase("M08 - Employees - List and Add Employees/M08 - Employees - List and Add Employees - 001"), ["email":"superadmin@mail.com", "pass":"p4y+y39Ir5Pc2g9xt3QkeQ=="], STOP_ON_FAILURE): Call Test Case 'Test Cases/M08 - Employees - List and Add Employees/M08 - Employees - List and Add Employees - 001' successfully

2023-09-06 09:02:57 - [TEST_CASE][PASSED] - Test Cases/M08 - Employees - List and Add Employees/M08 - Employees - List and Add Employees - 001: Test Cases/M08 - Employees - List and Add Employees/M08 - Employees - List and Add Employees - 001

2023-09-06 09:02:57 - [TEST_STEP][PASSED] - openBrowser(url): Browser is opened with url: 'https://10.9.2.63/hrsystem/'

2023-09-06 09:02:57 - [MESSAGE][WARNING] - A browser is already opened. Closing browser and opening a new one

2023-09-06 09:02:57 - [MESSAGE][INFO] - Starting 'Edge Chromium' driver

2023-09-06 09:02:57 - [MESSAGE][INFO] - User set preference: ['acceptInsecureCerts', 'true']

2023-09-06 09:03:00 - [MESSAGE][INFO] - Action delay is set to 0 milliseconds

2023-09-06 09:03:02 - [MESSAGE][PASSED] - Browser is opened with url: 'https://10.9.2.63/hrsystem/'

2023-09-06 09:03:02 - [TEST_STEP][PASSED] - maximizeWindow(): Current window maximized

2023-09-06 09:03:02 - [MESSAGE][PASSED] - Current window maximized

2023-09-06 09:03:02 - [TEST_STEP][PASSED] - setText(findTestObject("Master/input_email"), email): Text 'superadmin@mail.com' is set on object 'Object Repository/Master/input_email'

2023-09-06 09:03:03 - [MESSAGE][PASSED] - Text 'superadmin@mail.com' is set on object 'Object Repository/Master/input_email'

2023-09-06 09:03:03 - [TEST_STEP][PASSED] - setEncryptedText(findTestObject("Master/input_password"), pass): Text ****** has been set on object 'Object Repository/Master/input_password'

2023-09-06 09:03:04 - [MESSAGE][PASSED] - Text ****** has been set on object 'Object Repository/Master/input_password'

2023-09-06 09:03:04 - [TEST_STEP][PASSED] - click(findTestObject("Master/button_login")): Object: 'Object Repository/Master/button_login' is clicked on

2023-09-06 09:03:05 - [MESSAGE][PASSED] - Object: 'Object Repository/Master/button_login' is clicked on

2023-09-06 09:03:05 - [TEST_STEP][PASSED] - verifyElementPresent(findTestObject("Master/dashboard"), 0): Object 'Object Repository/Master/dashboard' is present

2023-09-06 09:03:06 - [MESSAGE][WARNING] - Timeout '0' is invalid. Using default page load timeout: '30'

2023-09-06 09:03:06 - [MESSAGE][PASSED] - Object 'Object Repository/Master/dashboard' is present

2023-09-06 09:03:06 - [MESSAGE][PASSED] - Call Test Case 'Test Cases/M08 - Employees - List and Add Employees/M08 - Employees - List and Add Employees - 001' successfully

2023-09-06 09:03:06 - [TEST_STEP][PASSED] - click(findTestObject("Edit Employee Experience/employee_sidebar")): Object: 'Object Repository/Edit Employee Experience/employee_sidebar' is clicked on

2023-09-06 09:03:06 - [MESSAGE][PASSED] - Object: 'Object Repository/Edit Employee Experience/employee_sidebar' is clicked on

2023-09-06 09:03:06 - [TEST_STEP][PASSED] - click(findTestObject("Edit Employee Experience/dropdown_employee")): Object: 'Object Repository/Edit Employee Experience/dropdown_employee' is clicked on

2023-09-06 09:03:07 - [MESSAGE][PASSED] - Object: 'Object Repository/Edit Employee Experience/dropdown_employee' is clicked on

2023-09-06 09:03:07 - [TEST_STEP][PASSED] - verifyElementPresent(findTestObject("Edit Employee Experience/title_Employee"), 0): Object 'Object Repository/Edit Employee Experience/title_Employee' is present

2023-09-06 09:03:07 - [MESSAGE][WARNING] - Timeout '0' is invalid. Using default page load timeout: '30'

2023-09-06 09:03:08 - [MESSAGE][PASSED] - Object 'Object Repository/Edit Employee Experience/title_Employee' is present

2023-09-06 09:03:08 - [MESSAGE][PASSED] - Call Test Case 'Test Cases/M08 - Employees - List and Add Employees/M08 - Employees - List and Add Employees - 002' successfully

2023-09-06 09:03:08 - [TEST_STEP][PASSED] - click(findTestObject("Add Employee/button_add_employee")): Object: 'Object Repository/Add Employee/button_add_employee' is clicked on

2023-09-06 09:03:09 - [MESSAGE][PASSED] - Object: 'Object Repository/Add Employee/button_add_employee' is clicked on

2023-09-06 09:03:09 - [TEST_STEP][PASSED] - verifyElementPresent(findTestObject("Add Employee/title_Employee List"), 0): Object 'Object Repository/Add Employee/title_Employee List' is present

2023-09-06 09:03:09 - [MESSAGE][WARNING] - Timeout '0' is invalid. Using default page load timeout: '30'

2023-09-06 09:03:09 - [MESSAGE][PASSED] - Object 'Object Repository/Add Employee/title_Employee List' is present

2023-09-06 09:03:09 - [MESSAGE][PASSED] - Call Test Case 'Test Cases/M08 - Employees - List and Add Employees/M08 - Employees - List and Add Employees - 003' successfully

2023-09-06 09:03:09 - [TEST_STEP][PASSED] - setText(findTestObject("Add Employee/input_first_name"), "Alvin"): Text 'Alvin' is set on object 'Object Repository/Add Employee/input_first_name'

2023-09-06 09:03:10 - [MESSAGE][PASSED] - Text 'Alvin' is set on object 'Object Repository/Add Employee/input_first_name'

2023-09-06 09:03:10 - [TEST_STEP][PASSED] - setText(findTestObject("Add Employee/input_last_name"), "Venezuela"): Text 'Venezuela' is set on object 'Object Repository/Add Employee/input_last_name'

2023-09-06 09:03:11 - [MESSAGE][PASSED] - Text 'Venezuela' is set on object 'Object Repository/Add Employee/input_last_name'

2023-09-06 09:03:11 - [TEST_STEP][PASSED] - setText(findTestObject("Spy Add Employee/input_Employee Code_eid"), "12345"): Text '12345' is set on object 'Object Repository/Spy Add Employee/input_Employee Code_eid'

2023-09-06 09:03:12 - [MESSAGE][PASSED] - Text '12345' is set on object 'Object Repository/Spy Add Employee/input_Employee Code_eid'

2023-09-06 09:03:12 - [TEST_STEP][PASSED] - selectOptionByValue(findTestObject("Spy Add Employee/select_department"), "3", false): All options with value '3' are selected in object 'Object Repository/Spy Add Employee/select_department' 

2023-09-06 09:03:13 - [MESSAGE][PASSED] - All options with value '3' are selected in object 'Object Repository/Spy Add Employee/select_department' 

2023-09-06 09:03:13 - [TEST_STEP][PASSED] - selectOptionByValue(findTestObject("Spy Add Employee/select_designation"), "5", false): All options with value '5' are selected in object 'Object Repository/Spy Add Employee/select_designation' 

2023-09-06 09:03:13 - [MESSAGE][PASSED] - All options with value '5' are selected in object 'Object Repository/Spy Add Employee/select_designation' 

2023-09-06 09:03:13 - [TEST_STEP][PASSED] - selectOptionByValue(findTestObject("Spy Add Employee/select_role"), "EMPLOYEE", false): All options with value 'EMPLOYEE' are selected in object 'Object Repository/Spy Add Employee/select_role' 

2023-09-06 09:03:14 - [MESSAGE][PASSED] - All options with value 'EMPLOYEE' are selected in object 'Object Repository/Spy Add Employee/select_role' 

2023-09-06 09:03:14 - [TEST_STEP][PASSED] - selectOptionByValue(findTestObject("Spy Add Employee/select_gender"), "MALE", false): All options with value 'MALE' are selected in object 'Object Repository/Spy Add Employee/select_gender' 

2023-09-06 09:03:15 - [MESSAGE][PASSED] - All options with value 'MALE' are selected in object 'Object Repository/Spy Add Employee/select_gender' 

2023-09-06 09:03:15 - [TEST_STEP][PASSED] - selectOptionByValue(findTestObject("Spy Add Employee/select_blood"), "O+", false): All options with value 'O+' are selected in object 'Object Repository/Spy Add Employee/select_blood' 

2023-09-06 09:03:16 - [MESSAGE][PASSED] - All options with value 'O+' are selected in object 'Object Repository/Spy Add Employee/select_blood' 

2023-09-06 09:03:16 - [TEST_STEP][PASSED] - setText(findTestObject("new/input_NID_nid"), "123456789011"): Text '123456789011' is set on object 'Object Repository/new/input_NID_nid'

2023-09-06 09:03:17 - [MESSAGE][PASSED] - Text '123456789011' is set on object 'Object Repository/new/input_NID_nid'

2023-09-06 09:03:17 - [TEST_STEP][PASSED] - setText(findTestObject("new/input_Contact Number_contact"), "08987898765612344544"): Text '08987898765612344544' is set on object 'Object Repository/new/input_Contact Number_contact'

2023-09-06 09:03:18 - [MESSAGE][PASSED] - Text '08987898765612344544' is set on object 'Object Repository/new/input_Contact Number_contact'

2023-09-06 09:03:18 - [TEST_STEP][PASSED] - setText(findTestObject("new/input_Date Of Birth_dob"), "10/10/2000"): Text '10/10/2000' is set on object 'Object Repository/new/input_Date Of Birth_dob'

2023-09-06 09:03:19 - [MESSAGE][PASSED] - Text '10/10/2000' is set on object 'Object Repository/new/input_Date Of Birth_dob'

2023-09-06 09:03:19 - [TEST_STEP][PASSED] - setText(findTestObject("new/input_Date Of Joining_joindate"), "20/12/2020"): Text '20/12/2020' is set on object 'Object Repository/new/input_Date Of Joining_joindate'

2023-09-06 09:03:19 - [MESSAGE][PASSED] - Text '20/12/2020' is set on object 'Object Repository/new/input_Date Of Joining_joindate'

2023-09-06 09:03:19 - [TEST_STEP][PASSED] - setText(findTestObject("new/input_Date Of Leaving_leavedate"), "10/12/2020"): Text '10/12/2020' is set on object 'Object Repository/new/input_Date Of Leaving_leavedate'

2023-09-06 09:03:20 - [MESSAGE][PASSED] - Text '10/12/2020' is set on object 'Object Repository/new/input_Date Of Leaving_leavedate'

2023-09-06 09:03:20 - [TEST_STEP][PASSED] - setText(findTestObject("new/input_Username_username"), "vinniv"): Text 'vinniv' is set on object 'Object Repository/new/input_Username_username'

2023-09-06 09:03:21 - [MESSAGE][PASSED] - Text 'vinniv' is set on object 'Object Repository/new/input_Username_username'

2023-09-06 09:03:21 - [TEST_STEP][PASSED] - setText(findTestObject("new/input_Email_email"), "niv@email.com"): Text 'niv@email.com' is set on object 'Object Repository/new/input_Email_email'

2023-09-06 09:03:22 - [MESSAGE][PASSED] - Text 'niv@email.com' is set on object 'Object Repository/new/input_Email_email'

2023-09-06 09:03:22 - [TEST_STEP][PASSED] - uploadFile(findTestObject("new/input_Image_image_url"), "C:\Users\ASUS\Downloads\images.jpg"): File 'C:\Users\ASUS\Downloads\images.jpg' sent to object: 'Object Repository/new/input_Image_image_url'

2023-09-06 09:03:23 - [MESSAGE][PASSED] - File 'C:\Users\ASUS\Downloads\images.jpg' sent to object: 'Object Repository/new/input_Image_image_url'

2023-09-06 09:03:23 - [TEST_STEP][PASSED] - click(findTestObject("Add Employee/button_save")): Object: 'Object Repository/Add Employee/button_save' is clicked on

2023-09-06 09:03:23 - [MESSAGE][PASSED] - Object: 'Object Repository/Add Employee/button_save' is clicked on

2023-09-06 09:03:23 - [TEST_STEP][FAILED] - verifyElementText(findTestObject("Add Employee/alert_email"), "Email"): Verify element text of test object 'Object Repository/Add Employee/alert_email' FAILED. (Root cause: com.kms.katalon.core.exception.StepFailedException: Verify element text of test object 'Object Repository/Add Employee/alert_email' FAILED.
	at com.kms.katalon.core.webui.keyword.internal.WebUIKeywordMain.stepFailed(WebUIKeywordMain.groovy:64)
	at com.kms.katalon.core.webui.keyword.internal.WebUIKeywordMain.runKeyword(WebUIKeywordMain.groovy:26)
	at com.kms.katalon.core.webui.keyword.builtin.VerifyElementTextKeyword.verifyElementText(VerifyElementTextKeyword.groovy:72)
	at com.kms.katalon.core.webui.keyword.builtin.VerifyElementTextKeyword.execute(VerifyElementTextKeyword.groovy:40)
	at com.kms.katalon.core.keyword.internal.KeywordExecutor.executeKeywordForPlatform(KeywordExecutor.groovy:74)
	at com.kms.katalon.core.webui.keyword.WebUiBuiltInKeywords.verifyElementText(WebUiBuiltInKeywords.groovy:4749)
	at com.kms.katalon.core.webui.keyword.WebUiBuiltInKeywords$verifyElementText$10.call(Unknown Source)
	at M08 - Employees - List and Add Employees - 026.run(M08 - Employees - List and Add Employees - 026:57)
	at com.kms.katalon.core.main.ScriptEngine.run(ScriptEngine.java:194)
	at com.kms.katalon.core.main.ScriptEngine.runScriptAsRawText(ScriptEngine.java:119)
	at com.kms.katalon.core.main.TestCaseExecutor.runScript(TestCaseExecutor.java:448)
	at com.kms.katalon.core.main.TestCaseExecutor.doExecute(TestCaseExecutor.java:439)
	at com.kms.katalon.core.main.TestCaseExecutor.processExecutionPhase(TestCaseExecutor.java:418)
	at com.kms.katalon.core.main.TestCaseExecutor.accessMainPhase(TestCaseExecutor.java:410)
	at com.kms.katalon.core.main.TestCaseExecutor.execute(TestCaseExecutor.java:285)
	at com.kms.katalon.core.common.CommonExecutor.accessTestCaseMainPhase(CommonExecutor.java:65)
	at com.kms.katalon.core.main.TestSuiteExecutor.accessTestSuiteMainPhase(TestSuiteExecutor.java:148)
	at com.kms.katalon.core.main.TestSuiteExecutor.execute(TestSuiteExecutor.java:106)
	at com.kms.katalon.core.main.TestCaseMain.startTestSuite(TestCaseMain.java:187)
	at com.kms.katalon.core.main.TestCaseMain$startTestSuite$0.call(Unknown Source)
	at TempTestSuite1693965237849.run(TempTestSuite1693965237849.groovy:36)
Caused by: com.kms.katalon.core.exception.StepFailedException: com.kms.katalon.core.webui.exception.WebElementNotFoundException: Web element with id: 'Object Repository/Add Employee/alert_email' located by '//div[@id='main-wrapper']/div[2]/div[2]' not found
	at com.kms.katalon.core.webui.keyword.internal.WebUIKeywordMain.stepFailed(WebUIKeywordMain.groovy:64)
	at com.kms.katalon.core.webui.keyword.builtin.VerifyElementTextKeyword$_verifyElementText_closure1.doCall(VerifyElementTextKeyword.groovy:64)
	at com.kms.katalon.core.webui.keyword.builtin.VerifyElementTextKeyword$_verifyElementText_closure1.call(VerifyElementTextKeyword.groovy)
	at com.kms.katalon.core.webui.keyword.internal.WebUIKeywordMain.runKeyword(WebUIKeywordMain.groovy:20)
	... 19 more
)

2023-09-06 09:03:54 - [MESSAGE][INFO] - Unable to find the element located by 'By.xpath: //div[@id='main-wrapper']/div[2]/div[2]'. Please recheck the objects properties to make sure the desired element is located. 

2023-09-06 09:03:54 - [MESSAGE][FAILED] - com.kms.katalon.core.webui.exception.WebElementNotFoundException: Web element with id: 'Object Repository/Add Employee/alert_email' located by '//div[@id='main-wrapper']/div[2]/div[2]' not found (Root cause: com.kms.katalon.core.exception.StepFailedException: com.kms.katalon.core.webui.exception.WebElementNotFoundException: Web element with id: 'Object Repository/Add Employee/alert_email' located by '//div[@id='main-wrapper']/div[2]/div[2]' not found
	at com.kms.katalon.core.webui.keyword.internal.WebUIKeywordMain.stepFailed(WebUIKeywordMain.groovy:64)
	at com.kms.katalon.core.webui.keyword.builtin.VerifyElementTextKeyword$_verifyElementText_closure1.doCall(VerifyElementTextKeyword.groovy:64)
	at com.kms.katalon.core.webui.keyword.builtin.VerifyElementTextKeyword$_verifyElementText_closure1.call(VerifyElementTextKeyword.groovy)
	at com.kms.katalon.core.webui.keyword.internal.WebUIKeywordMain.runKeyword(WebUIKeywordMain.groovy:20)
	at com.kms.katalon.core.webui.keyword.builtin.VerifyElementTextKeyword.verifyElementText(VerifyElementTextKeyword.groovy:72)
	at com.kms.katalon.core.webui.keyword.builtin.VerifyElementTextKeyword.execute(VerifyElementTextKeyword.groovy:40)
	at com.kms.katalon.core.keyword.internal.KeywordExecutor.executeKeywordForPlatform(KeywordExecutor.groovy:74)
	at com.kms.katalon.core.webui.keyword.WebUiBuiltInKeywords.verifyElementText(WebUiBuiltInKeywords.groovy:4749)
	at com.kms.katalon.core.webui.keyword.WebUiBuiltInKeywords$verifyElementText$10.call(Unknown Source)
	at M08 - Employees - List and Add Employees - 026.run(M08 - Employees - List and Add Employees - 026:57)
	at com.kms.katalon.core.main.ScriptEngine.run(ScriptEngine.java:194)
	at com.kms.katalon.core.main.ScriptEngine.runScriptAsRawText(ScriptEngine.java:119)
	at com.kms.katalon.core.main.TestCaseExecutor.runScript(TestCaseExecutor.java:448)
	at com.kms.katalon.core.main.TestCaseExecutor.doExecute(TestCaseExecutor.java:439)
	at com.kms.katalon.core.main.TestCaseExecutor.processExecutionPhase(TestCaseExecutor.java:418)
	at com.kms.katalon.core.main.TestCaseExecutor.accessMainPhase(TestCaseExecutor.java:410)
	at com.kms.katalon.core.main.TestCaseExecutor.execute(TestCaseExecutor.java:285)
	at com.kms.katalon.core.common.CommonExecutor.accessTestCaseMainPhase(CommonExecutor.java:65)
	at com.kms.katalon.core.main.TestSuiteExecutor.accessTestSuiteMainPhase(TestSuiteExecutor.java:148)
	at com.kms.katalon.core.main.TestSuiteExecutor.execute(TestSuiteExecutor.java:106)
	at com.kms.katalon.core.main.TestCaseMain.startTestSuite(TestCaseMain.java:187)
	at com.kms.katalon.core.main.TestCaseMain$startTestSuite$0.call(Unknown Source)
	at TempTestSuite1693965237849.run(TempTestSuite1693965237849.groovy:36)
)
[[ATTACHMENT|D:\\xsis\\batch-324-qa\\bagus\\Mini Project HRS\\Reports\\20230906_085357\\M8\\20230906_085357\\1693965834522.png]]

2023-09-06 09:03:54 - [MESSAGE][FAILED] - Verify element text of test object 'Object Repository/Add Employee/alert_email' FAILED. (Root cause: com.kms.katalon.core.exception.StepFailedException: Verify element text of test object 'Object Repository/Add Employee/alert_email' FAILED.
	at com.kms.katalon.core.webui.keyword.internal.WebUIKeywordMain.stepFailed(WebUIKeywordMain.groovy:64)
	at com.kms.katalon.core.webui.keyword.internal.WebUIKeywordMain.runKeyword(WebUIKeywordMain.groovy:26)
	at com.kms.katalon.core.webui.keyword.builtin.VerifyElementTextKeyword.verifyElementText(VerifyElementTextKeyword.groovy:72)
	at com.kms.katalon.core.webui.keyword.builtin.VerifyElementTextKeyword.execute(VerifyElementTextKeyword.groovy:40)
	at com.kms.katalon.core.keyword.internal.KeywordExecutor.executeKeywordForPlatform(KeywordExecutor.groovy:74)
	at com.kms.katalon.core.webui.keyword.WebUiBuiltInKeywords.verifyElementText(WebUiBuiltInKeywords.groovy:4749)
	at com.kms.katalon.core.webui.keyword.WebUiBuiltInKeywords$verifyElementText$10.call(Unknown Source)
	at M08 - Employees - List and Add Employees - 026.run(M08 - Employees - List and Add Employees - 026:57)
	at com.kms.katalon.core.main.ScriptEngine.run(ScriptEngine.java:194)
	at com.kms.katalon.core.main.ScriptEngine.runScriptAsRawText(ScriptEngine.java:119)
	at com.kms.katalon.core.main.TestCaseExecutor.runScript(TestCaseExecutor.java:448)
	at com.kms.katalon.core.main.TestCaseExecutor.doExecute(TestCaseExecutor.java:439)
	at com.kms.katalon.core.main.TestCaseExecutor.processExecutionPhase(TestCaseExecutor.java:418)
	at com.kms.katalon.core.main.TestCaseExecutor.accessMainPhase(TestCaseExecutor.java:410)
	at com.kms.katalon.core.main.TestCaseExecutor.execute(TestCaseExecutor.java:285)
	at com.kms.katalon.core.common.CommonExecutor.accessTestCaseMainPhase(CommonExecutor.java:65)
	at com.kms.katalon.core.main.TestSuiteExecutor.accessTestSuiteMainPhase(TestSuiteExecutor.java:148)
	at com.kms.katalon.core.main.TestSuiteExecutor.execute(TestSuiteExecutor.java:106)
	at com.kms.katalon.core.main.TestCaseMain.startTestSuite(TestCaseMain.java:187)
	at com.kms.katalon.core.main.TestCaseMain$startTestSuite$0.call(Unknown Source)
	at TempTestSuite1693965237849.run(TempTestSuite1693965237849.groovy:36)
Caused by: com.kms.katalon.core.exception.StepFailedException: com.kms.katalon.core.webui.exception.WebElementNotFoundException: Web element with id: 'Object Repository/Add Employee/alert_email' located by '//div[@id='main-wrapper']/div[2]/div[2]' not found
	at com.kms.katalon.core.webui.keyword.internal.WebUIKeywordMain.stepFailed(WebUIKeywordMain.groovy:64)
	at com.kms.katalon.core.webui.keyword.builtin.VerifyElementTextKeyword$_verifyElementText_closure1.doCall(VerifyElementTextKeyword.groovy:64)
	at com.kms.katalon.core.webui.keyword.builtin.VerifyElementTextKeyword$_verifyElementText_closure1.call(VerifyElementTextKeyword.groovy)
	at com.kms.katalon.core.webui.keyword.internal.WebUIKeywordMain.runKeyword(WebUIKeywordMain.groovy:20)
	... 19 more
)
[[ATTACHMENT|D:\\xsis\\batch-324-qa\\bagus\\Mini Project HRS\\Reports\\20230906_085357\\M8\\20230906_085357\\1693965834750.png]]]]></system-out>
         <system-err><![CDATA[2023-09-06 09:02:56 - [TEST_CASE][FAILED] - Test Cases/M08 - Employees - List and Add Employees/M08 - Employees - List and Add Employees - 026: Test Cases/M08 - Employees - List and Add Employees/M08 - Employees - List and Add Employees - 026 FAILED.
Reason:
com.kms.katalon.core.exception.StepFailedException: Verify element text of test object 'Object Repository/Add Employee/alert_email' FAILED.
	at com.kms.katalon.core.webui.keyword.internal.WebUIKeywordMain.stepFailed(WebUIKeywordMain.groovy:64)
	at com.kms.katalon.core.webui.keyword.internal.WebUIKeywordMain.runKeyword(WebUIKeywordMain.groovy:26)
	at com.kms.katalon.core.webui.keyword.builtin.VerifyElementTextKeyword.verifyElementText(VerifyElementTextKeyword.groovy:72)
	at com.kms.katalon.core.webui.keyword.builtin.VerifyElementTextKeyword.execute(VerifyElementTextKeyword.groovy:40)
	at com.kms.katalon.core.keyword.internal.KeywordExecutor.executeKeywordForPlatform(KeywordExecutor.groovy:74)
	at com.kms.katalon.core.webui.keyword.WebUiBuiltInKeywords.verifyElementText(WebUiBuiltInKeywords.groovy:4749)
	at com.kms.katalon.core.webui.keyword.WebUiBuiltInKeywords$verifyElementText$10.call(Unknown Source)
	at M08 - Employees - List and Add Employees - 026.run(M08 - Employees - List and Add Employees - 026:57)
	at com.kms.katalon.core.main.ScriptEngine.run(ScriptEngine.java:194)
	at com.kms.katalon.core.main.ScriptEngine.runScriptAsRawText(ScriptEngine.java:119)
	at com.kms.katalon.core.main.TestCaseExecutor.runScript(TestCaseExecutor.java:448)
	at com.kms.katalon.core.main.TestCaseExecutor.doExecute(TestCaseExecutor.java:439)
	at com.kms.katalon.core.main.TestCaseExecutor.processExecutionPhase(TestCaseExecutor.java:418)
	at com.kms.katalon.core.main.TestCaseExecutor.accessMainPhase(TestCaseExecutor.java:410)
	at com.kms.katalon.core.main.TestCaseExecutor.execute(TestCaseExecutor.java:285)
	at com.kms.katalon.core.common.CommonExecutor.accessTestCaseMainPhase(CommonExecutor.java:65)
	at com.kms.katalon.core.main.TestSuiteExecutor.accessTestSuiteMainPhase(TestSuiteExecutor.java:148)
	at com.kms.katalon.core.main.TestSuiteExecutor.execute(TestSuiteExecutor.java:106)
	at com.kms.katalon.core.main.TestCaseMain.startTestSuite(TestCaseMain.java:187)
	at com.kms.katalon.core.main.TestCaseMain$startTestSuite$0.call(Unknown Source)
	at TempTestSuite1693965237849.run(TempTestSuite1693965237849.groovy:36)
Caused by: com.kms.katalon.core.exception.StepFailedException: com.kms.katalon.core.webui.exception.WebElementNotFoundException: Web element with id: 'Object Repository/Add Employee/alert_email' located by '//div[@id='main-wrapper']/div[2]/div[2]' not found
	at com.kms.katalon.core.webui.keyword.internal.WebUIKeywordMain.stepFailed(WebUIKeywordMain.groovy:64)
	at com.kms.katalon.core.webui.keyword.builtin.VerifyElementTextKeyword$_verifyElementText_closure1.doCall(VerifyElementTextKeyword.groovy:64)
	at com.kms.katalon.core.webui.keyword.builtin.VerifyElementTextKeyword$_verifyElementText_closure1.call(VerifyElementTextKeyword.groovy)
	at com.kms.katalon.core.webui.keyword.internal.WebUIKeywordMain.runKeyword(WebUIKeywordMain.groovy:20)
	... 19 more]]></system-err>
      </testcase>
      <testcase name="Test Cases/M08 - Employees - List and Add Employees/M08 - Employees - List and Add Employees - 027" time="27.04" classname="Test Cases/M08 - Employees - List and Add Employees/M08 - Employees - List and Add Employees - 027" status="FAILED">
         <failure type="FAILED" message="Test Cases/M08 - Employees - List and Add Employees/M08 - Employees - List and Add Employees - 027 FAILED.
Reason:
com.kms.katalon.core.exception.StepFailedException: Unable to verify text 'Contact number already used' is present 
	at com.kms.katalon.core.webui.keyword.internal.WebUIKeywordMain.stepFailed(WebUIKeywordMain.groovy:64)
	at com.kms.katalon.core.webui.keyword.internal.WebUIKeywordMain.runKeyword(WebUIKeywordMain.groovy:26)
	at com.kms.katalon.core.webui.keyword.builtin.VerifyTextPresentKeyword.verifyTextPresent(VerifyTextPresentKeyword.groovy:83)
	at com.kms.katalon.core.webui.keyword.builtin.VerifyTextPresentKeyword.execute(VerifyTextPresentKeyword.groovy:68)
	at com.kms.katalon.core.keyword.internal.KeywordExecutor.executeKeywordForPlatform(KeywordExecutor.groovy:74)
	at com.kms.katalon.core.webui.keyword.WebUiBuiltInKeywords.verifyTextPresent(WebUiBuiltInKeywords.groovy:1723)
	at com.kms.katalon.core.webui.keyword.WebUiBuiltInKeywords$verifyTextPresent$11.call(Unknown Source)
	at M08 - Employees - List and Add Employees - 027.run(M08 - Employees - List and Add Employees - 027:57)
	at com.kms.katalon.core.main.ScriptEngine.run(ScriptEngine.java:194)
	at com.kms.katalon.core.main.ScriptEngine.runScriptAsRawText(ScriptEngine.java:119)
	at com.kms.katalon.core.main.TestCaseExecutor.runScript(TestCaseExecutor.java:448)
	at com.kms.katalon.core.main.TestCaseExecutor.doExecute(TestCaseExecutor.java:439)
	at com.kms.katalon.core.main.TestCaseExecutor.processExecutionPhase(TestCaseExecutor.java:418)
	at com.kms.katalon.core.main.TestCaseExecutor.accessMainPhase(TestCaseExecutor.java:410)
	at com.kms.katalon.core.main.TestCaseExecutor.execute(TestCaseExecutor.java:285)
	at com.kms.katalon.core.common.CommonExecutor.accessTestCaseMainPhase(CommonExecutor.java:65)
	at com.kms.katalon.core.main.TestSuiteExecutor.accessTestSuiteMainPhase(TestSuiteExecutor.java:148)
	at com.kms.katalon.core.main.TestSuiteExecutor.execute(TestSuiteExecutor.java:106)
	at com.kms.katalon.core.main.TestCaseMain.startTestSuite(TestCaseMain.java:187)
	at com.kms.katalon.core.main.TestCaseMain$startTestSuite$0.call(Unknown Source)
	at TempTestSuite1693965237849.run(TempTestSuite1693965237849.groovy:36)
Caused by: com.kms.katalon.core.exception.StepFailedException: Text 'Contact number already used' is not present on page 
	at com.kms.katalon.core.webui.keyword.internal.WebUIKeywordMain.stepFailed(WebUIKeywordMain.groovy:64)
	at com.kms.katalon.core.webui.keyword.builtin.VerifyTextPresentKeyword$_verifyTextPresent_closure1.doCall(VerifyTextPresentKeyword.groovy:79)
	at com.kms.katalon.core.webui.keyword.builtin.VerifyTextPresentKeyword$_verifyTextPresent_closure1.call(VerifyTextPresentKeyword.groovy)
	at com.kms.katalon.core.webui.keyword.internal.WebUIKeywordMain.runKeyword(WebUIKeywordMain.groovy:20)
	... 19 more
"/>
         <system-out><![CDATA[2023-09-06 09:03:54 - [TEST_CASE][FAILED] - Test Cases/M08 - Employees - List and Add Employees/M08 - Employees - List and Add Employees - 027: Test Cases/M08 - Employees - List and Add Employees/M08 - Employees - List and Add Employees - 027 FAILED.
Reason:
com.kms.katalon.core.exception.StepFailedException: Unable to verify text 'Contact number already used' is present 
	at com.kms.katalon.core.webui.keyword.internal.WebUIKeywordMain.stepFailed(WebUIKeywordMain.groovy:64)
	at com.kms.katalon.core.webui.keyword.internal.WebUIKeywordMain.runKeyword(WebUIKeywordMain.groovy:26)
	at com.kms.katalon.core.webui.keyword.builtin.VerifyTextPresentKeyword.verifyTextPresent(VerifyTextPresentKeyword.groovy:83)
	at com.kms.katalon.core.webui.keyword.builtin.VerifyTextPresentKeyword.execute(VerifyTextPresentKeyword.groovy:68)
	at com.kms.katalon.core.keyword.internal.KeywordExecutor.executeKeywordForPlatform(KeywordExecutor.groovy:74)
	at com.kms.katalon.core.webui.keyword.WebUiBuiltInKeywords.verifyTextPresent(WebUiBuiltInKeywords.groovy:1723)
	at com.kms.katalon.core.webui.keyword.WebUiBuiltInKeywords$verifyTextPresent$11.call(Unknown Source)
	at M08 - Employees - List and Add Employees - 027.run(M08 - Employees - List and Add Employees - 027:57)
	at com.kms.katalon.core.main.ScriptEngine.run(ScriptEngine.java:194)
	at com.kms.katalon.core.main.ScriptEngine.runScriptAsRawText(ScriptEngine.java:119)
	at com.kms.katalon.core.main.TestCaseExecutor.runScript(TestCaseExecutor.java:448)
	at com.kms.katalon.core.main.TestCaseExecutor.doExecute(TestCaseExecutor.java:439)
	at com.kms.katalon.core.main.TestCaseExecutor.processExecutionPhase(TestCaseExecutor.java:418)
	at com.kms.katalon.core.main.TestCaseExecutor.accessMainPhase(TestCaseExecutor.java:410)
	at com.kms.katalon.core.main.TestCaseExecutor.execute(TestCaseExecutor.java:285)
	at com.kms.katalon.core.common.CommonExecutor.accessTestCaseMainPhase(CommonExecutor.java:65)
	at com.kms.katalon.core.main.TestSuiteExecutor.accessTestSuiteMainPhase(TestSuiteExecutor.java:148)
	at com.kms.katalon.core.main.TestSuiteExecutor.execute(TestSuiteExecutor.java:106)
	at com.kms.katalon.core.main.TestCaseMain.startTestSuite(TestCaseMain.java:187)
	at com.kms.katalon.core.main.TestCaseMain$startTestSuite$0.call(Unknown Source)
	at TempTestSuite1693965237849.run(TempTestSuite1693965237849.groovy:36)
Caused by: com.kms.katalon.core.exception.StepFailedException: Text 'Contact number already used' is not present on page 
	at com.kms.katalon.core.webui.keyword.internal.WebUIKeywordMain.stepFailed(WebUIKeywordMain.groovy:64)
	at com.kms.katalon.core.webui.keyword.builtin.VerifyTextPresentKeyword$_verifyTextPresent_closure1.doCall(VerifyTextPresentKeyword.groovy:79)
	at com.kms.katalon.core.webui.keyword.builtin.VerifyTextPresentKeyword$_verifyTextPresent_closure1.call(VerifyTextPresentKeyword.groovy)
	at com.kms.katalon.core.webui.keyword.internal.WebUIKeywordMain.runKeyword(WebUIKeywordMain.groovy:20)
	... 19 more


2023-09-06 09:03:55 - [TEST_STEP][PASSED] - callTestCase(findTestCase("M08 - Employees - List and Add Employees/M08 - Employees - List and Add Employees - 003"), [:], STOP_ON_FAILURE): Call Test Case 'Test Cases/M08 - Employees - List and Add Employees/M08 - Employees - List and Add Employees - 003' successfully

2023-09-06 09:03:55 - [TEST_CASE][PASSED] - Test Cases/M08 - Employees - List and Add Employees/M08 - Employees - List and Add Employees - 003: Test Cases/M08 - Employees - List and Add Employees/M08 - Employees - List and Add Employees - 003

2023-09-06 09:03:55 - [TEST_STEP][PASSED] - callTestCase(findTestCase("M08 - Employees - List and Add Employees/M08 - Employees - List and Add Employees - 002"), [:], STOP_ON_FAILURE): Call Test Case 'Test Cases/M08 - Employees - List and Add Employees/M08 - Employees - List and Add Employees - 002' successfully

2023-09-06 09:03:55 - [TEST_CASE][PASSED] - Test Cases/M08 - Employees - List and Add Employees/M08 - Employees - List and Add Employees - 002: Test Cases/M08 - Employees - List and Add Employees/M08 - Employees - List and Add Employees - 002

2023-09-06 09:03:55 - [TEST_STEP][PASSED] - callTestCase(findTestCase("M08 - Employees - List and Add Employees/M08 - Employees - List and Add Employees - 001"), ["email":"superadmin@mail.com", "pass":"p4y+y39Ir5Pc2g9xt3QkeQ=="], STOP_ON_FAILURE): Call Test Case 'Test Cases/M08 - Employees - List and Add Employees/M08 - Employees - List and Add Employees - 001' successfully

2023-09-06 09:03:55 - [TEST_CASE][PASSED] - Test Cases/M08 - Employees - List and Add Employees/M08 - Employees - List and Add Employees - 001: Test Cases/M08 - Employees - List and Add Employees/M08 - Employees - List and Add Employees - 001

2023-09-06 09:03:55 - [TEST_STEP][PASSED] - openBrowser(url): Browser is opened with url: 'https://10.9.2.63/hrsystem/'

2023-09-06 09:03:55 - [MESSAGE][WARNING] - A browser is already opened. Closing browser and opening a new one

2023-09-06 09:03:56 - [MESSAGE][INFO] - Starting 'Edge Chromium' driver

2023-09-06 09:03:56 - [MESSAGE][INFO] - User set preference: ['acceptInsecureCerts', 'true']

2023-09-06 09:03:58 - [MESSAGE][INFO] - Action delay is set to 0 milliseconds

2023-09-06 09:03:59 - [MESSAGE][PASSED] - Browser is opened with url: 'https://10.9.2.63/hrsystem/'

2023-09-06 09:03:59 - [TEST_STEP][PASSED] - maximizeWindow(): Current window maximized

2023-09-06 09:04:00 - [MESSAGE][PASSED] - Current window maximized

2023-09-06 09:04:00 - [TEST_STEP][PASSED] - setText(findTestObject("Master/input_email"), email): Text 'superadmin@mail.com' is set on object 'Object Repository/Master/input_email'

2023-09-06 09:04:01 - [MESSAGE][PASSED] - Text 'superadmin@mail.com' is set on object 'Object Repository/Master/input_email'

2023-09-06 09:04:01 - [TEST_STEP][PASSED] - setEncryptedText(findTestObject("Master/input_password"), pass): Text ****** has been set on object 'Object Repository/Master/input_password'

2023-09-06 09:04:01 - [MESSAGE][PASSED] - Text ****** has been set on object 'Object Repository/Master/input_password'

2023-09-06 09:04:01 - [TEST_STEP][PASSED] - click(findTestObject("Master/button_login")): Object: 'Object Repository/Master/button_login' is clicked on

2023-09-06 09:04:02 - [MESSAGE][PASSED] - Object: 'Object Repository/Master/button_login' is clicked on

2023-09-06 09:04:02 - [TEST_STEP][PASSED] - verifyElementPresent(findTestObject("Master/dashboard"), 0): Object 'Object Repository/Master/dashboard' is present

2023-09-06 09:04:02 - [MESSAGE][WARNING] - Timeout '0' is invalid. Using default page load timeout: '30'

2023-09-06 09:04:03 - [MESSAGE][PASSED] - Object 'Object Repository/Master/dashboard' is present

2023-09-06 09:04:03 - [MESSAGE][PASSED] - Call Test Case 'Test Cases/M08 - Employees - List and Add Employees/M08 - Employees - List and Add Employees - 001' successfully

2023-09-06 09:04:03 - [TEST_STEP][PASSED] - click(findTestObject("Edit Employee Experience/employee_sidebar")): Object: 'Object Repository/Edit Employee Experience/employee_sidebar' is clicked on

2023-09-06 09:04:04 - [MESSAGE][PASSED] - Object: 'Object Repository/Edit Employee Experience/employee_sidebar' is clicked on

2023-09-06 09:04:04 - [TEST_STEP][PASSED] - click(findTestObject("Edit Employee Experience/dropdown_employee")): Object: 'Object Repository/Edit Employee Experience/dropdown_employee' is clicked on

2023-09-06 09:04:05 - [MESSAGE][PASSED] - Object: 'Object Repository/Edit Employee Experience/dropdown_employee' is clicked on

2023-09-06 09:04:05 - [TEST_STEP][PASSED] - verifyElementPresent(findTestObject("Edit Employee Experience/title_Employee"), 0): Object 'Object Repository/Edit Employee Experience/title_Employee' is present

2023-09-06 09:04:05 - [MESSAGE][WARNING] - Timeout '0' is invalid. Using default page load timeout: '30'

2023-09-06 09:04:05 - [MESSAGE][PASSED] - Object 'Object Repository/Edit Employee Experience/title_Employee' is present

2023-09-06 09:04:05 - [MESSAGE][PASSED] - Call Test Case 'Test Cases/M08 - Employees - List and Add Employees/M08 - Employees - List and Add Employees - 002' successfully

2023-09-06 09:04:05 - [TEST_STEP][PASSED] - click(findTestObject("Add Employee/button_add_employee")): Object: 'Object Repository/Add Employee/button_add_employee' is clicked on

2023-09-06 09:04:06 - [MESSAGE][PASSED] - Object: 'Object Repository/Add Employee/button_add_employee' is clicked on

2023-09-06 09:04:06 - [TEST_STEP][PASSED] - verifyElementPresent(findTestObject("Add Employee/title_Employee List"), 0): Object 'Object Repository/Add Employee/title_Employee List' is present

2023-09-06 09:04:06 - [MESSAGE][WARNING] - Timeout '0' is invalid. Using default page load timeout: '30'

2023-09-06 09:04:06 - [MESSAGE][PASSED] - Object 'Object Repository/Add Employee/title_Employee List' is present

2023-09-06 09:04:06 - [MESSAGE][PASSED] - Call Test Case 'Test Cases/M08 - Employees - List and Add Employees/M08 - Employees - List and Add Employees - 003' successfully

2023-09-06 09:04:06 - [TEST_STEP][PASSED] - setText(findTestObject("Add Employee/input_first_name"), "Alvin"): Text 'Alvin' is set on object 'Object Repository/Add Employee/input_first_name'

2023-09-06 09:04:07 - [MESSAGE][PASSED] - Text 'Alvin' is set on object 'Object Repository/Add Employee/input_first_name'

2023-09-06 09:04:07 - [TEST_STEP][PASSED] - setText(findTestObject("Add Employee/input_last_name"), "Venezuela"): Text 'Venezuela' is set on object 'Object Repository/Add Employee/input_last_name'

2023-09-06 09:04:08 - [MESSAGE][PASSED] - Text 'Venezuela' is set on object 'Object Repository/Add Employee/input_last_name'

2023-09-06 09:04:08 - [TEST_STEP][PASSED] - setText(findTestObject("Spy Add Employee/input_Employee Code_eid"), "12345"): Text '12345' is set on object 'Object Repository/Spy Add Employee/input_Employee Code_eid'

2023-09-06 09:04:09 - [MESSAGE][PASSED] - Text '12345' is set on object 'Object Repository/Spy Add Employee/input_Employee Code_eid'

2023-09-06 09:04:09 - [TEST_STEP][PASSED] - selectOptionByValue(findTestObject("Spy Add Employee/select_department"), "3", false): All options with value '3' are selected in object 'Object Repository/Spy Add Employee/select_department' 

2023-09-06 09:04:10 - [MESSAGE][PASSED] - All options with value '3' are selected in object 'Object Repository/Spy Add Employee/select_department' 

2023-09-06 09:04:10 - [TEST_STEP][PASSED] - selectOptionByValue(findTestObject("Spy Add Employee/select_designation"), "5", false): All options with value '5' are selected in object 'Object Repository/Spy Add Employee/select_designation' 

2023-09-06 09:04:11 - [MESSAGE][PASSED] - All options with value '5' are selected in object 'Object Repository/Spy Add Employee/select_designation' 

2023-09-06 09:04:11 - [TEST_STEP][PASSED] - selectOptionByValue(findTestObject("Spy Add Employee/select_role"), "EMPLOYEE", false): All options with value 'EMPLOYEE' are selected in object 'Object Repository/Spy Add Employee/select_role' 

2023-09-06 09:04:11 - [MESSAGE][PASSED] - All options with value 'EMPLOYEE' are selected in object 'Object Repository/Spy Add Employee/select_role' 

2023-09-06 09:04:11 - [TEST_STEP][PASSED] - selectOptionByValue(findTestObject("Spy Add Employee/select_gender"), "MALE", false): All options with value 'MALE' are selected in object 'Object Repository/Spy Add Employee/select_gender' 

2023-09-06 09:04:12 - [MESSAGE][PASSED] - All options with value 'MALE' are selected in object 'Object Repository/Spy Add Employee/select_gender' 

2023-09-06 09:04:12 - [TEST_STEP][PASSED] - selectOptionByValue(findTestObject("Spy Add Employee/select_blood"), "O+", false): All options with value 'O+' are selected in object 'Object Repository/Spy Add Employee/select_blood' 

2023-09-06 09:04:13 - [MESSAGE][PASSED] - All options with value 'O+' are selected in object 'Object Repository/Spy Add Employee/select_blood' 

2023-09-06 09:04:13 - [TEST_STEP][PASSED] - setText(findTestObject("new/input_NID_nid"), "123456789011"): Text '123456789011' is set on object 'Object Repository/new/input_NID_nid'

2023-09-06 09:04:14 - [MESSAGE][PASSED] - Text '123456789011' is set on object 'Object Repository/new/input_NID_nid'

2023-09-06 09:04:14 - [TEST_STEP][PASSED] - setText(findTestObject("new/input_Contact Number_contact"), "08987898765612344544"): Text '08987898765612344544' is set on object 'Object Repository/new/input_Contact Number_contact'

2023-09-06 09:04:15 - [MESSAGE][PASSED] - Text '08987898765612344544' is set on object 'Object Repository/new/input_Contact Number_contact'

2023-09-06 09:04:15 - [TEST_STEP][PASSED] - setText(findTestObject("new/input_Date Of Birth_dob"), "10/10/2000"): Text '10/10/2000' is set on object 'Object Repository/new/input_Date Of Birth_dob'

2023-09-06 09:04:16 - [MESSAGE][PASSED] - Text '10/10/2000' is set on object 'Object Repository/new/input_Date Of Birth_dob'

2023-09-06 09:04:16 - [TEST_STEP][PASSED] - setText(findTestObject("new/input_Date Of Joining_joindate"), "20/12/2020"): Text '20/12/2020' is set on object 'Object Repository/new/input_Date Of Joining_joindate'

2023-09-06 09:04:17 - [MESSAGE][PASSED] - Text '20/12/2020' is set on object 'Object Repository/new/input_Date Of Joining_joindate'

2023-09-06 09:04:17 - [TEST_STEP][PASSED] - setText(findTestObject("new/input_Date Of Leaving_leavedate"), "10/12/2020"): Text '10/12/2020' is set on object 'Object Repository/new/input_Date Of Leaving_leavedate'

2023-09-06 09:04:18 - [MESSAGE][PASSED] - Text '10/12/2020' is set on object 'Object Repository/new/input_Date Of Leaving_leavedate'

2023-09-06 09:04:18 - [TEST_STEP][PASSED] - setText(findTestObject("new/input_Username_username"), "vinniv"): Text 'vinniv' is set on object 'Object Repository/new/input_Username_username'

2023-09-06 09:04:19 - [MESSAGE][PASSED] - Text 'vinniv' is set on object 'Object Repository/new/input_Username_username'

2023-09-06 09:04:19 - [TEST_STEP][PASSED] - setText(findTestObject("new/input_Email_email"), "niv@email.com"): Text 'niv@email.com' is set on object 'Object Repository/new/input_Email_email'

2023-09-06 09:04:20 - [MESSAGE][PASSED] - Text 'niv@email.com' is set on object 'Object Repository/new/input_Email_email'

2023-09-06 09:04:20 - [TEST_STEP][PASSED] - uploadFile(findTestObject("new/input_Image_image_url"), "C:\Users\ASUS\Downloads\images.jpg"): File 'C:\Users\ASUS\Downloads\images.jpg' sent to object: 'Object Repository/new/input_Image_image_url'

2023-09-06 09:04:20 - [MESSAGE][PASSED] - File 'C:\Users\ASUS\Downloads\images.jpg' sent to object: 'Object Repository/new/input_Image_image_url'

2023-09-06 09:04:20 - [TEST_STEP][PASSED] - click(findTestObject("Add Employee/button_save")): Object: 'Object Repository/Add Employee/button_save' is clicked on

2023-09-06 09:04:21 - [MESSAGE][PASSED] - Object: 'Object Repository/Add Employee/button_save' is clicked on

2023-09-06 09:04:21 - [TEST_STEP][FAILED] - verifyTextPresent("Contact number already used", false): Unable to verify text 'Contact number already used' is present  (Root cause: com.kms.katalon.core.exception.StepFailedException: Unable to verify text 'Contact number already used' is present 
	at com.kms.katalon.core.webui.keyword.internal.WebUIKeywordMain.stepFailed(WebUIKeywordMain.groovy:64)
	at com.kms.katalon.core.webui.keyword.internal.WebUIKeywordMain.runKeyword(WebUIKeywordMain.groovy:26)
	at com.kms.katalon.core.webui.keyword.builtin.VerifyTextPresentKeyword.verifyTextPresent(VerifyTextPresentKeyword.groovy:83)
	at com.kms.katalon.core.webui.keyword.builtin.VerifyTextPresentKeyword.execute(VerifyTextPresentKeyword.groovy:68)
	at com.kms.katalon.core.keyword.internal.KeywordExecutor.executeKeywordForPlatform(KeywordExecutor.groovy:74)
	at com.kms.katalon.core.webui.keyword.WebUiBuiltInKeywords.verifyTextPresent(WebUiBuiltInKeywords.groovy:1723)
	at com.kms.katalon.core.webui.keyword.WebUiBuiltInKeywords$verifyTextPresent$11.call(Unknown Source)
	at M08 - Employees - List and Add Employees - 027.run(M08 - Employees - List and Add Employees - 027:57)
	at com.kms.katalon.core.main.ScriptEngine.run(ScriptEngine.java:194)
	at com.kms.katalon.core.main.ScriptEngine.runScriptAsRawText(ScriptEngine.java:119)
	at com.kms.katalon.core.main.TestCaseExecutor.runScript(TestCaseExecutor.java:448)
	at com.kms.katalon.core.main.TestCaseExecutor.doExecute(TestCaseExecutor.java:439)
	at com.kms.katalon.core.main.TestCaseExecutor.processExecutionPhase(TestCaseExecutor.java:418)
	at com.kms.katalon.core.main.TestCaseExecutor.accessMainPhase(TestCaseExecutor.java:410)
	at com.kms.katalon.core.main.TestCaseExecutor.execute(TestCaseExecutor.java:285)
	at com.kms.katalon.core.common.CommonExecutor.accessTestCaseMainPhase(CommonExecutor.java:65)
	at com.kms.katalon.core.main.TestSuiteExecutor.accessTestSuiteMainPhase(TestSuiteExecutor.java:148)
	at com.kms.katalon.core.main.TestSuiteExecutor.execute(TestSuiteExecutor.java:106)
	at com.kms.katalon.core.main.TestCaseMain.startTestSuite(TestCaseMain.java:187)
	at com.kms.katalon.core.main.TestCaseMain$startTestSuite$0.call(Unknown Source)
	at TempTestSuite1693965237849.run(TempTestSuite1693965237849.groovy:36)
Caused by: com.kms.katalon.core.exception.StepFailedException: Text 'Contact number already used' is not present on page 
	at com.kms.katalon.core.webui.keyword.internal.WebUIKeywordMain.stepFailed(WebUIKeywordMain.groovy:64)
	at com.kms.katalon.core.webui.keyword.builtin.VerifyTextPresentKeyword$_verifyTextPresent_closure1.doCall(VerifyTextPresentKeyword.groovy:79)
	at com.kms.katalon.core.webui.keyword.builtin.VerifyTextPresentKeyword$_verifyTextPresent_closure1.call(VerifyTextPresentKeyword.groovy)
	at com.kms.katalon.core.webui.keyword.internal.WebUIKeywordMain.runKeyword(WebUIKeywordMain.groovy:20)
	... 19 more
)

2023-09-06 09:04:21 - [MESSAGE][FAILED] - Text 'Contact number already used' is not present on page  (Root cause: com.kms.katalon.core.exception.StepFailedException: Text 'Contact number already used' is not present on page 
	at com.kms.katalon.core.webui.keyword.internal.WebUIKeywordMain.stepFailed(WebUIKeywordMain.groovy:64)
	at com.kms.katalon.core.webui.keyword.builtin.VerifyTextPresentKeyword$_verifyTextPresent_closure1.doCall(VerifyTextPresentKeyword.groovy:79)
	at com.kms.katalon.core.webui.keyword.builtin.VerifyTextPresentKeyword$_verifyTextPresent_closure1.call(VerifyTextPresentKeyword.groovy)
	at com.kms.katalon.core.webui.keyword.internal.WebUIKeywordMain.runKeyword(WebUIKeywordMain.groovy:20)
	at com.kms.katalon.core.webui.keyword.builtin.VerifyTextPresentKeyword.verifyTextPresent(VerifyTextPresentKeyword.groovy:83)
	at com.kms.katalon.core.webui.keyword.builtin.VerifyTextPresentKeyword.execute(VerifyTextPresentKeyword.groovy:68)
	at com.kms.katalon.core.keyword.internal.KeywordExecutor.executeKeywordForPlatform(KeywordExecutor.groovy:74)
	at com.kms.katalon.core.webui.keyword.WebUiBuiltInKeywords.verifyTextPresent(WebUiBuiltInKeywords.groovy:1723)
	at com.kms.katalon.core.webui.keyword.WebUiBuiltInKeywords$verifyTextPresent$11.call(Unknown Source)
	at M08 - Employees - List and Add Employees - 027.run(M08 - Employees - List and Add Employees - 027:57)
	at com.kms.katalon.core.main.ScriptEngine.run(ScriptEngine.java:194)
	at com.kms.katalon.core.main.ScriptEngine.runScriptAsRawText(ScriptEngine.java:119)
	at com.kms.katalon.core.main.TestCaseExecutor.runScript(TestCaseExecutor.java:448)
	at com.kms.katalon.core.main.TestCaseExecutor.doExecute(TestCaseExecutor.java:439)
	at com.kms.katalon.core.main.TestCaseExecutor.processExecutionPhase(TestCaseExecutor.java:418)
	at com.kms.katalon.core.main.TestCaseExecutor.accessMainPhase(TestCaseExecutor.java:410)
	at com.kms.katalon.core.main.TestCaseExecutor.execute(TestCaseExecutor.java:285)
	at com.kms.katalon.core.common.CommonExecutor.accessTestCaseMainPhase(CommonExecutor.java:65)
	at com.kms.katalon.core.main.TestSuiteExecutor.accessTestSuiteMainPhase(TestSuiteExecutor.java:148)
	at com.kms.katalon.core.main.TestSuiteExecutor.execute(TestSuiteExecutor.java:106)
	at com.kms.katalon.core.main.TestCaseMain.startTestSuite(TestCaseMain.java:187)
	at com.kms.katalon.core.main.TestCaseMain$startTestSuite$0.call(Unknown Source)
	at TempTestSuite1693965237849.run(TempTestSuite1693965237849.groovy:36)
)

2023-09-06 09:04:22 - [MESSAGE][FAILED] - Unable to verify text 'Contact number already used' is present  (Root cause: com.kms.katalon.core.exception.StepFailedException: Unable to verify text 'Contact number already used' is present 
	at com.kms.katalon.core.webui.keyword.internal.WebUIKeywordMain.stepFailed(WebUIKeywordMain.groovy:64)
	at com.kms.katalon.core.webui.keyword.internal.WebUIKeywordMain.runKeyword(WebUIKeywordMain.groovy:26)
	at com.kms.katalon.core.webui.keyword.builtin.VerifyTextPresentKeyword.verifyTextPresent(VerifyTextPresentKeyword.groovy:83)
	at com.kms.katalon.core.webui.keyword.builtin.VerifyTextPresentKeyword.execute(VerifyTextPresentKeyword.groovy:68)
	at com.kms.katalon.core.keyword.internal.KeywordExecutor.executeKeywordForPlatform(KeywordExecutor.groovy:74)
	at com.kms.katalon.core.webui.keyword.WebUiBuiltInKeywords.verifyTextPresent(WebUiBuiltInKeywords.groovy:1723)
	at com.kms.katalon.core.webui.keyword.WebUiBuiltInKeywords$verifyTextPresent$11.call(Unknown Source)
	at M08 - Employees - List and Add Employees - 027.run(M08 - Employees - List and Add Employees - 027:57)
	at com.kms.katalon.core.main.ScriptEngine.run(ScriptEngine.java:194)
	at com.kms.katalon.core.main.ScriptEngine.runScriptAsRawText(ScriptEngine.java:119)
	at com.kms.katalon.core.main.TestCaseExecutor.runScript(TestCaseExecutor.java:448)
	at com.kms.katalon.core.main.TestCaseExecutor.doExecute(TestCaseExecutor.java:439)
	at com.kms.katalon.core.main.TestCaseExecutor.processExecutionPhase(TestCaseExecutor.java:418)
	at com.kms.katalon.core.main.TestCaseExecutor.accessMainPhase(TestCaseExecutor.java:410)
	at com.kms.katalon.core.main.TestCaseExecutor.execute(TestCaseExecutor.java:285)
	at com.kms.katalon.core.common.CommonExecutor.accessTestCaseMainPhase(CommonExecutor.java:65)
	at com.kms.katalon.core.main.TestSuiteExecutor.accessTestSuiteMainPhase(TestSuiteExecutor.java:148)
	at com.kms.katalon.core.main.TestSuiteExecutor.execute(TestSuiteExecutor.java:106)
	at com.kms.katalon.core.main.TestCaseMain.startTestSuite(TestCaseMain.java:187)
	at com.kms.katalon.core.main.TestCaseMain$startTestSuite$0.call(Unknown Source)
	at TempTestSuite1693965237849.run(TempTestSuite1693965237849.groovy:36)
Caused by: com.kms.katalon.core.exception.StepFailedException: Text 'Contact number already used' is not present on page 
	at com.kms.katalon.core.webui.keyword.internal.WebUIKeywordMain.stepFailed(WebUIKeywordMain.groovy:64)
	at com.kms.katalon.core.webui.keyword.builtin.VerifyTextPresentKeyword$_verifyTextPresent_closure1.doCall(VerifyTextPresentKeyword.groovy:79)
	at com.kms.katalon.core.webui.keyword.builtin.VerifyTextPresentKeyword$_verifyTextPresent_closure1.call(VerifyTextPresentKeyword.groovy)
	at com.kms.katalon.core.webui.keyword.internal.WebUIKeywordMain.runKeyword(WebUIKeywordMain.groovy:20)
	... 19 more
)
[[ATTACHMENT|D:\\xsis\\batch-324-qa\\bagus\\Mini Project HRS\\Reports\\20230906_085357\\M8\\20230906_085357\\1693965861789.png]]]]></system-out>
         <system-err><![CDATA[2023-09-06 09:03:54 - [TEST_CASE][FAILED] - Test Cases/M08 - Employees - List and Add Employees/M08 - Employees - List and Add Employees - 027: Test Cases/M08 - Employees - List and Add Employees/M08 - Employees - List and Add Employees - 027 FAILED.
Reason:
com.kms.katalon.core.exception.StepFailedException: Unable to verify text 'Contact number already used' is present 
	at com.kms.katalon.core.webui.keyword.internal.WebUIKeywordMain.stepFailed(WebUIKeywordMain.groovy:64)
	at com.kms.katalon.core.webui.keyword.internal.WebUIKeywordMain.runKeyword(WebUIKeywordMain.groovy:26)
	at com.kms.katalon.core.webui.keyword.builtin.VerifyTextPresentKeyword.verifyTextPresent(VerifyTextPresentKeyword.groovy:83)
	at com.kms.katalon.core.webui.keyword.builtin.VerifyTextPresentKeyword.execute(VerifyTextPresentKeyword.groovy:68)
	at com.kms.katalon.core.keyword.internal.KeywordExecutor.executeKeywordForPlatform(KeywordExecutor.groovy:74)
	at com.kms.katalon.core.webui.keyword.WebUiBuiltInKeywords.verifyTextPresent(WebUiBuiltInKeywords.groovy:1723)
	at com.kms.katalon.core.webui.keyword.WebUiBuiltInKeywords$verifyTextPresent$11.call(Unknown Source)
	at M08 - Employees - List and Add Employees - 027.run(M08 - Employees - List and Add Employees - 027:57)
	at com.kms.katalon.core.main.ScriptEngine.run(ScriptEngine.java:194)
	at com.kms.katalon.core.main.ScriptEngine.runScriptAsRawText(ScriptEngine.java:119)
	at com.kms.katalon.core.main.TestCaseExecutor.runScript(TestCaseExecutor.java:448)
	at com.kms.katalon.core.main.TestCaseExecutor.doExecute(TestCaseExecutor.java:439)
	at com.kms.katalon.core.main.TestCaseExecutor.processExecutionPhase(TestCaseExecutor.java:418)
	at com.kms.katalon.core.main.TestCaseExecutor.accessMainPhase(TestCaseExecutor.java:410)
	at com.kms.katalon.core.main.TestCaseExecutor.execute(TestCaseExecutor.java:285)
	at com.kms.katalon.core.common.CommonExecutor.accessTestCaseMainPhase(CommonExecutor.java:65)
	at com.kms.katalon.core.main.TestSuiteExecutor.accessTestSuiteMainPhase(TestSuiteExecutor.java:148)
	at com.kms.katalon.core.main.TestSuiteExecutor.execute(TestSuiteExecutor.java:106)
	at com.kms.katalon.core.main.TestCaseMain.startTestSuite(TestCaseMain.java:187)
	at com.kms.katalon.core.main.TestCaseMain$startTestSuite$0.call(Unknown Source)
	at TempTestSuite1693965237849.run(TempTestSuite1693965237849.groovy:36)
Caused by: com.kms.katalon.core.exception.StepFailedException: Text 'Contact number already used' is not present on page 
	at com.kms.katalon.core.webui.keyword.internal.WebUIKeywordMain.stepFailed(WebUIKeywordMain.groovy:64)
	at com.kms.katalon.core.webui.keyword.builtin.VerifyTextPresentKeyword$_verifyTextPresent_closure1.doCall(VerifyTextPresentKeyword.groovy:79)
	at com.kms.katalon.core.webui.keyword.builtin.VerifyTextPresentKeyword$_verifyTextPresent_closure1.call(VerifyTextPresentKeyword.groovy)
	at com.kms.katalon.core.webui.keyword.internal.WebUIKeywordMain.runKeyword(WebUIKeywordMain.groovy:20)
	... 19 more]]></system-err>
      </testcase>
      <system-out><![CDATA[2023-09-06 08:54:06 - [TEST_SUITE][ERROR] - M8: Test Cases/M08 - Employees - List and Add Employees/M08 - Employees - List and Add Employees - 012 FAILED.
Reason:
groovy.lang.MissingPropertyException: No such property: arrLastNameSort for class: Script1693819373607
	at M08 - Employees - List and Add Employees - 012.run(M08 - Employees - List and Add Employees - 012:46)
	at com.kms.katalon.core.main.ScriptEngine.run(ScriptEngine.java:194)
	at com.kms.katalon.core.main.ScriptEngine.runScriptAsRawText(ScriptEngine.java:119)
	at com.kms.katalon.core.main.TestCaseExecutor.runScript(TestCaseExecutor.java:448)
	at com.kms.katalon.core.main.TestCaseExecutor.doExecute(TestCaseExecutor.java:439)
	at com.kms.katalon.core.main.TestCaseExecutor.processExecutionPhase(TestCaseExecutor.java:418)
	at com.kms.katalon.core.main.TestCaseExecutor.accessMainPhase(TestCaseExecutor.java:410)
	at com.kms.katalon.core.main.TestCaseExecutor.execute(TestCaseExecutor.java:285)
	at com.kms.katalon.core.common.CommonExecutor.accessTestCaseMainPhase(CommonExecutor.java:65)
	at com.kms.katalon.core.main.TestSuiteExecutor.accessTestSuiteMainPhase(TestSuiteExecutor.java:148)
	at com.kms.katalon.core.main.TestSuiteExecutor.execute(TestSuiteExecutor.java:106)
	at com.kms.katalon.core.main.TestCaseMain.startTestSuite(TestCaseMain.java:187)
	at com.kms.katalon.core.main.TestCaseMain$startTestSuite$0.call(Unknown Source)
	at TempTestSuite1693965237849.run(TempTestSuite1693965237849.groovy:36)]]></system-out>
      <system-err><![CDATA[2023-09-06 08:54:06 - [TEST_SUITE][ERROR] - M8: Test Cases/M08 - Employees - List and Add Employees/M08 - Employees - List and Add Employees - 012 FAILED.
Reason:
groovy.lang.MissingPropertyException: No such property: arrLastNameSort for class: Script1693819373607
	at M08 - Employees - List and Add Employees - 012.run(M08 - Employees - List and Add Employees - 012:46)
	at com.kms.katalon.core.main.ScriptEngine.run(ScriptEngine.java:194)
	at com.kms.katalon.core.main.ScriptEngine.runScriptAsRawText(ScriptEngine.java:119)
	at com.kms.katalon.core.main.TestCaseExecutor.runScript(TestCaseExecutor.java:448)
	at com.kms.katalon.core.main.TestCaseExecutor.doExecute(TestCaseExecutor.java:439)
	at com.kms.katalon.core.main.TestCaseExecutor.processExecutionPhase(TestCaseExecutor.java:418)
	at com.kms.katalon.core.main.TestCaseExecutor.accessMainPhase(TestCaseExecutor.java:410)
	at com.kms.katalon.core.main.TestCaseExecutor.execute(TestCaseExecutor.java:285)
	at com.kms.katalon.core.common.CommonExecutor.accessTestCaseMainPhase(CommonExecutor.java:65)
	at com.kms.katalon.core.main.TestSuiteExecutor.accessTestSuiteMainPhase(TestSuiteExecutor.java:148)
	at com.kms.katalon.core.main.TestSuiteExecutor.execute(TestSuiteExecutor.java:106)
	at com.kms.katalon.core.main.TestCaseMain.startTestSuite(TestCaseMain.java:187)
	at com.kms.katalon.core.main.TestCaseMain$startTestSuite$0.call(Unknown Source)
	at TempTestSuite1693965237849.run(TempTestSuite1693965237849.groovy:36)]]></system-err>
   </testsuite>
</testsuites>
