<?xml version="1.0" encoding="UTF-8"?>
<testsuites name="Test Suite Login" time="36.996" tests="2" failures="0" errors="0">
   <testsuite name="Test Suite Login" tests="2" failures="0" errors="0" time="36.996" skipped="0" timestamp="2023-08-25 09:26:44" hostname="Aslamadin Alvian Haz - DESKTOP-L5FUI4E" id="Test Suites/Test Suite Login">
      <properties>
         <property name="deviceName" value=""/>
         <property name="devicePlatform" value=""/>
         <property name="logFolder" value="C:\\Users\\Aslamadin Alvian Haz\\Documents\\Batch 324 QA XSIS Academy\\batch-324-qa\\Alvin\\New folder\\CuraHerokuApp\\Reports\\20230825_092623\\Test Suite Login\\20230825_092625"/>
         <property name="logFiles" value="C:\\Users\\Aslamadin Alvian Haz\\Documents\\Batch 324 QA XSIS Academy\\batch-324-qa\\Alvin\\New folder\\CuraHerokuApp\\Reports\\20230825_092623\\Test Suite Login\\20230825_092625\\execution0.log"/>
         <property name="attachments" value=""/>
         <property name="hostName" value="Aslamadin Alvian Haz - DESKTOP-L5FUI4E"/>
         <property name="os" value="Windows 10 64bit"/>
         <property name="katalonVersion" value="8.6.5.208"/>
         <property name="browser" value="Edge Chromium 116"/>
         <property name="hostAddress" value="192.168.137.64"/>
         <property name="sessionId" value="04fcc65e7abedc5c163858aff7d6d958"/>
         <property name="seleniumVersion" value="3.141.59"/>
         <property name="proxyInformation" value="ProxyInformation { proxyOption=NO_PROXY, proxyServerType=HTTP, username=, password=********, proxyServerAddress=, proxyServerPort=0, executionList=&quot;&quot;, isApplyToDesiredCapabilities=true }"/>
         <property name="platform" value="Windows 10"/>
      </properties>
      <testcase name="Test Cases/Login/Test Case 1.1 (Script)" time="19.848" classname="Test Cases/Login/Test Case 1.1 (Script)" status="PASSED">
         <system-out><![CDATA[2023-08-25 09:26:45 - [TEST_CASE][PASSED] - Test Cases/Login/Test Case 1.1 (Script): Test Cases/Login/Test Case 1.1 (Script)

2023-08-25 09:26:46 - [TEST_STEP][PASSED] - openBrowser("https://katalon-demo-cura.herokuapp.com/"): Browser is opened with url: 'https://katalon-demo-cura.herokuapp.com/'

2023-08-25 09:26:47 - [MESSAGE][INFO] - Starting 'Edge Chromium' driver

2023-08-25 09:26:49 - [MESSAGE][INFO] - Action delay is set to 0 milliseconds

2023-08-25 09:26:55 - [MESSAGE][PASSED] - Browser is opened with url: 'https://katalon-demo-cura.herokuapp.com/'

2023-08-25 09:26:55 - [TEST_STEP][PASSED] - maximizeWindow(): Current window maximized

2023-08-25 09:26:56 - [MESSAGE][PASSED] - Current window maximized

2023-08-25 09:26:56 - [TEST_STEP][PASSED] - verifyElementPresent(findTestObject("Object Repository/Objek untuk login/title_homepage"), 10): Object 'Object Repository/Objek untuk login/title_homepage' is present

2023-08-25 09:26:56 - [MESSAGE][PASSED] - Object 'Object Repository/Objek untuk login/title_homepage' is present

2023-08-25 09:26:56 - [TEST_STEP][PASSED] - click(findTestObject("Object Repository/Objek untuk login/menu_burger")): Object: 'Object Repository/Objek untuk login/menu_burger' is clicked on

2023-08-25 09:26:57 - [MESSAGE][PASSED] - Object: 'Object Repository/Objek untuk login/menu_burger' is clicked on

2023-08-25 09:26:57 - [TEST_STEP][PASSED] - click(findTestObject("Object Repository/Objek untuk login/menu_login")): Object: 'Object Repository/Objek untuk login/menu_login' is clicked on

2023-08-25 09:26:59 - [MESSAGE][PASSED] - Object: 'Object Repository/Objek untuk login/menu_login' is clicked on

2023-08-25 09:26:59 - [TEST_STEP][PASSED] - verifyElementPresent(findTestObject("Object Repository/Objek untuk login/verifikasi_masuk_halaman_login"), 10): Object 'Object Repository/Objek untuk login/verifikasi_masuk_halaman_login' is present

2023-08-25 09:27:00 - [MESSAGE][PASSED] - Object 'Object Repository/Objek untuk login/verifikasi_masuk_halaman_login' is present

2023-08-25 09:27:00 - [TEST_STEP][PASSED] - setText(findTestObject("Object Repository/Objek untuk login/input_form_username"), username): Text 'John Doe' is set on object 'Object Repository/Objek untuk login/input_form_username'

2023-08-25 09:27:00 - [MESSAGE][PASSED] - Text 'John Doe' is set on object 'Object Repository/Objek untuk login/input_form_username'

2023-08-25 09:27:00 - [TEST_STEP][PASSED] - setEncryptedText(findTestObject("Object Repository/Objek untuk login/input_form_password"), password): Text ****** has been set on object 'Object Repository/Objek untuk login/input_form_password'

2023-08-25 09:27:01 - [MESSAGE][PASSED] - Text ****** has been set on object 'Object Repository/Objek untuk login/input_form_password'

2023-08-25 09:27:01 - [TEST_STEP][PASSED] - click(findTestObject("Object Repository/Objek untuk login/button_form_Login")): Object: 'Object Repository/Objek untuk login/button_form_Login' is clicked on

2023-08-25 09:27:04 - [MESSAGE][PASSED] - Object: 'Object Repository/Objek untuk login/button_form_Login' is clicked on

2023-08-25 09:27:04 - [TEST_STEP][PASSED] - verifyElementPresent(findTestObject("Object Repository/Objek untuk login/title_make _appointment"), 10): Object 'Object Repository/Objek untuk login/title_make _appointment' is present

2023-08-25 09:27:04 - [MESSAGE][PASSED] - Object 'Object Repository/Objek untuk login/title_make _appointment' is present]]></system-out>
         <system-err><![CDATA[]]></system-err>
      </testcase>
      <testcase name="Test Cases/Login/Test Case 1.2 (Script)" time="16.461" classname="Test Cases/Login/Test Case 1.2 (Script)" status="PASSED">
         <system-out><![CDATA[2023-08-25 09:27:04 - [TEST_CASE][PASSED] - Test Cases/Login/Test Case 1.2 (Script): Test Cases/Login/Test Case 1.2 (Script)

2023-08-25 09:27:05 - [TEST_STEP][PASSED] - openBrowser(WEB_URL): Browser is opened with url: 'https://katalon-demo-cura.herokuapp.com/'

2023-08-25 09:27:05 - [MESSAGE][WARNING] - A browser is already opened. Closing browser and opening a new one

2023-08-25 09:27:06 - [MESSAGE][INFO] - Starting 'Edge Chromium' driver

2023-08-25 09:27:09 - [MESSAGE][INFO] - Action delay is set to 0 milliseconds

2023-08-25 09:27:13 - [MESSAGE][PASSED] - Browser is opened with url: 'https://katalon-demo-cura.herokuapp.com/'

2023-08-25 09:27:13 - [TEST_STEP][PASSED] - verifyElementPresent(findTestObject("Object Repository/Objek untuk login/title_homepage"), 10): Object 'Object Repository/Objek untuk login/title_homepage' is present

2023-08-25 09:27:14 - [MESSAGE][PASSED] - Object 'Object Repository/Objek untuk login/title_homepage' is present

2023-08-25 09:27:14 - [TEST_STEP][PASSED] - click(findTestObject("Object Repository/Objek untuk login/menu_burger")): Object: 'Object Repository/Objek untuk login/menu_burger' is clicked on

2023-08-25 09:27:14 - [MESSAGE][PASSED] - Object: 'Object Repository/Objek untuk login/menu_burger' is clicked on

2023-08-25 09:27:14 - [TEST_STEP][PASSED] - click(findTestObject("Object Repository/Objek untuk login/menu_login")): Object: 'Object Repository/Objek untuk login/menu_login' is clicked on

2023-08-25 09:27:16 - [MESSAGE][PASSED] - Object: 'Object Repository/Objek untuk login/menu_login' is clicked on

2023-08-25 09:27:16 - [TEST_STEP][PASSED] - verifyElementPresent(findTestObject("Object Repository/Objek untuk login/verifikasi_masuk_halaman_login"), 10): Object 'Object Repository/Objek untuk login/verifikasi_masuk_halaman_login' is present

2023-08-25 09:27:16 - [MESSAGE][PASSED] - Object 'Object Repository/Objek untuk login/verifikasi_masuk_halaman_login' is present

2023-08-25 09:27:16 - [TEST_STEP][PASSED] - setText(findTestObject("Object Repository/Objek untuk login/input_form_username"), username): Text 'John Doe' is set on object 'Object Repository/Objek untuk login/input_form_username'

2023-08-25 09:27:17 - [MESSAGE][PASSED] - Text 'John Doe' is set on object 'Object Repository/Objek untuk login/input_form_username'

2023-08-25 09:27:17 - [TEST_STEP][PASSED] - setEncryptedText(findTestObject("Object Repository/Objek untuk login/input_form_password"), password): Text ****** has been set on object 'Object Repository/Objek untuk login/input_form_password'

2023-08-25 09:27:18 - [MESSAGE][PASSED] - Text ****** has been set on object 'Object Repository/Objek untuk login/input_form_password'

2023-08-25 09:27:18 - [TEST_STEP][PASSED] - click(findTestObject("Object Repository/Objek untuk login/button_form_Login")): Object: 'Object Repository/Objek untuk login/button_form_Login' is clicked on

2023-08-25 09:27:20 - [MESSAGE][PASSED] - Object: 'Object Repository/Objek untuk login/button_form_Login' is clicked on

2023-08-25 09:27:20 - [TEST_STEP][PASSED] - verifyElementText(findTestObject("Object Repository/Objek untuk login/verifikasi_error_message_login"), error_message): Actual text and expected text of test object 'Object Repository/Objek untuk login/verifikasi_error_message_login' are matched.

2023-08-25 09:27:21 - [MESSAGE][PASSED] - Actual text and expected text of test object 'Object Repository/Objek untuk login/verifikasi_error_message_login' are matched.]]></system-out>
         <system-err><![CDATA[]]></system-err>
      </testcase>
      <system-out><![CDATA[2023-08-25 09:26:44 - [TEST_SUITE][PASSED] - Test Suite Login: Test Cases/Login/Test Case 1.2 (Script)]]></system-out>
      <system-err><![CDATA[]]></system-err>
   </testsuite>
</testsuites>
