<?xml version="1.0" encoding="UTF-8"?>
<testsuites name="Test Suite All TC" time="368.319" tests="31" failures="3" errors="0">
   <testsuite name="Test Suite All TC" tests="31" failures="3" errors="0" time="368.319" skipped="0" timestamp="2023-08-31 09:14:23" hostname="youha - LAPTOP-H03M84CI" id="Test Suites/Test Suite All TC">
      <properties>
         <property name="deviceName" value=""/>
         <property name="devicePlatform" value=""/>
         <property name="logFolder" value="C:\\Users\\youha\\OneDrive\\Desktop\\Batch 324\\Workspace\\batch-324-qa\\Trainer\\Sauce Demo\\Reports\\20230831_091417\\Test Suite All TC\\20230831_091417"/>
         <property name="logFiles" value="C:\\Users\\youha\\OneDrive\\Desktop\\Batch 324\\Workspace\\batch-324-qa\\Trainer\\Sauce Demo\\Reports\\20230831_091417\\Test Suite All TC\\20230831_091417\\execution0.log"/>
         <property name="attachments" value="C:\\Users\\youha\\OneDrive\\Desktop\\Batch 324\\Workspace\\batch-324-qa\\Trainer\\Sauce Demo\\Reports\\20230831_091417\\Test Suite All TC\\20230831_091417\\1693448077545.png, C:\\Users\\youha\\OneDrive\\Desktop\\Batch 324\\Workspace\\batch-324-qa\\Trainer\\Sauce Demo\\Reports\\20230831_091417\\Test Suite All TC\\20230831_091417\\1693448077687.png, C:\\Users\\youha\\OneDrive\\Desktop\\Batch 324\\Workspace\\batch-324-qa\\Trainer\\Sauce Demo\\Reports\\20230831_091417\\Test Suite All TC\\20230831_091417\\1693448149588.png, C:\\Users\\youha\\OneDrive\\Desktop\\Batch 324\\Workspace\\batch-324-qa\\Trainer\\Sauce Demo\\Reports\\20230831_091417\\Test Suite All TC\\20230831_091417\\1693448149687.png, C:\\Users\\youha\\OneDrive\\Desktop\\Batch 324\\Workspace\\batch-324-qa\\Trainer\\Sauce Demo\\Reports\\20230831_091417\\Test Suite All TC\\20230831_091417\\1693448350312.png, C:\\Users\\youha\\OneDrive\\Desktop\\Batch 324\\Workspace\\batch-324-qa\\Trainer\\Sauce Demo\\Reports\\20230831_091417\\Test Suite All TC\\20230831_091417\\1693448350396.png"/>
         <property name="hostName" value="youha - LAPTOP-H03M84CI"/>
         <property name="os" value="Windows 11 64bit"/>
         <property name="katalonVersion" value="8.6.5.208"/>
         <property name="browser" value="Edge Chromium 116"/>
         <property name="hostAddress" value="10.9.2.15"/>
         <property name="sessionId" value="ef80d481040de1f61acfe035e26d03d8"/>
         <property name="seleniumVersion" value="3.141.59"/>
         <property name="proxyInformation" value="ProxyInformation { proxyOption=NO_PROXY, proxyServerType=HTTP, username=, password=********, proxyServerAddress=, proxyServerPort=0, executionList=&quot;&quot;, isApplyToDesiredCapabilities=true }"/>
         <property name="platform" value="Windows 11"/>
      </properties>
      <testcase name="Test Cases/Login/TC-Login-Failed-001" time="6.98" classname="Test Cases/Login/TC-Login-Failed-001" status="PASSED">
         <system-out><![CDATA[2023-08-31 09:14:23 - [TEST_CASE][PASSED] - Test Cases/Login/TC-Login-Failed-001: Test Cases/Login/TC-Login-Failed-001

2023-08-31 09:14:24 - [TEST_STEP][PASSED] - openBrowser(WEB_URL): Browser is opened with url: 'https://www.saucedemo.com/'

2023-08-31 09:14:24 - [MESSAGE][INFO] - Starting 'Edge Chromium' driver

2023-08-31 09:14:26 - [MESSAGE][INFO] - Action delay is set to 0 milliseconds

2023-08-31 09:14:28 - [MESSAGE][PASSED] - Browser is opened with url: 'https://www.saucedemo.com/'

2023-08-31 09:14:28 - [TEST_STEP][PASSED] - verifyElementPresent(findTestObject("Login Title Text"), 10): Object 'Object Repository/Login Title Text' is present

2023-08-31 09:14:29 - [MESSAGE][PASSED] - Object 'Object Repository/Login Title Text' is present

2023-08-31 09:14:29 - [TEST_STEP][PASSED] - setText(findTestObject("Login Input Username"), username): Text 'dianty' is set on object 'Object Repository/Login Input Username'

2023-08-31 09:14:29 - [MESSAGE][PASSED] - Text 'dianty' is set on object 'Object Repository/Login Input Username'

2023-08-31 09:14:29 - [TEST_STEP][PASSED] - setEncryptedText(findTestObject("Login Input Password"), password): Text ****** has been set on object 'Object Repository/Login Input Password'

2023-08-31 09:14:30 - [MESSAGE][PASSED] - Text ****** has been set on object 'Object Repository/Login Input Password'

2023-08-31 09:14:30 - [TEST_STEP][PASSED] - click(findTestObject("Login Button")): Object: 'Object Repository/Login Button' is clicked on

2023-08-31 09:14:30 - [MESSAGE][PASSED] - Object: 'Object Repository/Login Button' is clicked on

2023-08-31 09:14:30 - [TEST_STEP][PASSED] - verifyElementText(findTestObject("Login Error Message"), "Epic sadface: Username and password do not match any user in this service"): Actual text and expected text of test object 'Object Repository/Login Error Message' are matched.

2023-08-31 09:14:30 - [MESSAGE][PASSED] - Actual text and expected text of test object 'Object Repository/Login Error Message' are matched.]]></system-out>
         <system-err><![CDATA[]]></system-err>
      </testcase>
      <testcase name="Test Cases/Login/TC-Login-Failed-002" time="6.817" classname="Test Cases/Login/TC-Login-Failed-002" status="FAILED">
         <failure type="FAILED" message="Test Cases/Login/TC-Login-Failed-002 FAILED.
Reason:
com.kms.katalon.core.exception.StepFailedException: Verify element text of test object 'Object Repository/Login Error Message' FAILED.
	at com.kms.katalon.core.webui.keyword.internal.WebUIKeywordMain.stepFailed(WebUIKeywordMain.groovy:64)
	at com.kms.katalon.core.webui.keyword.internal.WebUIKeywordMain.runKeyword(WebUIKeywordMain.groovy:26)
	at com.kms.katalon.core.webui.keyword.builtin.VerifyElementTextKeyword.verifyElementText(VerifyElementTextKeyword.groovy:72)
	at com.kms.katalon.core.webui.keyword.builtin.VerifyElementTextKeyword.execute(VerifyElementTextKeyword.groovy:40)
	at com.kms.katalon.core.keyword.internal.KeywordExecutor.executeKeywordForPlatform(KeywordExecutor.groovy:74)
	at com.kms.katalon.core.webui.keyword.WebUiBuiltInKeywords.verifyElementText(WebUiBuiltInKeywords.groovy:4749)
	at com.kms.katalon.core.webui.keyword.WebUiBuiltInKeywords$verifyElementText$4.call(Unknown Source)
	at TC-Login-Failed-002.run(TC-Login-Failed-002:26)
	at com.kms.katalon.core.main.ScriptEngine.run(ScriptEngine.java:194)
	at com.kms.katalon.core.main.ScriptEngine.runScriptAsRawText(ScriptEngine.java:119)
	at com.kms.katalon.core.main.TestCaseExecutor.runScript(TestCaseExecutor.java:448)
	at com.kms.katalon.core.main.TestCaseExecutor.doExecute(TestCaseExecutor.java:439)
	at com.kms.katalon.core.main.TestCaseExecutor.processExecutionPhase(TestCaseExecutor.java:418)
	at com.kms.katalon.core.main.TestCaseExecutor.accessMainPhase(TestCaseExecutor.java:410)
	at com.kms.katalon.core.main.TestCaseExecutor.execute(TestCaseExecutor.java:285)
	at com.kms.katalon.core.common.CommonExecutor.accessTestCaseMainPhase(CommonExecutor.java:65)
	at com.kms.katalon.core.main.TestSuiteExecutor.accessTestSuiteMainPhase(TestSuiteExecutor.java:148)
	at com.kms.katalon.core.main.TestSuiteExecutor.execute(TestSuiteExecutor.java:106)
	at com.kms.katalon.core.main.TestCaseMain.startTestSuite(TestCaseMain.java:187)
	at com.kms.katalon.core.main.TestCaseMain$startTestSuite$0.call(Unknown Source)
	at TempTestSuite1693448057270.run(TempTestSuite1693448057270.groovy:36)
Caused by: com.kms.katalon.core.exception.StepFailedException: Actual text 'Epic sadface: Password is required' and expected text 'Login failed! Please ensure the password are valid.' of test object 'Object Repository/Login Error Message' are NOT matched.
	at com.kms.katalon.core.webui.keyword.internal.WebUIKeywordMain.stepFailed(WebUIKeywordMain.groovy:64)
	at com.kms.katalon.core.webui.keyword.builtin.VerifyElementTextKeyword$_verifyElementText_closure1.doCall(VerifyElementTextKeyword.groovy:57)
	at com.kms.katalon.core.webui.keyword.builtin.VerifyElementTextKeyword$_verifyElementText_closure1.call(VerifyElementTextKeyword.groovy)
	at com.kms.katalon.core.webui.keyword.internal.WebUIKeywordMain.runKeyword(WebUIKeywordMain.groovy:20)
	... 19 more
"/>
         <system-out><![CDATA[2023-08-31 09:14:30 - [TEST_CASE][FAILED] - Test Cases/Login/TC-Login-Failed-002: Test Cases/Login/TC-Login-Failed-002 FAILED.
Reason:
com.kms.katalon.core.exception.StepFailedException: Verify element text of test object 'Object Repository/Login Error Message' FAILED.
	at com.kms.katalon.core.webui.keyword.internal.WebUIKeywordMain.stepFailed(WebUIKeywordMain.groovy:64)
	at com.kms.katalon.core.webui.keyword.internal.WebUIKeywordMain.runKeyword(WebUIKeywordMain.groovy:26)
	at com.kms.katalon.core.webui.keyword.builtin.VerifyElementTextKeyword.verifyElementText(VerifyElementTextKeyword.groovy:72)
	at com.kms.katalon.core.webui.keyword.builtin.VerifyElementTextKeyword.execute(VerifyElementTextKeyword.groovy:40)
	at com.kms.katalon.core.keyword.internal.KeywordExecutor.executeKeywordForPlatform(KeywordExecutor.groovy:74)
	at com.kms.katalon.core.webui.keyword.WebUiBuiltInKeywords.verifyElementText(WebUiBuiltInKeywords.groovy:4749)
	at com.kms.katalon.core.webui.keyword.WebUiBuiltInKeywords$verifyElementText$4.call(Unknown Source)
	at TC-Login-Failed-002.run(TC-Login-Failed-002:26)
	at com.kms.katalon.core.main.ScriptEngine.run(ScriptEngine.java:194)
	at com.kms.katalon.core.main.ScriptEngine.runScriptAsRawText(ScriptEngine.java:119)
	at com.kms.katalon.core.main.TestCaseExecutor.runScript(TestCaseExecutor.java:448)
	at com.kms.katalon.core.main.TestCaseExecutor.doExecute(TestCaseExecutor.java:439)
	at com.kms.katalon.core.main.TestCaseExecutor.processExecutionPhase(TestCaseExecutor.java:418)
	at com.kms.katalon.core.main.TestCaseExecutor.accessMainPhase(TestCaseExecutor.java:410)
	at com.kms.katalon.core.main.TestCaseExecutor.execute(TestCaseExecutor.java:285)
	at com.kms.katalon.core.common.CommonExecutor.accessTestCaseMainPhase(CommonExecutor.java:65)
	at com.kms.katalon.core.main.TestSuiteExecutor.accessTestSuiteMainPhase(TestSuiteExecutor.java:148)
	at com.kms.katalon.core.main.TestSuiteExecutor.execute(TestSuiteExecutor.java:106)
	at com.kms.katalon.core.main.TestCaseMain.startTestSuite(TestCaseMain.java:187)
	at com.kms.katalon.core.main.TestCaseMain$startTestSuite$0.call(Unknown Source)
	at TempTestSuite1693448057270.run(TempTestSuite1693448057270.groovy:36)
Caused by: com.kms.katalon.core.exception.StepFailedException: Actual text 'Epic sadface: Password is required' and expected text 'Login failed! Please ensure the password are valid.' of test object 'Object Repository/Login Error Message' are NOT matched.
	at com.kms.katalon.core.webui.keyword.internal.WebUIKeywordMain.stepFailed(WebUIKeywordMain.groovy:64)
	at com.kms.katalon.core.webui.keyword.builtin.VerifyElementTextKeyword$_verifyElementText_closure1.doCall(VerifyElementTextKeyword.groovy:57)
	at com.kms.katalon.core.webui.keyword.builtin.VerifyElementTextKeyword$_verifyElementText_closure1.call(VerifyElementTextKeyword.groovy)
	at com.kms.katalon.core.webui.keyword.internal.WebUIKeywordMain.runKeyword(WebUIKeywordMain.groovy:20)
	... 19 more


2023-08-31 09:14:31 - [TEST_STEP][PASSED] - openBrowser(WEB_URL): Browser is opened with url: 'https://www.saucedemo.com/'

2023-08-31 09:14:31 - [MESSAGE][WARNING] - A browser is already opened. Closing browser and opening a new one

2023-08-31 09:14:31 - [MESSAGE][INFO] - Starting 'Edge Chromium' driver

2023-08-31 09:14:34 - [MESSAGE][INFO] - Action delay is set to 0 milliseconds

2023-08-31 09:14:35 - [MESSAGE][PASSED] - Browser is opened with url: 'https://www.saucedemo.com/'

2023-08-31 09:14:35 - [TEST_STEP][PASSED] - setText(findTestObject("Login Input Username"), username): Text 'locked_out_user' is set on object 'Object Repository/Login Input Username'

2023-08-31 09:14:36 - [MESSAGE][PASSED] - Text 'locked_out_user' is set on object 'Object Repository/Login Input Username'

2023-08-31 09:14:36 - [TEST_STEP][PASSED] - click(findTestObject("Login Button")): Object: 'Object Repository/Login Button' is clicked on

2023-08-31 09:14:37 - [MESSAGE][PASSED] - Object: 'Object Repository/Login Button' is clicked on

2023-08-31 09:14:37 - [TEST_STEP][FAILED] - verifyElementText(findTestObject("Login Error Message"), "Login failed! Please ensure the password are valid."): Verify element text of test object 'Object Repository/Login Error Message' FAILED. (Root cause: com.kms.katalon.core.exception.StepFailedException: Verify element text of test object 'Object Repository/Login Error Message' FAILED.
	at com.kms.katalon.core.webui.keyword.internal.WebUIKeywordMain.stepFailed(WebUIKeywordMain.groovy:64)
	at com.kms.katalon.core.webui.keyword.internal.WebUIKeywordMain.runKeyword(WebUIKeywordMain.groovy:26)
	at com.kms.katalon.core.webui.keyword.builtin.VerifyElementTextKeyword.verifyElementText(VerifyElementTextKeyword.groovy:72)
	at com.kms.katalon.core.webui.keyword.builtin.VerifyElementTextKeyword.execute(VerifyElementTextKeyword.groovy:40)
	at com.kms.katalon.core.keyword.internal.KeywordExecutor.executeKeywordForPlatform(KeywordExecutor.groovy:74)
	at com.kms.katalon.core.webui.keyword.WebUiBuiltInKeywords.verifyElementText(WebUiBuiltInKeywords.groovy:4749)
	at com.kms.katalon.core.webui.keyword.WebUiBuiltInKeywords$verifyElementText$4.call(Unknown Source)
	at TC-Login-Failed-002.run(TC-Login-Failed-002:26)
	at com.kms.katalon.core.main.ScriptEngine.run(ScriptEngine.java:194)
	at com.kms.katalon.core.main.ScriptEngine.runScriptAsRawText(ScriptEngine.java:119)
	at com.kms.katalon.core.main.TestCaseExecutor.runScript(TestCaseExecutor.java:448)
	at com.kms.katalon.core.main.TestCaseExecutor.doExecute(TestCaseExecutor.java:439)
	at com.kms.katalon.core.main.TestCaseExecutor.processExecutionPhase(TestCaseExecutor.java:418)
	at com.kms.katalon.core.main.TestCaseExecutor.accessMainPhase(TestCaseExecutor.java:410)
	at com.kms.katalon.core.main.TestCaseExecutor.execute(TestCaseExecutor.java:285)
	at com.kms.katalon.core.common.CommonExecutor.accessTestCaseMainPhase(CommonExecutor.java:65)
	at com.kms.katalon.core.main.TestSuiteExecutor.accessTestSuiteMainPhase(TestSuiteExecutor.java:148)
	at com.kms.katalon.core.main.TestSuiteExecutor.execute(TestSuiteExecutor.java:106)
	at com.kms.katalon.core.main.TestCaseMain.startTestSuite(TestCaseMain.java:187)
	at com.kms.katalon.core.main.TestCaseMain$startTestSuite$0.call(Unknown Source)
	at TempTestSuite1693448057270.run(TempTestSuite1693448057270.groovy:36)
Caused by: com.kms.katalon.core.exception.StepFailedException: Actual text 'Epic sadface: Password is required' and expected text 'Login failed! Please ensure the password are valid.' of test object 'Object Repository/Login Error Message' are NOT matched.
	at com.kms.katalon.core.webui.keyword.internal.WebUIKeywordMain.stepFailed(WebUIKeywordMain.groovy:64)
	at com.kms.katalon.core.webui.keyword.builtin.VerifyElementTextKeyword$_verifyElementText_closure1.doCall(VerifyElementTextKeyword.groovy:57)
	at com.kms.katalon.core.webui.keyword.builtin.VerifyElementTextKeyword$_verifyElementText_closure1.call(VerifyElementTextKeyword.groovy)
	at com.kms.katalon.core.webui.keyword.internal.WebUIKeywordMain.runKeyword(WebUIKeywordMain.groovy:20)
	... 19 more
)

2023-08-31 09:14:37 - [MESSAGE][FAILED] - Actual text 'Epic sadface: Password is required' and expected text 'Login failed! Please ensure the password are valid.' of test object 'Object Repository/Login Error Message' are NOT matched. (Root cause: com.kms.katalon.core.exception.StepFailedException: Actual text 'Epic sadface: Password is required' and expected text 'Login failed! Please ensure the password are valid.' of test object 'Object Repository/Login Error Message' are NOT matched.
	at com.kms.katalon.core.webui.keyword.internal.WebUIKeywordMain.stepFailed(WebUIKeywordMain.groovy:64)
	at com.kms.katalon.core.webui.keyword.builtin.VerifyElementTextKeyword$_verifyElementText_closure1.doCall(VerifyElementTextKeyword.groovy:57)
	at com.kms.katalon.core.webui.keyword.builtin.VerifyElementTextKeyword$_verifyElementText_closure1.call(VerifyElementTextKeyword.groovy)
	at com.kms.katalon.core.webui.keyword.internal.WebUIKeywordMain.runKeyword(WebUIKeywordMain.groovy:20)
	at com.kms.katalon.core.webui.keyword.builtin.VerifyElementTextKeyword.verifyElementText(VerifyElementTextKeyword.groovy:72)
	at com.kms.katalon.core.webui.keyword.builtin.VerifyElementTextKeyword.execute(VerifyElementTextKeyword.groovy:40)
	at com.kms.katalon.core.keyword.internal.KeywordExecutor.executeKeywordForPlatform(KeywordExecutor.groovy:74)
	at com.kms.katalon.core.webui.keyword.WebUiBuiltInKeywords.verifyElementText(WebUiBuiltInKeywords.groovy:4749)
	at com.kms.katalon.core.webui.keyword.WebUiBuiltInKeywords$verifyElementText$4.call(Unknown Source)
	at TC-Login-Failed-002.run(TC-Login-Failed-002:26)
	at com.kms.katalon.core.main.ScriptEngine.run(ScriptEngine.java:194)
	at com.kms.katalon.core.main.ScriptEngine.runScriptAsRawText(ScriptEngine.java:119)
	at com.kms.katalon.core.main.TestCaseExecutor.runScript(TestCaseExecutor.java:448)
	at com.kms.katalon.core.main.TestCaseExecutor.doExecute(TestCaseExecutor.java:439)
	at com.kms.katalon.core.main.TestCaseExecutor.processExecutionPhase(TestCaseExecutor.java:418)
	at com.kms.katalon.core.main.TestCaseExecutor.accessMainPhase(TestCaseExecutor.java:410)
	at com.kms.katalon.core.main.TestCaseExecutor.execute(TestCaseExecutor.java:285)
	at com.kms.katalon.core.common.CommonExecutor.accessTestCaseMainPhase(CommonExecutor.java:65)
	at com.kms.katalon.core.main.TestSuiteExecutor.accessTestSuiteMainPhase(TestSuiteExecutor.java:148)
	at com.kms.katalon.core.main.TestSuiteExecutor.execute(TestSuiteExecutor.java:106)
	at com.kms.katalon.core.main.TestCaseMain.startTestSuite(TestCaseMain.java:187)
	at com.kms.katalon.core.main.TestCaseMain$startTestSuite$0.call(Unknown Source)
	at TempTestSuite1693448057270.run(TempTestSuite1693448057270.groovy:36)
)
[[ATTACHMENT|C:\\Users\\youha\\OneDrive\\Desktop\\Batch 324\\Workspace\\batch-324-qa\\Trainer\\Sauce Demo\\Reports\\20230831_091417\\Test Suite All TC\\20230831_091417\\1693448077545.png]]

2023-08-31 09:14:37 - [MESSAGE][FAILED] - Verify element text of test object 'Object Repository/Login Error Message' FAILED. (Root cause: com.kms.katalon.core.exception.StepFailedException: Verify element text of test object 'Object Repository/Login Error Message' FAILED.
	at com.kms.katalon.core.webui.keyword.internal.WebUIKeywordMain.stepFailed(WebUIKeywordMain.groovy:64)
	at com.kms.katalon.core.webui.keyword.internal.WebUIKeywordMain.runKeyword(WebUIKeywordMain.groovy:26)
	at com.kms.katalon.core.webui.keyword.builtin.VerifyElementTextKeyword.verifyElementText(VerifyElementTextKeyword.groovy:72)
	at com.kms.katalon.core.webui.keyword.builtin.VerifyElementTextKeyword.execute(VerifyElementTextKeyword.groovy:40)
	at com.kms.katalon.core.keyword.internal.KeywordExecutor.executeKeywordForPlatform(KeywordExecutor.groovy:74)
	at com.kms.katalon.core.webui.keyword.WebUiBuiltInKeywords.verifyElementText(WebUiBuiltInKeywords.groovy:4749)
	at com.kms.katalon.core.webui.keyword.WebUiBuiltInKeywords$verifyElementText$4.call(Unknown Source)
	at TC-Login-Failed-002.run(TC-Login-Failed-002:26)
	at com.kms.katalon.core.main.ScriptEngine.run(ScriptEngine.java:194)
	at com.kms.katalon.core.main.ScriptEngine.runScriptAsRawText(ScriptEngine.java:119)
	at com.kms.katalon.core.main.TestCaseExecutor.runScript(TestCaseExecutor.java:448)
	at com.kms.katalon.core.main.TestCaseExecutor.doExecute(TestCaseExecutor.java:439)
	at com.kms.katalon.core.main.TestCaseExecutor.processExecutionPhase(TestCaseExecutor.java:418)
	at com.kms.katalon.core.main.TestCaseExecutor.accessMainPhase(TestCaseExecutor.java:410)
	at com.kms.katalon.core.main.TestCaseExecutor.execute(TestCaseExecutor.java:285)
	at com.kms.katalon.core.common.CommonExecutor.accessTestCaseMainPhase(CommonExecutor.java:65)
	at com.kms.katalon.core.main.TestSuiteExecutor.accessTestSuiteMainPhase(TestSuiteExecutor.java:148)
	at com.kms.katalon.core.main.TestSuiteExecutor.execute(TestSuiteExecutor.java:106)
	at com.kms.katalon.core.main.TestCaseMain.startTestSuite(TestCaseMain.java:187)
	at com.kms.katalon.core.main.TestCaseMain$startTestSuite$0.call(Unknown Source)
	at TempTestSuite1693448057270.run(TempTestSuite1693448057270.groovy:36)
Caused by: com.kms.katalon.core.exception.StepFailedException: Actual text 'Epic sadface: Password is required' and expected text 'Login failed! Please ensure the password are valid.' of test object 'Object Repository/Login Error Message' are NOT matched.
	at com.kms.katalon.core.webui.keyword.internal.WebUIKeywordMain.stepFailed(WebUIKeywordMain.groovy:64)
	at com.kms.katalon.core.webui.keyword.builtin.VerifyElementTextKeyword$_verifyElementText_closure1.doCall(VerifyElementTextKeyword.groovy:57)
	at com.kms.katalon.core.webui.keyword.builtin.VerifyElementTextKeyword$_verifyElementText_closure1.call(VerifyElementTextKeyword.groovy)
	at com.kms.katalon.core.webui.keyword.internal.WebUIKeywordMain.runKeyword(WebUIKeywordMain.groovy:20)
	... 19 more
)
[[ATTACHMENT|C:\\Users\\youha\\OneDrive\\Desktop\\Batch 324\\Workspace\\batch-324-qa\\Trainer\\Sauce Demo\\Reports\\20230831_091417\\Test Suite All TC\\20230831_091417\\1693448077687.png]]]]></system-out>
         <system-err><![CDATA[2023-08-31 09:14:30 - [TEST_CASE][FAILED] - Test Cases/Login/TC-Login-Failed-002: Test Cases/Login/TC-Login-Failed-002 FAILED.
Reason:
com.kms.katalon.core.exception.StepFailedException: Verify element text of test object 'Object Repository/Login Error Message' FAILED.
	at com.kms.katalon.core.webui.keyword.internal.WebUIKeywordMain.stepFailed(WebUIKeywordMain.groovy:64)
	at com.kms.katalon.core.webui.keyword.internal.WebUIKeywordMain.runKeyword(WebUIKeywordMain.groovy:26)
	at com.kms.katalon.core.webui.keyword.builtin.VerifyElementTextKeyword.verifyElementText(VerifyElementTextKeyword.groovy:72)
	at com.kms.katalon.core.webui.keyword.builtin.VerifyElementTextKeyword.execute(VerifyElementTextKeyword.groovy:40)
	at com.kms.katalon.core.keyword.internal.KeywordExecutor.executeKeywordForPlatform(KeywordExecutor.groovy:74)
	at com.kms.katalon.core.webui.keyword.WebUiBuiltInKeywords.verifyElementText(WebUiBuiltInKeywords.groovy:4749)
	at com.kms.katalon.core.webui.keyword.WebUiBuiltInKeywords$verifyElementText$4.call(Unknown Source)
	at TC-Login-Failed-002.run(TC-Login-Failed-002:26)
	at com.kms.katalon.core.main.ScriptEngine.run(ScriptEngine.java:194)
	at com.kms.katalon.core.main.ScriptEngine.runScriptAsRawText(ScriptEngine.java:119)
	at com.kms.katalon.core.main.TestCaseExecutor.runScript(TestCaseExecutor.java:448)
	at com.kms.katalon.core.main.TestCaseExecutor.doExecute(TestCaseExecutor.java:439)
	at com.kms.katalon.core.main.TestCaseExecutor.processExecutionPhase(TestCaseExecutor.java:418)
	at com.kms.katalon.core.main.TestCaseExecutor.accessMainPhase(TestCaseExecutor.java:410)
	at com.kms.katalon.core.main.TestCaseExecutor.execute(TestCaseExecutor.java:285)
	at com.kms.katalon.core.common.CommonExecutor.accessTestCaseMainPhase(CommonExecutor.java:65)
	at com.kms.katalon.core.main.TestSuiteExecutor.accessTestSuiteMainPhase(TestSuiteExecutor.java:148)
	at com.kms.katalon.core.main.TestSuiteExecutor.execute(TestSuiteExecutor.java:106)
	at com.kms.katalon.core.main.TestCaseMain.startTestSuite(TestCaseMain.java:187)
	at com.kms.katalon.core.main.TestCaseMain$startTestSuite$0.call(Unknown Source)
	at TempTestSuite1693448057270.run(TempTestSuite1693448057270.groovy:36)
Caused by: com.kms.katalon.core.exception.StepFailedException: Actual text 'Epic sadface: Password is required' and expected text 'Login failed! Please ensure the password are valid.' of test object 'Object Repository/Login Error Message' are NOT matched.
	at com.kms.katalon.core.webui.keyword.internal.WebUIKeywordMain.stepFailed(WebUIKeywordMain.groovy:64)
	at com.kms.katalon.core.webui.keyword.builtin.VerifyElementTextKeyword$_verifyElementText_closure1.doCall(VerifyElementTextKeyword.groovy:57)
	at com.kms.katalon.core.webui.keyword.builtin.VerifyElementTextKeyword$_verifyElementText_closure1.call(VerifyElementTextKeyword.groovy)
	at com.kms.katalon.core.webui.keyword.internal.WebUIKeywordMain.runKeyword(WebUIKeywordMain.groovy:20)
	... 19 more]]></system-err>
      </testcase>
      <testcase name="Test Cases/Login/TC-Login-Failed-003" time="6.856" classname="Test Cases/Login/TC-Login-Failed-003" status="PASSED">
         <system-out><![CDATA[2023-08-31 09:14:37 - [TEST_CASE][PASSED] - Test Cases/Login/TC-Login-Failed-003: Test Cases/Login/TC-Login-Failed-003

2023-08-31 09:14:37 - [TEST_STEP][PASSED] - openBrowser(WEB_URL): Browser is opened with url: 'https://www.saucedemo.com/'

2023-08-31 09:14:37 - [MESSAGE][WARNING] - A browser is already opened. Closing browser and opening a new one

2023-08-31 09:14:38 - [MESSAGE][INFO] - Starting 'Edge Chromium' driver

2023-08-31 09:14:40 - [MESSAGE][INFO] - Action delay is set to 0 milliseconds

2023-08-31 09:14:43 - [MESSAGE][PASSED] - Browser is opened with url: 'https://www.saucedemo.com/'

2023-08-31 09:14:43 - [TEST_STEP][PASSED] - verifyElementPresent(findTestObject("Login Title Text"), 10): Object 'Object Repository/Login Title Text' is present

2023-08-31 09:14:43 - [MESSAGE][PASSED] - Object 'Object Repository/Login Title Text' is present

2023-08-31 09:14:43 - [TEST_STEP][PASSED] - setEncryptedText(findTestObject("Login Input Password"), password): Text ****** has been set on object 'Object Repository/Login Input Password'

2023-08-31 09:14:43 - [MESSAGE][PASSED] - Text ****** has been set on object 'Object Repository/Login Input Password'

2023-08-31 09:14:43 - [TEST_STEP][PASSED] - click(findTestObject("Login Button")): Object: 'Object Repository/Login Button' is clicked on

2023-08-31 09:14:44 - [MESSAGE][PASSED] - Object: 'Object Repository/Login Button' is clicked on

2023-08-31 09:14:44 - [TEST_STEP][PASSED] - verifyElementText(findTestObject("Login Error Message"), "Epic sadface: Username is required"): Actual text and expected text of test object 'Object Repository/Login Error Message' are matched.

2023-08-31 09:14:44 - [MESSAGE][PASSED] - Actual text and expected text of test object 'Object Repository/Login Error Message' are matched.]]></system-out>
         <system-err><![CDATA[]]></system-err>
      </testcase>
      <testcase name="Test Cases/Login/TC-Login-Failed-004" time="6.314" classname="Test Cases/Login/TC-Login-Failed-004" status="PASSED">
         <system-out><![CDATA[2023-08-31 09:14:44 - [TEST_CASE][PASSED] - Test Cases/Login/TC-Login-Failed-004: Test Cases/Login/TC-Login-Failed-004

2023-08-31 09:14:44 - [TEST_STEP][PASSED] - openBrowser(WEB_URL): Browser is opened with url: 'https://www.saucedemo.com/'

2023-08-31 09:14:44 - [MESSAGE][WARNING] - A browser is already opened. Closing browser and opening a new one

2023-08-31 09:14:45 - [MESSAGE][INFO] - Starting 'Edge Chromium' driver

2023-08-31 09:14:47 - [MESSAGE][INFO] - Action delay is set to 0 milliseconds

2023-08-31 09:14:49 - [MESSAGE][PASSED] - Browser is opened with url: 'https://www.saucedemo.com/'

2023-08-31 09:14:49 - [TEST_STEP][PASSED] - verifyElementPresent(findTestObject("Login Title Text"), 10): Object 'Object Repository/Login Title Text' is present

2023-08-31 09:14:50 - [MESSAGE][PASSED] - Object 'Object Repository/Login Title Text' is present

2023-08-31 09:14:50 - [TEST_STEP][PASSED] - click(findTestObject("Login Button")): Object: 'Object Repository/Login Button' is clicked on

2023-08-31 09:14:50 - [MESSAGE][PASSED] - Object: 'Object Repository/Login Button' is clicked on

2023-08-31 09:14:50 - [TEST_STEP][PASSED] - verifyElementText(findTestObject("Login Error Message"), "Epic sadface: Username is required"): Actual text and expected text of test object 'Object Repository/Login Error Message' are matched.

2023-08-31 09:14:50 - [MESSAGE][PASSED] - Actual text and expected text of test object 'Object Repository/Login Error Message' are matched.]]></system-out>
         <system-err><![CDATA[]]></system-err>
      </testcase>
      <testcase name="Test Cases/Login/TC-Login-Locked-001" time="7.295" classname="Test Cases/Login/TC-Login-Locked-001" status="PASSED">
         <system-out><![CDATA[2023-08-31 09:14:50 - [TEST_CASE][PASSED] - Test Cases/Login/TC-Login-Locked-001: Test Cases/Login/TC-Login-Locked-001

2023-08-31 09:14:51 - [TEST_STEP][PASSED] - openBrowser(WEB_URL): Browser is opened with url: 'https://www.saucedemo.com/'

2023-08-31 09:14:51 - [MESSAGE][WARNING] - A browser is already opened. Closing browser and opening a new one

2023-08-31 09:14:51 - [MESSAGE][INFO] - Starting 'Edge Chromium' driver

2023-08-31 09:14:54 - [MESSAGE][INFO] - Action delay is set to 0 milliseconds

2023-08-31 09:14:55 - [MESSAGE][PASSED] - Browser is opened with url: 'https://www.saucedemo.com/'

2023-08-31 09:14:55 - [TEST_STEP][PASSED] - verifyElementPresent(findTestObject("Login Title Text"), 0): Object 'Object Repository/Login Title Text' is present

2023-08-31 09:14:55 - [MESSAGE][WARNING] - Timeout '0' is invalid. Using default page load timeout: '30'

2023-08-31 09:14:56 - [MESSAGE][PASSED] - Object 'Object Repository/Login Title Text' is present

2023-08-31 09:14:56 - [TEST_STEP][PASSED] - setText(findTestObject("Login Input Username"), username): Text 'locked_out_user' is set on object 'Object Repository/Login Input Username'

2023-08-31 09:14:56 - [MESSAGE][PASSED] - Text 'locked_out_user' is set on object 'Object Repository/Login Input Username'

2023-08-31 09:14:56 - [TEST_STEP][PASSED] - setEncryptedText(findTestObject("Login Input Password"), password): Text ****** has been set on object 'Object Repository/Login Input Password'

2023-08-31 09:14:57 - [MESSAGE][PASSED] - Text ****** has been set on object 'Object Repository/Login Input Password'

2023-08-31 09:14:57 - [TEST_STEP][PASSED] - click(findTestObject("Login Button")): Object: 'Object Repository/Login Button' is clicked on

2023-08-31 09:14:57 - [MESSAGE][PASSED] - Object: 'Object Repository/Login Button' is clicked on

2023-08-31 09:14:57 - [TEST_STEP][PASSED] - verifyElementText(findTestObject("Login Error Message"), "Epic sadface: Sorry, this user has been locked out."): Actual text and expected text of test object 'Object Repository/Login Error Message' are matched.

2023-08-31 09:14:58 - [MESSAGE][PASSED] - Actual text and expected text of test object 'Object Repository/Login Error Message' are matched.]]></system-out>
         <system-err><![CDATA[]]></system-err>
      </testcase>
      <testcase name="Test Cases/Login/TC-Login-Success-001" time="7.343" classname="Test Cases/Login/TC-Login-Success-001" status="PASSED">
         <system-out><![CDATA[2023-08-31 09:14:58 - [TEST_CASE][PASSED] - Test Cases/Login/TC-Login-Success-001: Test Cases/Login/TC-Login-Success-001

2023-08-31 09:14:58 - [TEST_STEP][PASSED] - openBrowser(WEB_URL): Browser is opened with url: 'https://www.saucedemo.com/'

2023-08-31 09:14:58 - [MESSAGE][WARNING] - A browser is already opened. Closing browser and opening a new one

2023-08-31 09:14:59 - [MESSAGE][INFO] - Starting 'Edge Chromium' driver

2023-08-31 09:15:01 - [MESSAGE][INFO] - Action delay is set to 0 milliseconds

2023-08-31 09:15:03 - [MESSAGE][PASSED] - Browser is opened with url: 'https://www.saucedemo.com/'

2023-08-31 09:15:03 - [TEST_STEP][PASSED] - verifyElementPresent(findTestObject("Login Title Text"), 10): Object 'Object Repository/Login Title Text' is present

2023-08-31 09:15:03 - [MESSAGE][PASSED] - Object 'Object Repository/Login Title Text' is present

2023-08-31 09:15:03 - [TEST_STEP][PASSED] - setText(findTestObject("Login Input Username"), username): Text 'standard_user' is set on object 'Object Repository/Login Input Username'

2023-08-31 09:15:04 - [MESSAGE][PASSED] - Text 'standard_user' is set on object 'Object Repository/Login Input Username'

2023-08-31 09:15:04 - [TEST_STEP][PASSED] - setEncryptedText(findTestObject("Login Input Password"), password): Text ****** has been set on object 'Object Repository/Login Input Password'

2023-08-31 09:15:04 - [MESSAGE][PASSED] - Text ****** has been set on object 'Object Repository/Login Input Password'

2023-08-31 09:15:04 - [TEST_STEP][PASSED] - click(findTestObject("Login Button")): Object: 'Object Repository/Login Button' is clicked on

2023-08-31 09:15:05 - [MESSAGE][PASSED] - Object: 'Object Repository/Login Button' is clicked on

2023-08-31 09:15:05 - [TEST_STEP][PASSED] - verifyElementPresent(findTestObject("Product Title Text"), 10): Object 'Object Repository/Product Title Text' is present

2023-08-31 09:15:05 - [MESSAGE][PASSED] - Object 'Object Repository/Product Title Text' is present]]></system-out>
         <system-err><![CDATA[]]></system-err>
      </testcase>
      <testcase name="Test Cases/Products/TC-Product-AddCart-001" time="10.343" classname="Test Cases/Products/TC-Product-AddCart-001" status="PASSED">
         <system-out><![CDATA[2023-08-31 09:15:05 - [TEST_CASE][PASSED] - Test Cases/Products/TC-Product-AddCart-001: Test Cases/Products/TC-Product-AddCart-001

2023-08-31 09:15:05 - [TEST_STEP][PASSED] - callTestCase(findTestCase("Products/TC-Product-Show-001"), [:], STOP_ON_FAILURE): Call Test Case 'Test Cases/Products/TC-Product-Show-001' successfully

2023-08-31 09:15:05 - [TEST_CASE][PASSED] - Test Cases/Products/TC-Product-Show-001: Test Cases/Products/TC-Product-Show-001

2023-08-31 09:15:06 - [TEST_STEP][PASSED] - callTestCase(findTestCase("Login/TC-Login-Success-001"), ["username":"standard_user", "password":"qcu24s4901FyWDTwXGr6XA=="], STOP_ON_FAILURE): Call Test Case 'Test Cases/Login/TC-Login-Success-001' successfully

2023-08-31 09:15:06 - [TEST_CASE][PASSED] - Test Cases/Login/TC-Login-Success-001: Test Cases/Login/TC-Login-Success-001

2023-08-31 09:15:06 - [TEST_STEP][PASSED] - openBrowser(WEB_URL): Browser is opened with url: 'https://www.saucedemo.com/'

2023-08-31 09:15:06 - [MESSAGE][WARNING] - A browser is already opened. Closing browser and opening a new one

2023-08-31 09:15:06 - [MESSAGE][INFO] - Starting 'Edge Chromium' driver

2023-08-31 09:15:09 - [MESSAGE][INFO] - Action delay is set to 0 milliseconds

2023-08-31 09:15:10 - [MESSAGE][PASSED] - Browser is opened with url: 'https://www.saucedemo.com/'

2023-08-31 09:15:10 - [TEST_STEP][PASSED] - verifyElementPresent(findTestObject("Login Title Text"), 10): Object 'Object Repository/Login Title Text' is present

2023-08-31 09:15:11 - [MESSAGE][PASSED] - Object 'Object Repository/Login Title Text' is present

2023-08-31 09:15:11 - [TEST_STEP][PASSED] - setText(findTestObject("Login Input Username"), username): Text 'standard_user' is set on object 'Object Repository/Login Input Username'

2023-08-31 09:15:12 - [MESSAGE][PASSED] - Text 'standard_user' is set on object 'Object Repository/Login Input Username'

2023-08-31 09:15:12 - [TEST_STEP][PASSED] - setEncryptedText(findTestObject("Login Input Password"), password): Text ****** has been set on object 'Object Repository/Login Input Password'

2023-08-31 09:15:12 - [MESSAGE][PASSED] - Text ****** has been set on object 'Object Repository/Login Input Password'

2023-08-31 09:15:12 - [TEST_STEP][PASSED] - click(findTestObject("Login Button")): Object: 'Object Repository/Login Button' is clicked on

2023-08-31 09:15:12 - [MESSAGE][PASSED] - Object: 'Object Repository/Login Button' is clicked on

2023-08-31 09:15:12 - [TEST_STEP][PASSED] - verifyElementPresent(findTestObject("Product Title Text"), 10): Object 'Object Repository/Product Title Text' is present

2023-08-31 09:15:13 - [MESSAGE][PASSED] - Object 'Object Repository/Product Title Text' is present

2023-08-31 09:15:13 - [MESSAGE][PASSED] - Call Test Case 'Test Cases/Login/TC-Login-Success-001' successfully

2023-08-31 09:15:13 - [TEST_STEP][PASSED] - verifyElementPresent(findTestObject("Product Title Text"), 10): Object 'Object Repository/Product Title Text' is present

2023-08-31 09:15:13 - [MESSAGE][PASSED] - Object 'Object Repository/Product Title Text' is present

2023-08-31 09:15:13 - [MESSAGE][PASSED] - Call Test Case 'Test Cases/Products/TC-Product-Show-001' successfully

2023-08-31 09:15:13 - [TEST_STEP][PASSED] - click(findTestObject("Product Button ATC Product 1")): Object: 'Object Repository/Product Button ATC Product 1' is clicked on

2023-08-31 09:15:14 - [MESSAGE][PASSED] - Object: 'Object Repository/Product Button ATC Product 1' is clicked on

2023-08-31 09:15:14 - [TEST_STEP][PASSED] - verifyElementText(findTestObject("Product Button Remove Product 1"), "Remove"): Actual text and expected text of test object 'Object Repository/Product Button Remove Product 1' are matched.

2023-08-31 09:15:14 - [MESSAGE][PASSED] - Actual text and expected text of test object 'Object Repository/Product Button Remove Product 1' are matched.

2023-08-31 09:15:14 - [TEST_STEP][PASSED] - verifyElementText(findTestObject("Product Label Icon Cart"), "1"): Actual text and expected text of test object 'Object Repository/Product Label Icon Cart' are matched.

2023-08-31 09:15:14 - [MESSAGE][PASSED] - Actual text and expected text of test object 'Object Repository/Product Label Icon Cart' are matched.

2023-08-31 09:15:14 - [TEST_STEP][PASSED] - name = getText(findTestObject("Product Text Name Product 1")): Text of object 'Object Repository/Product Text Name Product 1' is: 'Sauce Labs Backpack'

2023-08-31 09:15:15 - [MESSAGE][PASSED] - Text of object 'Object Repository/Product Text Name Product 1' is: 'Sauce Labs Backpack'

2023-08-31 09:15:15 - [TEST_STEP][PASSED] - desc = getText(findTestObject("Product Text Desc Product 1")): Text of object 'Object Repository/Product Text Desc Product 1' is: 'carry.allTheThings() with the sleek, streamlined Sly Pack that melds uncompromising style with unequaled laptop and tablet protection.'

2023-08-31 09:15:15 - [MESSAGE][PASSED] - Text of object 'Object Repository/Product Text Desc Product 1' is: 'carry.allTheThings() with the sleek, streamlined Sly Pack that melds uncompromising style with unequaled laptop and tablet protection.'

2023-08-31 09:15:15 - [TEST_STEP][PASSED] - prize = getText(findTestObject("Product Text Price Product 1")): Text of object 'Object Repository/Product Text Price Product 1' is: '$29.99'

2023-08-31 09:15:15 - [MESSAGE][PASSED] - Text of object 'Object Repository/Product Text Price Product 1' is: '$29.99'

2023-08-31 09:15:15 - [TEST_STEP][PASSED] - data = new java.util.HashMap(): null

2023-08-31 09:15:15 - [TEST_STEP][PASSED] - data.put("product_name", name): null

2023-08-31 09:15:15 - [TEST_STEP][PASSED] - data.put("product_desc", desc): null

2023-08-31 09:15:15 - [TEST_STEP][PASSED] - data.put("product_price", prize): null

2023-08-31 09:15:15 - [TEST_STEP][PASSED] - return data: null]]></system-out>
         <system-err><![CDATA[]]></system-err>
      </testcase>
      <testcase name="Test Cases/Products/TC-Product-AddCart-002" time="11.255" classname="Test Cases/Products/TC-Product-AddCart-002" status="PASSED">
         <system-out><![CDATA[2023-08-31 09:15:15 - [TEST_CASE][PASSED] - Test Cases/Products/TC-Product-AddCart-002: Test Cases/Products/TC-Product-AddCart-002

2023-08-31 09:15:16 - [TEST_STEP][PASSED] - data = callTestCase(findTestCase("Products/TC-Product-AddCart-001"), [:], STOP_ON_FAILURE): Call Test Case 'Test Cases/Products/TC-Product-AddCart-001' successfully

2023-08-31 09:15:16 - [TEST_CASE][PASSED] - Test Cases/Products/TC-Product-AddCart-001: Test Cases/Products/TC-Product-AddCart-001

2023-08-31 09:15:16 - [TEST_STEP][PASSED] - callTestCase(findTestCase("Products/TC-Product-Show-001"), [:], STOP_ON_FAILURE): Call Test Case 'Test Cases/Products/TC-Product-Show-001' successfully

2023-08-31 09:15:16 - [TEST_CASE][PASSED] - Test Cases/Products/TC-Product-Show-001: Test Cases/Products/TC-Product-Show-001

2023-08-31 09:15:16 - [TEST_STEP][PASSED] - callTestCase(findTestCase("Login/TC-Login-Success-001"), ["username":"standard_user", "password":"qcu24s4901FyWDTwXGr6XA=="], STOP_ON_FAILURE): Call Test Case 'Test Cases/Login/TC-Login-Success-001' successfully

2023-08-31 09:15:16 - [TEST_CASE][PASSED] - Test Cases/Login/TC-Login-Success-001: Test Cases/Login/TC-Login-Success-001

2023-08-31 09:15:16 - [TEST_STEP][PASSED] - openBrowser(WEB_URL): Browser is opened with url: 'https://www.saucedemo.com/'

2023-08-31 09:15:16 - [MESSAGE][WARNING] - A browser is already opened. Closing browser and opening a new one

2023-08-31 09:15:17 - [MESSAGE][INFO] - Starting 'Edge Chromium' driver

2023-08-31 09:15:19 - [MESSAGE][INFO] - Action delay is set to 0 milliseconds

2023-08-31 09:15:20 - [MESSAGE][PASSED] - Browser is opened with url: 'https://www.saucedemo.com/'

2023-08-31 09:15:20 - [TEST_STEP][PASSED] - verifyElementPresent(findTestObject("Login Title Text"), 10): Object 'Object Repository/Login Title Text' is present

2023-08-31 09:15:20 - [MESSAGE][PASSED] - Object 'Object Repository/Login Title Text' is present

2023-08-31 09:15:20 - [TEST_STEP][PASSED] - setText(findTestObject("Login Input Username"), username): Text 'standard_user' is set on object 'Object Repository/Login Input Username'

2023-08-31 09:15:21 - [MESSAGE][PASSED] - Text 'standard_user' is set on object 'Object Repository/Login Input Username'

2023-08-31 09:15:21 - [TEST_STEP][PASSED] - setEncryptedText(findTestObject("Login Input Password"), password): Text ****** has been set on object 'Object Repository/Login Input Password'

2023-08-31 09:15:21 - [MESSAGE][PASSED] - Text ****** has been set on object 'Object Repository/Login Input Password'

2023-08-31 09:15:21 - [TEST_STEP][PASSED] - click(findTestObject("Login Button")): Object: 'Object Repository/Login Button' is clicked on

2023-08-31 09:15:22 - [MESSAGE][PASSED] - Object: 'Object Repository/Login Button' is clicked on

2023-08-31 09:15:22 - [TEST_STEP][PASSED] - verifyElementPresent(findTestObject("Product Title Text"), 10): Object 'Object Repository/Product Title Text' is present

2023-08-31 09:15:22 - [MESSAGE][PASSED] - Object 'Object Repository/Product Title Text' is present

2023-08-31 09:15:22 - [MESSAGE][PASSED] - Call Test Case 'Test Cases/Login/TC-Login-Success-001' successfully

2023-08-31 09:15:22 - [TEST_STEP][PASSED] - verifyElementPresent(findTestObject("Product Title Text"), 10): Object 'Object Repository/Product Title Text' is present

2023-08-31 09:15:22 - [MESSAGE][PASSED] - Object 'Object Repository/Product Title Text' is present

2023-08-31 09:15:22 - [MESSAGE][PASSED] - Call Test Case 'Test Cases/Products/TC-Product-Show-001' successfully

2023-08-31 09:15:22 - [TEST_STEP][PASSED] - click(findTestObject("Product Button ATC Product 1")): Object: 'Object Repository/Product Button ATC Product 1' is clicked on

2023-08-31 09:15:23 - [MESSAGE][PASSED] - Object: 'Object Repository/Product Button ATC Product 1' is clicked on

2023-08-31 09:15:23 - [TEST_STEP][PASSED] - verifyElementText(findTestObject("Product Button Remove Product 1"), "Remove"): Actual text and expected text of test object 'Object Repository/Product Button Remove Product 1' are matched.

2023-08-31 09:15:23 - [MESSAGE][PASSED] - Actual text and expected text of test object 'Object Repository/Product Button Remove Product 1' are matched.

2023-08-31 09:15:23 - [TEST_STEP][PASSED] - verifyElementText(findTestObject("Product Label Icon Cart"), "1"): Actual text and expected text of test object 'Object Repository/Product Label Icon Cart' are matched.

2023-08-31 09:15:24 - [MESSAGE][PASSED] - Actual text and expected text of test object 'Object Repository/Product Label Icon Cart' are matched.

2023-08-31 09:15:24 - [TEST_STEP][PASSED] - name = getText(findTestObject("Product Text Name Product 1")): Text of object 'Object Repository/Product Text Name Product 1' is: 'Sauce Labs Backpack'

2023-08-31 09:15:24 - [MESSAGE][PASSED] - Text of object 'Object Repository/Product Text Name Product 1' is: 'Sauce Labs Backpack'

2023-08-31 09:15:24 - [TEST_STEP][PASSED] - desc = getText(findTestObject("Product Text Desc Product 1")): Text of object 'Object Repository/Product Text Desc Product 1' is: 'carry.allTheThings() with the sleek, streamlined Sly Pack that melds uncompromising style with unequaled laptop and tablet protection.'

2023-08-31 09:15:24 - [MESSAGE][PASSED] - Text of object 'Object Repository/Product Text Desc Product 1' is: 'carry.allTheThings() with the sleek, streamlined Sly Pack that melds uncompromising style with unequaled laptop and tablet protection.'

2023-08-31 09:15:24 - [TEST_STEP][PASSED] - prize = getText(findTestObject("Product Text Price Product 1")): Text of object 'Object Repository/Product Text Price Product 1' is: '$29.99'

2023-08-31 09:15:25 - [MESSAGE][PASSED] - Text of object 'Object Repository/Product Text Price Product 1' is: '$29.99'

2023-08-31 09:15:25 - [TEST_STEP][PASSED] - data = new java.util.HashMap(): null

2023-08-31 09:15:25 - [TEST_STEP][PASSED] - data.put("product_name", name): null

2023-08-31 09:15:25 - [TEST_STEP][PASSED] - data.put("product_desc", desc): null

2023-08-31 09:15:25 - [TEST_STEP][PASSED] - data.put("product_price", prize): null

2023-08-31 09:15:25 - [TEST_STEP][PASSED] - return data: null

2023-08-31 09:15:25 - [MESSAGE][PASSED] - Call Test Case 'Test Cases/Products/TC-Product-AddCart-001' successfully

2023-08-31 09:15:25 - [TEST_STEP][PASSED] - click(findTestObject("Product Button ATC Product 2")): Object: 'Object Repository/Product Button ATC Product 2' is clicked on

2023-08-31 09:15:25 - [MESSAGE][PASSED] - Object: 'Object Repository/Product Button ATC Product 2' is clicked on

2023-08-31 09:15:25 - [TEST_STEP][PASSED] - verifyElementText(findTestObject("Product Button Remove Product 2"), "Remove"): Actual text and expected text of test object 'Object Repository/Product Button Remove Product 2' are matched.

2023-08-31 09:15:25 - [MESSAGE][PASSED] - Actual text and expected text of test object 'Object Repository/Product Button Remove Product 2' are matched.

2023-08-31 09:15:25 - [TEST_STEP][PASSED] - verifyElementText(findTestObject("Product Label Icon Cart"), "2"): Actual text and expected text of test object 'Object Repository/Product Label Icon Cart' are matched.

2023-08-31 09:15:26 - [MESSAGE][PASSED] - Actual text and expected text of test object 'Object Repository/Product Label Icon Cart' are matched.

2023-08-31 09:15:26 - [TEST_STEP][PASSED] - name = getText(findTestObject("Product Text Name Product 2")): Text of object 'Object Repository/Product Text Name Product 2' is: 'Sauce Labs Bike Light'

2023-08-31 09:15:26 - [MESSAGE][PASSED] - Text of object 'Object Repository/Product Text Name Product 2' is: 'Sauce Labs Bike Light'

2023-08-31 09:15:26 - [TEST_STEP][PASSED] - desc = getText(findTestObject("Product Text Desc Product 2")): Text of object 'Object Repository/Product Text Desc Product 2' is: 'A red light isn't the desired state in testing but it sure helps when riding your bike at night. Water-resistant with 3 lighting modes, 1 AAA battery included.'

2023-08-31 09:15:26 - [MESSAGE][PASSED] - Text of object 'Object Repository/Product Text Desc Product 2' is: 'A red light isn't the desired state in testing but it sure helps when riding your bike at night. Water-resistant with 3 lighting modes, 1 AAA battery included.'

2023-08-31 09:15:26 - [TEST_STEP][PASSED] - price = getText(findTestObject("Product Text Price Product 2")): Text of object 'Object Repository/Product Text Price Product 2' is: '$9.99'

2023-08-31 09:15:27 - [MESSAGE][PASSED] - Text of object 'Object Repository/Product Text Price Product 2' is: '$9.99'

2023-08-31 09:15:27 - [TEST_STEP][PASSED] - nameProductList = new java.util.ArrayList(): null

2023-08-31 09:15:27 - [TEST_STEP][PASSED] - nameProductList.add(data.get("product_name")): null

2023-08-31 09:15:27 - [TEST_STEP][PASSED] - nameProductList.add(name): null

2023-08-31 09:15:27 - [TEST_STEP][PASSED] - println(nameProductList.get(0)): null

2023-08-31 09:15:27 - [TEST_STEP][PASSED] - descProductList = new java.util.ArrayList(): null

2023-08-31 09:15:27 - [TEST_STEP][PASSED] - descProductList.add(data.get("product_desc")): null

2023-08-31 09:15:27 - [TEST_STEP][PASSED] - descProductList.add(desc): null

2023-08-31 09:15:27 - [TEST_STEP][PASSED] - priceProductList = new java.util.ArrayList(): null

2023-08-31 09:15:27 - [TEST_STEP][PASSED] - priceProductList.add(data.get("product_price")): null

2023-08-31 09:15:27 - [TEST_STEP][PASSED] - priceProductList.add(price): null

2023-08-31 09:15:27 - [TEST_STEP][PASSED] - data.put("product_name_list", nameProductList): null

2023-08-31 09:15:27 - [TEST_STEP][PASSED] - data.put("product_desc_list", descProductList): null

2023-08-31 09:15:27 - [TEST_STEP][PASSED] - data.put("product_price_list", priceProductList): null

2023-08-31 09:15:27 - [TEST_STEP][PASSED] - return data: null]]></system-out>
         <system-err><![CDATA[]]></system-err>
      </testcase>
      <testcase name="Test Cases/Products/TC-Product-RemoveCart-001" time="22.6" classname="Test Cases/Products/TC-Product-RemoveCart-001" status="FAILED">
         <failure type="FAILED" message="Test Cases/Products/TC-Product-RemoveCart-001 FAILED.
Reason:
com.kms.katalon.core.exception.StepFailedException: Unable to verify object 'Object Repository/Product Label Icon Cart' is present
	at com.kms.katalon.core.webui.keyword.internal.WebUIKeywordMain.stepFailed(WebUIKeywordMain.groovy:64)
	at com.kms.katalon.core.webui.keyword.internal.WebUIKeywordMain.runKeyword(WebUIKeywordMain.groovy:26)
	at com.kms.katalon.core.webui.keyword.builtin.VerifyElementPresentKeyword.verifyElementPresent(VerifyElementPresentKeyword.groovy:92)
	at com.kms.katalon.core.webui.keyword.builtin.VerifyElementPresentKeyword.execute(VerifyElementPresentKeyword.groovy:68)
	at com.kms.katalon.core.keyword.internal.KeywordExecutor.executeKeywordForPlatform(KeywordExecutor.groovy:74)
	at com.kms.katalon.core.webui.keyword.WebUiBuiltInKeywords.verifyElementPresent(WebUiBuiltInKeywords.groovy:1464)
	at com.kms.katalon.core.webui.keyword.WebUiBuiltInKeywords$verifyElementPresent$0.call(Unknown Source)
	at TC-Product-RemoveCart-001.run(TC-Product-RemoveCart-001:26)
	at com.kms.katalon.core.main.ScriptEngine.run(ScriptEngine.java:194)
	at com.kms.katalon.core.main.ScriptEngine.runScriptAsRawText(ScriptEngine.java:119)
	at com.kms.katalon.core.main.TestCaseExecutor.runScript(TestCaseExecutor.java:448)
	at com.kms.katalon.core.main.TestCaseExecutor.doExecute(TestCaseExecutor.java:439)
	at com.kms.katalon.core.main.TestCaseExecutor.processExecutionPhase(TestCaseExecutor.java:418)
	at com.kms.katalon.core.main.TestCaseExecutor.accessMainPhase(TestCaseExecutor.java:410)
	at com.kms.katalon.core.main.TestCaseExecutor.execute(TestCaseExecutor.java:285)
	at com.kms.katalon.core.common.CommonExecutor.accessTestCaseMainPhase(CommonExecutor.java:65)
	at com.kms.katalon.core.main.TestSuiteExecutor.accessTestSuiteMainPhase(TestSuiteExecutor.java:148)
	at com.kms.katalon.core.main.TestSuiteExecutor.execute(TestSuiteExecutor.java:106)
	at com.kms.katalon.core.main.TestCaseMain.startTestSuite(TestCaseMain.java:187)
	at com.kms.katalon.core.main.TestCaseMain$startTestSuite$0.call(Unknown Source)
	at TempTestSuite1693448057270.run(TempTestSuite1693448057270.groovy:36)
Caused by: com.kms.katalon.core.exception.StepFailedException: com.kms.katalon.core.webui.exception.WebElementNotFoundException: Web element with id: 'Object Repository/Product Label Icon Cart' located by '//div[@id='shopping_cart_container']/a/span' not found
	at com.kms.katalon.core.webui.keyword.internal.WebUIKeywordMain.stepFailed(WebUIKeywordMain.groovy:64)
	at com.kms.katalon.core.webui.keyword.builtin.VerifyElementPresentKeyword$_verifyElementPresent_closure1.doCall(VerifyElementPresentKeyword.groovy:85)
	at com.kms.katalon.core.webui.keyword.builtin.VerifyElementPresentKeyword$_verifyElementPresent_closure1.call(VerifyElementPresentKeyword.groovy)
	at com.kms.katalon.core.webui.keyword.internal.WebUIKeywordMain.runKeyword(WebUIKeywordMain.groovy:20)
	... 19 more
"/>
         <system-out><![CDATA[2023-08-31 09:15:27 - [TEST_CASE][FAILED] - Test Cases/Products/TC-Product-RemoveCart-001: Test Cases/Products/TC-Product-RemoveCart-001 FAILED.
Reason:
com.kms.katalon.core.exception.StepFailedException: Unable to verify object 'Object Repository/Product Label Icon Cart' is present
	at com.kms.katalon.core.webui.keyword.internal.WebUIKeywordMain.stepFailed(WebUIKeywordMain.groovy:64)
	at com.kms.katalon.core.webui.keyword.internal.WebUIKeywordMain.runKeyword(WebUIKeywordMain.groovy:26)
	at com.kms.katalon.core.webui.keyword.builtin.VerifyElementPresentKeyword.verifyElementPresent(VerifyElementPresentKeyword.groovy:92)
	at com.kms.katalon.core.webui.keyword.builtin.VerifyElementPresentKeyword.execute(VerifyElementPresentKeyword.groovy:68)
	at com.kms.katalon.core.keyword.internal.KeywordExecutor.executeKeywordForPlatform(KeywordExecutor.groovy:74)
	at com.kms.katalon.core.webui.keyword.WebUiBuiltInKeywords.verifyElementPresent(WebUiBuiltInKeywords.groovy:1464)
	at com.kms.katalon.core.webui.keyword.WebUiBuiltInKeywords$verifyElementPresent$0.call(Unknown Source)
	at TC-Product-RemoveCart-001.run(TC-Product-RemoveCart-001:26)
	at com.kms.katalon.core.main.ScriptEngine.run(ScriptEngine.java:194)
	at com.kms.katalon.core.main.ScriptEngine.runScriptAsRawText(ScriptEngine.java:119)
	at com.kms.katalon.core.main.TestCaseExecutor.runScript(TestCaseExecutor.java:448)
	at com.kms.katalon.core.main.TestCaseExecutor.doExecute(TestCaseExecutor.java:439)
	at com.kms.katalon.core.main.TestCaseExecutor.processExecutionPhase(TestCaseExecutor.java:418)
	at com.kms.katalon.core.main.TestCaseExecutor.accessMainPhase(TestCaseExecutor.java:410)
	at com.kms.katalon.core.main.TestCaseExecutor.execute(TestCaseExecutor.java:285)
	at com.kms.katalon.core.common.CommonExecutor.accessTestCaseMainPhase(CommonExecutor.java:65)
	at com.kms.katalon.core.main.TestSuiteExecutor.accessTestSuiteMainPhase(TestSuiteExecutor.java:148)
	at com.kms.katalon.core.main.TestSuiteExecutor.execute(TestSuiteExecutor.java:106)
	at com.kms.katalon.core.main.TestCaseMain.startTestSuite(TestCaseMain.java:187)
	at com.kms.katalon.core.main.TestCaseMain$startTestSuite$0.call(Unknown Source)
	at TempTestSuite1693448057270.run(TempTestSuite1693448057270.groovy:36)
Caused by: com.kms.katalon.core.exception.StepFailedException: com.kms.katalon.core.webui.exception.WebElementNotFoundException: Web element with id: 'Object Repository/Product Label Icon Cart' located by '//div[@id='shopping_cart_container']/a/span' not found
	at com.kms.katalon.core.webui.keyword.internal.WebUIKeywordMain.stepFailed(WebUIKeywordMain.groovy:64)
	at com.kms.katalon.core.webui.keyword.builtin.VerifyElementPresentKeyword$_verifyElementPresent_closure1.doCall(VerifyElementPresentKeyword.groovy:85)
	at com.kms.katalon.core.webui.keyword.builtin.VerifyElementPresentKeyword$_verifyElementPresent_closure1.call(VerifyElementPresentKeyword.groovy)
	at com.kms.katalon.core.webui.keyword.internal.WebUIKeywordMain.runKeyword(WebUIKeywordMain.groovy:20)
	... 19 more


2023-08-31 09:15:27 - [TEST_STEP][PASSED] - callTestCase(findTestCase("Products/TC-Product-AddCart-001"), [:], STOP_ON_FAILURE): Call Test Case 'Test Cases/Products/TC-Product-AddCart-001' successfully

2023-08-31 09:15:27 - [TEST_CASE][PASSED] - Test Cases/Products/TC-Product-AddCart-001: Test Cases/Products/TC-Product-AddCart-001

2023-08-31 09:15:27 - [TEST_STEP][PASSED] - callTestCase(findTestCase("Products/TC-Product-Show-001"), [:], STOP_ON_FAILURE): Call Test Case 'Test Cases/Products/TC-Product-Show-001' successfully

2023-08-31 09:15:27 - [TEST_CASE][PASSED] - Test Cases/Products/TC-Product-Show-001: Test Cases/Products/TC-Product-Show-001

2023-08-31 09:15:27 - [TEST_STEP][PASSED] - callTestCase(findTestCase("Login/TC-Login-Success-001"), ["username":"standard_user", "password":"qcu24s4901FyWDTwXGr6XA=="], STOP_ON_FAILURE): Call Test Case 'Test Cases/Login/TC-Login-Success-001' successfully

2023-08-31 09:15:27 - [TEST_CASE][PASSED] - Test Cases/Login/TC-Login-Success-001: Test Cases/Login/TC-Login-Success-001

2023-08-31 09:15:27 - [TEST_STEP][PASSED] - openBrowser(WEB_URL): Browser is opened with url: 'https://www.saucedemo.com/'

2023-08-31 09:15:27 - [MESSAGE][WARNING] - A browser is already opened. Closing browser and opening a new one

2023-08-31 09:15:28 - [MESSAGE][INFO] - Starting 'Edge Chromium' driver

2023-08-31 09:15:30 - [MESSAGE][INFO] - Action delay is set to 0 milliseconds

2023-08-31 09:15:32 - [MESSAGE][PASSED] - Browser is opened with url: 'https://www.saucedemo.com/'

2023-08-31 09:15:32 - [TEST_STEP][PASSED] - verifyElementPresent(findTestObject("Login Title Text"), 10): Object 'Object Repository/Login Title Text' is present

2023-08-31 09:15:32 - [MESSAGE][PASSED] - Object 'Object Repository/Login Title Text' is present

2023-08-31 09:15:32 - [TEST_STEP][PASSED] - setText(findTestObject("Login Input Username"), username): Text 'standard_user' is set on object 'Object Repository/Login Input Username'

2023-08-31 09:15:33 - [MESSAGE][PASSED] - Text 'standard_user' is set on object 'Object Repository/Login Input Username'

2023-08-31 09:15:33 - [TEST_STEP][PASSED] - setEncryptedText(findTestObject("Login Input Password"), password): Text ****** has been set on object 'Object Repository/Login Input Password'

2023-08-31 09:15:34 - [MESSAGE][PASSED] - Text ****** has been set on object 'Object Repository/Login Input Password'

2023-08-31 09:15:34 - [TEST_STEP][PASSED] - click(findTestObject("Login Button")): Object: 'Object Repository/Login Button' is clicked on

2023-08-31 09:15:34 - [MESSAGE][PASSED] - Object: 'Object Repository/Login Button' is clicked on

2023-08-31 09:15:34 - [TEST_STEP][PASSED] - verifyElementPresent(findTestObject("Product Title Text"), 10): Object 'Object Repository/Product Title Text' is present

2023-08-31 09:15:34 - [MESSAGE][PASSED] - Object 'Object Repository/Product Title Text' is present

2023-08-31 09:15:34 - [MESSAGE][PASSED] - Call Test Case 'Test Cases/Login/TC-Login-Success-001' successfully

2023-08-31 09:15:34 - [TEST_STEP][PASSED] - verifyElementPresent(findTestObject("Product Title Text"), 10): Object 'Object Repository/Product Title Text' is present

2023-08-31 09:15:35 - [MESSAGE][PASSED] - Object 'Object Repository/Product Title Text' is present

2023-08-31 09:15:35 - [MESSAGE][PASSED] - Call Test Case 'Test Cases/Products/TC-Product-Show-001' successfully

2023-08-31 09:15:35 - [TEST_STEP][PASSED] - click(findTestObject("Product Button ATC Product 1")): Object: 'Object Repository/Product Button ATC Product 1' is clicked on

2023-08-31 09:15:35 - [MESSAGE][PASSED] - Object: 'Object Repository/Product Button ATC Product 1' is clicked on

2023-08-31 09:15:35 - [TEST_STEP][PASSED] - verifyElementText(findTestObject("Product Button Remove Product 1"), "Remove"): Actual text and expected text of test object 'Object Repository/Product Button Remove Product 1' are matched.

2023-08-31 09:15:36 - [MESSAGE][PASSED] - Actual text and expected text of test object 'Object Repository/Product Button Remove Product 1' are matched.

2023-08-31 09:15:36 - [TEST_STEP][PASSED] - verifyElementText(findTestObject("Product Label Icon Cart"), "1"): Actual text and expected text of test object 'Object Repository/Product Label Icon Cart' are matched.

2023-08-31 09:15:36 - [MESSAGE][PASSED] - Actual text and expected text of test object 'Object Repository/Product Label Icon Cart' are matched.

2023-08-31 09:15:36 - [TEST_STEP][PASSED] - name = getText(findTestObject("Product Text Name Product 1")): Text of object 'Object Repository/Product Text Name Product 1' is: 'Sauce Labs Backpack'

2023-08-31 09:15:36 - [MESSAGE][PASSED] - Text of object 'Object Repository/Product Text Name Product 1' is: 'Sauce Labs Backpack'

2023-08-31 09:15:36 - [TEST_STEP][PASSED] - desc = getText(findTestObject("Product Text Desc Product 1")): Text of object 'Object Repository/Product Text Desc Product 1' is: 'carry.allTheThings() with the sleek, streamlined Sly Pack that melds uncompromising style with unequaled laptop and tablet protection.'

2023-08-31 09:15:37 - [MESSAGE][PASSED] - Text of object 'Object Repository/Product Text Desc Product 1' is: 'carry.allTheThings() with the sleek, streamlined Sly Pack that melds uncompromising style with unequaled laptop and tablet protection.'

2023-08-31 09:15:37 - [TEST_STEP][PASSED] - prize = getText(findTestObject("Product Text Price Product 1")): Text of object 'Object Repository/Product Text Price Product 1' is: '$29.99'

2023-08-31 09:15:37 - [MESSAGE][PASSED] - Text of object 'Object Repository/Product Text Price Product 1' is: '$29.99'

2023-08-31 09:15:37 - [TEST_STEP][PASSED] - data = new java.util.HashMap(): null

2023-08-31 09:15:37 - [TEST_STEP][PASSED] - data.put("product_name", name): null

2023-08-31 09:15:37 - [TEST_STEP][PASSED] - data.put("product_desc", desc): null

2023-08-31 09:15:37 - [TEST_STEP][PASSED] - data.put("product_price", prize): null

2023-08-31 09:15:37 - [TEST_STEP][PASSED] - return data: null

2023-08-31 09:15:37 - [MESSAGE][PASSED] - Call Test Case 'Test Cases/Products/TC-Product-AddCart-001' successfully

2023-08-31 09:15:37 - [TEST_STEP][PASSED] - click(findTestObject("Product Button Remove Product 1")): Object: 'Object Repository/Product Button Remove Product 1' is clicked on

2023-08-31 09:15:37 - [MESSAGE][PASSED] - Object: 'Object Repository/Product Button Remove Product 1' is clicked on

2023-08-31 09:15:37 - [TEST_STEP][PASSED] - verifyElementText(findTestObject("Product Button ATC Product 1"), "Add to cart"): Actual text and expected text of test object 'Object Repository/Product Button ATC Product 1' are matched.

2023-08-31 09:15:38 - [MESSAGE][PASSED] - Actual text and expected text of test object 'Object Repository/Product Button ATC Product 1' are matched.

2023-08-31 09:15:38 - [TEST_STEP][FAILED] - verifyElementPresent(findTestObject("Product Label Icon Cart"), 10): Unable to verify object 'Object Repository/Product Label Icon Cart' is present (Root cause: com.kms.katalon.core.exception.StepFailedException: Unable to verify object 'Object Repository/Product Label Icon Cart' is present
	at com.kms.katalon.core.webui.keyword.internal.WebUIKeywordMain.stepFailed(WebUIKeywordMain.groovy:64)
	at com.kms.katalon.core.webui.keyword.internal.WebUIKeywordMain.runKeyword(WebUIKeywordMain.groovy:26)
	at com.kms.katalon.core.webui.keyword.builtin.VerifyElementPresentKeyword.verifyElementPresent(VerifyElementPresentKeyword.groovy:92)
	at com.kms.katalon.core.webui.keyword.builtin.VerifyElementPresentKeyword.execute(VerifyElementPresentKeyword.groovy:68)
	at com.kms.katalon.core.keyword.internal.KeywordExecutor.executeKeywordForPlatform(KeywordExecutor.groovy:74)
	at com.kms.katalon.core.webui.keyword.WebUiBuiltInKeywords.verifyElementPresent(WebUiBuiltInKeywords.groovy:1464)
	at com.kms.katalon.core.webui.keyword.WebUiBuiltInKeywords$verifyElementPresent$0.call(Unknown Source)
	at TC-Product-RemoveCart-001.run(TC-Product-RemoveCart-001:26)
	at com.kms.katalon.core.main.ScriptEngine.run(ScriptEngine.java:194)
	at com.kms.katalon.core.main.ScriptEngine.runScriptAsRawText(ScriptEngine.java:119)
	at com.kms.katalon.core.main.TestCaseExecutor.runScript(TestCaseExecutor.java:448)
	at com.kms.katalon.core.main.TestCaseExecutor.doExecute(TestCaseExecutor.java:439)
	at com.kms.katalon.core.main.TestCaseExecutor.processExecutionPhase(TestCaseExecutor.java:418)
	at com.kms.katalon.core.main.TestCaseExecutor.accessMainPhase(TestCaseExecutor.java:410)
	at com.kms.katalon.core.main.TestCaseExecutor.execute(TestCaseExecutor.java:285)
	at com.kms.katalon.core.common.CommonExecutor.accessTestCaseMainPhase(CommonExecutor.java:65)
	at com.kms.katalon.core.main.TestSuiteExecutor.accessTestSuiteMainPhase(TestSuiteExecutor.java:148)
	at com.kms.katalon.core.main.TestSuiteExecutor.execute(TestSuiteExecutor.java:106)
	at com.kms.katalon.core.main.TestCaseMain.startTestSuite(TestCaseMain.java:187)
	at com.kms.katalon.core.main.TestCaseMain$startTestSuite$0.call(Unknown Source)
	at TempTestSuite1693448057270.run(TempTestSuite1693448057270.groovy:36)
Caused by: com.kms.katalon.core.exception.StepFailedException: com.kms.katalon.core.webui.exception.WebElementNotFoundException: Web element with id: 'Object Repository/Product Label Icon Cart' located by '//div[@id='shopping_cart_container']/a/span' not found
	at com.kms.katalon.core.webui.keyword.internal.WebUIKeywordMain.stepFailed(WebUIKeywordMain.groovy:64)
	at com.kms.katalon.core.webui.keyword.builtin.VerifyElementPresentKeyword$_verifyElementPresent_closure1.doCall(VerifyElementPresentKeyword.groovy:85)
	at com.kms.katalon.core.webui.keyword.builtin.VerifyElementPresentKeyword$_verifyElementPresent_closure1.call(VerifyElementPresentKeyword.groovy)
	at com.kms.katalon.core.webui.keyword.internal.WebUIKeywordMain.runKeyword(WebUIKeywordMain.groovy:20)
	... 19 more
)

2023-08-31 09:15:49 - [MESSAGE][INFO] - Unable to find the element located by 'By.xpath: //div[@id='shopping_cart_container']/a/span'. Please recheck the objects properties to make sure the desired element is located. 

2023-08-31 09:15:49 - [MESSAGE][FAILED] - com.kms.katalon.core.webui.exception.WebElementNotFoundException: Web element with id: 'Object Repository/Product Label Icon Cart' located by '//div[@id='shopping_cart_container']/a/span' not found (Root cause: com.kms.katalon.core.exception.StepFailedException: com.kms.katalon.core.webui.exception.WebElementNotFoundException: Web element with id: 'Object Repository/Product Label Icon Cart' located by '//div[@id='shopping_cart_container']/a/span' not found
	at com.kms.katalon.core.webui.keyword.internal.WebUIKeywordMain.stepFailed(WebUIKeywordMain.groovy:64)
	at com.kms.katalon.core.webui.keyword.builtin.VerifyElementPresentKeyword$_verifyElementPresent_closure1.doCall(VerifyElementPresentKeyword.groovy:85)
	at com.kms.katalon.core.webui.keyword.builtin.VerifyElementPresentKeyword$_verifyElementPresent_closure1.call(VerifyElementPresentKeyword.groovy)
	at com.kms.katalon.core.webui.keyword.internal.WebUIKeywordMain.runKeyword(WebUIKeywordMain.groovy:20)
	at com.kms.katalon.core.webui.keyword.builtin.VerifyElementPresentKeyword.verifyElementPresent(VerifyElementPresentKeyword.groovy:92)
	at com.kms.katalon.core.webui.keyword.builtin.VerifyElementPresentKeyword.execute(VerifyElementPresentKeyword.groovy:68)
	at com.kms.katalon.core.keyword.internal.KeywordExecutor.executeKeywordForPlatform(KeywordExecutor.groovy:74)
	at com.kms.katalon.core.webui.keyword.WebUiBuiltInKeywords.verifyElementPresent(WebUiBuiltInKeywords.groovy:1464)
	at com.kms.katalon.core.webui.keyword.WebUiBuiltInKeywords$verifyElementPresent$0.call(Unknown Source)
	at TC-Product-RemoveCart-001.run(TC-Product-RemoveCart-001:26)
	at com.kms.katalon.core.main.ScriptEngine.run(ScriptEngine.java:194)
	at com.kms.katalon.core.main.ScriptEngine.runScriptAsRawText(ScriptEngine.java:119)
	at com.kms.katalon.core.main.TestCaseExecutor.runScript(TestCaseExecutor.java:448)
	at com.kms.katalon.core.main.TestCaseExecutor.doExecute(TestCaseExecutor.java:439)
	at com.kms.katalon.core.main.TestCaseExecutor.processExecutionPhase(TestCaseExecutor.java:418)
	at com.kms.katalon.core.main.TestCaseExecutor.accessMainPhase(TestCaseExecutor.java:410)
	at com.kms.katalon.core.main.TestCaseExecutor.execute(TestCaseExecutor.java:285)
	at com.kms.katalon.core.common.CommonExecutor.accessTestCaseMainPhase(CommonExecutor.java:65)
	at com.kms.katalon.core.main.TestSuiteExecutor.accessTestSuiteMainPhase(TestSuiteExecutor.java:148)
	at com.kms.katalon.core.main.TestSuiteExecutor.execute(TestSuiteExecutor.java:106)
	at com.kms.katalon.core.main.TestCaseMain.startTestSuite(TestCaseMain.java:187)
	at com.kms.katalon.core.main.TestCaseMain$startTestSuite$0.call(Unknown Source)
	at TempTestSuite1693448057270.run(TempTestSuite1693448057270.groovy:36)
)
[[ATTACHMENT|C:\\Users\\youha\\OneDrive\\Desktop\\Batch 324\\Workspace\\batch-324-qa\\Trainer\\Sauce Demo\\Reports\\20230831_091417\\Test Suite All TC\\20230831_091417\\1693448149588.png]]

2023-08-31 09:15:49 - [MESSAGE][FAILED] - Unable to verify object 'Object Repository/Product Label Icon Cart' is present (Root cause: com.kms.katalon.core.exception.StepFailedException: Unable to verify object 'Object Repository/Product Label Icon Cart' is present
	at com.kms.katalon.core.webui.keyword.internal.WebUIKeywordMain.stepFailed(WebUIKeywordMain.groovy:64)
	at com.kms.katalon.core.webui.keyword.internal.WebUIKeywordMain.runKeyword(WebUIKeywordMain.groovy:26)
	at com.kms.katalon.core.webui.keyword.builtin.VerifyElementPresentKeyword.verifyElementPresent(VerifyElementPresentKeyword.groovy:92)
	at com.kms.katalon.core.webui.keyword.builtin.VerifyElementPresentKeyword.execute(VerifyElementPresentKeyword.groovy:68)
	at com.kms.katalon.core.keyword.internal.KeywordExecutor.executeKeywordForPlatform(KeywordExecutor.groovy:74)
	at com.kms.katalon.core.webui.keyword.WebUiBuiltInKeywords.verifyElementPresent(WebUiBuiltInKeywords.groovy:1464)
	at com.kms.katalon.core.webui.keyword.WebUiBuiltInKeywords$verifyElementPresent$0.call(Unknown Source)
	at TC-Product-RemoveCart-001.run(TC-Product-RemoveCart-001:26)
	at com.kms.katalon.core.main.ScriptEngine.run(ScriptEngine.java:194)
	at com.kms.katalon.core.main.ScriptEngine.runScriptAsRawText(ScriptEngine.java:119)
	at com.kms.katalon.core.main.TestCaseExecutor.runScript(TestCaseExecutor.java:448)
	at com.kms.katalon.core.main.TestCaseExecutor.doExecute(TestCaseExecutor.java:439)
	at com.kms.katalon.core.main.TestCaseExecutor.processExecutionPhase(TestCaseExecutor.java:418)
	at com.kms.katalon.core.main.TestCaseExecutor.accessMainPhase(TestCaseExecutor.java:410)
	at com.kms.katalon.core.main.TestCaseExecutor.execute(TestCaseExecutor.java:285)
	at com.kms.katalon.core.common.CommonExecutor.accessTestCaseMainPhase(CommonExecutor.java:65)
	at com.kms.katalon.core.main.TestSuiteExecutor.accessTestSuiteMainPhase(TestSuiteExecutor.java:148)
	at com.kms.katalon.core.main.TestSuiteExecutor.execute(TestSuiteExecutor.java:106)
	at com.kms.katalon.core.main.TestCaseMain.startTestSuite(TestCaseMain.java:187)
	at com.kms.katalon.core.main.TestCaseMain$startTestSuite$0.call(Unknown Source)
	at TempTestSuite1693448057270.run(TempTestSuite1693448057270.groovy:36)
Caused by: com.kms.katalon.core.exception.StepFailedException: com.kms.katalon.core.webui.exception.WebElementNotFoundException: Web element with id: 'Object Repository/Product Label Icon Cart' located by '//div[@id='shopping_cart_container']/a/span' not found
	at com.kms.katalon.core.webui.keyword.internal.WebUIKeywordMain.stepFailed(WebUIKeywordMain.groovy:64)
	at com.kms.katalon.core.webui.keyword.builtin.VerifyElementPresentKeyword$_verifyElementPresent_closure1.doCall(VerifyElementPresentKeyword.groovy:85)
	at com.kms.katalon.core.webui.keyword.builtin.VerifyElementPresentKeyword$_verifyElementPresent_closure1.call(VerifyElementPresentKeyword.groovy)
	at com.kms.katalon.core.webui.keyword.internal.WebUIKeywordMain.runKeyword(WebUIKeywordMain.groovy:20)
	... 19 more
)
[[ATTACHMENT|C:\\Users\\youha\\OneDrive\\Desktop\\Batch 324\\Workspace\\batch-324-qa\\Trainer\\Sauce Demo\\Reports\\20230831_091417\\Test Suite All TC\\20230831_091417\\1693448149687.png]]]]></system-out>
         <system-err><![CDATA[2023-08-31 09:15:27 - [TEST_CASE][FAILED] - Test Cases/Products/TC-Product-RemoveCart-001: Test Cases/Products/TC-Product-RemoveCart-001 FAILED.
Reason:
com.kms.katalon.core.exception.StepFailedException: Unable to verify object 'Object Repository/Product Label Icon Cart' is present
	at com.kms.katalon.core.webui.keyword.internal.WebUIKeywordMain.stepFailed(WebUIKeywordMain.groovy:64)
	at com.kms.katalon.core.webui.keyword.internal.WebUIKeywordMain.runKeyword(WebUIKeywordMain.groovy:26)
	at com.kms.katalon.core.webui.keyword.builtin.VerifyElementPresentKeyword.verifyElementPresent(VerifyElementPresentKeyword.groovy:92)
	at com.kms.katalon.core.webui.keyword.builtin.VerifyElementPresentKeyword.execute(VerifyElementPresentKeyword.groovy:68)
	at com.kms.katalon.core.keyword.internal.KeywordExecutor.executeKeywordForPlatform(KeywordExecutor.groovy:74)
	at com.kms.katalon.core.webui.keyword.WebUiBuiltInKeywords.verifyElementPresent(WebUiBuiltInKeywords.groovy:1464)
	at com.kms.katalon.core.webui.keyword.WebUiBuiltInKeywords$verifyElementPresent$0.call(Unknown Source)
	at TC-Product-RemoveCart-001.run(TC-Product-RemoveCart-001:26)
	at com.kms.katalon.core.main.ScriptEngine.run(ScriptEngine.java:194)
	at com.kms.katalon.core.main.ScriptEngine.runScriptAsRawText(ScriptEngine.java:119)
	at com.kms.katalon.core.main.TestCaseExecutor.runScript(TestCaseExecutor.java:448)
	at com.kms.katalon.core.main.TestCaseExecutor.doExecute(TestCaseExecutor.java:439)
	at com.kms.katalon.core.main.TestCaseExecutor.processExecutionPhase(TestCaseExecutor.java:418)
	at com.kms.katalon.core.main.TestCaseExecutor.accessMainPhase(TestCaseExecutor.java:410)
	at com.kms.katalon.core.main.TestCaseExecutor.execute(TestCaseExecutor.java:285)
	at com.kms.katalon.core.common.CommonExecutor.accessTestCaseMainPhase(CommonExecutor.java:65)
	at com.kms.katalon.core.main.TestSuiteExecutor.accessTestSuiteMainPhase(TestSuiteExecutor.java:148)
	at com.kms.katalon.core.main.TestSuiteExecutor.execute(TestSuiteExecutor.java:106)
	at com.kms.katalon.core.main.TestCaseMain.startTestSuite(TestCaseMain.java:187)
	at com.kms.katalon.core.main.TestCaseMain$startTestSuite$0.call(Unknown Source)
	at TempTestSuite1693448057270.run(TempTestSuite1693448057270.groovy:36)
Caused by: com.kms.katalon.core.exception.StepFailedException: com.kms.katalon.core.webui.exception.WebElementNotFoundException: Web element with id: 'Object Repository/Product Label Icon Cart' located by '//div[@id='shopping_cart_container']/a/span' not found
	at com.kms.katalon.core.webui.keyword.internal.WebUIKeywordMain.stepFailed(WebUIKeywordMain.groovy:64)
	at com.kms.katalon.core.webui.keyword.builtin.VerifyElementPresentKeyword$_verifyElementPresent_closure1.doCall(VerifyElementPresentKeyword.groovy:85)
	at com.kms.katalon.core.webui.keyword.builtin.VerifyElementPresentKeyword$_verifyElementPresent_closure1.call(VerifyElementPresentKeyword.groovy)
	at com.kms.katalon.core.webui.keyword.internal.WebUIKeywordMain.runKeyword(WebUIKeywordMain.groovy:20)
	... 19 more]]></system-err>
      </testcase>
      <testcase name="Test Cases/Products/TC-Product-Show-001" time="7.835" classname="Test Cases/Products/TC-Product-Show-001" status="PASSED">
         <system-out><![CDATA[2023-08-31 09:15:49 - [TEST_CASE][PASSED] - Test Cases/Products/TC-Product-Show-001: Test Cases/Products/TC-Product-Show-001

2023-08-31 09:15:49 - [TEST_STEP][PASSED] - callTestCase(findTestCase("Login/TC-Login-Success-001"), ["username":"standard_user", "password":"qcu24s4901FyWDTwXGr6XA=="], STOP_ON_FAILURE): Call Test Case 'Test Cases/Login/TC-Login-Success-001' successfully

2023-08-31 09:15:49 - [TEST_CASE][PASSED] - Test Cases/Login/TC-Login-Success-001: Test Cases/Login/TC-Login-Success-001

2023-08-31 09:15:49 - [TEST_STEP][PASSED] - openBrowser(WEB_URL): Browser is opened with url: 'https://www.saucedemo.com/'

2023-08-31 09:15:49 - [MESSAGE][WARNING] - A browser is already opened. Closing browser and opening a new one

2023-08-31 09:15:50 - [MESSAGE][INFO] - Starting 'Edge Chromium' driver

2023-08-31 09:15:52 - [MESSAGE][INFO] - Action delay is set to 0 milliseconds

2023-08-31 09:15:54 - [MESSAGE][PASSED] - Browser is opened with url: 'https://www.saucedemo.com/'

2023-08-31 09:15:54 - [TEST_STEP][PASSED] - verifyElementPresent(findTestObject("Login Title Text"), 10): Object 'Object Repository/Login Title Text' is present

2023-08-31 09:15:55 - [MESSAGE][PASSED] - Object 'Object Repository/Login Title Text' is present

2023-08-31 09:15:55 - [TEST_STEP][PASSED] - setText(findTestObject("Login Input Username"), username): Text 'standard_user' is set on object 'Object Repository/Login Input Username'

2023-08-31 09:15:55 - [MESSAGE][PASSED] - Text 'standard_user' is set on object 'Object Repository/Login Input Username'

2023-08-31 09:15:55 - [TEST_STEP][PASSED] - setEncryptedText(findTestObject("Login Input Password"), password): Text ****** has been set on object 'Object Repository/Login Input Password'

2023-08-31 09:15:56 - [MESSAGE][PASSED] - Text ****** has been set on object 'Object Repository/Login Input Password'

2023-08-31 09:15:56 - [TEST_STEP][PASSED] - click(findTestObject("Login Button")): Object: 'Object Repository/Login Button' is clicked on

2023-08-31 09:15:56 - [MESSAGE][PASSED] - Object: 'Object Repository/Login Button' is clicked on

2023-08-31 09:15:56 - [TEST_STEP][PASSED] - verifyElementPresent(findTestObject("Product Title Text"), 10): Object 'Object Repository/Product Title Text' is present

2023-08-31 09:15:57 - [MESSAGE][PASSED] - Object 'Object Repository/Product Title Text' is present

2023-08-31 09:15:57 - [MESSAGE][PASSED] - Call Test Case 'Test Cases/Login/TC-Login-Success-001' successfully

2023-08-31 09:15:57 - [TEST_STEP][PASSED] - verifyElementPresent(findTestObject("Product Title Text"), 10): Object 'Object Repository/Product Title Text' is present

2023-08-31 09:15:57 - [MESSAGE][PASSED] - Object 'Object Repository/Product Title Text' is present]]></system-out>
         <system-err><![CDATA[]]></system-err>
      </testcase>
      <testcase name="Test Cases/Products/TC-Product-Sort-001" time="9.143" classname="Test Cases/Products/TC-Product-Sort-001" status="PASSED">
         <system-out><![CDATA[2023-08-31 09:15:57 - [TEST_CASE][PASSED] - Test Cases/Products/TC-Product-Sort-001: Test Cases/Products/TC-Product-Sort-001

2023-08-31 09:15:57 - [TEST_STEP][PASSED] - callTestCase(findTestCase("Products/TC-Product-Show-001"), [:], STOP_ON_FAILURE): Call Test Case 'Test Cases/Products/TC-Product-Show-001' successfully

2023-08-31 09:15:57 - [TEST_CASE][PASSED] - Test Cases/Products/TC-Product-Show-001: Test Cases/Products/TC-Product-Show-001

2023-08-31 09:15:57 - [TEST_STEP][PASSED] - callTestCase(findTestCase("Login/TC-Login-Success-001"), ["username":"standard_user", "password":"qcu24s4901FyWDTwXGr6XA=="], STOP_ON_FAILURE): Call Test Case 'Test Cases/Login/TC-Login-Success-001' successfully

2023-08-31 09:15:57 - [TEST_CASE][PASSED] - Test Cases/Login/TC-Login-Success-001: Test Cases/Login/TC-Login-Success-001

2023-08-31 09:15:57 - [TEST_STEP][PASSED] - openBrowser(WEB_URL): Browser is opened with url: 'https://www.saucedemo.com/'

2023-08-31 09:15:57 - [MESSAGE][WARNING] - A browser is already opened. Closing browser and opening a new one

2023-08-31 09:15:58 - [MESSAGE][INFO] - Starting 'Edge Chromium' driver

2023-08-31 09:16:00 - [MESSAGE][INFO] - Action delay is set to 0 milliseconds

2023-08-31 09:16:03 - [MESSAGE][PASSED] - Browser is opened with url: 'https://www.saucedemo.com/'

2023-08-31 09:16:03 - [TEST_STEP][PASSED] - verifyElementPresent(findTestObject("Login Title Text"), 10): Object 'Object Repository/Login Title Text' is present

2023-08-31 09:16:03 - [MESSAGE][PASSED] - Object 'Object Repository/Login Title Text' is present

2023-08-31 09:16:03 - [TEST_STEP][PASSED] - setText(findTestObject("Login Input Username"), username): Text 'standard_user' is set on object 'Object Repository/Login Input Username'

2023-08-31 09:16:03 - [MESSAGE][PASSED] - Text 'standard_user' is set on object 'Object Repository/Login Input Username'

2023-08-31 09:16:03 - [TEST_STEP][PASSED] - setEncryptedText(findTestObject("Login Input Password"), password): Text ****** has been set on object 'Object Repository/Login Input Password'

2023-08-31 09:16:04 - [MESSAGE][PASSED] - Text ****** has been set on object 'Object Repository/Login Input Password'

2023-08-31 09:16:04 - [TEST_STEP][PASSED] - click(findTestObject("Login Button")): Object: 'Object Repository/Login Button' is clicked on

2023-08-31 09:16:04 - [MESSAGE][PASSED] - Object: 'Object Repository/Login Button' is clicked on

2023-08-31 09:16:04 - [TEST_STEP][PASSED] - verifyElementPresent(findTestObject("Product Title Text"), 10): Object 'Object Repository/Product Title Text' is present

2023-08-31 09:16:05 - [MESSAGE][PASSED] - Object 'Object Repository/Product Title Text' is present

2023-08-31 09:16:05 - [MESSAGE][PASSED] - Call Test Case 'Test Cases/Login/TC-Login-Success-001' successfully

2023-08-31 09:16:05 - [TEST_STEP][PASSED] - verifyElementPresent(findTestObject("Product Title Text"), 10): Object 'Object Repository/Product Title Text' is present

2023-08-31 09:16:05 - [MESSAGE][PASSED] - Object 'Object Repository/Product Title Text' is present

2023-08-31 09:16:05 - [MESSAGE][PASSED] - Call Test Case 'Test Cases/Products/TC-Product-Show-001' successfully

2023-08-31 09:16:05 - [TEST_STEP][PASSED] - selectOptionByValue(findTestObject("Product Dropdown Sort"), "az", false): All options with value 'az' are selected in object 'Object Repository/Product Dropdown Sort' 

2023-08-31 09:16:06 - [MESSAGE][PASSED] - All options with value 'az' are selected in object 'Object Repository/Product Dropdown Sort' 

2023-08-31 09:16:06 - [TEST_STEP][PASSED] - dataList = findWebElements(findTestObject("Object Repository/Product Name List"), 10): null

2023-08-31 09:16:06 - [TEST_STEP][PASSED] - arrOri = []: null

2023-08-31 09:16:06 - [TEST_STEP][PASSED] - arrSort = []: null

2023-08-31 09:16:06 - [TEST_STEP][PASSED] - for ([i = 0, i < dataList.size(), (i++)]): null

2023-08-31 09:16:06 - [TEST_STEP][PASSED] - text = text: null

2023-08-31 09:16:06 - [TEST_STEP][PASSED] - arrOri[i] = text: null

2023-08-31 09:16:06 - [TEST_STEP][PASSED] - arrSort[i] = text: null

2023-08-31 09:16:06 - [TEST_STEP][PASSED] - text = text: null

2023-08-31 09:16:06 - [TEST_STEP][PASSED] - arrOri[i] = text: null

2023-08-31 09:16:06 - [TEST_STEP][PASSED] - arrSort[i] = text: null

2023-08-31 09:16:06 - [TEST_STEP][PASSED] - text = text: null

2023-08-31 09:16:06 - [TEST_STEP][PASSED] - arrOri[i] = text: null

2023-08-31 09:16:06 - [TEST_STEP][PASSED] - arrSort[i] = text: null

2023-08-31 09:16:06 - [TEST_STEP][PASSED] - text = text: null

2023-08-31 09:16:06 - [TEST_STEP][PASSED] - arrOri[i] = text: null

2023-08-31 09:16:06 - [TEST_STEP][PASSED] - arrSort[i] = text: null

2023-08-31 09:16:06 - [TEST_STEP][PASSED] - text = text: null

2023-08-31 09:16:06 - [TEST_STEP][PASSED] - arrOri[i] = text: null

2023-08-31 09:16:06 - [TEST_STEP][PASSED] - arrSort[i] = text: null

2023-08-31 09:16:06 - [TEST_STEP][PASSED] - text = text: null

2023-08-31 09:16:06 - [TEST_STEP][PASSED] - arrOri[i] = text: null

2023-08-31 09:16:06 - [TEST_STEP][PASSED] - arrSort[i] = text: null

2023-08-31 09:16:06 - [TEST_STEP][PASSED] - Arrays.sort(arrSort): null

2023-08-31 09:16:06 - [TEST_STEP][PASSED] - assert arrOri == arrSort: null]]></system-out>
         <system-err><![CDATA[]]></system-err>
      </testcase>
      <testcase name="Test Cases/Products/TC-Product-Sort-002" time="8.125" classname="Test Cases/Products/TC-Product-Sort-002" status="PASSED">
         <system-out><![CDATA[2023-08-31 09:16:06 - [TEST_CASE][PASSED] - Test Cases/Products/TC-Product-Sort-002: Test Cases/Products/TC-Product-Sort-002

2023-08-31 09:16:07 - [TEST_STEP][PASSED] - callTestCase(findTestCase("Products/TC-Product-Show-001"), [:], STOP_ON_FAILURE): Call Test Case 'Test Cases/Products/TC-Product-Show-001' successfully

2023-08-31 09:16:07 - [TEST_CASE][PASSED] - Test Cases/Products/TC-Product-Show-001: Test Cases/Products/TC-Product-Show-001

2023-08-31 09:16:07 - [TEST_STEP][PASSED] - callTestCase(findTestCase("Login/TC-Login-Success-001"), ["username":"standard_user", "password":"qcu24s4901FyWDTwXGr6XA=="], STOP_ON_FAILURE): Call Test Case 'Test Cases/Login/TC-Login-Success-001' successfully

2023-08-31 09:16:07 - [TEST_CASE][PASSED] - Test Cases/Login/TC-Login-Success-001: Test Cases/Login/TC-Login-Success-001

2023-08-31 09:16:07 - [TEST_STEP][PASSED] - openBrowser(WEB_URL): Browser is opened with url: 'https://www.saucedemo.com/'

2023-08-31 09:16:07 - [MESSAGE][WARNING] - A browser is already opened. Closing browser and opening a new one

2023-08-31 09:16:07 - [MESSAGE][INFO] - Starting 'Edge Chromium' driver

2023-08-31 09:16:10 - [MESSAGE][INFO] - Action delay is set to 0 milliseconds

2023-08-31 09:16:11 - [MESSAGE][PASSED] - Browser is opened with url: 'https://www.saucedemo.com/'

2023-08-31 09:16:11 - [TEST_STEP][PASSED] - verifyElementPresent(findTestObject("Login Title Text"), 10): Object 'Object Repository/Login Title Text' is present

2023-08-31 09:16:11 - [MESSAGE][PASSED] - Object 'Object Repository/Login Title Text' is present

2023-08-31 09:16:11 - [TEST_STEP][PASSED] - setText(findTestObject("Login Input Username"), username): Text 'standard_user' is set on object 'Object Repository/Login Input Username'

2023-08-31 09:16:12 - [MESSAGE][PASSED] - Text 'standard_user' is set on object 'Object Repository/Login Input Username'

2023-08-31 09:16:12 - [TEST_STEP][PASSED] - setEncryptedText(findTestObject("Login Input Password"), password): Text ****** has been set on object 'Object Repository/Login Input Password'

2023-08-31 09:16:12 - [MESSAGE][PASSED] - Text ****** has been set on object 'Object Repository/Login Input Password'

2023-08-31 09:16:12 - [TEST_STEP][PASSED] - click(findTestObject("Login Button")): Object: 'Object Repository/Login Button' is clicked on

2023-08-31 09:16:12 - [MESSAGE][PASSED] - Object: 'Object Repository/Login Button' is clicked on

2023-08-31 09:16:12 - [TEST_STEP][PASSED] - verifyElementPresent(findTestObject("Product Title Text"), 10): Object 'Object Repository/Product Title Text' is present

2023-08-31 09:16:13 - [MESSAGE][PASSED] - Object 'Object Repository/Product Title Text' is present

2023-08-31 09:16:13 - [MESSAGE][PASSED] - Call Test Case 'Test Cases/Login/TC-Login-Success-001' successfully

2023-08-31 09:16:13 - [TEST_STEP][PASSED] - verifyElementPresent(findTestObject("Product Title Text"), 10): Object 'Object Repository/Product Title Text' is present

2023-08-31 09:16:13 - [MESSAGE][PASSED] - Object 'Object Repository/Product Title Text' is present

2023-08-31 09:16:13 - [MESSAGE][PASSED] - Call Test Case 'Test Cases/Products/TC-Product-Show-001' successfully

2023-08-31 09:16:13 - [TEST_STEP][PASSED] - selectOptionByValue(findTestObject("Product Dropdown Sort"), "za", false): All options with value 'za' are selected in object 'Object Repository/Product Dropdown Sort' 

2023-08-31 09:16:14 - [MESSAGE][PASSED] - All options with value 'za' are selected in object 'Object Repository/Product Dropdown Sort' 

2023-08-31 09:16:14 - [TEST_STEP][PASSED] - dataList = findWebElements(findTestObject("Object Repository/Product Name List"), 10): null

2023-08-31 09:16:14 - [TEST_STEP][PASSED] - arrOri = []: null

2023-08-31 09:16:14 - [TEST_STEP][PASSED] - arrSort = []: null

2023-08-31 09:16:14 - [TEST_STEP][PASSED] - for ([i = 0, i < dataList.size(), (i++)]): null

2023-08-31 09:16:14 - [TEST_STEP][PASSED] - text = text: null

2023-08-31 09:16:14 - [TEST_STEP][PASSED] - arrOri[i] = text: null

2023-08-31 09:16:14 - [TEST_STEP][PASSED] - arrSort[i] = text: null

2023-08-31 09:16:14 - [TEST_STEP][PASSED] - text = text: null

2023-08-31 09:16:14 - [TEST_STEP][PASSED] - arrOri[i] = text: null

2023-08-31 09:16:14 - [TEST_STEP][PASSED] - arrSort[i] = text: null

2023-08-31 09:16:14 - [TEST_STEP][PASSED] - text = text: null

2023-08-31 09:16:14 - [TEST_STEP][PASSED] - arrOri[i] = text: null

2023-08-31 09:16:14 - [TEST_STEP][PASSED] - arrSort[i] = text: null

2023-08-31 09:16:14 - [TEST_STEP][PASSED] - text = text: null

2023-08-31 09:16:14 - [TEST_STEP][PASSED] - arrOri[i] = text: null

2023-08-31 09:16:14 - [TEST_STEP][PASSED] - arrSort[i] = text: null

2023-08-31 09:16:14 - [TEST_STEP][PASSED] - text = text: null

2023-08-31 09:16:14 - [TEST_STEP][PASSED] - arrOri[i] = text: null

2023-08-31 09:16:14 - [TEST_STEP][PASSED] - arrSort[i] = text: null

2023-08-31 09:16:14 - [TEST_STEP][PASSED] - text = text: null

2023-08-31 09:16:14 - [TEST_STEP][PASSED] - arrOri[i] = text: null

2023-08-31 09:16:14 - [TEST_STEP][PASSED] - arrSort[i] = text: null

2023-08-31 09:16:14 - [TEST_STEP][PASSED] - Arrays.sort(arrSort, Collections.reverseOrder()): null

2023-08-31 09:16:14 - [TEST_STEP][PASSED] - assert arrOri == arrSort: null]]></system-out>
         <system-err><![CDATA[]]></system-err>
      </testcase>
      <testcase name="Test Cases/Products/TC-Product-Sort-003" time="9.207" classname="Test Cases/Products/TC-Product-Sort-003" status="PASSED">
         <system-out><![CDATA[2023-08-31 09:16:14 - [TEST_CASE][PASSED] - Test Cases/Products/TC-Product-Sort-003: Test Cases/Products/TC-Product-Sort-003

2023-08-31 09:16:15 - [TEST_STEP][PASSED] - callTestCase(findTestCase("Products/TC-Product-Show-001"), [:], STOP_ON_FAILURE): Call Test Case 'Test Cases/Products/TC-Product-Show-001' successfully

2023-08-31 09:16:15 - [TEST_CASE][PASSED] - Test Cases/Products/TC-Product-Show-001: Test Cases/Products/TC-Product-Show-001

2023-08-31 09:16:15 - [TEST_STEP][PASSED] - callTestCase(findTestCase("Login/TC-Login-Success-001"), ["username":"standard_user", "password":"qcu24s4901FyWDTwXGr6XA=="], STOP_ON_FAILURE): Call Test Case 'Test Cases/Login/TC-Login-Success-001' successfully

2023-08-31 09:16:15 - [TEST_CASE][PASSED] - Test Cases/Login/TC-Login-Success-001: Test Cases/Login/TC-Login-Success-001

2023-08-31 09:16:15 - [TEST_STEP][PASSED] - openBrowser(WEB_URL): Browser is opened with url: 'https://www.saucedemo.com/'

2023-08-31 09:16:15 - [MESSAGE][WARNING] - A browser is already opened. Closing browser and opening a new one

2023-08-31 09:16:16 - [MESSAGE][INFO] - Starting 'Edge Chromium' driver

2023-08-31 09:16:18 - [MESSAGE][INFO] - Action delay is set to 0 milliseconds

2023-08-31 09:16:20 - [MESSAGE][PASSED] - Browser is opened with url: 'https://www.saucedemo.com/'

2023-08-31 09:16:20 - [TEST_STEP][PASSED] - verifyElementPresent(findTestObject("Login Title Text"), 10): Object 'Object Repository/Login Title Text' is present

2023-08-31 09:16:20 - [MESSAGE][PASSED] - Object 'Object Repository/Login Title Text' is present

2023-08-31 09:16:20 - [TEST_STEP][PASSED] - setText(findTestObject("Login Input Username"), username): Text 'standard_user' is set on object 'Object Repository/Login Input Username'

2023-08-31 09:16:21 - [MESSAGE][PASSED] - Text 'standard_user' is set on object 'Object Repository/Login Input Username'

2023-08-31 09:16:21 - [TEST_STEP][PASSED] - setEncryptedText(findTestObject("Login Input Password"), password): Text ****** has been set on object 'Object Repository/Login Input Password'

2023-08-31 09:16:21 - [MESSAGE][PASSED] - Text ****** has been set on object 'Object Repository/Login Input Password'

2023-08-31 09:16:21 - [TEST_STEP][PASSED] - click(findTestObject("Login Button")): Object: 'Object Repository/Login Button' is clicked on

2023-08-31 09:16:21 - [MESSAGE][PASSED] - Object: 'Object Repository/Login Button' is clicked on

2023-08-31 09:16:21 - [TEST_STEP][PASSED] - verifyElementPresent(findTestObject("Product Title Text"), 10): Object 'Object Repository/Product Title Text' is present

2023-08-31 09:16:22 - [MESSAGE][PASSED] - Object 'Object Repository/Product Title Text' is present

2023-08-31 09:16:22 - [MESSAGE][PASSED] - Call Test Case 'Test Cases/Login/TC-Login-Success-001' successfully

2023-08-31 09:16:22 - [TEST_STEP][PASSED] - verifyElementPresent(findTestObject("Product Title Text"), 10): Object 'Object Repository/Product Title Text' is present

2023-08-31 09:16:22 - [MESSAGE][PASSED] - Object 'Object Repository/Product Title Text' is present

2023-08-31 09:16:22 - [MESSAGE][PASSED] - Call Test Case 'Test Cases/Products/TC-Product-Show-001' successfully

2023-08-31 09:16:22 - [TEST_STEP][PASSED] - selectOptionByValue(findTestObject("Product Dropdown Sort"), "lohi", false): All options with value 'lohi' are selected in object 'Object Repository/Product Dropdown Sort' 

2023-08-31 09:16:23 - [MESSAGE][PASSED] - All options with value 'lohi' are selected in object 'Object Repository/Product Dropdown Sort' 

2023-08-31 09:16:23 - [TEST_STEP][PASSED] - dataList = findWebElements(findTestObject("Object Repository/Product Price List"), 10): null

2023-08-31 09:16:24 - [TEST_STEP][PASSED] - arrOri = []: null

2023-08-31 09:16:24 - [TEST_STEP][PASSED] - arrSort = []: null

2023-08-31 09:16:24 - [TEST_STEP][PASSED] - for ([i = 0, i < dataList.size(), (i++)]): null

2023-08-31 09:16:24 - [TEST_STEP][PASSED] - text = Double.parseDouble(text.replace("$", "")): null

2023-08-31 09:16:24 - [TEST_STEP][PASSED] - arrOri[i] = text: null

2023-08-31 09:16:24 - [TEST_STEP][PASSED] - arrSort[i] = text: null

2023-08-31 09:16:24 - [TEST_STEP][PASSED] - text = Double.parseDouble(text.replace("$", "")): null

2023-08-31 09:16:24 - [TEST_STEP][PASSED] - arrOri[i] = text: null

2023-08-31 09:16:24 - [TEST_STEP][PASSED] - arrSort[i] = text: null

2023-08-31 09:16:24 - [TEST_STEP][PASSED] - text = Double.parseDouble(text.replace("$", "")): null

2023-08-31 09:16:24 - [TEST_STEP][PASSED] - arrOri[i] = text: null

2023-08-31 09:16:24 - [TEST_STEP][PASSED] - arrSort[i] = text: null

2023-08-31 09:16:24 - [TEST_STEP][PASSED] - text = Double.parseDouble(text.replace("$", "")): null

2023-08-31 09:16:24 - [TEST_STEP][PASSED] - arrOri[i] = text: null

2023-08-31 09:16:24 - [TEST_STEP][PASSED] - arrSort[i] = text: null

2023-08-31 09:16:24 - [TEST_STEP][PASSED] - text = Double.parseDouble(text.replace("$", "")): null

2023-08-31 09:16:24 - [TEST_STEP][PASSED] - arrOri[i] = text: null

2023-08-31 09:16:24 - [TEST_STEP][PASSED] - arrSort[i] = text: null

2023-08-31 09:16:24 - [TEST_STEP][PASSED] - text = Double.parseDouble(text.replace("$", "")): null

2023-08-31 09:16:24 - [TEST_STEP][PASSED] - arrOri[i] = text: null

2023-08-31 09:16:24 - [TEST_STEP][PASSED] - arrSort[i] = text: null

2023-08-31 09:16:24 - [TEST_STEP][PASSED] - Arrays.sort(arrSort): null

2023-08-31 09:16:24 - [TEST_STEP][PASSED] - assert arrOri == arrSort: null]]></system-out>
         <system-err><![CDATA[]]></system-err>
      </testcase>
      <testcase name="Test Cases/Products/TC-Product-Sort-004" time="9.25" classname="Test Cases/Products/TC-Product-Sort-004" status="PASSED">
         <system-out><![CDATA[2023-08-31 09:16:24 - [TEST_CASE][PASSED] - Test Cases/Products/TC-Product-Sort-004: Test Cases/Products/TC-Product-Sort-004

2023-08-31 09:16:24 - [TEST_STEP][PASSED] - callTestCase(findTestCase("Products/TC-Product-Show-001"), [:], STOP_ON_FAILURE): Call Test Case 'Test Cases/Products/TC-Product-Show-001' successfully

2023-08-31 09:16:24 - [TEST_CASE][PASSED] - Test Cases/Products/TC-Product-Show-001: Test Cases/Products/TC-Product-Show-001

2023-08-31 09:16:24 - [TEST_STEP][PASSED] - callTestCase(findTestCase("Login/TC-Login-Success-001"), ["username":"standard_user", "password":"qcu24s4901FyWDTwXGr6XA=="], STOP_ON_FAILURE): Call Test Case 'Test Cases/Login/TC-Login-Success-001' successfully

2023-08-31 09:16:24 - [TEST_CASE][PASSED] - Test Cases/Login/TC-Login-Success-001: Test Cases/Login/TC-Login-Success-001

2023-08-31 09:16:24 - [TEST_STEP][PASSED] - openBrowser(WEB_URL): Browser is opened with url: 'https://www.saucedemo.com/'

2023-08-31 09:16:24 - [MESSAGE][WARNING] - A browser is already opened. Closing browser and opening a new one

2023-08-31 09:16:25 - [MESSAGE][INFO] - Starting 'Edge Chromium' driver

2023-08-31 09:16:27 - [MESSAGE][INFO] - Action delay is set to 0 milliseconds

2023-08-31 09:16:29 - [MESSAGE][PASSED] - Browser is opened with url: 'https://www.saucedemo.com/'

2023-08-31 09:16:29 - [TEST_STEP][PASSED] - verifyElementPresent(findTestObject("Login Title Text"), 10): Object 'Object Repository/Login Title Text' is present

2023-08-31 09:16:29 - [MESSAGE][PASSED] - Object 'Object Repository/Login Title Text' is present

2023-08-31 09:16:29 - [TEST_STEP][PASSED] - setText(findTestObject("Login Input Username"), username): Text 'standard_user' is set on object 'Object Repository/Login Input Username'

2023-08-31 09:16:30 - [MESSAGE][PASSED] - Text 'standard_user' is set on object 'Object Repository/Login Input Username'

2023-08-31 09:16:30 - [TEST_STEP][PASSED] - setEncryptedText(findTestObject("Login Input Password"), password): Text ****** has been set on object 'Object Repository/Login Input Password'

2023-08-31 09:16:30 - [MESSAGE][PASSED] - Text ****** has been set on object 'Object Repository/Login Input Password'

2023-08-31 09:16:30 - [TEST_STEP][PASSED] - click(findTestObject("Login Button")): Object: 'Object Repository/Login Button' is clicked on

2023-08-31 09:16:31 - [MESSAGE][PASSED] - Object: 'Object Repository/Login Button' is clicked on

2023-08-31 09:16:31 - [TEST_STEP][PASSED] - verifyElementPresent(findTestObject("Product Title Text"), 10): Object 'Object Repository/Product Title Text' is present

2023-08-31 09:16:31 - [MESSAGE][PASSED] - Object 'Object Repository/Product Title Text' is present

2023-08-31 09:16:31 - [MESSAGE][PASSED] - Call Test Case 'Test Cases/Login/TC-Login-Success-001' successfully

2023-08-31 09:16:31 - [TEST_STEP][PASSED] - verifyElementPresent(findTestObject("Product Title Text"), 10): Object 'Object Repository/Product Title Text' is present

2023-08-31 09:16:32 - [MESSAGE][PASSED] - Object 'Object Repository/Product Title Text' is present

2023-08-31 09:16:32 - [MESSAGE][PASSED] - Call Test Case 'Test Cases/Products/TC-Product-Show-001' successfully

2023-08-31 09:16:32 - [TEST_STEP][PASSED] - selectOptionByValue(findTestObject("Product Dropdown Sort"), "hilo", false): All options with value 'hilo' are selected in object 'Object Repository/Product Dropdown Sort' 

2023-08-31 09:16:32 - [MESSAGE][PASSED] - All options with value 'hilo' are selected in object 'Object Repository/Product Dropdown Sort' 

2023-08-31 09:16:32 - [TEST_STEP][PASSED] - dataList = findWebElements(findTestObject("Object Repository/Product Price List"), 10): null

2023-08-31 09:16:33 - [TEST_STEP][PASSED] - arrOri = []: null

2023-08-31 09:16:33 - [TEST_STEP][PASSED] - arrSort = []: null

2023-08-31 09:16:33 - [TEST_STEP][PASSED] - for ([i = 0, i < dataList.size(), (i++)]): null

2023-08-31 09:16:33 - [TEST_STEP][PASSED] - text = Double.parseDouble(text.replace("$", "")): null

2023-08-31 09:16:33 - [TEST_STEP][PASSED] - arrOri[i] = text: null

2023-08-31 09:16:33 - [TEST_STEP][PASSED] - arrSort[i] = text: null

2023-08-31 09:16:33 - [TEST_STEP][PASSED] - text = Double.parseDouble(text.replace("$", "")): null

2023-08-31 09:16:33 - [TEST_STEP][PASSED] - arrOri[i] = text: null

2023-08-31 09:16:33 - [TEST_STEP][PASSED] - arrSort[i] = text: null

2023-08-31 09:16:33 - [TEST_STEP][PASSED] - text = Double.parseDouble(text.replace("$", "")): null

2023-08-31 09:16:33 - [TEST_STEP][PASSED] - arrOri[i] = text: null

2023-08-31 09:16:33 - [TEST_STEP][PASSED] - arrSort[i] = text: null

2023-08-31 09:16:33 - [TEST_STEP][PASSED] - text = Double.parseDouble(text.replace("$", "")): null

2023-08-31 09:16:33 - [TEST_STEP][PASSED] - arrOri[i] = text: null

2023-08-31 09:16:33 - [TEST_STEP][PASSED] - arrSort[i] = text: null

2023-08-31 09:16:33 - [TEST_STEP][PASSED] - text = Double.parseDouble(text.replace("$", "")): null

2023-08-31 09:16:33 - [TEST_STEP][PASSED] - arrOri[i] = text: null

2023-08-31 09:16:33 - [TEST_STEP][PASSED] - arrSort[i] = text: null

2023-08-31 09:16:33 - [TEST_STEP][PASSED] - text = Double.parseDouble(text.replace("$", "")): null

2023-08-31 09:16:33 - [TEST_STEP][PASSED] - arrOri[i] = text: null

2023-08-31 09:16:33 - [TEST_STEP][PASSED] - arrSort[i] = text: null

2023-08-31 09:16:33 - [TEST_STEP][PASSED] - Arrays.sort(arrSort, Collections.reverseOrder()): null

2023-08-31 09:16:33 - [TEST_STEP][PASSED] - assert arrOri == arrSort: null]]></system-out>
         <system-err><![CDATA[]]></system-err>
      </testcase>
      <testcase name="Test Cases/Detail Product/TC-DetailProduct-AddCart-001" time="10.677" classname="Test Cases/Detail Product/TC-DetailProduct-AddCart-001" status="PASSED">
         <system-out><![CDATA[2023-08-31 09:16:33 - [TEST_CASE][PASSED] - Test Cases/Detail Product/TC-DetailProduct-AddCart-001: Test Cases/Detail Product/TC-DetailProduct-AddCart-001

2023-08-31 09:16:33 - [TEST_STEP][PASSED] - callTestCase(findTestCase("Detail Product/TC-DetailProduct-Show-001"), [:], STOP_ON_FAILURE): Call Test Case 'Test Cases/Detail Product/TC-DetailProduct-Show-001' successfully

2023-08-31 09:16:33 - [TEST_CASE][PASSED] - Test Cases/Detail Product/TC-DetailProduct-Show-001: Test Cases/Detail Product/TC-DetailProduct-Show-001

2023-08-31 09:16:33 - [TEST_STEP][PASSED] - callTestCase(findTestCase("Login/TC-Login-Success-001"), ["username":"standard_user", "password":"qcu24s4901FyWDTwXGr6XA=="], STOP_ON_FAILURE): Call Test Case 'Test Cases/Login/TC-Login-Success-001' successfully

2023-08-31 09:16:33 - [TEST_CASE][PASSED] - Test Cases/Login/TC-Login-Success-001: Test Cases/Login/TC-Login-Success-001

2023-08-31 09:16:33 - [TEST_STEP][PASSED] - openBrowser(WEB_URL): Browser is opened with url: 'https://www.saucedemo.com/'

2023-08-31 09:16:33 - [MESSAGE][WARNING] - A browser is already opened. Closing browser and opening a new one

2023-08-31 09:16:34 - [MESSAGE][INFO] - Starting 'Edge Chromium' driver

2023-08-31 09:16:36 - [MESSAGE][INFO] - Action delay is set to 0 milliseconds

2023-08-31 09:16:37 - [MESSAGE][PASSED] - Browser is opened with url: 'https://www.saucedemo.com/'

2023-08-31 09:16:37 - [TEST_STEP][PASSED] - verifyElementPresent(findTestObject("Login Title Text"), 10): Object 'Object Repository/Login Title Text' is present

2023-08-31 09:16:38 - [MESSAGE][PASSED] - Object 'Object Repository/Login Title Text' is present

2023-08-31 09:16:38 - [TEST_STEP][PASSED] - setText(findTestObject("Login Input Username"), username): Text 'standard_user' is set on object 'Object Repository/Login Input Username'

2023-08-31 09:16:38 - [MESSAGE][PASSED] - Text 'standard_user' is set on object 'Object Repository/Login Input Username'

2023-08-31 09:16:39 - [TEST_STEP][PASSED] - setEncryptedText(findTestObject("Login Input Password"), password): Text ****** has been set on object 'Object Repository/Login Input Password'

2023-08-31 09:16:39 - [MESSAGE][PASSED] - Text ****** has been set on object 'Object Repository/Login Input Password'

2023-08-31 09:16:39 - [TEST_STEP][PASSED] - click(findTestObject("Login Button")): Object: 'Object Repository/Login Button' is clicked on

2023-08-31 09:16:39 - [MESSAGE][PASSED] - Object: 'Object Repository/Login Button' is clicked on

2023-08-31 09:16:39 - [TEST_STEP][PASSED] - verifyElementPresent(findTestObject("Product Title Text"), 10): Object 'Object Repository/Product Title Text' is present

2023-08-31 09:16:40 - [MESSAGE][PASSED] - Object 'Object Repository/Product Title Text' is present

2023-08-31 09:16:40 - [MESSAGE][PASSED] - Call Test Case 'Test Cases/Login/TC-Login-Success-001' successfully

2023-08-31 09:16:40 - [TEST_STEP][PASSED] - name = getText(findTestObject("Product Text Name Product 1")): Text of object 'Object Repository/Product Text Name Product 1' is: 'Sauce Labs Backpack'

2023-08-31 09:16:40 - [MESSAGE][PASSED] - Text of object 'Object Repository/Product Text Name Product 1' is: 'Sauce Labs Backpack'

2023-08-31 09:16:40 - [TEST_STEP][PASSED] - desc = getText(findTestObject("Product Text Desc Product 1")): Text of object 'Object Repository/Product Text Desc Product 1' is: 'carry.allTheThings() with the sleek, streamlined Sly Pack that melds uncompromising style with unequaled laptop and tablet protection.'

2023-08-31 09:16:41 - [MESSAGE][PASSED] - Text of object 'Object Repository/Product Text Desc Product 1' is: 'carry.allTheThings() with the sleek, streamlined Sly Pack that melds uncompromising style with unequaled laptop and tablet protection.'

2023-08-31 09:16:41 - [TEST_STEP][PASSED] - price = getText(findTestObject("Product Text Price Product 1")): Text of object 'Object Repository/Product Text Price Product 1' is: '$29.99'

2023-08-31 09:16:41 - [MESSAGE][PASSED] - Text of object 'Object Repository/Product Text Price Product 1' is: '$29.99'

2023-08-31 09:16:41 - [TEST_STEP][PASSED] - click(findTestObject("Product Text Product 1")): Object: 'Object Repository/Product Text Product 1' is clicked on

2023-08-31 09:16:41 - [MESSAGE][PASSED] - Object: 'Object Repository/Product Text Product 1' is clicked on

2023-08-31 09:16:41 - [TEST_STEP][PASSED] - verifyElementText(findTestObject("Detail Product Text Name Product 1"), name): Actual text and expected text of test object 'Object Repository/Detail Product Text Name Product 1' are matched.

2023-08-31 09:16:42 - [MESSAGE][PASSED] - Actual text and expected text of test object 'Object Repository/Detail Product Text Name Product 1' are matched.

2023-08-31 09:16:42 - [TEST_STEP][PASSED] - verifyElementText(findTestObject("Detail Product Text Desc Product 1"), desc): Actual text and expected text of test object 'Object Repository/Detail Product Text Desc Product 1' are matched.

2023-08-31 09:16:42 - [MESSAGE][PASSED] - Actual text and expected text of test object 'Object Repository/Detail Product Text Desc Product 1' are matched.

2023-08-31 09:16:42 - [TEST_STEP][PASSED] - verifyElementText(findTestObject("Detail Product Text Price Product 1"), price): Actual text and expected text of test object 'Object Repository/Detail Product Text Price Product 1' are matched.

2023-08-31 09:16:42 - [MESSAGE][PASSED] - Actual text and expected text of test object 'Object Repository/Detail Product Text Price Product 1' are matched.

2023-08-31 09:16:42 - [MESSAGE][PASSED] - Call Test Case 'Test Cases/Detail Product/TC-DetailProduct-Show-001' successfully

2023-08-31 09:16:42 - [TEST_STEP][PASSED] - click(findTestObject("Detail Product Button ATC Product 1")): Object: 'Object Repository/Detail Product Button ATC Product 1' is clicked on

2023-08-31 09:16:43 - [MESSAGE][PASSED] - Object: 'Object Repository/Detail Product Button ATC Product 1' is clicked on

2023-08-31 09:16:43 - [TEST_STEP][PASSED] - verifyElementText(findTestObject("Detail Product Button Remove Product 1"), "Remove"): Actual text and expected text of test object 'Object Repository/Detail Product Button Remove Product 1' are matched.

2023-08-31 09:16:43 - [MESSAGE][PASSED] - Actual text and expected text of test object 'Object Repository/Detail Product Button Remove Product 1' are matched.

2023-08-31 09:16:43 - [TEST_STEP][PASSED] - verifyElementText(findTestObject("Product Label Icon Cart"), "1"): Actual text and expected text of test object 'Object Repository/Product Label Icon Cart' are matched.

2023-08-31 09:16:44 - [MESSAGE][PASSED] - Actual text and expected text of test object 'Object Repository/Product Label Icon Cart' are matched.]]></system-out>
         <system-err><![CDATA[]]></system-err>
      </testcase>
      <testcase name="Test Cases/Detail Product/TC-DetailProduct-Nav-001" time="11.598" classname="Test Cases/Detail Product/TC-DetailProduct-Nav-001" status="PASSED">
         <system-out><![CDATA[2023-08-31 09:16:44 - [TEST_CASE][PASSED] - Test Cases/Detail Product/TC-DetailProduct-Nav-001: Test Cases/Detail Product/TC-DetailProduct-Nav-001

2023-08-31 09:16:44 - [TEST_STEP][PASSED] - callTestCase(findTestCase("Detail Product/TC-DetailProduct-Show-001"), [:], STOP_ON_FAILURE): Call Test Case 'Test Cases/Detail Product/TC-DetailProduct-Show-001' successfully

2023-08-31 09:16:44 - [TEST_CASE][PASSED] - Test Cases/Detail Product/TC-DetailProduct-Show-001: Test Cases/Detail Product/TC-DetailProduct-Show-001

2023-08-31 09:16:44 - [TEST_STEP][PASSED] - callTestCase(findTestCase("Login/TC-Login-Success-001"), ["username":"standard_user", "password":"qcu24s4901FyWDTwXGr6XA=="], STOP_ON_FAILURE): Call Test Case 'Test Cases/Login/TC-Login-Success-001' successfully

2023-08-31 09:16:44 - [TEST_CASE][PASSED] - Test Cases/Login/TC-Login-Success-001: Test Cases/Login/TC-Login-Success-001

2023-08-31 09:16:44 - [TEST_STEP][PASSED] - openBrowser(WEB_URL): Browser is opened with url: 'https://www.saucedemo.com/'

2023-08-31 09:16:44 - [MESSAGE][WARNING] - A browser is already opened. Closing browser and opening a new one

2023-08-31 09:16:45 - [MESSAGE][INFO] - Starting 'Edge Chromium' driver

2023-08-31 09:16:47 - [MESSAGE][INFO] - Action delay is set to 0 milliseconds

2023-08-31 09:16:49 - [MESSAGE][PASSED] - Browser is opened with url: 'https://www.saucedemo.com/'

2023-08-31 09:16:49 - [TEST_STEP][PASSED] - verifyElementPresent(findTestObject("Login Title Text"), 10): Object 'Object Repository/Login Title Text' is present

2023-08-31 09:16:50 - [MESSAGE][PASSED] - Object 'Object Repository/Login Title Text' is present

2023-08-31 09:16:50 - [TEST_STEP][PASSED] - setText(findTestObject("Login Input Username"), username): Text 'standard_user' is set on object 'Object Repository/Login Input Username'

2023-08-31 09:16:50 - [MESSAGE][PASSED] - Text 'standard_user' is set on object 'Object Repository/Login Input Username'

2023-08-31 09:16:50 - [TEST_STEP][PASSED] - setEncryptedText(findTestObject("Login Input Password"), password): Text ****** has been set on object 'Object Repository/Login Input Password'

2023-08-31 09:16:51 - [MESSAGE][PASSED] - Text ****** has been set on object 'Object Repository/Login Input Password'

2023-08-31 09:16:51 - [TEST_STEP][PASSED] - click(findTestObject("Login Button")): Object: 'Object Repository/Login Button' is clicked on

2023-08-31 09:16:51 - [MESSAGE][PASSED] - Object: 'Object Repository/Login Button' is clicked on

2023-08-31 09:16:51 - [TEST_STEP][PASSED] - verifyElementPresent(findTestObject("Product Title Text"), 10): Object 'Object Repository/Product Title Text' is present

2023-08-31 09:16:52 - [MESSAGE][PASSED] - Object 'Object Repository/Product Title Text' is present

2023-08-31 09:16:52 - [MESSAGE][PASSED] - Call Test Case 'Test Cases/Login/TC-Login-Success-001' successfully

2023-08-31 09:16:52 - [TEST_STEP][PASSED] - name = getText(findTestObject("Product Text Name Product 1")): Text of object 'Object Repository/Product Text Name Product 1' is: 'Sauce Labs Backpack'

2023-08-31 09:16:52 - [MESSAGE][PASSED] - Text of object 'Object Repository/Product Text Name Product 1' is: 'Sauce Labs Backpack'

2023-08-31 09:16:52 - [TEST_STEP][PASSED] - desc = getText(findTestObject("Product Text Desc Product 1")): Text of object 'Object Repository/Product Text Desc Product 1' is: 'carry.allTheThings() with the sleek, streamlined Sly Pack that melds uncompromising style with unequaled laptop and tablet protection.'

2023-08-31 09:16:53 - [MESSAGE][PASSED] - Text of object 'Object Repository/Product Text Desc Product 1' is: 'carry.allTheThings() with the sleek, streamlined Sly Pack that melds uncompromising style with unequaled laptop and tablet protection.'

2023-08-31 09:16:53 - [TEST_STEP][PASSED] - price = getText(findTestObject("Product Text Price Product 1")): Text of object 'Object Repository/Product Text Price Product 1' is: '$29.99'

2023-08-31 09:16:53 - [MESSAGE][PASSED] - Text of object 'Object Repository/Product Text Price Product 1' is: '$29.99'

2023-08-31 09:16:53 - [TEST_STEP][PASSED] - click(findTestObject("Product Text Product 1")): Object: 'Object Repository/Product Text Product 1' is clicked on

2023-08-31 09:16:53 - [MESSAGE][PASSED] - Object: 'Object Repository/Product Text Product 1' is clicked on

2023-08-31 09:16:53 - [TEST_STEP][PASSED] - verifyElementText(findTestObject("Detail Product Text Name Product 1"), name): Actual text and expected text of test object 'Object Repository/Detail Product Text Name Product 1' are matched.

2023-08-31 09:16:54 - [MESSAGE][PASSED] - Actual text and expected text of test object 'Object Repository/Detail Product Text Name Product 1' are matched.

2023-08-31 09:16:54 - [TEST_STEP][PASSED] - verifyElementText(findTestObject("Detail Product Text Desc Product 1"), desc): Actual text and expected text of test object 'Object Repository/Detail Product Text Desc Product 1' are matched.

2023-08-31 09:16:54 - [MESSAGE][PASSED] - Actual text and expected text of test object 'Object Repository/Detail Product Text Desc Product 1' are matched.

2023-08-31 09:16:54 - [TEST_STEP][PASSED] - verifyElementText(findTestObject("Detail Product Text Price Product 1"), price): Actual text and expected text of test object 'Object Repository/Detail Product Text Price Product 1' are matched.

2023-08-31 09:16:54 - [MESSAGE][PASSED] - Actual text and expected text of test object 'Object Repository/Detail Product Text Price Product 1' are matched.

2023-08-31 09:16:54 - [MESSAGE][PASSED] - Call Test Case 'Test Cases/Detail Product/TC-DetailProduct-Show-001' successfully

2023-08-31 09:16:54 - [TEST_STEP][PASSED] - click(findTestObject("Detail Product Button Back To Product")): Object: 'Object Repository/Detail Product Button Back To Product' is clicked on

2023-08-31 09:16:55 - [MESSAGE][PASSED] - Object: 'Object Repository/Detail Product Button Back To Product' is clicked on

2023-08-31 09:16:55 - [TEST_STEP][PASSED] - verifyElementPresent(findTestObject("Product Title Text"), 10): Object 'Object Repository/Product Title Text' is present

2023-08-31 09:16:55 - [MESSAGE][PASSED] - Object 'Object Repository/Product Title Text' is present]]></system-out>
         <system-err><![CDATA[]]></system-err>
      </testcase>
      <testcase name="Test Cases/Detail Product/TC-DetailProduct-RemoveCart-001" time="12.538" classname="Test Cases/Detail Product/TC-DetailProduct-RemoveCart-001" status="PASSED">
         <system-out><![CDATA[2023-08-31 09:16:55 - [TEST_CASE][PASSED] - Test Cases/Detail Product/TC-DetailProduct-RemoveCart-001: Test Cases/Detail Product/TC-DetailProduct-RemoveCart-001

2023-08-31 09:16:55 - [TEST_STEP][PASSED] - callTestCase(findTestCase("Detail Product/TC-DetailProduct-AddCart-001"), [:], STOP_ON_FAILURE): Call Test Case 'Test Cases/Detail Product/TC-DetailProduct-AddCart-001' successfully

2023-08-31 09:16:55 - [TEST_CASE][PASSED] - Test Cases/Detail Product/TC-DetailProduct-AddCart-001: Test Cases/Detail Product/TC-DetailProduct-AddCart-001

2023-08-31 09:16:55 - [TEST_STEP][PASSED] - callTestCase(findTestCase("Detail Product/TC-DetailProduct-Show-001"), [:], STOP_ON_FAILURE): Call Test Case 'Test Cases/Detail Product/TC-DetailProduct-Show-001' successfully

2023-08-31 09:16:56 - [TEST_CASE][PASSED] - Test Cases/Detail Product/TC-DetailProduct-Show-001: Test Cases/Detail Product/TC-DetailProduct-Show-001

2023-08-31 09:16:56 - [TEST_STEP][PASSED] - callTestCase(findTestCase("Login/TC-Login-Success-001"), ["username":"standard_user", "password":"qcu24s4901FyWDTwXGr6XA=="], STOP_ON_FAILURE): Call Test Case 'Test Cases/Login/TC-Login-Success-001' successfully

2023-08-31 09:16:56 - [TEST_CASE][PASSED] - Test Cases/Login/TC-Login-Success-001: Test Cases/Login/TC-Login-Success-001

2023-08-31 09:16:56 - [TEST_STEP][PASSED] - openBrowser(WEB_URL): Browser is opened with url: 'https://www.saucedemo.com/'

2023-08-31 09:16:56 - [MESSAGE][WARNING] - A browser is already opened. Closing browser and opening a new one

2023-08-31 09:16:56 - [MESSAGE][INFO] - Starting 'Edge Chromium' driver

2023-08-31 09:16:58 - [MESSAGE][INFO] - Action delay is set to 0 milliseconds

2023-08-31 09:17:00 - [MESSAGE][PASSED] - Browser is opened with url: 'https://www.saucedemo.com/'

2023-08-31 09:17:00 - [TEST_STEP][PASSED] - verifyElementPresent(findTestObject("Login Title Text"), 10): Object 'Object Repository/Login Title Text' is present

2023-08-31 09:17:01 - [MESSAGE][PASSED] - Object 'Object Repository/Login Title Text' is present

2023-08-31 09:17:01 - [TEST_STEP][PASSED] - setText(findTestObject("Login Input Username"), username): Text 'standard_user' is set on object 'Object Repository/Login Input Username'

2023-08-31 09:17:01 - [MESSAGE][PASSED] - Text 'standard_user' is set on object 'Object Repository/Login Input Username'

2023-08-31 09:17:01 - [TEST_STEP][PASSED] - setEncryptedText(findTestObject("Login Input Password"), password): Text ****** has been set on object 'Object Repository/Login Input Password'

2023-08-31 09:17:02 - [MESSAGE][PASSED] - Text ****** has been set on object 'Object Repository/Login Input Password'

2023-08-31 09:17:02 - [TEST_STEP][PASSED] - click(findTestObject("Login Button")): Object: 'Object Repository/Login Button' is clicked on

2023-08-31 09:17:02 - [MESSAGE][PASSED] - Object: 'Object Repository/Login Button' is clicked on

2023-08-31 09:17:02 - [TEST_STEP][PASSED] - verifyElementPresent(findTestObject("Product Title Text"), 10): Object 'Object Repository/Product Title Text' is present

2023-08-31 09:17:03 - [MESSAGE][PASSED] - Object 'Object Repository/Product Title Text' is present

2023-08-31 09:17:03 - [MESSAGE][PASSED] - Call Test Case 'Test Cases/Login/TC-Login-Success-001' successfully

2023-08-31 09:17:03 - [TEST_STEP][PASSED] - name = getText(findTestObject("Product Text Name Product 1")): Text of object 'Object Repository/Product Text Name Product 1' is: 'Sauce Labs Backpack'

2023-08-31 09:17:03 - [MESSAGE][PASSED] - Text of object 'Object Repository/Product Text Name Product 1' is: 'Sauce Labs Backpack'

2023-08-31 09:17:03 - [TEST_STEP][PASSED] - desc = getText(findTestObject("Product Text Desc Product 1")): Text of object 'Object Repository/Product Text Desc Product 1' is: 'carry.allTheThings() with the sleek, streamlined Sly Pack that melds uncompromising style with unequaled laptop and tablet protection.'

2023-08-31 09:17:04 - [MESSAGE][PASSED] - Text of object 'Object Repository/Product Text Desc Product 1' is: 'carry.allTheThings() with the sleek, streamlined Sly Pack that melds uncompromising style with unequaled laptop and tablet protection.'

2023-08-31 09:17:04 - [TEST_STEP][PASSED] - price = getText(findTestObject("Product Text Price Product 1")): Text of object 'Object Repository/Product Text Price Product 1' is: '$29.99'

2023-08-31 09:17:04 - [MESSAGE][PASSED] - Text of object 'Object Repository/Product Text Price Product 1' is: '$29.99'

2023-08-31 09:17:04 - [TEST_STEP][PASSED] - click(findTestObject("Product Text Product 1")): Object: 'Object Repository/Product Text Product 1' is clicked on

2023-08-31 09:17:04 - [MESSAGE][PASSED] - Object: 'Object Repository/Product Text Product 1' is clicked on

2023-08-31 09:17:04 - [TEST_STEP][PASSED] - verifyElementText(findTestObject("Detail Product Text Name Product 1"), name): Actual text and expected text of test object 'Object Repository/Detail Product Text Name Product 1' are matched.

2023-08-31 09:17:05 - [MESSAGE][PASSED] - Actual text and expected text of test object 'Object Repository/Detail Product Text Name Product 1' are matched.

2023-08-31 09:17:05 - [TEST_STEP][PASSED] - verifyElementText(findTestObject("Detail Product Text Desc Product 1"), desc): Actual text and expected text of test object 'Object Repository/Detail Product Text Desc Product 1' are matched.

2023-08-31 09:17:05 - [MESSAGE][PASSED] - Actual text and expected text of test object 'Object Repository/Detail Product Text Desc Product 1' are matched.

2023-08-31 09:17:05 - [TEST_STEP][PASSED] - verifyElementText(findTestObject("Detail Product Text Price Product 1"), price): Actual text and expected text of test object 'Object Repository/Detail Product Text Price Product 1' are matched.

2023-08-31 09:17:05 - [MESSAGE][PASSED] - Actual text and expected text of test object 'Object Repository/Detail Product Text Price Product 1' are matched.

2023-08-31 09:17:05 - [MESSAGE][PASSED] - Call Test Case 'Test Cases/Detail Product/TC-DetailProduct-Show-001' successfully

2023-08-31 09:17:05 - [TEST_STEP][PASSED] - click(findTestObject("Detail Product Button ATC Product 1")): Object: 'Object Repository/Detail Product Button ATC Product 1' is clicked on

2023-08-31 09:17:06 - [MESSAGE][PASSED] - Object: 'Object Repository/Detail Product Button ATC Product 1' is clicked on

2023-08-31 09:17:06 - [TEST_STEP][PASSED] - verifyElementText(findTestObject("Detail Product Button Remove Product 1"), "Remove"): Actual text and expected text of test object 'Object Repository/Detail Product Button Remove Product 1' are matched.

2023-08-31 09:17:06 - [MESSAGE][PASSED] - Actual text and expected text of test object 'Object Repository/Detail Product Button Remove Product 1' are matched.

2023-08-31 09:17:06 - [TEST_STEP][PASSED] - verifyElementText(findTestObject("Product Label Icon Cart"), "1"): Actual text and expected text of test object 'Object Repository/Product Label Icon Cart' are matched.

2023-08-31 09:17:06 - [MESSAGE][PASSED] - Actual text and expected text of test object 'Object Repository/Product Label Icon Cart' are matched.

2023-08-31 09:17:06 - [MESSAGE][PASSED] - Call Test Case 'Test Cases/Detail Product/TC-DetailProduct-AddCart-001' successfully

2023-08-31 09:17:06 - [TEST_STEP][PASSED] - click(findTestObject("Detail Product Button Remove Product 1")): Object: 'Object Repository/Detail Product Button Remove Product 1' is clicked on

2023-08-31 09:17:07 - [MESSAGE][PASSED] - Object: 'Object Repository/Detail Product Button Remove Product 1' is clicked on

2023-08-31 09:17:07 - [TEST_STEP][PASSED] - verifyElementText(findTestObject("Detail Product Button ATC Product 1"), "Add to cart"): Actual text and expected text of test object 'Object Repository/Detail Product Button ATC Product 1' are matched.

2023-08-31 09:17:07 - [MESSAGE][PASSED] - Actual text and expected text of test object 'Object Repository/Detail Product Button ATC Product 1' are matched.

2023-08-31 09:17:07 - [TEST_STEP][PASSED] - verifyElementNotPresent(findTestObject("Product Label Icon Cart"), 10): Web element with id: 'Object Repository/Product Label Icon Cart' located by 'By.xpath: //div[@id='shopping_cart_container']/a/span' is not present after '10' second(s)

2023-08-31 09:17:08 - [MESSAGE][PASSED] - Web element with id: 'Object Repository/Product Label Icon Cart' located by 'By.xpath: //div[@id='shopping_cart_container']/a/span' is not present after '10' second(s)]]></system-out>
         <system-err><![CDATA[]]></system-err>
      </testcase>
      <testcase name="Test Cases/Detail Product/TC-DetailProduct-Show-001" time="11.828" classname="Test Cases/Detail Product/TC-DetailProduct-Show-001" status="PASSED">
         <system-out><![CDATA[2023-08-31 09:17:08 - [TEST_CASE][PASSED] - Test Cases/Detail Product/TC-DetailProduct-Show-001: Test Cases/Detail Product/TC-DetailProduct-Show-001

2023-08-31 09:17:08 - [TEST_STEP][PASSED] - callTestCase(findTestCase("Login/TC-Login-Success-001"), ["username":"standard_user", "password":"qcu24s4901FyWDTwXGr6XA=="], STOP_ON_FAILURE): Call Test Case 'Test Cases/Login/TC-Login-Success-001' successfully

2023-08-31 09:17:08 - [TEST_CASE][PASSED] - Test Cases/Login/TC-Login-Success-001: Test Cases/Login/TC-Login-Success-001

2023-08-31 09:17:08 - [TEST_STEP][PASSED] - openBrowser(WEB_URL): Browser is opened with url: 'https://www.saucedemo.com/'

2023-08-31 09:17:08 - [MESSAGE][WARNING] - A browser is already opened. Closing browser and opening a new one

2023-08-31 09:17:08 - [MESSAGE][INFO] - Starting 'Edge Chromium' driver

2023-08-31 09:17:11 - [MESSAGE][INFO] - Action delay is set to 0 milliseconds

2023-08-31 09:17:15 - [MESSAGE][PASSED] - Browser is opened with url: 'https://www.saucedemo.com/'

2023-08-31 09:17:15 - [TEST_STEP][PASSED] - verifyElementPresent(findTestObject("Login Title Text"), 10): Object 'Object Repository/Login Title Text' is present

2023-08-31 09:17:15 - [MESSAGE][PASSED] - Object 'Object Repository/Login Title Text' is present

2023-08-31 09:17:15 - [TEST_STEP][PASSED] - setText(findTestObject("Login Input Username"), username): Text 'standard_user' is set on object 'Object Repository/Login Input Username'

2023-08-31 09:17:16 - [MESSAGE][PASSED] - Text 'standard_user' is set on object 'Object Repository/Login Input Username'

2023-08-31 09:17:16 - [TEST_STEP][PASSED] - setEncryptedText(findTestObject("Login Input Password"), password): Text ****** has been set on object 'Object Repository/Login Input Password'

2023-08-31 09:17:16 - [MESSAGE][PASSED] - Text ****** has been set on object 'Object Repository/Login Input Password'

2023-08-31 09:17:16 - [TEST_STEP][PASSED] - click(findTestObject("Login Button")): Object: 'Object Repository/Login Button' is clicked on

2023-08-31 09:17:16 - [MESSAGE][PASSED] - Object: 'Object Repository/Login Button' is clicked on

2023-08-31 09:17:16 - [TEST_STEP][PASSED] - verifyElementPresent(findTestObject("Product Title Text"), 10): Object 'Object Repository/Product Title Text' is present

2023-08-31 09:17:17 - [MESSAGE][PASSED] - Object 'Object Repository/Product Title Text' is present

2023-08-31 09:17:17 - [MESSAGE][PASSED] - Call Test Case 'Test Cases/Login/TC-Login-Success-001' successfully

2023-08-31 09:17:17 - [TEST_STEP][PASSED] - name = getText(findTestObject("Product Text Name Product 1")): Text of object 'Object Repository/Product Text Name Product 1' is: 'Sauce Labs Backpack'

2023-08-31 09:17:17 - [MESSAGE][PASSED] - Text of object 'Object Repository/Product Text Name Product 1' is: 'Sauce Labs Backpack'

2023-08-31 09:17:17 - [TEST_STEP][PASSED] - desc = getText(findTestObject("Product Text Desc Product 1")): Text of object 'Object Repository/Product Text Desc Product 1' is: 'carry.allTheThings() with the sleek, streamlined Sly Pack that melds uncompromising style with unequaled laptop and tablet protection.'

2023-08-31 09:17:18 - [MESSAGE][PASSED] - Text of object 'Object Repository/Product Text Desc Product 1' is: 'carry.allTheThings() with the sleek, streamlined Sly Pack that melds uncompromising style with unequaled laptop and tablet protection.'

2023-08-31 09:17:18 - [TEST_STEP][PASSED] - price = getText(findTestObject("Product Text Price Product 1")): Text of object 'Object Repository/Product Text Price Product 1' is: '$29.99'

2023-08-31 09:17:18 - [MESSAGE][PASSED] - Text of object 'Object Repository/Product Text Price Product 1' is: '$29.99'

2023-08-31 09:17:18 - [TEST_STEP][PASSED] - click(findTestObject("Product Text Product 1")): Object: 'Object Repository/Product Text Product 1' is clicked on

2023-08-31 09:17:18 - [MESSAGE][PASSED] - Object: 'Object Repository/Product Text Product 1' is clicked on

2023-08-31 09:17:18 - [TEST_STEP][PASSED] - verifyElementText(findTestObject("Detail Product Text Name Product 1"), name): Actual text and expected text of test object 'Object Repository/Detail Product Text Name Product 1' are matched.

2023-08-31 09:17:19 - [MESSAGE][PASSED] - Actual text and expected text of test object 'Object Repository/Detail Product Text Name Product 1' are matched.

2023-08-31 09:17:19 - [TEST_STEP][PASSED] - verifyElementText(findTestObject("Detail Product Text Desc Product 1"), desc): Actual text and expected text of test object 'Object Repository/Detail Product Text Desc Product 1' are matched.

2023-08-31 09:17:19 - [MESSAGE][PASSED] - Actual text and expected text of test object 'Object Repository/Detail Product Text Desc Product 1' are matched.

2023-08-31 09:17:19 - [TEST_STEP][PASSED] - verifyElementText(findTestObject("Detail Product Text Price Product 1"), price): Actual text and expected text of test object 'Object Repository/Detail Product Text Price Product 1' are matched.

2023-08-31 09:17:20 - [MESSAGE][PASSED] - Actual text and expected text of test object 'Object Repository/Detail Product Text Price Product 1' are matched.]]></system-out>
         <system-err><![CDATA[]]></system-err>
      </testcase>
      <testcase name="Test Cases/Keranjang/TC-Cart-Nav-001" time="13.271" classname="Test Cases/Keranjang/TC-Cart-Nav-001" status="PASSED">
         <system-out><![CDATA[2023-08-31 09:17:20 - [TEST_CASE][PASSED] - Test Cases/Keranjang/TC-Cart-Nav-001: Test Cases/Keranjang/TC-Cart-Nav-001

2023-08-31 09:17:20 - [TEST_STEP][PASSED] - callTestCase(findTestCase("Keranjang/TC-Cart-Show-002"), [:], STOP_ON_FAILURE): Call Test Case 'Test Cases/Keranjang/TC-Cart-Show-002' successfully

2023-08-31 09:17:20 - [TEST_CASE][PASSED] - Test Cases/Keranjang/TC-Cart-Show-002: Test Cases/Keranjang/TC-Cart-Show-002

2023-08-31 09:17:20 - [TEST_STEP][PASSED] - data = callTestCase(findTestCase("Products/TC-Product-AddCart-001"), [:], STOP_ON_FAILURE): Call Test Case 'Test Cases/Products/TC-Product-AddCart-001' successfully

2023-08-31 09:17:20 - [TEST_CASE][PASSED] - Test Cases/Products/TC-Product-AddCart-001: Test Cases/Products/TC-Product-AddCart-001

2023-08-31 09:17:20 - [TEST_STEP][PASSED] - callTestCase(findTestCase("Products/TC-Product-Show-001"), [:], STOP_ON_FAILURE): Call Test Case 'Test Cases/Products/TC-Product-Show-001' successfully

2023-08-31 09:17:20 - [TEST_CASE][PASSED] - Test Cases/Products/TC-Product-Show-001: Test Cases/Products/TC-Product-Show-001

2023-08-31 09:17:20 - [TEST_STEP][PASSED] - callTestCase(findTestCase("Login/TC-Login-Success-001"), ["username":"standard_user", "password":"qcu24s4901FyWDTwXGr6XA=="], STOP_ON_FAILURE): Call Test Case 'Test Cases/Login/TC-Login-Success-001' successfully

2023-08-31 09:17:20 - [TEST_CASE][PASSED] - Test Cases/Login/TC-Login-Success-001: Test Cases/Login/TC-Login-Success-001

2023-08-31 09:17:20 - [TEST_STEP][PASSED] - openBrowser(WEB_URL): Browser is opened with url: 'https://www.saucedemo.com/'

2023-08-31 09:17:20 - [MESSAGE][WARNING] - A browser is already opened. Closing browser and opening a new one

2023-08-31 09:17:21 - [MESSAGE][INFO] - Starting 'Edge Chromium' driver

2023-08-31 09:17:23 - [MESSAGE][INFO] - Action delay is set to 0 milliseconds

2023-08-31 09:17:25 - [MESSAGE][PASSED] - Browser is opened with url: 'https://www.saucedemo.com/'

2023-08-31 09:17:25 - [TEST_STEP][PASSED] - verifyElementPresent(findTestObject("Login Title Text"), 10): Object 'Object Repository/Login Title Text' is present

2023-08-31 09:17:26 - [MESSAGE][PASSED] - Object 'Object Repository/Login Title Text' is present

2023-08-31 09:17:26 - [TEST_STEP][PASSED] - setText(findTestObject("Login Input Username"), username): Text 'standard_user' is set on object 'Object Repository/Login Input Username'

2023-08-31 09:17:26 - [MESSAGE][PASSED] - Text 'standard_user' is set on object 'Object Repository/Login Input Username'

2023-08-31 09:17:26 - [TEST_STEP][PASSED] - setEncryptedText(findTestObject("Login Input Password"), password): Text ****** has been set on object 'Object Repository/Login Input Password'

2023-08-31 09:17:27 - [MESSAGE][PASSED] - Text ****** has been set on object 'Object Repository/Login Input Password'

2023-08-31 09:17:27 - [TEST_STEP][PASSED] - click(findTestObject("Login Button")): Object: 'Object Repository/Login Button' is clicked on

2023-08-31 09:17:27 - [MESSAGE][PASSED] - Object: 'Object Repository/Login Button' is clicked on

2023-08-31 09:17:27 - [TEST_STEP][PASSED] - verifyElementPresent(findTestObject("Product Title Text"), 10): Object 'Object Repository/Product Title Text' is present

2023-08-31 09:17:28 - [MESSAGE][PASSED] - Object 'Object Repository/Product Title Text' is present

2023-08-31 09:17:28 - [MESSAGE][PASSED] - Call Test Case 'Test Cases/Login/TC-Login-Success-001' successfully

2023-08-31 09:17:28 - [TEST_STEP][PASSED] - verifyElementPresent(findTestObject("Product Title Text"), 10): Object 'Object Repository/Product Title Text' is present

2023-08-31 09:17:28 - [MESSAGE][PASSED] - Object 'Object Repository/Product Title Text' is present

2023-08-31 09:17:28 - [MESSAGE][PASSED] - Call Test Case 'Test Cases/Products/TC-Product-Show-001' successfully

2023-08-31 09:17:28 - [TEST_STEP][PASSED] - click(findTestObject("Product Button ATC Product 1")): Object: 'Object Repository/Product Button ATC Product 1' is clicked on

2023-08-31 09:17:28 - [MESSAGE][PASSED] - Object: 'Object Repository/Product Button ATC Product 1' is clicked on

2023-08-31 09:17:28 - [TEST_STEP][PASSED] - verifyElementText(findTestObject("Product Button Remove Product 1"), "Remove"): Actual text and expected text of test object 'Object Repository/Product Button Remove Product 1' are matched.

2023-08-31 09:17:29 - [MESSAGE][PASSED] - Actual text and expected text of test object 'Object Repository/Product Button Remove Product 1' are matched.

2023-08-31 09:17:29 - [TEST_STEP][PASSED] - verifyElementText(findTestObject("Product Label Icon Cart"), "1"): Actual text and expected text of test object 'Object Repository/Product Label Icon Cart' are matched.

2023-08-31 09:17:29 - [MESSAGE][PASSED] - Actual text and expected text of test object 'Object Repository/Product Label Icon Cart' are matched.

2023-08-31 09:17:29 - [TEST_STEP][PASSED] - name = getText(findTestObject("Product Text Name Product 1")): Text of object 'Object Repository/Product Text Name Product 1' is: 'Sauce Labs Backpack'

2023-08-31 09:17:30 - [MESSAGE][PASSED] - Text of object 'Object Repository/Product Text Name Product 1' is: 'Sauce Labs Backpack'

2023-08-31 09:17:30 - [TEST_STEP][PASSED] - desc = getText(findTestObject("Product Text Desc Product 1")): Text of object 'Object Repository/Product Text Desc Product 1' is: 'carry.allTheThings() with the sleek, streamlined Sly Pack that melds uncompromising style with unequaled laptop and tablet protection.'

2023-08-31 09:17:30 - [MESSAGE][PASSED] - Text of object 'Object Repository/Product Text Desc Product 1' is: 'carry.allTheThings() with the sleek, streamlined Sly Pack that melds uncompromising style with unequaled laptop and tablet protection.'

2023-08-31 09:17:30 - [TEST_STEP][PASSED] - prize = getText(findTestObject("Product Text Price Product 1")): Text of object 'Object Repository/Product Text Price Product 1' is: '$29.99'

2023-08-31 09:17:30 - [MESSAGE][PASSED] - Text of object 'Object Repository/Product Text Price Product 1' is: '$29.99'

2023-08-31 09:17:30 - [TEST_STEP][PASSED] - data = new java.util.HashMap(): null

2023-08-31 09:17:30 - [TEST_STEP][PASSED] - data.put("product_name", name): null

2023-08-31 09:17:30 - [TEST_STEP][PASSED] - data.put("product_desc", desc): null

2023-08-31 09:17:30 - [TEST_STEP][PASSED] - data.put("product_price", prize): null

2023-08-31 09:17:30 - [TEST_STEP][PASSED] - return data: null

2023-08-31 09:17:30 - [MESSAGE][PASSED] - Call Test Case 'Test Cases/Products/TC-Product-AddCart-001' successfully

2023-08-31 09:17:30 - [TEST_STEP][PASSED] - click(findTestObject("Product Icon Cart")): Object: 'Object Repository/Product Icon Cart' is clicked on

2023-08-31 09:17:31 - [MESSAGE][PASSED] - Object: 'Object Repository/Product Icon Cart' is clicked on

2023-08-31 09:17:31 - [TEST_STEP][PASSED] - verifyElementPresent(findTestObject("Cart Title Text"), 10): Object 'Object Repository/Cart Title Text' is present

2023-08-31 09:17:31 - [MESSAGE][PASSED] - Object 'Object Repository/Cart Title Text' is present

2023-08-31 09:17:31 - [TEST_STEP][PASSED] - name = getText(findTestObject("Cart Text Product 1 Title")): Text of object 'Object Repository/Cart Text Product 1 Title' is: 'Sauce Labs Backpack'

2023-08-31 09:17:31 - [MESSAGE][PASSED] - Text of object 'Object Repository/Cart Text Product 1 Title' is: 'Sauce Labs Backpack'

2023-08-31 09:17:31 - [TEST_STEP][PASSED] - desc = getText(findTestObject("Cart Text Product 1 Desc")): Text of object 'Object Repository/Cart Text Product 1 Desc' is: 'carry.allTheThings() with the sleek, streamlined Sly Pack that melds uncompromising style with unequaled laptop and tablet protection.'

2023-08-31 09:17:32 - [MESSAGE][PASSED] - Text of object 'Object Repository/Cart Text Product 1 Desc' is: 'carry.allTheThings() with the sleek, streamlined Sly Pack that melds uncompromising style with unequaled laptop and tablet protection.'

2023-08-31 09:17:32 - [TEST_STEP][PASSED] - price = getText(findTestObject("Cart Text Product 1 Price")): Text of object 'Object Repository/Cart Text Product 1 Price' is: '$29.99'

2023-08-31 09:17:32 - [MESSAGE][PASSED] - Text of object 'Object Repository/Cart Text Product 1 Price' is: '$29.99'

2023-08-31 09:17:32 - [TEST_STEP][PASSED] - assert name == data.get("product_name"): null

2023-08-31 09:17:32 - [TEST_STEP][PASSED] - assert desc == data.get("product_desc"): null

2023-08-31 09:17:32 - [TEST_STEP][PASSED] - assert price == data.get("product_price"): null

2023-08-31 09:17:32 - [TEST_STEP][PASSED] - return data: null

2023-08-31 09:17:32 - [MESSAGE][PASSED] - Call Test Case 'Test Cases/Keranjang/TC-Cart-Show-002' successfully

2023-08-31 09:17:32 - [TEST_STEP][PASSED] - click(findTestObject("Cart Button Continue Shopping")): Object: 'Object Repository/Cart Button Continue Shopping' is clicked on

2023-08-31 09:17:32 - [MESSAGE][PASSED] - Object: 'Object Repository/Cart Button Continue Shopping' is clicked on

2023-08-31 09:17:32 - [TEST_STEP][PASSED] - verifyElementPresent(findTestObject("Product Title Text"), 10): Object 'Object Repository/Product Title Text' is present

2023-08-31 09:17:33 - [MESSAGE][PASSED] - Object 'Object Repository/Product Title Text' is present]]></system-out>
         <system-err><![CDATA[]]></system-err>
      </testcase>
      <testcase name="Test Cases/Keranjang/TC-Cart-Nav-002" time="16.731" classname="Test Cases/Keranjang/TC-Cart-Nav-002" status="PASSED">
         <system-out><![CDATA[2023-08-31 09:17:33 - [TEST_CASE][PASSED] - Test Cases/Keranjang/TC-Cart-Nav-002: Test Cases/Keranjang/TC-Cart-Nav-002

2023-08-31 09:17:33 - [TEST_STEP][PASSED] - callTestCase(findTestCase("Keranjang/TC-Cart-Show-002"), [:], STOP_ON_FAILURE): Call Test Case 'Test Cases/Keranjang/TC-Cart-Show-002' successfully

2023-08-31 09:17:33 - [TEST_CASE][PASSED] - Test Cases/Keranjang/TC-Cart-Show-002: Test Cases/Keranjang/TC-Cart-Show-002

2023-08-31 09:17:33 - [TEST_STEP][PASSED] - data = callTestCase(findTestCase("Products/TC-Product-AddCart-001"), [:], STOP_ON_FAILURE): Call Test Case 'Test Cases/Products/TC-Product-AddCart-001' successfully

2023-08-31 09:17:33 - [TEST_CASE][PASSED] - Test Cases/Products/TC-Product-AddCart-001: Test Cases/Products/TC-Product-AddCart-001

2023-08-31 09:17:33 - [TEST_STEP][PASSED] - callTestCase(findTestCase("Products/TC-Product-Show-001"), [:], STOP_ON_FAILURE): Call Test Case 'Test Cases/Products/TC-Product-Show-001' successfully

2023-08-31 09:17:33 - [TEST_CASE][PASSED] - Test Cases/Products/TC-Product-Show-001: Test Cases/Products/TC-Product-Show-001

2023-08-31 09:17:33 - [TEST_STEP][PASSED] - callTestCase(findTestCase("Login/TC-Login-Success-001"), ["username":"standard_user", "password":"qcu24s4901FyWDTwXGr6XA=="], STOP_ON_FAILURE): Call Test Case 'Test Cases/Login/TC-Login-Success-001' successfully

2023-08-31 09:17:33 - [TEST_CASE][PASSED] - Test Cases/Login/TC-Login-Success-001: Test Cases/Login/TC-Login-Success-001

2023-08-31 09:17:33 - [TEST_STEP][PASSED] - openBrowser(WEB_URL): Browser is opened with url: 'https://www.saucedemo.com/'

2023-08-31 09:17:33 - [MESSAGE][WARNING] - A browser is already opened. Closing browser and opening a new one

2023-08-31 09:17:34 - [MESSAGE][INFO] - Starting 'Edge Chromium' driver

2023-08-31 09:17:36 - [MESSAGE][INFO] - Action delay is set to 0 milliseconds

2023-08-31 09:17:40 - [MESSAGE][PASSED] - Browser is opened with url: 'https://www.saucedemo.com/'

2023-08-31 09:17:40 - [TEST_STEP][PASSED] - verifyElementPresent(findTestObject("Login Title Text"), 10): Object 'Object Repository/Login Title Text' is present

2023-08-31 09:17:41 - [MESSAGE][PASSED] - Object 'Object Repository/Login Title Text' is present

2023-08-31 09:17:41 - [TEST_STEP][PASSED] - setText(findTestObject("Login Input Username"), username): Text 'standard_user' is set on object 'Object Repository/Login Input Username'

2023-08-31 09:17:41 - [MESSAGE][PASSED] - Text 'standard_user' is set on object 'Object Repository/Login Input Username'

2023-08-31 09:17:41 - [TEST_STEP][PASSED] - setEncryptedText(findTestObject("Login Input Password"), password): Text ****** has been set on object 'Object Repository/Login Input Password'

2023-08-31 09:17:42 - [MESSAGE][PASSED] - Text ****** has been set on object 'Object Repository/Login Input Password'

2023-08-31 09:17:42 - [TEST_STEP][PASSED] - click(findTestObject("Login Button")): Object: 'Object Repository/Login Button' is clicked on

2023-08-31 09:17:42 - [MESSAGE][PASSED] - Object: 'Object Repository/Login Button' is clicked on

2023-08-31 09:17:42 - [TEST_STEP][PASSED] - verifyElementPresent(findTestObject("Product Title Text"), 10): Object 'Object Repository/Product Title Text' is present

2023-08-31 09:17:43 - [MESSAGE][PASSED] - Object 'Object Repository/Product Title Text' is present

2023-08-31 09:17:43 - [MESSAGE][PASSED] - Call Test Case 'Test Cases/Login/TC-Login-Success-001' successfully

2023-08-31 09:17:43 - [TEST_STEP][PASSED] - verifyElementPresent(findTestObject("Product Title Text"), 10): Object 'Object Repository/Product Title Text' is present

2023-08-31 09:17:43 - [MESSAGE][PASSED] - Object 'Object Repository/Product Title Text' is present

2023-08-31 09:17:43 - [MESSAGE][PASSED] - Call Test Case 'Test Cases/Products/TC-Product-Show-001' successfully

2023-08-31 09:17:43 - [TEST_STEP][PASSED] - click(findTestObject("Product Button ATC Product 1")): Object: 'Object Repository/Product Button ATC Product 1' is clicked on

2023-08-31 09:17:44 - [MESSAGE][PASSED] - Object: 'Object Repository/Product Button ATC Product 1' is clicked on

2023-08-31 09:17:44 - [TEST_STEP][PASSED] - verifyElementText(findTestObject("Product Button Remove Product 1"), "Remove"): Actual text and expected text of test object 'Object Repository/Product Button Remove Product 1' are matched.

2023-08-31 09:17:44 - [MESSAGE][PASSED] - Actual text and expected text of test object 'Object Repository/Product Button Remove Product 1' are matched.

2023-08-31 09:17:44 - [TEST_STEP][PASSED] - verifyElementText(findTestObject("Product Label Icon Cart"), "1"): Actual text and expected text of test object 'Object Repository/Product Label Icon Cart' are matched.

2023-08-31 09:17:44 - [MESSAGE][PASSED] - Actual text and expected text of test object 'Object Repository/Product Label Icon Cart' are matched.

2023-08-31 09:17:44 - [TEST_STEP][PASSED] - name = getText(findTestObject("Product Text Name Product 1")): Text of object 'Object Repository/Product Text Name Product 1' is: 'Sauce Labs Backpack'

2023-08-31 09:17:45 - [MESSAGE][PASSED] - Text of object 'Object Repository/Product Text Name Product 1' is: 'Sauce Labs Backpack'

2023-08-31 09:17:45 - [TEST_STEP][PASSED] - desc = getText(findTestObject("Product Text Desc Product 1")): Text of object 'Object Repository/Product Text Desc Product 1' is: 'carry.allTheThings() with the sleek, streamlined Sly Pack that melds uncompromising style with unequaled laptop and tablet protection.'

2023-08-31 09:17:45 - [MESSAGE][PASSED] - Text of object 'Object Repository/Product Text Desc Product 1' is: 'carry.allTheThings() with the sleek, streamlined Sly Pack that melds uncompromising style with unequaled laptop and tablet protection.'

2023-08-31 09:17:45 - [TEST_STEP][PASSED] - prize = getText(findTestObject("Product Text Price Product 1")): Text of object 'Object Repository/Product Text Price Product 1' is: '$29.99'

2023-08-31 09:17:45 - [MESSAGE][PASSED] - Text of object 'Object Repository/Product Text Price Product 1' is: '$29.99'

2023-08-31 09:17:45 - [TEST_STEP][PASSED] - data = new java.util.HashMap(): null

2023-08-31 09:17:45 - [TEST_STEP][PASSED] - data.put("product_name", name): null

2023-08-31 09:17:45 - [TEST_STEP][PASSED] - data.put("product_desc", desc): null

2023-08-31 09:17:45 - [TEST_STEP][PASSED] - data.put("product_price", prize): null

2023-08-31 09:17:45 - [TEST_STEP][PASSED] - return data: null

2023-08-31 09:17:45 - [MESSAGE][PASSED] - Call Test Case 'Test Cases/Products/TC-Product-AddCart-001' successfully

2023-08-31 09:17:45 - [TEST_STEP][PASSED] - click(findTestObject("Product Icon Cart")): Object: 'Object Repository/Product Icon Cart' is clicked on

2023-08-31 09:17:46 - [MESSAGE][PASSED] - Object: 'Object Repository/Product Icon Cart' is clicked on

2023-08-31 09:17:46 - [TEST_STEP][PASSED] - verifyElementPresent(findTestObject("Cart Title Text"), 10): Object 'Object Repository/Cart Title Text' is present

2023-08-31 09:17:46 - [MESSAGE][PASSED] - Object 'Object Repository/Cart Title Text' is present

2023-08-31 09:17:46 - [TEST_STEP][PASSED] - name = getText(findTestObject("Cart Text Product 1 Title")): Text of object 'Object Repository/Cart Text Product 1 Title' is: 'Sauce Labs Backpack'

2023-08-31 09:17:46 - [MESSAGE][PASSED] - Text of object 'Object Repository/Cart Text Product 1 Title' is: 'Sauce Labs Backpack'

2023-08-31 09:17:46 - [TEST_STEP][PASSED] - desc = getText(findTestObject("Cart Text Product 1 Desc")): Text of object 'Object Repository/Cart Text Product 1 Desc' is: 'carry.allTheThings() with the sleek, streamlined Sly Pack that melds uncompromising style with unequaled laptop and tablet protection.'

2023-08-31 09:17:47 - [MESSAGE][PASSED] - Text of object 'Object Repository/Cart Text Product 1 Desc' is: 'carry.allTheThings() with the sleek, streamlined Sly Pack that melds uncompromising style with unequaled laptop and tablet protection.'

2023-08-31 09:17:47 - [TEST_STEP][PASSED] - price = getText(findTestObject("Cart Text Product 1 Price")): Text of object 'Object Repository/Cart Text Product 1 Price' is: '$29.99'

2023-08-31 09:17:47 - [MESSAGE][PASSED] - Text of object 'Object Repository/Cart Text Product 1 Price' is: '$29.99'

2023-08-31 09:17:47 - [TEST_STEP][PASSED] - assert name == data.get("product_name"): null

2023-08-31 09:17:47 - [TEST_STEP][PASSED] - assert desc == data.get("product_desc"): null

2023-08-31 09:17:47 - [TEST_STEP][PASSED] - assert price == data.get("product_price"): null

2023-08-31 09:17:47 - [TEST_STEP][PASSED] - return data: null

2023-08-31 09:17:47 - [MESSAGE][PASSED] - Call Test Case 'Test Cases/Keranjang/TC-Cart-Show-002' successfully

2023-08-31 09:17:47 - [TEST_STEP][PASSED] - title = getText(findTestObject("Cart Text Product 1 Title")): Text of object 'Object Repository/Cart Text Product 1 Title' is: 'Sauce Labs Backpack'

2023-08-31 09:17:47 - [MESSAGE][PASSED] - Text of object 'Object Repository/Cart Text Product 1 Title' is: 'Sauce Labs Backpack'

2023-08-31 09:17:47 - [TEST_STEP][PASSED] - desc = getText(findTestObject("Cart Text Product 1 Desc")): Text of object 'Object Repository/Cart Text Product 1 Desc' is: 'carry.allTheThings() with the sleek, streamlined Sly Pack that melds uncompromising style with unequaled laptop and tablet protection.'

2023-08-31 09:17:48 - [MESSAGE][PASSED] - Text of object 'Object Repository/Cart Text Product 1 Desc' is: 'carry.allTheThings() with the sleek, streamlined Sly Pack that melds uncompromising style with unequaled laptop and tablet protection.'

2023-08-31 09:17:48 - [TEST_STEP][PASSED] - price = getText(findTestObject("Cart Text Product 1 Price")).replace("Remove", ""): Text of object 'Object Repository/Cart Text Product 1 Price' is: '$29.99'

2023-08-31 09:17:48 - [MESSAGE][PASSED] - Text of object 'Object Repository/Cart Text Product 1 Price' is: '$29.99'

2023-08-31 09:17:48 - [TEST_STEP][PASSED] - click(findTestObject("Cart Text Product 1")): Object: 'Object Repository/Cart Text Product 1' is clicked on

2023-08-31 09:17:48 - [MESSAGE][PASSED] - Object: 'Object Repository/Cart Text Product 1' is clicked on

2023-08-31 09:17:48 - [TEST_STEP][PASSED] - verifyElementText(findTestObject("Detail Product Text Name Product 1"), title): Actual text and expected text of test object 'Object Repository/Detail Product Text Name Product 1' are matched.

2023-08-31 09:17:49 - [MESSAGE][PASSED] - Actual text and expected text of test object 'Object Repository/Detail Product Text Name Product 1' are matched.

2023-08-31 09:17:49 - [TEST_STEP][PASSED] - verifyElementText(findTestObject("Detail Product Text Desc Product 1"), desc): Actual text and expected text of test object 'Object Repository/Detail Product Text Desc Product 1' are matched.

2023-08-31 09:17:49 - [MESSAGE][PASSED] - Actual text and expected text of test object 'Object Repository/Detail Product Text Desc Product 1' are matched.

2023-08-31 09:17:49 - [TEST_STEP][PASSED] - verifyElementText(findTestObject("Detail Product Text Price Product 1"), price): Actual text and expected text of test object 'Object Repository/Detail Product Text Price Product 1' are matched.

2023-08-31 09:17:50 - [MESSAGE][PASSED] - Actual text and expected text of test object 'Object Repository/Detail Product Text Price Product 1' are matched.]]></system-out>
         <system-err><![CDATA[]]></system-err>
      </testcase>
      <testcase name="Test Cases/Keranjang/TC-Cart-Remove-001" time="13.288" classname="Test Cases/Keranjang/TC-Cart-Remove-001" status="PASSED">
         <system-out><![CDATA[2023-08-31 09:17:50 - [TEST_CASE][PASSED] - Test Cases/Keranjang/TC-Cart-Remove-001: Test Cases/Keranjang/TC-Cart-Remove-001

2023-08-31 09:17:50 - [TEST_STEP][PASSED] - callTestCase(findTestCase("Keranjang/TC-Cart-Show-002"), [:], STOP_ON_FAILURE): Call Test Case 'Test Cases/Keranjang/TC-Cart-Show-002' successfully

2023-08-31 09:17:50 - [TEST_CASE][PASSED] - Test Cases/Keranjang/TC-Cart-Show-002: Test Cases/Keranjang/TC-Cart-Show-002

2023-08-31 09:17:50 - [TEST_STEP][PASSED] - data = callTestCase(findTestCase("Products/TC-Product-AddCart-001"), [:], STOP_ON_FAILURE): Call Test Case 'Test Cases/Products/TC-Product-AddCart-001' successfully

2023-08-31 09:17:50 - [TEST_CASE][PASSED] - Test Cases/Products/TC-Product-AddCart-001: Test Cases/Products/TC-Product-AddCart-001

2023-08-31 09:17:50 - [TEST_STEP][PASSED] - callTestCase(findTestCase("Products/TC-Product-Show-001"), [:], STOP_ON_FAILURE): Call Test Case 'Test Cases/Products/TC-Product-Show-001' successfully

2023-08-31 09:17:50 - [TEST_CASE][PASSED] - Test Cases/Products/TC-Product-Show-001: Test Cases/Products/TC-Product-Show-001

2023-08-31 09:17:50 - [TEST_STEP][PASSED] - callTestCase(findTestCase("Login/TC-Login-Success-001"), ["username":"standard_user", "password":"qcu24s4901FyWDTwXGr6XA=="], STOP_ON_FAILURE): Call Test Case 'Test Cases/Login/TC-Login-Success-001' successfully

2023-08-31 09:17:50 - [TEST_CASE][PASSED] - Test Cases/Login/TC-Login-Success-001: Test Cases/Login/TC-Login-Success-001

2023-08-31 09:17:50 - [TEST_STEP][PASSED] - openBrowser(WEB_URL): Browser is opened with url: 'https://www.saucedemo.com/'

2023-08-31 09:17:50 - [MESSAGE][WARNING] - A browser is already opened. Closing browser and opening a new one

2023-08-31 09:17:51 - [MESSAGE][INFO] - Starting 'Edge Chromium' driver

2023-08-31 09:17:53 - [MESSAGE][INFO] - Action delay is set to 0 milliseconds

2023-08-31 09:17:55 - [MESSAGE][PASSED] - Browser is opened with url: 'https://www.saucedemo.com/'

2023-08-31 09:17:55 - [TEST_STEP][PASSED] - verifyElementPresent(findTestObject("Login Title Text"), 10): Object 'Object Repository/Login Title Text' is present

2023-08-31 09:17:56 - [MESSAGE][PASSED] - Object 'Object Repository/Login Title Text' is present

2023-08-31 09:17:56 - [TEST_STEP][PASSED] - setText(findTestObject("Login Input Username"), username): Text 'standard_user' is set on object 'Object Repository/Login Input Username'

2023-08-31 09:17:56 - [MESSAGE][PASSED] - Text 'standard_user' is set on object 'Object Repository/Login Input Username'

2023-08-31 09:17:56 - [TEST_STEP][PASSED] - setEncryptedText(findTestObject("Login Input Password"), password): Text ****** has been set on object 'Object Repository/Login Input Password'

2023-08-31 09:17:57 - [MESSAGE][PASSED] - Text ****** has been set on object 'Object Repository/Login Input Password'

2023-08-31 09:17:57 - [TEST_STEP][PASSED] - click(findTestObject("Login Button")): Object: 'Object Repository/Login Button' is clicked on

2023-08-31 09:17:57 - [MESSAGE][PASSED] - Object: 'Object Repository/Login Button' is clicked on

2023-08-31 09:17:57 - [TEST_STEP][PASSED] - verifyElementPresent(findTestObject("Product Title Text"), 10): Object 'Object Repository/Product Title Text' is present

2023-08-31 09:17:58 - [MESSAGE][PASSED] - Object 'Object Repository/Product Title Text' is present

2023-08-31 09:17:58 - [MESSAGE][PASSED] - Call Test Case 'Test Cases/Login/TC-Login-Success-001' successfully

2023-08-31 09:17:58 - [TEST_STEP][PASSED] - verifyElementPresent(findTestObject("Product Title Text"), 10): Object 'Object Repository/Product Title Text' is present

2023-08-31 09:17:58 - [MESSAGE][PASSED] - Object 'Object Repository/Product Title Text' is present

2023-08-31 09:17:58 - [MESSAGE][PASSED] - Call Test Case 'Test Cases/Products/TC-Product-Show-001' successfully

2023-08-31 09:17:58 - [TEST_STEP][PASSED] - click(findTestObject("Product Button ATC Product 1")): Object: 'Object Repository/Product Button ATC Product 1' is clicked on

2023-08-31 09:17:59 - [MESSAGE][PASSED] - Object: 'Object Repository/Product Button ATC Product 1' is clicked on

2023-08-31 09:17:59 - [TEST_STEP][PASSED] - verifyElementText(findTestObject("Product Button Remove Product 1"), "Remove"): Actual text and expected text of test object 'Object Repository/Product Button Remove Product 1' are matched.

2023-08-31 09:17:59 - [MESSAGE][PASSED] - Actual text and expected text of test object 'Object Repository/Product Button Remove Product 1' are matched.

2023-08-31 09:17:59 - [TEST_STEP][PASSED] - verifyElementText(findTestObject("Product Label Icon Cart"), "1"): Actual text and expected text of test object 'Object Repository/Product Label Icon Cart' are matched.

2023-08-31 09:17:59 - [MESSAGE][PASSED] - Actual text and expected text of test object 'Object Repository/Product Label Icon Cart' are matched.

2023-08-31 09:17:59 - [TEST_STEP][PASSED] - name = getText(findTestObject("Product Text Name Product 1")): Text of object 'Object Repository/Product Text Name Product 1' is: 'Sauce Labs Backpack'

2023-08-31 09:18:00 - [MESSAGE][PASSED] - Text of object 'Object Repository/Product Text Name Product 1' is: 'Sauce Labs Backpack'

2023-08-31 09:18:00 - [TEST_STEP][PASSED] - desc = getText(findTestObject("Product Text Desc Product 1")): Text of object 'Object Repository/Product Text Desc Product 1' is: 'carry.allTheThings() with the sleek, streamlined Sly Pack that melds uncompromising style with unequaled laptop and tablet protection.'

2023-08-31 09:18:00 - [MESSAGE][PASSED] - Text of object 'Object Repository/Product Text Desc Product 1' is: 'carry.allTheThings() with the sleek, streamlined Sly Pack that melds uncompromising style with unequaled laptop and tablet protection.'

2023-08-31 09:18:00 - [TEST_STEP][PASSED] - prize = getText(findTestObject("Product Text Price Product 1")): Text of object 'Object Repository/Product Text Price Product 1' is: '$29.99'

2023-08-31 09:18:00 - [MESSAGE][PASSED] - Text of object 'Object Repository/Product Text Price Product 1' is: '$29.99'

2023-08-31 09:18:00 - [TEST_STEP][PASSED] - data = new java.util.HashMap(): null

2023-08-31 09:18:00 - [TEST_STEP][PASSED] - data.put("product_name", name): null

2023-08-31 09:18:00 - [TEST_STEP][PASSED] - data.put("product_desc", desc): null

2023-08-31 09:18:00 - [TEST_STEP][PASSED] - data.put("product_price", prize): null

2023-08-31 09:18:00 - [TEST_STEP][PASSED] - return data: null

2023-08-31 09:18:00 - [MESSAGE][PASSED] - Call Test Case 'Test Cases/Products/TC-Product-AddCart-001' successfully

2023-08-31 09:18:00 - [TEST_STEP][PASSED] - click(findTestObject("Product Icon Cart")): Object: 'Object Repository/Product Icon Cart' is clicked on

2023-08-31 09:18:01 - [MESSAGE][PASSED] - Object: 'Object Repository/Product Icon Cart' is clicked on

2023-08-31 09:18:01 - [TEST_STEP][PASSED] - verifyElementPresent(findTestObject("Cart Title Text"), 10): Object 'Object Repository/Cart Title Text' is present

2023-08-31 09:18:01 - [MESSAGE][PASSED] - Object 'Object Repository/Cart Title Text' is present

2023-08-31 09:18:01 - [TEST_STEP][PASSED] - name = getText(findTestObject("Cart Text Product 1 Title")): Text of object 'Object Repository/Cart Text Product 1 Title' is: 'Sauce Labs Backpack'

2023-08-31 09:18:01 - [MESSAGE][PASSED] - Text of object 'Object Repository/Cart Text Product 1 Title' is: 'Sauce Labs Backpack'

2023-08-31 09:18:01 - [TEST_STEP][PASSED] - desc = getText(findTestObject("Cart Text Product 1 Desc")): Text of object 'Object Repository/Cart Text Product 1 Desc' is: 'carry.allTheThings() with the sleek, streamlined Sly Pack that melds uncompromising style with unequaled laptop and tablet protection.'

2023-08-31 09:18:02 - [MESSAGE][PASSED] - Text of object 'Object Repository/Cart Text Product 1 Desc' is: 'carry.allTheThings() with the sleek, streamlined Sly Pack that melds uncompromising style with unequaled laptop and tablet protection.'

2023-08-31 09:18:02 - [TEST_STEP][PASSED] - price = getText(findTestObject("Cart Text Product 1 Price")): Text of object 'Object Repository/Cart Text Product 1 Price' is: '$29.99'

2023-08-31 09:18:02 - [MESSAGE][PASSED] - Text of object 'Object Repository/Cart Text Product 1 Price' is: '$29.99'

2023-08-31 09:18:02 - [TEST_STEP][PASSED] - assert name == data.get("product_name"): null

2023-08-31 09:18:02 - [TEST_STEP][PASSED] - assert desc == data.get("product_desc"): null

2023-08-31 09:18:02 - [TEST_STEP][PASSED] - assert price == data.get("product_price"): null

2023-08-31 09:18:02 - [TEST_STEP][PASSED] - return data: null

2023-08-31 09:18:02 - [MESSAGE][PASSED] - Call Test Case 'Test Cases/Keranjang/TC-Cart-Show-002' successfully

2023-08-31 09:18:02 - [TEST_STEP][PASSED] - click(findTestObject("Cart Button Remove Product 1")): Object: 'Object Repository/Cart Button Remove Product 1' is clicked on

2023-08-31 09:18:02 - [MESSAGE][PASSED] - Object: 'Object Repository/Cart Button Remove Product 1' is clicked on

2023-08-31 09:18:02 - [TEST_STEP][PASSED] - verifyElementNotPresent(findTestObject("Cart Text Product 1 Title"), 0): Web element with id: 'Object Repository/Cart Text Product 1 Title' located by 'By.xpath: //a[@id='item_4_title_link']/div' is not present after '30' second(s)

2023-08-31 09:18:02 - [MESSAGE][WARNING] - Timeout '0' is invalid. Using default page load timeout: '30'

2023-08-31 09:18:03 - [MESSAGE][PASSED] - Web element with id: 'Object Repository/Cart Text Product 1 Title' located by 'By.xpath: //a[@id='item_4_title_link']/div' is not present after '30' second(s)]]></system-out>
         <system-err><![CDATA[]]></system-err>
      </testcase>
      <testcase name="Test Cases/Keranjang/TC-Cart-Show-001" time="8.639" classname="Test Cases/Keranjang/TC-Cart-Show-001" status="PASSED">
         <system-out><![CDATA[2023-08-31 09:18:03 - [TEST_CASE][PASSED] - Test Cases/Keranjang/TC-Cart-Show-001: Test Cases/Keranjang/TC-Cart-Show-001

2023-08-31 09:18:03 - [TEST_STEP][PASSED] - callTestCase(findTestCase("Login/TC-Login-Success-001"), ["username":"standard_user", "password":"qcu24s4901FyWDTwXGr6XA=="], STOP_ON_FAILURE): Call Test Case 'Test Cases/Login/TC-Login-Success-001' successfully

2023-08-31 09:18:03 - [TEST_CASE][PASSED] - Test Cases/Login/TC-Login-Success-001: Test Cases/Login/TC-Login-Success-001

2023-08-31 09:18:03 - [TEST_STEP][PASSED] - openBrowser(WEB_URL): Browser is opened with url: 'https://www.saucedemo.com/'

2023-08-31 09:18:03 - [MESSAGE][WARNING] - A browser is already opened. Closing browser and opening a new one

2023-08-31 09:18:04 - [MESSAGE][INFO] - Starting 'Edge Chromium' driver

2023-08-31 09:18:06 - [MESSAGE][INFO] - Action delay is set to 0 milliseconds

2023-08-31 09:18:08 - [MESSAGE][PASSED] - Browser is opened with url: 'https://www.saucedemo.com/'

2023-08-31 09:18:08 - [TEST_STEP][PASSED] - verifyElementPresent(findTestObject("Login Title Text"), 10): Object 'Object Repository/Login Title Text' is present

2023-08-31 09:18:08 - [MESSAGE][PASSED] - Object 'Object Repository/Login Title Text' is present

2023-08-31 09:18:08 - [TEST_STEP][PASSED] - setText(findTestObject("Login Input Username"), username): Text 'standard_user' is set on object 'Object Repository/Login Input Username'

2023-08-31 09:18:09 - [MESSAGE][PASSED] - Text 'standard_user' is set on object 'Object Repository/Login Input Username'

2023-08-31 09:18:09 - [TEST_STEP][PASSED] - setEncryptedText(findTestObject("Login Input Password"), password): Text ****** has been set on object 'Object Repository/Login Input Password'

2023-08-31 09:18:09 - [MESSAGE][PASSED] - Text ****** has been set on object 'Object Repository/Login Input Password'

2023-08-31 09:18:09 - [TEST_STEP][PASSED] - click(findTestObject("Login Button")): Object: 'Object Repository/Login Button' is clicked on

2023-08-31 09:18:10 - [MESSAGE][PASSED] - Object: 'Object Repository/Login Button' is clicked on

2023-08-31 09:18:10 - [TEST_STEP][PASSED] - verifyElementPresent(findTestObject("Product Title Text"), 10): Object 'Object Repository/Product Title Text' is present

2023-08-31 09:18:10 - [MESSAGE][PASSED] - Object 'Object Repository/Product Title Text' is present

2023-08-31 09:18:10 - [MESSAGE][PASSED] - Call Test Case 'Test Cases/Login/TC-Login-Success-001' successfully

2023-08-31 09:18:10 - [TEST_STEP][PASSED] - click(findTestObject("Product Icon Cart")): Object: 'Object Repository/Product Icon Cart' is clicked on

2023-08-31 09:18:11 - [MESSAGE][PASSED] - Object: 'Object Repository/Product Icon Cart' is clicked on

2023-08-31 09:18:11 - [TEST_STEP][PASSED] - verifyElementPresent(findTestObject("Cart Title Text"), 10): Object 'Object Repository/Cart Title Text' is present

2023-08-31 09:18:11 - [MESSAGE][PASSED] - Object 'Object Repository/Cart Title Text' is present]]></system-out>
         <system-err><![CDATA[]]></system-err>
      </testcase>
      <testcase name="Test Cases/Keranjang/TC-Cart-Show-002" time="11.965" classname="Test Cases/Keranjang/TC-Cart-Show-002" status="PASSED">
         <system-out><![CDATA[2023-08-31 09:18:11 - [TEST_CASE][PASSED] - Test Cases/Keranjang/TC-Cart-Show-002: Test Cases/Keranjang/TC-Cart-Show-002

2023-08-31 09:18:11 - [TEST_STEP][PASSED] - data = callTestCase(findTestCase("Products/TC-Product-AddCart-001"), [:], STOP_ON_FAILURE): Call Test Case 'Test Cases/Products/TC-Product-AddCart-001' successfully

2023-08-31 09:18:12 - [TEST_CASE][PASSED] - Test Cases/Products/TC-Product-AddCart-001: Test Cases/Products/TC-Product-AddCart-001

2023-08-31 09:18:12 - [TEST_STEP][PASSED] - callTestCase(findTestCase("Products/TC-Product-Show-001"), [:], STOP_ON_FAILURE): Call Test Case 'Test Cases/Products/TC-Product-Show-001' successfully

2023-08-31 09:18:12 - [TEST_CASE][PASSED] - Test Cases/Products/TC-Product-Show-001: Test Cases/Products/TC-Product-Show-001

2023-08-31 09:18:12 - [TEST_STEP][PASSED] - callTestCase(findTestCase("Login/TC-Login-Success-001"), ["username":"standard_user", "password":"qcu24s4901FyWDTwXGr6XA=="], STOP_ON_FAILURE): Call Test Case 'Test Cases/Login/TC-Login-Success-001' successfully

2023-08-31 09:18:12 - [TEST_CASE][PASSED] - Test Cases/Login/TC-Login-Success-001: Test Cases/Login/TC-Login-Success-001

2023-08-31 09:18:12 - [TEST_STEP][PASSED] - openBrowser(WEB_URL): Browser is opened with url: 'https://www.saucedemo.com/'

2023-08-31 09:18:12 - [MESSAGE][WARNING] - A browser is already opened. Closing browser and opening a new one

2023-08-31 09:18:12 - [MESSAGE][INFO] - Starting 'Edge Chromium' driver

2023-08-31 09:18:15 - [MESSAGE][INFO] - Action delay is set to 0 milliseconds

2023-08-31 09:18:17 - [MESSAGE][PASSED] - Browser is opened with url: 'https://www.saucedemo.com/'

2023-08-31 09:18:17 - [TEST_STEP][PASSED] - verifyElementPresent(findTestObject("Login Title Text"), 10): Object 'Object Repository/Login Title Text' is present

2023-08-31 09:18:17 - [MESSAGE][PASSED] - Object 'Object Repository/Login Title Text' is present

2023-08-31 09:18:17 - [TEST_STEP][PASSED] - setText(findTestObject("Login Input Username"), username): Text 'standard_user' is set on object 'Object Repository/Login Input Username'

2023-08-31 09:18:18 - [MESSAGE][PASSED] - Text 'standard_user' is set on object 'Object Repository/Login Input Username'

2023-08-31 09:18:18 - [TEST_STEP][PASSED] - setEncryptedText(findTestObject("Login Input Password"), password): Text ****** has been set on object 'Object Repository/Login Input Password'

2023-08-31 09:18:18 - [MESSAGE][PASSED] - Text ****** has been set on object 'Object Repository/Login Input Password'

2023-08-31 09:18:18 - [TEST_STEP][PASSED] - click(findTestObject("Login Button")): Object: 'Object Repository/Login Button' is clicked on

2023-08-31 09:18:19 - [MESSAGE][PASSED] - Object: 'Object Repository/Login Button' is clicked on

2023-08-31 09:18:19 - [TEST_STEP][PASSED] - verifyElementPresent(findTestObject("Product Title Text"), 10): Object 'Object Repository/Product Title Text' is present

2023-08-31 09:18:19 - [MESSAGE][PASSED] - Object 'Object Repository/Product Title Text' is present

2023-08-31 09:18:19 - [MESSAGE][PASSED] - Call Test Case 'Test Cases/Login/TC-Login-Success-001' successfully

2023-08-31 09:18:19 - [TEST_STEP][PASSED] - verifyElementPresent(findTestObject("Product Title Text"), 10): Object 'Object Repository/Product Title Text' is present

2023-08-31 09:18:20 - [MESSAGE][PASSED] - Object 'Object Repository/Product Title Text' is present

2023-08-31 09:18:20 - [MESSAGE][PASSED] - Call Test Case 'Test Cases/Products/TC-Product-Show-001' successfully

2023-08-31 09:18:20 - [TEST_STEP][PASSED] - click(findTestObject("Product Button ATC Product 1")): Object: 'Object Repository/Product Button ATC Product 1' is clicked on

2023-08-31 09:18:20 - [MESSAGE][PASSED] - Object: 'Object Repository/Product Button ATC Product 1' is clicked on

2023-08-31 09:18:20 - [TEST_STEP][PASSED] - verifyElementText(findTestObject("Product Button Remove Product 1"), "Remove"): Actual text and expected text of test object 'Object Repository/Product Button Remove Product 1' are matched.

2023-08-31 09:18:20 - [MESSAGE][PASSED] - Actual text and expected text of test object 'Object Repository/Product Button Remove Product 1' are matched.

2023-08-31 09:18:20 - [TEST_STEP][PASSED] - verifyElementText(findTestObject("Product Label Icon Cart"), "1"): Actual text and expected text of test object 'Object Repository/Product Label Icon Cart' are matched.

2023-08-31 09:18:21 - [MESSAGE][PASSED] - Actual text and expected text of test object 'Object Repository/Product Label Icon Cart' are matched.

2023-08-31 09:18:21 - [TEST_STEP][PASSED] - name = getText(findTestObject("Product Text Name Product 1")): Text of object 'Object Repository/Product Text Name Product 1' is: 'Sauce Labs Backpack'

2023-08-31 09:18:21 - [MESSAGE][PASSED] - Text of object 'Object Repository/Product Text Name Product 1' is: 'Sauce Labs Backpack'

2023-08-31 09:18:21 - [TEST_STEP][PASSED] - desc = getText(findTestObject("Product Text Desc Product 1")): Text of object 'Object Repository/Product Text Desc Product 1' is: 'carry.allTheThings() with the sleek, streamlined Sly Pack that melds uncompromising style with unequaled laptop and tablet protection.'

2023-08-31 09:18:21 - [MESSAGE][PASSED] - Text of object 'Object Repository/Product Text Desc Product 1' is: 'carry.allTheThings() with the sleek, streamlined Sly Pack that melds uncompromising style with unequaled laptop and tablet protection.'

2023-08-31 09:18:21 - [TEST_STEP][PASSED] - prize = getText(findTestObject("Product Text Price Product 1")): Text of object 'Object Repository/Product Text Price Product 1' is: '$29.99'

2023-08-31 09:18:22 - [MESSAGE][PASSED] - Text of object 'Object Repository/Product Text Price Product 1' is: '$29.99'

2023-08-31 09:18:22 - [TEST_STEP][PASSED] - data = new java.util.HashMap(): null

2023-08-31 09:18:22 - [TEST_STEP][PASSED] - data.put("product_name", name): null

2023-08-31 09:18:22 - [TEST_STEP][PASSED] - data.put("product_desc", desc): null

2023-08-31 09:18:22 - [TEST_STEP][PASSED] - data.put("product_price", prize): null

2023-08-31 09:18:22 - [TEST_STEP][PASSED] - return data: null

2023-08-31 09:18:22 - [MESSAGE][PASSED] - Call Test Case 'Test Cases/Products/TC-Product-AddCart-001' successfully

2023-08-31 09:18:22 - [TEST_STEP][PASSED] - click(findTestObject("Product Icon Cart")): Object: 'Object Repository/Product Icon Cart' is clicked on

2023-08-31 09:18:22 - [MESSAGE][PASSED] - Object: 'Object Repository/Product Icon Cart' is clicked on

2023-08-31 09:18:22 - [TEST_STEP][PASSED] - verifyElementPresent(findTestObject("Cart Title Text"), 10): Object 'Object Repository/Cart Title Text' is present

2023-08-31 09:18:22 - [MESSAGE][PASSED] - Object 'Object Repository/Cart Title Text' is present

2023-08-31 09:18:22 - [TEST_STEP][PASSED] - name = getText(findTestObject("Cart Text Product 1 Title")): Text of object 'Object Repository/Cart Text Product 1 Title' is: 'Sauce Labs Backpack'

2023-08-31 09:18:23 - [MESSAGE][PASSED] - Text of object 'Object Repository/Cart Text Product 1 Title' is: 'Sauce Labs Backpack'

2023-08-31 09:18:23 - [TEST_STEP][PASSED] - desc = getText(findTestObject("Cart Text Product 1 Desc")): Text of object 'Object Repository/Cart Text Product 1 Desc' is: 'carry.allTheThings() with the sleek, streamlined Sly Pack that melds uncompromising style with unequaled laptop and tablet protection.'

2023-08-31 09:18:23 - [MESSAGE][PASSED] - Text of object 'Object Repository/Cart Text Product 1 Desc' is: 'carry.allTheThings() with the sleek, streamlined Sly Pack that melds uncompromising style with unequaled laptop and tablet protection.'

2023-08-31 09:18:23 - [TEST_STEP][PASSED] - price = getText(findTestObject("Cart Text Product 1 Price")): Text of object 'Object Repository/Cart Text Product 1 Price' is: '$29.99'

2023-08-31 09:18:23 - [MESSAGE][PASSED] - Text of object 'Object Repository/Cart Text Product 1 Price' is: '$29.99'

2023-08-31 09:18:23 - [TEST_STEP][PASSED] - assert name == data.get("product_name"): null

2023-08-31 09:18:23 - [TEST_STEP][PASSED] - assert desc == data.get("product_desc"): null

2023-08-31 09:18:23 - [TEST_STEP][PASSED] - assert price == data.get("product_price"): null

2023-08-31 09:18:23 - [TEST_STEP][PASSED] - return data: null]]></system-out>
         <system-err><![CDATA[]]></system-err>
      </testcase>
      <testcase name="Test Cases/Keranjang/TC-Cart-Show-003" time="14.053" classname="Test Cases/Keranjang/TC-Cart-Show-003" status="PASSED">
         <system-out><![CDATA[2023-08-31 09:18:23 - [TEST_CASE][PASSED] - Test Cases/Keranjang/TC-Cart-Show-003: Test Cases/Keranjang/TC-Cart-Show-003

2023-08-31 09:18:24 - [TEST_STEP][PASSED] - data = callTestCase(findTestCase("Products/TC-Product-AddCart-002"), [:], STOP_ON_FAILURE): Call Test Case 'Test Cases/Products/TC-Product-AddCart-002' successfully

2023-08-31 09:18:24 - [TEST_CASE][PASSED] - Test Cases/Products/TC-Product-AddCart-002: Test Cases/Products/TC-Product-AddCart-002

2023-08-31 09:18:24 - [TEST_STEP][PASSED] - data = callTestCase(findTestCase("Products/TC-Product-AddCart-001"), [:], STOP_ON_FAILURE): Call Test Case 'Test Cases/Products/TC-Product-AddCart-001' successfully

2023-08-31 09:18:24 - [TEST_CASE][PASSED] - Test Cases/Products/TC-Product-AddCart-001: Test Cases/Products/TC-Product-AddCart-001

2023-08-31 09:18:24 - [TEST_STEP][PASSED] - callTestCase(findTestCase("Products/TC-Product-Show-001"), [:], STOP_ON_FAILURE): Call Test Case 'Test Cases/Products/TC-Product-Show-001' successfully

2023-08-31 09:18:24 - [TEST_CASE][PASSED] - Test Cases/Products/TC-Product-Show-001: Test Cases/Products/TC-Product-Show-001

2023-08-31 09:18:24 - [TEST_STEP][PASSED] - callTestCase(findTestCase("Login/TC-Login-Success-001"), ["username":"standard_user", "password":"qcu24s4901FyWDTwXGr6XA=="], STOP_ON_FAILURE): Call Test Case 'Test Cases/Login/TC-Login-Success-001' successfully

2023-08-31 09:18:24 - [TEST_CASE][PASSED] - Test Cases/Login/TC-Login-Success-001: Test Cases/Login/TC-Login-Success-001

2023-08-31 09:18:24 - [TEST_STEP][PASSED] - openBrowser(WEB_URL): Browser is opened with url: 'https://www.saucedemo.com/'

2023-08-31 09:18:24 - [MESSAGE][WARNING] - A browser is already opened. Closing browser and opening a new one

2023-08-31 09:18:25 - [MESSAGE][INFO] - Starting 'Edge Chromium' driver

2023-08-31 09:18:27 - [MESSAGE][INFO] - Action delay is set to 0 milliseconds

2023-08-31 09:18:29 - [MESSAGE][PASSED] - Browser is opened with url: 'https://www.saucedemo.com/'

2023-08-31 09:18:29 - [TEST_STEP][PASSED] - verifyElementPresent(findTestObject("Login Title Text"), 10): Object 'Object Repository/Login Title Text' is present

2023-08-31 09:18:29 - [MESSAGE][PASSED] - Object 'Object Repository/Login Title Text' is present

2023-08-31 09:18:29 - [TEST_STEP][PASSED] - setText(findTestObject("Login Input Username"), username): Text 'standard_user' is set on object 'Object Repository/Login Input Username'

2023-08-31 09:18:30 - [MESSAGE][PASSED] - Text 'standard_user' is set on object 'Object Repository/Login Input Username'

2023-08-31 09:18:30 - [TEST_STEP][PASSED] - setEncryptedText(findTestObject("Login Input Password"), password): Text ****** has been set on object 'Object Repository/Login Input Password'

2023-08-31 09:18:30 - [MESSAGE][PASSED] - Text ****** has been set on object 'Object Repository/Login Input Password'

2023-08-31 09:18:30 - [TEST_STEP][PASSED] - click(findTestObject("Login Button")): Object: 'Object Repository/Login Button' is clicked on

2023-08-31 09:18:31 - [MESSAGE][PASSED] - Object: 'Object Repository/Login Button' is clicked on

2023-08-31 09:18:31 - [TEST_STEP][PASSED] - verifyElementPresent(findTestObject("Product Title Text"), 10): Object 'Object Repository/Product Title Text' is present

2023-08-31 09:18:31 - [MESSAGE][PASSED] - Object 'Object Repository/Product Title Text' is present

2023-08-31 09:18:31 - [MESSAGE][PASSED] - Call Test Case 'Test Cases/Login/TC-Login-Success-001' successfully

2023-08-31 09:18:31 - [TEST_STEP][PASSED] - verifyElementPresent(findTestObject("Product Title Text"), 10): Object 'Object Repository/Product Title Text' is present

2023-08-31 09:18:32 - [MESSAGE][PASSED] - Object 'Object Repository/Product Title Text' is present

2023-08-31 09:18:32 - [MESSAGE][PASSED] - Call Test Case 'Test Cases/Products/TC-Product-Show-001' successfully

2023-08-31 09:18:32 - [TEST_STEP][PASSED] - click(findTestObject("Product Button ATC Product 1")): Object: 'Object Repository/Product Button ATC Product 1' is clicked on

2023-08-31 09:18:32 - [MESSAGE][PASSED] - Object: 'Object Repository/Product Button ATC Product 1' is clicked on

2023-08-31 09:18:32 - [TEST_STEP][PASSED] - verifyElementText(findTestObject("Product Button Remove Product 1"), "Remove"): Actual text and expected text of test object 'Object Repository/Product Button Remove Product 1' are matched.

2023-08-31 09:18:33 - [MESSAGE][PASSED] - Actual text and expected text of test object 'Object Repository/Product Button Remove Product 1' are matched.

2023-08-31 09:18:33 - [TEST_STEP][PASSED] - verifyElementText(findTestObject("Product Label Icon Cart"), "1"): Actual text and expected text of test object 'Object Repository/Product Label Icon Cart' are matched.

2023-08-31 09:18:33 - [MESSAGE][PASSED] - Actual text and expected text of test object 'Object Repository/Product Label Icon Cart' are matched.

2023-08-31 09:18:33 - [TEST_STEP][PASSED] - name = getText(findTestObject("Product Text Name Product 1")): Text of object 'Object Repository/Product Text Name Product 1' is: 'Sauce Labs Backpack'

2023-08-31 09:18:33 - [MESSAGE][PASSED] - Text of object 'Object Repository/Product Text Name Product 1' is: 'Sauce Labs Backpack'

2023-08-31 09:18:33 - [TEST_STEP][PASSED] - desc = getText(findTestObject("Product Text Desc Product 1")): Text of object 'Object Repository/Product Text Desc Product 1' is: 'carry.allTheThings() with the sleek, streamlined Sly Pack that melds uncompromising style with unequaled laptop and tablet protection.'

2023-08-31 09:18:34 - [MESSAGE][PASSED] - Text of object 'Object Repository/Product Text Desc Product 1' is: 'carry.allTheThings() with the sleek, streamlined Sly Pack that melds uncompromising style with unequaled laptop and tablet protection.'

2023-08-31 09:18:34 - [TEST_STEP][PASSED] - prize = getText(findTestObject("Product Text Price Product 1")): Text of object 'Object Repository/Product Text Price Product 1' is: '$29.99'

2023-08-31 09:18:34 - [MESSAGE][PASSED] - Text of object 'Object Repository/Product Text Price Product 1' is: '$29.99'

2023-08-31 09:18:34 - [TEST_STEP][PASSED] - data = new java.util.HashMap(): null

2023-08-31 09:18:34 - [TEST_STEP][PASSED] - data.put("product_name", name): null

2023-08-31 09:18:34 - [TEST_STEP][PASSED] - data.put("product_desc", desc): null

2023-08-31 09:18:34 - [TEST_STEP][PASSED] - data.put("product_price", prize): null

2023-08-31 09:18:34 - [TEST_STEP][PASSED] - return data: null

2023-08-31 09:18:34 - [MESSAGE][PASSED] - Call Test Case 'Test Cases/Products/TC-Product-AddCart-001' successfully

2023-08-31 09:18:34 - [TEST_STEP][PASSED] - click(findTestObject("Product Button ATC Product 2")): Object: 'Object Repository/Product Button ATC Product 2' is clicked on

2023-08-31 09:18:34 - [MESSAGE][PASSED] - Object: 'Object Repository/Product Button ATC Product 2' is clicked on

2023-08-31 09:18:34 - [TEST_STEP][PASSED] - verifyElementText(findTestObject("Product Button Remove Product 2"), "Remove"): Actual text and expected text of test object 'Object Repository/Product Button Remove Product 2' are matched.

2023-08-31 09:18:35 - [MESSAGE][PASSED] - Actual text and expected text of test object 'Object Repository/Product Button Remove Product 2' are matched.

2023-08-31 09:18:35 - [TEST_STEP][PASSED] - verifyElementText(findTestObject("Product Label Icon Cart"), "2"): Actual text and expected text of test object 'Object Repository/Product Label Icon Cart' are matched.

2023-08-31 09:18:35 - [MESSAGE][PASSED] - Actual text and expected text of test object 'Object Repository/Product Label Icon Cart' are matched.

2023-08-31 09:18:35 - [TEST_STEP][PASSED] - name = getText(findTestObject("Product Text Name Product 2")): Text of object 'Object Repository/Product Text Name Product 2' is: 'Sauce Labs Bike Light'

2023-08-31 09:18:35 - [MESSAGE][PASSED] - Text of object 'Object Repository/Product Text Name Product 2' is: 'Sauce Labs Bike Light'

2023-08-31 09:18:35 - [TEST_STEP][PASSED] - desc = getText(findTestObject("Product Text Desc Product 2")): Text of object 'Object Repository/Product Text Desc Product 2' is: 'A red light isn't the desired state in testing but it sure helps when riding your bike at night. Water-resistant with 3 lighting modes, 1 AAA battery included.'

2023-08-31 09:18:36 - [MESSAGE][PASSED] - Text of object 'Object Repository/Product Text Desc Product 2' is: 'A red light isn't the desired state in testing but it sure helps when riding your bike at night. Water-resistant with 3 lighting modes, 1 AAA battery included.'

2023-08-31 09:18:36 - [TEST_STEP][PASSED] - price = getText(findTestObject("Product Text Price Product 2")): Text of object 'Object Repository/Product Text Price Product 2' is: '$9.99'

2023-08-31 09:18:36 - [MESSAGE][PASSED] - Text of object 'Object Repository/Product Text Price Product 2' is: '$9.99'

2023-08-31 09:18:36 - [TEST_STEP][PASSED] - nameProductList = new java.util.ArrayList(): null

2023-08-31 09:18:36 - [TEST_STEP][PASSED] - nameProductList.add(data.get("product_name")): null

2023-08-31 09:18:36 - [TEST_STEP][PASSED] - nameProductList.add(name): null

2023-08-31 09:18:36 - [TEST_STEP][PASSED] - println(nameProductList.get(0)): null

2023-08-31 09:18:36 - [TEST_STEP][PASSED] - descProductList = new java.util.ArrayList(): null

2023-08-31 09:18:36 - [TEST_STEP][PASSED] - descProductList.add(data.get("product_desc")): null

2023-08-31 09:18:36 - [TEST_STEP][PASSED] - descProductList.add(desc): null

2023-08-31 09:18:36 - [TEST_STEP][PASSED] - priceProductList = new java.util.ArrayList(): null

2023-08-31 09:18:36 - [TEST_STEP][PASSED] - priceProductList.add(data.get("product_price")): null

2023-08-31 09:18:36 - [TEST_STEP][PASSED] - priceProductList.add(price): null

2023-08-31 09:18:36 - [TEST_STEP][PASSED] - data.put("product_name_list", nameProductList): null

2023-08-31 09:18:36 - [TEST_STEP][PASSED] - data.put("product_desc_list", descProductList): null

2023-08-31 09:18:36 - [TEST_STEP][PASSED] - data.put("product_price_list", priceProductList): null

2023-08-31 09:18:36 - [TEST_STEP][PASSED] - return data: null

2023-08-31 09:18:36 - [MESSAGE][PASSED] - Call Test Case 'Test Cases/Products/TC-Product-AddCart-002' successfully

2023-08-31 09:18:36 - [TEST_STEP][PASSED] - click(findTestObject("Product Icon Cart")): Object: 'Object Repository/Product Icon Cart' is clicked on

2023-08-31 09:18:36 - [MESSAGE][PASSED] - Object: 'Object Repository/Product Icon Cart' is clicked on

2023-08-31 09:18:36 - [TEST_STEP][PASSED] - sourceProductTitleList = findWebElements(findTestObject("Object Repository/Cart Product Title List"), 10): null

2023-08-31 09:18:37 - [TEST_STEP][PASSED] - sourceProductDescList = findWebElements(findTestObject("Object Repository/Cart Product Desc List"), 10): null

2023-08-31 09:18:37 - [TEST_STEP][PASSED] - sourceProductPriceList = findWebElements(findTestObject("Object Repository/Cart Product Price List"), 10): null

2023-08-31 09:18:37 - [TEST_STEP][PASSED] - oriProductTitleList = new java.util.ArrayList(): null

2023-08-31 09:18:37 - [TEST_STEP][PASSED] - oriProductDescList = new java.util.ArrayList(): null

2023-08-31 09:18:37 - [TEST_STEP][PASSED] - oriProductPriceList = new java.util.ArrayList(): null

2023-08-31 09:18:37 - [TEST_STEP][PASSED] - for ([i = 0, i < sourceProductTitleList.size(), (i++)]): null

2023-08-31 09:18:37 - [TEST_STEP][PASSED] - productTitleText = text.trim(): null

2023-08-31 09:18:37 - [TEST_STEP][PASSED] - productDescText = text.trim(): null

2023-08-31 09:18:37 - [TEST_STEP][PASSED] - productPriceText = replace("Remove", "").trim(): null

2023-08-31 09:18:37 - [TEST_STEP][PASSED] - oriProductTitleList.add(productTitleText): null

2023-08-31 09:18:37 - [TEST_STEP][PASSED] - oriProductDescList.add(productDescText): null

2023-08-31 09:18:37 - [TEST_STEP][PASSED] - oriProductPriceList.add(productPriceText): null

2023-08-31 09:18:37 - [TEST_STEP][PASSED] - productTitleText = text.trim(): null

2023-08-31 09:18:37 - [TEST_STEP][PASSED] - productDescText = text.trim(): null

2023-08-31 09:18:37 - [TEST_STEP][PASSED] - productPriceText = replace("Remove", "").trim(): null

2023-08-31 09:18:37 - [TEST_STEP][PASSED] - oriProductTitleList.add(productTitleText): null

2023-08-31 09:18:37 - [TEST_STEP][PASSED] - oriProductDescList.add(productDescText): null

2023-08-31 09:18:37 - [TEST_STEP][PASSED] - oriProductPriceList.add(productPriceText): null

2023-08-31 09:18:37 - [TEST_STEP][PASSED] - assert data.get("product_name_list") == oriProductTitleList: null

2023-08-31 09:18:37 - [TEST_STEP][PASSED] - assert data.get("product_desc_list") == oriProductDescList: null

2023-08-31 09:18:37 - [TEST_STEP][PASSED] - assert data.get("product_price_list") == oriProductPriceList: null

2023-08-31 09:18:37 - [TEST_STEP][PASSED] - return data: null]]></system-out>
         <system-err><![CDATA[]]></system-err>
      </testcase>
      <testcase name="Test Cases/Checkout/TC-Checkout-Error-001" time="17.1" classname="Test Cases/Checkout/TC-Checkout-Error-001" status="PASSED">
         <system-out><![CDATA[2023-08-31 09:18:37 - [TEST_CASE][PASSED] - Test Cases/Checkout/TC-Checkout-Error-001: Test Cases/Checkout/TC-Checkout-Error-001

2023-08-31 09:18:38 - [TEST_STEP][PASSED] - callTestCase(findTestCase("Keranjang/TC-Cart-Show-003"), [:], STOP_ON_FAILURE): Call Test Case 'Test Cases/Keranjang/TC-Cart-Show-003' successfully

2023-08-31 09:18:38 - [TEST_CASE][PASSED] - Test Cases/Keranjang/TC-Cart-Show-003: Test Cases/Keranjang/TC-Cart-Show-003

2023-08-31 09:18:38 - [TEST_STEP][PASSED] - data = callTestCase(findTestCase("Products/TC-Product-AddCart-002"), [:], STOP_ON_FAILURE): Call Test Case 'Test Cases/Products/TC-Product-AddCart-002' successfully

2023-08-31 09:18:38 - [TEST_CASE][PASSED] - Test Cases/Products/TC-Product-AddCart-002: Test Cases/Products/TC-Product-AddCart-002

2023-08-31 09:18:38 - [TEST_STEP][PASSED] - data = callTestCase(findTestCase("Products/TC-Product-AddCart-001"), [:], STOP_ON_FAILURE): Call Test Case 'Test Cases/Products/TC-Product-AddCart-001' successfully

2023-08-31 09:18:38 - [TEST_CASE][PASSED] - Test Cases/Products/TC-Product-AddCart-001: Test Cases/Products/TC-Product-AddCart-001

2023-08-31 09:18:38 - [TEST_STEP][PASSED] - callTestCase(findTestCase("Products/TC-Product-Show-001"), [:], STOP_ON_FAILURE): Call Test Case 'Test Cases/Products/TC-Product-Show-001' successfully

2023-08-31 09:18:38 - [TEST_CASE][PASSED] - Test Cases/Products/TC-Product-Show-001: Test Cases/Products/TC-Product-Show-001

2023-08-31 09:18:38 - [TEST_STEP][PASSED] - callTestCase(findTestCase("Login/TC-Login-Success-001"), ["username":"standard_user", "password":"qcu24s4901FyWDTwXGr6XA=="], STOP_ON_FAILURE): Call Test Case 'Test Cases/Login/TC-Login-Success-001' successfully

2023-08-31 09:18:38 - [TEST_CASE][PASSED] - Test Cases/Login/TC-Login-Success-001: Test Cases/Login/TC-Login-Success-001

2023-08-31 09:18:38 - [TEST_STEP][PASSED] - openBrowser(WEB_URL): Browser is opened with url: 'https://www.saucedemo.com/'

2023-08-31 09:18:38 - [MESSAGE][WARNING] - A browser is already opened. Closing browser and opening a new one

2023-08-31 09:18:39 - [MESSAGE][INFO] - Starting 'Edge Chromium' driver

2023-08-31 09:18:41 - [MESSAGE][INFO] - Action delay is set to 0 milliseconds

2023-08-31 09:18:43 - [MESSAGE][PASSED] - Browser is opened with url: 'https://www.saucedemo.com/'

2023-08-31 09:18:43 - [TEST_STEP][PASSED] - verifyElementPresent(findTestObject("Login Title Text"), 10): Object 'Object Repository/Login Title Text' is present

2023-08-31 09:18:43 - [MESSAGE][PASSED] - Object 'Object Repository/Login Title Text' is present

2023-08-31 09:18:43 - [TEST_STEP][PASSED] - setText(findTestObject("Login Input Username"), username): Text 'standard_user' is set on object 'Object Repository/Login Input Username'

2023-08-31 09:18:44 - [MESSAGE][PASSED] - Text 'standard_user' is set on object 'Object Repository/Login Input Username'

2023-08-31 09:18:44 - [TEST_STEP][PASSED] - setEncryptedText(findTestObject("Login Input Password"), password): Text ****** has been set on object 'Object Repository/Login Input Password'

2023-08-31 09:18:44 - [MESSAGE][PASSED] - Text ****** has been set on object 'Object Repository/Login Input Password'

2023-08-31 09:18:44 - [TEST_STEP][PASSED] - click(findTestObject("Login Button")): Object: 'Object Repository/Login Button' is clicked on

2023-08-31 09:18:45 - [MESSAGE][PASSED] - Object: 'Object Repository/Login Button' is clicked on

2023-08-31 09:18:45 - [TEST_STEP][PASSED] - verifyElementPresent(findTestObject("Product Title Text"), 10): Object 'Object Repository/Product Title Text' is present

2023-08-31 09:18:45 - [MESSAGE][PASSED] - Object 'Object Repository/Product Title Text' is present

2023-08-31 09:18:45 - [MESSAGE][PASSED] - Call Test Case 'Test Cases/Login/TC-Login-Success-001' successfully

2023-08-31 09:18:45 - [TEST_STEP][PASSED] - verifyElementPresent(findTestObject("Product Title Text"), 10): Object 'Object Repository/Product Title Text' is present

2023-08-31 09:18:46 - [MESSAGE][PASSED] - Object 'Object Repository/Product Title Text' is present

2023-08-31 09:18:46 - [MESSAGE][PASSED] - Call Test Case 'Test Cases/Products/TC-Product-Show-001' successfully

2023-08-31 09:18:46 - [TEST_STEP][PASSED] - click(findTestObject("Product Button ATC Product 1")): Object: 'Object Repository/Product Button ATC Product 1' is clicked on

2023-08-31 09:18:46 - [MESSAGE][PASSED] - Object: 'Object Repository/Product Button ATC Product 1' is clicked on

2023-08-31 09:18:46 - [TEST_STEP][PASSED] - verifyElementText(findTestObject("Product Button Remove Product 1"), "Remove"): Actual text and expected text of test object 'Object Repository/Product Button Remove Product 1' are matched.

2023-08-31 09:18:47 - [MESSAGE][PASSED] - Actual text and expected text of test object 'Object Repository/Product Button Remove Product 1' are matched.

2023-08-31 09:18:47 - [TEST_STEP][PASSED] - verifyElementText(findTestObject("Product Label Icon Cart"), "1"): Actual text and expected text of test object 'Object Repository/Product Label Icon Cart' are matched.

2023-08-31 09:18:47 - [MESSAGE][PASSED] - Actual text and expected text of test object 'Object Repository/Product Label Icon Cart' are matched.

2023-08-31 09:18:47 - [TEST_STEP][PASSED] - name = getText(findTestObject("Product Text Name Product 1")): Text of object 'Object Repository/Product Text Name Product 1' is: 'Sauce Labs Backpack'

2023-08-31 09:18:47 - [MESSAGE][PASSED] - Text of object 'Object Repository/Product Text Name Product 1' is: 'Sauce Labs Backpack'

2023-08-31 09:18:47 - [TEST_STEP][PASSED] - desc = getText(findTestObject("Product Text Desc Product 1")): Text of object 'Object Repository/Product Text Desc Product 1' is: 'carry.allTheThings() with the sleek, streamlined Sly Pack that melds uncompromising style with unequaled laptop and tablet protection.'

2023-08-31 09:18:48 - [MESSAGE][PASSED] - Text of object 'Object Repository/Product Text Desc Product 1' is: 'carry.allTheThings() with the sleek, streamlined Sly Pack that melds uncompromising style with unequaled laptop and tablet protection.'

2023-08-31 09:18:48 - [TEST_STEP][PASSED] - prize = getText(findTestObject("Product Text Price Product 1")): Text of object 'Object Repository/Product Text Price Product 1' is: '$29.99'

2023-08-31 09:18:48 - [MESSAGE][PASSED] - Text of object 'Object Repository/Product Text Price Product 1' is: '$29.99'

2023-08-31 09:18:48 - [TEST_STEP][PASSED] - data = new java.util.HashMap(): null

2023-08-31 09:18:48 - [TEST_STEP][PASSED] - data.put("product_name", name): null

2023-08-31 09:18:48 - [TEST_STEP][PASSED] - data.put("product_desc", desc): null

2023-08-31 09:18:48 - [TEST_STEP][PASSED] - data.put("product_price", prize): null

2023-08-31 09:18:48 - [TEST_STEP][PASSED] - return data: null

2023-08-31 09:18:48 - [MESSAGE][PASSED] - Call Test Case 'Test Cases/Products/TC-Product-AddCart-001' successfully

2023-08-31 09:18:48 - [TEST_STEP][PASSED] - click(findTestObject("Product Button ATC Product 2")): Object: 'Object Repository/Product Button ATC Product 2' is clicked on

2023-08-31 09:18:48 - [MESSAGE][PASSED] - Object: 'Object Repository/Product Button ATC Product 2' is clicked on

2023-08-31 09:18:48 - [TEST_STEP][PASSED] - verifyElementText(findTestObject("Product Button Remove Product 2"), "Remove"): Actual text and expected text of test object 'Object Repository/Product Button Remove Product 2' are matched.

2023-08-31 09:18:49 - [MESSAGE][PASSED] - Actual text and expected text of test object 'Object Repository/Product Button Remove Product 2' are matched.

2023-08-31 09:18:49 - [TEST_STEP][PASSED] - verifyElementText(findTestObject("Product Label Icon Cart"), "2"): Actual text and expected text of test object 'Object Repository/Product Label Icon Cart' are matched.

2023-08-31 09:18:49 - [MESSAGE][PASSED] - Actual text and expected text of test object 'Object Repository/Product Label Icon Cart' are matched.

2023-08-31 09:18:49 - [TEST_STEP][PASSED] - name = getText(findTestObject("Product Text Name Product 2")): Text of object 'Object Repository/Product Text Name Product 2' is: 'Sauce Labs Bike Light'

2023-08-31 09:18:49 - [MESSAGE][PASSED] - Text of object 'Object Repository/Product Text Name Product 2' is: 'Sauce Labs Bike Light'

2023-08-31 09:18:49 - [TEST_STEP][PASSED] - desc = getText(findTestObject("Product Text Desc Product 2")): Text of object 'Object Repository/Product Text Desc Product 2' is: 'A red light isn't the desired state in testing but it sure helps when riding your bike at night. Water-resistant with 3 lighting modes, 1 AAA battery included.'

2023-08-31 09:18:50 - [MESSAGE][PASSED] - Text of object 'Object Repository/Product Text Desc Product 2' is: 'A red light isn't the desired state in testing but it sure helps when riding your bike at night. Water-resistant with 3 lighting modes, 1 AAA battery included.'

2023-08-31 09:18:50 - [TEST_STEP][PASSED] - price = getText(findTestObject("Product Text Price Product 2")): Text of object 'Object Repository/Product Text Price Product 2' is: '$9.99'

2023-08-31 09:18:50 - [MESSAGE][PASSED] - Text of object 'Object Repository/Product Text Price Product 2' is: '$9.99'

2023-08-31 09:18:50 - [TEST_STEP][PASSED] - nameProductList = new java.util.ArrayList(): null

2023-08-31 09:18:50 - [TEST_STEP][PASSED] - nameProductList.add(data.get("product_name")): null

2023-08-31 09:18:50 - [TEST_STEP][PASSED] - nameProductList.add(name): null

2023-08-31 09:18:50 - [TEST_STEP][PASSED] - println(nameProductList.get(0)): null

2023-08-31 09:18:50 - [TEST_STEP][PASSED] - descProductList = new java.util.ArrayList(): null

2023-08-31 09:18:50 - [TEST_STEP][PASSED] - descProductList.add(data.get("product_desc")): null

2023-08-31 09:18:50 - [TEST_STEP][PASSED] - descProductList.add(desc): null

2023-08-31 09:18:50 - [TEST_STEP][PASSED] - priceProductList = new java.util.ArrayList(): null

2023-08-31 09:18:50 - [TEST_STEP][PASSED] - priceProductList.add(data.get("product_price")): null

2023-08-31 09:18:50 - [TEST_STEP][PASSED] - priceProductList.add(price): null

2023-08-31 09:18:50 - [TEST_STEP][PASSED] - data.put("product_name_list", nameProductList): null

2023-08-31 09:18:50 - [TEST_STEP][PASSED] - data.put("product_desc_list", descProductList): null

2023-08-31 09:18:50 - [TEST_STEP][PASSED] - data.put("product_price_list", priceProductList): null

2023-08-31 09:18:50 - [TEST_STEP][PASSED] - return data: null

2023-08-31 09:18:50 - [MESSAGE][PASSED] - Call Test Case 'Test Cases/Products/TC-Product-AddCart-002' successfully

2023-08-31 09:18:50 - [TEST_STEP][PASSED] - click(findTestObject("Product Icon Cart")): Object: 'Object Repository/Product Icon Cart' is clicked on

2023-08-31 09:18:50 - [MESSAGE][PASSED] - Object: 'Object Repository/Product Icon Cart' is clicked on

2023-08-31 09:18:50 - [TEST_STEP][PASSED] - sourceProductTitleList = findWebElements(findTestObject("Object Repository/Cart Product Title List"), 10): null

2023-08-31 09:18:51 - [TEST_STEP][PASSED] - sourceProductDescList = findWebElements(findTestObject("Object Repository/Cart Product Desc List"), 10): null

2023-08-31 09:18:51 - [TEST_STEP][PASSED] - sourceProductPriceList = findWebElements(findTestObject("Object Repository/Cart Product Price List"), 10): null

2023-08-31 09:18:51 - [TEST_STEP][PASSED] - oriProductTitleList = new java.util.ArrayList(): null

2023-08-31 09:18:51 - [TEST_STEP][PASSED] - oriProductDescList = new java.util.ArrayList(): null

2023-08-31 09:18:51 - [TEST_STEP][PASSED] - oriProductPriceList = new java.util.ArrayList(): null

2023-08-31 09:18:51 - [TEST_STEP][PASSED] - for ([i = 0, i < sourceProductTitleList.size(), (i++)]): null

2023-08-31 09:18:51 - [TEST_STEP][PASSED] - productTitleText = text.trim(): null

2023-08-31 09:18:51 - [TEST_STEP][PASSED] - productDescText = text.trim(): null

2023-08-31 09:18:51 - [TEST_STEP][PASSED] - productPriceText = replace("Remove", "").trim(): null

2023-08-31 09:18:51 - [TEST_STEP][PASSED] - oriProductTitleList.add(productTitleText): null

2023-08-31 09:18:51 - [TEST_STEP][PASSED] - oriProductDescList.add(productDescText): null

2023-08-31 09:18:51 - [TEST_STEP][PASSED] - oriProductPriceList.add(productPriceText): null

2023-08-31 09:18:51 - [TEST_STEP][PASSED] - productTitleText = text.trim(): null

2023-08-31 09:18:51 - [TEST_STEP][PASSED] - productDescText = text.trim(): null

2023-08-31 09:18:51 - [TEST_STEP][PASSED] - productPriceText = replace("Remove", "").trim(): null

2023-08-31 09:18:51 - [TEST_STEP][PASSED] - oriProductTitleList.add(productTitleText): null

2023-08-31 09:18:51 - [TEST_STEP][PASSED] - oriProductDescList.add(productDescText): null

2023-08-31 09:18:51 - [TEST_STEP][PASSED] - oriProductPriceList.add(productPriceText): null

2023-08-31 09:18:51 - [TEST_STEP][PASSED] - assert data.get("product_name_list") == oriProductTitleList: null

2023-08-31 09:18:51 - [TEST_STEP][PASSED] - assert data.get("product_desc_list") == oriProductDescList: null

2023-08-31 09:18:51 - [TEST_STEP][PASSED] - assert data.get("product_price_list") == oriProductPriceList: null

2023-08-31 09:18:51 - [TEST_STEP][PASSED] - return data: null

2023-08-31 09:18:51 - [MESSAGE][PASSED] - Call Test Case 'Test Cases/Keranjang/TC-Cart-Show-003' successfully

2023-08-31 09:18:51 - [TEST_STEP][PASSED] - click(findTestObject("Cart Button Checkout")): Object: 'Object Repository/Cart Button Checkout' is clicked on

2023-08-31 09:18:52 - [MESSAGE][PASSED] - Object: 'Object Repository/Cart Button Checkout' is clicked on

2023-08-31 09:18:52 - [TEST_STEP][PASSED] - verifyElementPresent(findTestObject("Checkout Step 1 Title"), 0): Object 'Object Repository/Checkout Step 1 Title' is present

2023-08-31 09:18:52 - [MESSAGE][WARNING] - Timeout '0' is invalid. Using default page load timeout: '30'

2023-08-31 09:18:52 - [MESSAGE][PASSED] - Object 'Object Repository/Checkout Step 1 Title' is present

2023-08-31 09:18:52 - [TEST_STEP][PASSED] - setText(findTestObject("Checkout Input Last Name"), last_name): Text 'Nanda' is set on object 'Object Repository/Checkout Input Last Name'

2023-08-31 09:18:53 - [MESSAGE][PASSED] - Text 'Nanda' is set on object 'Object Repository/Checkout Input Last Name'

2023-08-31 09:18:53 - [TEST_STEP][PASSED] - setText(findTestObject("Checkout Input Postal Code"), postal_code): Text '55293' is set on object 'Object Repository/Checkout Input Postal Code'

2023-08-31 09:18:54 - [MESSAGE][PASSED] - Text '55293' is set on object 'Object Repository/Checkout Input Postal Code'

2023-08-31 09:18:54 - [TEST_STEP][PASSED] - click(findTestObject("Checkout Button Continue")): Object: 'Object Repository/Checkout Button Continue' is clicked on

2023-08-31 09:18:54 - [MESSAGE][PASSED] - Object: 'Object Repository/Checkout Button Continue' is clicked on

2023-08-31 09:18:54 - [TEST_STEP][PASSED] - verifyElementText(findTestObject("Checkout Error Message"), "Error: First Name is required"): Actual text and expected text of test object 'Object Repository/Checkout Error Message' are matched.

2023-08-31 09:18:55 - [MESSAGE][PASSED] - Actual text and expected text of test object 'Object Repository/Checkout Error Message' are matched.]]></system-out>
         <system-err><![CDATA[]]></system-err>
      </testcase>
      <testcase name="Test Cases/Checkout/TC-Checkout-Error-002" time="15.404" classname="Test Cases/Checkout/TC-Checkout-Error-002" status="FAILED">
         <failure type="FAILED" message="Test Cases/Checkout/TC-Checkout-Error-002 FAILED.
Reason:
com.kms.katalon.core.exception.StepFailedException: Verify element text of test object 'Object Repository/Checkout Error Message' FAILED.
	at com.kms.katalon.core.webui.keyword.internal.WebUIKeywordMain.stepFailed(WebUIKeywordMain.groovy:64)
	at com.kms.katalon.core.webui.keyword.internal.WebUIKeywordMain.runKeyword(WebUIKeywordMain.groovy:26)
	at com.kms.katalon.core.webui.keyword.builtin.VerifyElementTextKeyword.verifyElementText(VerifyElementTextKeyword.groovy:72)
	at com.kms.katalon.core.webui.keyword.builtin.VerifyElementTextKeyword.execute(VerifyElementTextKeyword.groovy:40)
	at com.kms.katalon.core.keyword.internal.KeywordExecutor.executeKeywordForPlatform(KeywordExecutor.groovy:74)
	at com.kms.katalon.core.webui.keyword.WebUiBuiltInKeywords.verifyElementText(WebUiBuiltInKeywords.groovy:4749)
	at com.kms.katalon.core.webui.keyword.WebUiBuiltInKeywords$verifyElementText$4.call(Unknown Source)
	at TC-Checkout-Error-002.run(TC-Checkout-Error-002:32)
	at com.kms.katalon.core.main.ScriptEngine.run(ScriptEngine.java:194)
	at com.kms.katalon.core.main.ScriptEngine.runScriptAsRawText(ScriptEngine.java:119)
	at com.kms.katalon.core.main.TestCaseExecutor.runScript(TestCaseExecutor.java:448)
	at com.kms.katalon.core.main.TestCaseExecutor.doExecute(TestCaseExecutor.java:439)
	at com.kms.katalon.core.main.TestCaseExecutor.processExecutionPhase(TestCaseExecutor.java:418)
	at com.kms.katalon.core.main.TestCaseExecutor.accessMainPhase(TestCaseExecutor.java:410)
	at com.kms.katalon.core.main.TestCaseExecutor.execute(TestCaseExecutor.java:285)
	at com.kms.katalon.core.common.CommonExecutor.accessTestCaseMainPhase(CommonExecutor.java:65)
	at com.kms.katalon.core.main.TestSuiteExecutor.accessTestSuiteMainPhase(TestSuiteExecutor.java:148)
	at com.kms.katalon.core.main.TestSuiteExecutor.execute(TestSuiteExecutor.java:106)
	at com.kms.katalon.core.main.TestCaseMain.startTestSuite(TestCaseMain.java:187)
	at com.kms.katalon.core.main.TestCaseMain$startTestSuite$0.call(Unknown Source)
	at TempTestSuite1693448057270.run(TempTestSuite1693448057270.groovy:36)
Caused by: com.kms.katalon.core.exception.StepFailedException: Actual text 'Error: Last Name is required' and expected text 'Last Name Required' of test object 'Object Repository/Checkout Error Message' are NOT matched.
	at com.kms.katalon.core.webui.keyword.internal.WebUIKeywordMain.stepFailed(WebUIKeywordMain.groovy:64)
	at com.kms.katalon.core.webui.keyword.builtin.VerifyElementTextKeyword$_verifyElementText_closure1.doCall(VerifyElementTextKeyword.groovy:57)
	at com.kms.katalon.core.webui.keyword.builtin.VerifyElementTextKeyword$_verifyElementText_closure1.call(VerifyElementTextKeyword.groovy)
	at com.kms.katalon.core.webui.keyword.internal.WebUIKeywordMain.runKeyword(WebUIKeywordMain.groovy:20)
	... 19 more
"/>
         <system-out><![CDATA[2023-08-31 09:18:55 - [TEST_CASE][FAILED] - Test Cases/Checkout/TC-Checkout-Error-002: Test Cases/Checkout/TC-Checkout-Error-002 FAILED.
Reason:
com.kms.katalon.core.exception.StepFailedException: Verify element text of test object 'Object Repository/Checkout Error Message' FAILED.
	at com.kms.katalon.core.webui.keyword.internal.WebUIKeywordMain.stepFailed(WebUIKeywordMain.groovy:64)
	at com.kms.katalon.core.webui.keyword.internal.WebUIKeywordMain.runKeyword(WebUIKeywordMain.groovy:26)
	at com.kms.katalon.core.webui.keyword.builtin.VerifyElementTextKeyword.verifyElementText(VerifyElementTextKeyword.groovy:72)
	at com.kms.katalon.core.webui.keyword.builtin.VerifyElementTextKeyword.execute(VerifyElementTextKeyword.groovy:40)
	at com.kms.katalon.core.keyword.internal.KeywordExecutor.executeKeywordForPlatform(KeywordExecutor.groovy:74)
	at com.kms.katalon.core.webui.keyword.WebUiBuiltInKeywords.verifyElementText(WebUiBuiltInKeywords.groovy:4749)
	at com.kms.katalon.core.webui.keyword.WebUiBuiltInKeywords$verifyElementText$4.call(Unknown Source)
	at TC-Checkout-Error-002.run(TC-Checkout-Error-002:32)
	at com.kms.katalon.core.main.ScriptEngine.run(ScriptEngine.java:194)
	at com.kms.katalon.core.main.ScriptEngine.runScriptAsRawText(ScriptEngine.java:119)
	at com.kms.katalon.core.main.TestCaseExecutor.runScript(TestCaseExecutor.java:448)
	at com.kms.katalon.core.main.TestCaseExecutor.doExecute(TestCaseExecutor.java:439)
	at com.kms.katalon.core.main.TestCaseExecutor.processExecutionPhase(TestCaseExecutor.java:418)
	at com.kms.katalon.core.main.TestCaseExecutor.accessMainPhase(TestCaseExecutor.java:410)
	at com.kms.katalon.core.main.TestCaseExecutor.execute(TestCaseExecutor.java:285)
	at com.kms.katalon.core.common.CommonExecutor.accessTestCaseMainPhase(CommonExecutor.java:65)
	at com.kms.katalon.core.main.TestSuiteExecutor.accessTestSuiteMainPhase(TestSuiteExecutor.java:148)
	at com.kms.katalon.core.main.TestSuiteExecutor.execute(TestSuiteExecutor.java:106)
	at com.kms.katalon.core.main.TestCaseMain.startTestSuite(TestCaseMain.java:187)
	at com.kms.katalon.core.main.TestCaseMain$startTestSuite$0.call(Unknown Source)
	at TempTestSuite1693448057270.run(TempTestSuite1693448057270.groovy:36)
Caused by: com.kms.katalon.core.exception.StepFailedException: Actual text 'Error: Last Name is required' and expected text 'Last Name Required' of test object 'Object Repository/Checkout Error Message' are NOT matched.
	at com.kms.katalon.core.webui.keyword.internal.WebUIKeywordMain.stepFailed(WebUIKeywordMain.groovy:64)
	at com.kms.katalon.core.webui.keyword.builtin.VerifyElementTextKeyword$_verifyElementText_closure1.doCall(VerifyElementTextKeyword.groovy:57)
	at com.kms.katalon.core.webui.keyword.builtin.VerifyElementTextKeyword$_verifyElementText_closure1.call(VerifyElementTextKeyword.groovy)
	at com.kms.katalon.core.webui.keyword.internal.WebUIKeywordMain.runKeyword(WebUIKeywordMain.groovy:20)
	... 19 more


2023-08-31 09:18:55 - [TEST_STEP][PASSED] - callTestCase(findTestCase("Keranjang/TC-Cart-Show-002"), [:], STOP_ON_FAILURE): Call Test Case 'Test Cases/Keranjang/TC-Cart-Show-002' successfully

2023-08-31 09:18:55 - [TEST_CASE][PASSED] - Test Cases/Keranjang/TC-Cart-Show-002: Test Cases/Keranjang/TC-Cart-Show-002

2023-08-31 09:18:55 - [TEST_STEP][PASSED] - data = callTestCase(findTestCase("Products/TC-Product-AddCart-001"), [:], STOP_ON_FAILURE): Call Test Case 'Test Cases/Products/TC-Product-AddCart-001' successfully

2023-08-31 09:18:55 - [TEST_CASE][PASSED] - Test Cases/Products/TC-Product-AddCart-001: Test Cases/Products/TC-Product-AddCart-001

2023-08-31 09:18:55 - [TEST_STEP][PASSED] - callTestCase(findTestCase("Products/TC-Product-Show-001"), [:], STOP_ON_FAILURE): Call Test Case 'Test Cases/Products/TC-Product-Show-001' successfully

2023-08-31 09:18:55 - [TEST_CASE][PASSED] - Test Cases/Products/TC-Product-Show-001: Test Cases/Products/TC-Product-Show-001

2023-08-31 09:18:55 - [TEST_STEP][PASSED] - callTestCase(findTestCase("Login/TC-Login-Success-001"), ["username":"standard_user", "password":"qcu24s4901FyWDTwXGr6XA=="], STOP_ON_FAILURE): Call Test Case 'Test Cases/Login/TC-Login-Success-001' successfully

2023-08-31 09:18:55 - [TEST_CASE][PASSED] - Test Cases/Login/TC-Login-Success-001: Test Cases/Login/TC-Login-Success-001

2023-08-31 09:18:55 - [TEST_STEP][PASSED] - openBrowser(WEB_URL): Browser is opened with url: 'https://www.saucedemo.com/'

2023-08-31 09:18:55 - [MESSAGE][WARNING] - A browser is already opened. Closing browser and opening a new one

2023-08-31 09:18:56 - [MESSAGE][INFO] - Starting 'Edge Chromium' driver

2023-08-31 09:18:58 - [MESSAGE][INFO] - Action delay is set to 0 milliseconds

2023-08-31 09:19:00 - [MESSAGE][PASSED] - Browser is opened with url: 'https://www.saucedemo.com/'

2023-08-31 09:19:00 - [TEST_STEP][PASSED] - verifyElementPresent(findTestObject("Login Title Text"), 10): Object 'Object Repository/Login Title Text' is present

2023-08-31 09:19:00 - [MESSAGE][PASSED] - Object 'Object Repository/Login Title Text' is present

2023-08-31 09:19:00 - [TEST_STEP][PASSED] - setText(findTestObject("Login Input Username"), username): Text 'standard_user' is set on object 'Object Repository/Login Input Username'

2023-08-31 09:19:01 - [MESSAGE][PASSED] - Text 'standard_user' is set on object 'Object Repository/Login Input Username'

2023-08-31 09:19:01 - [TEST_STEP][PASSED] - setEncryptedText(findTestObject("Login Input Password"), password): Text ****** has been set on object 'Object Repository/Login Input Password'

2023-08-31 09:19:01 - [MESSAGE][PASSED] - Text ****** has been set on object 'Object Repository/Login Input Password'

2023-08-31 09:19:01 - [TEST_STEP][PASSED] - click(findTestObject("Login Button")): Object: 'Object Repository/Login Button' is clicked on

2023-08-31 09:19:02 - [MESSAGE][PASSED] - Object: 'Object Repository/Login Button' is clicked on

2023-08-31 09:19:02 - [TEST_STEP][PASSED] - verifyElementPresent(findTestObject("Product Title Text"), 10): Object 'Object Repository/Product Title Text' is present

2023-08-31 09:19:02 - [MESSAGE][PASSED] - Object 'Object Repository/Product Title Text' is present

2023-08-31 09:19:02 - [MESSAGE][PASSED] - Call Test Case 'Test Cases/Login/TC-Login-Success-001' successfully

2023-08-31 09:19:02 - [TEST_STEP][PASSED] - verifyElementPresent(findTestObject("Product Title Text"), 10): Object 'Object Repository/Product Title Text' is present

2023-08-31 09:19:03 - [MESSAGE][PASSED] - Object 'Object Repository/Product Title Text' is present

2023-08-31 09:19:03 - [MESSAGE][PASSED] - Call Test Case 'Test Cases/Products/TC-Product-Show-001' successfully

2023-08-31 09:19:03 - [TEST_STEP][PASSED] - click(findTestObject("Product Button ATC Product 1")): Object: 'Object Repository/Product Button ATC Product 1' is clicked on

2023-08-31 09:19:03 - [MESSAGE][PASSED] - Object: 'Object Repository/Product Button ATC Product 1' is clicked on

2023-08-31 09:19:03 - [TEST_STEP][PASSED] - verifyElementText(findTestObject("Product Button Remove Product 1"), "Remove"): Actual text and expected text of test object 'Object Repository/Product Button Remove Product 1' are matched.

2023-08-31 09:19:04 - [MESSAGE][PASSED] - Actual text and expected text of test object 'Object Repository/Product Button Remove Product 1' are matched.

2023-08-31 09:19:04 - [TEST_STEP][PASSED] - verifyElementText(findTestObject("Product Label Icon Cart"), "1"): Actual text and expected text of test object 'Object Repository/Product Label Icon Cart' are matched.

2023-08-31 09:19:04 - [MESSAGE][PASSED] - Actual text and expected text of test object 'Object Repository/Product Label Icon Cart' are matched.

2023-08-31 09:19:04 - [TEST_STEP][PASSED] - name = getText(findTestObject("Product Text Name Product 1")): Text of object 'Object Repository/Product Text Name Product 1' is: 'Sauce Labs Backpack'

2023-08-31 09:19:04 - [MESSAGE][PASSED] - Text of object 'Object Repository/Product Text Name Product 1' is: 'Sauce Labs Backpack'

2023-08-31 09:19:04 - [TEST_STEP][PASSED] - desc = getText(findTestObject("Product Text Desc Product 1")): Text of object 'Object Repository/Product Text Desc Product 1' is: 'carry.allTheThings() with the sleek, streamlined Sly Pack that melds uncompromising style with unequaled laptop and tablet protection.'

2023-08-31 09:19:05 - [MESSAGE][PASSED] - Text of object 'Object Repository/Product Text Desc Product 1' is: 'carry.allTheThings() with the sleek, streamlined Sly Pack that melds uncompromising style with unequaled laptop and tablet protection.'

2023-08-31 09:19:05 - [TEST_STEP][PASSED] - prize = getText(findTestObject("Product Text Price Product 1")): Text of object 'Object Repository/Product Text Price Product 1' is: '$29.99'

2023-08-31 09:19:05 - [MESSAGE][PASSED] - Text of object 'Object Repository/Product Text Price Product 1' is: '$29.99'

2023-08-31 09:19:05 - [TEST_STEP][PASSED] - data = new java.util.HashMap(): null

2023-08-31 09:19:05 - [TEST_STEP][PASSED] - data.put("product_name", name): null

2023-08-31 09:19:05 - [TEST_STEP][PASSED] - data.put("product_desc", desc): null

2023-08-31 09:19:05 - [TEST_STEP][PASSED] - data.put("product_price", prize): null

2023-08-31 09:19:05 - [TEST_STEP][PASSED] - return data: null

2023-08-31 09:19:05 - [MESSAGE][PASSED] - Call Test Case 'Test Cases/Products/TC-Product-AddCart-001' successfully

2023-08-31 09:19:05 - [TEST_STEP][PASSED] - click(findTestObject("Product Icon Cart")): Object: 'Object Repository/Product Icon Cart' is clicked on

2023-08-31 09:19:05 - [MESSAGE][PASSED] - Object: 'Object Repository/Product Icon Cart' is clicked on

2023-08-31 09:19:05 - [TEST_STEP][PASSED] - verifyElementPresent(findTestObject("Cart Title Text"), 10): Object 'Object Repository/Cart Title Text' is present

2023-08-31 09:19:06 - [MESSAGE][PASSED] - Object 'Object Repository/Cart Title Text' is present

2023-08-31 09:19:06 - [TEST_STEP][PASSED] - name = getText(findTestObject("Cart Text Product 1 Title")): Text of object 'Object Repository/Cart Text Product 1 Title' is: 'Sauce Labs Backpack'

2023-08-31 09:19:06 - [MESSAGE][PASSED] - Text of object 'Object Repository/Cart Text Product 1 Title' is: 'Sauce Labs Backpack'

2023-08-31 09:19:06 - [TEST_STEP][PASSED] - desc = getText(findTestObject("Cart Text Product 1 Desc")): Text of object 'Object Repository/Cart Text Product 1 Desc' is: 'carry.allTheThings() with the sleek, streamlined Sly Pack that melds uncompromising style with unequaled laptop and tablet protection.'

2023-08-31 09:19:06 - [MESSAGE][PASSED] - Text of object 'Object Repository/Cart Text Product 1 Desc' is: 'carry.allTheThings() with the sleek, streamlined Sly Pack that melds uncompromising style with unequaled laptop and tablet protection.'

2023-08-31 09:19:06 - [TEST_STEP][PASSED] - price = getText(findTestObject("Cart Text Product 1 Price")): Text of object 'Object Repository/Cart Text Product 1 Price' is: '$29.99'

2023-08-31 09:19:07 - [MESSAGE][PASSED] - Text of object 'Object Repository/Cart Text Product 1 Price' is: '$29.99'

2023-08-31 09:19:07 - [TEST_STEP][PASSED] - assert name == data.get("product_name"): null

2023-08-31 09:19:07 - [TEST_STEP][PASSED] - assert desc == data.get("product_desc"): null

2023-08-31 09:19:07 - [TEST_STEP][PASSED] - assert price == data.get("product_price"): null

2023-08-31 09:19:07 - [TEST_STEP][PASSED] - return data: null

2023-08-31 09:19:07 - [MESSAGE][PASSED] - Call Test Case 'Test Cases/Keranjang/TC-Cart-Show-002' successfully

2023-08-31 09:19:07 - [TEST_STEP][PASSED] - click(findTestObject("Cart Button Checkout")): Object: 'Object Repository/Cart Button Checkout' is clicked on

2023-08-31 09:19:07 - [MESSAGE][PASSED] - Object: 'Object Repository/Cart Button Checkout' is clicked on

2023-08-31 09:19:07 - [TEST_STEP][PASSED] - verifyElementPresent(findTestObject("Checkout Step 1 Title"), 0): Object 'Object Repository/Checkout Step 1 Title' is present

2023-08-31 09:19:07 - [MESSAGE][WARNING] - Timeout '0' is invalid. Using default page load timeout: '30'

2023-08-31 09:19:07 - [MESSAGE][PASSED] - Object 'Object Repository/Checkout Step 1 Title' is present

2023-08-31 09:19:07 - [TEST_STEP][PASSED] - setText(findTestObject("Checkout Input First Name"), first_name): Text 'Yuhan' is set on object 'Object Repository/Checkout Input First Name'

2023-08-31 09:19:08 - [MESSAGE][PASSED] - Text 'Yuhan' is set on object 'Object Repository/Checkout Input First Name'

2023-08-31 09:19:08 - [TEST_STEP][PASSED] - setText(findTestObject("Checkout Input Postal Code"), postal_code): Text '55293' is set on object 'Object Repository/Checkout Input Postal Code'

2023-08-31 09:19:09 - [MESSAGE][PASSED] - Text '55293' is set on object 'Object Repository/Checkout Input Postal Code'

2023-08-31 09:19:09 - [TEST_STEP][PASSED] - click(findTestObject("Checkout Button Continue")): Object: 'Object Repository/Checkout Button Continue' is clicked on

2023-08-31 09:19:09 - [MESSAGE][PASSED] - Object: 'Object Repository/Checkout Button Continue' is clicked on

2023-08-31 09:19:09 - [TEST_STEP][FAILED] - verifyElementText(findTestObject("Checkout Error Message"), "Last Name Required"): Verify element text of test object 'Object Repository/Checkout Error Message' FAILED. (Root cause: com.kms.katalon.core.exception.StepFailedException: Verify element text of test object 'Object Repository/Checkout Error Message' FAILED.
	at com.kms.katalon.core.webui.keyword.internal.WebUIKeywordMain.stepFailed(WebUIKeywordMain.groovy:64)
	at com.kms.katalon.core.webui.keyword.internal.WebUIKeywordMain.runKeyword(WebUIKeywordMain.groovy:26)
	at com.kms.katalon.core.webui.keyword.builtin.VerifyElementTextKeyword.verifyElementText(VerifyElementTextKeyword.groovy:72)
	at com.kms.katalon.core.webui.keyword.builtin.VerifyElementTextKeyword.execute(VerifyElementTextKeyword.groovy:40)
	at com.kms.katalon.core.keyword.internal.KeywordExecutor.executeKeywordForPlatform(KeywordExecutor.groovy:74)
	at com.kms.katalon.core.webui.keyword.WebUiBuiltInKeywords.verifyElementText(WebUiBuiltInKeywords.groovy:4749)
	at com.kms.katalon.core.webui.keyword.WebUiBuiltInKeywords$verifyElementText$4.call(Unknown Source)
	at TC-Checkout-Error-002.run(TC-Checkout-Error-002:32)
	at com.kms.katalon.core.main.ScriptEngine.run(ScriptEngine.java:194)
	at com.kms.katalon.core.main.ScriptEngine.runScriptAsRawText(ScriptEngine.java:119)
	at com.kms.katalon.core.main.TestCaseExecutor.runScript(TestCaseExecutor.java:448)
	at com.kms.katalon.core.main.TestCaseExecutor.doExecute(TestCaseExecutor.java:439)
	at com.kms.katalon.core.main.TestCaseExecutor.processExecutionPhase(TestCaseExecutor.java:418)
	at com.kms.katalon.core.main.TestCaseExecutor.accessMainPhase(TestCaseExecutor.java:410)
	at com.kms.katalon.core.main.TestCaseExecutor.execute(TestCaseExecutor.java:285)
	at com.kms.katalon.core.common.CommonExecutor.accessTestCaseMainPhase(CommonExecutor.java:65)
	at com.kms.katalon.core.main.TestSuiteExecutor.accessTestSuiteMainPhase(TestSuiteExecutor.java:148)
	at com.kms.katalon.core.main.TestSuiteExecutor.execute(TestSuiteExecutor.java:106)
	at com.kms.katalon.core.main.TestCaseMain.startTestSuite(TestCaseMain.java:187)
	at com.kms.katalon.core.main.TestCaseMain$startTestSuite$0.call(Unknown Source)
	at TempTestSuite1693448057270.run(TempTestSuite1693448057270.groovy:36)
Caused by: com.kms.katalon.core.exception.StepFailedException: Actual text 'Error: Last Name is required' and expected text 'Last Name Required' of test object 'Object Repository/Checkout Error Message' are NOT matched.
	at com.kms.katalon.core.webui.keyword.internal.WebUIKeywordMain.stepFailed(WebUIKeywordMain.groovy:64)
	at com.kms.katalon.core.webui.keyword.builtin.VerifyElementTextKeyword$_verifyElementText_closure1.doCall(VerifyElementTextKeyword.groovy:57)
	at com.kms.katalon.core.webui.keyword.builtin.VerifyElementTextKeyword$_verifyElementText_closure1.call(VerifyElementTextKeyword.groovy)
	at com.kms.katalon.core.webui.keyword.internal.WebUIKeywordMain.runKeyword(WebUIKeywordMain.groovy:20)
	... 19 more
)

2023-08-31 09:19:10 - [MESSAGE][FAILED] - Actual text 'Error: Last Name is required' and expected text 'Last Name Required' of test object 'Object Repository/Checkout Error Message' are NOT matched. (Root cause: com.kms.katalon.core.exception.StepFailedException: Actual text 'Error: Last Name is required' and expected text 'Last Name Required' of test object 'Object Repository/Checkout Error Message' are NOT matched.
	at com.kms.katalon.core.webui.keyword.internal.WebUIKeywordMain.stepFailed(WebUIKeywordMain.groovy:64)
	at com.kms.katalon.core.webui.keyword.builtin.VerifyElementTextKeyword$_verifyElementText_closure1.doCall(VerifyElementTextKeyword.groovy:57)
	at com.kms.katalon.core.webui.keyword.builtin.VerifyElementTextKeyword$_verifyElementText_closure1.call(VerifyElementTextKeyword.groovy)
	at com.kms.katalon.core.webui.keyword.internal.WebUIKeywordMain.runKeyword(WebUIKeywordMain.groovy:20)
	at com.kms.katalon.core.webui.keyword.builtin.VerifyElementTextKeyword.verifyElementText(VerifyElementTextKeyword.groovy:72)
	at com.kms.katalon.core.webui.keyword.builtin.VerifyElementTextKeyword.execute(VerifyElementTextKeyword.groovy:40)
	at com.kms.katalon.core.keyword.internal.KeywordExecutor.executeKeywordForPlatform(KeywordExecutor.groovy:74)
	at com.kms.katalon.core.webui.keyword.WebUiBuiltInKeywords.verifyElementText(WebUiBuiltInKeywords.groovy:4749)
	at com.kms.katalon.core.webui.keyword.WebUiBuiltInKeywords$verifyElementText$4.call(Unknown Source)
	at TC-Checkout-Error-002.run(TC-Checkout-Error-002:32)
	at com.kms.katalon.core.main.ScriptEngine.run(ScriptEngine.java:194)
	at com.kms.katalon.core.main.ScriptEngine.runScriptAsRawText(ScriptEngine.java:119)
	at com.kms.katalon.core.main.TestCaseExecutor.runScript(TestCaseExecutor.java:448)
	at com.kms.katalon.core.main.TestCaseExecutor.doExecute(TestCaseExecutor.java:439)
	at com.kms.katalon.core.main.TestCaseExecutor.processExecutionPhase(TestCaseExecutor.java:418)
	at com.kms.katalon.core.main.TestCaseExecutor.accessMainPhase(TestCaseExecutor.java:410)
	at com.kms.katalon.core.main.TestCaseExecutor.execute(TestCaseExecutor.java:285)
	at com.kms.katalon.core.common.CommonExecutor.accessTestCaseMainPhase(CommonExecutor.java:65)
	at com.kms.katalon.core.main.TestSuiteExecutor.accessTestSuiteMainPhase(TestSuiteExecutor.java:148)
	at com.kms.katalon.core.main.TestSuiteExecutor.execute(TestSuiteExecutor.java:106)
	at com.kms.katalon.core.main.TestCaseMain.startTestSuite(TestCaseMain.java:187)
	at com.kms.katalon.core.main.TestCaseMain$startTestSuite$0.call(Unknown Source)
	at TempTestSuite1693448057270.run(TempTestSuite1693448057270.groovy:36)
)
[[ATTACHMENT|C:\\Users\\youha\\OneDrive\\Desktop\\Batch 324\\Workspace\\batch-324-qa\\Trainer\\Sauce Demo\\Reports\\20230831_091417\\Test Suite All TC\\20230831_091417\\1693448350312.png]]

2023-08-31 09:19:10 - [MESSAGE][FAILED] - Verify element text of test object 'Object Repository/Checkout Error Message' FAILED. (Root cause: com.kms.katalon.core.exception.StepFailedException: Verify element text of test object 'Object Repository/Checkout Error Message' FAILED.
	at com.kms.katalon.core.webui.keyword.internal.WebUIKeywordMain.stepFailed(WebUIKeywordMain.groovy:64)
	at com.kms.katalon.core.webui.keyword.internal.WebUIKeywordMain.runKeyword(WebUIKeywordMain.groovy:26)
	at com.kms.katalon.core.webui.keyword.builtin.VerifyElementTextKeyword.verifyElementText(VerifyElementTextKeyword.groovy:72)
	at com.kms.katalon.core.webui.keyword.builtin.VerifyElementTextKeyword.execute(VerifyElementTextKeyword.groovy:40)
	at com.kms.katalon.core.keyword.internal.KeywordExecutor.executeKeywordForPlatform(KeywordExecutor.groovy:74)
	at com.kms.katalon.core.webui.keyword.WebUiBuiltInKeywords.verifyElementText(WebUiBuiltInKeywords.groovy:4749)
	at com.kms.katalon.core.webui.keyword.WebUiBuiltInKeywords$verifyElementText$4.call(Unknown Source)
	at TC-Checkout-Error-002.run(TC-Checkout-Error-002:32)
	at com.kms.katalon.core.main.ScriptEngine.run(ScriptEngine.java:194)
	at com.kms.katalon.core.main.ScriptEngine.runScriptAsRawText(ScriptEngine.java:119)
	at com.kms.katalon.core.main.TestCaseExecutor.runScript(TestCaseExecutor.java:448)
	at com.kms.katalon.core.main.TestCaseExecutor.doExecute(TestCaseExecutor.java:439)
	at com.kms.katalon.core.main.TestCaseExecutor.processExecutionPhase(TestCaseExecutor.java:418)
	at com.kms.katalon.core.main.TestCaseExecutor.accessMainPhase(TestCaseExecutor.java:410)
	at com.kms.katalon.core.main.TestCaseExecutor.execute(TestCaseExecutor.java:285)
	at com.kms.katalon.core.common.CommonExecutor.accessTestCaseMainPhase(CommonExecutor.java:65)
	at com.kms.katalon.core.main.TestSuiteExecutor.accessTestSuiteMainPhase(TestSuiteExecutor.java:148)
	at com.kms.katalon.core.main.TestSuiteExecutor.execute(TestSuiteExecutor.java:106)
	at com.kms.katalon.core.main.TestCaseMain.startTestSuite(TestCaseMain.java:187)
	at com.kms.katalon.core.main.TestCaseMain$startTestSuite$0.call(Unknown Source)
	at TempTestSuite1693448057270.run(TempTestSuite1693448057270.groovy:36)
Caused by: com.kms.katalon.core.exception.StepFailedException: Actual text 'Error: Last Name is required' and expected text 'Last Name Required' of test object 'Object Repository/Checkout Error Message' are NOT matched.
	at com.kms.katalon.core.webui.keyword.internal.WebUIKeywordMain.stepFailed(WebUIKeywordMain.groovy:64)
	at com.kms.katalon.core.webui.keyword.builtin.VerifyElementTextKeyword$_verifyElementText_closure1.doCall(VerifyElementTextKeyword.groovy:57)
	at com.kms.katalon.core.webui.keyword.builtin.VerifyElementTextKeyword$_verifyElementText_closure1.call(VerifyElementTextKeyword.groovy)
	at com.kms.katalon.core.webui.keyword.internal.WebUIKeywordMain.runKeyword(WebUIKeywordMain.groovy:20)
	... 19 more
)
[[ATTACHMENT|C:\\Users\\youha\\OneDrive\\Desktop\\Batch 324\\Workspace\\batch-324-qa\\Trainer\\Sauce Demo\\Reports\\20230831_091417\\Test Suite All TC\\20230831_091417\\1693448350396.png]]]]></system-out>
         <system-err><![CDATA[2023-08-31 09:18:55 - [TEST_CASE][FAILED] - Test Cases/Checkout/TC-Checkout-Error-002: Test Cases/Checkout/TC-Checkout-Error-002 FAILED.
Reason:
com.kms.katalon.core.exception.StepFailedException: Verify element text of test object 'Object Repository/Checkout Error Message' FAILED.
	at com.kms.katalon.core.webui.keyword.internal.WebUIKeywordMain.stepFailed(WebUIKeywordMain.groovy:64)
	at com.kms.katalon.core.webui.keyword.internal.WebUIKeywordMain.runKeyword(WebUIKeywordMain.groovy:26)
	at com.kms.katalon.core.webui.keyword.builtin.VerifyElementTextKeyword.verifyElementText(VerifyElementTextKeyword.groovy:72)
	at com.kms.katalon.core.webui.keyword.builtin.VerifyElementTextKeyword.execute(VerifyElementTextKeyword.groovy:40)
	at com.kms.katalon.core.keyword.internal.KeywordExecutor.executeKeywordForPlatform(KeywordExecutor.groovy:74)
	at com.kms.katalon.core.webui.keyword.WebUiBuiltInKeywords.verifyElementText(WebUiBuiltInKeywords.groovy:4749)
	at com.kms.katalon.core.webui.keyword.WebUiBuiltInKeywords$verifyElementText$4.call(Unknown Source)
	at TC-Checkout-Error-002.run(TC-Checkout-Error-002:32)
	at com.kms.katalon.core.main.ScriptEngine.run(ScriptEngine.java:194)
	at com.kms.katalon.core.main.ScriptEngine.runScriptAsRawText(ScriptEngine.java:119)
	at com.kms.katalon.core.main.TestCaseExecutor.runScript(TestCaseExecutor.java:448)
	at com.kms.katalon.core.main.TestCaseExecutor.doExecute(TestCaseExecutor.java:439)
	at com.kms.katalon.core.main.TestCaseExecutor.processExecutionPhase(TestCaseExecutor.java:418)
	at com.kms.katalon.core.main.TestCaseExecutor.accessMainPhase(TestCaseExecutor.java:410)
	at com.kms.katalon.core.main.TestCaseExecutor.execute(TestCaseExecutor.java:285)
	at com.kms.katalon.core.common.CommonExecutor.accessTestCaseMainPhase(CommonExecutor.java:65)
	at com.kms.katalon.core.main.TestSuiteExecutor.accessTestSuiteMainPhase(TestSuiteExecutor.java:148)
	at com.kms.katalon.core.main.TestSuiteExecutor.execute(TestSuiteExecutor.java:106)
	at com.kms.katalon.core.main.TestCaseMain.startTestSuite(TestCaseMain.java:187)
	at com.kms.katalon.core.main.TestCaseMain$startTestSuite$0.call(Unknown Source)
	at TempTestSuite1693448057270.run(TempTestSuite1693448057270.groovy:36)
Caused by: com.kms.katalon.core.exception.StepFailedException: Actual text 'Error: Last Name is required' and expected text 'Last Name Required' of test object 'Object Repository/Checkout Error Message' are NOT matched.
	at com.kms.katalon.core.webui.keyword.internal.WebUIKeywordMain.stepFailed(WebUIKeywordMain.groovy:64)
	at com.kms.katalon.core.webui.keyword.builtin.VerifyElementTextKeyword$_verifyElementText_closure1.doCall(VerifyElementTextKeyword.groovy:57)
	at com.kms.katalon.core.webui.keyword.builtin.VerifyElementTextKeyword$_verifyElementText_closure1.call(VerifyElementTextKeyword.groovy)
	at com.kms.katalon.core.webui.keyword.internal.WebUIKeywordMain.runKeyword(WebUIKeywordMain.groovy:20)
	... 19 more]]></system-err>
      </testcase>
      <testcase name="Test Cases/Checkout/TC-Checkout-Error-003" time="15.186" classname="Test Cases/Checkout/TC-Checkout-Error-003" status="PASSED">
         <system-out><![CDATA[2023-08-31 09:19:10 - [TEST_CASE][PASSED] - Test Cases/Checkout/TC-Checkout-Error-003: Test Cases/Checkout/TC-Checkout-Error-003

2023-08-31 09:19:10 - [TEST_STEP][PASSED] - callTestCase(findTestCase("Keranjang/TC-Cart-Show-002"), [:], STOP_ON_FAILURE): Call Test Case 'Test Cases/Keranjang/TC-Cart-Show-002' successfully

2023-08-31 09:19:10 - [TEST_CASE][PASSED] - Test Cases/Keranjang/TC-Cart-Show-002: Test Cases/Keranjang/TC-Cart-Show-002

2023-08-31 09:19:10 - [TEST_STEP][PASSED] - data = callTestCase(findTestCase("Products/TC-Product-AddCart-001"), [:], STOP_ON_FAILURE): Call Test Case 'Test Cases/Products/TC-Product-AddCart-001' successfully

2023-08-31 09:19:10 - [TEST_CASE][PASSED] - Test Cases/Products/TC-Product-AddCart-001: Test Cases/Products/TC-Product-AddCart-001

2023-08-31 09:19:10 - [TEST_STEP][PASSED] - callTestCase(findTestCase("Products/TC-Product-Show-001"), [:], STOP_ON_FAILURE): Call Test Case 'Test Cases/Products/TC-Product-Show-001' successfully

2023-08-31 09:19:10 - [TEST_CASE][PASSED] - Test Cases/Products/TC-Product-Show-001: Test Cases/Products/TC-Product-Show-001

2023-08-31 09:19:10 - [TEST_STEP][PASSED] - callTestCase(findTestCase("Login/TC-Login-Success-001"), ["username":"standard_user", "password":"qcu24s4901FyWDTwXGr6XA=="], STOP_ON_FAILURE): Call Test Case 'Test Cases/Login/TC-Login-Success-001' successfully

2023-08-31 09:19:10 - [TEST_CASE][PASSED] - Test Cases/Login/TC-Login-Success-001: Test Cases/Login/TC-Login-Success-001

2023-08-31 09:19:11 - [TEST_STEP][PASSED] - openBrowser(WEB_URL): Browser is opened with url: 'https://www.saucedemo.com/'

2023-08-31 09:19:11 - [MESSAGE][WARNING] - A browser is already opened. Closing browser and opening a new one

2023-08-31 09:19:11 - [MESSAGE][INFO] - Starting 'Edge Chromium' driver

2023-08-31 09:19:13 - [MESSAGE][INFO] - Action delay is set to 0 milliseconds

2023-08-31 09:19:15 - [MESSAGE][PASSED] - Browser is opened with url: 'https://www.saucedemo.com/'

2023-08-31 09:19:15 - [TEST_STEP][PASSED] - verifyElementPresent(findTestObject("Login Title Text"), 10): Object 'Object Repository/Login Title Text' is present

2023-08-31 09:19:16 - [MESSAGE][PASSED] - Object 'Object Repository/Login Title Text' is present

2023-08-31 09:19:16 - [TEST_STEP][PASSED] - setText(findTestObject("Login Input Username"), username): Text 'standard_user' is set on object 'Object Repository/Login Input Username'

2023-08-31 09:19:16 - [MESSAGE][PASSED] - Text 'standard_user' is set on object 'Object Repository/Login Input Username'

2023-08-31 09:19:16 - [TEST_STEP][PASSED] - setEncryptedText(findTestObject("Login Input Password"), password): Text ****** has been set on object 'Object Repository/Login Input Password'

2023-08-31 09:19:17 - [MESSAGE][PASSED] - Text ****** has been set on object 'Object Repository/Login Input Password'

2023-08-31 09:19:17 - [TEST_STEP][PASSED] - click(findTestObject("Login Button")): Object: 'Object Repository/Login Button' is clicked on

2023-08-31 09:19:17 - [MESSAGE][PASSED] - Object: 'Object Repository/Login Button' is clicked on

2023-08-31 09:19:17 - [TEST_STEP][PASSED] - verifyElementPresent(findTestObject("Product Title Text"), 10): Object 'Object Repository/Product Title Text' is present

2023-08-31 09:19:18 - [MESSAGE][PASSED] - Object 'Object Repository/Product Title Text' is present

2023-08-31 09:19:18 - [MESSAGE][PASSED] - Call Test Case 'Test Cases/Login/TC-Login-Success-001' successfully

2023-08-31 09:19:18 - [TEST_STEP][PASSED] - verifyElementPresent(findTestObject("Product Title Text"), 10): Object 'Object Repository/Product Title Text' is present

2023-08-31 09:19:18 - [MESSAGE][PASSED] - Object 'Object Repository/Product Title Text' is present

2023-08-31 09:19:18 - [MESSAGE][PASSED] - Call Test Case 'Test Cases/Products/TC-Product-Show-001' successfully

2023-08-31 09:19:18 - [TEST_STEP][PASSED] - click(findTestObject("Product Button ATC Product 1")): Object: 'Object Repository/Product Button ATC Product 1' is clicked on

2023-08-31 09:19:18 - [MESSAGE][PASSED] - Object: 'Object Repository/Product Button ATC Product 1' is clicked on

2023-08-31 09:19:18 - [TEST_STEP][PASSED] - verifyElementText(findTestObject("Product Button Remove Product 1"), "Remove"): Actual text and expected text of test object 'Object Repository/Product Button Remove Product 1' are matched.

2023-08-31 09:19:19 - [MESSAGE][PASSED] - Actual text and expected text of test object 'Object Repository/Product Button Remove Product 1' are matched.

2023-08-31 09:19:19 - [TEST_STEP][PASSED] - verifyElementText(findTestObject("Product Label Icon Cart"), "1"): Actual text and expected text of test object 'Object Repository/Product Label Icon Cart' are matched.

2023-08-31 09:19:19 - [MESSAGE][PASSED] - Actual text and expected text of test object 'Object Repository/Product Label Icon Cart' are matched.

2023-08-31 09:19:19 - [TEST_STEP][PASSED] - name = getText(findTestObject("Product Text Name Product 1")): Text of object 'Object Repository/Product Text Name Product 1' is: 'Sauce Labs Backpack'

2023-08-31 09:19:20 - [MESSAGE][PASSED] - Text of object 'Object Repository/Product Text Name Product 1' is: 'Sauce Labs Backpack'

2023-08-31 09:19:20 - [TEST_STEP][PASSED] - desc = getText(findTestObject("Product Text Desc Product 1")): Text of object 'Object Repository/Product Text Desc Product 1' is: 'carry.allTheThings() with the sleek, streamlined Sly Pack that melds uncompromising style with unequaled laptop and tablet protection.'

2023-08-31 09:19:20 - [MESSAGE][PASSED] - Text of object 'Object Repository/Product Text Desc Product 1' is: 'carry.allTheThings() with the sleek, streamlined Sly Pack that melds uncompromising style with unequaled laptop and tablet protection.'

2023-08-31 09:19:20 - [TEST_STEP][PASSED] - prize = getText(findTestObject("Product Text Price Product 1")): Text of object 'Object Repository/Product Text Price Product 1' is: '$29.99'

2023-08-31 09:19:20 - [MESSAGE][PASSED] - Text of object 'Object Repository/Product Text Price Product 1' is: '$29.99'

2023-08-31 09:19:20 - [TEST_STEP][PASSED] - data = new java.util.HashMap(): null

2023-08-31 09:19:20 - [TEST_STEP][PASSED] - data.put("product_name", name): null

2023-08-31 09:19:20 - [TEST_STEP][PASSED] - data.put("product_desc", desc): null

2023-08-31 09:19:20 - [TEST_STEP][PASSED] - data.put("product_price", prize): null

2023-08-31 09:19:20 - [TEST_STEP][PASSED] - return data: null

2023-08-31 09:19:20 - [MESSAGE][PASSED] - Call Test Case 'Test Cases/Products/TC-Product-AddCart-001' successfully

2023-08-31 09:19:20 - [TEST_STEP][PASSED] - click(findTestObject("Product Icon Cart")): Object: 'Object Repository/Product Icon Cart' is clicked on

2023-08-31 09:19:21 - [MESSAGE][PASSED] - Object: 'Object Repository/Product Icon Cart' is clicked on

2023-08-31 09:19:21 - [TEST_STEP][PASSED] - verifyElementPresent(findTestObject("Cart Title Text"), 10): Object 'Object Repository/Cart Title Text' is present

2023-08-31 09:19:21 - [MESSAGE][PASSED] - Object 'Object Repository/Cart Title Text' is present

2023-08-31 09:19:21 - [TEST_STEP][PASSED] - name = getText(findTestObject("Cart Text Product 1 Title")): Text of object 'Object Repository/Cart Text Product 1 Title' is: 'Sauce Labs Backpack'

2023-08-31 09:19:21 - [MESSAGE][PASSED] - Text of object 'Object Repository/Cart Text Product 1 Title' is: 'Sauce Labs Backpack'

2023-08-31 09:19:21 - [TEST_STEP][PASSED] - desc = getText(findTestObject("Cart Text Product 1 Desc")): Text of object 'Object Repository/Cart Text Product 1 Desc' is: 'carry.allTheThings() with the sleek, streamlined Sly Pack that melds uncompromising style with unequaled laptop and tablet protection.'

2023-08-31 09:19:22 - [MESSAGE][PASSED] - Text of object 'Object Repository/Cart Text Product 1 Desc' is: 'carry.allTheThings() with the sleek, streamlined Sly Pack that melds uncompromising style with unequaled laptop and tablet protection.'

2023-08-31 09:19:22 - [TEST_STEP][PASSED] - price = getText(findTestObject("Cart Text Product 1 Price")): Text of object 'Object Repository/Cart Text Product 1 Price' is: '$29.99'

2023-08-31 09:19:22 - [MESSAGE][PASSED] - Text of object 'Object Repository/Cart Text Product 1 Price' is: '$29.99'

2023-08-31 09:19:22 - [TEST_STEP][PASSED] - assert name == data.get("product_name"): null

2023-08-31 09:19:22 - [TEST_STEP][PASSED] - assert desc == data.get("product_desc"): null

2023-08-31 09:19:22 - [TEST_STEP][PASSED] - assert price == data.get("product_price"): null

2023-08-31 09:19:22 - [TEST_STEP][PASSED] - return data: null

2023-08-31 09:19:22 - [MESSAGE][PASSED] - Call Test Case 'Test Cases/Keranjang/TC-Cart-Show-002' successfully

2023-08-31 09:19:22 - [TEST_STEP][PASSED] - click(findTestObject("Cart Button Checkout")): Object: 'Object Repository/Cart Button Checkout' is clicked on

2023-08-31 09:19:22 - [MESSAGE][PASSED] - Object: 'Object Repository/Cart Button Checkout' is clicked on

2023-08-31 09:19:22 - [TEST_STEP][PASSED] - verifyElementPresent(findTestObject("Checkout Step 1 Title"), 0): Object 'Object Repository/Checkout Step 1 Title' is present

2023-08-31 09:19:22 - [MESSAGE][WARNING] - Timeout '0' is invalid. Using default page load timeout: '30'

2023-08-31 09:19:23 - [MESSAGE][PASSED] - Object 'Object Repository/Checkout Step 1 Title' is present

2023-08-31 09:19:23 - [TEST_STEP][PASSED] - setText(findTestObject("Checkout Input First Name"), first_name): Text 'Yuhan' is set on object 'Object Repository/Checkout Input First Name'

2023-08-31 09:19:23 - [MESSAGE][PASSED] - Text 'Yuhan' is set on object 'Object Repository/Checkout Input First Name'

2023-08-31 09:19:23 - [TEST_STEP][PASSED] - setText(findTestObject("Checkout Input Last Name"), last_name): Text 'Nanda' is set on object 'Object Repository/Checkout Input Last Name'

2023-08-31 09:19:24 - [MESSAGE][PASSED] - Text 'Nanda' is set on object 'Object Repository/Checkout Input Last Name'

2023-08-31 09:19:24 - [TEST_STEP][PASSED] - click(findTestObject("Checkout Button Continue")): Object: 'Object Repository/Checkout Button Continue' is clicked on

2023-08-31 09:19:25 - [MESSAGE][PASSED] - Object: 'Object Repository/Checkout Button Continue' is clicked on

2023-08-31 09:19:25 - [TEST_STEP][PASSED] - verifyElementText(findTestObject("Checkout Error Message"), "Error: Postal Code is required"): Actual text and expected text of test object 'Object Repository/Checkout Error Message' are matched.

2023-08-31 09:19:25 - [MESSAGE][PASSED] - Actual text and expected text of test object 'Object Repository/Checkout Error Message' are matched.]]></system-out>
         <system-err><![CDATA[]]></system-err>
      </testcase>
      <testcase name="Test Cases/Checkout/TC-Checkout-Nav-001" time="17.086" classname="Test Cases/Checkout/TC-Checkout-Nav-001" status="PASSED">
         <system-out><![CDATA[2023-08-31 09:19:25 - [TEST_CASE][PASSED] - Test Cases/Checkout/TC-Checkout-Nav-001: Test Cases/Checkout/TC-Checkout-Nav-001

2023-08-31 09:19:25 - [TEST_STEP][PASSED] - callTestCase(findTestCase("Keranjang/TC-Cart-Show-002"), [:], STOP_ON_FAILURE): Call Test Case 'Test Cases/Keranjang/TC-Cart-Show-002' successfully

2023-08-31 09:19:26 - [TEST_CASE][PASSED] - Test Cases/Keranjang/TC-Cart-Show-002: Test Cases/Keranjang/TC-Cart-Show-002

2023-08-31 09:19:26 - [TEST_STEP][PASSED] - data = callTestCase(findTestCase("Products/TC-Product-AddCart-001"), [:], STOP_ON_FAILURE): Call Test Case 'Test Cases/Products/TC-Product-AddCart-001' successfully

2023-08-31 09:19:26 - [TEST_CASE][PASSED] - Test Cases/Products/TC-Product-AddCart-001: Test Cases/Products/TC-Product-AddCart-001

2023-08-31 09:19:26 - [TEST_STEP][PASSED] - callTestCase(findTestCase("Products/TC-Product-Show-001"), [:], STOP_ON_FAILURE): Call Test Case 'Test Cases/Products/TC-Product-Show-001' successfully

2023-08-31 09:19:26 - [TEST_CASE][PASSED] - Test Cases/Products/TC-Product-Show-001: Test Cases/Products/TC-Product-Show-001

2023-08-31 09:19:26 - [TEST_STEP][PASSED] - callTestCase(findTestCase("Login/TC-Login-Success-001"), ["username":"standard_user", "password":"qcu24s4901FyWDTwXGr6XA=="], STOP_ON_FAILURE): Call Test Case 'Test Cases/Login/TC-Login-Success-001' successfully

2023-08-31 09:19:26 - [TEST_CASE][PASSED] - Test Cases/Login/TC-Login-Success-001: Test Cases/Login/TC-Login-Success-001

2023-08-31 09:19:26 - [TEST_STEP][PASSED] - openBrowser(WEB_URL): Browser is opened with url: 'https://www.saucedemo.com/'

2023-08-31 09:19:26 - [MESSAGE][WARNING] - A browser is already opened. Closing browser and opening a new one

2023-08-31 09:19:26 - [MESSAGE][INFO] - Starting 'Edge Chromium' driver

2023-08-31 09:19:29 - [MESSAGE][INFO] - Action delay is set to 0 milliseconds

2023-08-31 09:19:31 - [MESSAGE][PASSED] - Browser is opened with url: 'https://www.saucedemo.com/'

2023-08-31 09:19:31 - [TEST_STEP][PASSED] - verifyElementPresent(findTestObject("Login Title Text"), 10): Object 'Object Repository/Login Title Text' is present

2023-08-31 09:19:31 - [MESSAGE][PASSED] - Object 'Object Repository/Login Title Text' is present

2023-08-31 09:19:31 - [TEST_STEP][PASSED] - setText(findTestObject("Login Input Username"), username): Text 'standard_user' is set on object 'Object Repository/Login Input Username'

2023-08-31 09:19:32 - [MESSAGE][PASSED] - Text 'standard_user' is set on object 'Object Repository/Login Input Username'

2023-08-31 09:19:32 - [TEST_STEP][PASSED] - setEncryptedText(findTestObject("Login Input Password"), password): Text ****** has been set on object 'Object Repository/Login Input Password'

2023-08-31 09:19:32 - [MESSAGE][PASSED] - Text ****** has been set on object 'Object Repository/Login Input Password'

2023-08-31 09:19:32 - [TEST_STEP][PASSED] - click(findTestObject("Login Button")): Object: 'Object Repository/Login Button' is clicked on

2023-08-31 09:19:32 - [MESSAGE][PASSED] - Object: 'Object Repository/Login Button' is clicked on

2023-08-31 09:19:32 - [TEST_STEP][PASSED] - verifyElementPresent(findTestObject("Product Title Text"), 10): Object 'Object Repository/Product Title Text' is present

2023-08-31 09:19:33 - [MESSAGE][PASSED] - Object 'Object Repository/Product Title Text' is present

2023-08-31 09:19:33 - [MESSAGE][PASSED] - Call Test Case 'Test Cases/Login/TC-Login-Success-001' successfully

2023-08-31 09:19:33 - [TEST_STEP][PASSED] - verifyElementPresent(findTestObject("Product Title Text"), 10): Object 'Object Repository/Product Title Text' is present

2023-08-31 09:19:33 - [MESSAGE][PASSED] - Object 'Object Repository/Product Title Text' is present

2023-08-31 09:19:33 - [MESSAGE][PASSED] - Call Test Case 'Test Cases/Products/TC-Product-Show-001' successfully

2023-08-31 09:19:33 - [TEST_STEP][PASSED] - click(findTestObject("Product Button ATC Product 1")): Object: 'Object Repository/Product Button ATC Product 1' is clicked on

2023-08-31 09:19:34 - [MESSAGE][PASSED] - Object: 'Object Repository/Product Button ATC Product 1' is clicked on

2023-08-31 09:19:34 - [TEST_STEP][PASSED] - verifyElementText(findTestObject("Product Button Remove Product 1"), "Remove"): Actual text and expected text of test object 'Object Repository/Product Button Remove Product 1' are matched.

2023-08-31 09:19:34 - [MESSAGE][PASSED] - Actual text and expected text of test object 'Object Repository/Product Button Remove Product 1' are matched.

2023-08-31 09:19:34 - [TEST_STEP][PASSED] - verifyElementText(findTestObject("Product Label Icon Cart"), "1"): Actual text and expected text of test object 'Object Repository/Product Label Icon Cart' are matched.

2023-08-31 09:19:35 - [MESSAGE][PASSED] - Actual text and expected text of test object 'Object Repository/Product Label Icon Cart' are matched.

2023-08-31 09:19:35 - [TEST_STEP][PASSED] - name = getText(findTestObject("Product Text Name Product 1")): Text of object 'Object Repository/Product Text Name Product 1' is: 'Sauce Labs Backpack'

2023-08-31 09:19:35 - [MESSAGE][PASSED] - Text of object 'Object Repository/Product Text Name Product 1' is: 'Sauce Labs Backpack'

2023-08-31 09:19:35 - [TEST_STEP][PASSED] - desc = getText(findTestObject("Product Text Desc Product 1")): Text of object 'Object Repository/Product Text Desc Product 1' is: 'carry.allTheThings() with the sleek, streamlined Sly Pack that melds uncompromising style with unequaled laptop and tablet protection.'

2023-08-31 09:19:35 - [MESSAGE][PASSED] - Text of object 'Object Repository/Product Text Desc Product 1' is: 'carry.allTheThings() with the sleek, streamlined Sly Pack that melds uncompromising style with unequaled laptop and tablet protection.'

2023-08-31 09:19:35 - [TEST_STEP][PASSED] - prize = getText(findTestObject("Product Text Price Product 1")): Text of object 'Object Repository/Product Text Price Product 1' is: '$29.99'

2023-08-31 09:19:35 - [MESSAGE][PASSED] - Text of object 'Object Repository/Product Text Price Product 1' is: '$29.99'

2023-08-31 09:19:35 - [TEST_STEP][PASSED] - data = new java.util.HashMap(): null

2023-08-31 09:19:35 - [TEST_STEP][PASSED] - data.put("product_name", name): null

2023-08-31 09:19:35 - [TEST_STEP][PASSED] - data.put("product_desc", desc): null

2023-08-31 09:19:35 - [TEST_STEP][PASSED] - data.put("product_price", prize): null

2023-08-31 09:19:35 - [TEST_STEP][PASSED] - return data: null

2023-08-31 09:19:35 - [MESSAGE][PASSED] - Call Test Case 'Test Cases/Products/TC-Product-AddCart-001' successfully

2023-08-31 09:19:35 - [TEST_STEP][PASSED] - click(findTestObject("Product Icon Cart")): Object: 'Object Repository/Product Icon Cart' is clicked on

2023-08-31 09:19:36 - [MESSAGE][PASSED] - Object: 'Object Repository/Product Icon Cart' is clicked on

2023-08-31 09:19:36 - [TEST_STEP][PASSED] - verifyElementPresent(findTestObject("Cart Title Text"), 10): Object 'Object Repository/Cart Title Text' is present

2023-08-31 09:19:36 - [MESSAGE][PASSED] - Object 'Object Repository/Cart Title Text' is present

2023-08-31 09:19:36 - [TEST_STEP][PASSED] - name = getText(findTestObject("Cart Text Product 1 Title")): Text of object 'Object Repository/Cart Text Product 1 Title' is: 'Sauce Labs Backpack'

2023-08-31 09:19:37 - [MESSAGE][PASSED] - Text of object 'Object Repository/Cart Text Product 1 Title' is: 'Sauce Labs Backpack'

2023-08-31 09:19:37 - [TEST_STEP][PASSED] - desc = getText(findTestObject("Cart Text Product 1 Desc")): Text of object 'Object Repository/Cart Text Product 1 Desc' is: 'carry.allTheThings() with the sleek, streamlined Sly Pack that melds uncompromising style with unequaled laptop and tablet protection.'

2023-08-31 09:19:37 - [MESSAGE][PASSED] - Text of object 'Object Repository/Cart Text Product 1 Desc' is: 'carry.allTheThings() with the sleek, streamlined Sly Pack that melds uncompromising style with unequaled laptop and tablet protection.'

2023-08-31 09:19:37 - [TEST_STEP][PASSED] - price = getText(findTestObject("Cart Text Product 1 Price")): Text of object 'Object Repository/Cart Text Product 1 Price' is: '$29.99'

2023-08-31 09:19:37 - [MESSAGE][PASSED] - Text of object 'Object Repository/Cart Text Product 1 Price' is: '$29.99'

2023-08-31 09:19:37 - [TEST_STEP][PASSED] - assert name == data.get("product_name"): null

2023-08-31 09:19:37 - [TEST_STEP][PASSED] - assert desc == data.get("product_desc"): null

2023-08-31 09:19:37 - [TEST_STEP][PASSED] - assert price == data.get("product_price"): null

2023-08-31 09:19:37 - [TEST_STEP][PASSED] - return data: null

2023-08-31 09:19:37 - [MESSAGE][PASSED] - Call Test Case 'Test Cases/Keranjang/TC-Cart-Show-002' successfully

2023-08-31 09:19:37 - [TEST_STEP][PASSED] - click(findTestObject("Cart Button Checkout")): Object: 'Object Repository/Cart Button Checkout' is clicked on

2023-08-31 09:19:38 - [MESSAGE][PASSED] - Object: 'Object Repository/Cart Button Checkout' is clicked on

2023-08-31 09:19:38 - [TEST_STEP][PASSED] - verifyElementPresent(findTestObject("Checkout Step 1 Title"), 0): Object 'Object Repository/Checkout Step 1 Title' is present

2023-08-31 09:19:38 - [MESSAGE][WARNING] - Timeout '0' is invalid. Using default page load timeout: '30'

2023-08-31 09:19:38 - [MESSAGE][PASSED] - Object 'Object Repository/Checkout Step 1 Title' is present

2023-08-31 09:19:38 - [TEST_STEP][PASSED] - setText(findTestObject("Checkout Input First Name"), first_name): Text 'Yuhan' is set on object 'Object Repository/Checkout Input First Name'

2023-08-31 09:19:39 - [MESSAGE][PASSED] - Text 'Yuhan' is set on object 'Object Repository/Checkout Input First Name'

2023-08-31 09:19:39 - [TEST_STEP][PASSED] - setText(findTestObject("Checkout Input Last Name"), last_name): Text 'Nanda' is set on object 'Object Repository/Checkout Input Last Name'

2023-08-31 09:19:40 - [MESSAGE][PASSED] - Text 'Nanda' is set on object 'Object Repository/Checkout Input Last Name'

2023-08-31 09:19:40 - [TEST_STEP][PASSED] - setText(findTestObject("Checkout Input Postal Code"), postal_code): Text '55293' is set on object 'Object Repository/Checkout Input Postal Code'

2023-08-31 09:19:40 - [MESSAGE][PASSED] - Text '55293' is set on object 'Object Repository/Checkout Input Postal Code'

2023-08-31 09:19:40 - [TEST_STEP][PASSED] - click(findTestObject("Checkout Button Continue")): Object: 'Object Repository/Checkout Button Continue' is clicked on

2023-08-31 09:19:41 - [MESSAGE][PASSED] - Object: 'Object Repository/Checkout Button Continue' is clicked on

2023-08-31 09:19:41 - [TEST_STEP][PASSED] - verifyElementPresent(findTestObject("Checkout Step 2 Title"), 0): Object 'Object Repository/Checkout Step 2 Title' is present

2023-08-31 09:19:41 - [MESSAGE][WARNING] - Timeout '0' is invalid. Using default page load timeout: '30'

2023-08-31 09:19:41 - [MESSAGE][PASSED] - Object 'Object Repository/Checkout Step 2 Title' is present

2023-08-31 09:19:41 - [TEST_STEP][PASSED] - click(findTestObject("Checkout Button Cancel")): Object: 'Object Repository/Checkout Button Cancel' is clicked on

2023-08-31 09:19:42 - [MESSAGE][PASSED] - Object: 'Object Repository/Checkout Button Cancel' is clicked on

2023-08-31 09:19:42 - [TEST_STEP][PASSED] - verifyElementPresent(findTestObject("Product Title Text"), 0): Object 'Object Repository/Product Title Text' is present

2023-08-31 09:19:42 - [MESSAGE][WARNING] - Timeout '0' is invalid. Using default page load timeout: '30'

2023-08-31 09:19:42 - [MESSAGE][PASSED] - Object 'Object Repository/Product Title Text' is present]]></system-out>
         <system-err><![CDATA[]]></system-err>
      </testcase>
      <testcase name="Test Cases/Checkout/TC-Checkout-Success-001" time="19.359" classname="Test Cases/Checkout/TC-Checkout-Success-001" status="PASSED">
         <system-out><![CDATA[2023-08-31 09:19:42 - [TEST_CASE][PASSED] - Test Cases/Checkout/TC-Checkout-Success-001: Test Cases/Checkout/TC-Checkout-Success-001

2023-08-31 09:19:43 - [TEST_STEP][PASSED] - data = callTestCase(findTestCase("Keranjang/TC-Cart-Show-002"), [:], STOP_ON_FAILURE): Call Test Case 'Test Cases/Keranjang/TC-Cart-Show-002' successfully

2023-08-31 09:19:43 - [TEST_CASE][PASSED] - Test Cases/Keranjang/TC-Cart-Show-002: Test Cases/Keranjang/TC-Cart-Show-002

2023-08-31 09:19:43 - [TEST_STEP][PASSED] - data = callTestCase(findTestCase("Products/TC-Product-AddCart-001"), [:], STOP_ON_FAILURE): Call Test Case 'Test Cases/Products/TC-Product-AddCart-001' successfully

2023-08-31 09:19:43 - [TEST_CASE][PASSED] - Test Cases/Products/TC-Product-AddCart-001: Test Cases/Products/TC-Product-AddCart-001

2023-08-31 09:19:43 - [TEST_STEP][PASSED] - callTestCase(findTestCase("Products/TC-Product-Show-001"), [:], STOP_ON_FAILURE): Call Test Case 'Test Cases/Products/TC-Product-Show-001' successfully

2023-08-31 09:19:43 - [TEST_CASE][PASSED] - Test Cases/Products/TC-Product-Show-001: Test Cases/Products/TC-Product-Show-001

2023-08-31 09:19:43 - [TEST_STEP][PASSED] - callTestCase(findTestCase("Login/TC-Login-Success-001"), ["username":"standard_user", "password":"qcu24s4901FyWDTwXGr6XA=="], STOP_ON_FAILURE): Call Test Case 'Test Cases/Login/TC-Login-Success-001' successfully

2023-08-31 09:19:43 - [TEST_CASE][PASSED] - Test Cases/Login/TC-Login-Success-001: Test Cases/Login/TC-Login-Success-001

2023-08-31 09:19:43 - [TEST_STEP][PASSED] - openBrowser(WEB_URL): Browser is opened with url: 'https://www.saucedemo.com/'

2023-08-31 09:19:43 - [MESSAGE][WARNING] - A browser is already opened. Closing browser and opening a new one

2023-08-31 09:19:44 - [MESSAGE][INFO] - Starting 'Edge Chromium' driver

2023-08-31 09:19:46 - [MESSAGE][INFO] - Action delay is set to 0 milliseconds

2023-08-31 09:19:48 - [MESSAGE][PASSED] - Browser is opened with url: 'https://www.saucedemo.com/'

2023-08-31 09:19:48 - [TEST_STEP][PASSED] - verifyElementPresent(findTestObject("Login Title Text"), 10): Object 'Object Repository/Login Title Text' is present

2023-08-31 09:19:48 - [MESSAGE][PASSED] - Object 'Object Repository/Login Title Text' is present

2023-08-31 09:19:48 - [TEST_STEP][PASSED] - setText(findTestObject("Login Input Username"), username): Text 'standard_user' is set on object 'Object Repository/Login Input Username'

2023-08-31 09:19:49 - [MESSAGE][PASSED] - Text 'standard_user' is set on object 'Object Repository/Login Input Username'

2023-08-31 09:19:49 - [TEST_STEP][PASSED] - setEncryptedText(findTestObject("Login Input Password"), password): Text ****** has been set on object 'Object Repository/Login Input Password'

2023-08-31 09:19:49 - [MESSAGE][PASSED] - Text ****** has been set on object 'Object Repository/Login Input Password'

2023-08-31 09:19:49 - [TEST_STEP][PASSED] - click(findTestObject("Login Button")): Object: 'Object Repository/Login Button' is clicked on

2023-08-31 09:19:49 - [MESSAGE][PASSED] - Object: 'Object Repository/Login Button' is clicked on

2023-08-31 09:19:49 - [TEST_STEP][PASSED] - verifyElementPresent(findTestObject("Product Title Text"), 10): Object 'Object Repository/Product Title Text' is present

2023-08-31 09:19:50 - [MESSAGE][PASSED] - Object 'Object Repository/Product Title Text' is present

2023-08-31 09:19:50 - [MESSAGE][PASSED] - Call Test Case 'Test Cases/Login/TC-Login-Success-001' successfully

2023-08-31 09:19:50 - [TEST_STEP][PASSED] - verifyElementPresent(findTestObject("Product Title Text"), 10): Object 'Object Repository/Product Title Text' is present

2023-08-31 09:19:50 - [MESSAGE][PASSED] - Object 'Object Repository/Product Title Text' is present

2023-08-31 09:19:50 - [MESSAGE][PASSED] - Call Test Case 'Test Cases/Products/TC-Product-Show-001' successfully

2023-08-31 09:19:50 - [TEST_STEP][PASSED] - click(findTestObject("Product Button ATC Product 1")): Object: 'Object Repository/Product Button ATC Product 1' is clicked on

2023-08-31 09:19:51 - [MESSAGE][PASSED] - Object: 'Object Repository/Product Button ATC Product 1' is clicked on

2023-08-31 09:19:51 - [TEST_STEP][PASSED] - verifyElementText(findTestObject("Product Button Remove Product 1"), "Remove"): Actual text and expected text of test object 'Object Repository/Product Button Remove Product 1' are matched.

2023-08-31 09:19:51 - [MESSAGE][PASSED] - Actual text and expected text of test object 'Object Repository/Product Button Remove Product 1' are matched.

2023-08-31 09:19:51 - [TEST_STEP][PASSED] - verifyElementText(findTestObject("Product Label Icon Cart"), "1"): Actual text and expected text of test object 'Object Repository/Product Label Icon Cart' are matched.

2023-08-31 09:19:52 - [MESSAGE][PASSED] - Actual text and expected text of test object 'Object Repository/Product Label Icon Cart' are matched.

2023-08-31 09:19:52 - [TEST_STEP][PASSED] - name = getText(findTestObject("Product Text Name Product 1")): Text of object 'Object Repository/Product Text Name Product 1' is: 'Sauce Labs Backpack'

2023-08-31 09:19:52 - [MESSAGE][PASSED] - Text of object 'Object Repository/Product Text Name Product 1' is: 'Sauce Labs Backpack'

2023-08-31 09:19:52 - [TEST_STEP][PASSED] - desc = getText(findTestObject("Product Text Desc Product 1")): Text of object 'Object Repository/Product Text Desc Product 1' is: 'carry.allTheThings() with the sleek, streamlined Sly Pack that melds uncompromising style with unequaled laptop and tablet protection.'

2023-08-31 09:19:52 - [MESSAGE][PASSED] - Text of object 'Object Repository/Product Text Desc Product 1' is: 'carry.allTheThings() with the sleek, streamlined Sly Pack that melds uncompromising style with unequaled laptop and tablet protection.'

2023-08-31 09:19:52 - [TEST_STEP][PASSED] - prize = getText(findTestObject("Product Text Price Product 1")): Text of object 'Object Repository/Product Text Price Product 1' is: '$29.99'

2023-08-31 09:19:53 - [MESSAGE][PASSED] - Text of object 'Object Repository/Product Text Price Product 1' is: '$29.99'

2023-08-31 09:19:53 - [TEST_STEP][PASSED] - data = new java.util.HashMap(): null

2023-08-31 09:19:53 - [TEST_STEP][PASSED] - data.put("product_name", name): null

2023-08-31 09:19:53 - [TEST_STEP][PASSED] - data.put("product_desc", desc): null

2023-08-31 09:19:53 - [TEST_STEP][PASSED] - data.put("product_price", prize): null

2023-08-31 09:19:53 - [TEST_STEP][PASSED] - return data: null

2023-08-31 09:19:53 - [MESSAGE][PASSED] - Call Test Case 'Test Cases/Products/TC-Product-AddCart-001' successfully

2023-08-31 09:19:53 - [TEST_STEP][PASSED] - click(findTestObject("Product Icon Cart")): Object: 'Object Repository/Product Icon Cart' is clicked on

2023-08-31 09:19:53 - [MESSAGE][PASSED] - Object: 'Object Repository/Product Icon Cart' is clicked on

2023-08-31 09:19:53 - [TEST_STEP][PASSED] - verifyElementPresent(findTestObject("Cart Title Text"), 10): Object 'Object Repository/Cart Title Text' is present

2023-08-31 09:19:53 - [MESSAGE][PASSED] - Object 'Object Repository/Cart Title Text' is present

2023-08-31 09:19:53 - [TEST_STEP][PASSED] - name = getText(findTestObject("Cart Text Product 1 Title")): Text of object 'Object Repository/Cart Text Product 1 Title' is: 'Sauce Labs Backpack'

2023-08-31 09:19:54 - [MESSAGE][PASSED] - Text of object 'Object Repository/Cart Text Product 1 Title' is: 'Sauce Labs Backpack'

2023-08-31 09:19:54 - [TEST_STEP][PASSED] - desc = getText(findTestObject("Cart Text Product 1 Desc")): Text of object 'Object Repository/Cart Text Product 1 Desc' is: 'carry.allTheThings() with the sleek, streamlined Sly Pack that melds uncompromising style with unequaled laptop and tablet protection.'

2023-08-31 09:19:54 - [MESSAGE][PASSED] - Text of object 'Object Repository/Cart Text Product 1 Desc' is: 'carry.allTheThings() with the sleek, streamlined Sly Pack that melds uncompromising style with unequaled laptop and tablet protection.'

2023-08-31 09:19:54 - [TEST_STEP][PASSED] - price = getText(findTestObject("Cart Text Product 1 Price")): Text of object 'Object Repository/Cart Text Product 1 Price' is: '$29.99'

2023-08-31 09:19:54 - [MESSAGE][PASSED] - Text of object 'Object Repository/Cart Text Product 1 Price' is: '$29.99'

2023-08-31 09:19:54 - [TEST_STEP][PASSED] - assert name == data.get("product_name"): null

2023-08-31 09:19:54 - [TEST_STEP][PASSED] - assert desc == data.get("product_desc"): null

2023-08-31 09:19:54 - [TEST_STEP][PASSED] - assert price == data.get("product_price"): null

2023-08-31 09:19:54 - [TEST_STEP][PASSED] - return data: null

2023-08-31 09:19:54 - [MESSAGE][PASSED] - Call Test Case 'Test Cases/Keranjang/TC-Cart-Show-002' successfully

2023-08-31 09:19:54 - [TEST_STEP][PASSED] - click(findTestObject("Cart Button Checkout")): Object: 'Object Repository/Cart Button Checkout' is clicked on

2023-08-31 09:19:55 - [MESSAGE][PASSED] - Object: 'Object Repository/Cart Button Checkout' is clicked on

2023-08-31 09:19:55 - [TEST_STEP][PASSED] - verifyElementPresent(findTestObject("Checkout Step 1 Title"), 0): Object 'Object Repository/Checkout Step 1 Title' is present

2023-08-31 09:19:55 - [MESSAGE][WARNING] - Timeout '0' is invalid. Using default page load timeout: '30'

2023-08-31 09:19:55 - [MESSAGE][PASSED] - Object 'Object Repository/Checkout Step 1 Title' is present

2023-08-31 09:19:55 - [TEST_STEP][PASSED] - setText(findTestObject("Checkout Input First Name"), first_name): Text 'Yuhan' is set on object 'Object Repository/Checkout Input First Name'

2023-08-31 09:19:56 - [MESSAGE][PASSED] - Text 'Yuhan' is set on object 'Object Repository/Checkout Input First Name'

2023-08-31 09:19:56 - [TEST_STEP][PASSED] - setText(findTestObject("Checkout Input Last Name"), last_name): Text 'Nanda' is set on object 'Object Repository/Checkout Input Last Name'

2023-08-31 09:19:57 - [MESSAGE][PASSED] - Text 'Nanda' is set on object 'Object Repository/Checkout Input Last Name'

2023-08-31 09:19:57 - [TEST_STEP][PASSED] - setText(findTestObject("Checkout Input Postal Code"), postal_code): Text '55293' is set on object 'Object Repository/Checkout Input Postal Code'

2023-08-31 09:19:58 - [MESSAGE][PASSED] - Text '55293' is set on object 'Object Repository/Checkout Input Postal Code'

2023-08-31 09:19:58 - [TEST_STEP][PASSED] - click(findTestObject("Checkout Button Continue")): Object: 'Object Repository/Checkout Button Continue' is clicked on

2023-08-31 09:19:58 - [MESSAGE][PASSED] - Object: 'Object Repository/Checkout Button Continue' is clicked on

2023-08-31 09:19:58 - [TEST_STEP][PASSED] - verifyElementPresent(findTestObject("Checkout Step 2 Title"), 0): Object 'Object Repository/Checkout Step 2 Title' is present

2023-08-31 09:19:58 - [MESSAGE][WARNING] - Timeout '0' is invalid. Using default page load timeout: '30'

2023-08-31 09:19:59 - [MESSAGE][PASSED] - Object 'Object Repository/Checkout Step 2 Title' is present

2023-08-31 09:19:59 - [TEST_STEP][PASSED] - productTitle = getText(findTestObject("Object Repository/Checkout Title Product 1")): Text of object 'Object Repository/Checkout Title Product 1' is: 'Sauce Labs Backpack'

2023-08-31 09:19:59 - [MESSAGE][PASSED] - Text of object 'Object Repository/Checkout Title Product 1' is: 'Sauce Labs Backpack'

2023-08-31 09:19:59 - [TEST_STEP][PASSED] - productDesc = getText(findTestObject("Object Repository/Checkout Desc Product 1")): Text of object 'Object Repository/Checkout Desc Product 1' is: 'carry.allTheThings() with the sleek, streamlined Sly Pack that melds uncompromising style with unequaled laptop and tablet protection.'

2023-08-31 09:19:59 - [MESSAGE][PASSED] - Text of object 'Object Repository/Checkout Desc Product 1' is: 'carry.allTheThings() with the sleek, streamlined Sly Pack that melds uncompromising style with unequaled laptop and tablet protection.'

2023-08-31 09:19:59 - [TEST_STEP][PASSED] - productPrice = getText(findTestObject("Object Repository/Checkout Price Product 1")): Text of object 'Object Repository/Checkout Price Product 1' is: '$29.99'

2023-08-31 09:20:00 - [MESSAGE][PASSED] - Text of object 'Object Repository/Checkout Price Product 1' is: '$29.99'

2023-08-31 09:20:00 - [TEST_STEP][PASSED] - assert productTitle == data.get("product_name"): null

2023-08-31 09:20:00 - [TEST_STEP][PASSED] - assert productDesc == data.get("product_desc"): null

2023-08-31 09:20:00 - [TEST_STEP][PASSED] - assert productPrice == data.get("product_price"): null

2023-08-31 09:20:00 - [TEST_STEP][PASSED] - price_product = replace("$", "").trim(): Text of object 'Object Repository/Checkout Price Product 1' is: '$29.99'

2023-08-31 09:20:00 - [MESSAGE][PASSED] - Text of object 'Object Repository/Checkout Price Product 1' is: '$29.99'

2023-08-31 09:20:00 - [TEST_STEP][PASSED] - price_product = Double.parseDouble(price_product): null

2023-08-31 09:20:00 - [TEST_STEP][PASSED] - total_price_product = replace("$", "").trim(): Text of object 'Object Repository/Checkout Text Total Product Price' is: 'Item total: $29.99'

2023-08-31 09:20:00 - [MESSAGE][PASSED] - Text of object 'Object Repository/Checkout Text Total Product Price' is: 'Item total: $29.99'

2023-08-31 09:20:00 - [TEST_STEP][PASSED] - total_price_product = Double.parseDouble(total_price_product): null

2023-08-31 09:20:00 - [TEST_STEP][PASSED] - assert price_product == total_price_product: null

2023-08-31 09:20:00 - [TEST_STEP][PASSED] - tax = replace("$", "").trim(): Text of object 'Object Repository/Checkout Text Tax 8 Percent' is: 'Tax: $2.40'

2023-08-31 09:20:00 - [MESSAGE][PASSED] - Text of object 'Object Repository/Checkout Text Tax 8 Percent' is: 'Tax: $2.40'

2023-08-31 09:20:00 - [TEST_STEP][PASSED] - tax = Double.parseDouble(tax): null

2023-08-31 09:20:00 - [TEST_STEP][PASSED] - assert Math.round(tax / total_price_product * 100.0) / 100.0 == 0.08: null

2023-08-31 09:20:00 - [TEST_STEP][PASSED] - total_price_plus_tax = replace("$", "").trim(): Text of object 'Object Repository/Checkout Text Total Price Plus Tax' is: 'Total: $32.39'

2023-08-31 09:20:01 - [MESSAGE][PASSED] - Text of object 'Object Repository/Checkout Text Total Price Plus Tax' is: 'Total: $32.39'

2023-08-31 09:20:01 - [TEST_STEP][PASSED] - total_price_plus_tax = Double.parseDouble(total_price_plus_tax): null

2023-08-31 09:20:01 - [TEST_STEP][PASSED] - assert total_price_plus_tax == total_price_product + tax: null

2023-08-31 09:20:01 - [TEST_STEP][PASSED] - click(findTestObject("Checkout Button Finish")): Object: 'Object Repository/Checkout Button Finish' is clicked on

2023-08-31 09:20:01 - [MESSAGE][PASSED] - Object: 'Object Repository/Checkout Button Finish' is clicked on

2023-08-31 09:20:01 - [TEST_STEP][PASSED] - verifyElementPresent(findTestObject("Checkout Title Complete"), 0): Object 'Object Repository/Checkout Title Complete' is present

2023-08-31 09:20:01 - [MESSAGE][WARNING] - Timeout '0' is invalid. Using default page load timeout: '30'

2023-08-31 09:20:02 - [MESSAGE][PASSED] - Object 'Object Repository/Checkout Title Complete' is present]]></system-out>
         <system-err><![CDATA[]]></system-err>
      </testcase>
      <testcase name="Test Cases/Checkout/TC-Checkout-Success-002" time="21.017" classname="Test Cases/Checkout/TC-Checkout-Success-002" status="PASSED">
         <system-out><![CDATA[2023-08-31 09:20:02 - [TEST_CASE][PASSED] - Test Cases/Checkout/TC-Checkout-Success-002: Test Cases/Checkout/TC-Checkout-Success-002

2023-08-31 09:20:02 - [TEST_STEP][PASSED] - callTestCase(findTestCase("Keranjang/TC-Cart-Show-003"), [:], STOP_ON_FAILURE): Call Test Case 'Test Cases/Keranjang/TC-Cart-Show-003' successfully

2023-08-31 09:20:02 - [TEST_CASE][PASSED] - Test Cases/Keranjang/TC-Cart-Show-003: Test Cases/Keranjang/TC-Cart-Show-003

2023-08-31 09:20:02 - [TEST_STEP][PASSED] - data = callTestCase(findTestCase("Products/TC-Product-AddCart-002"), [:], STOP_ON_FAILURE): Call Test Case 'Test Cases/Products/TC-Product-AddCart-002' successfully

2023-08-31 09:20:02 - [TEST_CASE][PASSED] - Test Cases/Products/TC-Product-AddCart-002: Test Cases/Products/TC-Product-AddCart-002

2023-08-31 09:20:02 - [TEST_STEP][PASSED] - data = callTestCase(findTestCase("Products/TC-Product-AddCart-001"), [:], STOP_ON_FAILURE): Call Test Case 'Test Cases/Products/TC-Product-AddCart-001' successfully

2023-08-31 09:20:02 - [TEST_CASE][PASSED] - Test Cases/Products/TC-Product-AddCart-001: Test Cases/Products/TC-Product-AddCart-001

2023-08-31 09:20:02 - [TEST_STEP][PASSED] - callTestCase(findTestCase("Products/TC-Product-Show-001"), [:], STOP_ON_FAILURE): Call Test Case 'Test Cases/Products/TC-Product-Show-001' successfully

2023-08-31 09:20:02 - [TEST_CASE][PASSED] - Test Cases/Products/TC-Product-Show-001: Test Cases/Products/TC-Product-Show-001

2023-08-31 09:20:02 - [TEST_STEP][PASSED] - callTestCase(findTestCase("Login/TC-Login-Success-001"), ["username":"standard_user", "password":"qcu24s4901FyWDTwXGr6XA=="], STOP_ON_FAILURE): Call Test Case 'Test Cases/Login/TC-Login-Success-001' successfully

2023-08-31 09:20:02 - [TEST_CASE][PASSED] - Test Cases/Login/TC-Login-Success-001: Test Cases/Login/TC-Login-Success-001

2023-08-31 09:20:02 - [TEST_STEP][PASSED] - openBrowser(WEB_URL): Browser is opened with url: 'https://www.saucedemo.com/'

2023-08-31 09:20:02 - [MESSAGE][WARNING] - A browser is already opened. Closing browser and opening a new one

2023-08-31 09:20:03 - [MESSAGE][INFO] - Starting 'Edge Chromium' driver

2023-08-31 09:20:05 - [MESSAGE][INFO] - Action delay is set to 0 milliseconds

2023-08-31 09:20:07 - [MESSAGE][PASSED] - Browser is opened with url: 'https://www.saucedemo.com/'

2023-08-31 09:20:07 - [TEST_STEP][PASSED] - verifyElementPresent(findTestObject("Login Title Text"), 10): Object 'Object Repository/Login Title Text' is present

2023-08-31 09:20:07 - [MESSAGE][PASSED] - Object 'Object Repository/Login Title Text' is present

2023-08-31 09:20:07 - [TEST_STEP][PASSED] - setText(findTestObject("Login Input Username"), username): Text 'standard_user' is set on object 'Object Repository/Login Input Username'

2023-08-31 09:20:08 - [MESSAGE][PASSED] - Text 'standard_user' is set on object 'Object Repository/Login Input Username'

2023-08-31 09:20:08 - [TEST_STEP][PASSED] - setEncryptedText(findTestObject("Login Input Password"), password): Text ****** has been set on object 'Object Repository/Login Input Password'

2023-08-31 09:20:09 - [MESSAGE][PASSED] - Text ****** has been set on object 'Object Repository/Login Input Password'

2023-08-31 09:20:09 - [TEST_STEP][PASSED] - click(findTestObject("Login Button")): Object: 'Object Repository/Login Button' is clicked on

2023-08-31 09:20:09 - [MESSAGE][PASSED] - Object: 'Object Repository/Login Button' is clicked on

2023-08-31 09:20:09 - [TEST_STEP][PASSED] - verifyElementPresent(findTestObject("Product Title Text"), 10): Object 'Object Repository/Product Title Text' is present

2023-08-31 09:20:09 - [MESSAGE][PASSED] - Object 'Object Repository/Product Title Text' is present

2023-08-31 09:20:09 - [MESSAGE][PASSED] - Call Test Case 'Test Cases/Login/TC-Login-Success-001' successfully

2023-08-31 09:20:09 - [TEST_STEP][PASSED] - verifyElementPresent(findTestObject("Product Title Text"), 10): Object 'Object Repository/Product Title Text' is present

2023-08-31 09:20:10 - [MESSAGE][PASSED] - Object 'Object Repository/Product Title Text' is present

2023-08-31 09:20:10 - [MESSAGE][PASSED] - Call Test Case 'Test Cases/Products/TC-Product-Show-001' successfully

2023-08-31 09:20:10 - [TEST_STEP][PASSED] - click(findTestObject("Product Button ATC Product 1")): Object: 'Object Repository/Product Button ATC Product 1' is clicked on

2023-08-31 09:20:10 - [MESSAGE][PASSED] - Object: 'Object Repository/Product Button ATC Product 1' is clicked on

2023-08-31 09:20:10 - [TEST_STEP][PASSED] - verifyElementText(findTestObject("Product Button Remove Product 1"), "Remove"): Actual text and expected text of test object 'Object Repository/Product Button Remove Product 1' are matched.

2023-08-31 09:20:11 - [MESSAGE][PASSED] - Actual text and expected text of test object 'Object Repository/Product Button Remove Product 1' are matched.

2023-08-31 09:20:11 - [TEST_STEP][PASSED] - verifyElementText(findTestObject("Product Label Icon Cart"), "1"): Actual text and expected text of test object 'Object Repository/Product Label Icon Cart' are matched.

2023-08-31 09:20:11 - [MESSAGE][PASSED] - Actual text and expected text of test object 'Object Repository/Product Label Icon Cart' are matched.

2023-08-31 09:20:11 - [TEST_STEP][PASSED] - name = getText(findTestObject("Product Text Name Product 1")): Text of object 'Object Repository/Product Text Name Product 1' is: 'Sauce Labs Backpack'

2023-08-31 09:20:11 - [MESSAGE][PASSED] - Text of object 'Object Repository/Product Text Name Product 1' is: 'Sauce Labs Backpack'

2023-08-31 09:20:11 - [TEST_STEP][PASSED] - desc = getText(findTestObject("Product Text Desc Product 1")): Text of object 'Object Repository/Product Text Desc Product 1' is: 'carry.allTheThings() with the sleek, streamlined Sly Pack that melds uncompromising style with unequaled laptop and tablet protection.'

2023-08-31 09:20:12 - [MESSAGE][PASSED] - Text of object 'Object Repository/Product Text Desc Product 1' is: 'carry.allTheThings() with the sleek, streamlined Sly Pack that melds uncompromising style with unequaled laptop and tablet protection.'

2023-08-31 09:20:12 - [TEST_STEP][PASSED] - prize = getText(findTestObject("Product Text Price Product 1")): Text of object 'Object Repository/Product Text Price Product 1' is: '$29.99'

2023-08-31 09:20:12 - [MESSAGE][PASSED] - Text of object 'Object Repository/Product Text Price Product 1' is: '$29.99'

2023-08-31 09:20:12 - [TEST_STEP][PASSED] - data = new java.util.HashMap(): null

2023-08-31 09:20:12 - [TEST_STEP][PASSED] - data.put("product_name", name): null

2023-08-31 09:20:12 - [TEST_STEP][PASSED] - data.put("product_desc", desc): null

2023-08-31 09:20:12 - [TEST_STEP][PASSED] - data.put("product_price", prize): null

2023-08-31 09:20:12 - [TEST_STEP][PASSED] - return data: null

2023-08-31 09:20:12 - [MESSAGE][PASSED] - Call Test Case 'Test Cases/Products/TC-Product-AddCart-001' successfully

2023-08-31 09:20:12 - [TEST_STEP][PASSED] - click(findTestObject("Product Button ATC Product 2")): Object: 'Object Repository/Product Button ATC Product 2' is clicked on

2023-08-31 09:20:12 - [MESSAGE][PASSED] - Object: 'Object Repository/Product Button ATC Product 2' is clicked on

2023-08-31 09:20:12 - [TEST_STEP][PASSED] - verifyElementText(findTestObject("Product Button Remove Product 2"), "Remove"): Actual text and expected text of test object 'Object Repository/Product Button Remove Product 2' are matched.

2023-08-31 09:20:13 - [MESSAGE][PASSED] - Actual text and expected text of test object 'Object Repository/Product Button Remove Product 2' are matched.

2023-08-31 09:20:13 - [TEST_STEP][PASSED] - verifyElementText(findTestObject("Product Label Icon Cart"), "2"): Actual text and expected text of test object 'Object Repository/Product Label Icon Cart' are matched.

2023-08-31 09:20:13 - [MESSAGE][PASSED] - Actual text and expected text of test object 'Object Repository/Product Label Icon Cart' are matched.

2023-08-31 09:20:13 - [TEST_STEP][PASSED] - name = getText(findTestObject("Product Text Name Product 2")): Text of object 'Object Repository/Product Text Name Product 2' is: 'Sauce Labs Bike Light'

2023-08-31 09:20:13 - [MESSAGE][PASSED] - Text of object 'Object Repository/Product Text Name Product 2' is: 'Sauce Labs Bike Light'

2023-08-31 09:20:13 - [TEST_STEP][PASSED] - desc = getText(findTestObject("Product Text Desc Product 2")): Text of object 'Object Repository/Product Text Desc Product 2' is: 'A red light isn't the desired state in testing but it sure helps when riding your bike at night. Water-resistant with 3 lighting modes, 1 AAA battery included.'

2023-08-31 09:20:14 - [MESSAGE][PASSED] - Text of object 'Object Repository/Product Text Desc Product 2' is: 'A red light isn't the desired state in testing but it sure helps when riding your bike at night. Water-resistant with 3 lighting modes, 1 AAA battery included.'

2023-08-31 09:20:14 - [TEST_STEP][PASSED] - price = getText(findTestObject("Product Text Price Product 2")): Text of object 'Object Repository/Product Text Price Product 2' is: '$9.99'

2023-08-31 09:20:14 - [MESSAGE][PASSED] - Text of object 'Object Repository/Product Text Price Product 2' is: '$9.99'

2023-08-31 09:20:14 - [TEST_STEP][PASSED] - nameProductList = new java.util.ArrayList(): null

2023-08-31 09:20:14 - [TEST_STEP][PASSED] - nameProductList.add(data.get("product_name")): null

2023-08-31 09:20:14 - [TEST_STEP][PASSED] - nameProductList.add(name): null

2023-08-31 09:20:14 - [TEST_STEP][PASSED] - println(nameProductList.get(0)): null

2023-08-31 09:20:14 - [TEST_STEP][PASSED] - descProductList = new java.util.ArrayList(): null

2023-08-31 09:20:14 - [TEST_STEP][PASSED] - descProductList.add(data.get("product_desc")): null

2023-08-31 09:20:14 - [TEST_STEP][PASSED] - descProductList.add(desc): null

2023-08-31 09:20:14 - [TEST_STEP][PASSED] - priceProductList = new java.util.ArrayList(): null

2023-08-31 09:20:14 - [TEST_STEP][PASSED] - priceProductList.add(data.get("product_price")): null

2023-08-31 09:20:14 - [TEST_STEP][PASSED] - priceProductList.add(price): null

2023-08-31 09:20:14 - [TEST_STEP][PASSED] - data.put("product_name_list", nameProductList): null

2023-08-31 09:20:14 - [TEST_STEP][PASSED] - data.put("product_desc_list", descProductList): null

2023-08-31 09:20:14 - [TEST_STEP][PASSED] - data.put("product_price_list", priceProductList): null

2023-08-31 09:20:14 - [TEST_STEP][PASSED] - return data: null

2023-08-31 09:20:14 - [MESSAGE][PASSED] - Call Test Case 'Test Cases/Products/TC-Product-AddCart-002' successfully

2023-08-31 09:20:14 - [TEST_STEP][PASSED] - click(findTestObject("Product Icon Cart")): Object: 'Object Repository/Product Icon Cart' is clicked on

2023-08-31 09:20:14 - [MESSAGE][PASSED] - Object: 'Object Repository/Product Icon Cart' is clicked on

2023-08-31 09:20:14 - [TEST_STEP][PASSED] - sourceProductTitleList = findWebElements(findTestObject("Object Repository/Cart Product Title List"), 10): null

2023-08-31 09:20:15 - [TEST_STEP][PASSED] - sourceProductDescList = findWebElements(findTestObject("Object Repository/Cart Product Desc List"), 10): null

2023-08-31 09:20:15 - [TEST_STEP][PASSED] - sourceProductPriceList = findWebElements(findTestObject("Object Repository/Cart Product Price List"), 10): null

2023-08-31 09:20:16 - [TEST_STEP][PASSED] - oriProductTitleList = new java.util.ArrayList(): null

2023-08-31 09:20:16 - [TEST_STEP][PASSED] - oriProductDescList = new java.util.ArrayList(): null

2023-08-31 09:20:16 - [TEST_STEP][PASSED] - oriProductPriceList = new java.util.ArrayList(): null

2023-08-31 09:20:16 - [TEST_STEP][PASSED] - for ([i = 0, i < sourceProductTitleList.size(), (i++)]): null

2023-08-31 09:20:16 - [TEST_STEP][PASSED] - productTitleText = text.trim(): null

2023-08-31 09:20:16 - [TEST_STEP][PASSED] - productDescText = text.trim(): null

2023-08-31 09:20:16 - [TEST_STEP][PASSED] - productPriceText = replace("Remove", "").trim(): null

2023-08-31 09:20:16 - [TEST_STEP][PASSED] - oriProductTitleList.add(productTitleText): null

2023-08-31 09:20:16 - [TEST_STEP][PASSED] - oriProductDescList.add(productDescText): null

2023-08-31 09:20:16 - [TEST_STEP][PASSED] - oriProductPriceList.add(productPriceText): null

2023-08-31 09:20:16 - [TEST_STEP][PASSED] - productTitleText = text.trim(): null

2023-08-31 09:20:16 - [TEST_STEP][PASSED] - productDescText = text.trim(): null

2023-08-31 09:20:16 - [TEST_STEP][PASSED] - productPriceText = replace("Remove", "").trim(): null

2023-08-31 09:20:16 - [TEST_STEP][PASSED] - oriProductTitleList.add(productTitleText): null

2023-08-31 09:20:16 - [TEST_STEP][PASSED] - oriProductDescList.add(productDescText): null

2023-08-31 09:20:16 - [TEST_STEP][PASSED] - oriProductPriceList.add(productPriceText): null

2023-08-31 09:20:16 - [TEST_STEP][PASSED] - assert data.get("product_name_list") == oriProductTitleList: null

2023-08-31 09:20:16 - [TEST_STEP][PASSED] - assert data.get("product_desc_list") == oriProductDescList: null

2023-08-31 09:20:16 - [TEST_STEP][PASSED] - assert data.get("product_price_list") == oriProductPriceList: null

2023-08-31 09:20:16 - [TEST_STEP][PASSED] - return data: null

2023-08-31 09:20:16 - [MESSAGE][PASSED] - Call Test Case 'Test Cases/Keranjang/TC-Cart-Show-003' successfully

2023-08-31 09:20:16 - [TEST_STEP][PASSED] - click(findTestObject("Cart Button Checkout")): Object: 'Object Repository/Cart Button Checkout' is clicked on

2023-08-31 09:20:16 - [MESSAGE][PASSED] - Object: 'Object Repository/Cart Button Checkout' is clicked on

2023-08-31 09:20:16 - [TEST_STEP][PASSED] - verifyElementPresent(findTestObject("Checkout Step 1 Title"), 0): Object 'Object Repository/Checkout Step 1 Title' is present

2023-08-31 09:20:16 - [MESSAGE][WARNING] - Timeout '0' is invalid. Using default page load timeout: '30'

2023-08-31 09:20:16 - [MESSAGE][PASSED] - Object 'Object Repository/Checkout Step 1 Title' is present

2023-08-31 09:20:16 - [TEST_STEP][PASSED] - setText(findTestObject("Checkout Input First Name"), first_name): Text 'Yuhan' is set on object 'Object Repository/Checkout Input First Name'

2023-08-31 09:20:17 - [MESSAGE][PASSED] - Text 'Yuhan' is set on object 'Object Repository/Checkout Input First Name'

2023-08-31 09:20:17 - [TEST_STEP][PASSED] - setText(findTestObject("Checkout Input Last Name"), last_name): Text 'Nanda' is set on object 'Object Repository/Checkout Input Last Name'

2023-08-31 09:20:18 - [MESSAGE][PASSED] - Text 'Nanda' is set on object 'Object Repository/Checkout Input Last Name'

2023-08-31 09:20:18 - [TEST_STEP][PASSED] - setText(findTestObject("Checkout Input Postal Code"), postal_code): Text '55293' is set on object 'Object Repository/Checkout Input Postal Code'

2023-08-31 09:20:19 - [MESSAGE][PASSED] - Text '55293' is set on object 'Object Repository/Checkout Input Postal Code'

2023-08-31 09:20:19 - [TEST_STEP][PASSED] - click(findTestObject("Checkout Button Continue")): Object: 'Object Repository/Checkout Button Continue' is clicked on

2023-08-31 09:20:19 - [MESSAGE][PASSED] - Object: 'Object Repository/Checkout Button Continue' is clicked on

2023-08-31 09:20:19 - [TEST_STEP][PASSED] - verifyElementPresent(findTestObject("Checkout Step 2 Title"), 0): Object 'Object Repository/Checkout Step 2 Title' is present

2023-08-31 09:20:19 - [MESSAGE][WARNING] - Timeout '0' is invalid. Using default page load timeout: '30'

2023-08-31 09:20:20 - [MESSAGE][PASSED] - Object 'Object Repository/Checkout Step 2 Title' is present

2023-08-31 09:20:20 - [TEST_STEP][PASSED] - sourceTitleList = findWebElements(findTestObject("Object Repository/Checkout Title Product List"), 10): null

2023-08-31 09:20:20 - [TEST_STEP][PASSED] - sourceDescList = findWebElements(findTestObject("Object Repository/Checkout Desc Product List"), 10): null

2023-08-31 09:20:21 - [TEST_STEP][PASSED] - sourcePriceList = findWebElements(findTestObject("Object Repository/Checkout Price Product List"), 10): null

2023-08-31 09:20:21 - [TEST_STEP][PASSED] - oriTitleList = new java.util.ArrayList(): null

2023-08-31 09:20:21 - [TEST_STEP][PASSED] - oriDescList = new java.util.ArrayList(): null

2023-08-31 09:20:21 - [TEST_STEP][PASSED] - oriPriceList = new java.util.ArrayList(): null

2023-08-31 09:20:21 - [TEST_STEP][PASSED] - price_product = 0.0: null

2023-08-31 09:20:21 - [TEST_STEP][PASSED] - for ([i = 0, i < sourceTitleList.size(), (i++)]): null

2023-08-31 09:20:21 - [TEST_STEP][PASSED] - productTitleText = text.trim(): null

2023-08-31 09:20:21 - [TEST_STEP][PASSED] - productDescText = text.trim(): null

2023-08-31 09:20:21 - [TEST_STEP][PASSED] - productPriceText = replace("Remove", "").trim(): null

2023-08-31 09:20:21 - [TEST_STEP][PASSED] - oriTitleList.add(productTitleText): null

2023-08-31 09:20:21 - [TEST_STEP][PASSED] - oriDescList.add(productDescText): null

2023-08-31 09:20:21 - [TEST_STEP][PASSED] - oriPriceList.add(productPriceText): null

2023-08-31 09:20:21 - [TEST_STEP][PASSED] - price_product = price_product + Double.parseDouble(productPriceText.replace("$", "")): null

2023-08-31 09:20:21 - [TEST_STEP][PASSED] - productTitleText = text.trim(): null

2023-08-31 09:20:21 - [TEST_STEP][PASSED] - productDescText = text.trim(): null

2023-08-31 09:20:21 - [TEST_STEP][PASSED] - productPriceText = replace("Remove", "").trim(): null

2023-08-31 09:20:21 - [TEST_STEP][PASSED] - oriTitleList.add(productTitleText): null

2023-08-31 09:20:21 - [TEST_STEP][PASSED] - oriDescList.add(productDescText): null

2023-08-31 09:20:21 - [TEST_STEP][PASSED] - oriPriceList.add(productPriceText): null

2023-08-31 09:20:21 - [TEST_STEP][PASSED] - price_product = price_product + Double.parseDouble(productPriceText.replace("$", "")): null

2023-08-31 09:20:21 - [TEST_STEP][PASSED] - total_price_product = replace("$", "").trim(): Text of object 'Object Repository/Checkout Text Total Product Price' is: 'Item total: $39.98'

2023-08-31 09:20:21 - [MESSAGE][PASSED] - Text of object 'Object Repository/Checkout Text Total Product Price' is: 'Item total: $39.98'

2023-08-31 09:20:21 - [TEST_STEP][PASSED] - total_price_product = Double.parseDouble(total_price_product): null

2023-08-31 09:20:21 - [TEST_STEP][PASSED] - assert price_product == total_price_product: null

2023-08-31 09:20:21 - [TEST_STEP][PASSED] - tax = replace("$", "").trim(): Text of object 'Object Repository/Checkout Text Tax 8 Percent' is: 'Tax: $3.20'

2023-08-31 09:20:21 - [MESSAGE][PASSED] - Text of object 'Object Repository/Checkout Text Tax 8 Percent' is: 'Tax: $3.20'

2023-08-31 09:20:21 - [TEST_STEP][PASSED] - tax = Double.parseDouble(tax): null

2023-08-31 09:20:21 - [TEST_STEP][PASSED] - assert Math.round(tax / total_price_product * 100.0) / 100.0 == 0.08: null

2023-08-31 09:20:21 - [TEST_STEP][PASSED] - total_price_plus_tax = replace("$", "").trim(): Text of object 'Object Repository/Checkout Text Total Price Plus Tax' is: 'Total: $43.18'

2023-08-31 09:20:22 - [MESSAGE][PASSED] - Text of object 'Object Repository/Checkout Text Total Price Plus Tax' is: 'Total: $43.18'

2023-08-31 09:20:22 - [TEST_STEP][PASSED] - total_price_plus_tax = Double.parseDouble(total_price_plus_tax): null

2023-08-31 09:20:22 - [TEST_STEP][PASSED] - assert total_price_plus_tax == total_price_product + tax: null

2023-08-31 09:20:22 - [TEST_STEP][PASSED] - click(findTestObject("Checkout Button Finish")): Object: 'Object Repository/Checkout Button Finish' is clicked on

2023-08-31 09:20:22 - [MESSAGE][PASSED] - Object: 'Object Repository/Checkout Button Finish' is clicked on

2023-08-31 09:20:22 - [TEST_STEP][PASSED] - verifyElementPresent(findTestObject("Checkout Title Complete"), 0): Object 'Object Repository/Checkout Title Complete' is present

2023-08-31 09:20:22 - [MESSAGE][WARNING] - Timeout '0' is invalid. Using default page load timeout: '30'

2023-08-31 09:20:23 - [MESSAGE][PASSED] - Object 'Object Repository/Checkout Title Complete' is present]]></system-out>
         <system-err><![CDATA[]]></system-err>
      </testcase>
      <testcase name="Test Cases/Logout/TC-Logout-Success-001" time="8.975" classname="Test Cases/Logout/TC-Logout-Success-001" status="PASSED">
         <system-out><![CDATA[2023-08-31 09:20:23 - [TEST_CASE][PASSED] - Test Cases/Logout/TC-Logout-Success-001: Test Cases/Logout/TC-Logout-Success-001

2023-08-31 09:20:23 - [TEST_STEP][PASSED] - callTestCase(findTestCase("Login/TC-Login-Success-001"), ["username":"standard_user", "password":"qcu24s4901FyWDTwXGr6XA=="], STOP_ON_FAILURE): Call Test Case 'Test Cases/Login/TC-Login-Success-001' successfully

2023-08-31 09:20:23 - [TEST_CASE][PASSED] - Test Cases/Login/TC-Login-Success-001: Test Cases/Login/TC-Login-Success-001

2023-08-31 09:20:23 - [TEST_STEP][PASSED] - openBrowser(WEB_URL): Browser is opened with url: 'https://www.saucedemo.com/'

2023-08-31 09:20:23 - [MESSAGE][WARNING] - A browser is already opened. Closing browser and opening a new one

2023-08-31 09:20:24 - [MESSAGE][INFO] - Starting 'Edge Chromium' driver

2023-08-31 09:20:26 - [MESSAGE][INFO] - Action delay is set to 0 milliseconds

2023-08-31 09:20:28 - [MESSAGE][PASSED] - Browser is opened with url: 'https://www.saucedemo.com/'

2023-08-31 09:20:28 - [TEST_STEP][PASSED] - verifyElementPresent(findTestObject("Login Title Text"), 10): Object 'Object Repository/Login Title Text' is present

2023-08-31 09:20:28 - [MESSAGE][PASSED] - Object 'Object Repository/Login Title Text' is present

2023-08-31 09:20:28 - [TEST_STEP][PASSED] - setText(findTestObject("Login Input Username"), username): Text 'standard_user' is set on object 'Object Repository/Login Input Username'

2023-08-31 09:20:29 - [MESSAGE][PASSED] - Text 'standard_user' is set on object 'Object Repository/Login Input Username'

2023-08-31 09:20:29 - [TEST_STEP][PASSED] - setEncryptedText(findTestObject("Login Input Password"), password): Text ****** has been set on object 'Object Repository/Login Input Password'

2023-08-31 09:20:29 - [MESSAGE][PASSED] - Text ****** has been set on object 'Object Repository/Login Input Password'

2023-08-31 09:20:29 - [TEST_STEP][PASSED] - click(findTestObject("Login Button")): Object: 'Object Repository/Login Button' is clicked on

2023-08-31 09:20:30 - [MESSAGE][PASSED] - Object: 'Object Repository/Login Button' is clicked on

2023-08-31 09:20:30 - [TEST_STEP][PASSED] - verifyElementPresent(findTestObject("Product Title Text"), 10): Object 'Object Repository/Product Title Text' is present

2023-08-31 09:20:30 - [MESSAGE][PASSED] - Object 'Object Repository/Product Title Text' is present

2023-08-31 09:20:30 - [MESSAGE][PASSED] - Call Test Case 'Test Cases/Login/TC-Login-Success-001' successfully

2023-08-31 09:20:30 - [TEST_STEP][PASSED] - click(findTestObject("Logout Icon Hamburgur")): Object: 'Object Repository/Logout Icon Hamburgur' is clicked on

2023-08-31 09:20:31 - [MESSAGE][PASSED] - Object: 'Object Repository/Logout Icon Hamburgur' is clicked on

2023-08-31 09:20:31 - [TEST_STEP][PASSED] - click(findTestObject("Logout Menu Logout")): Object: 'Object Repository/Logout Menu Logout' is clicked on

2023-08-31 09:20:31 - [MESSAGE][PASSED] - Object: 'Object Repository/Logout Menu Logout' is clicked on

2023-08-31 09:20:31 - [TEST_STEP][PASSED] - verifyElementPresent(findTestObject("Login Title Text"), 0): Object 'Object Repository/Login Title Text' is present

2023-08-31 09:20:31 - [MESSAGE][WARNING] - Timeout '0' is invalid. Using default page load timeout: '30'

2023-08-31 09:20:32 - [MESSAGE][PASSED] - Object 'Object Repository/Login Title Text' is present]]></system-out>
         <system-err><![CDATA[]]></system-err>
      </testcase>
      <system-out><![CDATA[2023-08-31 09:14:23 - [TEST_SUITE][FAILED] - Test Suite All TC: Test Cases/Login/TC-Login-Failed-002 FAILED.
Reason:
com.kms.katalon.core.exception.StepFailedException: Verify element text of test object 'Object Repository/Login Error Message' FAILED.
	at com.kms.katalon.core.webui.keyword.internal.WebUIKeywordMain.stepFailed(WebUIKeywordMain.groovy:64)
	at com.kms.katalon.core.webui.keyword.internal.WebUIKeywordMain.runKeyword(WebUIKeywordMain.groovy:26)
	at com.kms.katalon.core.webui.keyword.builtin.VerifyElementTextKeyword.verifyElementText(VerifyElementTextKeyword.groovy:72)
	at com.kms.katalon.core.webui.keyword.builtin.VerifyElementTextKeyword.execute(VerifyElementTextKeyword.groovy:40)
	at com.kms.katalon.core.keyword.internal.KeywordExecutor.executeKeywordForPlatform(KeywordExecutor.groovy:74)
	at com.kms.katalon.core.webui.keyword.WebUiBuiltInKeywords.verifyElementText(WebUiBuiltInKeywords.groovy:4749)
	at com.kms.katalon.core.webui.keyword.WebUiBuiltInKeywords$verifyElementText$4.call(Unknown Source)
	at TC-Login-Failed-002.run(TC-Login-Failed-002:26)
	at com.kms.katalon.core.main.ScriptEngine.run(ScriptEngine.java:194)
	at com.kms.katalon.core.main.ScriptEngine.runScriptAsRawText(ScriptEngine.java:119)
	at com.kms.katalon.core.main.TestCaseExecutor.runScript(TestCaseExecutor.java:448)
	at com.kms.katalon.core.main.TestCaseExecutor.doExecute(TestCaseExecutor.java:439)
	at com.kms.katalon.core.main.TestCaseExecutor.processExecutionPhase(TestCaseExecutor.java:418)
	at com.kms.katalon.core.main.TestCaseExecutor.accessMainPhase(TestCaseExecutor.java:410)
	at com.kms.katalon.core.main.TestCaseExecutor.execute(TestCaseExecutor.java:285)
	at com.kms.katalon.core.common.CommonExecutor.accessTestCaseMainPhase(CommonExecutor.java:65)
	at com.kms.katalon.core.main.TestSuiteExecutor.accessTestSuiteMainPhase(TestSuiteExecutor.java:148)
	at com.kms.katalon.core.main.TestSuiteExecutor.execute(TestSuiteExecutor.java:106)
	at com.kms.katalon.core.main.TestCaseMain.startTestSuite(TestCaseMain.java:187)
	at com.kms.katalon.core.main.TestCaseMain$startTestSuite$0.call(Unknown Source)
	at TempTestSuite1693448057270.run(TempTestSuite1693448057270.groovy:36)
Caused by: com.kms.katalon.core.exception.StepFailedException: Actual text 'Epic sadface: Password is required' and expected text 'Login failed! Please ensure the password are valid.' of test object 'Object Repository/Login Error Message' are NOT matched.
	at com.kms.katalon.core.webui.keyword.internal.WebUIKeywordMain.stepFailed(WebUIKeywordMain.groovy:64)
	at com.kms.katalon.core.webui.keyword.builtin.VerifyElementTextKeyword$_verifyElementText_closure1.doCall(VerifyElementTextKeyword.groovy:57)
	at com.kms.katalon.core.webui.keyword.builtin.VerifyElementTextKeyword$_verifyElementText_closure1.call(VerifyElementTextKeyword.groovy)
	at com.kms.katalon.core.webui.keyword.internal.WebUIKeywordMain.runKeyword(WebUIKeywordMain.groovy:20)
	... 19 more]]></system-out>
      <system-err><![CDATA[2023-08-31 09:14:23 - [TEST_SUITE][FAILED] - Test Suite All TC: Test Cases/Login/TC-Login-Failed-002 FAILED.
Reason:
com.kms.katalon.core.exception.StepFailedException: Verify element text of test object 'Object Repository/Login Error Message' FAILED.
	at com.kms.katalon.core.webui.keyword.internal.WebUIKeywordMain.stepFailed(WebUIKeywordMain.groovy:64)
	at com.kms.katalon.core.webui.keyword.internal.WebUIKeywordMain.runKeyword(WebUIKeywordMain.groovy:26)
	at com.kms.katalon.core.webui.keyword.builtin.VerifyElementTextKeyword.verifyElementText(VerifyElementTextKeyword.groovy:72)
	at com.kms.katalon.core.webui.keyword.builtin.VerifyElementTextKeyword.execute(VerifyElementTextKeyword.groovy:40)
	at com.kms.katalon.core.keyword.internal.KeywordExecutor.executeKeywordForPlatform(KeywordExecutor.groovy:74)
	at com.kms.katalon.core.webui.keyword.WebUiBuiltInKeywords.verifyElementText(WebUiBuiltInKeywords.groovy:4749)
	at com.kms.katalon.core.webui.keyword.WebUiBuiltInKeywords$verifyElementText$4.call(Unknown Source)
	at TC-Login-Failed-002.run(TC-Login-Failed-002:26)
	at com.kms.katalon.core.main.ScriptEngine.run(ScriptEngine.java:194)
	at com.kms.katalon.core.main.ScriptEngine.runScriptAsRawText(ScriptEngine.java:119)
	at com.kms.katalon.core.main.TestCaseExecutor.runScript(TestCaseExecutor.java:448)
	at com.kms.katalon.core.main.TestCaseExecutor.doExecute(TestCaseExecutor.java:439)
	at com.kms.katalon.core.main.TestCaseExecutor.processExecutionPhase(TestCaseExecutor.java:418)
	at com.kms.katalon.core.main.TestCaseExecutor.accessMainPhase(TestCaseExecutor.java:410)
	at com.kms.katalon.core.main.TestCaseExecutor.execute(TestCaseExecutor.java:285)
	at com.kms.katalon.core.common.CommonExecutor.accessTestCaseMainPhase(CommonExecutor.java:65)
	at com.kms.katalon.core.main.TestSuiteExecutor.accessTestSuiteMainPhase(TestSuiteExecutor.java:148)
	at com.kms.katalon.core.main.TestSuiteExecutor.execute(TestSuiteExecutor.java:106)
	at com.kms.katalon.core.main.TestCaseMain.startTestSuite(TestCaseMain.java:187)
	at com.kms.katalon.core.main.TestCaseMain$startTestSuite$0.call(Unknown Source)
	at TempTestSuite1693448057270.run(TempTestSuite1693448057270.groovy:36)
Caused by: com.kms.katalon.core.exception.StepFailedException: Actual text 'Epic sadface: Password is required' and expected text 'Login failed! Please ensure the password are valid.' of test object 'Object Repository/Login Error Message' are NOT matched.
	at com.kms.katalon.core.webui.keyword.internal.WebUIKeywordMain.stepFailed(WebUIKeywordMain.groovy:64)
	at com.kms.katalon.core.webui.keyword.builtin.VerifyElementTextKeyword$_verifyElementText_closure1.doCall(VerifyElementTextKeyword.groovy:57)
	at com.kms.katalon.core.webui.keyword.builtin.VerifyElementTextKeyword$_verifyElementText_closure1.call(VerifyElementTextKeyword.groovy)
	at com.kms.katalon.core.webui.keyword.internal.WebUIKeywordMain.runKeyword(WebUIKeywordMain.groovy:20)
	... 19 more]]></system-err>
   </testsuite>
</testsuites>
