<?xml version="1.0" encoding="UTF-8"?>
<testsuites name="Logout Story Test Suite" time="20.377" tests="1" failures="0" errors="0">
   <testsuite name="Logout Story Test Suite" tests="1" failures="0" errors="0" time="20.377" skipped="0" timestamp="2023-08-30 19:57:16" hostname="Aslamadin Alvian Haz - DESKTOP-L5FUI4E" id="Test Suites/Logout Story Test Suite">
      <properties>
         <property name="deviceName" value=""/>
         <property name="devicePlatform" value=""/>
         <property name="logFolder" value="C:\\Users\\Aslamadin Alvian Haz\\Documents\\Batch 324 QA XSIS Academy\\batch-324-qa\\Alvin\\Sauce Demo\\Reports\\20230830_195702\\Logout Story Test Suite\\20230830_195702"/>
         <property name="logFiles" value="C:\\Users\\Aslamadin Alvian Haz\\Documents\\Batch 324 QA XSIS Academy\\batch-324-qa\\Alvin\\Sauce Demo\\Reports\\20230830_195702\\Logout Story Test Suite\\20230830_195702\\execution0.log"/>
         <property name="attachments" value=""/>
         <property name="hostName" value="Aslamadin Alvian Haz - DESKTOP-L5FUI4E"/>
         <property name="os" value="Windows 10 64bit"/>
         <property name="katalonVersion" value="8.6.5.208"/>
         <property name="browser" value="Edge Chromium 116"/>
         <property name="hostAddress" value="192.168.100.28"/>
         <property name="sessionId" value="2d73da2344b62ac06b35e7ca7e1b4dd6"/>
         <property name="seleniumVersion" value="3.141.59"/>
         <property name="proxyInformation" value="ProxyInformation { proxyOption=NO_PROXY, proxyServerType=HTTP, username=, password=********, proxyServerAddress=, proxyServerPort=0, executionList=&quot;&quot;, isApplyToDesiredCapabilities=true }"/>
         <property name="platform" value="Windows 10"/>
      </properties>
      <testcase name="Test Cases/Logout/TC-Logout-Success-001" time="19.558" classname="Test Cases/Logout/TC-Logout-Success-001" status="PASSED">
         <system-out><![CDATA[2023-08-30 19:57:17 - [TEST_CASE][PASSED] - Test Cases/Logout/TC-Logout-Success-001: Test Cases/Logout/TC-Logout-Success-001

2023-08-30 19:57:18 - [TEST_STEP][PASSED] - callTestCase(findTestCase("Login/TC-Login-Success-001"), ["username":"standard_user", "password":"qcu24s4901FyWDTwXGr6XA=="], STOP_ON_FAILURE): Call Test Case 'Test Cases/Login/TC-Login-Success-001' successfully

2023-08-30 19:57:19 - [TEST_CASE][PASSED] - Test Cases/Login/TC-Login-Success-001: Test Cases/Login/TC-Login-Success-001

2023-08-30 19:57:20 - [TEST_STEP][PASSED] - openBrowser(webSauceDemo): Browser is opened with url: 'https://www.saucedemo.com/'

2023-08-30 19:57:21 - [MESSAGE][INFO] - Starting 'Edge Chromium' driver

2023-08-30 19:57:24 - [MESSAGE][INFO] - Action delay is set to 0 milliseconds

2023-08-30 19:57:29 - [MESSAGE][PASSED] - Browser is opened with url: 'https://www.saucedemo.com/'

2023-08-30 19:57:29 - [TEST_STEP][PASSED] - verifyElementPresent(findTestObject("Login Page Object/Swag Labs Text (tanda masuk home)"), 5): Object 'Object Repository/Login Page Object/Swag Labs Text (tanda masuk home)' is present

2023-08-30 19:57:30 - [MESSAGE][PASSED] - Object 'Object Repository/Login Page Object/Swag Labs Text (tanda masuk home)' is present

2023-08-30 19:57:30 - [TEST_STEP][PASSED] - setText(findTestObject("Login Page Object/username login"), username): Text 'standard_user' is set on object 'Object Repository/Login Page Object/username login'

2023-08-30 19:57:31 - [MESSAGE][PASSED] - Text 'standard_user' is set on object 'Object Repository/Login Page Object/username login'

2023-08-30 19:57:31 - [TEST_STEP][PASSED] - setEncryptedText(findTestObject("Login Page Object/password login"), password): Text ****** has been set on object 'Object Repository/Login Page Object/password login'

2023-08-30 19:57:32 - [MESSAGE][PASSED] - Text ****** has been set on object 'Object Repository/Login Page Object/password login'

2023-08-30 19:57:32 - [TEST_STEP][PASSED] - click(findTestObject("Login Page Object/button login")): Object: 'Object Repository/Login Page Object/button login' is clicked on

2023-08-30 19:57:33 - [MESSAGE][PASSED] - Object: 'Object Repository/Login Page Object/button login' is clicked on

2023-08-30 19:57:33 - [TEST_STEP][PASSED] - verifyElementPresent(findTestObject("Product/span_Products"), 5): Object 'Object Repository/Product/span_Products' is present

2023-08-30 19:57:34 - [MESSAGE][PASSED] - Object 'Object Repository/Product/span_Products' is present

2023-08-30 19:57:34 - [MESSAGE][PASSED] - Call Test Case 'Test Cases/Login/TC-Login-Success-001' successfully

2023-08-30 19:57:34 - [TEST_STEP][PASSED] - click(findTestObject("Logout/button_burger")): Object: 'Object Repository/Logout/button_burger' is clicked on

2023-08-30 19:57:35 - [MESSAGE][PASSED] - Object: 'Object Repository/Logout/button_burger' is clicked on

2023-08-30 19:57:35 - [TEST_STEP][PASSED] - click(findTestObject("Logout/a_Logout")): Object: 'Object Repository/Logout/a_Logout' is clicked on

2023-08-30 19:57:36 - [MESSAGE][PASSED] - Object: 'Object Repository/Logout/a_Logout' is clicked on

2023-08-30 19:57:36 - [TEST_STEP][PASSED] - verifyElementPresent(findTestObject("Login Page Object/username login"), 5): Object 'Object Repository/Login Page Object/username login' is present

2023-08-30 19:57:36 - [MESSAGE][PASSED] - Object 'Object Repository/Login Page Object/username login' is present]]></system-out>
         <system-err><![CDATA[]]></system-err>
      </testcase>
      <system-out><![CDATA[2023-08-30 19:57:16 - [TEST_SUITE][PASSED] - Logout Story Test Suite: Test Cases/Logout/TC-Logout-Success-001]]></system-out>
      <system-err><![CDATA[]]></system-err>
   </testsuite>
</testsuites>
