<?xml version="1.0" encoding="UTF-8"?>
<testsuites name="Test Suite Appointment" time="48.616" tests="3" failures="0" errors="0">
   <testsuite name="Test Suite Appointment" tests="3" failures="0" errors="0" time="48.616" skipped="0" timestamp="2023-08-25 10:25:07" hostname="youha - LAPTOP-H03M84CI" id="Test Suites/Test Suite Appointment">
      <properties>
         <property name="deviceName" value=""/>
         <property name="devicePlatform" value=""/>
         <property name="logFolder" value="C:\\Users\\youha\\OneDrive\\Desktop\\Batch 324\\Workspace\\batch-324-qa\\Trainer\\Cura Heroku App\\Reports\\20230825_102500\\Test Suite Appointment\\20230825_102501"/>
         <property name="logFiles" value="C:\\Users\\youha\\OneDrive\\Desktop\\Batch 324\\Workspace\\batch-324-qa\\Trainer\\Cura Heroku App\\Reports\\20230825_102500\\Test Suite Appointment\\20230825_102501\\execution0.log"/>
         <property name="attachments" value=""/>
         <property name="hostName" value="youha - LAPTOP-H03M84CI"/>
         <property name="os" value="Windows 11 64bit"/>
         <property name="katalonVersion" value="8.6.5.208"/>
         <property name="browser" value="Edge Chromium 115"/>
         <property name="hostAddress" value="10.9.2.32"/>
         <property name="sessionId" value="acbc0e9ff8600bf5aa8c4f0f45395980"/>
         <property name="seleniumVersion" value="3.141.59"/>
         <property name="proxyInformation" value="ProxyInformation { proxyOption=NO_PROXY, proxyServerType=HTTP, username=, password=********, proxyServerAddress=, proxyServerPort=0, executionList=&quot;&quot;, isApplyToDesiredCapabilities=true }"/>
         <property name="platform" value="Windows 11"/>
      </properties>
      <testcase name="Test Cases/Appointment/Test Case 2.1 (Versi Dinamis)" time="16.719" classname="Test Cases/Appointment/Test Case 2.1 (Versi Dinamis)" status="PASSED">
         <system-out><![CDATA[2023-08-25 10:25:07 - [TEST_CASE][PASSED] - Test Cases/Appointment/Test Case 2.1 (Versi Dinamis): Test Cases/Appointment/Test Case 2.1 (Versi Dinamis)

2023-08-25 10:25:08 - [TEST_STEP][PASSED] - callTestCase(findTestCase("Login/Test Case 1.1 (Manual)"), ["username":username, "password":password], STOP_ON_FAILURE): Call Test Case 'Test Cases/Login/Test Case 1.1 (Manual)' successfully

2023-08-25 10:25:08 - [TEST_CASE][PASSED] - Test Cases/Login/Test Case 1.1 (Manual): Test Cases/Login/Test Case 1.1 (Manual)

2023-08-25 10:25:08 - [TEST_STEP][PASSED] - openBrowser(WEB_URL): Browser is opened with url: 'https://katalon-demo-cura.herokuapp.com/'

2023-08-25 10:25:08 - [MESSAGE][INFO] - Starting 'Edge Chromium' driver

2023-08-25 10:25:10 - [MESSAGE][INFO] - Action delay is set to 0 milliseconds

2023-08-25 10:25:14 - [MESSAGE][PASSED] - Browser is opened with url: 'https://katalon-demo-cura.herokuapp.com/'

2023-08-25 10:25:14 - [TEST_STEP][PASSED] - maximizeWindow(): Current window maximized

2023-08-25 10:25:14 - [MESSAGE][PASSED] - Current window maximized

2023-08-25 10:25:14 - [TEST_STEP][PASSED] - verifyElementPresent(findTestObject("Login/Title Home Page"), 10): Object 'Object Repository/Login/Title Home Page' is present

2023-08-25 10:25:15 - [MESSAGE][PASSED] - Object 'Object Repository/Login/Title Home Page' is present

2023-08-25 10:25:15 - [TEST_STEP][PASSED] - click(findTestObject("Login/Menu Burger")): Object: 'Object Repository/Login/Menu Burger' is clicked on

2023-08-25 10:25:15 - [MESSAGE][PASSED] - Object: 'Object Repository/Login/Menu Burger' is clicked on

2023-08-25 10:25:15 - [TEST_STEP][PASSED] - click(findTestObject("Login/Menu Login")): Object: 'Object Repository/Login/Menu Login' is clicked on

2023-08-25 10:25:16 - [MESSAGE][PASSED] - Object: 'Object Repository/Login/Menu Login' is clicked on

2023-08-25 10:25:16 - [TEST_STEP][PASSED] - verifyElementPresent(findTestObject("Login/Title Login"), 10): Object 'Object Repository/Login/Title Login' is present

2023-08-25 10:25:16 - [MESSAGE][PASSED] - Object 'Object Repository/Login/Title Login' is present

2023-08-25 10:25:16 - [TEST_STEP][PASSED] - setText(findTestObject("Login/Input Username Login"), username): Text 'John Doe' is set on object 'Object Repository/Login/Input Username Login'

2023-08-25 10:25:17 - [MESSAGE][PASSED] - Text 'John Doe' is set on object 'Object Repository/Login/Input Username Login'

2023-08-25 10:25:17 - [TEST_STEP][PASSED] - setEncryptedText(findTestObject("Login/Input Password Login"), password): Text ****** has been set on object 'Object Repository/Login/Input Password Login'

2023-08-25 10:25:17 - [MESSAGE][PASSED] - Text ****** has been set on object 'Object Repository/Login/Input Password Login'

2023-08-25 10:25:17 - [TEST_STEP][PASSED] - click(findTestObject("Login/Button Login")): Object: 'Object Repository/Login/Button Login' is clicked on

2023-08-25 10:25:18 - [MESSAGE][PASSED] - Object: 'Object Repository/Login/Button Login' is clicked on

2023-08-25 10:25:18 - [TEST_STEP][PASSED] - verifyElementPresent(findTestObject("Login/Title Make Appointment"), 10): Object 'Object Repository/Login/Title Make Appointment' is present

2023-08-25 10:25:19 - [MESSAGE][PASSED] - Object 'Object Repository/Login/Title Make Appointment' is present

2023-08-25 10:25:19 - [MESSAGE][PASSED] - Call Test Case 'Test Cases/Login/Test Case 1.1 (Manual)' successfully

2023-08-25 10:25:19 - [TEST_STEP][PASSED] - selectOptionByValue(findTestObject("Make Appointment/Select Drop Down Facility"), facility, false): All options with value 'Tokyo CURA Healthcare Center' are selected in object 'Object Repository/Make Appointment/Select Drop Down Facility' 

2023-08-25 10:25:19 - [MESSAGE][PASSED] - All options with value 'Tokyo CURA Healthcare Center' are selected in object 'Object Repository/Make Appointment/Select Drop Down Facility' 

2023-08-25 10:25:19 - [TEST_STEP][PASSED] - if (toString().equalsIgnoreCase("yes")): Object 'Object Repository/Make Appointment/Checkbox Hospital Readmission' is checked

2023-08-25 10:25:19 - [TEST_STEP][PASSED] - check(findTestObject("Make Appointment/Checkbox Hospital Readmission")): Object 'Object Repository/Make Appointment/Checkbox Hospital Readmission' is checked

2023-08-25 10:25:20 - [MESSAGE][PASSED] - Object 'Object Repository/Make Appointment/Checkbox Hospital Readmission' is checked

2023-08-25 10:25:20 - [TEST_STEP][PASSED] - if (toString().equalsIgnoreCase("medicare")): null

2023-08-25 10:25:20 - [TEST_STEP][PASSED] - else if (toString().equalsIgnoreCase("medicaid")): null

2023-08-25 10:25:20 - [TEST_STEP][PASSED] - else: Object 'Object Repository/Make Appointment/Radio None Programs' is checked

2023-08-25 10:25:20 - [TEST_STEP][PASSED] - check(findTestObject("Object Repository/Make Appointment/Radio None Programs")): Object 'Object Repository/Make Appointment/Radio None Programs' is checked

2023-08-25 10:25:20 - [MESSAGE][PASSED] - Object 'Object Repository/Make Appointment/Radio None Programs' is checked

2023-08-25 10:25:20 - [TEST_STEP][PASSED] - setText(findTestObject("Make Appointment/Input Visit Date"), visit_date): Text '26/08/2023' is set on object 'Object Repository/Make Appointment/Input Visit Date'

2023-08-25 10:25:21 - [MESSAGE][PASSED] - Text '26/08/2023' is set on object 'Object Repository/Make Appointment/Input Visit Date'

2023-08-25 10:25:21 - [TEST_STEP][PASSED] - setText(findTestObject("Make Appointment/Text Area Comment"), comment): Text 'Aku Manusia' is set on object 'Object Repository/Make Appointment/Text Area Comment'

2023-08-25 10:25:22 - [MESSAGE][PASSED] - Text 'Aku Manusia' is set on object 'Object Repository/Make Appointment/Text Area Comment'

2023-08-25 10:25:22 - [TEST_STEP][PASSED] - click(findTestObject("Make Appointment/Button Book Appointment")): Object: 'Object Repository/Make Appointment/Button Book Appointment' is clicked on

2023-08-25 10:25:22 - [MESSAGE][PASSED] - Object: 'Object Repository/Make Appointment/Button Book Appointment' is clicked on

2023-08-25 10:25:22 - [TEST_STEP][PASSED] - verifyElementPresent(findTestObject("Make Appointment/Title Appointment Confirmation"), 0): Object 'Object Repository/Make Appointment/Title Appointment Confirmation' is present

2023-08-25 10:25:22 - [MESSAGE][WARNING] - Timeout '0' is invalid. Using default page load timeout: '30'

2023-08-25 10:25:22 - [MESSAGE][PASSED] - Object 'Object Repository/Make Appointment/Title Appointment Confirmation' is present

2023-08-25 10:25:22 - [TEST_STEP][PASSED] - hasilFacility = getText(findTestObject("Object Repository/Make Appointment/Hasil Facility")): Text of object 'Object Repository/Make Appointment/Hasil Facility' is: 'Tokyo CURA Healthcare Center'

2023-08-25 10:25:23 - [MESSAGE][PASSED] - Text of object 'Object Repository/Make Appointment/Hasil Facility' is: 'Tokyo CURA Healthcare Center'

2023-08-25 10:25:23 - [TEST_STEP][PASSED] - hasilReadmission = getText(findTestObject("Make Appointment/Hasil Hospital Readmission")): Text of object 'Object Repository/Make Appointment/Hasil Hospital Readmission' is: 'Yes'

2023-08-25 10:25:23 - [MESSAGE][PASSED] - Text of object 'Object Repository/Make Appointment/Hasil Hospital Readmission' is: 'Yes'

2023-08-25 10:25:23 - [TEST_STEP][PASSED] - hasilHealthCare = getText(findTestObject("Make Appointment/Hasil Healthcare Program")): Text of object 'Object Repository/Make Appointment/Hasil Healthcare Program' is: 'None'

2023-08-25 10:25:23 - [MESSAGE][PASSED] - Text of object 'Object Repository/Make Appointment/Hasil Healthcare Program' is: 'None'

2023-08-25 10:25:23 - [TEST_STEP][PASSED] - hasilVisitDate = getText(findTestObject("Make Appointment/Hasil Visit Date")): Text of object 'Object Repository/Make Appointment/Hasil Visit Date' is: '26/08/2023'

2023-08-25 10:25:24 - [MESSAGE][PASSED] - Text of object 'Object Repository/Make Appointment/Hasil Visit Date' is: '26/08/2023'

2023-08-25 10:25:24 - [TEST_STEP][PASSED] - hasilComment = getText(findTestObject("Make Appointment/Hasil Comment")): Text of object 'Object Repository/Make Appointment/Hasil Comment' is: 'Aku Manusia'

2023-08-25 10:25:24 - [MESSAGE][PASSED] - Text of object 'Object Repository/Make Appointment/Hasil Comment' is: 'Aku Manusia'

2023-08-25 10:25:24 - [TEST_STEP][PASSED] - assert trim().equalsIgnoreCase(facility.trim()): null

2023-08-25 10:25:24 - [TEST_STEP][PASSED] - assert trim().equalsIgnoreCase(hospital_readmission.trim()): null

2023-08-25 10:25:24 - [TEST_STEP][PASSED] - assert trim().equalsIgnoreCase(health_care_program.trim()): null

2023-08-25 10:25:24 - [TEST_STEP][PASSED] - assert trim().equalsIgnoreCase(visit_date.trim()): null

2023-08-25 10:25:24 - [TEST_STEP][PASSED] - assert trim().equalsIgnoreCase(comment.trim()): null]]></system-out>
         <system-err><![CDATA[]]></system-err>
      </testcase>
      <testcase name="Test Cases/Appointment/Test Case 2.1 (Versi Dinamis)" time="15.849" classname="Test Cases/Appointment/Test Case 2.1 (Versi Dinamis)" status="PASSED">
         <system-out><![CDATA[2023-08-25 10:25:24 - [TEST_CASE][PASSED] - Test Cases/Appointment/Test Case 2.1 (Versi Dinamis): Test Cases/Appointment/Test Case 2.1 (Versi Dinamis)

2023-08-25 10:25:24 - [TEST_STEP][PASSED] - callTestCase(findTestCase("Login/Test Case 1.1 (Manual)"), ["username":username, "password":password], STOP_ON_FAILURE): Call Test Case 'Test Cases/Login/Test Case 1.1 (Manual)' successfully

2023-08-25 10:25:24 - [TEST_CASE][PASSED] - Test Cases/Login/Test Case 1.1 (Manual): Test Cases/Login/Test Case 1.1 (Manual)

2023-08-25 10:25:24 - [TEST_STEP][PASSED] - openBrowser(WEB_URL): Browser is opened with url: 'https://katalon-demo-cura.herokuapp.com/'

2023-08-25 10:25:24 - [MESSAGE][WARNING] - A browser is already opened. Closing browser and opening a new one

2023-08-25 10:25:25 - [MESSAGE][INFO] - Starting 'Edge Chromium' driver

2023-08-25 10:25:27 - [MESSAGE][INFO] - Action delay is set to 0 milliseconds

2023-08-25 10:25:31 - [MESSAGE][PASSED] - Browser is opened with url: 'https://katalon-demo-cura.herokuapp.com/'

2023-08-25 10:25:31 - [TEST_STEP][PASSED] - maximizeWindow(): Current window maximized

2023-08-25 10:25:31 - [MESSAGE][PASSED] - Current window maximized

2023-08-25 10:25:31 - [TEST_STEP][PASSED] - verifyElementPresent(findTestObject("Login/Title Home Page"), 10): Object 'Object Repository/Login/Title Home Page' is present

2023-08-25 10:25:31 - [MESSAGE][PASSED] - Object 'Object Repository/Login/Title Home Page' is present

2023-08-25 10:25:31 - [TEST_STEP][PASSED] - click(findTestObject("Login/Menu Burger")): Object: 'Object Repository/Login/Menu Burger' is clicked on

2023-08-25 10:25:31 - [MESSAGE][PASSED] - Object: 'Object Repository/Login/Menu Burger' is clicked on

2023-08-25 10:25:31 - [TEST_STEP][PASSED] - click(findTestObject("Login/Menu Login")): Object: 'Object Repository/Login/Menu Login' is clicked on

2023-08-25 10:25:32 - [MESSAGE][PASSED] - Object: 'Object Repository/Login/Menu Login' is clicked on

2023-08-25 10:25:32 - [TEST_STEP][PASSED] - verifyElementPresent(findTestObject("Login/Title Login"), 10): Object 'Object Repository/Login/Title Login' is present

2023-08-25 10:25:33 - [MESSAGE][PASSED] - Object 'Object Repository/Login/Title Login' is present

2023-08-25 10:25:33 - [TEST_STEP][PASSED] - setText(findTestObject("Login/Input Username Login"), username): Text 'John Doe' is set on object 'Object Repository/Login/Input Username Login'

2023-08-25 10:25:33 - [MESSAGE][PASSED] - Text 'John Doe' is set on object 'Object Repository/Login/Input Username Login'

2023-08-25 10:25:33 - [TEST_STEP][PASSED] - setEncryptedText(findTestObject("Login/Input Password Login"), password): Text ****** has been set on object 'Object Repository/Login/Input Password Login'

2023-08-25 10:25:34 - [MESSAGE][PASSED] - Text ****** has been set on object 'Object Repository/Login/Input Password Login'

2023-08-25 10:25:34 - [TEST_STEP][PASSED] - click(findTestObject("Login/Button Login")): Object: 'Object Repository/Login/Button Login' is clicked on

2023-08-25 10:25:35 - [MESSAGE][PASSED] - Object: 'Object Repository/Login/Button Login' is clicked on

2023-08-25 10:25:35 - [TEST_STEP][PASSED] - verifyElementPresent(findTestObject("Login/Title Make Appointment"), 10): Object 'Object Repository/Login/Title Make Appointment' is present

2023-08-25 10:25:35 - [MESSAGE][PASSED] - Object 'Object Repository/Login/Title Make Appointment' is present

2023-08-25 10:25:35 - [MESSAGE][PASSED] - Call Test Case 'Test Cases/Login/Test Case 1.1 (Manual)' successfully

2023-08-25 10:25:35 - [TEST_STEP][PASSED] - selectOptionByValue(findTestObject("Make Appointment/Select Drop Down Facility"), facility, false): All options with value 'Hongkong CURA Healthcare Center' are selected in object 'Object Repository/Make Appointment/Select Drop Down Facility' 

2023-08-25 10:25:36 - [MESSAGE][PASSED] - All options with value 'Hongkong CURA Healthcare Center' are selected in object 'Object Repository/Make Appointment/Select Drop Down Facility' 

2023-08-25 10:25:36 - [TEST_STEP][PASSED] - if (toString().equalsIgnoreCase("yes")): null

2023-08-25 10:25:36 - [TEST_STEP][PASSED] - if (toString().equalsIgnoreCase("medicare")): Object 'Object Repository/Make Appointment/Radio Medicare Programs' is checked

2023-08-25 10:25:36 - [TEST_STEP][PASSED] - check(findTestObject("Object Repository/Make Appointment/Radio Medicare Programs")): Object 'Object Repository/Make Appointment/Radio Medicare Programs' is checked

2023-08-25 10:25:36 - [MESSAGE][PASSED] - Object 'Object Repository/Make Appointment/Radio Medicare Programs' is checked

2023-08-25 10:25:36 - [TEST_STEP][PASSED] - setText(findTestObject("Make Appointment/Input Visit Date"), visit_date): Text '26/08/2023' is set on object 'Object Repository/Make Appointment/Input Visit Date'

2023-08-25 10:25:37 - [MESSAGE][PASSED] - Text '26/08/2023' is set on object 'Object Repository/Make Appointment/Input Visit Date'

2023-08-25 10:25:37 - [TEST_STEP][PASSED] - setText(findTestObject("Make Appointment/Text Area Comment"), comment): Text 'Kamu Alien' is set on object 'Object Repository/Make Appointment/Text Area Comment'

2023-08-25 10:25:37 - [MESSAGE][PASSED] - Text 'Kamu Alien' is set on object 'Object Repository/Make Appointment/Text Area Comment'

2023-08-25 10:25:37 - [TEST_STEP][PASSED] - click(findTestObject("Make Appointment/Button Book Appointment")): Object: 'Object Repository/Make Appointment/Button Book Appointment' is clicked on

2023-08-25 10:25:38 - [MESSAGE][PASSED] - Object: 'Object Repository/Make Appointment/Button Book Appointment' is clicked on

2023-08-25 10:25:38 - [TEST_STEP][PASSED] - verifyElementPresent(findTestObject("Make Appointment/Title Appointment Confirmation"), 0): Object 'Object Repository/Make Appointment/Title Appointment Confirmation' is present

2023-08-25 10:25:38 - [MESSAGE][WARNING] - Timeout '0' is invalid. Using default page load timeout: '30'

2023-08-25 10:25:38 - [MESSAGE][PASSED] - Object 'Object Repository/Make Appointment/Title Appointment Confirmation' is present

2023-08-25 10:25:38 - [TEST_STEP][PASSED] - hasilFacility = getText(findTestObject("Object Repository/Make Appointment/Hasil Facility")): Text of object 'Object Repository/Make Appointment/Hasil Facility' is: 'Hongkong CURA Healthcare Center'

2023-08-25 10:25:39 - [MESSAGE][PASSED] - Text of object 'Object Repository/Make Appointment/Hasil Facility' is: 'Hongkong CURA Healthcare Center'

2023-08-25 10:25:39 - [TEST_STEP][PASSED] - hasilReadmission = getText(findTestObject("Make Appointment/Hasil Hospital Readmission")): Text of object 'Object Repository/Make Appointment/Hasil Hospital Readmission' is: 'No'

2023-08-25 10:25:39 - [MESSAGE][PASSED] - Text of object 'Object Repository/Make Appointment/Hasil Hospital Readmission' is: 'No'

2023-08-25 10:25:39 - [TEST_STEP][PASSED] - hasilHealthCare = getText(findTestObject("Make Appointment/Hasil Healthcare Program")): Text of object 'Object Repository/Make Appointment/Hasil Healthcare Program' is: 'Medicare'

2023-08-25 10:25:39 - [MESSAGE][PASSED] - Text of object 'Object Repository/Make Appointment/Hasil Healthcare Program' is: 'Medicare'

2023-08-25 10:25:39 - [TEST_STEP][PASSED] - hasilVisitDate = getText(findTestObject("Make Appointment/Hasil Visit Date")): Text of object 'Object Repository/Make Appointment/Hasil Visit Date' is: '26/08/2023'

2023-08-25 10:25:40 - [MESSAGE][PASSED] - Text of object 'Object Repository/Make Appointment/Hasil Visit Date' is: '26/08/2023'

2023-08-25 10:25:40 - [TEST_STEP][PASSED] - hasilComment = getText(findTestObject("Make Appointment/Hasil Comment")): Text of object 'Object Repository/Make Appointment/Hasil Comment' is: 'Kamu Alien'

2023-08-25 10:25:40 - [MESSAGE][PASSED] - Text of object 'Object Repository/Make Appointment/Hasil Comment' is: 'Kamu Alien'

2023-08-25 10:25:40 - [TEST_STEP][PASSED] - assert trim().equalsIgnoreCase(facility.trim()): null

2023-08-25 10:25:40 - [TEST_STEP][PASSED] - assert trim().equalsIgnoreCase(hospital_readmission.trim()): null

2023-08-25 10:25:40 - [TEST_STEP][PASSED] - assert trim().equalsIgnoreCase(health_care_program.trim()): null

2023-08-25 10:25:40 - [TEST_STEP][PASSED] - assert trim().equalsIgnoreCase(visit_date.trim()): null

2023-08-25 10:25:40 - [TEST_STEP][PASSED] - assert trim().equalsIgnoreCase(comment.trim()): null]]></system-out>
         <system-err><![CDATA[]]></system-err>
      </testcase>
      <testcase name="Test Cases/Appointment/Test Case 2.1 (Versi Dinamis)" time="15.743" classname="Test Cases/Appointment/Test Case 2.1 (Versi Dinamis)" status="PASSED">
         <system-out><![CDATA[2023-08-25 10:25:40 - [TEST_CASE][PASSED] - Test Cases/Appointment/Test Case 2.1 (Versi Dinamis): Test Cases/Appointment/Test Case 2.1 (Versi Dinamis)

2023-08-25 10:25:40 - [TEST_STEP][PASSED] - callTestCase(findTestCase("Login/Test Case 1.1 (Manual)"), ["username":username, "password":password], STOP_ON_FAILURE): Call Test Case 'Test Cases/Login/Test Case 1.1 (Manual)' successfully

2023-08-25 10:25:40 - [TEST_CASE][PASSED] - Test Cases/Login/Test Case 1.1 (Manual): Test Cases/Login/Test Case 1.1 (Manual)

2023-08-25 10:25:40 - [TEST_STEP][PASSED] - openBrowser(WEB_URL): Browser is opened with url: 'https://katalon-demo-cura.herokuapp.com/'

2023-08-25 10:25:40 - [MESSAGE][WARNING] - A browser is already opened. Closing browser and opening a new one

2023-08-25 10:25:41 - [MESSAGE][INFO] - Starting 'Edge Chromium' driver

2023-08-25 10:25:43 - [MESSAGE][INFO] - Action delay is set to 0 milliseconds

2023-08-25 10:25:46 - [MESSAGE][PASSED] - Browser is opened with url: 'https://katalon-demo-cura.herokuapp.com/'

2023-08-25 10:25:46 - [TEST_STEP][PASSED] - maximizeWindow(): Current window maximized

2023-08-25 10:25:46 - [MESSAGE][PASSED] - Current window maximized

2023-08-25 10:25:46 - [TEST_STEP][PASSED] - verifyElementPresent(findTestObject("Login/Title Home Page"), 10): Object 'Object Repository/Login/Title Home Page' is present

2023-08-25 10:25:47 - [MESSAGE][PASSED] - Object 'Object Repository/Login/Title Home Page' is present

2023-08-25 10:25:47 - [TEST_STEP][PASSED] - click(findTestObject("Login/Menu Burger")): Object: 'Object Repository/Login/Menu Burger' is clicked on

2023-08-25 10:25:47 - [MESSAGE][PASSED] - Object: 'Object Repository/Login/Menu Burger' is clicked on

2023-08-25 10:25:47 - [TEST_STEP][PASSED] - click(findTestObject("Login/Menu Login")): Object: 'Object Repository/Login/Menu Login' is clicked on

2023-08-25 10:25:48 - [MESSAGE][PASSED] - Object: 'Object Repository/Login/Menu Login' is clicked on

2023-08-25 10:25:48 - [TEST_STEP][PASSED] - verifyElementPresent(findTestObject("Login/Title Login"), 10): Object 'Object Repository/Login/Title Login' is present

2023-08-25 10:25:48 - [MESSAGE][PASSED] - Object 'Object Repository/Login/Title Login' is present

2023-08-25 10:25:48 - [TEST_STEP][PASSED] - setText(findTestObject("Login/Input Username Login"), username): Text 'John Doe' is set on object 'Object Repository/Login/Input Username Login'

2023-08-25 10:25:49 - [MESSAGE][PASSED] - Text 'John Doe' is set on object 'Object Repository/Login/Input Username Login'

2023-08-25 10:25:49 - [TEST_STEP][PASSED] - setEncryptedText(findTestObject("Login/Input Password Login"), password): Text ****** has been set on object 'Object Repository/Login/Input Password Login'

2023-08-25 10:25:49 - [MESSAGE][PASSED] - Text ****** has been set on object 'Object Repository/Login/Input Password Login'

2023-08-25 10:25:49 - [TEST_STEP][PASSED] - click(findTestObject("Login/Button Login")): Object: 'Object Repository/Login/Button Login' is clicked on

2023-08-25 10:25:50 - [MESSAGE][PASSED] - Object: 'Object Repository/Login/Button Login' is clicked on

2023-08-25 10:25:50 - [TEST_STEP][PASSED] - verifyElementPresent(findTestObject("Login/Title Make Appointment"), 10): Object 'Object Repository/Login/Title Make Appointment' is present

2023-08-25 10:25:50 - [MESSAGE][PASSED] - Object 'Object Repository/Login/Title Make Appointment' is present

2023-08-25 10:25:50 - [MESSAGE][PASSED] - Call Test Case 'Test Cases/Login/Test Case 1.1 (Manual)' successfully

2023-08-25 10:25:50 - [TEST_STEP][PASSED] - selectOptionByValue(findTestObject("Make Appointment/Select Drop Down Facility"), facility, false): All options with value 'Seoul CURA Healthcare Center' are selected in object 'Object Repository/Make Appointment/Select Drop Down Facility' 

2023-08-25 10:25:51 - [MESSAGE][PASSED] - All options with value 'Seoul CURA Healthcare Center' are selected in object 'Object Repository/Make Appointment/Select Drop Down Facility' 

2023-08-25 10:25:51 - [TEST_STEP][PASSED] - if (toString().equalsIgnoreCase("yes")): Object 'Object Repository/Make Appointment/Checkbox Hospital Readmission' is checked

2023-08-25 10:25:51 - [TEST_STEP][PASSED] - check(findTestObject("Make Appointment/Checkbox Hospital Readmission")): Object 'Object Repository/Make Appointment/Checkbox Hospital Readmission' is checked

2023-08-25 10:25:51 - [MESSAGE][PASSED] - Object 'Object Repository/Make Appointment/Checkbox Hospital Readmission' is checked

2023-08-25 10:25:51 - [TEST_STEP][PASSED] - if (toString().equalsIgnoreCase("medicare")): null

2023-08-25 10:25:51 - [TEST_STEP][PASSED] - else if (toString().equalsIgnoreCase("medicaid")): Object 'Object Repository/Make Appointment/Radio Medicaid Programs' is checked

2023-08-25 10:25:51 - [TEST_STEP][PASSED] - check(findTestObject("Object Repository/Make Appointment/Radio Medicaid Programs")): Object 'Object Repository/Make Appointment/Radio Medicaid Programs' is checked

2023-08-25 10:25:52 - [MESSAGE][PASSED] - Object 'Object Repository/Make Appointment/Radio Medicaid Programs' is checked

2023-08-25 10:25:52 - [TEST_STEP][PASSED] - setText(findTestObject("Make Appointment/Input Visit Date"), visit_date): Text '26/08/2023' is set on object 'Object Repository/Make Appointment/Input Visit Date'

2023-08-25 10:25:52 - [MESSAGE][PASSED] - Text '26/08/2023' is set on object 'Object Repository/Make Appointment/Input Visit Date'

2023-08-25 10:25:52 - [TEST_STEP][PASSED] - setText(findTestObject("Make Appointment/Text Area Comment"), comment): Text 'Kita sama' is set on object 'Object Repository/Make Appointment/Text Area Comment'

2023-08-25 10:25:53 - [MESSAGE][PASSED] - Text 'Kita sama' is set on object 'Object Repository/Make Appointment/Text Area Comment'

2023-08-25 10:25:53 - [TEST_STEP][PASSED] - click(findTestObject("Make Appointment/Button Book Appointment")): Object: 'Object Repository/Make Appointment/Button Book Appointment' is clicked on

2023-08-25 10:25:54 - [MESSAGE][PASSED] - Object: 'Object Repository/Make Appointment/Button Book Appointment' is clicked on

2023-08-25 10:25:54 - [TEST_STEP][PASSED] - verifyElementPresent(findTestObject("Make Appointment/Title Appointment Confirmation"), 0): Object 'Object Repository/Make Appointment/Title Appointment Confirmation' is present

2023-08-25 10:25:54 - [MESSAGE][WARNING] - Timeout '0' is invalid. Using default page load timeout: '30'

2023-08-25 10:25:54 - [MESSAGE][PASSED] - Object 'Object Repository/Make Appointment/Title Appointment Confirmation' is present

2023-08-25 10:25:54 - [TEST_STEP][PASSED] - hasilFacility = getText(findTestObject("Object Repository/Make Appointment/Hasil Facility")): Text of object 'Object Repository/Make Appointment/Hasil Facility' is: 'Seoul CURA Healthcare Center'

2023-08-25 10:25:54 - [MESSAGE][PASSED] - Text of object 'Object Repository/Make Appointment/Hasil Facility' is: 'Seoul CURA Healthcare Center'

2023-08-25 10:25:54 - [TEST_STEP][PASSED] - hasilReadmission = getText(findTestObject("Make Appointment/Hasil Hospital Readmission")): Text of object 'Object Repository/Make Appointment/Hasil Hospital Readmission' is: 'Yes'

2023-08-25 10:25:55 - [MESSAGE][PASSED] - Text of object 'Object Repository/Make Appointment/Hasil Hospital Readmission' is: 'Yes'

2023-08-25 10:25:55 - [TEST_STEP][PASSED] - hasilHealthCare = getText(findTestObject("Make Appointment/Hasil Healthcare Program")): Text of object 'Object Repository/Make Appointment/Hasil Healthcare Program' is: 'Medicaid'

2023-08-25 10:25:55 - [MESSAGE][PASSED] - Text of object 'Object Repository/Make Appointment/Hasil Healthcare Program' is: 'Medicaid'

2023-08-25 10:25:55 - [TEST_STEP][PASSED] - hasilVisitDate = getText(findTestObject("Make Appointment/Hasil Visit Date")): Text of object 'Object Repository/Make Appointment/Hasil Visit Date' is: '26/08/2023'

2023-08-25 10:25:55 - [MESSAGE][PASSED] - Text of object 'Object Repository/Make Appointment/Hasil Visit Date' is: '26/08/2023'

2023-08-25 10:25:55 - [TEST_STEP][PASSED] - hasilComment = getText(findTestObject("Make Appointment/Hasil Comment")): Text of object 'Object Repository/Make Appointment/Hasil Comment' is: 'Kita sama'

2023-08-25 10:25:56 - [MESSAGE][PASSED] - Text of object 'Object Repository/Make Appointment/Hasil Comment' is: 'Kita sama'

2023-08-25 10:25:56 - [TEST_STEP][PASSED] - assert trim().equalsIgnoreCase(facility.trim()): null

2023-08-25 10:25:56 - [TEST_STEP][PASSED] - assert trim().equalsIgnoreCase(hospital_readmission.trim()): null

2023-08-25 10:25:56 - [TEST_STEP][PASSED] - assert trim().equalsIgnoreCase(health_care_program.trim()): null

2023-08-25 10:25:56 - [TEST_STEP][PASSED] - assert trim().equalsIgnoreCase(visit_date.trim()): null

2023-08-25 10:25:56 - [TEST_STEP][PASSED] - assert trim().equalsIgnoreCase(comment.trim()): null]]></system-out>
         <system-err><![CDATA[]]></system-err>
      </testcase>
      <system-out><![CDATA[2023-08-25 10:25:07 - [TEST_SUITE][PASSED] - Test Suite Appointment: Test Cases/Appointment/Test Case 2.1 (Versi Dinamis)]]></system-out>
      <system-err><![CDATA[]]></system-err>
   </testsuite>
</testsuites>
