<?xml version="1.0" encoding="UTF-8"?>
<testsuites name="Test Suite LOGIN" time="28.472" tests="2" failures="0" errors="0">
   <testsuite name="Test Suite LOGIN" tests="2" failures="0" errors="0" time="28.472" skipped="0" timestamp="2023-08-25 09:15:18" hostname="HP - LAPTOP-ILLI02GO" id="Test Suites/Test Suite LOGIN">
      <properties>
         <property name="deviceName" value=""/>
         <property name="devicePlatform" value=""/>
         <property name="logFolder" value="D:\\XSIS MITRA UTAMA\\batch-324-qa\\Danty\\Cura Heroku App\\Reports\\20230825_091516\\Test Suite LOGIN\\20230825_091516"/>
         <property name="logFiles" value="D:\\XSIS MITRA UTAMA\\batch-324-qa\\Danty\\Cura Heroku App\\Reports\\20230825_091516\\Test Suite LOGIN\\20230825_091516\\execution0.log"/>
         <property name="attachments" value=""/>
         <property name="hostName" value="HP - LAPTOP-ILLI02GO"/>
         <property name="os" value="Windows 11 64bit"/>
         <property name="katalonVersion" value="8.6.5.208"/>
         <property name="browser" value="Edge Chromium 115"/>
         <property name="hostAddress" value="10.9.2.36"/>
         <property name="sessionId" value="c996d7ad8180dbf0da38ed2899894779"/>
         <property name="seleniumVersion" value="3.141.59"/>
         <property name="proxyInformation" value="ProxyInformation { proxyOption=NO_PROXY, proxyServerType=HTTP, username=, password=********, proxyServerAddress=, proxyServerPort=0, executionList=&quot;&quot;, isApplyToDesiredCapabilities=true }"/>
         <property name="platform" value="Windows 11"/>
      </properties>
      <testcase name="Test Cases/Login/Test Case 1.1 (Manual)" time="14.372" classname="Test Cases/Login/Test Case 1.1 (Manual)" status="PASSED">
         <system-out><![CDATA[2023-08-25 09:15:19 - [TEST_CASE][PASSED] - Test Cases/Login/Test Case 1.1 (Manual): Test Cases/Login/Test Case 1.1 (Manual)

2023-08-25 09:15:19 - [TEST_STEP][PASSED] - openBrowser(WEB_URL): Browser is opened with url: 'https://katalon-demo-cura.herokuapp.com/'

2023-08-25 09:15:19 - [MESSAGE][INFO] - Starting 'Edge Chromium' driver

2023-08-25 09:15:22 - [MESSAGE][INFO] - Action delay is set to 0 milliseconds

2023-08-25 09:15:27 - [MESSAGE][PASSED] - Browser is opened with url: 'https://katalon-demo-cura.herokuapp.com/'

2023-08-25 09:15:27 - [TEST_STEP][PASSED] - verifyElementPresent(findTestObject("Login/Title Home Page"), 10): Object 'Object Repository/Login/Title Home Page' is present

2023-08-25 09:15:27 - [MESSAGE][PASSED] - Object 'Object Repository/Login/Title Home Page' is present

2023-08-25 09:15:27 - [TEST_STEP][PASSED] - click(findTestObject("Login/Menu Burger")): Object: 'Object Repository/Login/Menu Burger' is clicked on

2023-08-25 09:15:28 - [MESSAGE][PASSED] - Object: 'Object Repository/Login/Menu Burger' is clicked on

2023-08-25 09:15:28 - [TEST_STEP][PASSED] - click(findTestObject("Login/Menu Login")): Object: 'Object Repository/Login/Menu Login' is clicked on

2023-08-25 09:15:30 - [MESSAGE][PASSED] - Object: 'Object Repository/Login/Menu Login' is clicked on

2023-08-25 09:15:30 - [TEST_STEP][PASSED] - verifyElementPresent(findTestObject("Login/Title Login"), 10): Object 'Object Repository/Login/Title Login' is present

2023-08-25 09:15:30 - [MESSAGE][PASSED] - Object 'Object Repository/Login/Title Login' is present

2023-08-25 09:15:30 - [TEST_STEP][PASSED] - setText(findTestObject("Login/input_Username"), Username): Text 'John Doe' is set on object 'Object Repository/Login/input_Username'

2023-08-25 09:15:31 - [MESSAGE][PASSED] - Text 'John Doe' is set on object 'Object Repository/Login/input_Username'

2023-08-25 09:15:31 - [TEST_STEP][PASSED] - setEncryptedText(findTestObject("Login/input_Password"), Password): Text ****** has been set on object 'Object Repository/Login/input_Password'

2023-08-25 09:15:32 - [MESSAGE][PASSED] - Text ****** has been set on object 'Object Repository/Login/input_Password'

2023-08-25 09:15:32 - [TEST_STEP][PASSED] - click(findTestObject("Login/button_Login")): Object: 'Object Repository/Login/button_Login' is clicked on

2023-08-25 09:15:33 - [MESSAGE][PASSED] - Object: 'Object Repository/Login/button_Login' is clicked on

2023-08-25 09:15:33 - [TEST_STEP][PASSED] - verifyElementPresent(findTestObject("Login/Title_Make Appointment"), 10): Object 'Object Repository/Login/Title_Make Appointment' is present

2023-08-25 09:15:33 - [MESSAGE][PASSED] - Object 'Object Repository/Login/Title_Make Appointment' is present]]></system-out>
         <system-err><![CDATA[]]></system-err>
      </testcase>
      <testcase name="Test Cases/Login/Test Case 1.2" time="13.814" classname="Test Cases/Login/Test Case 1.2" status="PASSED">
         <system-out><![CDATA[2023-08-25 09:15:33 - [TEST_CASE][PASSED] - Test Cases/Login/Test Case 1.2: Test Cases/Login/Test Case 1.2

2023-08-25 09:15:34 - [TEST_STEP][PASSED] - openBrowser(WEB_URL): Browser is opened with url: 'https://katalon-demo-cura.herokuapp.com/'

2023-08-25 09:15:34 - [MESSAGE][WARNING] - A browser is already opened. Closing browser and opening a new one

2023-08-25 09:15:34 - [MESSAGE][INFO] - Starting 'Edge Chromium' driver

2023-08-25 09:15:37 - [MESSAGE][INFO] - Action delay is set to 0 milliseconds

2023-08-25 09:15:41 - [MESSAGE][PASSED] - Browser is opened with url: 'https://katalon-demo-cura.herokuapp.com/'

2023-08-25 09:15:41 - [TEST_STEP][PASSED] - maximizeWindow(): Current window maximized

2023-08-25 09:15:41 - [MESSAGE][PASSED] - Current window maximized

2023-08-25 09:15:41 - [TEST_STEP][PASSED] - verifyElementPresent(findTestObject("Login/Title Home Page"), 10): Object 'Object Repository/Login/Title Home Page' is present

2023-08-25 09:15:42 - [MESSAGE][PASSED] - Object 'Object Repository/Login/Title Home Page' is present

2023-08-25 09:15:42 - [TEST_STEP][PASSED] - click(findTestObject("Login/Menu Burger")): Object: 'Object Repository/Login/Menu Burger' is clicked on

2023-08-25 09:15:43 - [MESSAGE][PASSED] - Object: 'Object Repository/Login/Menu Burger' is clicked on

2023-08-25 09:15:43 - [TEST_STEP][PASSED] - click(findTestObject("Login/Menu Login")): Object: 'Object Repository/Login/Menu Login' is clicked on

2023-08-25 09:15:43 - [MESSAGE][PASSED] - Object: 'Object Repository/Login/Menu Login' is clicked on

2023-08-25 09:15:43 - [TEST_STEP][PASSED] - verifyElementPresent(findTestObject("Login/Title Login"), 10): Object 'Object Repository/Login/Title Login' is present

2023-08-25 09:15:44 - [MESSAGE][PASSED] - Object 'Object Repository/Login/Title Login' is present

2023-08-25 09:15:44 - [TEST_STEP][PASSED] - setText(findTestObject("Login/input_Username"), username): Text 'Dianty' is set on object 'Object Repository/Login/input_Username'

2023-08-25 09:15:45 - [MESSAGE][PASSED] - Text 'Dianty' is set on object 'Object Repository/Login/input_Username'

2023-08-25 09:15:45 - [TEST_STEP][PASSED] - setEncryptedText(findTestObject("Login/input_Password"), password): Text ****** has been set on object 'Object Repository/Login/input_Password'

2023-08-25 09:15:45 - [MESSAGE][PASSED] - Text ****** has been set on object 'Object Repository/Login/input_Password'

2023-08-25 09:15:45 - [TEST_STEP][PASSED] - click(findTestObject("Login/button_Login")): Object: 'Object Repository/Login/button_Login' is clicked on

2023-08-25 09:15:46 - [MESSAGE][PASSED] - Object: 'Object Repository/Login/button_Login' is clicked on

2023-08-25 09:15:46 - [TEST_STEP][PASSED] - verifyElementText(findTestObject("Login/Error Message"), "Login failed! Please ensure the username and password are valid."): Actual text and expected text of test object 'Object Repository/Login/Error Message' are matched.

2023-08-25 09:15:47 - [MESSAGE][PASSED] - Actual text and expected text of test object 'Object Repository/Login/Error Message' are matched.]]></system-out>
         <system-err><![CDATA[]]></system-err>
      </testcase>
      <system-out><![CDATA[2023-08-25 09:15:18 - [TEST_SUITE][PASSED] - Test Suite LOGIN: Test Cases/Login/Test Case 1.2]]></system-out>
      <system-err><![CDATA[]]></system-err>
   </testsuite>
</testsuites>
