<?xml version="1.0" encoding="UTF-8"?>
<testsuites name="test suite Login" time="52.374" tests="2" failures="0" errors="0">
   <testsuite name="test suite Login" tests="2" failures="0" errors="0" time="52.374" skipped="0" timestamp="2023-08-25 09:26:43" hostname="USER - DESKTOP-22KTP91" id="Test Suites/test suite Login">
      <properties>
         <property name="deviceName" value=""/>
         <property name="devicePlatform" value=""/>
         <property name="logFolder" value="F:\\bootcamp\\batch-324-qa\\Ika\\Cura Heroku App\\Reports\\20230825_092623\\test suite Login\\20230825_092625"/>
         <property name="logFiles" value="F:\\bootcamp\\batch-324-qa\\Ika\\Cura Heroku App\\Reports\\20230825_092623\\test suite Login\\20230825_092625\\execution0.log"/>
         <property name="attachments" value=""/>
         <property name="hostName" value="USER - DESKTOP-22KTP91"/>
         <property name="os" value="Windows 10 64bit"/>
         <property name="katalonVersion" value="8.6.5.208"/>
         <property name="browser" value="Edge Chromium 116"/>
         <property name="hostAddress" value="10.9.2.23"/>
         <property name="sessionId" value="a7a8f65fcd439642aefa3962b166eca8"/>
         <property name="seleniumVersion" value="3.141.59"/>
         <property name="proxyInformation" value="ProxyInformation { proxyOption=NO_PROXY, proxyServerType=HTTP, username=, password=********, proxyServerAddress=, proxyServerPort=0, executionList=&quot;&quot;, isApplyToDesiredCapabilities=true }"/>
         <property name="platform" value="Windows 10"/>
      </properties>
      <testcase name="Test Cases/Login/Test Case 1.1 (Manual)" time="21.84" classname="Test Cases/Login/Test Case 1.1 (Manual)" status="PASSED">
         <system-out><![CDATA[2023-08-25 09:26:43 - [TEST_CASE][PASSED] - Test Cases/Login/Test Case 1.1 (Manual): Test Cases/Login/Test Case 1.1 (Manual)

2023-08-25 09:26:44 - [TEST_STEP][PASSED] - openBrowser(WEB_URL): Browser is opened with url: 'https://katalon-demo-cura.herokuapp.com/'

2023-08-25 09:26:45 - [MESSAGE][INFO] - Starting 'Edge Chromium' driver

2023-08-25 09:26:48 - [MESSAGE][INFO] - Action delay is set to 0 milliseconds

2023-08-25 09:26:56 - [MESSAGE][PASSED] - Browser is opened with url: 'https://katalon-demo-cura.herokuapp.com/'

2023-08-25 09:26:56 - [TEST_STEP][PASSED] - maximizeWindow(): Current window maximized

2023-08-25 09:26:56 - [MESSAGE][PASSED] - Current window maximized

2023-08-25 09:26:56 - [TEST_STEP][PASSED] - verifyElementPresent(findTestObject("login/title_home_page"), 10): Object 'Object Repository/login/title_home_page' is present

2023-08-25 09:26:57 - [MESSAGE][PASSED] - Object 'Object Repository/login/title_home_page' is present

2023-08-25 09:26:57 - [TEST_STEP][PASSED] - click(findTestObject("login/menu burger")): Object: 'Object Repository/login/menu burger' is clicked on

2023-08-25 09:26:58 - [MESSAGE][PASSED] - Object: 'Object Repository/login/menu burger' is clicked on

2023-08-25 09:26:58 - [TEST_STEP][PASSED] - click(findTestObject("login/menu Login")): Object: 'Object Repository/login/menu Login' is clicked on

2023-08-25 09:26:59 - [MESSAGE][PASSED] - Object: 'Object Repository/login/menu Login' is clicked on

2023-08-25 09:26:59 - [TEST_STEP][PASSED] - verifyElementPresent(findTestObject("login/title_Login"), 10): Object 'Object Repository/login/title_Login' is present

2023-08-25 09:27:00 - [MESSAGE][PASSED] - Object 'Object Repository/login/title_Login' is present

2023-08-25 09:27:00 - [TEST_STEP][PASSED] - setText(findTestObject("login/input_Username"), username): Text 'John Doe' is set on object 'Object Repository/login/input_Username'

2023-08-25 09:27:01 - [MESSAGE][PASSED] - Text 'John Doe' is set on object 'Object Repository/login/input_Username'

2023-08-25 09:27:01 - [TEST_STEP][PASSED] - setEncryptedText(findTestObject("login/input_Password"), password): Text ****** has been set on object 'Object Repository/login/input_Password'

2023-08-25 09:27:02 - [MESSAGE][PASSED] - Text ****** has been set on object 'Object Repository/login/input_Password'

2023-08-25 09:27:02 - [TEST_STEP][PASSED] - click(findTestObject("login/button_Login")): Object: 'Object Repository/login/button_Login' is clicked on

2023-08-25 09:27:04 - [MESSAGE][PASSED] - Object: 'Object Repository/login/button_Login' is clicked on

2023-08-25 09:27:04 - [TEST_STEP][PASSED] - verifyElementPresent(findTestObject("login/Title_Make Appointment"), 10): Object 'Object Repository/login/Title_Make Appointment' is present

2023-08-25 09:27:05 - [MESSAGE][PASSED] - Object 'Object Repository/login/Title_Make Appointment' is present]]></system-out>
         <system-err><![CDATA[]]></system-err>
      </testcase>
      <testcase name="Test Cases/Login/Test Case 1.2 (Manual)" time="30.017" classname="Test Cases/Login/Test Case 1.2 (Manual)" status="PASSED">
         <system-out><![CDATA[2023-08-25 09:27:05 - [TEST_CASE][PASSED] - Test Cases/Login/Test Case 1.2 (Manual): Test Cases/Login/Test Case 1.2 (Manual)

2023-08-25 09:27:06 - [TEST_STEP][PASSED] - openBrowser(WEB_URL): Browser is opened with url: 'https://katalon-demo-cura.herokuapp.com/'

2023-08-25 09:27:06 - [MESSAGE][WARNING] - A browser is already opened. Closing browser and opening a new one

2023-08-25 09:27:07 - [MESSAGE][INFO] - Starting 'Edge Chromium' driver

2023-08-25 09:27:09 - [MESSAGE][INFO] - Action delay is set to 0 milliseconds

2023-08-25 09:27:14 - [MESSAGE][PASSED] - Browser is opened with url: 'https://katalon-demo-cura.herokuapp.com/'

2023-08-25 09:27:14 - [TEST_STEP][PASSED] - verifyElementPresent(findTestObject("login/title_home_page"), 10): Object 'Object Repository/login/title_home_page' is present

2023-08-25 09:27:14 - [MESSAGE][PASSED] - Object 'Object Repository/login/title_home_page' is present

2023-08-25 09:27:14 - [TEST_STEP][PASSED] - click(findTestObject("login/menu burger")): Object: 'Object Repository/login/menu burger' is clicked on

2023-08-25 09:27:16 - [MESSAGE][PASSED] - Object: 'Object Repository/login/menu burger' is clicked on

2023-08-25 09:27:16 - [TEST_STEP][PASSED] - click(findTestObject("login/menu Login")): Object: 'Object Repository/login/menu Login' is clicked on

2023-08-25 09:27:17 - [MESSAGE][PASSED] - Object: 'Object Repository/login/menu Login' is clicked on

2023-08-25 09:27:17 - [TEST_STEP][PASSED] - verifyElementPresent(findTestObject("login/title_Login"), 10): Object 'Object Repository/login/title_Login' is present

2023-08-25 09:27:18 - [MESSAGE][PASSED] - Object 'Object Repository/login/title_Login' is present

2023-08-25 09:27:18 - [TEST_STEP][PASSED] - setText(findTestObject("login/input_Username"), username): Text 'john doe' is set on object 'Object Repository/login/input_Username'

2023-08-25 09:27:20 - [MESSAGE][PASSED] - Text 'john doe' is set on object 'Object Repository/login/input_Username'

2023-08-25 09:27:20 - [TEST_STEP][PASSED] - setEncryptedText(findTestObject("login/input_Password"), password): Text ****** has been set on object 'Object Repository/login/input_Password'

2023-08-25 09:27:21 - [MESSAGE][PASSED] - Text ****** has been set on object 'Object Repository/login/input_Password'

2023-08-25 09:27:21 - [TEST_STEP][PASSED] - click(findTestObject("login/button_Login")): Object: 'Object Repository/login/button_Login' is clicked on

2023-08-25 09:27:23 - [MESSAGE][PASSED] - Object: 'Object Repository/login/button_Login' is clicked on

2023-08-25 09:27:23 - [TEST_STEP][PASSED] - verifyElementText(findTestObject("login/error message login"), "Login failed! Please ensure the username and password are valid."): Actual text and expected text of test object 'Object Repository/login/error message login' are matched.

2023-08-25 09:27:24 - [MESSAGE][PASSED] - Actual text and expected text of test object 'Object Repository/login/error message login' are matched.

2023-08-25 09:27:24 - [TEST_STEP][PASSED] - delay(10): Delayed 10 second(s)

2023-08-25 09:27:34 - [MESSAGE][PASSED] - Delayed 10 second(s)

2023-08-25 09:27:34 - [TEST_STEP][PASSED] - closeBrowser(): Browser is closed

2023-08-25 09:27:35 - [MESSAGE][PASSED] - Browser is closed]]></system-out>
         <system-err><![CDATA[]]></system-err>
      </testcase>
      <system-out><![CDATA[2023-08-25 09:26:43 - [TEST_SUITE][PASSED] - test suite Login: Test Cases/Login/Test Case 1.2 (Manual)]]></system-out>
      <system-err><![CDATA[]]></system-err>
   </testsuite>
</testsuites>
