<?xml version="1.0" encoding="UTF-8"?>
<testsuites name="Test Suite Appointment" time="58.98" tests="3" failures="0" errors="0">
   <testsuite name="Test Suite Appointment" tests="3" failures="0" errors="0" time="58.98" skipped="0" timestamp="2023-08-25 10:24:37" hostname="Admin - Riswandha" id="Test Suites/Test Suite Appointment">
      <properties>
         <property name="deviceName" value=""/>
         <property name="devicePlatform" value=""/>
         <property name="logFolder" value="G:\\Project Xsis\\batch-324-qa\\Riswan\\Cura Heroku App\\Reports\\20230825_102428\\Test Suite Appointment\\20230825_102428"/>
         <property name="logFiles" value="G:\\Project Xsis\\batch-324-qa\\Riswan\\Cura Heroku App\\Reports\\20230825_102428\\Test Suite Appointment\\20230825_102428\\execution0.log"/>
         <property name="attachments" value=""/>
         <property name="hostName" value="Admin - Riswandha"/>
         <property name="os" value="Windows 10 64bit"/>
         <property name="katalonVersion" value="8.6.5.208"/>
         <property name="browser" value="Edge Chromium 115"/>
         <property name="hostAddress" value="192.168.62.31"/>
         <property name="sessionId" value="a4e207a897823ce88dd6a0609b3d31a6"/>
         <property name="seleniumVersion" value="3.141.59"/>
         <property name="proxyInformation" value="ProxyInformation { proxyOption=NO_PROXY, proxyServerType=HTTP, username=, password=********, proxyServerAddress=, proxyServerPort=0, executionList=&quot;&quot;, isApplyToDesiredCapabilities=true }"/>
         <property name="platform" value="Windows 10"/>
      </properties>
      <testcase name="Test Cases/Appointment/Test Case 2.1(versi dinamis)" time="22.328" classname="Test Cases/Appointment/Test Case 2.1(versi dinamis)" status="PASSED">
         <system-out><![CDATA[2023-08-25 10:24:37 - [TEST_CASE][PASSED] - Test Cases/Appointment/Test Case 2.1(versi dinamis): Test Cases/Appointment/Test Case 2.1(versi dinamis)

2023-08-25 10:24:37 - [TEST_STEP][PASSED] - callTestCase(findTestCase("Login/Test Case 1.1(Manual)"), ["username":username, "password":password], STOP_ON_FAILURE): Call Test Case 'Test Cases/Login/Test Case 1.1(Manual)' successfully

2023-08-25 10:24:38 - [TEST_CASE][PASSED] - Test Cases/Login/Test Case 1.1(Manual): Test Cases/Login/Test Case 1.1(Manual)

2023-08-25 10:24:38 - [TEST_STEP][PASSED] - openBrowser(WEB_URL): Browser is opened with url: 'https://katalon-demo-cura.herokuapp.com/'

2023-08-25 10:24:38 - [MESSAGE][INFO] - Starting 'Edge Chromium' driver

2023-08-25 10:24:41 - [MESSAGE][INFO] - Action delay is set to 0 milliseconds

2023-08-25 10:24:46 - [MESSAGE][PASSED] - Browser is opened with url: 'https://katalon-demo-cura.herokuapp.com/'

2023-08-25 10:24:46 - [TEST_STEP][PASSED] - verifyElementPresent(findTestObject("Login/Title_Home_Page"), 10): Object 'Object Repository/Login/Title_Home_Page' is present

2023-08-25 10:24:46 - [MESSAGE][PASSED] - Object 'Object Repository/Login/Title_Home_Page' is present

2023-08-25 10:24:46 - [TEST_STEP][PASSED] - click(findTestObject("Login/Menu Burger")): Object: 'Object Repository/Login/Menu Burger' is clicked on

2023-08-25 10:24:47 - [MESSAGE][PASSED] - Object: 'Object Repository/Login/Menu Burger' is clicked on

2023-08-25 10:24:47 - [TEST_STEP][PASSED] - click(findTestObject("Login/Menu Login")): Object: 'Object Repository/Login/Menu Login' is clicked on

2023-08-25 10:24:48 - [MESSAGE][PASSED] - Object: 'Object Repository/Login/Menu Login' is clicked on

2023-08-25 10:24:48 - [TEST_STEP][PASSED] - verifyElementPresent(findTestObject("Login/Title Login"), 10): Object 'Object Repository/Login/Title Login' is present

2023-08-25 10:24:48 - [MESSAGE][PASSED] - Object 'Object Repository/Login/Title Login' is present

2023-08-25 10:24:48 - [TEST_STEP][PASSED] - setText(findTestObject("Login/input_Username_Login"), username): Text 'John Doe' is set on object 'Object Repository/Login/input_Username_Login'

2023-08-25 10:24:49 - [MESSAGE][PASSED] - Text 'John Doe' is set on object 'Object Repository/Login/input_Username_Login'

2023-08-25 10:24:49 - [TEST_STEP][PASSED] - setEncryptedText(findTestObject("Login/input_Password_Login"), password): Text ****** has been set on object 'Object Repository/Login/input_Password_Login'

2023-08-25 10:24:49 - [MESSAGE][PASSED] - Text ****** has been set on object 'Object Repository/Login/input_Password_Login'

2023-08-25 10:24:49 - [TEST_STEP][PASSED] - click(findTestObject("Login/button_Login")): Object: 'Object Repository/Login/button_Login' is clicked on

2023-08-25 10:24:50 - [MESSAGE][PASSED] - Object: 'Object Repository/Login/button_Login' is clicked on

2023-08-25 10:24:50 - [TEST_STEP][PASSED] - verifyElementPresent(findTestObject("Login/Title_Make Appointment"), 10): Object 'Object Repository/Login/Title_Make Appointment' is present

2023-08-25 10:24:51 - [MESSAGE][PASSED] - Object 'Object Repository/Login/Title_Make Appointment' is present

2023-08-25 10:24:51 - [MESSAGE][PASSED] - Call Test Case 'Test Cases/Login/Test Case 1.1(Manual)' successfully

2023-08-25 10:24:51 - [TEST_STEP][PASSED] - selectOptionByValue(findTestObject("Make Appointment/Select Drop down Facility"), facility, false): All options with value 'Tokyo CURA Healthcare Center' are selected in object 'Object Repository/Make Appointment/Select Drop down Facility' 

2023-08-25 10:24:51 - [MESSAGE][PASSED] - All options with value 'Tokyo CURA Healthcare Center' are selected in object 'Object Repository/Make Appointment/Select Drop down Facility' 

2023-08-25 10:24:51 - [TEST_STEP][PASSED] - if (toString().equalsIgnoreCase("yes")): Object 'Object Repository/Make Appointment/Checkbox_Apply for hospital readmission' is checked

2023-08-25 10:24:51 - [TEST_STEP][PASSED] - check(findTestObject("Make Appointment/Checkbox_Apply for hospital readmission")): Object 'Object Repository/Make Appointment/Checkbox_Apply for hospital readmission' is checked

2023-08-25 10:24:52 - [MESSAGE][PASSED] - Object 'Object Repository/Make Appointment/Checkbox_Apply for hospital readmission' is checked

2023-08-25 10:24:52 - [TEST_STEP][PASSED] - if (toString().equalsIgnoreCase("medicare")): null

2023-08-25 10:24:52 - [TEST_STEP][PASSED] - else if (toString().equalsIgnoreCase("medicaid")): null

2023-08-25 10:24:52 - [TEST_STEP][PASSED] - else: Object 'Object Repository/Make Appointment/Radio_None_programs' is checked

2023-08-25 10:24:52 - [TEST_STEP][PASSED] - check(findTestObject("Object Repository/Make Appointment/Radio_None_programs")): Object 'Object Repository/Make Appointment/Radio_None_programs' is checked

2023-08-25 10:24:52 - [MESSAGE][PASSED] - Object 'Object Repository/Make Appointment/Radio_None_programs' is checked

2023-08-25 10:24:52 - [TEST_STEP][PASSED] - setText(findTestObject("Make Appointment/input_Visit Date"), visit_date): Text '26/08/2023' is set on object 'Object Repository/Make Appointment/input_Visit Date'

2023-08-25 10:24:53 - [MESSAGE][PASSED] - Text '26/08/2023' is set on object 'Object Repository/Make Appointment/input_Visit Date'

2023-08-25 10:24:53 - [TEST_STEP][PASSED] - setText(findTestObject("Make Appointment/textarea_Comment"), comment): Text 'Nama' is set on object 'Object Repository/Make Appointment/textarea_Comment'

2023-08-25 10:24:54 - [MESSAGE][PASSED] - Text 'Nama' is set on object 'Object Repository/Make Appointment/textarea_Comment'

2023-08-25 10:24:54 - [TEST_STEP][PASSED] - click(findTestObject("Make Appointment/button_Book Appointment")): Object: 'Object Repository/Make Appointment/button_Book Appointment' is clicked on

2023-08-25 10:24:57 - [MESSAGE][PASSED] - Object: 'Object Repository/Make Appointment/button_Book Appointment' is clicked on

2023-08-25 10:24:57 - [TEST_STEP][PASSED] - verifyElementPresent(findTestObject("Make Appointment/Title_Appointment Confirmation"), 0): Object 'Object Repository/Make Appointment/Title_Appointment Confirmation' is present

2023-08-25 10:24:57 - [MESSAGE][WARNING] - Timeout '0' is invalid. Using default page load timeout: '30'

2023-08-25 10:24:58 - [MESSAGE][PASSED] - Object 'Object Repository/Make Appointment/Title_Appointment Confirmation' is present

2023-08-25 10:24:58 - [TEST_STEP][PASSED] - hasilFacility = getText(findTestObject("Make Appointment/Hasil Facility")): Text of object 'Object Repository/Make Appointment/Hasil Facility' is: 'Tokyo CURA Healthcare Center'

2023-08-25 10:24:58 - [MESSAGE][PASSED] - Text of object 'Object Repository/Make Appointment/Hasil Facility' is: 'Tokyo CURA Healthcare Center'

2023-08-25 10:24:58 - [TEST_STEP][PASSED] - hasilReadmission = getText(findTestObject("Make Appointment/Hasil Hospital Readmission")): Text of object 'Object Repository/Make Appointment/Hasil Hospital Readmission' is: 'Yes'

2023-08-25 10:24:58 - [MESSAGE][PASSED] - Text of object 'Object Repository/Make Appointment/Hasil Hospital Readmission' is: 'Yes'

2023-08-25 10:24:58 - [TEST_STEP][PASSED] - hasilHealthCare = getText(findTestObject("Make Appointment/hasil healthcare program")): Text of object 'Object Repository/Make Appointment/hasil healthcare program' is: 'None'

2023-08-25 10:24:59 - [MESSAGE][PASSED] - Text of object 'Object Repository/Make Appointment/hasil healthcare program' is: 'None'

2023-08-25 10:24:59 - [TEST_STEP][PASSED] - hasilVisitDate = getText(findTestObject("Make Appointment/Hasil visit date")): Text of object 'Object Repository/Make Appointment/Hasil visit date' is: '26/08/2023'

2023-08-25 10:24:59 - [MESSAGE][PASSED] - Text of object 'Object Repository/Make Appointment/Hasil visit date' is: '26/08/2023'

2023-08-25 10:24:59 - [TEST_STEP][PASSED] - hasilComment = getText(findTestObject("Make Appointment/hasil comment")): Text of object 'Object Repository/Make Appointment/hasil comment' is: 'Nama'

2023-08-25 10:24:59 - [MESSAGE][PASSED] - Text of object 'Object Repository/Make Appointment/hasil comment' is: 'Nama'

2023-08-25 10:24:59 - [TEST_STEP][PASSED] - assert trim().equalsIgnoreCase(facility.trim()): null

2023-08-25 10:24:59 - [TEST_STEP][PASSED] - assert trim().equalsIgnoreCase(hospital_readmission.trim()): null

2023-08-25 10:24:59 - [TEST_STEP][PASSED] - assert trim().equalsIgnoreCase(health_care_program.trim()): null

2023-08-25 10:24:59 - [TEST_STEP][PASSED] - assert trim().equalsIgnoreCase(visit_date.trim()): null

2023-08-25 10:24:59 - [TEST_STEP][PASSED] - assert trim().equalsIgnoreCase(comment.trim()): null]]></system-out>
         <system-err><![CDATA[]]></system-err>
      </testcase>
      <testcase name="Test Cases/Appointment/Test Case 2.1(versi dinamis)" time="17.918" classname="Test Cases/Appointment/Test Case 2.1(versi dinamis)" status="PASSED">
         <system-out><![CDATA[2023-08-25 10:24:59 - [TEST_CASE][PASSED] - Test Cases/Appointment/Test Case 2.1(versi dinamis): Test Cases/Appointment/Test Case 2.1(versi dinamis)

2023-08-25 10:24:59 - [TEST_STEP][PASSED] - callTestCase(findTestCase("Login/Test Case 1.1(Manual)"), ["username":username, "password":password], STOP_ON_FAILURE): Call Test Case 'Test Cases/Login/Test Case 1.1(Manual)' successfully

2023-08-25 10:24:59 - [TEST_CASE][PASSED] - Test Cases/Login/Test Case 1.1(Manual): Test Cases/Login/Test Case 1.1(Manual)

2023-08-25 10:24:59 - [TEST_STEP][PASSED] - openBrowser(WEB_URL): Browser is opened with url: 'https://katalon-demo-cura.herokuapp.com/'

2023-08-25 10:24:59 - [MESSAGE][WARNING] - A browser is already opened. Closing browser and opening a new one

2023-08-25 10:25:00 - [MESSAGE][INFO] - Starting 'Edge Chromium' driver

2023-08-25 10:25:02 - [MESSAGE][INFO] - Action delay is set to 0 milliseconds

2023-08-25 10:25:07 - [MESSAGE][PASSED] - Browser is opened with url: 'https://katalon-demo-cura.herokuapp.com/'

2023-08-25 10:25:07 - [TEST_STEP][PASSED] - verifyElementPresent(findTestObject("Login/Title_Home_Page"), 10): Object 'Object Repository/Login/Title_Home_Page' is present

2023-08-25 10:25:07 - [MESSAGE][PASSED] - Object 'Object Repository/Login/Title_Home_Page' is present

2023-08-25 10:25:07 - [TEST_STEP][PASSED] - click(findTestObject("Login/Menu Burger")): Object: 'Object Repository/Login/Menu Burger' is clicked on

2023-08-25 10:25:07 - [MESSAGE][PASSED] - Object: 'Object Repository/Login/Menu Burger' is clicked on

2023-08-25 10:25:07 - [TEST_STEP][PASSED] - click(findTestObject("Login/Menu Login")): Object: 'Object Repository/Login/Menu Login' is clicked on

2023-08-25 10:25:09 - [MESSAGE][PASSED] - Object: 'Object Repository/Login/Menu Login' is clicked on

2023-08-25 10:25:09 - [TEST_STEP][PASSED] - verifyElementPresent(findTestObject("Login/Title Login"), 10): Object 'Object Repository/Login/Title Login' is present

2023-08-25 10:25:09 - [MESSAGE][PASSED] - Object 'Object Repository/Login/Title Login' is present

2023-08-25 10:25:09 - [TEST_STEP][PASSED] - setText(findTestObject("Login/input_Username_Login"), username): Text 'John Doe' is set on object 'Object Repository/Login/input_Username_Login'

2023-08-25 10:25:10 - [MESSAGE][PASSED] - Text 'John Doe' is set on object 'Object Repository/Login/input_Username_Login'

2023-08-25 10:25:10 - [TEST_STEP][PASSED] - setEncryptedText(findTestObject("Login/input_Password_Login"), password): Text ****** has been set on object 'Object Repository/Login/input_Password_Login'

2023-08-25 10:25:10 - [MESSAGE][PASSED] - Text ****** has been set on object 'Object Repository/Login/input_Password_Login'

2023-08-25 10:25:10 - [TEST_STEP][PASSED] - click(findTestObject("Login/button_Login")): Object: 'Object Repository/Login/button_Login' is clicked on

2023-08-25 10:25:11 - [MESSAGE][PASSED] - Object: 'Object Repository/Login/button_Login' is clicked on

2023-08-25 10:25:11 - [TEST_STEP][PASSED] - verifyElementPresent(findTestObject("Login/Title_Make Appointment"), 10): Object 'Object Repository/Login/Title_Make Appointment' is present

2023-08-25 10:25:12 - [MESSAGE][PASSED] - Object 'Object Repository/Login/Title_Make Appointment' is present

2023-08-25 10:25:12 - [MESSAGE][PASSED] - Call Test Case 'Test Cases/Login/Test Case 1.1(Manual)' successfully

2023-08-25 10:25:12 - [TEST_STEP][PASSED] - selectOptionByValue(findTestObject("Make Appointment/Select Drop down Facility"), facility, false): All options with value 'Hongkong CURA Healthcare Center' are selected in object 'Object Repository/Make Appointment/Select Drop down Facility' 

2023-08-25 10:25:12 - [MESSAGE][PASSED] - All options with value 'Hongkong CURA Healthcare Center' are selected in object 'Object Repository/Make Appointment/Select Drop down Facility' 

2023-08-25 10:25:12 - [TEST_STEP][PASSED] - if (toString().equalsIgnoreCase("yes")): null

2023-08-25 10:25:12 - [TEST_STEP][PASSED] - if (toString().equalsIgnoreCase("medicare")): Object 'Object Repository/Make Appointment/Radio_Medicare_programs' is checked

2023-08-25 10:25:12 - [TEST_STEP][PASSED] - check(findTestObject("Object Repository/Make Appointment/Radio_Medicare_programs")): Object 'Object Repository/Make Appointment/Radio_Medicare_programs' is checked

2023-08-25 10:25:13 - [MESSAGE][PASSED] - Object 'Object Repository/Make Appointment/Radio_Medicare_programs' is checked

2023-08-25 10:25:13 - [TEST_STEP][PASSED] - setText(findTestObject("Make Appointment/input_Visit Date"), visit_date): Text '26/08/2023' is set on object 'Object Repository/Make Appointment/input_Visit Date'

2023-08-25 10:25:14 - [MESSAGE][PASSED] - Text '26/08/2023' is set on object 'Object Repository/Make Appointment/input_Visit Date'

2023-08-25 10:25:14 - [TEST_STEP][PASSED] - setText(findTestObject("Make Appointment/textarea_Comment"), comment): Text 'Saya' is set on object 'Object Repository/Make Appointment/textarea_Comment'

2023-08-25 10:25:14 - [MESSAGE][PASSED] - Text 'Saya' is set on object 'Object Repository/Make Appointment/textarea_Comment'

2023-08-25 10:25:14 - [TEST_STEP][PASSED] - click(findTestObject("Make Appointment/button_Book Appointment")): Object: 'Object Repository/Make Appointment/button_Book Appointment' is clicked on

2023-08-25 10:25:15 - [MESSAGE][PASSED] - Object: 'Object Repository/Make Appointment/button_Book Appointment' is clicked on

2023-08-25 10:25:15 - [TEST_STEP][PASSED] - verifyElementPresent(findTestObject("Make Appointment/Title_Appointment Confirmation"), 0): Object 'Object Repository/Make Appointment/Title_Appointment Confirmation' is present

2023-08-25 10:25:15 - [MESSAGE][WARNING] - Timeout '0' is invalid. Using default page load timeout: '30'

2023-08-25 10:25:16 - [MESSAGE][PASSED] - Object 'Object Repository/Make Appointment/Title_Appointment Confirmation' is present

2023-08-25 10:25:16 - [TEST_STEP][PASSED] - hasilFacility = getText(findTestObject("Make Appointment/Hasil Facility")): Text of object 'Object Repository/Make Appointment/Hasil Facility' is: 'Hongkong CURA Healthcare Center'

2023-08-25 10:25:16 - [MESSAGE][PASSED] - Text of object 'Object Repository/Make Appointment/Hasil Facility' is: 'Hongkong CURA Healthcare Center'

2023-08-25 10:25:16 - [TEST_STEP][PASSED] - hasilReadmission = getText(findTestObject("Make Appointment/Hasil Hospital Readmission")): Text of object 'Object Repository/Make Appointment/Hasil Hospital Readmission' is: 'No'

2023-08-25 10:25:16 - [MESSAGE][PASSED] - Text of object 'Object Repository/Make Appointment/Hasil Hospital Readmission' is: 'No'

2023-08-25 10:25:16 - [TEST_STEP][PASSED] - hasilHealthCare = getText(findTestObject("Make Appointment/hasil healthcare program")): Text of object 'Object Repository/Make Appointment/hasil healthcare program' is: 'Medicare'

2023-08-25 10:25:17 - [MESSAGE][PASSED] - Text of object 'Object Repository/Make Appointment/hasil healthcare program' is: 'Medicare'

2023-08-25 10:25:17 - [TEST_STEP][PASSED] - hasilVisitDate = getText(findTestObject("Make Appointment/Hasil visit date")): Text of object 'Object Repository/Make Appointment/Hasil visit date' is: '26/08/2023'

2023-08-25 10:25:17 - [MESSAGE][PASSED] - Text of object 'Object Repository/Make Appointment/Hasil visit date' is: '26/08/2023'

2023-08-25 10:25:17 - [TEST_STEP][PASSED] - hasilComment = getText(findTestObject("Make Appointment/hasil comment")): Text of object 'Object Repository/Make Appointment/hasil comment' is: 'Saya'

2023-08-25 10:25:17 - [MESSAGE][PASSED] - Text of object 'Object Repository/Make Appointment/hasil comment' is: 'Saya'

2023-08-25 10:25:17 - [TEST_STEP][PASSED] - assert trim().equalsIgnoreCase(facility.trim()): null

2023-08-25 10:25:17 - [TEST_STEP][PASSED] - assert trim().equalsIgnoreCase(hospital_readmission.trim()): null

2023-08-25 10:25:17 - [TEST_STEP][PASSED] - assert trim().equalsIgnoreCase(health_care_program.trim()): null

2023-08-25 10:25:17 - [TEST_STEP][PASSED] - assert trim().equalsIgnoreCase(visit_date.trim()): null

2023-08-25 10:25:17 - [TEST_STEP][PASSED] - assert trim().equalsIgnoreCase(comment.trim()): null]]></system-out>
         <system-err><![CDATA[]]></system-err>
      </testcase>
      <testcase name="Test Cases/Appointment/Test Case 2.1(versi dinamis)" time="18.229" classname="Test Cases/Appointment/Test Case 2.1(versi dinamis)" status="PASSED">
         <system-out><![CDATA[2023-08-25 10:25:17 - [TEST_CASE][PASSED] - Test Cases/Appointment/Test Case 2.1(versi dinamis): Test Cases/Appointment/Test Case 2.1(versi dinamis)

2023-08-25 10:25:17 - [TEST_STEP][PASSED] - callTestCase(findTestCase("Login/Test Case 1.1(Manual)"), ["username":username, "password":password], STOP_ON_FAILURE): Call Test Case 'Test Cases/Login/Test Case 1.1(Manual)' successfully

2023-08-25 10:25:17 - [TEST_CASE][PASSED] - Test Cases/Login/Test Case 1.1(Manual): Test Cases/Login/Test Case 1.1(Manual)

2023-08-25 10:25:17 - [TEST_STEP][PASSED] - openBrowser(WEB_URL): Browser is opened with url: 'https://katalon-demo-cura.herokuapp.com/'

2023-08-25 10:25:17 - [MESSAGE][WARNING] - A browser is already opened. Closing browser and opening a new one

2023-08-25 10:25:18 - [MESSAGE][INFO] - Starting 'Edge Chromium' driver

2023-08-25 10:25:20 - [MESSAGE][INFO] - Action delay is set to 0 milliseconds

2023-08-25 10:25:25 - [MESSAGE][PASSED] - Browser is opened with url: 'https://katalon-demo-cura.herokuapp.com/'

2023-08-25 10:25:25 - [TEST_STEP][PASSED] - verifyElementPresent(findTestObject("Login/Title_Home_Page"), 10): Object 'Object Repository/Login/Title_Home_Page' is present

2023-08-25 10:25:25 - [MESSAGE][PASSED] - Object 'Object Repository/Login/Title_Home_Page' is present

2023-08-25 10:25:25 - [TEST_STEP][PASSED] - click(findTestObject("Login/Menu Burger")): Object: 'Object Repository/Login/Menu Burger' is clicked on

2023-08-25 10:25:25 - [MESSAGE][PASSED] - Object: 'Object Repository/Login/Menu Burger' is clicked on

2023-08-25 10:25:25 - [TEST_STEP][PASSED] - click(findTestObject("Login/Menu Login")): Object: 'Object Repository/Login/Menu Login' is clicked on

2023-08-25 10:25:26 - [MESSAGE][PASSED] - Object: 'Object Repository/Login/Menu Login' is clicked on

2023-08-25 10:25:26 - [TEST_STEP][PASSED] - verifyElementPresent(findTestObject("Login/Title Login"), 10): Object 'Object Repository/Login/Title Login' is present

2023-08-25 10:25:27 - [MESSAGE][PASSED] - Object 'Object Repository/Login/Title Login' is present

2023-08-25 10:25:27 - [TEST_STEP][PASSED] - setText(findTestObject("Login/input_Username_Login"), username): Text 'John Doe' is set on object 'Object Repository/Login/input_Username_Login'

2023-08-25 10:25:28 - [MESSAGE][PASSED] - Text 'John Doe' is set on object 'Object Repository/Login/input_Username_Login'

2023-08-25 10:25:28 - [TEST_STEP][PASSED] - setEncryptedText(findTestObject("Login/input_Password_Login"), password): Text ****** has been set on object 'Object Repository/Login/input_Password_Login'

2023-08-25 10:25:28 - [MESSAGE][PASSED] - Text ****** has been set on object 'Object Repository/Login/input_Password_Login'

2023-08-25 10:25:28 - [TEST_STEP][PASSED] - click(findTestObject("Login/button_Login")): Object: 'Object Repository/Login/button_Login' is clicked on

2023-08-25 10:25:29 - [MESSAGE][PASSED] - Object: 'Object Repository/Login/button_Login' is clicked on

2023-08-25 10:25:29 - [TEST_STEP][PASSED] - verifyElementPresent(findTestObject("Login/Title_Make Appointment"), 10): Object 'Object Repository/Login/Title_Make Appointment' is present

2023-08-25 10:25:30 - [MESSAGE][PASSED] - Object 'Object Repository/Login/Title_Make Appointment' is present

2023-08-25 10:25:30 - [MESSAGE][PASSED] - Call Test Case 'Test Cases/Login/Test Case 1.1(Manual)' successfully

2023-08-25 10:25:30 - [TEST_STEP][PASSED] - selectOptionByValue(findTestObject("Make Appointment/Select Drop down Facility"), facility, false): All options with value 'Seoul CURA Healthcare Center' are selected in object 'Object Repository/Make Appointment/Select Drop down Facility' 

2023-08-25 10:25:30 - [MESSAGE][PASSED] - All options with value 'Seoul CURA Healthcare Center' are selected in object 'Object Repository/Make Appointment/Select Drop down Facility' 

2023-08-25 10:25:30 - [TEST_STEP][PASSED] - if (toString().equalsIgnoreCase("yes")): Object 'Object Repository/Make Appointment/Checkbox_Apply for hospital readmission' is checked

2023-08-25 10:25:30 - [TEST_STEP][PASSED] - check(findTestObject("Make Appointment/Checkbox_Apply for hospital readmission")): Object 'Object Repository/Make Appointment/Checkbox_Apply for hospital readmission' is checked

2023-08-25 10:25:31 - [MESSAGE][PASSED] - Object 'Object Repository/Make Appointment/Checkbox_Apply for hospital readmission' is checked

2023-08-25 10:25:31 - [TEST_STEP][PASSED] - if (toString().equalsIgnoreCase("medicare")): null

2023-08-25 10:25:31 - [TEST_STEP][PASSED] - else if (toString().equalsIgnoreCase("medicaid")): Object 'Object Repository/Make Appointment/Radio_Medicaid_programs' is checked

2023-08-25 10:25:31 - [TEST_STEP][PASSED] - check(findTestObject("Object Repository/Make Appointment/Radio_Medicaid_programs")): Object 'Object Repository/Make Appointment/Radio_Medicaid_programs' is checked

2023-08-25 10:25:31 - [MESSAGE][PASSED] - Object 'Object Repository/Make Appointment/Radio_Medicaid_programs' is checked

2023-08-25 10:25:31 - [TEST_STEP][PASSED] - setText(findTestObject("Make Appointment/input_Visit Date"), visit_date): Text '26/08/2023' is set on object 'Object Repository/Make Appointment/input_Visit Date'

2023-08-25 10:25:32 - [MESSAGE][PASSED] - Text '26/08/2023' is set on object 'Object Repository/Make Appointment/input_Visit Date'

2023-08-25 10:25:32 - [TEST_STEP][PASSED] - setText(findTestObject("Make Appointment/textarea_Comment"), comment): Text 'Riswandha' is set on object 'Object Repository/Make Appointment/textarea_Comment'

2023-08-25 10:25:33 - [MESSAGE][PASSED] - Text 'Riswandha' is set on object 'Object Repository/Make Appointment/textarea_Comment'

2023-08-25 10:25:33 - [TEST_STEP][PASSED] - click(findTestObject("Make Appointment/button_Book Appointment")): Object: 'Object Repository/Make Appointment/button_Book Appointment' is clicked on

2023-08-25 10:25:33 - [MESSAGE][PASSED] - Object: 'Object Repository/Make Appointment/button_Book Appointment' is clicked on

2023-08-25 10:25:33 - [TEST_STEP][PASSED] - verifyElementPresent(findTestObject("Make Appointment/Title_Appointment Confirmation"), 0): Object 'Object Repository/Make Appointment/Title_Appointment Confirmation' is present

2023-08-25 10:25:33 - [MESSAGE][WARNING] - Timeout '0' is invalid. Using default page load timeout: '30'

2023-08-25 10:25:34 - [MESSAGE][PASSED] - Object 'Object Repository/Make Appointment/Title_Appointment Confirmation' is present

2023-08-25 10:25:34 - [TEST_STEP][PASSED] - hasilFacility = getText(findTestObject("Make Appointment/Hasil Facility")): Text of object 'Object Repository/Make Appointment/Hasil Facility' is: 'Seoul CURA Healthcare Center'

2023-08-25 10:25:34 - [MESSAGE][PASSED] - Text of object 'Object Repository/Make Appointment/Hasil Facility' is: 'Seoul CURA Healthcare Center'

2023-08-25 10:25:34 - [TEST_STEP][PASSED] - hasilReadmission = getText(findTestObject("Make Appointment/Hasil Hospital Readmission")): Text of object 'Object Repository/Make Appointment/Hasil Hospital Readmission' is: 'Yes'

2023-08-25 10:25:34 - [MESSAGE][PASSED] - Text of object 'Object Repository/Make Appointment/Hasil Hospital Readmission' is: 'Yes'

2023-08-25 10:25:34 - [TEST_STEP][PASSED] - hasilHealthCare = getText(findTestObject("Make Appointment/hasil healthcare program")): Text of object 'Object Repository/Make Appointment/hasil healthcare program' is: 'Medicaid'

2023-08-25 10:25:35 - [MESSAGE][PASSED] - Text of object 'Object Repository/Make Appointment/hasil healthcare program' is: 'Medicaid'

2023-08-25 10:25:35 - [TEST_STEP][PASSED] - hasilVisitDate = getText(findTestObject("Make Appointment/Hasil visit date")): Text of object 'Object Repository/Make Appointment/Hasil visit date' is: '26/08/2023'

2023-08-25 10:25:35 - [MESSAGE][PASSED] - Text of object 'Object Repository/Make Appointment/Hasil visit date' is: '26/08/2023'

2023-08-25 10:25:35 - [TEST_STEP][PASSED] - hasilComment = getText(findTestObject("Make Appointment/hasil comment")): Text of object 'Object Repository/Make Appointment/hasil comment' is: 'Riswandha'

2023-08-25 10:25:36 - [MESSAGE][PASSED] - Text of object 'Object Repository/Make Appointment/hasil comment' is: 'Riswandha'

2023-08-25 10:25:36 - [TEST_STEP][PASSED] - assert trim().equalsIgnoreCase(facility.trim()): null

2023-08-25 10:25:36 - [TEST_STEP][PASSED] - assert trim().equalsIgnoreCase(hospital_readmission.trim()): null

2023-08-25 10:25:36 - [TEST_STEP][PASSED] - assert trim().equalsIgnoreCase(health_care_program.trim()): null

2023-08-25 10:25:36 - [TEST_STEP][PASSED] - assert trim().equalsIgnoreCase(visit_date.trim()): null

2023-08-25 10:25:36 - [TEST_STEP][PASSED] - assert trim().equalsIgnoreCase(comment.trim()): null]]></system-out>
         <system-err><![CDATA[]]></system-err>
      </testcase>
      <system-out><![CDATA[2023-08-25 10:24:37 - [TEST_SUITE][PASSED] - Test Suite Appointment: Test Cases/Appointment/Test Case 2.1(versi dinamis)]]></system-out>
      <system-err><![CDATA[]]></system-err>
   </testsuite>
</testsuites>
