<?xml version="1.0" encoding="UTF-8"?>
<testsuites name="All Story Test Suite" time="854.138" tests="31" failures="4" errors="0">
   <testsuite name="All Story Test Suite" tests="31" failures="4" errors="0" time="854.138" skipped="0" timestamp="2023-08-31 13:44:33" hostname="Aslamadin Alvian Haz - DESKTOP-L5FUI4E" id="Test Suites/All Story Test Suite">
      <properties>
         <property name="deviceName" value=""/>
         <property name="devicePlatform" value=""/>
         <property name="logFolder" value="C:\\Users\\Aslamadin Alvian Haz\\Documents\\Batch 324 QA XSIS Academy\\batch-324-qa\\Alvin\\Sauce Demo\\Reports\\20230831_134418\\All Story Test Suite\\20230831_134418"/>
         <property name="logFiles" value="C:\\Users\\Aslamadin Alvian Haz\\Documents\\Batch 324 QA XSIS Academy\\batch-324-qa\\Alvin\\Sauce Demo\\Reports\\20230831_134418\\All Story Test Suite\\20230831_134418\\execution0.log"/>
         <property name="attachments" value="C:\\Users\\Aslamadin Alvian Haz\\Documents\\Batch 324 QA XSIS Academy\\batch-324-qa\\Alvin\\Sauce Demo\\Reports\\20230831_134418\\All Story Test Suite\\20230831_134418\\1693464331185.png, C:\\Users\\Aslamadin Alvian Haz\\Documents\\Batch 324 QA XSIS Academy\\batch-324-qa\\Alvin\\Sauce Demo\\Reports\\20230831_134418\\All Story Test Suite\\20230831_134418\\1693464341514.png, C:\\Users\\Aslamadin Alvian Haz\\Documents\\Batch 324 QA XSIS Academy\\batch-324-qa\\Alvin\\Sauce Demo\\Reports\\20230831_134418\\All Story Test Suite\\20230831_134418\\1693464351646.png, C:\\Users\\Aslamadin Alvian Haz\\Documents\\Batch 324 QA XSIS Academy\\batch-324-qa\\Alvin\\Sauce Demo\\Reports\\20230831_134418\\All Story Test Suite\\20230831_134418\\1693464361703.png, C:\\Users\\Aslamadin Alvian Haz\\Documents\\Batch 324 QA XSIS Academy\\batch-324-qa\\Alvin\\Sauce Demo\\Reports\\20230831_134418\\All Story Test Suite\\20230831_134418\\1693464530188.png, C:\\Users\\Aslamadin Alvian Haz\\Documents\\Batch 324 QA XSIS Academy\\batch-324-qa\\Alvin\\Sauce Demo\\Reports\\20230831_134418\\All Story Test Suite\\20230831_134418\\1693464530376.png, C:\\Users\\Aslamadin Alvian Haz\\Documents\\Batch 324 QA XSIS Academy\\batch-324-qa\\Alvin\\Sauce Demo\\Reports\\20230831_134418\\All Story Test Suite\\20230831_134418\\1693464556514.png, C:\\Users\\Aslamadin Alvian Haz\\Documents\\Batch 324 QA XSIS Academy\\batch-324-qa\\Alvin\\Sauce Demo\\Reports\\20230831_134418\\All Story Test Suite\\20230831_134418\\1693464556709.png, C:\\Users\\Aslamadin Alvian Haz\\Documents\\Batch 324 QA XSIS Academy\\batch-324-qa\\Alvin\\Sauce Demo\\Reports\\20230831_134418\\All Story Test Suite\\20230831_134418\\1693464582268.png, C:\\Users\\Aslamadin Alvian Haz\\Documents\\Batch 324 QA XSIS Academy\\batch-324-qa\\Alvin\\Sauce Demo\\Reports\\20230831_134418\\All Story Test Suite\\20230831_134418\\1693464582459.png, C:\\Users\\Aslamadin Alvian Haz\\Documents\\Batch 324 QA XSIS Academy\\batch-324-qa\\Alvin\\Sauce Demo\\Reports\\20230831_134418\\All Story Test Suite\\20230831_134418\\1693464605272.png, C:\\Users\\Aslamadin Alvian Haz\\Documents\\Batch 324 QA XSIS Academy\\batch-324-qa\\Alvin\\Sauce Demo\\Reports\\20230831_134418\\All Story Test Suite\\20230831_134418\\1693464605474.png, C:\\Users\\Aslamadin Alvian Haz\\Documents\\Batch 324 QA XSIS Academy\\batch-324-qa\\Alvin\\Sauce Demo\\Reports\\20230831_134418\\All Story Test Suite\\20230831_134418\\1693464760786.png, C:\\Users\\Aslamadin Alvian Haz\\Documents\\Batch 324 QA XSIS Academy\\batch-324-qa\\Alvin\\Sauce Demo\\Reports\\20230831_134418\\All Story Test Suite\\20230831_134418\\1693464760947.png, C:\\Users\\Aslamadin Alvian Haz\\Documents\\Batch 324 QA XSIS Academy\\batch-324-qa\\Alvin\\Sauce Demo\\Reports\\20230831_134418\\All Story Test Suite\\20230831_134418\\1693464786889.png, C:\\Users\\Aslamadin Alvian Haz\\Documents\\Batch 324 QA XSIS Academy\\batch-324-qa\\Alvin\\Sauce Demo\\Reports\\20230831_134418\\All Story Test Suite\\20230831_134418\\1693464787058.png, C:\\Users\\Aslamadin Alvian Haz\\Documents\\Batch 324 QA XSIS Academy\\batch-324-qa\\Alvin\\Sauce Demo\\Reports\\20230831_134418\\All Story Test Suite\\20230831_134418\\1693464814589.png, C:\\Users\\Aslamadin Alvian Haz\\Documents\\Batch 324 QA XSIS Academy\\batch-324-qa\\Alvin\\Sauce Demo\\Reports\\20230831_134418\\All Story Test Suite\\20230831_134418\\1693464814770.png, C:\\Users\\Aslamadin Alvian Haz\\Documents\\Batch 324 QA XSIS Academy\\batch-324-qa\\Alvin\\Sauce Demo\\Reports\\20230831_134418\\All Story Test Suite\\20230831_134418\\1693464842136.png, C:\\Users\\Aslamadin Alvian Haz\\Documents\\Batch 324 QA XSIS Academy\\batch-324-qa\\Alvin\\Sauce Demo\\Reports\\20230831_134418\\All Story Test Suite\\20230831_134418\\1693464842292.png, C:\\Users\\Aslamadin Alvian Haz\\Documents\\Batch 324 QA XSIS Academy\\batch-324-qa\\Alvin\\Sauce Demo\\Reports\\20230831_134418\\All Story Test Suite\\20230831_134418\\1693465017776.png, C:\\Users\\Aslamadin Alvian Haz\\Documents\\Batch 324 QA XSIS Academy\\batch-324-qa\\Alvin\\Sauce Demo\\Reports\\20230831_134418\\All Story Test Suite\\20230831_134418\\1693465040473.png, C:\\Users\\Aslamadin Alvian Haz\\Documents\\Batch 324 QA XSIS Academy\\batch-324-qa\\Alvin\\Sauce Demo\\Reports\\20230831_134418\\All Story Test Suite\\20230831_134418\\1693465062810.png, C:\\Users\\Aslamadin Alvian Haz\\Documents\\Batch 324 QA XSIS Academy\\batch-324-qa\\Alvin\\Sauce Demo\\Reports\\20230831_134418\\All Story Test Suite\\20230831_134418\\1693465087320.png"/>
         <property name="hostName" value="Aslamadin Alvian Haz - DESKTOP-L5FUI4E"/>
         <property name="os" value="Windows 10 64bit"/>
         <property name="katalonVersion" value="8.6.5.208"/>
         <property name="browser" value="Edge Chromium 116"/>
         <property name="hostAddress" value="10.9.2.24"/>
         <property name="sessionId" value="f04f34f6d5b97e9f3d9f506264f61022"/>
         <property name="seleniumVersion" value="3.141.59"/>
         <property name="proxyInformation" value="ProxyInformation { proxyOption=NO_PROXY, proxyServerType=HTTP, username=, password=********, proxyServerAddress=, proxyServerPort=0, executionList=&quot;&quot;, isApplyToDesiredCapabilities=true }"/>
         <property name="platform" value="Windows 10"/>
      </properties>
      <testcase name="Test Cases/Login/TC-Login-Success-001" time="17.813" classname="Test Cases/Login/TC-Login-Success-001" status="PASSED">
         <system-out><![CDATA[2023-08-31 13:44:34 - [TEST_CASE][PASSED] - Test Cases/Login/TC-Login-Success-001: Test Cases/Login/TC-Login-Success-001

2023-08-31 13:44:36 - [TEST_STEP][PASSED] - openBrowser(webSauceDemo): Browser is opened with url: 'https://www.saucedemo.com/'

2023-08-31 13:44:37 - [MESSAGE][INFO] - Starting 'Edge Chromium' driver

2023-08-31 13:44:40 - [MESSAGE][INFO] - Action delay is set to 0 milliseconds

2023-08-31 13:44:45 - [MESSAGE][PASSED] - Browser is opened with url: 'https://www.saucedemo.com/'

2023-08-31 13:44:45 - [TEST_STEP][PASSED] - verifyElementPresent(findTestObject("Login Page Object/Swag Labs Text (tanda masuk home)"), 5): Object 'Object Repository/Login Page Object/Swag Labs Text (tanda masuk home)' is present

2023-08-31 13:44:46 - [MESSAGE][PASSED] - Object 'Object Repository/Login Page Object/Swag Labs Text (tanda masuk home)' is present

2023-08-31 13:44:46 - [TEST_STEP][PASSED] - setText(findTestObject("Login Page Object/username login"), username): Text 'standard_user' is set on object 'Object Repository/Login Page Object/username login'

2023-08-31 13:44:47 - [MESSAGE][PASSED] - Text 'standard_user' is set on object 'Object Repository/Login Page Object/username login'

2023-08-31 13:44:47 - [TEST_STEP][PASSED] - setEncryptedText(findTestObject("Login Page Object/password login"), password): Text ****** has been set on object 'Object Repository/Login Page Object/password login'

2023-08-31 13:44:49 - [MESSAGE][PASSED] - Text ****** has been set on object 'Object Repository/Login Page Object/password login'

2023-08-31 13:44:49 - [TEST_STEP][PASSED] - click(findTestObject("Login Page Object/button login")): Object: 'Object Repository/Login Page Object/button login' is clicked on

2023-08-31 13:44:50 - [MESSAGE][PASSED] - Object: 'Object Repository/Login Page Object/button login' is clicked on

2023-08-31 13:44:50 - [TEST_STEP][PASSED] - verifyElementPresent(findTestObject("Product/span_Products"), 5): Object 'Object Repository/Product/span_Products' is present

2023-08-31 13:44:51 - [MESSAGE][PASSED] - Object 'Object Repository/Product/span_Products' is present

2023-08-31 13:44:51 - [TEST_STEP][PASSED] - nameProduct = text: null

2023-08-31 13:44:51 - [TEST_STEP][PASSED] - descProduct = text: null

2023-08-31 13:44:52 - [TEST_STEP][PASSED] - priceProduct = text: null

2023-08-31 13:44:52 - [TEST_STEP][PASSED] - item = new java.util.HashMap(): null

2023-08-31 13:44:52 - [TEST_STEP][PASSED] - item.put("nameProduct", nameProduct): null

2023-08-31 13:44:52 - [TEST_STEP][PASSED] - item.put("descProduct", descProduct): null

2023-08-31 13:44:52 - [TEST_STEP][PASSED] - item.put("priceProduct", priceProduct): null

2023-08-31 13:44:52 - [TEST_STEP][PASSED] - return item: null]]></system-out>
         <system-err><![CDATA[]]></system-err>
      </testcase>
      <testcase name="Test Cases/Login/TC-Login-Locked-001" time="12.857" classname="Test Cases/Login/TC-Login-Locked-001" status="PASSED">
         <system-out><![CDATA[2023-08-31 13:44:52 - [TEST_CASE][PASSED] - Test Cases/Login/TC-Login-Locked-001: Test Cases/Login/TC-Login-Locked-001

2023-08-31 13:44:54 - [TEST_STEP][PASSED] - openBrowser(webSauceDemo): Browser is opened with url: 'https://www.saucedemo.com/'

2023-08-31 13:44:54 - [MESSAGE][WARNING] - A browser is already opened. Closing browser and opening a new one

2023-08-31 13:44:55 - [MESSAGE][INFO] - Starting 'Edge Chromium' driver

2023-08-31 13:44:57 - [MESSAGE][INFO] - Action delay is set to 0 milliseconds

2023-08-31 13:45:01 - [MESSAGE][PASSED] - Browser is opened with url: 'https://www.saucedemo.com/'

2023-08-31 13:45:01 - [TEST_STEP][PASSED] - verifyElementPresent(findTestObject("Login Page Object/Swag Labs Text (tanda masuk home)"), 5): Object 'Object Repository/Login Page Object/Swag Labs Text (tanda masuk home)' is present

2023-08-31 13:45:02 - [MESSAGE][PASSED] - Object 'Object Repository/Login Page Object/Swag Labs Text (tanda masuk home)' is present

2023-08-31 13:45:02 - [TEST_STEP][PASSED] - setText(findTestObject("Login Page Object/username login"), username): Text 'locked_out_user' is set on object 'Object Repository/Login Page Object/username login'

2023-08-31 13:45:03 - [MESSAGE][PASSED] - Text 'locked_out_user' is set on object 'Object Repository/Login Page Object/username login'

2023-08-31 13:45:03 - [TEST_STEP][PASSED] - setEncryptedText(findTestObject("Login Page Object/password login"), password): Text ****** has been set on object 'Object Repository/Login Page Object/password login'

2023-08-31 13:45:03 - [MESSAGE][PASSED] - Text ****** has been set on object 'Object Repository/Login Page Object/password login'

2023-08-31 13:45:03 - [TEST_STEP][PASSED] - click(findTestObject("Login Page Object/button login")): Object: 'Object Repository/Login Page Object/button login' is clicked on

2023-08-31 13:45:04 - [MESSAGE][PASSED] - Object: 'Object Repository/Login Page Object/button login' is clicked on

2023-08-31 13:45:04 - [TEST_STEP][PASSED] - verifyElementPresent(findTestObject("Error message/Login/Epic sadface Sorry, this user has been locked out"), 5): Object 'Object Repository/Error message/Login/Epic sadface Sorry, this user has been locked out' is present

2023-08-31 13:45:05 - [MESSAGE][PASSED] - Object 'Object Repository/Error message/Login/Epic sadface Sorry, this user has been locked out' is present]]></system-out>
         <system-err><![CDATA[]]></system-err>
      </testcase>
      <testcase name="Test Cases/Login/TC-Login-Failed-001" time="14.044" classname="Test Cases/Login/TC-Login-Failed-001" status="PASSED">
         <system-out><![CDATA[2023-08-31 13:45:05 - [TEST_CASE][PASSED] - Test Cases/Login/TC-Login-Failed-001: Test Cases/Login/TC-Login-Failed-001

2023-08-31 13:45:06 - [TEST_STEP][PASSED] - openBrowser(webSauceDemo): Browser is opened with url: 'https://www.saucedemo.com/'

2023-08-31 13:45:06 - [MESSAGE][WARNING] - A browser is already opened. Closing browser and opening a new one

2023-08-31 13:45:07 - [MESSAGE][INFO] - Starting 'Edge Chromium' driver

2023-08-31 13:45:10 - [MESSAGE][INFO] - Action delay is set to 0 milliseconds

2023-08-31 13:45:14 - [MESSAGE][PASSED] - Browser is opened with url: 'https://www.saucedemo.com/'

2023-08-31 13:45:14 - [TEST_STEP][PASSED] - verifyElementPresent(findTestObject("Login Page Object/button login"), 5): Object 'Object Repository/Login Page Object/button login' is present

2023-08-31 13:45:15 - [MESSAGE][PASSED] - Object 'Object Repository/Login Page Object/button login' is present

2023-08-31 13:45:15 - [TEST_STEP][PASSED] - setText(findTestObject("Login Page Object/username login"), username): Text 'dianty' is set on object 'Object Repository/Login Page Object/username login'

2023-08-31 13:45:16 - [MESSAGE][PASSED] - Text 'dianty' is set on object 'Object Repository/Login Page Object/username login'

2023-08-31 13:45:16 - [TEST_STEP][PASSED] - setEncryptedText(findTestObject("Login Page Object/password login"), password): Text ****** has been set on object 'Object Repository/Login Page Object/password login'

2023-08-31 13:45:17 - [MESSAGE][PASSED] - Text ****** has been set on object 'Object Repository/Login Page Object/password login'

2023-08-31 13:45:17 - [TEST_STEP][PASSED] - click(findTestObject("Login Page Object/button login")): Object: 'Object Repository/Login Page Object/button login' is clicked on

2023-08-31 13:45:18 - [MESSAGE][PASSED] - Object: 'Object Repository/Login Page Object/button login' is clicked on

2023-08-31 13:45:18 - [TEST_STEP][PASSED] - verifyElementPresent(findTestObject("Error message/Login/Epic sadface Username and password do not match any user in this service"), 5): Object 'Object Repository/Error message/Login/Epic sadface Username and password do not match any user in this service' is present

2023-08-31 13:45:19 - [MESSAGE][PASSED] - Object 'Object Repository/Error message/Login/Epic sadface Username and password do not match any user in this service' is present]]></system-out>
         <system-err><![CDATA[]]></system-err>
      </testcase>
      <testcase name="Test Cases/Login/TC-Login-Failed-002" time="10.486" classname="Test Cases/Login/TC-Login-Failed-002" status="FAILED">
         <failure type="FAILED" message="Test Cases/Login/TC-Login-Failed-002 FAILED.
Reason:
com.kms.katalon.core.exception.StepFailedException: Unable to verify text 'Login failed! Please ensure the password are valid.' is present 
	at com.kms.katalon.core.webui.keyword.internal.WebUIKeywordMain.stepFailed(WebUIKeywordMain.groovy:64)
	at com.kms.katalon.core.webui.keyword.internal.WebUIKeywordMain.runKeyword(WebUIKeywordMain.groovy:26)
	at com.kms.katalon.core.webui.keyword.builtin.VerifyTextPresentKeyword.verifyTextPresent(VerifyTextPresentKeyword.groovy:83)
	at com.kms.katalon.core.webui.keyword.builtin.VerifyTextPresentKeyword.execute(VerifyTextPresentKeyword.groovy:68)
	at com.kms.katalon.core.keyword.internal.KeywordExecutor.executeKeywordForPlatform(KeywordExecutor.groovy:74)
	at com.kms.katalon.core.webui.keyword.WebUiBuiltInKeywords.verifyTextPresent(WebUiBuiltInKeywords.groovy:1723)
	at com.kms.katalon.core.webui.keyword.WebUiBuiltInKeywords$verifyTextPresent$5.call(Unknown Source)
	at TC-Login-Failed-002.run(TC-Login-Failed-002:26)
	at com.kms.katalon.core.main.ScriptEngine.run(ScriptEngine.java:194)
	at com.kms.katalon.core.main.ScriptEngine.runScriptAsRawText(ScriptEngine.java:119)
	at com.kms.katalon.core.main.TestCaseExecutor.runScript(TestCaseExecutor.java:448)
	at com.kms.katalon.core.main.TestCaseExecutor.doExecute(TestCaseExecutor.java:439)
	at com.kms.katalon.core.main.TestCaseExecutor.processExecutionPhase(TestCaseExecutor.java:418)
	at com.kms.katalon.core.main.TestCaseExecutor.accessMainPhase(TestCaseExecutor.java:410)
	at com.kms.katalon.core.main.TestCaseExecutor.execute(TestCaseExecutor.java:285)
	at com.kms.katalon.core.main.TestCaseExecutor.execute(TestCaseExecutor.java:369)
	at com.kms.katalon.core.main.TestCaseExecutor.execute(TestCaseExecutor.java:369)
	at com.kms.katalon.core.main.TestCaseExecutor.execute(TestCaseExecutor.java:369)
	at com.kms.katalon.core.common.CommonExecutor.accessTestCaseMainPhase(CommonExecutor.java:65)
	at com.kms.katalon.core.main.TestSuiteExecutor.accessTestSuiteMainPhase(TestSuiteExecutor.java:148)
	at com.kms.katalon.core.main.TestSuiteExecutor.execute(TestSuiteExecutor.java:106)
	at com.kms.katalon.core.main.TestCaseMain.startTestSuite(TestCaseMain.java:187)
	at com.kms.katalon.core.main.TestCaseMain$startTestSuite$0.call(Unknown Source)
	at TempTestSuite1693464258738.run(TempTestSuite1693464258738.groovy:36)
Caused by: com.kms.katalon.core.exception.StepFailedException: Text 'Login failed! Please ensure the password are valid.' is not present on page 
	at com.kms.katalon.core.webui.keyword.internal.WebUIKeywordMain.stepFailed(WebUIKeywordMain.groovy:64)
	at com.kms.katalon.core.webui.keyword.builtin.VerifyTextPresentKeyword$_verifyTextPresent_closure1.doCall(VerifyTextPresentKeyword.groovy:79)
	at com.kms.katalon.core.webui.keyword.builtin.VerifyTextPresentKeyword$_verifyTextPresent_closure1.call(VerifyTextPresentKeyword.groovy)
	at com.kms.katalon.core.webui.keyword.internal.WebUIKeywordMain.runKeyword(WebUIKeywordMain.groovy:20)
	... 22 more
"/>
         <system-out><![CDATA[2023-08-31 13:45:52 - [TEST_CASE][FAILED] - Test Cases/Login/TC-Login-Failed-002: Test Cases/Login/TC-Login-Failed-002 FAILED.
Reason:
com.kms.katalon.core.exception.StepFailedException: Unable to verify text 'Login failed! Please ensure the password are valid.' is present 
	at com.kms.katalon.core.webui.keyword.internal.WebUIKeywordMain.stepFailed(WebUIKeywordMain.groovy:64)
	at com.kms.katalon.core.webui.keyword.internal.WebUIKeywordMain.runKeyword(WebUIKeywordMain.groovy:26)
	at com.kms.katalon.core.webui.keyword.builtin.VerifyTextPresentKeyword.verifyTextPresent(VerifyTextPresentKeyword.groovy:83)
	at com.kms.katalon.core.webui.keyword.builtin.VerifyTextPresentKeyword.execute(VerifyTextPresentKeyword.groovy:68)
	at com.kms.katalon.core.keyword.internal.KeywordExecutor.executeKeywordForPlatform(KeywordExecutor.groovy:74)
	at com.kms.katalon.core.webui.keyword.WebUiBuiltInKeywords.verifyTextPresent(WebUiBuiltInKeywords.groovy:1723)
	at com.kms.katalon.core.webui.keyword.WebUiBuiltInKeywords$verifyTextPresent$5.call(Unknown Source)
	at TC-Login-Failed-002.run(TC-Login-Failed-002:26)
	at com.kms.katalon.core.main.ScriptEngine.run(ScriptEngine.java:194)
	at com.kms.katalon.core.main.ScriptEngine.runScriptAsRawText(ScriptEngine.java:119)
	at com.kms.katalon.core.main.TestCaseExecutor.runScript(TestCaseExecutor.java:448)
	at com.kms.katalon.core.main.TestCaseExecutor.doExecute(TestCaseExecutor.java:439)
	at com.kms.katalon.core.main.TestCaseExecutor.processExecutionPhase(TestCaseExecutor.java:418)
	at com.kms.katalon.core.main.TestCaseExecutor.accessMainPhase(TestCaseExecutor.java:410)
	at com.kms.katalon.core.main.TestCaseExecutor.execute(TestCaseExecutor.java:285)
	at com.kms.katalon.core.main.TestCaseExecutor.execute(TestCaseExecutor.java:369)
	at com.kms.katalon.core.main.TestCaseExecutor.execute(TestCaseExecutor.java:369)
	at com.kms.katalon.core.main.TestCaseExecutor.execute(TestCaseExecutor.java:369)
	at com.kms.katalon.core.common.CommonExecutor.accessTestCaseMainPhase(CommonExecutor.java:65)
	at com.kms.katalon.core.main.TestSuiteExecutor.accessTestSuiteMainPhase(TestSuiteExecutor.java:148)
	at com.kms.katalon.core.main.TestSuiteExecutor.execute(TestSuiteExecutor.java:106)
	at com.kms.katalon.core.main.TestCaseMain.startTestSuite(TestCaseMain.java:187)
	at com.kms.katalon.core.main.TestCaseMain$startTestSuite$0.call(Unknown Source)
	at TempTestSuite1693464258738.run(TempTestSuite1693464258738.groovy:36)
Caused by: com.kms.katalon.core.exception.StepFailedException: Text 'Login failed! Please ensure the password are valid.' is not present on page 
	at com.kms.katalon.core.webui.keyword.internal.WebUIKeywordMain.stepFailed(WebUIKeywordMain.groovy:64)
	at com.kms.katalon.core.webui.keyword.builtin.VerifyTextPresentKeyword$_verifyTextPresent_closure1.doCall(VerifyTextPresentKeyword.groovy:79)
	at com.kms.katalon.core.webui.keyword.builtin.VerifyTextPresentKeyword$_verifyTextPresent_closure1.call(VerifyTextPresentKeyword.groovy)
	at com.kms.katalon.core.webui.keyword.internal.WebUIKeywordMain.runKeyword(WebUIKeywordMain.groovy:20)
	... 22 more


2023-08-31 13:45:52 - [TEST_STEP][PASSED] - openBrowser(webSauceDemo): Browser is opened with url: 'https://www.saucedemo.com/'

2023-08-31 13:45:52 - [MESSAGE][WARNING] - A browser is already opened. Closing browser and opening a new one

2023-08-31 13:45:53 - [MESSAGE][INFO] - Starting 'Edge Chromium' driver

2023-08-31 13:45:55 - [MESSAGE][INFO] - Action delay is set to 0 milliseconds

2023-08-31 13:45:59 - [MESSAGE][PASSED] - Browser is opened with url: 'https://www.saucedemo.com/'

2023-08-31 13:45:59 - [TEST_STEP][PASSED] - setText(findTestObject("Login Page Object/username login"), username): Text 'standard_user' is set on object 'Object Repository/Login Page Object/username login'

2023-08-31 13:46:00 - [MESSAGE][PASSED] - Text 'standard_user' is set on object 'Object Repository/Login Page Object/username login'

2023-08-31 13:46:00 - [TEST_STEP][PASSED] - click(findTestObject("Login Page Object/button login")): Object: 'Object Repository/Login Page Object/button login' is clicked on

2023-08-31 13:46:01 - [MESSAGE][PASSED] - Object: 'Object Repository/Login Page Object/button login' is clicked on

2023-08-31 13:46:01 - [TEST_STEP][FAILED] - verifyTextPresent("Login failed! Please ensure the password are valid.", false): Unable to verify text 'Login failed! Please ensure the password are valid.' is present  (Root cause: com.kms.katalon.core.exception.StepFailedException: Unable to verify text 'Login failed! Please ensure the password are valid.' is present 
	at com.kms.katalon.core.webui.keyword.internal.WebUIKeywordMain.stepFailed(WebUIKeywordMain.groovy:64)
	at com.kms.katalon.core.webui.keyword.internal.WebUIKeywordMain.runKeyword(WebUIKeywordMain.groovy:26)
	at com.kms.katalon.core.webui.keyword.builtin.VerifyTextPresentKeyword.verifyTextPresent(VerifyTextPresentKeyword.groovy:83)
	at com.kms.katalon.core.webui.keyword.builtin.VerifyTextPresentKeyword.execute(VerifyTextPresentKeyword.groovy:68)
	at com.kms.katalon.core.keyword.internal.KeywordExecutor.executeKeywordForPlatform(KeywordExecutor.groovy:74)
	at com.kms.katalon.core.webui.keyword.WebUiBuiltInKeywords.verifyTextPresent(WebUiBuiltInKeywords.groovy:1723)
	at com.kms.katalon.core.webui.keyword.WebUiBuiltInKeywords$verifyTextPresent$5.call(Unknown Source)
	at TC-Login-Failed-002.run(TC-Login-Failed-002:26)
	at com.kms.katalon.core.main.ScriptEngine.run(ScriptEngine.java:194)
	at com.kms.katalon.core.main.ScriptEngine.runScriptAsRawText(ScriptEngine.java:119)
	at com.kms.katalon.core.main.TestCaseExecutor.runScript(TestCaseExecutor.java:448)
	at com.kms.katalon.core.main.TestCaseExecutor.doExecute(TestCaseExecutor.java:439)
	at com.kms.katalon.core.main.TestCaseExecutor.processExecutionPhase(TestCaseExecutor.java:418)
	at com.kms.katalon.core.main.TestCaseExecutor.accessMainPhase(TestCaseExecutor.java:410)
	at com.kms.katalon.core.main.TestCaseExecutor.execute(TestCaseExecutor.java:285)
	at com.kms.katalon.core.main.TestCaseExecutor.execute(TestCaseExecutor.java:369)
	at com.kms.katalon.core.main.TestCaseExecutor.execute(TestCaseExecutor.java:369)
	at com.kms.katalon.core.main.TestCaseExecutor.execute(TestCaseExecutor.java:369)
	at com.kms.katalon.core.common.CommonExecutor.accessTestCaseMainPhase(CommonExecutor.java:65)
	at com.kms.katalon.core.main.TestSuiteExecutor.accessTestSuiteMainPhase(TestSuiteExecutor.java:148)
	at com.kms.katalon.core.main.TestSuiteExecutor.execute(TestSuiteExecutor.java:106)
	at com.kms.katalon.core.main.TestCaseMain.startTestSuite(TestCaseMain.java:187)
	at com.kms.katalon.core.main.TestCaseMain$startTestSuite$0.call(Unknown Source)
	at TempTestSuite1693464258738.run(TempTestSuite1693464258738.groovy:36)
Caused by: com.kms.katalon.core.exception.StepFailedException: Text 'Login failed! Please ensure the password are valid.' is not present on page 
	at com.kms.katalon.core.webui.keyword.internal.WebUIKeywordMain.stepFailed(WebUIKeywordMain.groovy:64)
	at com.kms.katalon.core.webui.keyword.builtin.VerifyTextPresentKeyword$_verifyTextPresent_closure1.doCall(VerifyTextPresentKeyword.groovy:79)
	at com.kms.katalon.core.webui.keyword.builtin.VerifyTextPresentKeyword$_verifyTextPresent_closure1.call(VerifyTextPresentKeyword.groovy)
	at com.kms.katalon.core.webui.keyword.internal.WebUIKeywordMain.runKeyword(WebUIKeywordMain.groovy:20)
	... 22 more
)

2023-08-31 13:46:01 - [MESSAGE][FAILED] - Text 'Login failed! Please ensure the password are valid.' is not present on page  (Root cause: com.kms.katalon.core.exception.StepFailedException: Text 'Login failed! Please ensure the password are valid.' is not present on page 
	at com.kms.katalon.core.webui.keyword.internal.WebUIKeywordMain.stepFailed(WebUIKeywordMain.groovy:64)
	at com.kms.katalon.core.webui.keyword.builtin.VerifyTextPresentKeyword$_verifyTextPresent_closure1.doCall(VerifyTextPresentKeyword.groovy:79)
	at com.kms.katalon.core.webui.keyword.builtin.VerifyTextPresentKeyword$_verifyTextPresent_closure1.call(VerifyTextPresentKeyword.groovy)
	at com.kms.katalon.core.webui.keyword.internal.WebUIKeywordMain.runKeyword(WebUIKeywordMain.groovy:20)
	at com.kms.katalon.core.webui.keyword.builtin.VerifyTextPresentKeyword.verifyTextPresent(VerifyTextPresentKeyword.groovy:83)
	at com.kms.katalon.core.webui.keyword.builtin.VerifyTextPresentKeyword.execute(VerifyTextPresentKeyword.groovy:68)
	at com.kms.katalon.core.keyword.internal.KeywordExecutor.executeKeywordForPlatform(KeywordExecutor.groovy:74)
	at com.kms.katalon.core.webui.keyword.WebUiBuiltInKeywords.verifyTextPresent(WebUiBuiltInKeywords.groovy:1723)
	at com.kms.katalon.core.webui.keyword.WebUiBuiltInKeywords$verifyTextPresent$5.call(Unknown Source)
	at TC-Login-Failed-002.run(TC-Login-Failed-002:26)
	at com.kms.katalon.core.main.ScriptEngine.run(ScriptEngine.java:194)
	at com.kms.katalon.core.main.ScriptEngine.runScriptAsRawText(ScriptEngine.java:119)
	at com.kms.katalon.core.main.TestCaseExecutor.runScript(TestCaseExecutor.java:448)
	at com.kms.katalon.core.main.TestCaseExecutor.doExecute(TestCaseExecutor.java:439)
	at com.kms.katalon.core.main.TestCaseExecutor.processExecutionPhase(TestCaseExecutor.java:418)
	at com.kms.katalon.core.main.TestCaseExecutor.accessMainPhase(TestCaseExecutor.java:410)
	at com.kms.katalon.core.main.TestCaseExecutor.execute(TestCaseExecutor.java:285)
	at com.kms.katalon.core.main.TestCaseExecutor.execute(TestCaseExecutor.java:369)
	at com.kms.katalon.core.main.TestCaseExecutor.execute(TestCaseExecutor.java:369)
	at com.kms.katalon.core.main.TestCaseExecutor.execute(TestCaseExecutor.java:369)
	at com.kms.katalon.core.common.CommonExecutor.accessTestCaseMainPhase(CommonExecutor.java:65)
	at com.kms.katalon.core.main.TestSuiteExecutor.accessTestSuiteMainPhase(TestSuiteExecutor.java:148)
	at com.kms.katalon.core.main.TestSuiteExecutor.execute(TestSuiteExecutor.java:106)
	at com.kms.katalon.core.main.TestCaseMain.startTestSuite(TestCaseMain.java:187)
	at com.kms.katalon.core.main.TestCaseMain$startTestSuite$0.call(Unknown Source)
	at TempTestSuite1693464258738.run(TempTestSuite1693464258738.groovy:36)
)

2023-08-31 13:46:02 - [MESSAGE][FAILED] - Unable to verify text 'Login failed! Please ensure the password are valid.' is present  (Root cause: com.kms.katalon.core.exception.StepFailedException: Unable to verify text 'Login failed! Please ensure the password are valid.' is present 
	at com.kms.katalon.core.webui.keyword.internal.WebUIKeywordMain.stepFailed(WebUIKeywordMain.groovy:64)
	at com.kms.katalon.core.webui.keyword.internal.WebUIKeywordMain.runKeyword(WebUIKeywordMain.groovy:26)
	at com.kms.katalon.core.webui.keyword.builtin.VerifyTextPresentKeyword.verifyTextPresent(VerifyTextPresentKeyword.groovy:83)
	at com.kms.katalon.core.webui.keyword.builtin.VerifyTextPresentKeyword.execute(VerifyTextPresentKeyword.groovy:68)
	at com.kms.katalon.core.keyword.internal.KeywordExecutor.executeKeywordForPlatform(KeywordExecutor.groovy:74)
	at com.kms.katalon.core.webui.keyword.WebUiBuiltInKeywords.verifyTextPresent(WebUiBuiltInKeywords.groovy:1723)
	at com.kms.katalon.core.webui.keyword.WebUiBuiltInKeywords$verifyTextPresent$5.call(Unknown Source)
	at TC-Login-Failed-002.run(TC-Login-Failed-002:26)
	at com.kms.katalon.core.main.ScriptEngine.run(ScriptEngine.java:194)
	at com.kms.katalon.core.main.ScriptEngine.runScriptAsRawText(ScriptEngine.java:119)
	at com.kms.katalon.core.main.TestCaseExecutor.runScript(TestCaseExecutor.java:448)
	at com.kms.katalon.core.main.TestCaseExecutor.doExecute(TestCaseExecutor.java:439)
	at com.kms.katalon.core.main.TestCaseExecutor.processExecutionPhase(TestCaseExecutor.java:418)
	at com.kms.katalon.core.main.TestCaseExecutor.accessMainPhase(TestCaseExecutor.java:410)
	at com.kms.katalon.core.main.TestCaseExecutor.execute(TestCaseExecutor.java:285)
	at com.kms.katalon.core.main.TestCaseExecutor.execute(TestCaseExecutor.java:369)
	at com.kms.katalon.core.main.TestCaseExecutor.execute(TestCaseExecutor.java:369)
	at com.kms.katalon.core.main.TestCaseExecutor.execute(TestCaseExecutor.java:369)
	at com.kms.katalon.core.common.CommonExecutor.accessTestCaseMainPhase(CommonExecutor.java:65)
	at com.kms.katalon.core.main.TestSuiteExecutor.accessTestSuiteMainPhase(TestSuiteExecutor.java:148)
	at com.kms.katalon.core.main.TestSuiteExecutor.execute(TestSuiteExecutor.java:106)
	at com.kms.katalon.core.main.TestCaseMain.startTestSuite(TestCaseMain.java:187)
	at com.kms.katalon.core.main.TestCaseMain$startTestSuite$0.call(Unknown Source)
	at TempTestSuite1693464258738.run(TempTestSuite1693464258738.groovy:36)
Caused by: com.kms.katalon.core.exception.StepFailedException: Text 'Login failed! Please ensure the password are valid.' is not present on page 
	at com.kms.katalon.core.webui.keyword.internal.WebUIKeywordMain.stepFailed(WebUIKeywordMain.groovy:64)
	at com.kms.katalon.core.webui.keyword.builtin.VerifyTextPresentKeyword$_verifyTextPresent_closure1.doCall(VerifyTextPresentKeyword.groovy:79)
	at com.kms.katalon.core.webui.keyword.builtin.VerifyTextPresentKeyword$_verifyTextPresent_closure1.call(VerifyTextPresentKeyword.groovy)
	at com.kms.katalon.core.webui.keyword.internal.WebUIKeywordMain.runKeyword(WebUIKeywordMain.groovy:20)
	... 22 more
)
[[ATTACHMENT|C:\\Users\\Aslamadin Alvian Haz\\Documents\\Batch 324 QA XSIS Academy\\batch-324-qa\\Alvin\\Sauce Demo\\Reports\\20230831_134418\\All Story Test Suite\\20230831_134418\\1693464361703.png]]]]></system-out>
         <system-err><![CDATA[2023-08-31 13:45:52 - [TEST_CASE][FAILED] - Test Cases/Login/TC-Login-Failed-002: Test Cases/Login/TC-Login-Failed-002 FAILED.
Reason:
com.kms.katalon.core.exception.StepFailedException: Unable to verify text 'Login failed! Please ensure the password are valid.' is present 
	at com.kms.katalon.core.webui.keyword.internal.WebUIKeywordMain.stepFailed(WebUIKeywordMain.groovy:64)
	at com.kms.katalon.core.webui.keyword.internal.WebUIKeywordMain.runKeyword(WebUIKeywordMain.groovy:26)
	at com.kms.katalon.core.webui.keyword.builtin.VerifyTextPresentKeyword.verifyTextPresent(VerifyTextPresentKeyword.groovy:83)
	at com.kms.katalon.core.webui.keyword.builtin.VerifyTextPresentKeyword.execute(VerifyTextPresentKeyword.groovy:68)
	at com.kms.katalon.core.keyword.internal.KeywordExecutor.executeKeywordForPlatform(KeywordExecutor.groovy:74)
	at com.kms.katalon.core.webui.keyword.WebUiBuiltInKeywords.verifyTextPresent(WebUiBuiltInKeywords.groovy:1723)
	at com.kms.katalon.core.webui.keyword.WebUiBuiltInKeywords$verifyTextPresent$5.call(Unknown Source)
	at TC-Login-Failed-002.run(TC-Login-Failed-002:26)
	at com.kms.katalon.core.main.ScriptEngine.run(ScriptEngine.java:194)
	at com.kms.katalon.core.main.ScriptEngine.runScriptAsRawText(ScriptEngine.java:119)
	at com.kms.katalon.core.main.TestCaseExecutor.runScript(TestCaseExecutor.java:448)
	at com.kms.katalon.core.main.TestCaseExecutor.doExecute(TestCaseExecutor.java:439)
	at com.kms.katalon.core.main.TestCaseExecutor.processExecutionPhase(TestCaseExecutor.java:418)
	at com.kms.katalon.core.main.TestCaseExecutor.accessMainPhase(TestCaseExecutor.java:410)
	at com.kms.katalon.core.main.TestCaseExecutor.execute(TestCaseExecutor.java:285)
	at com.kms.katalon.core.main.TestCaseExecutor.execute(TestCaseExecutor.java:369)
	at com.kms.katalon.core.main.TestCaseExecutor.execute(TestCaseExecutor.java:369)
	at com.kms.katalon.core.main.TestCaseExecutor.execute(TestCaseExecutor.java:369)
	at com.kms.katalon.core.common.CommonExecutor.accessTestCaseMainPhase(CommonExecutor.java:65)
	at com.kms.katalon.core.main.TestSuiteExecutor.accessTestSuiteMainPhase(TestSuiteExecutor.java:148)
	at com.kms.katalon.core.main.TestSuiteExecutor.execute(TestSuiteExecutor.java:106)
	at com.kms.katalon.core.main.TestCaseMain.startTestSuite(TestCaseMain.java:187)
	at com.kms.katalon.core.main.TestCaseMain$startTestSuite$0.call(Unknown Source)
	at TempTestSuite1693464258738.run(TempTestSuite1693464258738.groovy:36)
Caused by: com.kms.katalon.core.exception.StepFailedException: Text 'Login failed! Please ensure the password are valid.' is not present on page 
	at com.kms.katalon.core.webui.keyword.internal.WebUIKeywordMain.stepFailed(WebUIKeywordMain.groovy:64)
	at com.kms.katalon.core.webui.keyword.builtin.VerifyTextPresentKeyword$_verifyTextPresent_closure1.doCall(VerifyTextPresentKeyword.groovy:79)
	at com.kms.katalon.core.webui.keyword.builtin.VerifyTextPresentKeyword$_verifyTextPresent_closure1.call(VerifyTextPresentKeyword.groovy)
	at com.kms.katalon.core.webui.keyword.internal.WebUIKeywordMain.runKeyword(WebUIKeywordMain.groovy:20)
	... 22 more]]></system-err>
      </testcase>
      <testcase name="Test Cases/Login/TC-Login-Failed-003" time="12.392" classname="Test Cases/Login/TC-Login-Failed-003" status="PASSED">
         <system-out><![CDATA[2023-08-31 13:46:02 - [TEST_CASE][PASSED] - Test Cases/Login/TC-Login-Failed-003: Test Cases/Login/TC-Login-Failed-003

2023-08-31 13:46:04 - [TEST_STEP][PASSED] - openBrowser(webSauceDemo): Browser is opened with url: 'https://www.saucedemo.com/'

2023-08-31 13:46:04 - [MESSAGE][WARNING] - A browser is already opened. Closing browser and opening a new one

2023-08-31 13:46:05 - [MESSAGE][INFO] - Starting 'Edge Chromium' driver

2023-08-31 13:46:07 - [MESSAGE][INFO] - Action delay is set to 0 milliseconds

2023-08-31 13:46:12 - [MESSAGE][PASSED] - Browser is opened with url: 'https://www.saucedemo.com/'

2023-08-31 13:46:12 - [TEST_STEP][PASSED] - verifyElementPresent(findTestObject("Login Page Object/Swag Labs Text (tanda masuk home)"), 0): Object 'Object Repository/Login Page Object/Swag Labs Text (tanda masuk home)' is present

2023-08-31 13:46:12 - [MESSAGE][WARNING] - Timeout '0' is invalid. Using default page load timeout: '30'

2023-08-31 13:46:12 - [MESSAGE][PASSED] - Object 'Object Repository/Login Page Object/Swag Labs Text (tanda masuk home)' is present

2023-08-31 13:46:12 - [TEST_STEP][PASSED] - setEncryptedText(findTestObject("Login Page Object/password login"), password): Text ****** has been set on object 'Object Repository/Login Page Object/password login'

2023-08-31 13:46:13 - [MESSAGE][PASSED] - Text ****** has been set on object 'Object Repository/Login Page Object/password login'

2023-08-31 13:46:13 - [TEST_STEP][PASSED] - click(findTestObject("Login Page Object/button login")): Object: 'Object Repository/Login Page Object/button login' is clicked on

2023-08-31 13:46:14 - [MESSAGE][PASSED] - Object: 'Object Repository/Login Page Object/button login' is clicked on

2023-08-31 13:46:14 - [TEST_STEP][PASSED] - verifyElementPresent(findTestObject("Error message/Login/Epic sadface Username is required"), 5): Object 'Object Repository/Error message/Login/Epic sadface Username is required' is present

2023-08-31 13:46:14 - [MESSAGE][PASSED] - Object 'Object Repository/Error message/Login/Epic sadface Username is required' is present]]></system-out>
         <system-err><![CDATA[]]></system-err>
      </testcase>
      <testcase name="Test Cases/Login/TC-Login-Failed-004" time="11.377" classname="Test Cases/Login/TC-Login-Failed-004" status="PASSED">
         <system-out><![CDATA[2023-08-31 13:46:14 - [TEST_CASE][PASSED] - Test Cases/Login/TC-Login-Failed-004: Test Cases/Login/TC-Login-Failed-004

2023-08-31 13:46:16 - [TEST_STEP][PASSED] - openBrowser(webSauceDemo): Browser is opened with url: 'https://www.saucedemo.com/'

2023-08-31 13:46:16 - [MESSAGE][WARNING] - A browser is already opened. Closing browser and opening a new one

2023-08-31 13:46:17 - [MESSAGE][INFO] - Starting 'Edge Chromium' driver

2023-08-31 13:46:19 - [MESSAGE][INFO] - Action delay is set to 0 milliseconds

2023-08-31 13:46:24 - [MESSAGE][PASSED] - Browser is opened with url: 'https://www.saucedemo.com/'

2023-08-31 13:46:24 - [TEST_STEP][PASSED] - verifyElementPresent(findTestObject("Login Page Object/Swag Labs Text (tanda masuk home)"), 5): Object 'Object Repository/Login Page Object/Swag Labs Text (tanda masuk home)' is present

2023-08-31 13:46:24 - [MESSAGE][PASSED] - Object 'Object Repository/Login Page Object/Swag Labs Text (tanda masuk home)' is present

2023-08-31 13:46:24 - [TEST_STEP][PASSED] - click(findTestObject("Login Page Object/button login")): Object: 'Object Repository/Login Page Object/button login' is clicked on

2023-08-31 13:46:25 - [MESSAGE][PASSED] - Object: 'Object Repository/Login Page Object/button login' is clicked on

2023-08-31 13:46:25 - [TEST_STEP][PASSED] - verifyElementPresent(findTestObject("Error message/Login/Epic sadface Username is required"), 5): Object 'Object Repository/Error message/Login/Epic sadface Username is required' is present

2023-08-31 13:46:26 - [MESSAGE][PASSED] - Object 'Object Repository/Error message/Login/Epic sadface Username is required' is present]]></system-out>
         <system-err><![CDATA[]]></system-err>
      </testcase>
      <testcase name="Test Cases/Product/TC-Product-Show-001" time="16.599" classname="Test Cases/Product/TC-Product-Show-001" status="PASSED">
         <system-out><![CDATA[2023-08-31 13:46:26 - [TEST_CASE][PASSED] - Test Cases/Product/TC-Product-Show-001: Test Cases/Product/TC-Product-Show-001

2023-08-31 13:46:27 - [TEST_STEP][PASSED] - callTestCase(findTestCase("Login/TC-Login-Success-001"), ["username":"standard_user", "password":"qcu24s4901FyWDTwXGr6XA=="], STOP_ON_FAILURE): Call Test Case 'Test Cases/Login/TC-Login-Success-001' successfully

2023-08-31 13:46:28 - [TEST_CASE][PASSED] - Test Cases/Login/TC-Login-Success-001: Test Cases/Login/TC-Login-Success-001

2023-08-31 13:46:28 - [TEST_STEP][PASSED] - openBrowser(webSauceDemo): Browser is opened with url: 'https://www.saucedemo.com/'

2023-08-31 13:46:28 - [MESSAGE][WARNING] - A browser is already opened. Closing browser and opening a new one

2023-08-31 13:46:29 - [MESSAGE][INFO] - Starting 'Edge Chromium' driver

2023-08-31 13:46:31 - [MESSAGE][INFO] - Action delay is set to 0 milliseconds

2023-08-31 13:46:36 - [MESSAGE][PASSED] - Browser is opened with url: 'https://www.saucedemo.com/'

2023-08-31 13:46:36 - [TEST_STEP][PASSED] - verifyElementPresent(findTestObject("Login Page Object/Swag Labs Text (tanda masuk home)"), 5): Object 'Object Repository/Login Page Object/Swag Labs Text (tanda masuk home)' is present

2023-08-31 13:46:37 - [MESSAGE][PASSED] - Object 'Object Repository/Login Page Object/Swag Labs Text (tanda masuk home)' is present

2023-08-31 13:46:37 - [TEST_STEP][PASSED] - setText(findTestObject("Login Page Object/username login"), username): Text 'standard_user' is set on object 'Object Repository/Login Page Object/username login'

2023-08-31 13:46:38 - [MESSAGE][PASSED] - Text 'standard_user' is set on object 'Object Repository/Login Page Object/username login'

2023-08-31 13:46:38 - [TEST_STEP][PASSED] - setEncryptedText(findTestObject("Login Page Object/password login"), password): Text ****** has been set on object 'Object Repository/Login Page Object/password login'

2023-08-31 13:46:39 - [MESSAGE][PASSED] - Text ****** has been set on object 'Object Repository/Login Page Object/password login'

2023-08-31 13:46:39 - [TEST_STEP][PASSED] - click(findTestObject("Login Page Object/button login")): Object: 'Object Repository/Login Page Object/button login' is clicked on

2023-08-31 13:46:40 - [MESSAGE][PASSED] - Object: 'Object Repository/Login Page Object/button login' is clicked on

2023-08-31 13:46:40 - [TEST_STEP][PASSED] - verifyElementPresent(findTestObject("Product/span_Products"), 5): Object 'Object Repository/Product/span_Products' is present

2023-08-31 13:46:41 - [MESSAGE][PASSED] - Object 'Object Repository/Product/span_Products' is present

2023-08-31 13:46:41 - [TEST_STEP][PASSED] - nameProduct = text: null

2023-08-31 13:46:41 - [TEST_STEP][PASSED] - descProduct = text: null

2023-08-31 13:46:42 - [TEST_STEP][PASSED] - priceProduct = text: null

2023-08-31 13:46:42 - [TEST_STEP][PASSED] - item = new java.util.HashMap(): null

2023-08-31 13:46:42 - [TEST_STEP][PASSED] - item.put("nameProduct", nameProduct): null

2023-08-31 13:46:42 - [TEST_STEP][PASSED] - item.put("descProduct", descProduct): null

2023-08-31 13:46:42 - [TEST_STEP][PASSED] - item.put("priceProduct", priceProduct): null

2023-08-31 13:46:42 - [TEST_STEP][PASSED] - return item: null

2023-08-31 13:46:42 - [MESSAGE][PASSED] - Call Test Case 'Test Cases/Login/TC-Login-Success-001' successfully]]></system-out>
         <system-err><![CDATA[]]></system-err>
      </testcase>
      <testcase name="Test Cases/Product/TC-Product-Sort-001" time="16.377" classname="Test Cases/Product/TC-Product-Sort-001" status="PASSED">
         <system-out><![CDATA[2023-08-31 13:46:42 - [TEST_CASE][PASSED] - Test Cases/Product/TC-Product-Sort-001: Test Cases/Product/TC-Product-Sort-001

2023-08-31 13:46:44 - [TEST_STEP][PASSED] - callTestCase(findTestCase("Product/TC-Product-Show-001"), [:], STOP_ON_FAILURE): Call Test Case 'Test Cases/Product/TC-Product-Show-001' successfully

2023-08-31 13:46:44 - [TEST_CASE][PASSED] - Test Cases/Product/TC-Product-Show-001: Test Cases/Product/TC-Product-Show-001

2023-08-31 13:46:44 - [TEST_STEP][PASSED] - callTestCase(findTestCase("Login/TC-Login-Success-001"), ["username":"standard_user", "password":"qcu24s4901FyWDTwXGr6XA=="], STOP_ON_FAILURE): Call Test Case 'Test Cases/Login/TC-Login-Success-001' successfully

2023-08-31 13:46:44 - [TEST_CASE][PASSED] - Test Cases/Login/TC-Login-Success-001: Test Cases/Login/TC-Login-Success-001

2023-08-31 13:46:44 - [TEST_STEP][PASSED] - openBrowser(webSauceDemo): Browser is opened with url: 'https://www.saucedemo.com/'

2023-08-31 13:46:44 - [MESSAGE][WARNING] - A browser is already opened. Closing browser and opening a new one

2023-08-31 13:46:45 - [MESSAGE][INFO] - Starting 'Edge Chromium' driver

2023-08-31 13:46:47 - [MESSAGE][INFO] - Action delay is set to 0 milliseconds

2023-08-31 13:46:51 - [MESSAGE][PASSED] - Browser is opened with url: 'https://www.saucedemo.com/'

2023-08-31 13:46:51 - [TEST_STEP][PASSED] - verifyElementPresent(findTestObject("Login Page Object/Swag Labs Text (tanda masuk home)"), 5): Object 'Object Repository/Login Page Object/Swag Labs Text (tanda masuk home)' is present

2023-08-31 13:46:52 - [MESSAGE][PASSED] - Object 'Object Repository/Login Page Object/Swag Labs Text (tanda masuk home)' is present

2023-08-31 13:46:52 - [TEST_STEP][PASSED] - setText(findTestObject("Login Page Object/username login"), username): Text 'standard_user' is set on object 'Object Repository/Login Page Object/username login'

2023-08-31 13:46:53 - [MESSAGE][PASSED] - Text 'standard_user' is set on object 'Object Repository/Login Page Object/username login'

2023-08-31 13:46:53 - [TEST_STEP][PASSED] - setEncryptedText(findTestObject("Login Page Object/password login"), password): Text ****** has been set on object 'Object Repository/Login Page Object/password login'

2023-08-31 13:46:54 - [MESSAGE][PASSED] - Text ****** has been set on object 'Object Repository/Login Page Object/password login'

2023-08-31 13:46:54 - [TEST_STEP][PASSED] - click(findTestObject("Login Page Object/button login")): Object: 'Object Repository/Login Page Object/button login' is clicked on

2023-08-31 13:46:55 - [MESSAGE][PASSED] - Object: 'Object Repository/Login Page Object/button login' is clicked on

2023-08-31 13:46:55 - [TEST_STEP][PASSED] - verifyElementPresent(findTestObject("Product/span_Products"), 5): Object 'Object Repository/Product/span_Products' is present

2023-08-31 13:46:56 - [MESSAGE][PASSED] - Object 'Object Repository/Product/span_Products' is present

2023-08-31 13:46:56 - [TEST_STEP][PASSED] - nameProduct = text: null

2023-08-31 13:46:56 - [TEST_STEP][PASSED] - descProduct = text: null

2023-08-31 13:46:57 - [TEST_STEP][PASSED] - priceProduct = text: null

2023-08-31 13:46:57 - [TEST_STEP][PASSED] - item = new java.util.HashMap(): null

2023-08-31 13:46:57 - [TEST_STEP][PASSED] - item.put("nameProduct", nameProduct): null

2023-08-31 13:46:57 - [TEST_STEP][PASSED] - item.put("descProduct", descProduct): null

2023-08-31 13:46:57 - [TEST_STEP][PASSED] - item.put("priceProduct", priceProduct): null

2023-08-31 13:46:57 - [TEST_STEP][PASSED] - return item: null

2023-08-31 13:46:57 - [MESSAGE][PASSED] - Call Test Case 'Test Cases/Login/TC-Login-Success-001' successfully

2023-08-31 13:46:57 - [MESSAGE][PASSED] - Call Test Case 'Test Cases/Product/TC-Product-Show-001' successfully

2023-08-31 13:46:57 - [TEST_STEP][PASSED] - selectOptionByValue(findTestObject("Product/select_Name (A to Z)Name (Z to A)Price (low to high)Price (high to low)"), option, false): All options with value 'az' are selected in object 'Object Repository/Product/select_Name (A to Z)Name (Z to A)Price (low to high)Price (high to low)' 

2023-08-31 13:46:58 - [MESSAGE][PASSED] - All options with value 'az' are selected in object 'Object Repository/Product/select_Name (A to Z)Name (Z to A)Price (low to high)Price (high to low)' 

2023-08-31 13:46:58 - [TEST_STEP][PASSED] - nameProduct = findWebElements(findTestObject("Object Repository/selector for verify/selector name product"), 5): null

2023-08-31 13:46:59 - [TEST_STEP][PASSED] - arrNameFromUI = []: null

2023-08-31 13:46:59 - [TEST_STEP][PASSED] - arrSortAscName = []: null

2023-08-31 13:46:59 - [TEST_STEP][PASSED] - for ([i = 0, i < nameProduct.size(), (i++)]): null

2023-08-31 13:46:59 - [TEST_STEP][PASSED] - temp = text: null

2023-08-31 13:46:59 - [TEST_STEP][PASSED] - arrNameFromUI[i] = temp: null

2023-08-31 13:46:59 - [TEST_STEP][PASSED] - arrSortAscName[i] = temp: null

2023-08-31 13:46:59 - [TEST_STEP][PASSED] - temp = text: null

2023-08-31 13:46:59 - [TEST_STEP][PASSED] - arrNameFromUI[i] = temp: null

2023-08-31 13:46:59 - [TEST_STEP][PASSED] - arrSortAscName[i] = temp: null

2023-08-31 13:46:59 - [TEST_STEP][PASSED] - temp = text: null

2023-08-31 13:46:59 - [TEST_STEP][PASSED] - arrNameFromUI[i] = temp: null

2023-08-31 13:46:59 - [TEST_STEP][PASSED] - arrSortAscName[i] = temp: null

2023-08-31 13:46:59 - [TEST_STEP][PASSED] - temp = text: null

2023-08-31 13:46:59 - [TEST_STEP][PASSED] - arrNameFromUI[i] = temp: null

2023-08-31 13:46:59 - [TEST_STEP][PASSED] - arrSortAscName[i] = temp: null

2023-08-31 13:46:59 - [TEST_STEP][PASSED] - temp = text: null

2023-08-31 13:46:59 - [TEST_STEP][PASSED] - arrNameFromUI[i] = temp: null

2023-08-31 13:46:59 - [TEST_STEP][PASSED] - arrSortAscName[i] = temp: null

2023-08-31 13:46:59 - [TEST_STEP][PASSED] - temp = text: null

2023-08-31 13:46:59 - [TEST_STEP][PASSED] - arrNameFromUI[i] = temp: null

2023-08-31 13:46:59 - [TEST_STEP][PASSED] - arrSortAscName[i] = temp: null

2023-08-31 13:46:59 - [TEST_STEP][PASSED] - Arrays.sort(arrSortAscName): null

2023-08-31 13:46:59 - [TEST_STEP][PASSED] - assert arrNameFromUI == arrSortAscName: null]]></system-out>
         <system-err><![CDATA[]]></system-err>
      </testcase>
      <testcase name="Test Cases/Product/TC-Product-Sort-002" time="15.65" classname="Test Cases/Product/TC-Product-Sort-002" status="PASSED">
         <system-out><![CDATA[2023-08-31 13:46:59 - [TEST_CASE][PASSED] - Test Cases/Product/TC-Product-Sort-002: Test Cases/Product/TC-Product-Sort-002

2023-08-31 13:47:00 - [TEST_STEP][PASSED] - callTestCase(findTestCase("Product/TC-Product-Show-001"), [:], STOP_ON_FAILURE): Call Test Case 'Test Cases/Product/TC-Product-Show-001' successfully

2023-08-31 13:47:00 - [TEST_CASE][PASSED] - Test Cases/Product/TC-Product-Show-001: Test Cases/Product/TC-Product-Show-001

2023-08-31 13:47:00 - [TEST_STEP][PASSED] - callTestCase(findTestCase("Login/TC-Login-Success-001"), ["username":"standard_user", "password":"qcu24s4901FyWDTwXGr6XA=="], STOP_ON_FAILURE): Call Test Case 'Test Cases/Login/TC-Login-Success-001' successfully

2023-08-31 13:47:00 - [TEST_CASE][PASSED] - Test Cases/Login/TC-Login-Success-001: Test Cases/Login/TC-Login-Success-001

2023-08-31 13:47:00 - [TEST_STEP][PASSED] - openBrowser(webSauceDemo): Browser is opened with url: 'https://www.saucedemo.com/'

2023-08-31 13:47:00 - [MESSAGE][WARNING] - A browser is already opened. Closing browser and opening a new one

2023-08-31 13:47:01 - [MESSAGE][INFO] - Starting 'Edge Chromium' driver

2023-08-31 13:47:03 - [MESSAGE][INFO] - Action delay is set to 0 milliseconds

2023-08-31 13:47:07 - [MESSAGE][PASSED] - Browser is opened with url: 'https://www.saucedemo.com/'

2023-08-31 13:47:07 - [TEST_STEP][PASSED] - verifyElementPresent(findTestObject("Login Page Object/Swag Labs Text (tanda masuk home)"), 5): Object 'Object Repository/Login Page Object/Swag Labs Text (tanda masuk home)' is present

2023-08-31 13:47:08 - [MESSAGE][PASSED] - Object 'Object Repository/Login Page Object/Swag Labs Text (tanda masuk home)' is present

2023-08-31 13:47:08 - [TEST_STEP][PASSED] - setText(findTestObject("Login Page Object/username login"), username): Text 'standard_user' is set on object 'Object Repository/Login Page Object/username login'

2023-08-31 13:47:09 - [MESSAGE][PASSED] - Text 'standard_user' is set on object 'Object Repository/Login Page Object/username login'

2023-08-31 13:47:09 - [TEST_STEP][PASSED] - setEncryptedText(findTestObject("Login Page Object/password login"), password): Text ****** has been set on object 'Object Repository/Login Page Object/password login'

2023-08-31 13:47:09 - [MESSAGE][PASSED] - Text ****** has been set on object 'Object Repository/Login Page Object/password login'

2023-08-31 13:47:09 - [TEST_STEP][PASSED] - click(findTestObject("Login Page Object/button login")): Object: 'Object Repository/Login Page Object/button login' is clicked on

2023-08-31 13:47:11 - [MESSAGE][PASSED] - Object: 'Object Repository/Login Page Object/button login' is clicked on

2023-08-31 13:47:11 - [TEST_STEP][PASSED] - verifyElementPresent(findTestObject("Product/span_Products"), 5): Object 'Object Repository/Product/span_Products' is present

2023-08-31 13:47:12 - [MESSAGE][PASSED] - Object 'Object Repository/Product/span_Products' is present

2023-08-31 13:47:12 - [TEST_STEP][PASSED] - nameProduct = text: null

2023-08-31 13:47:12 - [TEST_STEP][PASSED] - descProduct = text: null

2023-08-31 13:47:12 - [TEST_STEP][PASSED] - priceProduct = text: null

2023-08-31 13:47:13 - [TEST_STEP][PASSED] - item = new java.util.HashMap(): null

2023-08-31 13:47:13 - [TEST_STEP][PASSED] - item.put("nameProduct", nameProduct): null

2023-08-31 13:47:13 - [TEST_STEP][PASSED] - item.put("descProduct", descProduct): null

2023-08-31 13:47:13 - [TEST_STEP][PASSED] - item.put("priceProduct", priceProduct): null

2023-08-31 13:47:13 - [TEST_STEP][PASSED] - return item: null

2023-08-31 13:47:13 - [MESSAGE][PASSED] - Call Test Case 'Test Cases/Login/TC-Login-Success-001' successfully

2023-08-31 13:47:13 - [MESSAGE][PASSED] - Call Test Case 'Test Cases/Product/TC-Product-Show-001' successfully

2023-08-31 13:47:13 - [TEST_STEP][PASSED] - selectOptionByValue(findTestObject("Product/select_Name (A to Z)Name (Z to A)Price (low to high)Price (high to low)"), "za", false): All options with value 'za' are selected in object 'Object Repository/Product/select_Name (A to Z)Name (Z to A)Price (low to high)Price (high to low)' 

2023-08-31 13:47:14 - [MESSAGE][PASSED] - All options with value 'za' are selected in object 'Object Repository/Product/select_Name (A to Z)Name (Z to A)Price (low to high)Price (high to low)' 

2023-08-31 13:47:14 - [TEST_STEP][PASSED] - nameProduct = findWebElements(findTestObject("Object Repository/selector for verify/selector name product"), 5): null

2023-08-31 13:47:14 - [TEST_STEP][PASSED] - arrNameProduct = []: null

2023-08-31 13:47:14 - [TEST_STEP][PASSED] - arrNameProductDesc = []: null

2023-08-31 13:47:14 - [TEST_STEP][PASSED] - for ([i = 0, i < nameProduct.size(), (i++)]): null

2023-08-31 13:47:14 - [TEST_STEP][PASSED] - temp = text: null

2023-08-31 13:47:14 - [TEST_STEP][PASSED] - arrNameProduct[i] = temp: null

2023-08-31 13:47:14 - [TEST_STEP][PASSED] - arrNameProductDesc[i] = temp: null

2023-08-31 13:47:14 - [TEST_STEP][PASSED] - temp = text: null

2023-08-31 13:47:14 - [TEST_STEP][PASSED] - arrNameProduct[i] = temp: null

2023-08-31 13:47:14 - [TEST_STEP][PASSED] - arrNameProductDesc[i] = temp: null

2023-08-31 13:47:14 - [TEST_STEP][PASSED] - temp = text: null

2023-08-31 13:47:14 - [TEST_STEP][PASSED] - arrNameProduct[i] = temp: null

2023-08-31 13:47:14 - [TEST_STEP][PASSED] - arrNameProductDesc[i] = temp: null

2023-08-31 13:47:14 - [TEST_STEP][PASSED] - temp = text: null

2023-08-31 13:47:14 - [TEST_STEP][PASSED] - arrNameProduct[i] = temp: null

2023-08-31 13:47:14 - [TEST_STEP][PASSED] - arrNameProductDesc[i] = temp: null

2023-08-31 13:47:14 - [TEST_STEP][PASSED] - temp = text: null

2023-08-31 13:47:14 - [TEST_STEP][PASSED] - arrNameProduct[i] = temp: null

2023-08-31 13:47:14 - [TEST_STEP][PASSED] - arrNameProductDesc[i] = temp: null

2023-08-31 13:47:14 - [TEST_STEP][PASSED] - temp = text: null

2023-08-31 13:47:14 - [TEST_STEP][PASSED] - arrNameProduct[i] = temp: null

2023-08-31 13:47:14 - [TEST_STEP][PASSED] - arrNameProductDesc[i] = temp: null

2023-08-31 13:47:14 - [TEST_STEP][PASSED] - Arrays.sort(arrNameProductDesc, Collections.reverseOrder()): null

2023-08-31 13:47:14 - [TEST_STEP][PASSED] - assert arrNameProduct == arrNameProductDesc: null]]></system-out>
         <system-err><![CDATA[]]></system-err>
      </testcase>
      <testcase name="Test Cases/Product/TC-Product-Sort-003" time="15.117" classname="Test Cases/Product/TC-Product-Sort-003" status="PASSED">
         <system-out><![CDATA[2023-08-31 13:47:14 - [TEST_CASE][PASSED] - Test Cases/Product/TC-Product-Sort-003: Test Cases/Product/TC-Product-Sort-003

2023-08-31 13:47:15 - [TEST_STEP][PASSED] - callTestCase(findTestCase("Product/TC-Product-Show-001"), [:], STOP_ON_FAILURE): Call Test Case 'Test Cases/Product/TC-Product-Show-001' successfully

2023-08-31 13:47:16 - [TEST_CASE][PASSED] - Test Cases/Product/TC-Product-Show-001: Test Cases/Product/TC-Product-Show-001

2023-08-31 13:47:16 - [TEST_STEP][PASSED] - callTestCase(findTestCase("Login/TC-Login-Success-001"), ["username":"standard_user", "password":"qcu24s4901FyWDTwXGr6XA=="], STOP_ON_FAILURE): Call Test Case 'Test Cases/Login/TC-Login-Success-001' successfully

2023-08-31 13:47:16 - [TEST_CASE][PASSED] - Test Cases/Login/TC-Login-Success-001: Test Cases/Login/TC-Login-Success-001

2023-08-31 13:47:16 - [TEST_STEP][PASSED] - openBrowser(webSauceDemo): Browser is opened with url: 'https://www.saucedemo.com/'

2023-08-31 13:47:16 - [MESSAGE][WARNING] - A browser is already opened. Closing browser and opening a new one

2023-08-31 13:47:17 - [MESSAGE][INFO] - Starting 'Edge Chromium' driver

2023-08-31 13:47:19 - [MESSAGE][INFO] - Action delay is set to 0 milliseconds

2023-08-31 13:47:22 - [MESSAGE][PASSED] - Browser is opened with url: 'https://www.saucedemo.com/'

2023-08-31 13:47:22 - [TEST_STEP][PASSED] - verifyElementPresent(findTestObject("Login Page Object/Swag Labs Text (tanda masuk home)"), 5): Object 'Object Repository/Login Page Object/Swag Labs Text (tanda masuk home)' is present

2023-08-31 13:47:23 - [MESSAGE][PASSED] - Object 'Object Repository/Login Page Object/Swag Labs Text (tanda masuk home)' is present

2023-08-31 13:47:23 - [TEST_STEP][PASSED] - setText(findTestObject("Login Page Object/username login"), username): Text 'standard_user' is set on object 'Object Repository/Login Page Object/username login'

2023-08-31 13:47:24 - [MESSAGE][PASSED] - Text 'standard_user' is set on object 'Object Repository/Login Page Object/username login'

2023-08-31 13:47:24 - [TEST_STEP][PASSED] - setEncryptedText(findTestObject("Login Page Object/password login"), password): Text ****** has been set on object 'Object Repository/Login Page Object/password login'

2023-08-31 13:47:25 - [MESSAGE][PASSED] - Text ****** has been set on object 'Object Repository/Login Page Object/password login'

2023-08-31 13:47:25 - [TEST_STEP][PASSED] - click(findTestObject("Login Page Object/button login")): Object: 'Object Repository/Login Page Object/button login' is clicked on

2023-08-31 13:47:26 - [MESSAGE][PASSED] - Object: 'Object Repository/Login Page Object/button login' is clicked on

2023-08-31 13:47:26 - [TEST_STEP][PASSED] - verifyElementPresent(findTestObject("Product/span_Products"), 5): Object 'Object Repository/Product/span_Products' is present

2023-08-31 13:47:27 - [MESSAGE][PASSED] - Object 'Object Repository/Product/span_Products' is present

2023-08-31 13:47:27 - [TEST_STEP][PASSED] - nameProduct = text: null

2023-08-31 13:47:27 - [TEST_STEP][PASSED] - descProduct = text: null

2023-08-31 13:47:28 - [TEST_STEP][PASSED] - priceProduct = text: null

2023-08-31 13:47:28 - [TEST_STEP][PASSED] - item = new java.util.HashMap(): null

2023-08-31 13:47:28 - [TEST_STEP][PASSED] - item.put("nameProduct", nameProduct): null

2023-08-31 13:47:28 - [TEST_STEP][PASSED] - item.put("descProduct", descProduct): null

2023-08-31 13:47:28 - [TEST_STEP][PASSED] - item.put("priceProduct", priceProduct): null

2023-08-31 13:47:28 - [TEST_STEP][PASSED] - return item: null

2023-08-31 13:47:28 - [MESSAGE][PASSED] - Call Test Case 'Test Cases/Login/TC-Login-Success-001' successfully

2023-08-31 13:47:28 - [MESSAGE][PASSED] - Call Test Case 'Test Cases/Product/TC-Product-Show-001' successfully

2023-08-31 13:47:28 - [TEST_STEP][PASSED] - selectOptionByValue(findTestObject("Product/select_Name (A to Z)Name (Z to A)Price (low to high)Price (high to low)"), "lohi", false): All options with value 'lohi' are selected in object 'Object Repository/Product/select_Name (A to Z)Name (Z to A)Price (low to high)Price (high to low)' 

2023-08-31 13:47:29 - [MESSAGE][PASSED] - All options with value 'lohi' are selected in object 'Object Repository/Product/select_Name (A to Z)Name (Z to A)Price (low to high)Price (high to low)' 

2023-08-31 13:47:29 - [TEST_STEP][PASSED] - priceProduct = findWebElements(findTestObject("Object Repository/selector for verify/selector price product"), 10): null

2023-08-31 13:47:29 - [TEST_STEP][PASSED] - arrPriceProduct = []: null

2023-08-31 13:47:29 - [TEST_STEP][PASSED] - arrPriceProductAsc = []: null

2023-08-31 13:47:29 - [TEST_STEP][PASSED] - for ([i = 0, i < priceProduct.size(), (i++)]): null

2023-08-31 13:47:29 - [TEST_STEP][PASSED] - temp = Double.parseDouble(text.replace("$", "")): null

2023-08-31 13:47:29 - [TEST_STEP][PASSED] - arrPriceProduct[i] = temp: null

2023-08-31 13:47:29 - [TEST_STEP][PASSED] - arrPriceProductAsc[i] = temp: null

2023-08-31 13:47:29 - [TEST_STEP][PASSED] - temp = Double.parseDouble(text.replace("$", "")): null

2023-08-31 13:47:30 - [TEST_STEP][PASSED] - arrPriceProduct[i] = temp: null

2023-08-31 13:47:30 - [TEST_STEP][PASSED] - arrPriceProductAsc[i] = temp: null

2023-08-31 13:47:30 - [TEST_STEP][PASSED] - temp = Double.parseDouble(text.replace("$", "")): null

2023-08-31 13:47:30 - [TEST_STEP][PASSED] - arrPriceProduct[i] = temp: null

2023-08-31 13:47:30 - [TEST_STEP][PASSED] - arrPriceProductAsc[i] = temp: null

2023-08-31 13:47:30 - [TEST_STEP][PASSED] - temp = Double.parseDouble(text.replace("$", "")): null

2023-08-31 13:47:30 - [TEST_STEP][PASSED] - arrPriceProduct[i] = temp: null

2023-08-31 13:47:30 - [TEST_STEP][PASSED] - arrPriceProductAsc[i] = temp: null

2023-08-31 13:47:30 - [TEST_STEP][PASSED] - temp = Double.parseDouble(text.replace("$", "")): null

2023-08-31 13:47:30 - [TEST_STEP][PASSED] - arrPriceProduct[i] = temp: null

2023-08-31 13:47:30 - [TEST_STEP][PASSED] - arrPriceProductAsc[i] = temp: null

2023-08-31 13:47:30 - [TEST_STEP][PASSED] - temp = Double.parseDouble(text.replace("$", "")): null

2023-08-31 13:47:30 - [TEST_STEP][PASSED] - arrPriceProduct[i] = temp: null

2023-08-31 13:47:30 - [TEST_STEP][PASSED] - arrPriceProductAsc[i] = temp: null

2023-08-31 13:47:30 - [TEST_STEP][PASSED] - Arrays.sort(arrPriceProductAsc): null

2023-08-31 13:47:30 - [TEST_STEP][PASSED] - assert arrPriceProduct == arrPriceProductAsc: null]]></system-out>
         <system-err><![CDATA[]]></system-err>
      </testcase>
      <testcase name="Test Cases/Product/TC-Product-Sort-004" time="17.343" classname="Test Cases/Product/TC-Product-Sort-004" status="PASSED">
         <system-out><![CDATA[2023-08-31 13:47:30 - [TEST_CASE][PASSED] - Test Cases/Product/TC-Product-Sort-004: Test Cases/Product/TC-Product-Sort-004

2023-08-31 13:47:31 - [TEST_STEP][PASSED] - callTestCase(findTestCase("Product/TC-Product-Show-001"), [:], STOP_ON_FAILURE): Call Test Case 'Test Cases/Product/TC-Product-Show-001' successfully

2023-08-31 13:47:31 - [TEST_CASE][PASSED] - Test Cases/Product/TC-Product-Show-001: Test Cases/Product/TC-Product-Show-001

2023-08-31 13:47:31 - [TEST_STEP][PASSED] - callTestCase(findTestCase("Login/TC-Login-Success-001"), ["username":"standard_user", "password":"qcu24s4901FyWDTwXGr6XA=="], STOP_ON_FAILURE): Call Test Case 'Test Cases/Login/TC-Login-Success-001' successfully

2023-08-31 13:47:31 - [TEST_CASE][PASSED] - Test Cases/Login/TC-Login-Success-001: Test Cases/Login/TC-Login-Success-001

2023-08-31 13:47:31 - [TEST_STEP][PASSED] - openBrowser(webSauceDemo): Browser is opened with url: 'https://www.saucedemo.com/'

2023-08-31 13:47:31 - [MESSAGE][WARNING] - A browser is already opened. Closing browser and opening a new one

2023-08-31 13:47:32 - [MESSAGE][INFO] - Starting 'Edge Chromium' driver

2023-08-31 13:47:34 - [MESSAGE][INFO] - Action delay is set to 0 milliseconds

2023-08-31 13:47:39 - [MESSAGE][PASSED] - Browser is opened with url: 'https://www.saucedemo.com/'

2023-08-31 13:47:39 - [TEST_STEP][PASSED] - verifyElementPresent(findTestObject("Login Page Object/Swag Labs Text (tanda masuk home)"), 5): Object 'Object Repository/Login Page Object/Swag Labs Text (tanda masuk home)' is present

2023-08-31 13:47:39 - [MESSAGE][PASSED] - Object 'Object Repository/Login Page Object/Swag Labs Text (tanda masuk home)' is present

2023-08-31 13:47:39 - [TEST_STEP][PASSED] - setText(findTestObject("Login Page Object/username login"), username): Text 'standard_user' is set on object 'Object Repository/Login Page Object/username login'

2023-08-31 13:47:41 - [MESSAGE][PASSED] - Text 'standard_user' is set on object 'Object Repository/Login Page Object/username login'

2023-08-31 13:47:41 - [TEST_STEP][PASSED] - setEncryptedText(findTestObject("Login Page Object/password login"), password): Text ****** has been set on object 'Object Repository/Login Page Object/password login'

2023-08-31 13:47:42 - [MESSAGE][PASSED] - Text ****** has been set on object 'Object Repository/Login Page Object/password login'

2023-08-31 13:47:42 - [TEST_STEP][PASSED] - click(findTestObject("Login Page Object/button login")): Object: 'Object Repository/Login Page Object/button login' is clicked on

2023-08-31 13:47:43 - [MESSAGE][PASSED] - Object: 'Object Repository/Login Page Object/button login' is clicked on

2023-08-31 13:47:43 - [TEST_STEP][PASSED] - verifyElementPresent(findTestObject("Product/span_Products"), 5): Object 'Object Repository/Product/span_Products' is present

2023-08-31 13:47:44 - [MESSAGE][PASSED] - Object 'Object Repository/Product/span_Products' is present

2023-08-31 13:47:44 - [TEST_STEP][PASSED] - nameProduct = text: null

2023-08-31 13:47:44 - [TEST_STEP][PASSED] - descProduct = text: null

2023-08-31 13:47:45 - [TEST_STEP][PASSED] - priceProduct = text: null

2023-08-31 13:47:45 - [TEST_STEP][PASSED] - item = new java.util.HashMap(): null

2023-08-31 13:47:45 - [TEST_STEP][PASSED] - item.put("nameProduct", nameProduct): null

2023-08-31 13:47:45 - [TEST_STEP][PASSED] - item.put("descProduct", descProduct): null

2023-08-31 13:47:45 - [TEST_STEP][PASSED] - item.put("priceProduct", priceProduct): null

2023-08-31 13:47:45 - [TEST_STEP][PASSED] - return item: null

2023-08-31 13:47:45 - [MESSAGE][PASSED] - Call Test Case 'Test Cases/Login/TC-Login-Success-001' successfully

2023-08-31 13:47:45 - [MESSAGE][PASSED] - Call Test Case 'Test Cases/Product/TC-Product-Show-001' successfully

2023-08-31 13:47:45 - [TEST_STEP][PASSED] - selectOptionByValue(findTestObject("Product/select_Name (A to Z)Name (Z to A)Price (low to high)Price (high to low)"), "hilo", false): All options with value 'hilo' are selected in object 'Object Repository/Product/select_Name (A to Z)Name (Z to A)Price (low to high)Price (high to low)' 

2023-08-31 13:47:46 - [MESSAGE][PASSED] - All options with value 'hilo' are selected in object 'Object Repository/Product/select_Name (A to Z)Name (Z to A)Price (low to high)Price (high to low)' 

2023-08-31 13:47:46 - [TEST_STEP][PASSED] - priceProduct = findWebElements(findTestObject("Object Repository/selector for verify/selector price product"), 10): null

2023-08-31 13:47:47 - [TEST_STEP][PASSED] - arrPriceProduct = []: null

2023-08-31 13:47:47 - [TEST_STEP][PASSED] - arrPriceProductDesc = []: null

2023-08-31 13:47:47 - [TEST_STEP][PASSED] - for ([i = 0, i < priceProduct.size(), (i++)]): null

2023-08-31 13:47:47 - [TEST_STEP][PASSED] - temp = Double.parseDouble(text.replace("$", "")): null

2023-08-31 13:47:47 - [TEST_STEP][PASSED] - arrPriceProduct[i] = temp: null

2023-08-31 13:47:47 - [TEST_STEP][PASSED] - arrPriceProductDesc[i] = temp: null

2023-08-31 13:47:47 - [TEST_STEP][PASSED] - temp = Double.parseDouble(text.replace("$", "")): null

2023-08-31 13:47:47 - [TEST_STEP][PASSED] - arrPriceProduct[i] = temp: null

2023-08-31 13:47:47 - [TEST_STEP][PASSED] - arrPriceProductDesc[i] = temp: null

2023-08-31 13:47:47 - [TEST_STEP][PASSED] - temp = Double.parseDouble(text.replace("$", "")): null

2023-08-31 13:47:47 - [TEST_STEP][PASSED] - arrPriceProduct[i] = temp: null

2023-08-31 13:47:47 - [TEST_STEP][PASSED] - arrPriceProductDesc[i] = temp: null

2023-08-31 13:47:47 - [TEST_STEP][PASSED] - temp = Double.parseDouble(text.replace("$", "")): null

2023-08-31 13:47:47 - [TEST_STEP][PASSED] - arrPriceProduct[i] = temp: null

2023-08-31 13:47:47 - [TEST_STEP][PASSED] - arrPriceProductDesc[i] = temp: null

2023-08-31 13:47:47 - [TEST_STEP][PASSED] - temp = Double.parseDouble(text.replace("$", "")): null

2023-08-31 13:47:47 - [TEST_STEP][PASSED] - arrPriceProduct[i] = temp: null

2023-08-31 13:47:47 - [TEST_STEP][PASSED] - arrPriceProductDesc[i] = temp: null

2023-08-31 13:47:47 - [TEST_STEP][PASSED] - temp = Double.parseDouble(text.replace("$", "")): null

2023-08-31 13:47:47 - [TEST_STEP][PASSED] - arrPriceProduct[i] = temp: null

2023-08-31 13:47:47 - [TEST_STEP][PASSED] - arrPriceProductDesc[i] = temp: null

2023-08-31 13:47:47 - [TEST_STEP][PASSED] - Arrays.sort(arrPriceProductDesc, Collections.reverseOrder()): null

2023-08-31 13:47:47 - [TEST_STEP][PASSED] - assert arrPriceProduct == arrPriceProductDesc: null]]></system-out>
         <system-err><![CDATA[]]></system-err>
      </testcase>
      <testcase name="Test Cases/Product/TC-Product-AddCart-001" time="18.151" classname="Test Cases/Product/TC-Product-AddCart-001" status="PASSED">
         <system-out><![CDATA[2023-08-31 13:47:47 - [TEST_CASE][PASSED] - Test Cases/Product/TC-Product-AddCart-001: Test Cases/Product/TC-Product-AddCart-001

2023-08-31 13:47:48 - [TEST_STEP][PASSED] - callTestCase(findTestCase("Product/TC-Product-Show-001"), [:], STOP_ON_FAILURE): Call Test Case 'Test Cases/Product/TC-Product-Show-001' successfully

2023-08-31 13:47:48 - [TEST_CASE][PASSED] - Test Cases/Product/TC-Product-Show-001: Test Cases/Product/TC-Product-Show-001

2023-08-31 13:47:48 - [TEST_STEP][PASSED] - callTestCase(findTestCase("Login/TC-Login-Success-001"), ["username":"standard_user", "password":"qcu24s4901FyWDTwXGr6XA=="], STOP_ON_FAILURE): Call Test Case 'Test Cases/Login/TC-Login-Success-001' successfully

2023-08-31 13:47:48 - [TEST_CASE][PASSED] - Test Cases/Login/TC-Login-Success-001: Test Cases/Login/TC-Login-Success-001

2023-08-31 13:47:48 - [TEST_STEP][PASSED] - openBrowser(webSauceDemo): Browser is opened with url: 'https://www.saucedemo.com/'

2023-08-31 13:47:48 - [MESSAGE][WARNING] - A browser is already opened. Closing browser and opening a new one

2023-08-31 13:47:49 - [MESSAGE][INFO] - Starting 'Edge Chromium' driver

2023-08-31 13:47:51 - [MESSAGE][INFO] - Action delay is set to 0 milliseconds

2023-08-31 13:47:55 - [MESSAGE][PASSED] - Browser is opened with url: 'https://www.saucedemo.com/'

2023-08-31 13:47:55 - [TEST_STEP][PASSED] - verifyElementPresent(findTestObject("Login Page Object/Swag Labs Text (tanda masuk home)"), 5): Object 'Object Repository/Login Page Object/Swag Labs Text (tanda masuk home)' is present

2023-08-31 13:47:56 - [MESSAGE][PASSED] - Object 'Object Repository/Login Page Object/Swag Labs Text (tanda masuk home)' is present

2023-08-31 13:47:56 - [TEST_STEP][PASSED] - setText(findTestObject("Login Page Object/username login"), username): Text 'standard_user' is set on object 'Object Repository/Login Page Object/username login'

2023-08-31 13:47:57 - [MESSAGE][PASSED] - Text 'standard_user' is set on object 'Object Repository/Login Page Object/username login'

2023-08-31 13:47:57 - [TEST_STEP][PASSED] - setEncryptedText(findTestObject("Login Page Object/password login"), password): Text ****** has been set on object 'Object Repository/Login Page Object/password login'

2023-08-31 13:47:58 - [MESSAGE][PASSED] - Text ****** has been set on object 'Object Repository/Login Page Object/password login'

2023-08-31 13:47:58 - [TEST_STEP][PASSED] - click(findTestObject("Login Page Object/button login")): Object: 'Object Repository/Login Page Object/button login' is clicked on

2023-08-31 13:47:59 - [MESSAGE][PASSED] - Object: 'Object Repository/Login Page Object/button login' is clicked on

2023-08-31 13:47:59 - [TEST_STEP][PASSED] - verifyElementPresent(findTestObject("Product/span_Products"), 5): Object 'Object Repository/Product/span_Products' is present

2023-08-31 13:48:00 - [MESSAGE][PASSED] - Object 'Object Repository/Product/span_Products' is present

2023-08-31 13:48:00 - [TEST_STEP][PASSED] - nameProduct = text: null

2023-08-31 13:48:01 - [TEST_STEP][PASSED] - descProduct = text: null

2023-08-31 13:48:01 - [TEST_STEP][PASSED] - priceProduct = text: null

2023-08-31 13:48:02 - [TEST_STEP][PASSED] - item = new java.util.HashMap(): null

2023-08-31 13:48:02 - [TEST_STEP][PASSED] - item.put("nameProduct", nameProduct): null

2023-08-31 13:48:02 - [TEST_STEP][PASSED] - item.put("descProduct", descProduct): null

2023-08-31 13:48:02 - [TEST_STEP][PASSED] - item.put("priceProduct", priceProduct): null

2023-08-31 13:48:02 - [TEST_STEP][PASSED] - return item: null

2023-08-31 13:48:02 - [MESSAGE][PASSED] - Call Test Case 'Test Cases/Login/TC-Login-Success-001' successfully

2023-08-31 13:48:02 - [MESSAGE][PASSED] - Call Test Case 'Test Cases/Product/TC-Product-Show-001' successfully

2023-08-31 13:48:02 - [TEST_STEP][PASSED] - nameProduct = text: null

2023-08-31 13:48:03 - [TEST_STEP][PASSED] - descProduct = text: null

2023-08-31 13:48:03 - [TEST_STEP][PASSED] - priceProduct = text: null

2023-08-31 13:48:04 - [TEST_STEP][PASSED] - dataProduct = new java.util.HashMap(): null

2023-08-31 13:48:04 - [TEST_STEP][PASSED] - dataProduct.put("nameProduct", nameProduct): null

2023-08-31 13:48:04 - [TEST_STEP][PASSED] - dataProduct.put("descProduct", descProduct): null

2023-08-31 13:48:04 - [TEST_STEP][PASSED] - dataProduct.put("priceProduct", priceProduct): null

2023-08-31 13:48:04 - [TEST_STEP][PASSED] - click(findTestObject("Product/button add to cart backpack")): Object: 'Object Repository/Product/button add to cart backpack' is clicked on

2023-08-31 13:48:04 - [MESSAGE][PASSED] - Object: 'Object Repository/Product/button add to cart backpack' is clicked on

2023-08-31 13:48:04 - [TEST_STEP][PASSED] - verifyElementPresent(findTestObject("selector for verify/button remove item pos 1"), 5): Object 'Object Repository/selector for verify/button remove item pos 1' is present

2023-08-31 13:48:05 - [MESSAGE][PASSED] - Object 'Object Repository/selector for verify/button remove item pos 1' is present

2023-08-31 13:48:05 - [TEST_STEP][PASSED] - verifyElementPresent(findTestObject("selector for verify/verify jumlah item 1 (cart)"), 5): Object 'Object Repository/selector for verify/verify jumlah item 1 (cart)' is present

2023-08-31 13:48:05 - [MESSAGE][PASSED] - Object 'Object Repository/selector for verify/verify jumlah item 1 (cart)' is present

2023-08-31 13:48:05 - [TEST_STEP][PASSED] - return dataProduct: null]]></system-out>
         <system-err><![CDATA[]]></system-err>
      </testcase>
      <testcase name="Test Cases/Product/TC-Product-AddCart-002" time="20.514" classname="Test Cases/Product/TC-Product-AddCart-002" status="PASSED">
         <system-out><![CDATA[2023-08-31 13:48:05 - [TEST_CASE][PASSED] - Test Cases/Product/TC-Product-AddCart-002: Test Cases/Product/TC-Product-AddCart-002

2023-08-31 13:48:06 - [TEST_STEP][PASSED] - itemProduct = callTestCase(findTestCase("Product/TC-Product-AddCart-001"), [:], STOP_ON_FAILURE): Call Test Case 'Test Cases/Product/TC-Product-AddCart-001' successfully

2023-08-31 13:48:06 - [TEST_CASE][PASSED] - Test Cases/Product/TC-Product-AddCart-001: Test Cases/Product/TC-Product-AddCart-001

2023-08-31 13:48:06 - [TEST_STEP][PASSED] - callTestCase(findTestCase("Product/TC-Product-Show-001"), [:], STOP_ON_FAILURE): Call Test Case 'Test Cases/Product/TC-Product-Show-001' successfully

2023-08-31 13:48:06 - [TEST_CASE][PASSED] - Test Cases/Product/TC-Product-Show-001: Test Cases/Product/TC-Product-Show-001

2023-08-31 13:48:06 - [TEST_STEP][PASSED] - callTestCase(findTestCase("Login/TC-Login-Success-001"), ["username":"standard_user", "password":"qcu24s4901FyWDTwXGr6XA=="], STOP_ON_FAILURE): Call Test Case 'Test Cases/Login/TC-Login-Success-001' successfully

2023-08-31 13:48:06 - [TEST_CASE][PASSED] - Test Cases/Login/TC-Login-Success-001: Test Cases/Login/TC-Login-Success-001

2023-08-31 13:48:06 - [TEST_STEP][PASSED] - openBrowser(webSauceDemo): Browser is opened with url: 'https://www.saucedemo.com/'

2023-08-31 13:48:06 - [MESSAGE][WARNING] - A browser is already opened. Closing browser and opening a new one

2023-08-31 13:48:07 - [MESSAGE][INFO] - Starting 'Edge Chromium' driver

2023-08-31 13:48:09 - [MESSAGE][INFO] - Action delay is set to 0 milliseconds

2023-08-31 13:48:13 - [MESSAGE][PASSED] - Browser is opened with url: 'https://www.saucedemo.com/'

2023-08-31 13:48:13 - [TEST_STEP][PASSED] - verifyElementPresent(findTestObject("Login Page Object/Swag Labs Text (tanda masuk home)"), 5): Object 'Object Repository/Login Page Object/Swag Labs Text (tanda masuk home)' is present

2023-08-31 13:48:14 - [MESSAGE][PASSED] - Object 'Object Repository/Login Page Object/Swag Labs Text (tanda masuk home)' is present

2023-08-31 13:48:14 - [TEST_STEP][PASSED] - setText(findTestObject("Login Page Object/username login"), username): Text 'standard_user' is set on object 'Object Repository/Login Page Object/username login'

2023-08-31 13:48:15 - [MESSAGE][PASSED] - Text 'standard_user' is set on object 'Object Repository/Login Page Object/username login'

2023-08-31 13:48:15 - [TEST_STEP][PASSED] - setEncryptedText(findTestObject("Login Page Object/password login"), password): Text ****** has been set on object 'Object Repository/Login Page Object/password login'

2023-08-31 13:48:16 - [MESSAGE][PASSED] - Text ****** has been set on object 'Object Repository/Login Page Object/password login'

2023-08-31 13:48:16 - [TEST_STEP][PASSED] - click(findTestObject("Login Page Object/button login")): Object: 'Object Repository/Login Page Object/button login' is clicked on

2023-08-31 13:48:17 - [MESSAGE][PASSED] - Object: 'Object Repository/Login Page Object/button login' is clicked on

2023-08-31 13:48:17 - [TEST_STEP][PASSED] - verifyElementPresent(findTestObject("Product/span_Products"), 5): Object 'Object Repository/Product/span_Products' is present

2023-08-31 13:48:18 - [MESSAGE][PASSED] - Object 'Object Repository/Product/span_Products' is present

2023-08-31 13:48:18 - [TEST_STEP][PASSED] - nameProduct = text: null

2023-08-31 13:48:19 - [TEST_STEP][PASSED] - descProduct = text: null

2023-08-31 13:48:19 - [TEST_STEP][PASSED] - priceProduct = text: null

2023-08-31 13:48:20 - [TEST_STEP][PASSED] - item = new java.util.HashMap(): null

2023-08-31 13:48:20 - [TEST_STEP][PASSED] - item.put("nameProduct", nameProduct): null

2023-08-31 13:48:20 - [TEST_STEP][PASSED] - item.put("descProduct", descProduct): null

2023-08-31 13:48:20 - [TEST_STEP][PASSED] - item.put("priceProduct", priceProduct): null

2023-08-31 13:48:20 - [TEST_STEP][PASSED] - return item: null

2023-08-31 13:48:20 - [MESSAGE][PASSED] - Call Test Case 'Test Cases/Login/TC-Login-Success-001' successfully

2023-08-31 13:48:20 - [MESSAGE][PASSED] - Call Test Case 'Test Cases/Product/TC-Product-Show-001' successfully

2023-08-31 13:48:20 - [TEST_STEP][PASSED] - nameProduct = text: null

2023-08-31 13:48:20 - [TEST_STEP][PASSED] - descProduct = text: null

2023-08-31 13:48:21 - [TEST_STEP][PASSED] - priceProduct = text: null

2023-08-31 13:48:21 - [TEST_STEP][PASSED] - dataProduct = new java.util.HashMap(): null

2023-08-31 13:48:21 - [TEST_STEP][PASSED] - dataProduct.put("nameProduct", nameProduct): null

2023-08-31 13:48:21 - [TEST_STEP][PASSED] - dataProduct.put("descProduct", descProduct): null

2023-08-31 13:48:21 - [TEST_STEP][PASSED] - dataProduct.put("priceProduct", priceProduct): null

2023-08-31 13:48:21 - [TEST_STEP][PASSED] - click(findTestObject("Product/button add to cart backpack")): Object: 'Object Repository/Product/button add to cart backpack' is clicked on

2023-08-31 13:48:22 - [MESSAGE][PASSED] - Object: 'Object Repository/Product/button add to cart backpack' is clicked on

2023-08-31 13:48:22 - [TEST_STEP][PASSED] - verifyElementPresent(findTestObject("selector for verify/button remove item pos 1"), 5): Object 'Object Repository/selector for verify/button remove item pos 1' is present

2023-08-31 13:48:22 - [MESSAGE][PASSED] - Object 'Object Repository/selector for verify/button remove item pos 1' is present

2023-08-31 13:48:22 - [TEST_STEP][PASSED] - verifyElementPresent(findTestObject("selector for verify/verify jumlah item 1 (cart)"), 5): Object 'Object Repository/selector for verify/verify jumlah item 1 (cart)' is present

2023-08-31 13:48:23 - [MESSAGE][PASSED] - Object 'Object Repository/selector for verify/verify jumlah item 1 (cart)' is present

2023-08-31 13:48:23 - [TEST_STEP][PASSED] - return dataProduct: null

2023-08-31 13:48:23 - [MESSAGE][PASSED] - Call Test Case 'Test Cases/Product/TC-Product-AddCart-001' successfully

2023-08-31 13:48:23 - [TEST_STEP][PASSED] - nameProduct = text: null

2023-08-31 13:48:23 - [TEST_STEP][PASSED] - descProduct = text: null

2023-08-31 13:48:24 - [TEST_STEP][PASSED] - priceProduct = text: null

2023-08-31 13:48:24 - [TEST_STEP][PASSED] - nameProductList = new java.util.ArrayList(): null

2023-08-31 13:48:24 - [TEST_STEP][PASSED] - descProductList = new java.util.ArrayList(): null

2023-08-31 13:48:24 - [TEST_STEP][PASSED] - priceProductList = new java.util.ArrayList(): null

2023-08-31 13:48:24 - [TEST_STEP][PASSED] - nameProductList.add(itemProduct.get("nameProduct")): null

2023-08-31 13:48:24 - [TEST_STEP][PASSED] - nameProductList.add(nameProduct): null

2023-08-31 13:48:24 - [TEST_STEP][PASSED] - descProductList.add(itemProduct.get("descProduct")): null

2023-08-31 13:48:24 - [TEST_STEP][PASSED] - descProductList.add(descProduct): null

2023-08-31 13:48:24 - [TEST_STEP][PASSED] - priceProductList.add(itemProduct.get("priceProduct")): null

2023-08-31 13:48:24 - [TEST_STEP][PASSED] - priceProductList.add(priceProduct): null

2023-08-31 13:48:24 - [TEST_STEP][PASSED] - itemProduct.put("listNameProduct", nameProductList): null

2023-08-31 13:48:24 - [TEST_STEP][PASSED] - itemProduct.put("listDescProduct", descProductList): null

2023-08-31 13:48:24 - [TEST_STEP][PASSED] - itemProduct.put("listPriceProduct", priceProductList): null

2023-08-31 13:48:24 - [TEST_STEP][PASSED] - click(findTestObject("Product/button add to cart pos 2")): Object: 'Object Repository/Product/button add to cart pos 2' is clicked on

2023-08-31 13:48:25 - [MESSAGE][PASSED] - Object: 'Object Repository/Product/button add to cart pos 2' is clicked on

2023-08-31 13:48:25 - [TEST_STEP][PASSED] - verifyElementPresent(findTestObject("selector for verify/button remove item pos 2"), 5): Object 'Object Repository/selector for verify/button remove item pos 2' is present

2023-08-31 13:48:25 - [MESSAGE][PASSED] - Object 'Object Repository/selector for verify/button remove item pos 2' is present

2023-08-31 13:48:25 - [TEST_STEP][PASSED] - verifyElementPresent(findTestObject("selector for verify/verify jumlah item 2 (cart)"), 5): Object 'Object Repository/selector for verify/verify jumlah item 2 (cart)' is present

2023-08-31 13:48:26 - [MESSAGE][PASSED] - Object 'Object Repository/selector for verify/verify jumlah item 2 (cart)' is present

2023-08-31 13:48:26 - [TEST_STEP][PASSED] - return itemProduct: null]]></system-out>
         <system-err><![CDATA[]]></system-err>
      </testcase>
      <testcase name="Test Cases/Product/TC-Product-RemoveCart-001" time="22.988" classname="Test Cases/Product/TC-Product-RemoveCart-001" status="FAILED">
         <failure type="FAILED" message="Test Cases/Product/TC-Product-RemoveCart-001 FAILED.
Reason:
com.kms.katalon.core.exception.StepFailedException: Unable to verify object 'Object Repository/selector for verify/verify jumlah item 0 (cart)' is present
	at com.kms.katalon.core.webui.keyword.internal.WebUIKeywordMain.stepFailed(WebUIKeywordMain.groovy:64)
	at com.kms.katalon.core.webui.keyword.internal.WebUIKeywordMain.runKeyword(WebUIKeywordMain.groovy:26)
	at com.kms.katalon.core.webui.keyword.builtin.VerifyElementPresentKeyword.verifyElementPresent(VerifyElementPresentKeyword.groovy:92)
	at com.kms.katalon.core.webui.keyword.builtin.VerifyElementPresentKeyword.execute(VerifyElementPresentKeyword.groovy:68)
	at com.kms.katalon.core.keyword.internal.KeywordExecutor.executeKeywordForPlatform(KeywordExecutor.groovy:74)
	at com.kms.katalon.core.webui.keyword.WebUiBuiltInKeywords.verifyElementPresent(WebUiBuiltInKeywords.groovy:1464)
	at com.kms.katalon.core.webui.keyword.WebUiBuiltInKeywords$verifyElementPresent$0.call(Unknown Source)
	at TC-Product-RemoveCart-001.run(TC-Product-RemoveCart-001:26)
	at com.kms.katalon.core.main.ScriptEngine.run(ScriptEngine.java:194)
	at com.kms.katalon.core.main.ScriptEngine.runScriptAsRawText(ScriptEngine.java:119)
	at com.kms.katalon.core.main.TestCaseExecutor.runScript(TestCaseExecutor.java:448)
	at com.kms.katalon.core.main.TestCaseExecutor.doExecute(TestCaseExecutor.java:439)
	at com.kms.katalon.core.main.TestCaseExecutor.processExecutionPhase(TestCaseExecutor.java:418)
	at com.kms.katalon.core.main.TestCaseExecutor.accessMainPhase(TestCaseExecutor.java:410)
	at com.kms.katalon.core.main.TestCaseExecutor.execute(TestCaseExecutor.java:285)
	at com.kms.katalon.core.main.TestCaseExecutor.execute(TestCaseExecutor.java:369)
	at com.kms.katalon.core.main.TestCaseExecutor.execute(TestCaseExecutor.java:369)
	at com.kms.katalon.core.main.TestCaseExecutor.execute(TestCaseExecutor.java:369)
	at com.kms.katalon.core.common.CommonExecutor.accessTestCaseMainPhase(CommonExecutor.java:65)
	at com.kms.katalon.core.main.TestSuiteExecutor.accessTestSuiteMainPhase(TestSuiteExecutor.java:148)
	at com.kms.katalon.core.main.TestSuiteExecutor.execute(TestSuiteExecutor.java:106)
	at com.kms.katalon.core.main.TestCaseMain.startTestSuite(TestCaseMain.java:187)
	at com.kms.katalon.core.main.TestCaseMain$startTestSuite$0.call(Unknown Source)
	at TempTestSuite1693464258738.run(TempTestSuite1693464258738.groovy:36)
Caused by: com.kms.katalon.core.exception.StepFailedException: com.kms.katalon.core.webui.exception.WebElementNotFoundException: Web element with id: 'Object Repository/selector for verify/verify jumlah item 0 (cart)' located by '//span[@class = 'shopping_cart_badge' and (text() = '0' or . = '0')]' not found
	at com.kms.katalon.core.webui.keyword.internal.WebUIKeywordMain.stepFailed(WebUIKeywordMain.groovy:64)
	at com.kms.katalon.core.webui.keyword.builtin.VerifyElementPresentKeyword$_verifyElementPresent_closure1.doCall(VerifyElementPresentKeyword.groovy:85)
	at com.kms.katalon.core.webui.keyword.builtin.VerifyElementPresentKeyword$_verifyElementPresent_closure1.call(VerifyElementPresentKeyword.groovy)
	at com.kms.katalon.core.webui.keyword.internal.WebUIKeywordMain.runKeyword(WebUIKeywordMain.groovy:20)
	... 22 more
"/>
         <system-out><![CDATA[2023-08-31 13:49:42 - [TEST_CASE][FAILED] - Test Cases/Product/TC-Product-RemoveCart-001: Test Cases/Product/TC-Product-RemoveCart-001 FAILED.
Reason:
com.kms.katalon.core.exception.StepFailedException: Unable to verify object 'Object Repository/selector for verify/verify jumlah item 0 (cart)' is present
	at com.kms.katalon.core.webui.keyword.internal.WebUIKeywordMain.stepFailed(WebUIKeywordMain.groovy:64)
	at com.kms.katalon.core.webui.keyword.internal.WebUIKeywordMain.runKeyword(WebUIKeywordMain.groovy:26)
	at com.kms.katalon.core.webui.keyword.builtin.VerifyElementPresentKeyword.verifyElementPresent(VerifyElementPresentKeyword.groovy:92)
	at com.kms.katalon.core.webui.keyword.builtin.VerifyElementPresentKeyword.execute(VerifyElementPresentKeyword.groovy:68)
	at com.kms.katalon.core.keyword.internal.KeywordExecutor.executeKeywordForPlatform(KeywordExecutor.groovy:74)
	at com.kms.katalon.core.webui.keyword.WebUiBuiltInKeywords.verifyElementPresent(WebUiBuiltInKeywords.groovy:1464)
	at com.kms.katalon.core.webui.keyword.WebUiBuiltInKeywords$verifyElementPresent$0.call(Unknown Source)
	at TC-Product-RemoveCart-001.run(TC-Product-RemoveCart-001:26)
	at com.kms.katalon.core.main.ScriptEngine.run(ScriptEngine.java:194)
	at com.kms.katalon.core.main.ScriptEngine.runScriptAsRawText(ScriptEngine.java:119)
	at com.kms.katalon.core.main.TestCaseExecutor.runScript(TestCaseExecutor.java:448)
	at com.kms.katalon.core.main.TestCaseExecutor.doExecute(TestCaseExecutor.java:439)
	at com.kms.katalon.core.main.TestCaseExecutor.processExecutionPhase(TestCaseExecutor.java:418)
	at com.kms.katalon.core.main.TestCaseExecutor.accessMainPhase(TestCaseExecutor.java:410)
	at com.kms.katalon.core.main.TestCaseExecutor.execute(TestCaseExecutor.java:285)
	at com.kms.katalon.core.main.TestCaseExecutor.execute(TestCaseExecutor.java:369)
	at com.kms.katalon.core.main.TestCaseExecutor.execute(TestCaseExecutor.java:369)
	at com.kms.katalon.core.main.TestCaseExecutor.execute(TestCaseExecutor.java:369)
	at com.kms.katalon.core.common.CommonExecutor.accessTestCaseMainPhase(CommonExecutor.java:65)
	at com.kms.katalon.core.main.TestSuiteExecutor.accessTestSuiteMainPhase(TestSuiteExecutor.java:148)
	at com.kms.katalon.core.main.TestSuiteExecutor.execute(TestSuiteExecutor.java:106)
	at com.kms.katalon.core.main.TestCaseMain.startTestSuite(TestCaseMain.java:187)
	at com.kms.katalon.core.main.TestCaseMain$startTestSuite$0.call(Unknown Source)
	at TempTestSuite1693464258738.run(TempTestSuite1693464258738.groovy:36)
Caused by: com.kms.katalon.core.exception.StepFailedException: com.kms.katalon.core.webui.exception.WebElementNotFoundException: Web element with id: 'Object Repository/selector for verify/verify jumlah item 0 (cart)' located by '//span[@class = 'shopping_cart_badge' and (text() = '0' or . = '0')]' not found
	at com.kms.katalon.core.webui.keyword.internal.WebUIKeywordMain.stepFailed(WebUIKeywordMain.groovy:64)
	at com.kms.katalon.core.webui.keyword.builtin.VerifyElementPresentKeyword$_verifyElementPresent_closure1.doCall(VerifyElementPresentKeyword.groovy:85)
	at com.kms.katalon.core.webui.keyword.builtin.VerifyElementPresentKeyword$_verifyElementPresent_closure1.call(VerifyElementPresentKeyword.groovy)
	at com.kms.katalon.core.webui.keyword.internal.WebUIKeywordMain.runKeyword(WebUIKeywordMain.groovy:20)
	... 22 more


2023-08-31 13:49:42 - [TEST_STEP][PASSED] - callTestCase(findTestCase("Product/TC-Product-AddCart-001"), [:], STOP_ON_FAILURE): Call Test Case 'Test Cases/Product/TC-Product-AddCart-001' successfully

2023-08-31 13:49:42 - [TEST_CASE][PASSED] - Test Cases/Product/TC-Product-AddCart-001: Test Cases/Product/TC-Product-AddCart-001

2023-08-31 13:49:42 - [TEST_STEP][PASSED] - callTestCase(findTestCase("Product/TC-Product-Show-001"), [:], STOP_ON_FAILURE): Call Test Case 'Test Cases/Product/TC-Product-Show-001' successfully

2023-08-31 13:49:42 - [TEST_CASE][PASSED] - Test Cases/Product/TC-Product-Show-001: Test Cases/Product/TC-Product-Show-001

2023-08-31 13:49:42 - [TEST_STEP][PASSED] - callTestCase(findTestCase("Login/TC-Login-Success-001"), ["username":"standard_user", "password":"qcu24s4901FyWDTwXGr6XA=="], STOP_ON_FAILURE): Call Test Case 'Test Cases/Login/TC-Login-Success-001' successfully

2023-08-31 13:49:42 - [TEST_CASE][PASSED] - Test Cases/Login/TC-Login-Success-001: Test Cases/Login/TC-Login-Success-001

2023-08-31 13:49:42 - [TEST_STEP][PASSED] - openBrowser(webSauceDemo): Browser is opened with url: 'https://www.saucedemo.com/'

2023-08-31 13:49:42 - [MESSAGE][WARNING] - A browser is already opened. Closing browser and opening a new one

2023-08-31 13:49:43 - [MESSAGE][INFO] - Starting 'Edge Chromium' driver

2023-08-31 13:49:46 - [MESSAGE][INFO] - Action delay is set to 0 milliseconds

2023-08-31 13:49:49 - [MESSAGE][PASSED] - Browser is opened with url: 'https://www.saucedemo.com/'

2023-08-31 13:49:49 - [TEST_STEP][PASSED] - verifyElementPresent(findTestObject("Login Page Object/Swag Labs Text (tanda masuk home)"), 5): Object 'Object Repository/Login Page Object/Swag Labs Text (tanda masuk home)' is present

2023-08-31 13:49:49 - [MESSAGE][PASSED] - Object 'Object Repository/Login Page Object/Swag Labs Text (tanda masuk home)' is present

2023-08-31 13:49:49 - [TEST_STEP][PASSED] - setText(findTestObject("Login Page Object/username login"), username): Text 'standard_user' is set on object 'Object Repository/Login Page Object/username login'

2023-08-31 13:49:50 - [MESSAGE][PASSED] - Text 'standard_user' is set on object 'Object Repository/Login Page Object/username login'

2023-08-31 13:49:50 - [TEST_STEP][PASSED] - setEncryptedText(findTestObject("Login Page Object/password login"), password): Text ****** has been set on object 'Object Repository/Login Page Object/password login'

2023-08-31 13:49:51 - [MESSAGE][PASSED] - Text ****** has been set on object 'Object Repository/Login Page Object/password login'

2023-08-31 13:49:51 - [TEST_STEP][PASSED] - click(findTestObject("Login Page Object/button login")): Object: 'Object Repository/Login Page Object/button login' is clicked on

2023-08-31 13:49:52 - [MESSAGE][PASSED] - Object: 'Object Repository/Login Page Object/button login' is clicked on

2023-08-31 13:49:52 - [TEST_STEP][PASSED] - verifyElementPresent(findTestObject("Product/span_Products"), 5): Object 'Object Repository/Product/span_Products' is present

2023-08-31 13:49:53 - [MESSAGE][PASSED] - Object 'Object Repository/Product/span_Products' is present

2023-08-31 13:49:53 - [TEST_STEP][PASSED] - nameProduct = text: null

2023-08-31 13:49:54 - [TEST_STEP][PASSED] - descProduct = text: null

2023-08-31 13:49:54 - [TEST_STEP][PASSED] - priceProduct = text: null

2023-08-31 13:49:55 - [TEST_STEP][PASSED] - item = new java.util.HashMap(): null

2023-08-31 13:49:55 - [TEST_STEP][PASSED] - item.put("nameProduct", nameProduct): null

2023-08-31 13:49:55 - [TEST_STEP][PASSED] - item.put("descProduct", descProduct): null

2023-08-31 13:49:55 - [TEST_STEP][PASSED] - item.put("priceProduct", priceProduct): null

2023-08-31 13:49:55 - [TEST_STEP][PASSED] - return item: null

2023-08-31 13:49:55 - [MESSAGE][PASSED] - Call Test Case 'Test Cases/Login/TC-Login-Success-001' successfully

2023-08-31 13:49:55 - [MESSAGE][PASSED] - Call Test Case 'Test Cases/Product/TC-Product-Show-001' successfully

2023-08-31 13:49:55 - [TEST_STEP][PASSED] - nameProduct = text: null

2023-08-31 13:49:55 - [TEST_STEP][PASSED] - descProduct = text: null

2023-08-31 13:49:55 - [TEST_STEP][PASSED] - priceProduct = text: null

2023-08-31 13:49:56 - [TEST_STEP][PASSED] - dataProduct = new java.util.HashMap(): null

2023-08-31 13:49:56 - [TEST_STEP][PASSED] - dataProduct.put("nameProduct", nameProduct): null

2023-08-31 13:49:56 - [TEST_STEP][PASSED] - dataProduct.put("descProduct", descProduct): null

2023-08-31 13:49:56 - [TEST_STEP][PASSED] - dataProduct.put("priceProduct", priceProduct): null

2023-08-31 13:49:56 - [TEST_STEP][PASSED] - click(findTestObject("Product/button add to cart backpack")): Object: 'Object Repository/Product/button add to cart backpack' is clicked on

2023-08-31 13:49:57 - [MESSAGE][PASSED] - Object: 'Object Repository/Product/button add to cart backpack' is clicked on

2023-08-31 13:49:57 - [TEST_STEP][PASSED] - verifyElementPresent(findTestObject("selector for verify/button remove item pos 1"), 5): Object 'Object Repository/selector for verify/button remove item pos 1' is present

2023-08-31 13:49:57 - [MESSAGE][PASSED] - Object 'Object Repository/selector for verify/button remove item pos 1' is present

2023-08-31 13:49:57 - [TEST_STEP][PASSED] - verifyElementPresent(findTestObject("selector for verify/verify jumlah item 1 (cart)"), 5): Object 'Object Repository/selector for verify/verify jumlah item 1 (cart)' is present

2023-08-31 13:49:57 - [MESSAGE][PASSED] - Object 'Object Repository/selector for verify/verify jumlah item 1 (cart)' is present

2023-08-31 13:49:57 - [TEST_STEP][PASSED] - return dataProduct: null

2023-08-31 13:49:57 - [MESSAGE][PASSED] - Call Test Case 'Test Cases/Product/TC-Product-AddCart-001' successfully

2023-08-31 13:49:57 - [TEST_STEP][PASSED] - click(findTestObject("Product/button remove item from cart")): Object: 'Object Repository/Product/button remove item from cart' is clicked on

2023-08-31 13:49:58 - [MESSAGE][PASSED] - Object: 'Object Repository/Product/button remove item from cart' is clicked on

2023-08-31 13:49:58 - [TEST_STEP][PASSED] - verifyElementPresent(findTestObject("Product/button add to cart backpack"), 5): Object 'Object Repository/Product/button add to cart backpack' is present

2023-08-31 13:49:58 - [MESSAGE][PASSED] - Object 'Object Repository/Product/button add to cart backpack' is present

2023-08-31 13:49:58 - [TEST_STEP][FAILED] - verifyElementPresent(findTestObject("selector for verify/verify jumlah item 0 (cart)"), 5): Unable to verify object 'Object Repository/selector for verify/verify jumlah item 0 (cart)' is present (Root cause: com.kms.katalon.core.exception.StepFailedException: Unable to verify object 'Object Repository/selector for verify/verify jumlah item 0 (cart)' is present
	at com.kms.katalon.core.webui.keyword.internal.WebUIKeywordMain.stepFailed(WebUIKeywordMain.groovy:64)
	at com.kms.katalon.core.webui.keyword.internal.WebUIKeywordMain.runKeyword(WebUIKeywordMain.groovy:26)
	at com.kms.katalon.core.webui.keyword.builtin.VerifyElementPresentKeyword.verifyElementPresent(VerifyElementPresentKeyword.groovy:92)
	at com.kms.katalon.core.webui.keyword.builtin.VerifyElementPresentKeyword.execute(VerifyElementPresentKeyword.groovy:68)
	at com.kms.katalon.core.keyword.internal.KeywordExecutor.executeKeywordForPlatform(KeywordExecutor.groovy:74)
	at com.kms.katalon.core.webui.keyword.WebUiBuiltInKeywords.verifyElementPresent(WebUiBuiltInKeywords.groovy:1464)
	at com.kms.katalon.core.webui.keyword.WebUiBuiltInKeywords$verifyElementPresent$0.call(Unknown Source)
	at TC-Product-RemoveCart-001.run(TC-Product-RemoveCart-001:26)
	at com.kms.katalon.core.main.ScriptEngine.run(ScriptEngine.java:194)
	at com.kms.katalon.core.main.ScriptEngine.runScriptAsRawText(ScriptEngine.java:119)
	at com.kms.katalon.core.main.TestCaseExecutor.runScript(TestCaseExecutor.java:448)
	at com.kms.katalon.core.main.TestCaseExecutor.doExecute(TestCaseExecutor.java:439)
	at com.kms.katalon.core.main.TestCaseExecutor.processExecutionPhase(TestCaseExecutor.java:418)
	at com.kms.katalon.core.main.TestCaseExecutor.accessMainPhase(TestCaseExecutor.java:410)
	at com.kms.katalon.core.main.TestCaseExecutor.execute(TestCaseExecutor.java:285)
	at com.kms.katalon.core.main.TestCaseExecutor.execute(TestCaseExecutor.java:369)
	at com.kms.katalon.core.main.TestCaseExecutor.execute(TestCaseExecutor.java:369)
	at com.kms.katalon.core.main.TestCaseExecutor.execute(TestCaseExecutor.java:369)
	at com.kms.katalon.core.common.CommonExecutor.accessTestCaseMainPhase(CommonExecutor.java:65)
	at com.kms.katalon.core.main.TestSuiteExecutor.accessTestSuiteMainPhase(TestSuiteExecutor.java:148)
	at com.kms.katalon.core.main.TestSuiteExecutor.execute(TestSuiteExecutor.java:106)
	at com.kms.katalon.core.main.TestCaseMain.startTestSuite(TestCaseMain.java:187)
	at com.kms.katalon.core.main.TestCaseMain$startTestSuite$0.call(Unknown Source)
	at TempTestSuite1693464258738.run(TempTestSuite1693464258738.groovy:36)
Caused by: com.kms.katalon.core.exception.StepFailedException: com.kms.katalon.core.webui.exception.WebElementNotFoundException: Web element with id: 'Object Repository/selector for verify/verify jumlah item 0 (cart)' located by '//span[@class = 'shopping_cart_badge' and (text() = '0' or . = '0')]' not found
	at com.kms.katalon.core.webui.keyword.internal.WebUIKeywordMain.stepFailed(WebUIKeywordMain.groovy:64)
	at com.kms.katalon.core.webui.keyword.builtin.VerifyElementPresentKeyword$_verifyElementPresent_closure1.doCall(VerifyElementPresentKeyword.groovy:85)
	at com.kms.katalon.core.webui.keyword.builtin.VerifyElementPresentKeyword$_verifyElementPresent_closure1.call(VerifyElementPresentKeyword.groovy)
	at com.kms.katalon.core.webui.keyword.internal.WebUIKeywordMain.runKeyword(WebUIKeywordMain.groovy:20)
	... 22 more
)

2023-08-31 13:50:05 - [MESSAGE][INFO] - Unable to find the element located by 'By.xpath: //span[@class = 'shopping_cart_badge' and (text() = '0' or . = '0')]'. Please recheck the objects properties to make sure the desired element is located. 

2023-08-31 13:50:05 - [MESSAGE][FAILED] - com.kms.katalon.core.webui.exception.WebElementNotFoundException: Web element with id: 'Object Repository/selector for verify/verify jumlah item 0 (cart)' located by '//span[@class = 'shopping_cart_badge' and (text() = '0' or . = '0')]' not found (Root cause: com.kms.katalon.core.exception.StepFailedException: com.kms.katalon.core.webui.exception.WebElementNotFoundException: Web element with id: 'Object Repository/selector for verify/verify jumlah item 0 (cart)' located by '//span[@class = 'shopping_cart_badge' and (text() = '0' or . = '0')]' not found
	at com.kms.katalon.core.webui.keyword.internal.WebUIKeywordMain.stepFailed(WebUIKeywordMain.groovy:64)
	at com.kms.katalon.core.webui.keyword.builtin.VerifyElementPresentKeyword$_verifyElementPresent_closure1.doCall(VerifyElementPresentKeyword.groovy:85)
	at com.kms.katalon.core.webui.keyword.builtin.VerifyElementPresentKeyword$_verifyElementPresent_closure1.call(VerifyElementPresentKeyword.groovy)
	at com.kms.katalon.core.webui.keyword.internal.WebUIKeywordMain.runKeyword(WebUIKeywordMain.groovy:20)
	at com.kms.katalon.core.webui.keyword.builtin.VerifyElementPresentKeyword.verifyElementPresent(VerifyElementPresentKeyword.groovy:92)
	at com.kms.katalon.core.webui.keyword.builtin.VerifyElementPresentKeyword.execute(VerifyElementPresentKeyword.groovy:68)
	at com.kms.katalon.core.keyword.internal.KeywordExecutor.executeKeywordForPlatform(KeywordExecutor.groovy:74)
	at com.kms.katalon.core.webui.keyword.WebUiBuiltInKeywords.verifyElementPresent(WebUiBuiltInKeywords.groovy:1464)
	at com.kms.katalon.core.webui.keyword.WebUiBuiltInKeywords$verifyElementPresent$0.call(Unknown Source)
	at TC-Product-RemoveCart-001.run(TC-Product-RemoveCart-001:26)
	at com.kms.katalon.core.main.ScriptEngine.run(ScriptEngine.java:194)
	at com.kms.katalon.core.main.ScriptEngine.runScriptAsRawText(ScriptEngine.java:119)
	at com.kms.katalon.core.main.TestCaseExecutor.runScript(TestCaseExecutor.java:448)
	at com.kms.katalon.core.main.TestCaseExecutor.doExecute(TestCaseExecutor.java:439)
	at com.kms.katalon.core.main.TestCaseExecutor.processExecutionPhase(TestCaseExecutor.java:418)
	at com.kms.katalon.core.main.TestCaseExecutor.accessMainPhase(TestCaseExecutor.java:410)
	at com.kms.katalon.core.main.TestCaseExecutor.execute(TestCaseExecutor.java:285)
	at com.kms.katalon.core.main.TestCaseExecutor.execute(TestCaseExecutor.java:369)
	at com.kms.katalon.core.main.TestCaseExecutor.execute(TestCaseExecutor.java:369)
	at com.kms.katalon.core.main.TestCaseExecutor.execute(TestCaseExecutor.java:369)
	at com.kms.katalon.core.common.CommonExecutor.accessTestCaseMainPhase(CommonExecutor.java:65)
	at com.kms.katalon.core.main.TestSuiteExecutor.accessTestSuiteMainPhase(TestSuiteExecutor.java:148)
	at com.kms.katalon.core.main.TestSuiteExecutor.execute(TestSuiteExecutor.java:106)
	at com.kms.katalon.core.main.TestCaseMain.startTestSuite(TestCaseMain.java:187)
	at com.kms.katalon.core.main.TestCaseMain$startTestSuite$0.call(Unknown Source)
	at TempTestSuite1693464258738.run(TempTestSuite1693464258738.groovy:36)
)
[[ATTACHMENT|C:\\Users\\Aslamadin Alvian Haz\\Documents\\Batch 324 QA XSIS Academy\\batch-324-qa\\Alvin\\Sauce Demo\\Reports\\20230831_134418\\All Story Test Suite\\20230831_134418\\1693464605272.png]]

2023-08-31 13:50:05 - [MESSAGE][FAILED] - Unable to verify object 'Object Repository/selector for verify/verify jumlah item 0 (cart)' is present (Root cause: com.kms.katalon.core.exception.StepFailedException: Unable to verify object 'Object Repository/selector for verify/verify jumlah item 0 (cart)' is present
	at com.kms.katalon.core.webui.keyword.internal.WebUIKeywordMain.stepFailed(WebUIKeywordMain.groovy:64)
	at com.kms.katalon.core.webui.keyword.internal.WebUIKeywordMain.runKeyword(WebUIKeywordMain.groovy:26)
	at com.kms.katalon.core.webui.keyword.builtin.VerifyElementPresentKeyword.verifyElementPresent(VerifyElementPresentKeyword.groovy:92)
	at com.kms.katalon.core.webui.keyword.builtin.VerifyElementPresentKeyword.execute(VerifyElementPresentKeyword.groovy:68)
	at com.kms.katalon.core.keyword.internal.KeywordExecutor.executeKeywordForPlatform(KeywordExecutor.groovy:74)
	at com.kms.katalon.core.webui.keyword.WebUiBuiltInKeywords.verifyElementPresent(WebUiBuiltInKeywords.groovy:1464)
	at com.kms.katalon.core.webui.keyword.WebUiBuiltInKeywords$verifyElementPresent$0.call(Unknown Source)
	at TC-Product-RemoveCart-001.run(TC-Product-RemoveCart-001:26)
	at com.kms.katalon.core.main.ScriptEngine.run(ScriptEngine.java:194)
	at com.kms.katalon.core.main.ScriptEngine.runScriptAsRawText(ScriptEngine.java:119)
	at com.kms.katalon.core.main.TestCaseExecutor.runScript(TestCaseExecutor.java:448)
	at com.kms.katalon.core.main.TestCaseExecutor.doExecute(TestCaseExecutor.java:439)
	at com.kms.katalon.core.main.TestCaseExecutor.processExecutionPhase(TestCaseExecutor.java:418)
	at com.kms.katalon.core.main.TestCaseExecutor.accessMainPhase(TestCaseExecutor.java:410)
	at com.kms.katalon.core.main.TestCaseExecutor.execute(TestCaseExecutor.java:285)
	at com.kms.katalon.core.main.TestCaseExecutor.execute(TestCaseExecutor.java:369)
	at com.kms.katalon.core.main.TestCaseExecutor.execute(TestCaseExecutor.java:369)
	at com.kms.katalon.core.main.TestCaseExecutor.execute(TestCaseExecutor.java:369)
	at com.kms.katalon.core.common.CommonExecutor.accessTestCaseMainPhase(CommonExecutor.java:65)
	at com.kms.katalon.core.main.TestSuiteExecutor.accessTestSuiteMainPhase(TestSuiteExecutor.java:148)
	at com.kms.katalon.core.main.TestSuiteExecutor.execute(TestSuiteExecutor.java:106)
	at com.kms.katalon.core.main.TestCaseMain.startTestSuite(TestCaseMain.java:187)
	at com.kms.katalon.core.main.TestCaseMain$startTestSuite$0.call(Unknown Source)
	at TempTestSuite1693464258738.run(TempTestSuite1693464258738.groovy:36)
Caused by: com.kms.katalon.core.exception.StepFailedException: com.kms.katalon.core.webui.exception.WebElementNotFoundException: Web element with id: 'Object Repository/selector for verify/verify jumlah item 0 (cart)' located by '//span[@class = 'shopping_cart_badge' and (text() = '0' or . = '0')]' not found
	at com.kms.katalon.core.webui.keyword.internal.WebUIKeywordMain.stepFailed(WebUIKeywordMain.groovy:64)
	at com.kms.katalon.core.webui.keyword.builtin.VerifyElementPresentKeyword$_verifyElementPresent_closure1.doCall(VerifyElementPresentKeyword.groovy:85)
	at com.kms.katalon.core.webui.keyword.builtin.VerifyElementPresentKeyword$_verifyElementPresent_closure1.call(VerifyElementPresentKeyword.groovy)
	at com.kms.katalon.core.webui.keyword.internal.WebUIKeywordMain.runKeyword(WebUIKeywordMain.groovy:20)
	... 22 more
)
[[ATTACHMENT|C:\\Users\\Aslamadin Alvian Haz\\Documents\\Batch 324 QA XSIS Academy\\batch-324-qa\\Alvin\\Sauce Demo\\Reports\\20230831_134418\\All Story Test Suite\\20230831_134418\\1693464605474.png]]]]></system-out>
         <system-err><![CDATA[2023-08-31 13:49:42 - [TEST_CASE][FAILED] - Test Cases/Product/TC-Product-RemoveCart-001: Test Cases/Product/TC-Product-RemoveCart-001 FAILED.
Reason:
com.kms.katalon.core.exception.StepFailedException: Unable to verify object 'Object Repository/selector for verify/verify jumlah item 0 (cart)' is present
	at com.kms.katalon.core.webui.keyword.internal.WebUIKeywordMain.stepFailed(WebUIKeywordMain.groovy:64)
	at com.kms.katalon.core.webui.keyword.internal.WebUIKeywordMain.runKeyword(WebUIKeywordMain.groovy:26)
	at com.kms.katalon.core.webui.keyword.builtin.VerifyElementPresentKeyword.verifyElementPresent(VerifyElementPresentKeyword.groovy:92)
	at com.kms.katalon.core.webui.keyword.builtin.VerifyElementPresentKeyword.execute(VerifyElementPresentKeyword.groovy:68)
	at com.kms.katalon.core.keyword.internal.KeywordExecutor.executeKeywordForPlatform(KeywordExecutor.groovy:74)
	at com.kms.katalon.core.webui.keyword.WebUiBuiltInKeywords.verifyElementPresent(WebUiBuiltInKeywords.groovy:1464)
	at com.kms.katalon.core.webui.keyword.WebUiBuiltInKeywords$verifyElementPresent$0.call(Unknown Source)
	at TC-Product-RemoveCart-001.run(TC-Product-RemoveCart-001:26)
	at com.kms.katalon.core.main.ScriptEngine.run(ScriptEngine.java:194)
	at com.kms.katalon.core.main.ScriptEngine.runScriptAsRawText(ScriptEngine.java:119)
	at com.kms.katalon.core.main.TestCaseExecutor.runScript(TestCaseExecutor.java:448)
	at com.kms.katalon.core.main.TestCaseExecutor.doExecute(TestCaseExecutor.java:439)
	at com.kms.katalon.core.main.TestCaseExecutor.processExecutionPhase(TestCaseExecutor.java:418)
	at com.kms.katalon.core.main.TestCaseExecutor.accessMainPhase(TestCaseExecutor.java:410)
	at com.kms.katalon.core.main.TestCaseExecutor.execute(TestCaseExecutor.java:285)
	at com.kms.katalon.core.main.TestCaseExecutor.execute(TestCaseExecutor.java:369)
	at com.kms.katalon.core.main.TestCaseExecutor.execute(TestCaseExecutor.java:369)
	at com.kms.katalon.core.main.TestCaseExecutor.execute(TestCaseExecutor.java:369)
	at com.kms.katalon.core.common.CommonExecutor.accessTestCaseMainPhase(CommonExecutor.java:65)
	at com.kms.katalon.core.main.TestSuiteExecutor.accessTestSuiteMainPhase(TestSuiteExecutor.java:148)
	at com.kms.katalon.core.main.TestSuiteExecutor.execute(TestSuiteExecutor.java:106)
	at com.kms.katalon.core.main.TestCaseMain.startTestSuite(TestCaseMain.java:187)
	at com.kms.katalon.core.main.TestCaseMain$startTestSuite$0.call(Unknown Source)
	at TempTestSuite1693464258738.run(TempTestSuite1693464258738.groovy:36)
Caused by: com.kms.katalon.core.exception.StepFailedException: com.kms.katalon.core.webui.exception.WebElementNotFoundException: Web element with id: 'Object Repository/selector for verify/verify jumlah item 0 (cart)' located by '//span[@class = 'shopping_cart_badge' and (text() = '0' or . = '0')]' not found
	at com.kms.katalon.core.webui.keyword.internal.WebUIKeywordMain.stepFailed(WebUIKeywordMain.groovy:64)
	at com.kms.katalon.core.webui.keyword.builtin.VerifyElementPresentKeyword$_verifyElementPresent_closure1.doCall(VerifyElementPresentKeyword.groovy:85)
	at com.kms.katalon.core.webui.keyword.builtin.VerifyElementPresentKeyword$_verifyElementPresent_closure1.call(VerifyElementPresentKeyword.groovy)
	at com.kms.katalon.core.webui.keyword.internal.WebUIKeywordMain.runKeyword(WebUIKeywordMain.groovy:20)
	... 22 more]]></system-err>
      </testcase>
      <testcase name="Test Cases/Detail Product/TC-DetailProduct-Show-001" time="16.038" classname="Test Cases/Detail Product/TC-DetailProduct-Show-001" status="PASSED">
         <system-out><![CDATA[2023-08-31 13:50:05 - [TEST_CASE][PASSED] - Test Cases/Detail Product/TC-DetailProduct-Show-001: Test Cases/Detail Product/TC-DetailProduct-Show-001

2023-08-31 13:50:06 - [TEST_STEP][PASSED] - item = callTestCase(findTestCase("Login/TC-Login-Success-001"), ["username":"standard_user", "password":"qcu24s4901FyWDTwXGr6XA=="], STOP_ON_FAILURE): Call Test Case 'Test Cases/Login/TC-Login-Success-001' successfully

2023-08-31 13:50:06 - [TEST_CASE][PASSED] - Test Cases/Login/TC-Login-Success-001: Test Cases/Login/TC-Login-Success-001

2023-08-31 13:50:06 - [TEST_STEP][PASSED] - openBrowser(webSauceDemo): Browser is opened with url: 'https://www.saucedemo.com/'

2023-08-31 13:50:06 - [MESSAGE][WARNING] - A browser is already opened. Closing browser and opening a new one

2023-08-31 13:50:07 - [MESSAGE][INFO] - Starting 'Edge Chromium' driver

2023-08-31 13:50:09 - [MESSAGE][INFO] - Action delay is set to 0 milliseconds

2023-08-31 13:50:13 - [MESSAGE][PASSED] - Browser is opened with url: 'https://www.saucedemo.com/'

2023-08-31 13:50:13 - [TEST_STEP][PASSED] - verifyElementPresent(findTestObject("Login Page Object/Swag Labs Text (tanda masuk home)"), 5): Object 'Object Repository/Login Page Object/Swag Labs Text (tanda masuk home)' is present

2023-08-31 13:50:14 - [MESSAGE][PASSED] - Object 'Object Repository/Login Page Object/Swag Labs Text (tanda masuk home)' is present

2023-08-31 13:50:14 - [TEST_STEP][PASSED] - setText(findTestObject("Login Page Object/username login"), username): Text 'standard_user' is set on object 'Object Repository/Login Page Object/username login'

2023-08-31 13:50:15 - [MESSAGE][PASSED] - Text 'standard_user' is set on object 'Object Repository/Login Page Object/username login'

2023-08-31 13:50:15 - [TEST_STEP][PASSED] - setEncryptedText(findTestObject("Login Page Object/password login"), password): Text ****** has been set on object 'Object Repository/Login Page Object/password login'

2023-08-31 13:50:16 - [MESSAGE][PASSED] - Text ****** has been set on object 'Object Repository/Login Page Object/password login'

2023-08-31 13:50:16 - [TEST_STEP][PASSED] - click(findTestObject("Login Page Object/button login")): Object: 'Object Repository/Login Page Object/button login' is clicked on

2023-08-31 13:50:17 - [MESSAGE][PASSED] - Object: 'Object Repository/Login Page Object/button login' is clicked on

2023-08-31 13:50:17 - [TEST_STEP][PASSED] - verifyElementPresent(findTestObject("Product/span_Products"), 5): Object 'Object Repository/Product/span_Products' is present

2023-08-31 13:50:18 - [MESSAGE][PASSED] - Object 'Object Repository/Product/span_Products' is present

2023-08-31 13:50:18 - [TEST_STEP][PASSED] - nameProduct = text: null

2023-08-31 13:50:18 - [TEST_STEP][PASSED] - descProduct = text: null

2023-08-31 13:50:19 - [TEST_STEP][PASSED] - priceProduct = text: null

2023-08-31 13:50:19 - [TEST_STEP][PASSED] - item = new java.util.HashMap(): null

2023-08-31 13:50:19 - [TEST_STEP][PASSED] - item.put("nameProduct", nameProduct): null

2023-08-31 13:50:19 - [TEST_STEP][PASSED] - item.put("descProduct", descProduct): null

2023-08-31 13:50:19 - [TEST_STEP][PASSED] - item.put("priceProduct", priceProduct): null

2023-08-31 13:50:19 - [TEST_STEP][PASSED] - return item: null

2023-08-31 13:50:19 - [MESSAGE][PASSED] - Call Test Case 'Test Cases/Login/TC-Login-Success-001' successfully

2023-08-31 13:50:19 - [TEST_STEP][PASSED] - click(findTestObject("Detail Product/detail produk name pos 1 backpack")): Object: 'Object Repository/Detail Product/detail produk name pos 1 backpack' is clicked on

2023-08-31 13:50:20 - [MESSAGE][PASSED] - Object: 'Object Repository/Detail Product/detail produk name pos 1 backpack' is clicked on

2023-08-31 13:50:20 - [TEST_STEP][PASSED] - nameDetail = text: null

2023-08-31 13:50:20 - [TEST_STEP][PASSED] - descDetail = text: null

2023-08-31 13:50:21 - [TEST_STEP][PASSED] - priceDetail = text: null

2023-08-31 13:50:21 - [TEST_STEP][PASSED] - assert item.get("nameProduct") == nameDetail: null

2023-08-31 13:50:21 - [TEST_STEP][PASSED] - assert item.get("descProduct") == descDetail: null

2023-08-31 13:50:21 - [TEST_STEP][PASSED] - assert item.get("priceProduct") == priceDetail: null]]></system-out>
         <system-err><![CDATA[]]></system-err>
      </testcase>
      <testcase name="Test Cases/Detail Product/TC-DetailProduct-AddCart-001" time="17.366" classname="Test Cases/Detail Product/TC-DetailProduct-AddCart-001" status="PASSED">
         <system-out><![CDATA[2023-08-31 13:50:21 - [TEST_CASE][PASSED] - Test Cases/Detail Product/TC-DetailProduct-AddCart-001: Test Cases/Detail Product/TC-DetailProduct-AddCart-001

2023-08-31 13:50:22 - [TEST_STEP][PASSED] - callTestCase(findTestCase("Detail Product/TC-DetailProduct-Show-001"), [:], STOP_ON_FAILURE): Call Test Case 'Test Cases/Detail Product/TC-DetailProduct-Show-001' successfully

2023-08-31 13:50:22 - [TEST_CASE][PASSED] - Test Cases/Detail Product/TC-DetailProduct-Show-001: Test Cases/Detail Product/TC-DetailProduct-Show-001

2023-08-31 13:50:22 - [TEST_STEP][PASSED] - item = callTestCase(findTestCase("Login/TC-Login-Success-001"), ["username":"standard_user", "password":"qcu24s4901FyWDTwXGr6XA=="], STOP_ON_FAILURE): Call Test Case 'Test Cases/Login/TC-Login-Success-001' successfully

2023-08-31 13:50:22 - [TEST_CASE][PASSED] - Test Cases/Login/TC-Login-Success-001: Test Cases/Login/TC-Login-Success-001

2023-08-31 13:50:22 - [TEST_STEP][PASSED] - openBrowser(webSauceDemo): Browser is opened with url: 'https://www.saucedemo.com/'

2023-08-31 13:50:22 - [MESSAGE][WARNING] - A browser is already opened. Closing browser and opening a new one

2023-08-31 13:50:23 - [MESSAGE][INFO] - Starting 'Edge Chromium' driver

2023-08-31 13:50:25 - [MESSAGE][INFO] - Action delay is set to 0 milliseconds

2023-08-31 13:50:29 - [MESSAGE][PASSED] - Browser is opened with url: 'https://www.saucedemo.com/'

2023-08-31 13:50:29 - [TEST_STEP][PASSED] - verifyElementPresent(findTestObject("Login Page Object/Swag Labs Text (tanda masuk home)"), 5): Object 'Object Repository/Login Page Object/Swag Labs Text (tanda masuk home)' is present

2023-08-31 13:50:30 - [MESSAGE][PASSED] - Object 'Object Repository/Login Page Object/Swag Labs Text (tanda masuk home)' is present

2023-08-31 13:50:30 - [TEST_STEP][PASSED] - setText(findTestObject("Login Page Object/username login"), username): Text 'standard_user' is set on object 'Object Repository/Login Page Object/username login'

2023-08-31 13:50:31 - [MESSAGE][PASSED] - Text 'standard_user' is set on object 'Object Repository/Login Page Object/username login'

2023-08-31 13:50:31 - [TEST_STEP][PASSED] - setEncryptedText(findTestObject("Login Page Object/password login"), password): Text ****** has been set on object 'Object Repository/Login Page Object/password login'

2023-08-31 13:50:32 - [MESSAGE][PASSED] - Text ****** has been set on object 'Object Repository/Login Page Object/password login'

2023-08-31 13:50:32 - [TEST_STEP][PASSED] - click(findTestObject("Login Page Object/button login")): Object: 'Object Repository/Login Page Object/button login' is clicked on

2023-08-31 13:50:33 - [MESSAGE][PASSED] - Object: 'Object Repository/Login Page Object/button login' is clicked on

2023-08-31 13:50:33 - [TEST_STEP][PASSED] - verifyElementPresent(findTestObject("Product/span_Products"), 5): Object 'Object Repository/Product/span_Products' is present

2023-08-31 13:50:34 - [MESSAGE][PASSED] - Object 'Object Repository/Product/span_Products' is present

2023-08-31 13:50:34 - [TEST_STEP][PASSED] - nameProduct = text: null

2023-08-31 13:50:34 - [TEST_STEP][PASSED] - descProduct = text: null

2023-08-31 13:50:35 - [TEST_STEP][PASSED] - priceProduct = text: null

2023-08-31 13:50:35 - [TEST_STEP][PASSED] - item = new java.util.HashMap(): null

2023-08-31 13:50:35 - [TEST_STEP][PASSED] - item.put("nameProduct", nameProduct): null

2023-08-31 13:50:35 - [TEST_STEP][PASSED] - item.put("descProduct", descProduct): null

2023-08-31 13:50:35 - [TEST_STEP][PASSED] - item.put("priceProduct", priceProduct): null

2023-08-31 13:50:35 - [TEST_STEP][PASSED] - return item: null

2023-08-31 13:50:35 - [MESSAGE][PASSED] - Call Test Case 'Test Cases/Login/TC-Login-Success-001' successfully

2023-08-31 13:50:35 - [TEST_STEP][PASSED] - click(findTestObject("Detail Product/detail produk name pos 1 backpack")): Object: 'Object Repository/Detail Product/detail produk name pos 1 backpack' is clicked on

2023-08-31 13:50:36 - [MESSAGE][PASSED] - Object: 'Object Repository/Detail Product/detail produk name pos 1 backpack' is clicked on

2023-08-31 13:50:36 - [TEST_STEP][PASSED] - nameDetail = text: null

2023-08-31 13:50:36 - [TEST_STEP][PASSED] - descDetail = text: null

2023-08-31 13:50:37 - [TEST_STEP][PASSED] - priceDetail = text: null

2023-08-31 13:50:37 - [TEST_STEP][PASSED] - assert item.get("nameProduct") == nameDetail: null

2023-08-31 13:50:37 - [TEST_STEP][PASSED] - assert item.get("descProduct") == descDetail: null

2023-08-31 13:50:37 - [TEST_STEP][PASSED] - assert item.get("priceProduct") == priceDetail: null

2023-08-31 13:50:37 - [MESSAGE][PASSED] - Call Test Case 'Test Cases/Detail Product/TC-DetailProduct-Show-001' successfully

2023-08-31 13:50:37 - [TEST_STEP][PASSED] - click(findTestObject("Detail Product/button_Add to cart")): Object: 'Object Repository/Detail Product/button_Add to cart' is clicked on

2023-08-31 13:50:38 - [MESSAGE][PASSED] - Object: 'Object Repository/Detail Product/button_Add to cart' is clicked on

2023-08-31 13:50:38 - [TEST_STEP][PASSED] - verifyElementPresent(findTestObject("Detail Product/button_Remove"), 5): Object 'Object Repository/Detail Product/button_Remove' is present

2023-08-31 13:50:38 - [MESSAGE][PASSED] - Object 'Object Repository/Detail Product/button_Remove' is present

2023-08-31 13:50:38 - [TEST_STEP][PASSED] - verifyElementPresent(findTestObject("selector for verify/verify jumlah item 1 (cart)"), 5): Object 'Object Repository/selector for verify/verify jumlah item 1 (cart)' is present

2023-08-31 13:50:39 - [MESSAGE][PASSED] - Object 'Object Repository/selector for verify/verify jumlah item 1 (cart)' is present]]></system-out>
         <system-err><![CDATA[]]></system-err>
      </testcase>
      <testcase name="Test Cases/Detail Product/TC-DetailProduct-RemoveCart-001" time="20.062" classname="Test Cases/Detail Product/TC-DetailProduct-RemoveCart-001" status="PASSED">
         <system-out><![CDATA[2023-08-31 13:50:39 - [TEST_CASE][PASSED] - Test Cases/Detail Product/TC-DetailProduct-RemoveCart-001: Test Cases/Detail Product/TC-DetailProduct-RemoveCart-001

2023-08-31 13:50:39 - [TEST_STEP][PASSED] - callTestCase(findTestCase("Detail Product/TC-DetailProduct-AddCart-001"), [:], STOP_ON_FAILURE): Call Test Case 'Test Cases/Detail Product/TC-DetailProduct-AddCart-001' successfully

2023-08-31 13:50:39 - [TEST_CASE][PASSED] - Test Cases/Detail Product/TC-DetailProduct-AddCart-001: Test Cases/Detail Product/TC-DetailProduct-AddCart-001

2023-08-31 13:50:39 - [TEST_STEP][PASSED] - callTestCase(findTestCase("Detail Product/TC-DetailProduct-Show-001"), [:], STOP_ON_FAILURE): Call Test Case 'Test Cases/Detail Product/TC-DetailProduct-Show-001' successfully

2023-08-31 13:50:40 - [TEST_CASE][PASSED] - Test Cases/Detail Product/TC-DetailProduct-Show-001: Test Cases/Detail Product/TC-DetailProduct-Show-001

2023-08-31 13:50:40 - [TEST_STEP][PASSED] - item = callTestCase(findTestCase("Login/TC-Login-Success-001"), ["username":"standard_user", "password":"qcu24s4901FyWDTwXGr6XA=="], STOP_ON_FAILURE): Call Test Case 'Test Cases/Login/TC-Login-Success-001' successfully

2023-08-31 13:50:40 - [TEST_CASE][PASSED] - Test Cases/Login/TC-Login-Success-001: Test Cases/Login/TC-Login-Success-001

2023-08-31 13:50:40 - [TEST_STEP][PASSED] - openBrowser(webSauceDemo): Browser is opened with url: 'https://www.saucedemo.com/'

2023-08-31 13:50:40 - [MESSAGE][WARNING] - A browser is already opened. Closing browser and opening a new one

2023-08-31 13:50:41 - [MESSAGE][INFO] - Starting 'Edge Chromium' driver

2023-08-31 13:50:43 - [MESSAGE][INFO] - Action delay is set to 0 milliseconds

2023-08-31 13:50:47 - [MESSAGE][PASSED] - Browser is opened with url: 'https://www.saucedemo.com/'

2023-08-31 13:50:47 - [TEST_STEP][PASSED] - verifyElementPresent(findTestObject("Login Page Object/Swag Labs Text (tanda masuk home)"), 5): Object 'Object Repository/Login Page Object/Swag Labs Text (tanda masuk home)' is present

2023-08-31 13:50:47 - [MESSAGE][PASSED] - Object 'Object Repository/Login Page Object/Swag Labs Text (tanda masuk home)' is present

2023-08-31 13:50:47 - [TEST_STEP][PASSED] - setText(findTestObject("Login Page Object/username login"), username): Text 'standard_user' is set on object 'Object Repository/Login Page Object/username login'

2023-08-31 13:50:48 - [MESSAGE][PASSED] - Text 'standard_user' is set on object 'Object Repository/Login Page Object/username login'

2023-08-31 13:50:48 - [TEST_STEP][PASSED] - setEncryptedText(findTestObject("Login Page Object/password login"), password): Text ****** has been set on object 'Object Repository/Login Page Object/password login'

2023-08-31 13:50:50 - [MESSAGE][PASSED] - Text ****** has been set on object 'Object Repository/Login Page Object/password login'

2023-08-31 13:50:50 - [TEST_STEP][PASSED] - click(findTestObject("Login Page Object/button login")): Object: 'Object Repository/Login Page Object/button login' is clicked on

2023-08-31 13:50:51 - [MESSAGE][PASSED] - Object: 'Object Repository/Login Page Object/button login' is clicked on

2023-08-31 13:50:51 - [TEST_STEP][PASSED] - verifyElementPresent(findTestObject("Product/span_Products"), 5): Object 'Object Repository/Product/span_Products' is present

2023-08-31 13:50:52 - [MESSAGE][PASSED] - Object 'Object Repository/Product/span_Products' is present

2023-08-31 13:50:52 - [TEST_STEP][PASSED] - nameProduct = text: null

2023-08-31 13:50:52 - [TEST_STEP][PASSED] - descProduct = text: null

2023-08-31 13:50:53 - [TEST_STEP][PASSED] - priceProduct = text: null

2023-08-31 13:50:53 - [TEST_STEP][PASSED] - item = new java.util.HashMap(): null

2023-08-31 13:50:53 - [TEST_STEP][PASSED] - item.put("nameProduct", nameProduct): null

2023-08-31 13:50:53 - [TEST_STEP][PASSED] - item.put("descProduct", descProduct): null

2023-08-31 13:50:53 - [TEST_STEP][PASSED] - item.put("priceProduct", priceProduct): null

2023-08-31 13:50:53 - [TEST_STEP][PASSED] - return item: null

2023-08-31 13:50:53 - [MESSAGE][PASSED] - Call Test Case 'Test Cases/Login/TC-Login-Success-001' successfully

2023-08-31 13:50:53 - [TEST_STEP][PASSED] - click(findTestObject("Detail Product/detail produk name pos 1 backpack")): Object: 'Object Repository/Detail Product/detail produk name pos 1 backpack' is clicked on

2023-08-31 13:50:54 - [MESSAGE][PASSED] - Object: 'Object Repository/Detail Product/detail produk name pos 1 backpack' is clicked on

2023-08-31 13:50:54 - [TEST_STEP][PASSED] - nameDetail = text: null

2023-08-31 13:50:54 - [TEST_STEP][PASSED] - descDetail = text: null

2023-08-31 13:50:55 - [TEST_STEP][PASSED] - priceDetail = text: null

2023-08-31 13:50:55 - [TEST_STEP][PASSED] - assert item.get("nameProduct") == nameDetail: null

2023-08-31 13:50:55 - [TEST_STEP][PASSED] - assert item.get("descProduct") == descDetail: null

2023-08-31 13:50:55 - [TEST_STEP][PASSED] - assert item.get("priceProduct") == priceDetail: null

2023-08-31 13:50:55 - [MESSAGE][PASSED] - Call Test Case 'Test Cases/Detail Product/TC-DetailProduct-Show-001' successfully

2023-08-31 13:50:55 - [TEST_STEP][PASSED] - click(findTestObject("Detail Product/button_Add to cart")): Object: 'Object Repository/Detail Product/button_Add to cart' is clicked on

2023-08-31 13:50:56 - [MESSAGE][PASSED] - Object: 'Object Repository/Detail Product/button_Add to cart' is clicked on

2023-08-31 13:50:56 - [TEST_STEP][PASSED] - verifyElementPresent(findTestObject("Detail Product/button_Remove"), 5): Object 'Object Repository/Detail Product/button_Remove' is present

2023-08-31 13:50:56 - [MESSAGE][PASSED] - Object 'Object Repository/Detail Product/button_Remove' is present

2023-08-31 13:50:56 - [TEST_STEP][PASSED] - verifyElementPresent(findTestObject("selector for verify/verify jumlah item 1 (cart)"), 5): Object 'Object Repository/selector for verify/verify jumlah item 1 (cart)' is present

2023-08-31 13:50:57 - [MESSAGE][PASSED] - Object 'Object Repository/selector for verify/verify jumlah item 1 (cart)' is present

2023-08-31 13:50:57 - [MESSAGE][PASSED] - Call Test Case 'Test Cases/Detail Product/TC-DetailProduct-AddCart-001' successfully

2023-08-31 13:50:57 - [TEST_STEP][PASSED] - click(findTestObject("Detail Product/button_Remove")): Object: 'Object Repository/Detail Product/button_Remove' is clicked on

2023-08-31 13:50:57 - [MESSAGE][PASSED] - Object: 'Object Repository/Detail Product/button_Remove' is clicked on

2023-08-31 13:50:57 - [TEST_STEP][PASSED] - verifyElementPresent(findTestObject("Detail Product/button_Add to cart"), 5): Object 'Object Repository/Detail Product/button_Add to cart' is present

2023-08-31 13:50:58 - [MESSAGE][PASSED] - Object 'Object Repository/Detail Product/button_Add to cart' is present

2023-08-31 13:50:58 - [TEST_STEP][PASSED] - verifyElementNotPresent(findTestObject("selector for verify/verify jumlah item 1 (cart)"), 5): Web element with id: 'Object Repository/selector for verify/verify jumlah item 1 (cart)' located by 'By.xpath: //span[@class = 'shopping_cart_badge' and (text() = '1' or . = '1')]' is not present after '5' second(s)

2023-08-31 13:50:59 - [MESSAGE][PASSED] - Web element with id: 'Object Repository/selector for verify/verify jumlah item 1 (cart)' located by 'By.xpath: //span[@class = 'shopping_cart_badge' and (text() = '1' or . = '1')]' is not present after '5' second(s)]]></system-out>
         <system-err><![CDATA[]]></system-err>
      </testcase>
      <testcase name="Test Cases/Detail Product/TC-DetailProduct-Nav-001" time="17.353" classname="Test Cases/Detail Product/TC-DetailProduct-Nav-001" status="PASSED">
         <system-out><![CDATA[2023-08-31 13:50:59 - [TEST_CASE][PASSED] - Test Cases/Detail Product/TC-DetailProduct-Nav-001: Test Cases/Detail Product/TC-DetailProduct-Nav-001

2023-08-31 13:50:59 - [TEST_STEP][PASSED] - callTestCase(findTestCase("Detail Product/TC-DetailProduct-Show-001"), [:], STOP_ON_FAILURE): Call Test Case 'Test Cases/Detail Product/TC-DetailProduct-Show-001' successfully

2023-08-31 13:50:59 - [TEST_CASE][PASSED] - Test Cases/Detail Product/TC-DetailProduct-Show-001: Test Cases/Detail Product/TC-DetailProduct-Show-001

2023-08-31 13:50:59 - [TEST_STEP][PASSED] - item = callTestCase(findTestCase("Login/TC-Login-Success-001"), ["username":"standard_user", "password":"qcu24s4901FyWDTwXGr6XA=="], STOP_ON_FAILURE): Call Test Case 'Test Cases/Login/TC-Login-Success-001' successfully

2023-08-31 13:51:00 - [TEST_CASE][PASSED] - Test Cases/Login/TC-Login-Success-001: Test Cases/Login/TC-Login-Success-001

2023-08-31 13:51:00 - [TEST_STEP][PASSED] - openBrowser(webSauceDemo): Browser is opened with url: 'https://www.saucedemo.com/'

2023-08-31 13:51:00 - [MESSAGE][WARNING] - A browser is already opened. Closing browser and opening a new one

2023-08-31 13:51:00 - [MESSAGE][INFO] - Starting 'Edge Chromium' driver

2023-08-31 13:51:03 - [MESSAGE][INFO] - Action delay is set to 0 milliseconds

2023-08-31 13:51:07 - [MESSAGE][PASSED] - Browser is opened with url: 'https://www.saucedemo.com/'

2023-08-31 13:51:07 - [TEST_STEP][PASSED] - verifyElementPresent(findTestObject("Login Page Object/Swag Labs Text (tanda masuk home)"), 5): Object 'Object Repository/Login Page Object/Swag Labs Text (tanda masuk home)' is present

2023-08-31 13:51:07 - [MESSAGE][PASSED] - Object 'Object Repository/Login Page Object/Swag Labs Text (tanda masuk home)' is present

2023-08-31 13:51:07 - [TEST_STEP][PASSED] - setText(findTestObject("Login Page Object/username login"), username): Text 'standard_user' is set on object 'Object Repository/Login Page Object/username login'

2023-08-31 13:51:08 - [MESSAGE][PASSED] - Text 'standard_user' is set on object 'Object Repository/Login Page Object/username login'

2023-08-31 13:51:08 - [TEST_STEP][PASSED] - setEncryptedText(findTestObject("Login Page Object/password login"), password): Text ****** has been set on object 'Object Repository/Login Page Object/password login'

2023-08-31 13:51:09 - [MESSAGE][PASSED] - Text ****** has been set on object 'Object Repository/Login Page Object/password login'

2023-08-31 13:51:09 - [TEST_STEP][PASSED] - click(findTestObject("Login Page Object/button login")): Object: 'Object Repository/Login Page Object/button login' is clicked on

2023-08-31 13:51:11 - [MESSAGE][PASSED] - Object: 'Object Repository/Login Page Object/button login' is clicked on

2023-08-31 13:51:11 - [TEST_STEP][PASSED] - verifyElementPresent(findTestObject("Product/span_Products"), 5): Object 'Object Repository/Product/span_Products' is present

2023-08-31 13:51:11 - [MESSAGE][PASSED] - Object 'Object Repository/Product/span_Products' is present

2023-08-31 13:51:11 - [TEST_STEP][PASSED] - nameProduct = text: null

2023-08-31 13:51:12 - [TEST_STEP][PASSED] - descProduct = text: null

2023-08-31 13:51:12 - [TEST_STEP][PASSED] - priceProduct = text: null

2023-08-31 13:51:13 - [TEST_STEP][PASSED] - item = new java.util.HashMap(): null

2023-08-31 13:51:13 - [TEST_STEP][PASSED] - item.put("nameProduct", nameProduct): null

2023-08-31 13:51:13 - [TEST_STEP][PASSED] - item.put("descProduct", descProduct): null

2023-08-31 13:51:13 - [TEST_STEP][PASSED] - item.put("priceProduct", priceProduct): null

2023-08-31 13:51:13 - [TEST_STEP][PASSED] - return item: null

2023-08-31 13:51:13 - [MESSAGE][PASSED] - Call Test Case 'Test Cases/Login/TC-Login-Success-001' successfully

2023-08-31 13:51:13 - [TEST_STEP][PASSED] - click(findTestObject("Detail Product/detail produk name pos 1 backpack")): Object: 'Object Repository/Detail Product/detail produk name pos 1 backpack' is clicked on

2023-08-31 13:51:13 - [MESSAGE][PASSED] - Object: 'Object Repository/Detail Product/detail produk name pos 1 backpack' is clicked on

2023-08-31 13:51:13 - [TEST_STEP][PASSED] - nameDetail = text: null

2023-08-31 13:51:14 - [TEST_STEP][PASSED] - descDetail = text: null

2023-08-31 13:51:15 - [TEST_STEP][PASSED] - priceDetail = text: null

2023-08-31 13:51:15 - [TEST_STEP][PASSED] - assert item.get("nameProduct") == nameDetail: null

2023-08-31 13:51:15 - [TEST_STEP][PASSED] - assert item.get("descProduct") == descDetail: null

2023-08-31 13:51:15 - [TEST_STEP][PASSED] - assert item.get("priceProduct") == priceDetail: null

2023-08-31 13:51:15 - [MESSAGE][PASSED] - Call Test Case 'Test Cases/Detail Product/TC-DetailProduct-Show-001' successfully

2023-08-31 13:51:15 - [TEST_STEP][PASSED] - click(findTestObject("Detail Product/button_Back to products")): Object: 'Object Repository/Detail Product/button_Back to products' is clicked on

2023-08-31 13:51:16 - [MESSAGE][PASSED] - Object: 'Object Repository/Detail Product/button_Back to products' is clicked on

2023-08-31 13:51:16 - [TEST_STEP][PASSED] - verifyElementPresent(findTestObject("Product/span_Products"), 5): Object 'Object Repository/Product/span_Products' is present

2023-08-31 13:51:16 - [MESSAGE][PASSED] - Object 'Object Repository/Product/span_Products' is present]]></system-out>
         <system-err><![CDATA[]]></system-err>
      </testcase>
      <testcase name="Test Cases/Keranjang/TC-Cart-Show-001" time="15.025" classname="Test Cases/Keranjang/TC-Cart-Show-001" status="PASSED">
         <system-out><![CDATA[2023-08-31 13:51:16 - [TEST_CASE][PASSED] - Test Cases/Keranjang/TC-Cart-Show-001: Test Cases/Keranjang/TC-Cart-Show-001

2023-08-31 13:51:17 - [TEST_STEP][PASSED] - callTestCase(findTestCase("Login/TC-Login-Success-001"), ["username":"standard_user", "password":"qcu24s4901FyWDTwXGr6XA=="], STOP_ON_FAILURE): Call Test Case 'Test Cases/Login/TC-Login-Success-001' successfully

2023-08-31 13:51:17 - [TEST_CASE][PASSED] - Test Cases/Login/TC-Login-Success-001: Test Cases/Login/TC-Login-Success-001

2023-08-31 13:51:17 - [TEST_STEP][PASSED] - openBrowser(webSauceDemo): Browser is opened with url: 'https://www.saucedemo.com/'

2023-08-31 13:51:17 - [MESSAGE][WARNING] - A browser is already opened. Closing browser and opening a new one

2023-08-31 13:51:18 - [MESSAGE][INFO] - Starting 'Edge Chromium' driver

2023-08-31 13:51:20 - [MESSAGE][INFO] - Action delay is set to 0 milliseconds

2023-08-31 13:51:24 - [MESSAGE][PASSED] - Browser is opened with url: 'https://www.saucedemo.com/'

2023-08-31 13:51:24 - [TEST_STEP][PASSED] - verifyElementPresent(findTestObject("Login Page Object/Swag Labs Text (tanda masuk home)"), 5): Object 'Object Repository/Login Page Object/Swag Labs Text (tanda masuk home)' is present

2023-08-31 13:51:24 - [MESSAGE][PASSED] - Object 'Object Repository/Login Page Object/Swag Labs Text (tanda masuk home)' is present

2023-08-31 13:51:24 - [TEST_STEP][PASSED] - setText(findTestObject("Login Page Object/username login"), username): Text 'standard_user' is set on object 'Object Repository/Login Page Object/username login'

2023-08-31 13:51:25 - [MESSAGE][PASSED] - Text 'standard_user' is set on object 'Object Repository/Login Page Object/username login'

2023-08-31 13:51:25 - [TEST_STEP][PASSED] - setEncryptedText(findTestObject("Login Page Object/password login"), password): Text ****** has been set on object 'Object Repository/Login Page Object/password login'

2023-08-31 13:51:27 - [MESSAGE][PASSED] - Text ****** has been set on object 'Object Repository/Login Page Object/password login'

2023-08-31 13:51:27 - [TEST_STEP][PASSED] - click(findTestObject("Login Page Object/button login")): Object: 'Object Repository/Login Page Object/button login' is clicked on

2023-08-31 13:51:28 - [MESSAGE][PASSED] - Object: 'Object Repository/Login Page Object/button login' is clicked on

2023-08-31 13:51:28 - [TEST_STEP][PASSED] - verifyElementPresent(findTestObject("Product/span_Products"), 5): Object 'Object Repository/Product/span_Products' is present

2023-08-31 13:51:29 - [MESSAGE][PASSED] - Object 'Object Repository/Product/span_Products' is present

2023-08-31 13:51:29 - [TEST_STEP][PASSED] - nameProduct = text: null

2023-08-31 13:51:29 - [TEST_STEP][PASSED] - descProduct = text: null

2023-08-31 13:51:30 - [TEST_STEP][PASSED] - priceProduct = text: null

2023-08-31 13:51:30 - [TEST_STEP][PASSED] - item = new java.util.HashMap(): null

2023-08-31 13:51:30 - [TEST_STEP][PASSED] - item.put("nameProduct", nameProduct): null

2023-08-31 13:51:30 - [TEST_STEP][PASSED] - item.put("descProduct", descProduct): null

2023-08-31 13:51:30 - [TEST_STEP][PASSED] - item.put("priceProduct", priceProduct): null

2023-08-31 13:51:30 - [TEST_STEP][PASSED] - return item: null

2023-08-31 13:51:30 - [MESSAGE][PASSED] - Call Test Case 'Test Cases/Login/TC-Login-Success-001' successfully

2023-08-31 13:51:30 - [TEST_STEP][PASSED] - click(findTestObject("Checkout/cart icon")): Object: 'Object Repository/Checkout/cart icon' is clicked on

2023-08-31 13:51:31 - [MESSAGE][PASSED] - Object: 'Object Repository/Checkout/cart icon' is clicked on

2023-08-31 13:51:31 - [TEST_STEP][PASSED] - verifyElementPresent(findTestObject("Checkout/span_Your Cart"), 5): Object 'Object Repository/Checkout/span_Your Cart' is present

2023-08-31 13:51:31 - [MESSAGE][PASSED] - Object 'Object Repository/Checkout/span_Your Cart' is present]]></system-out>
         <system-err><![CDATA[]]></system-err>
      </testcase>
      <testcase name="Test Cases/Keranjang/TC-Cart-Show-002" time="18.915" classname="Test Cases/Keranjang/TC-Cart-Show-002" status="PASSED">
         <system-out><![CDATA[2023-08-31 13:51:31 - [TEST_CASE][PASSED] - Test Cases/Keranjang/TC-Cart-Show-002: Test Cases/Keranjang/TC-Cart-Show-002

2023-08-31 13:51:32 - [TEST_STEP][PASSED] - productPage = callTestCase(findTestCase("Product/TC-Product-AddCart-001"), [:], STOP_ON_FAILURE): Call Test Case 'Test Cases/Product/TC-Product-AddCart-001' successfully

2023-08-31 13:51:32 - [TEST_CASE][PASSED] - Test Cases/Product/TC-Product-AddCart-001: Test Cases/Product/TC-Product-AddCart-001

2023-08-31 13:51:32 - [TEST_STEP][PASSED] - callTestCase(findTestCase("Product/TC-Product-Show-001"), [:], STOP_ON_FAILURE): Call Test Case 'Test Cases/Product/TC-Product-Show-001' successfully

2023-08-31 13:51:32 - [TEST_CASE][PASSED] - Test Cases/Product/TC-Product-Show-001: Test Cases/Product/TC-Product-Show-001

2023-08-31 13:51:32 - [TEST_STEP][PASSED] - callTestCase(findTestCase("Login/TC-Login-Success-001"), ["username":"standard_user", "password":"qcu24s4901FyWDTwXGr6XA=="], STOP_ON_FAILURE): Call Test Case 'Test Cases/Login/TC-Login-Success-001' successfully

2023-08-31 13:51:32 - [TEST_CASE][PASSED] - Test Cases/Login/TC-Login-Success-001: Test Cases/Login/TC-Login-Success-001

2023-08-31 13:51:32 - [TEST_STEP][PASSED] - openBrowser(webSauceDemo): Browser is opened with url: 'https://www.saucedemo.com/'

2023-08-31 13:51:32 - [MESSAGE][WARNING] - A browser is already opened. Closing browser and opening a new one

2023-08-31 13:51:33 - [MESSAGE][INFO] - Starting 'Edge Chromium' driver

2023-08-31 13:51:35 - [MESSAGE][INFO] - Action delay is set to 0 milliseconds

2023-08-31 13:51:39 - [MESSAGE][PASSED] - Browser is opened with url: 'https://www.saucedemo.com/'

2023-08-31 13:51:39 - [TEST_STEP][PASSED] - verifyElementPresent(findTestObject("Login Page Object/Swag Labs Text (tanda masuk home)"), 5): Object 'Object Repository/Login Page Object/Swag Labs Text (tanda masuk home)' is present

2023-08-31 13:51:40 - [MESSAGE][PASSED] - Object 'Object Repository/Login Page Object/Swag Labs Text (tanda masuk home)' is present

2023-08-31 13:51:40 - [TEST_STEP][PASSED] - setText(findTestObject("Login Page Object/username login"), username): Text 'standard_user' is set on object 'Object Repository/Login Page Object/username login'

2023-08-31 13:51:41 - [MESSAGE][PASSED] - Text 'standard_user' is set on object 'Object Repository/Login Page Object/username login'

2023-08-31 13:51:41 - [TEST_STEP][PASSED] - setEncryptedText(findTestObject("Login Page Object/password login"), password): Text ****** has been set on object 'Object Repository/Login Page Object/password login'

2023-08-31 13:51:41 - [MESSAGE][PASSED] - Text ****** has been set on object 'Object Repository/Login Page Object/password login'

2023-08-31 13:51:41 - [TEST_STEP][PASSED] - click(findTestObject("Login Page Object/button login")): Object: 'Object Repository/Login Page Object/button login' is clicked on

2023-08-31 13:51:42 - [MESSAGE][PASSED] - Object: 'Object Repository/Login Page Object/button login' is clicked on

2023-08-31 13:51:42 - [TEST_STEP][PASSED] - verifyElementPresent(findTestObject("Product/span_Products"), 5): Object 'Object Repository/Product/span_Products' is present

2023-08-31 13:51:43 - [MESSAGE][PASSED] - Object 'Object Repository/Product/span_Products' is present

2023-08-31 13:51:43 - [TEST_STEP][PASSED] - nameProduct = text: null

2023-08-31 13:51:44 - [TEST_STEP][PASSED] - descProduct = text: null

2023-08-31 13:51:44 - [TEST_STEP][PASSED] - priceProduct = text: null

2023-08-31 13:51:45 - [TEST_STEP][PASSED] - item = new java.util.HashMap(): null

2023-08-31 13:51:45 - [TEST_STEP][PASSED] - item.put("nameProduct", nameProduct): null

2023-08-31 13:51:45 - [TEST_STEP][PASSED] - item.put("descProduct", descProduct): null

2023-08-31 13:51:45 - [TEST_STEP][PASSED] - item.put("priceProduct", priceProduct): null

2023-08-31 13:51:45 - [TEST_STEP][PASSED] - return item: null

2023-08-31 13:51:45 - [MESSAGE][PASSED] - Call Test Case 'Test Cases/Login/TC-Login-Success-001' successfully

2023-08-31 13:51:45 - [MESSAGE][PASSED] - Call Test Case 'Test Cases/Product/TC-Product-Show-001' successfully

2023-08-31 13:51:45 - [TEST_STEP][PASSED] - nameProduct = text: null

2023-08-31 13:51:45 - [TEST_STEP][PASSED] - descProduct = text: null

2023-08-31 13:51:46 - [TEST_STEP][PASSED] - priceProduct = text: null

2023-08-31 13:51:46 - [TEST_STEP][PASSED] - dataProduct = new java.util.HashMap(): null

2023-08-31 13:51:46 - [TEST_STEP][PASSED] - dataProduct.put("nameProduct", nameProduct): null

2023-08-31 13:51:46 - [TEST_STEP][PASSED] - dataProduct.put("descProduct", descProduct): null

2023-08-31 13:51:46 - [TEST_STEP][PASSED] - dataProduct.put("priceProduct", priceProduct): null

2023-08-31 13:51:46 - [TEST_STEP][PASSED] - click(findTestObject("Product/button add to cart backpack")): Object: 'Object Repository/Product/button add to cart backpack' is clicked on

2023-08-31 13:51:47 - [MESSAGE][PASSED] - Object: 'Object Repository/Product/button add to cart backpack' is clicked on

2023-08-31 13:51:47 - [TEST_STEP][PASSED] - verifyElementPresent(findTestObject("selector for verify/button remove item pos 1"), 5): Object 'Object Repository/selector for verify/button remove item pos 1' is present

2023-08-31 13:51:47 - [MESSAGE][PASSED] - Object 'Object Repository/selector for verify/button remove item pos 1' is present

2023-08-31 13:51:47 - [TEST_STEP][PASSED] - verifyElementPresent(findTestObject("selector for verify/verify jumlah item 1 (cart)"), 5): Object 'Object Repository/selector for verify/verify jumlah item 1 (cart)' is present

2023-08-31 13:51:48 - [MESSAGE][PASSED] - Object 'Object Repository/selector for verify/verify jumlah item 1 (cart)' is present

2023-08-31 13:51:48 - [TEST_STEP][PASSED] - return dataProduct: null

2023-08-31 13:51:48 - [MESSAGE][PASSED] - Call Test Case 'Test Cases/Product/TC-Product-AddCart-001' successfully

2023-08-31 13:51:48 - [TEST_STEP][PASSED] - click(findTestObject("Checkout/cart icon")): Object: 'Object Repository/Checkout/cart icon' is clicked on

2023-08-31 13:51:48 - [MESSAGE][PASSED] - Object: 'Object Repository/Checkout/cart icon' is clicked on

2023-08-31 13:51:48 - [TEST_STEP][PASSED] - verifyElementPresent(findTestObject("Checkout/span_Your Cart"), 5): Object 'Object Repository/Checkout/span_Your Cart' is present

2023-08-31 13:51:49 - [MESSAGE][PASSED] - Object 'Object Repository/Checkout/span_Your Cart' is present

2023-08-31 13:51:49 - [TEST_STEP][PASSED] - nameCart = text: null

2023-08-31 13:51:49 - [TEST_STEP][PASSED] - descCart = text: null

2023-08-31 13:51:49 - [TEST_STEP][PASSED] - priceCart = text: null

2023-08-31 13:51:50 - [TEST_STEP][PASSED] - productPage.put("nameCart", nameCart): null

2023-08-31 13:51:50 - [TEST_STEP][PASSED] - productPage.put("descCart", descCart): null

2023-08-31 13:51:50 - [TEST_STEP][PASSED] - productPage.put("priceCart", priceCart): null

2023-08-31 13:51:50 - [TEST_STEP][PASSED] - assert productPage.get("nameProduct") == nameCart: null

2023-08-31 13:51:50 - [TEST_STEP][PASSED] - assert productPage.get("priceProduct") == priceCart: null

2023-08-31 13:51:50 - [TEST_STEP][PASSED] - assert productPage.get("descProduct") == descCart: null

2023-08-31 13:51:50 - [TEST_STEP][PASSED] - return productPage: null]]></system-out>
         <system-err><![CDATA[]]></system-err>
      </testcase>
      <testcase name="Test Cases/Keranjang/TC-Cart-Show-003" time="23.483" classname="Test Cases/Keranjang/TC-Cart-Show-003" status="PASSED">
         <system-out><![CDATA[2023-08-31 13:51:50 - [TEST_CASE][PASSED] - Test Cases/Keranjang/TC-Cart-Show-003: Test Cases/Keranjang/TC-Cart-Show-003

2023-08-31 13:51:51 - [TEST_STEP][PASSED] - itemProduct = callTestCase(findTestCase("Product/TC-Product-AddCart-002"), [:], STOP_ON_FAILURE): Call Test Case 'Test Cases/Product/TC-Product-AddCart-002' successfully

2023-08-31 13:51:51 - [TEST_CASE][PASSED] - Test Cases/Product/TC-Product-AddCart-002: Test Cases/Product/TC-Product-AddCart-002

2023-08-31 13:51:51 - [TEST_STEP][PASSED] - itemProduct = callTestCase(findTestCase("Product/TC-Product-AddCart-001"), [:], STOP_ON_FAILURE): Call Test Case 'Test Cases/Product/TC-Product-AddCart-001' successfully

2023-08-31 13:51:51 - [TEST_CASE][PASSED] - Test Cases/Product/TC-Product-AddCart-001: Test Cases/Product/TC-Product-AddCart-001

2023-08-31 13:51:51 - [TEST_STEP][PASSED] - callTestCase(findTestCase("Product/TC-Product-Show-001"), [:], STOP_ON_FAILURE): Call Test Case 'Test Cases/Product/TC-Product-Show-001' successfully

2023-08-31 13:51:51 - [TEST_CASE][PASSED] - Test Cases/Product/TC-Product-Show-001: Test Cases/Product/TC-Product-Show-001

2023-08-31 13:51:51 - [TEST_STEP][PASSED] - callTestCase(findTestCase("Login/TC-Login-Success-001"), ["username":"standard_user", "password":"qcu24s4901FyWDTwXGr6XA=="], STOP_ON_FAILURE): Call Test Case 'Test Cases/Login/TC-Login-Success-001' successfully

2023-08-31 13:51:51 - [TEST_CASE][PASSED] - Test Cases/Login/TC-Login-Success-001: Test Cases/Login/TC-Login-Success-001

2023-08-31 13:51:51 - [TEST_STEP][PASSED] - openBrowser(webSauceDemo): Browser is opened with url: 'https://www.saucedemo.com/'

2023-08-31 13:51:51 - [MESSAGE][WARNING] - A browser is already opened. Closing browser and opening a new one

2023-08-31 13:51:52 - [MESSAGE][INFO] - Starting 'Edge Chromium' driver

2023-08-31 13:51:54 - [MESSAGE][INFO] - Action delay is set to 0 milliseconds

2023-08-31 13:51:59 - [MESSAGE][PASSED] - Browser is opened with url: 'https://www.saucedemo.com/'

2023-08-31 13:51:59 - [TEST_STEP][PASSED] - verifyElementPresent(findTestObject("Login Page Object/Swag Labs Text (tanda masuk home)"), 5): Object 'Object Repository/Login Page Object/Swag Labs Text (tanda masuk home)' is present

2023-08-31 13:52:00 - [MESSAGE][PASSED] - Object 'Object Repository/Login Page Object/Swag Labs Text (tanda masuk home)' is present

2023-08-31 13:52:00 - [TEST_STEP][PASSED] - setText(findTestObject("Login Page Object/username login"), username): Text 'standard_user' is set on object 'Object Repository/Login Page Object/username login'

2023-08-31 13:52:01 - [MESSAGE][PASSED] - Text 'standard_user' is set on object 'Object Repository/Login Page Object/username login'

2023-08-31 13:52:01 - [TEST_STEP][PASSED] - setEncryptedText(findTestObject("Login Page Object/password login"), password): Text ****** has been set on object 'Object Repository/Login Page Object/password login'

2023-08-31 13:52:02 - [MESSAGE][PASSED] - Text ****** has been set on object 'Object Repository/Login Page Object/password login'

2023-08-31 13:52:02 - [TEST_STEP][PASSED] - click(findTestObject("Login Page Object/button login")): Object: 'Object Repository/Login Page Object/button login' is clicked on

2023-08-31 13:52:03 - [MESSAGE][PASSED] - Object: 'Object Repository/Login Page Object/button login' is clicked on

2023-08-31 13:52:03 - [TEST_STEP][PASSED] - verifyElementPresent(findTestObject("Product/span_Products"), 5): Object 'Object Repository/Product/span_Products' is present

2023-08-31 13:52:04 - [MESSAGE][PASSED] - Object 'Object Repository/Product/span_Products' is present

2023-08-31 13:52:04 - [TEST_STEP][PASSED] - nameProduct = text: null

2023-08-31 13:52:04 - [TEST_STEP][PASSED] - descProduct = text: null

2023-08-31 13:52:05 - [TEST_STEP][PASSED] - priceProduct = text: null

2023-08-31 13:52:05 - [TEST_STEP][PASSED] - item = new java.util.HashMap(): null

2023-08-31 13:52:05 - [TEST_STEP][PASSED] - item.put("nameProduct", nameProduct): null

2023-08-31 13:52:05 - [TEST_STEP][PASSED] - item.put("descProduct", descProduct): null

2023-08-31 13:52:05 - [TEST_STEP][PASSED] - item.put("priceProduct", priceProduct): null

2023-08-31 13:52:05 - [TEST_STEP][PASSED] - return item: null

2023-08-31 13:52:05 - [MESSAGE][PASSED] - Call Test Case 'Test Cases/Login/TC-Login-Success-001' successfully

2023-08-31 13:52:05 - [MESSAGE][PASSED] - Call Test Case 'Test Cases/Product/TC-Product-Show-001' successfully

2023-08-31 13:52:05 - [TEST_STEP][PASSED] - nameProduct = text: null

2023-08-31 13:52:06 - [TEST_STEP][PASSED] - descProduct = text: null

2023-08-31 13:52:06 - [TEST_STEP][PASSED] - priceProduct = text: null

2023-08-31 13:52:07 - [TEST_STEP][PASSED] - dataProduct = new java.util.HashMap(): null

2023-08-31 13:52:07 - [TEST_STEP][PASSED] - dataProduct.put("nameProduct", nameProduct): null

2023-08-31 13:52:07 - [TEST_STEP][PASSED] - dataProduct.put("descProduct", descProduct): null

2023-08-31 13:52:07 - [TEST_STEP][PASSED] - dataProduct.put("priceProduct", priceProduct): null

2023-08-31 13:52:07 - [TEST_STEP][PASSED] - click(findTestObject("Product/button add to cart backpack")): Object: 'Object Repository/Product/button add to cart backpack' is clicked on

2023-08-31 13:52:07 - [MESSAGE][PASSED] - Object: 'Object Repository/Product/button add to cart backpack' is clicked on

2023-08-31 13:52:07 - [TEST_STEP][PASSED] - verifyElementPresent(findTestObject("selector for verify/button remove item pos 1"), 5): Object 'Object Repository/selector for verify/button remove item pos 1' is present

2023-08-31 13:52:08 - [MESSAGE][PASSED] - Object 'Object Repository/selector for verify/button remove item pos 1' is present

2023-08-31 13:52:08 - [TEST_STEP][PASSED] - verifyElementPresent(findTestObject("selector for verify/verify jumlah item 1 (cart)"), 5): Object 'Object Repository/selector for verify/verify jumlah item 1 (cart)' is present

2023-08-31 13:52:08 - [MESSAGE][PASSED] - Object 'Object Repository/selector for verify/verify jumlah item 1 (cart)' is present

2023-08-31 13:52:08 - [TEST_STEP][PASSED] - return dataProduct: null

2023-08-31 13:52:08 - [MESSAGE][PASSED] - Call Test Case 'Test Cases/Product/TC-Product-AddCart-001' successfully

2023-08-31 13:52:08 - [TEST_STEP][PASSED] - nameProduct = text: null

2023-08-31 13:52:09 - [TEST_STEP][PASSED] - descProduct = text: null

2023-08-31 13:52:09 - [TEST_STEP][PASSED] - priceProduct = text: null

2023-08-31 13:52:09 - [TEST_STEP][PASSED] - nameProductList = new java.util.ArrayList(): null

2023-08-31 13:52:09 - [TEST_STEP][PASSED] - descProductList = new java.util.ArrayList(): null

2023-08-31 13:52:09 - [TEST_STEP][PASSED] - priceProductList = new java.util.ArrayList(): null

2023-08-31 13:52:09 - [TEST_STEP][PASSED] - nameProductList.add(itemProduct.get("nameProduct")): null

2023-08-31 13:52:09 - [TEST_STEP][PASSED] - nameProductList.add(nameProduct): null

2023-08-31 13:52:09 - [TEST_STEP][PASSED] - descProductList.add(itemProduct.get("descProduct")): null

2023-08-31 13:52:09 - [TEST_STEP][PASSED] - descProductList.add(descProduct): null

2023-08-31 13:52:09 - [TEST_STEP][PASSED] - priceProductList.add(itemProduct.get("priceProduct")): null

2023-08-31 13:52:09 - [TEST_STEP][PASSED] - priceProductList.add(priceProduct): null

2023-08-31 13:52:09 - [TEST_STEP][PASSED] - itemProduct.put("listNameProduct", nameProductList): null

2023-08-31 13:52:09 - [TEST_STEP][PASSED] - itemProduct.put("listDescProduct", descProductList): null

2023-08-31 13:52:09 - [TEST_STEP][PASSED] - itemProduct.put("listPriceProduct", priceProductList): null

2023-08-31 13:52:09 - [TEST_STEP][PASSED] - click(findTestObject("Product/button add to cart pos 2")): Object: 'Object Repository/Product/button add to cart pos 2' is clicked on

2023-08-31 13:52:10 - [MESSAGE][PASSED] - Object: 'Object Repository/Product/button add to cart pos 2' is clicked on

2023-08-31 13:52:10 - [TEST_STEP][PASSED] - verifyElementPresent(findTestObject("selector for verify/button remove item pos 2"), 5): Object 'Object Repository/selector for verify/button remove item pos 2' is present

2023-08-31 13:52:11 - [MESSAGE][PASSED] - Object 'Object Repository/selector for verify/button remove item pos 2' is present

2023-08-31 13:52:11 - [TEST_STEP][PASSED] - verifyElementPresent(findTestObject("selector for verify/verify jumlah item 2 (cart)"), 5): Object 'Object Repository/selector for verify/verify jumlah item 2 (cart)' is present

2023-08-31 13:52:11 - [MESSAGE][PASSED] - Object 'Object Repository/selector for verify/verify jumlah item 2 (cart)' is present

2023-08-31 13:52:11 - [TEST_STEP][PASSED] - return itemProduct: null

2023-08-31 13:52:11 - [MESSAGE][PASSED] - Call Test Case 'Test Cases/Product/TC-Product-AddCart-002' successfully

2023-08-31 13:52:11 - [TEST_STEP][PASSED] - click(findTestObject("Checkout/cart icon")): Object: 'Object Repository/Checkout/cart icon' is clicked on

2023-08-31 13:52:12 - [MESSAGE][PASSED] - Object: 'Object Repository/Checkout/cart icon' is clicked on

2023-08-31 13:52:12 - [TEST_STEP][PASSED] - verifyElementPresent(findTestObject("Checkout/span_Your Cart"), 5): Object 'Object Repository/Checkout/span_Your Cart' is present

2023-08-31 13:52:12 - [MESSAGE][PASSED] - Object 'Object Repository/Checkout/span_Your Cart' is present

2023-08-31 13:52:12 - [TEST_STEP][PASSED] - nameCart = findWebElements(findTestObject("Object Repository/selector for verify/cart item pos 1 name"), 5): null

2023-08-31 13:52:12 - [TEST_STEP][PASSED] - descCart = findWebElements(findTestObject("Object Repository/selector for verify/cart item pos 1 desc"), 5): null

2023-08-31 13:52:13 - [TEST_STEP][PASSED] - priceCart = findWebElements(findTestObject("Object Repository/selector for verify/cart item pos 1 price"), 5): null

2023-08-31 13:52:13 - [TEST_STEP][PASSED] - nameProduct = new java.util.ArrayList(): null

2023-08-31 13:52:13 - [TEST_STEP][PASSED] - descProduct = new java.util.ArrayList(): null

2023-08-31 13:52:13 - [TEST_STEP][PASSED] - priceProduct = new java.util.ArrayList(): null

2023-08-31 13:52:13 - [TEST_STEP][PASSED] - for ([i = 0, i < nameCart.size(), (i++)]): null

2023-08-31 13:52:13 - [TEST_STEP][PASSED] - tempNameCart = text: null

2023-08-31 13:52:13 - [TEST_STEP][PASSED] - tempDescCart = text: null

2023-08-31 13:52:13 - [TEST_STEP][PASSED] - tempPriceCart = text: null

2023-08-31 13:52:13 - [TEST_STEP][PASSED] - nameProduct.add(tempNameCart): null

2023-08-31 13:52:13 - [TEST_STEP][PASSED] - descProduct.add(tempDescCart): null

2023-08-31 13:52:13 - [TEST_STEP][PASSED] - priceProduct.add(tempPriceCart): null

2023-08-31 13:52:13 - [TEST_STEP][PASSED] - tempNameCart = text: null

2023-08-31 13:52:13 - [TEST_STEP][PASSED] - tempDescCart = text: null

2023-08-31 13:52:13 - [TEST_STEP][PASSED] - tempPriceCart = text: null

2023-08-31 13:52:13 - [TEST_STEP][PASSED] - nameProduct.add(tempNameCart): null

2023-08-31 13:52:13 - [TEST_STEP][PASSED] - descProduct.add(tempDescCart): null

2023-08-31 13:52:13 - [TEST_STEP][PASSED] - priceProduct.add(tempPriceCart): null

2023-08-31 13:52:13 - [TEST_STEP][PASSED] - println(itemProduct.get("listNameProduct")): null

2023-08-31 13:52:13 - [TEST_STEP][PASSED] - println(nameProduct): null

2023-08-31 13:52:13 - [TEST_STEP][PASSED] - assert itemProduct.get("listNameProduct") == nameProduct: null

2023-08-31 13:52:13 - [TEST_STEP][PASSED] - assert itemProduct.get("listDescProduct") == descProduct: null

2023-08-31 13:52:13 - [TEST_STEP][PASSED] - assert itemProduct.get("listPriceProduct") == priceProduct: null

2023-08-31 13:52:13 - [TEST_STEP][PASSED] - return itemProduct: null]]></system-out>
         <system-err><![CDATA[]]></system-err>
      </testcase>
      <testcase name="Test Cases/Keranjang/TC-Cart-Remove-001" time="27.51" classname="Test Cases/Keranjang/TC-Cart-Remove-001" status="FAILED">
         <failure type="FAILED" message="Test Cases/Keranjang/TC-Cart-Remove-001 FAILED.
Reason:
com.kms.katalon.core.exception.StepFailedException: Unable to verify object 'Object Repository/selector for verify/verify jumlah item 0 (cart)' is present
	at com.kms.katalon.core.webui.keyword.internal.WebUIKeywordMain.stepFailed(WebUIKeywordMain.groovy:64)
	at com.kms.katalon.core.webui.keyword.internal.WebUIKeywordMain.runKeyword(WebUIKeywordMain.groovy:26)
	at com.kms.katalon.core.webui.keyword.builtin.VerifyElementPresentKeyword.verifyElementPresent(VerifyElementPresentKeyword.groovy:92)
	at com.kms.katalon.core.webui.keyword.builtin.VerifyElementPresentKeyword.execute(VerifyElementPresentKeyword.groovy:68)
	at com.kms.katalon.core.keyword.internal.KeywordExecutor.executeKeywordForPlatform(KeywordExecutor.groovy:74)
	at com.kms.katalon.core.webui.keyword.WebUiBuiltInKeywords.verifyElementPresent(WebUiBuiltInKeywords.groovy:1464)
	at com.kms.katalon.core.webui.keyword.WebUiBuiltInKeywords$verifyElementPresent$0.call(Unknown Source)
	at TC-Cart-Remove-001.run(TC-Cart-Remove-001:26)
	at com.kms.katalon.core.main.ScriptEngine.run(ScriptEngine.java:194)
	at com.kms.katalon.core.main.ScriptEngine.runScriptAsRawText(ScriptEngine.java:119)
	at com.kms.katalon.core.main.TestCaseExecutor.runScript(TestCaseExecutor.java:448)
	at com.kms.katalon.core.main.TestCaseExecutor.doExecute(TestCaseExecutor.java:439)
	at com.kms.katalon.core.main.TestCaseExecutor.processExecutionPhase(TestCaseExecutor.java:418)
	at com.kms.katalon.core.main.TestCaseExecutor.accessMainPhase(TestCaseExecutor.java:410)
	at com.kms.katalon.core.main.TestCaseExecutor.execute(TestCaseExecutor.java:285)
	at com.kms.katalon.core.main.TestCaseExecutor.execute(TestCaseExecutor.java:369)
	at com.kms.katalon.core.main.TestCaseExecutor.execute(TestCaseExecutor.java:369)
	at com.kms.katalon.core.main.TestCaseExecutor.execute(TestCaseExecutor.java:369)
	at com.kms.katalon.core.common.CommonExecutor.accessTestCaseMainPhase(CommonExecutor.java:65)
	at com.kms.katalon.core.main.TestSuiteExecutor.accessTestSuiteMainPhase(TestSuiteExecutor.java:148)
	at com.kms.katalon.core.main.TestSuiteExecutor.execute(TestSuiteExecutor.java:106)
	at com.kms.katalon.core.main.TestCaseMain.startTestSuite(TestCaseMain.java:187)
	at com.kms.katalon.core.main.TestCaseMain$startTestSuite$0.call(Unknown Source)
	at TempTestSuite1693464258738.run(TempTestSuite1693464258738.groovy:36)
Caused by: com.kms.katalon.core.exception.StepFailedException: com.kms.katalon.core.webui.exception.WebElementNotFoundException: Web element with id: 'Object Repository/selector for verify/verify jumlah item 0 (cart)' located by '//span[@class = 'shopping_cart_badge' and (text() = '0' or . = '0')]' not found
	at com.kms.katalon.core.webui.keyword.internal.WebUIKeywordMain.stepFailed(WebUIKeywordMain.groovy:64)
	at com.kms.katalon.core.webui.keyword.builtin.VerifyElementPresentKeyword$_verifyElementPresent_closure1.doCall(VerifyElementPresentKeyword.groovy:85)
	at com.kms.katalon.core.webui.keyword.builtin.VerifyElementPresentKeyword$_verifyElementPresent_closure1.call(VerifyElementPresentKeyword.groovy)
	at com.kms.katalon.core.webui.keyword.internal.WebUIKeywordMain.runKeyword(WebUIKeywordMain.groovy:20)
	... 22 more
"/>
         <system-out><![CDATA[2023-08-31 13:53:34 - [TEST_CASE][FAILED] - Test Cases/Keranjang/TC-Cart-Remove-001: Test Cases/Keranjang/TC-Cart-Remove-001 FAILED.
Reason:
com.kms.katalon.core.exception.StepFailedException: Unable to verify object 'Object Repository/selector for verify/verify jumlah item 0 (cart)' is present
	at com.kms.katalon.core.webui.keyword.internal.WebUIKeywordMain.stepFailed(WebUIKeywordMain.groovy:64)
	at com.kms.katalon.core.webui.keyword.internal.WebUIKeywordMain.runKeyword(WebUIKeywordMain.groovy:26)
	at com.kms.katalon.core.webui.keyword.builtin.VerifyElementPresentKeyword.verifyElementPresent(VerifyElementPresentKeyword.groovy:92)
	at com.kms.katalon.core.webui.keyword.builtin.VerifyElementPresentKeyword.execute(VerifyElementPresentKeyword.groovy:68)
	at com.kms.katalon.core.keyword.internal.KeywordExecutor.executeKeywordForPlatform(KeywordExecutor.groovy:74)
	at com.kms.katalon.core.webui.keyword.WebUiBuiltInKeywords.verifyElementPresent(WebUiBuiltInKeywords.groovy:1464)
	at com.kms.katalon.core.webui.keyword.WebUiBuiltInKeywords$verifyElementPresent$0.call(Unknown Source)
	at TC-Cart-Remove-001.run(TC-Cart-Remove-001:26)
	at com.kms.katalon.core.main.ScriptEngine.run(ScriptEngine.java:194)
	at com.kms.katalon.core.main.ScriptEngine.runScriptAsRawText(ScriptEngine.java:119)
	at com.kms.katalon.core.main.TestCaseExecutor.runScript(TestCaseExecutor.java:448)
	at com.kms.katalon.core.main.TestCaseExecutor.doExecute(TestCaseExecutor.java:439)
	at com.kms.katalon.core.main.TestCaseExecutor.processExecutionPhase(TestCaseExecutor.java:418)
	at com.kms.katalon.core.main.TestCaseExecutor.accessMainPhase(TestCaseExecutor.java:410)
	at com.kms.katalon.core.main.TestCaseExecutor.execute(TestCaseExecutor.java:285)
	at com.kms.katalon.core.main.TestCaseExecutor.execute(TestCaseExecutor.java:369)
	at com.kms.katalon.core.main.TestCaseExecutor.execute(TestCaseExecutor.java:369)
	at com.kms.katalon.core.main.TestCaseExecutor.execute(TestCaseExecutor.java:369)
	at com.kms.katalon.core.common.CommonExecutor.accessTestCaseMainPhase(CommonExecutor.java:65)
	at com.kms.katalon.core.main.TestSuiteExecutor.accessTestSuiteMainPhase(TestSuiteExecutor.java:148)
	at com.kms.katalon.core.main.TestSuiteExecutor.execute(TestSuiteExecutor.java:106)
	at com.kms.katalon.core.main.TestCaseMain.startTestSuite(TestCaseMain.java:187)
	at com.kms.katalon.core.main.TestCaseMain$startTestSuite$0.call(Unknown Source)
	at TempTestSuite1693464258738.run(TempTestSuite1693464258738.groovy:36)
Caused by: com.kms.katalon.core.exception.StepFailedException: com.kms.katalon.core.webui.exception.WebElementNotFoundException: Web element with id: 'Object Repository/selector for verify/verify jumlah item 0 (cart)' located by '//span[@class = 'shopping_cart_badge' and (text() = '0' or . = '0')]' not found
	at com.kms.katalon.core.webui.keyword.internal.WebUIKeywordMain.stepFailed(WebUIKeywordMain.groovy:64)
	at com.kms.katalon.core.webui.keyword.builtin.VerifyElementPresentKeyword$_verifyElementPresent_closure1.doCall(VerifyElementPresentKeyword.groovy:85)
	at com.kms.katalon.core.webui.keyword.builtin.VerifyElementPresentKeyword$_verifyElementPresent_closure1.call(VerifyElementPresentKeyword.groovy)
	at com.kms.katalon.core.webui.keyword.internal.WebUIKeywordMain.runKeyword(WebUIKeywordMain.groovy:20)
	... 22 more


2023-08-31 13:53:34 - [TEST_STEP][PASSED] - callTestCase(findTestCase("Keranjang/TC-Cart-Show-002"), [:], STOP_ON_FAILURE): Call Test Case 'Test Cases/Keranjang/TC-Cart-Show-002' successfully

2023-08-31 13:53:35 - [TEST_CASE][PASSED] - Test Cases/Keranjang/TC-Cart-Show-002: Test Cases/Keranjang/TC-Cart-Show-002

2023-08-31 13:53:35 - [TEST_STEP][PASSED] - productPage = callTestCase(findTestCase("Product/TC-Product-AddCart-001"), [:], STOP_ON_FAILURE): Call Test Case 'Test Cases/Product/TC-Product-AddCart-001' successfully

2023-08-31 13:53:35 - [TEST_CASE][PASSED] - Test Cases/Product/TC-Product-AddCart-001: Test Cases/Product/TC-Product-AddCart-001

2023-08-31 13:53:35 - [TEST_STEP][PASSED] - callTestCase(findTestCase("Product/TC-Product-Show-001"), [:], STOP_ON_FAILURE): Call Test Case 'Test Cases/Product/TC-Product-Show-001' successfully

2023-08-31 13:53:35 - [TEST_CASE][PASSED] - Test Cases/Product/TC-Product-Show-001: Test Cases/Product/TC-Product-Show-001

2023-08-31 13:53:35 - [TEST_STEP][PASSED] - callTestCase(findTestCase("Login/TC-Login-Success-001"), ["username":"standard_user", "password":"qcu24s4901FyWDTwXGr6XA=="], STOP_ON_FAILURE): Call Test Case 'Test Cases/Login/TC-Login-Success-001' successfully

2023-08-31 13:53:35 - [TEST_CASE][PASSED] - Test Cases/Login/TC-Login-Success-001: Test Cases/Login/TC-Login-Success-001

2023-08-31 13:53:35 - [TEST_STEP][PASSED] - openBrowser(webSauceDemo): Browser is opened with url: 'https://www.saucedemo.com/'

2023-08-31 13:53:35 - [MESSAGE][WARNING] - A browser is already opened. Closing browser and opening a new one

2023-08-31 13:53:36 - [MESSAGE][INFO] - Starting 'Edge Chromium' driver

2023-08-31 13:53:38 - [MESSAGE][INFO] - Action delay is set to 0 milliseconds

2023-08-31 13:53:43 - [MESSAGE][PASSED] - Browser is opened with url: 'https://www.saucedemo.com/'

2023-08-31 13:53:43 - [TEST_STEP][PASSED] - verifyElementPresent(findTestObject("Login Page Object/Swag Labs Text (tanda masuk home)"), 5): Object 'Object Repository/Login Page Object/Swag Labs Text (tanda masuk home)' is present

2023-08-31 13:53:44 - [MESSAGE][PASSED] - Object 'Object Repository/Login Page Object/Swag Labs Text (tanda masuk home)' is present

2023-08-31 13:53:44 - [TEST_STEP][PASSED] - setText(findTestObject("Login Page Object/username login"), username): Text 'standard_user' is set on object 'Object Repository/Login Page Object/username login'

2023-08-31 13:53:45 - [MESSAGE][PASSED] - Text 'standard_user' is set on object 'Object Repository/Login Page Object/username login'

2023-08-31 13:53:45 - [TEST_STEP][PASSED] - setEncryptedText(findTestObject("Login Page Object/password login"), password): Text ****** has been set on object 'Object Repository/Login Page Object/password login'

2023-08-31 13:53:46 - [MESSAGE][PASSED] - Text ****** has been set on object 'Object Repository/Login Page Object/password login'

2023-08-31 13:53:46 - [TEST_STEP][PASSED] - click(findTestObject("Login Page Object/button login")): Object: 'Object Repository/Login Page Object/button login' is clicked on

2023-08-31 13:53:47 - [MESSAGE][PASSED] - Object: 'Object Repository/Login Page Object/button login' is clicked on

2023-08-31 13:53:47 - [TEST_STEP][PASSED] - verifyElementPresent(findTestObject("Product/span_Products"), 5): Object 'Object Repository/Product/span_Products' is present

2023-08-31 13:53:48 - [MESSAGE][PASSED] - Object 'Object Repository/Product/span_Products' is present

2023-08-31 13:53:48 - [TEST_STEP][PASSED] - nameProduct = text: null

2023-08-31 13:53:48 - [TEST_STEP][PASSED] - descProduct = text: null

2023-08-31 13:53:49 - [TEST_STEP][PASSED] - priceProduct = text: null

2023-08-31 13:53:49 - [TEST_STEP][PASSED] - item = new java.util.HashMap(): null

2023-08-31 13:53:49 - [TEST_STEP][PASSED] - item.put("nameProduct", nameProduct): null

2023-08-31 13:53:49 - [TEST_STEP][PASSED] - item.put("descProduct", descProduct): null

2023-08-31 13:53:49 - [TEST_STEP][PASSED] - item.put("priceProduct", priceProduct): null

2023-08-31 13:53:49 - [TEST_STEP][PASSED] - return item: null

2023-08-31 13:53:49 - [MESSAGE][PASSED] - Call Test Case 'Test Cases/Login/TC-Login-Success-001' successfully

2023-08-31 13:53:49 - [MESSAGE][PASSED] - Call Test Case 'Test Cases/Product/TC-Product-Show-001' successfully

2023-08-31 13:53:49 - [TEST_STEP][PASSED] - nameProduct = text: null

2023-08-31 13:53:49 - [TEST_STEP][PASSED] - descProduct = text: null

2023-08-31 13:53:50 - [TEST_STEP][PASSED] - priceProduct = text: null

2023-08-31 13:53:50 - [TEST_STEP][PASSED] - dataProduct = new java.util.HashMap(): null

2023-08-31 13:53:50 - [TEST_STEP][PASSED] - dataProduct.put("nameProduct", nameProduct): null

2023-08-31 13:53:50 - [TEST_STEP][PASSED] - dataProduct.put("descProduct", descProduct): null

2023-08-31 13:53:50 - [TEST_STEP][PASSED] - dataProduct.put("priceProduct", priceProduct): null

2023-08-31 13:53:50 - [TEST_STEP][PASSED] - click(findTestObject("Product/button add to cart backpack")): Object: 'Object Repository/Product/button add to cart backpack' is clicked on

2023-08-31 13:53:51 - [MESSAGE][PASSED] - Object: 'Object Repository/Product/button add to cart backpack' is clicked on

2023-08-31 13:53:51 - [TEST_STEP][PASSED] - verifyElementPresent(findTestObject("selector for verify/button remove item pos 1"), 5): Object 'Object Repository/selector for verify/button remove item pos 1' is present

2023-08-31 13:53:51 - [MESSAGE][PASSED] - Object 'Object Repository/selector for verify/button remove item pos 1' is present

2023-08-31 13:53:51 - [TEST_STEP][PASSED] - verifyElementPresent(findTestObject("selector for verify/verify jumlah item 1 (cart)"), 5): Object 'Object Repository/selector for verify/verify jumlah item 1 (cart)' is present

2023-08-31 13:53:52 - [MESSAGE][PASSED] - Object 'Object Repository/selector for verify/verify jumlah item 1 (cart)' is present

2023-08-31 13:53:52 - [TEST_STEP][PASSED] - return dataProduct: null

2023-08-31 13:53:52 - [MESSAGE][PASSED] - Call Test Case 'Test Cases/Product/TC-Product-AddCart-001' successfully

2023-08-31 13:53:52 - [TEST_STEP][PASSED] - click(findTestObject("Checkout/cart icon")): Object: 'Object Repository/Checkout/cart icon' is clicked on

2023-08-31 13:53:52 - [MESSAGE][PASSED] - Object: 'Object Repository/Checkout/cart icon' is clicked on

2023-08-31 13:53:52 - [TEST_STEP][PASSED] - verifyElementPresent(findTestObject("Checkout/span_Your Cart"), 5): Object 'Object Repository/Checkout/span_Your Cart' is present

2023-08-31 13:53:53 - [MESSAGE][PASSED] - Object 'Object Repository/Checkout/span_Your Cart' is present

2023-08-31 13:53:53 - [TEST_STEP][PASSED] - nameCart = text: null

2023-08-31 13:53:53 - [TEST_STEP][PASSED] - descCart = text: null

2023-08-31 13:53:54 - [TEST_STEP][PASSED] - priceCart = text: null

2023-08-31 13:53:54 - [TEST_STEP][PASSED] - productPage.put("nameCart", nameCart): null

2023-08-31 13:53:54 - [TEST_STEP][PASSED] - productPage.put("descCart", descCart): null

2023-08-31 13:53:54 - [TEST_STEP][PASSED] - productPage.put("priceCart", priceCart): null

2023-08-31 13:53:54 - [TEST_STEP][PASSED] - assert productPage.get("nameProduct") == nameCart: null

2023-08-31 13:53:54 - [TEST_STEP][PASSED] - assert productPage.get("priceProduct") == priceCart: null

2023-08-31 13:53:54 - [TEST_STEP][PASSED] - assert productPage.get("descProduct") == descCart: null

2023-08-31 13:53:54 - [TEST_STEP][PASSED] - return productPage: null

2023-08-31 13:53:54 - [MESSAGE][PASSED] - Call Test Case 'Test Cases/Keranjang/TC-Cart-Show-002' successfully

2023-08-31 13:53:54 - [TEST_STEP][PASSED] - click(findTestObject("Checkout/button_Remove")): Object: 'Object Repository/Checkout/button_Remove' is clicked on

2023-08-31 13:53:55 - [MESSAGE][PASSED] - Object: 'Object Repository/Checkout/button_Remove' is clicked on

2023-08-31 13:53:55 - [TEST_STEP][PASSED] - verifyElementNotPresent(findTestObject("selector for verify/cart item pos 1 desc"), 5): Web element with id: 'Object Repository/selector for verify/cart item pos 1 desc' located by 'By.xpath: //*[@class = 'inventory_item_desc']' is not present after '5' second(s)

2023-08-31 13:53:55 - [MESSAGE][PASSED] - Web element with id: 'Object Repository/selector for verify/cart item pos 1 desc' located by 'By.xpath: //*[@class = 'inventory_item_desc']' is not present after '5' second(s)

2023-08-31 13:53:55 - [TEST_STEP][FAILED] - verifyElementPresent(findTestObject("selector for verify/verify jumlah item 0 (cart)"), 5): Unable to verify object 'Object Repository/selector for verify/verify jumlah item 0 (cart)' is present (Root cause: com.kms.katalon.core.exception.StepFailedException: Unable to verify object 'Object Repository/selector for verify/verify jumlah item 0 (cart)' is present
	at com.kms.katalon.core.webui.keyword.internal.WebUIKeywordMain.stepFailed(WebUIKeywordMain.groovy:64)
	at com.kms.katalon.core.webui.keyword.internal.WebUIKeywordMain.runKeyword(WebUIKeywordMain.groovy:26)
	at com.kms.katalon.core.webui.keyword.builtin.VerifyElementPresentKeyword.verifyElementPresent(VerifyElementPresentKeyword.groovy:92)
	at com.kms.katalon.core.webui.keyword.builtin.VerifyElementPresentKeyword.execute(VerifyElementPresentKeyword.groovy:68)
	at com.kms.katalon.core.keyword.internal.KeywordExecutor.executeKeywordForPlatform(KeywordExecutor.groovy:74)
	at com.kms.katalon.core.webui.keyword.WebUiBuiltInKeywords.verifyElementPresent(WebUiBuiltInKeywords.groovy:1464)
	at com.kms.katalon.core.webui.keyword.WebUiBuiltInKeywords$verifyElementPresent$0.call(Unknown Source)
	at TC-Cart-Remove-001.run(TC-Cart-Remove-001:26)
	at com.kms.katalon.core.main.ScriptEngine.run(ScriptEngine.java:194)
	at com.kms.katalon.core.main.ScriptEngine.runScriptAsRawText(ScriptEngine.java:119)
	at com.kms.katalon.core.main.TestCaseExecutor.runScript(TestCaseExecutor.java:448)
	at com.kms.katalon.core.main.TestCaseExecutor.doExecute(TestCaseExecutor.java:439)
	at com.kms.katalon.core.main.TestCaseExecutor.processExecutionPhase(TestCaseExecutor.java:418)
	at com.kms.katalon.core.main.TestCaseExecutor.accessMainPhase(TestCaseExecutor.java:410)
	at com.kms.katalon.core.main.TestCaseExecutor.execute(TestCaseExecutor.java:285)
	at com.kms.katalon.core.main.TestCaseExecutor.execute(TestCaseExecutor.java:369)
	at com.kms.katalon.core.main.TestCaseExecutor.execute(TestCaseExecutor.java:369)
	at com.kms.katalon.core.main.TestCaseExecutor.execute(TestCaseExecutor.java:369)
	at com.kms.katalon.core.common.CommonExecutor.accessTestCaseMainPhase(CommonExecutor.java:65)
	at com.kms.katalon.core.main.TestSuiteExecutor.accessTestSuiteMainPhase(TestSuiteExecutor.java:148)
	at com.kms.katalon.core.main.TestSuiteExecutor.execute(TestSuiteExecutor.java:106)
	at com.kms.katalon.core.main.TestCaseMain.startTestSuite(TestCaseMain.java:187)
	at com.kms.katalon.core.main.TestCaseMain$startTestSuite$0.call(Unknown Source)
	at TempTestSuite1693464258738.run(TempTestSuite1693464258738.groovy:36)
Caused by: com.kms.katalon.core.exception.StepFailedException: com.kms.katalon.core.webui.exception.WebElementNotFoundException: Web element with id: 'Object Repository/selector for verify/verify jumlah item 0 (cart)' located by '//span[@class = 'shopping_cart_badge' and (text() = '0' or . = '0')]' not found
	at com.kms.katalon.core.webui.keyword.internal.WebUIKeywordMain.stepFailed(WebUIKeywordMain.groovy:64)
	at com.kms.katalon.core.webui.keyword.builtin.VerifyElementPresentKeyword$_verifyElementPresent_closure1.doCall(VerifyElementPresentKeyword.groovy:85)
	at com.kms.katalon.core.webui.keyword.builtin.VerifyElementPresentKeyword$_verifyElementPresent_closure1.call(VerifyElementPresentKeyword.groovy)
	at com.kms.katalon.core.webui.keyword.internal.WebUIKeywordMain.runKeyword(WebUIKeywordMain.groovy:20)
	... 22 more
)

2023-08-31 13:54:02 - [MESSAGE][INFO] - Unable to find the element located by 'By.xpath: //span[@class = 'shopping_cart_badge' and (text() = '0' or . = '0')]'. Please recheck the objects properties to make sure the desired element is located. 

2023-08-31 13:54:02 - [MESSAGE][FAILED] - com.kms.katalon.core.webui.exception.WebElementNotFoundException: Web element with id: 'Object Repository/selector for verify/verify jumlah item 0 (cart)' located by '//span[@class = 'shopping_cart_badge' and (text() = '0' or . = '0')]' not found (Root cause: com.kms.katalon.core.exception.StepFailedException: com.kms.katalon.core.webui.exception.WebElementNotFoundException: Web element with id: 'Object Repository/selector for verify/verify jumlah item 0 (cart)' located by '//span[@class = 'shopping_cart_badge' and (text() = '0' or . = '0')]' not found
	at com.kms.katalon.core.webui.keyword.internal.WebUIKeywordMain.stepFailed(WebUIKeywordMain.groovy:64)
	at com.kms.katalon.core.webui.keyword.builtin.VerifyElementPresentKeyword$_verifyElementPresent_closure1.doCall(VerifyElementPresentKeyword.groovy:85)
	at com.kms.katalon.core.webui.keyword.builtin.VerifyElementPresentKeyword$_verifyElementPresent_closure1.call(VerifyElementPresentKeyword.groovy)
	at com.kms.katalon.core.webui.keyword.internal.WebUIKeywordMain.runKeyword(WebUIKeywordMain.groovy:20)
	at com.kms.katalon.core.webui.keyword.builtin.VerifyElementPresentKeyword.verifyElementPresent(VerifyElementPresentKeyword.groovy:92)
	at com.kms.katalon.core.webui.keyword.builtin.VerifyElementPresentKeyword.execute(VerifyElementPresentKeyword.groovy:68)
	at com.kms.katalon.core.keyword.internal.KeywordExecutor.executeKeywordForPlatform(KeywordExecutor.groovy:74)
	at com.kms.katalon.core.webui.keyword.WebUiBuiltInKeywords.verifyElementPresent(WebUiBuiltInKeywords.groovy:1464)
	at com.kms.katalon.core.webui.keyword.WebUiBuiltInKeywords$verifyElementPresent$0.call(Unknown Source)
	at TC-Cart-Remove-001.run(TC-Cart-Remove-001:26)
	at com.kms.katalon.core.main.ScriptEngine.run(ScriptEngine.java:194)
	at com.kms.katalon.core.main.ScriptEngine.runScriptAsRawText(ScriptEngine.java:119)
	at com.kms.katalon.core.main.TestCaseExecutor.runScript(TestCaseExecutor.java:448)
	at com.kms.katalon.core.main.TestCaseExecutor.doExecute(TestCaseExecutor.java:439)
	at com.kms.katalon.core.main.TestCaseExecutor.processExecutionPhase(TestCaseExecutor.java:418)
	at com.kms.katalon.core.main.TestCaseExecutor.accessMainPhase(TestCaseExecutor.java:410)
	at com.kms.katalon.core.main.TestCaseExecutor.execute(TestCaseExecutor.java:285)
	at com.kms.katalon.core.main.TestCaseExecutor.execute(TestCaseExecutor.java:369)
	at com.kms.katalon.core.main.TestCaseExecutor.execute(TestCaseExecutor.java:369)
	at com.kms.katalon.core.main.TestCaseExecutor.execute(TestCaseExecutor.java:369)
	at com.kms.katalon.core.common.CommonExecutor.accessTestCaseMainPhase(CommonExecutor.java:65)
	at com.kms.katalon.core.main.TestSuiteExecutor.accessTestSuiteMainPhase(TestSuiteExecutor.java:148)
	at com.kms.katalon.core.main.TestSuiteExecutor.execute(TestSuiteExecutor.java:106)
	at com.kms.katalon.core.main.TestCaseMain.startTestSuite(TestCaseMain.java:187)
	at com.kms.katalon.core.main.TestCaseMain$startTestSuite$0.call(Unknown Source)
	at TempTestSuite1693464258738.run(TempTestSuite1693464258738.groovy:36)
)
[[ATTACHMENT|C:\\Users\\Aslamadin Alvian Haz\\Documents\\Batch 324 QA XSIS Academy\\batch-324-qa\\Alvin\\Sauce Demo\\Reports\\20230831_134418\\All Story Test Suite\\20230831_134418\\1693464842136.png]]

2023-08-31 13:54:02 - [MESSAGE][FAILED] - Unable to verify object 'Object Repository/selector for verify/verify jumlah item 0 (cart)' is present (Root cause: com.kms.katalon.core.exception.StepFailedException: Unable to verify object 'Object Repository/selector for verify/verify jumlah item 0 (cart)' is present
	at com.kms.katalon.core.webui.keyword.internal.WebUIKeywordMain.stepFailed(WebUIKeywordMain.groovy:64)
	at com.kms.katalon.core.webui.keyword.internal.WebUIKeywordMain.runKeyword(WebUIKeywordMain.groovy:26)
	at com.kms.katalon.core.webui.keyword.builtin.VerifyElementPresentKeyword.verifyElementPresent(VerifyElementPresentKeyword.groovy:92)
	at com.kms.katalon.core.webui.keyword.builtin.VerifyElementPresentKeyword.execute(VerifyElementPresentKeyword.groovy:68)
	at com.kms.katalon.core.keyword.internal.KeywordExecutor.executeKeywordForPlatform(KeywordExecutor.groovy:74)
	at com.kms.katalon.core.webui.keyword.WebUiBuiltInKeywords.verifyElementPresent(WebUiBuiltInKeywords.groovy:1464)
	at com.kms.katalon.core.webui.keyword.WebUiBuiltInKeywords$verifyElementPresent$0.call(Unknown Source)
	at TC-Cart-Remove-001.run(TC-Cart-Remove-001:26)
	at com.kms.katalon.core.main.ScriptEngine.run(ScriptEngine.java:194)
	at com.kms.katalon.core.main.ScriptEngine.runScriptAsRawText(ScriptEngine.java:119)
	at com.kms.katalon.core.main.TestCaseExecutor.runScript(TestCaseExecutor.java:448)
	at com.kms.katalon.core.main.TestCaseExecutor.doExecute(TestCaseExecutor.java:439)
	at com.kms.katalon.core.main.TestCaseExecutor.processExecutionPhase(TestCaseExecutor.java:418)
	at com.kms.katalon.core.main.TestCaseExecutor.accessMainPhase(TestCaseExecutor.java:410)
	at com.kms.katalon.core.main.TestCaseExecutor.execute(TestCaseExecutor.java:285)
	at com.kms.katalon.core.main.TestCaseExecutor.execute(TestCaseExecutor.java:369)
	at com.kms.katalon.core.main.TestCaseExecutor.execute(TestCaseExecutor.java:369)
	at com.kms.katalon.core.main.TestCaseExecutor.execute(TestCaseExecutor.java:369)
	at com.kms.katalon.core.common.CommonExecutor.accessTestCaseMainPhase(CommonExecutor.java:65)
	at com.kms.katalon.core.main.TestSuiteExecutor.accessTestSuiteMainPhase(TestSuiteExecutor.java:148)
	at com.kms.katalon.core.main.TestSuiteExecutor.execute(TestSuiteExecutor.java:106)
	at com.kms.katalon.core.main.TestCaseMain.startTestSuite(TestCaseMain.java:187)
	at com.kms.katalon.core.main.TestCaseMain$startTestSuite$0.call(Unknown Source)
	at TempTestSuite1693464258738.run(TempTestSuite1693464258738.groovy:36)
Caused by: com.kms.katalon.core.exception.StepFailedException: com.kms.katalon.core.webui.exception.WebElementNotFoundException: Web element with id: 'Object Repository/selector for verify/verify jumlah item 0 (cart)' located by '//span[@class = 'shopping_cart_badge' and (text() = '0' or . = '0')]' not found
	at com.kms.katalon.core.webui.keyword.internal.WebUIKeywordMain.stepFailed(WebUIKeywordMain.groovy:64)
	at com.kms.katalon.core.webui.keyword.builtin.VerifyElementPresentKeyword$_verifyElementPresent_closure1.doCall(VerifyElementPresentKeyword.groovy:85)
	at com.kms.katalon.core.webui.keyword.builtin.VerifyElementPresentKeyword$_verifyElementPresent_closure1.call(VerifyElementPresentKeyword.groovy)
	at com.kms.katalon.core.webui.keyword.internal.WebUIKeywordMain.runKeyword(WebUIKeywordMain.groovy:20)
	... 22 more
)
[[ATTACHMENT|C:\\Users\\Aslamadin Alvian Haz\\Documents\\Batch 324 QA XSIS Academy\\batch-324-qa\\Alvin\\Sauce Demo\\Reports\\20230831_134418\\All Story Test Suite\\20230831_134418\\1693464842292.png]]]]></system-out>
         <system-err><![CDATA[2023-08-31 13:53:34 - [TEST_CASE][FAILED] - Test Cases/Keranjang/TC-Cart-Remove-001: Test Cases/Keranjang/TC-Cart-Remove-001 FAILED.
Reason:
com.kms.katalon.core.exception.StepFailedException: Unable to verify object 'Object Repository/selector for verify/verify jumlah item 0 (cart)' is present
	at com.kms.katalon.core.webui.keyword.internal.WebUIKeywordMain.stepFailed(WebUIKeywordMain.groovy:64)
	at com.kms.katalon.core.webui.keyword.internal.WebUIKeywordMain.runKeyword(WebUIKeywordMain.groovy:26)
	at com.kms.katalon.core.webui.keyword.builtin.VerifyElementPresentKeyword.verifyElementPresent(VerifyElementPresentKeyword.groovy:92)
	at com.kms.katalon.core.webui.keyword.builtin.VerifyElementPresentKeyword.execute(VerifyElementPresentKeyword.groovy:68)
	at com.kms.katalon.core.keyword.internal.KeywordExecutor.executeKeywordForPlatform(KeywordExecutor.groovy:74)
	at com.kms.katalon.core.webui.keyword.WebUiBuiltInKeywords.verifyElementPresent(WebUiBuiltInKeywords.groovy:1464)
	at com.kms.katalon.core.webui.keyword.WebUiBuiltInKeywords$verifyElementPresent$0.call(Unknown Source)
	at TC-Cart-Remove-001.run(TC-Cart-Remove-001:26)
	at com.kms.katalon.core.main.ScriptEngine.run(ScriptEngine.java:194)
	at com.kms.katalon.core.main.ScriptEngine.runScriptAsRawText(ScriptEngine.java:119)
	at com.kms.katalon.core.main.TestCaseExecutor.runScript(TestCaseExecutor.java:448)
	at com.kms.katalon.core.main.TestCaseExecutor.doExecute(TestCaseExecutor.java:439)
	at com.kms.katalon.core.main.TestCaseExecutor.processExecutionPhase(TestCaseExecutor.java:418)
	at com.kms.katalon.core.main.TestCaseExecutor.accessMainPhase(TestCaseExecutor.java:410)
	at com.kms.katalon.core.main.TestCaseExecutor.execute(TestCaseExecutor.java:285)
	at com.kms.katalon.core.main.TestCaseExecutor.execute(TestCaseExecutor.java:369)
	at com.kms.katalon.core.main.TestCaseExecutor.execute(TestCaseExecutor.java:369)
	at com.kms.katalon.core.main.TestCaseExecutor.execute(TestCaseExecutor.java:369)
	at com.kms.katalon.core.common.CommonExecutor.accessTestCaseMainPhase(CommonExecutor.java:65)
	at com.kms.katalon.core.main.TestSuiteExecutor.accessTestSuiteMainPhase(TestSuiteExecutor.java:148)
	at com.kms.katalon.core.main.TestSuiteExecutor.execute(TestSuiteExecutor.java:106)
	at com.kms.katalon.core.main.TestCaseMain.startTestSuite(TestCaseMain.java:187)
	at com.kms.katalon.core.main.TestCaseMain$startTestSuite$0.call(Unknown Source)
	at TempTestSuite1693464258738.run(TempTestSuite1693464258738.groovy:36)
Caused by: com.kms.katalon.core.exception.StepFailedException: com.kms.katalon.core.webui.exception.WebElementNotFoundException: Web element with id: 'Object Repository/selector for verify/verify jumlah item 0 (cart)' located by '//span[@class = 'shopping_cart_badge' and (text() = '0' or . = '0')]' not found
	at com.kms.katalon.core.webui.keyword.internal.WebUIKeywordMain.stepFailed(WebUIKeywordMain.groovy:64)
	at com.kms.katalon.core.webui.keyword.builtin.VerifyElementPresentKeyword$_verifyElementPresent_closure1.doCall(VerifyElementPresentKeyword.groovy:85)
	at com.kms.katalon.core.webui.keyword.builtin.VerifyElementPresentKeyword$_verifyElementPresent_closure1.call(VerifyElementPresentKeyword.groovy)
	at com.kms.katalon.core.webui.keyword.internal.WebUIKeywordMain.runKeyword(WebUIKeywordMain.groovy:20)
	... 22 more]]></system-err>
      </testcase>
      <testcase name="Test Cases/Keranjang/TC-Cart-Nav-001" time="21.699" classname="Test Cases/Keranjang/TC-Cart-Nav-001" status="PASSED">
         <system-out><![CDATA[2023-08-31 13:54:02 - [TEST_CASE][PASSED] - Test Cases/Keranjang/TC-Cart-Nav-001: Test Cases/Keranjang/TC-Cart-Nav-001

2023-08-31 13:54:03 - [TEST_STEP][PASSED] - callTestCase(findTestCase("Keranjang/TC-Cart-Show-002"), [:], STOP_ON_FAILURE): Call Test Case 'Test Cases/Keranjang/TC-Cart-Show-002' successfully

2023-08-31 13:54:03 - [TEST_CASE][PASSED] - Test Cases/Keranjang/TC-Cart-Show-002: Test Cases/Keranjang/TC-Cart-Show-002

2023-08-31 13:54:03 - [TEST_STEP][PASSED] - productPage = callTestCase(findTestCase("Product/TC-Product-AddCart-001"), [:], STOP_ON_FAILURE): Call Test Case 'Test Cases/Product/TC-Product-AddCart-001' successfully

2023-08-31 13:54:03 - [TEST_CASE][PASSED] - Test Cases/Product/TC-Product-AddCart-001: Test Cases/Product/TC-Product-AddCart-001

2023-08-31 13:54:03 - [TEST_STEP][PASSED] - callTestCase(findTestCase("Product/TC-Product-Show-001"), [:], STOP_ON_FAILURE): Call Test Case 'Test Cases/Product/TC-Product-Show-001' successfully

2023-08-31 13:54:03 - [TEST_CASE][PASSED] - Test Cases/Product/TC-Product-Show-001: Test Cases/Product/TC-Product-Show-001

2023-08-31 13:54:03 - [TEST_STEP][PASSED] - callTestCase(findTestCase("Login/TC-Login-Success-001"), ["username":"standard_user", "password":"qcu24s4901FyWDTwXGr6XA=="], STOP_ON_FAILURE): Call Test Case 'Test Cases/Login/TC-Login-Success-001' successfully

2023-08-31 13:54:03 - [TEST_CASE][PASSED] - Test Cases/Login/TC-Login-Success-001: Test Cases/Login/TC-Login-Success-001

2023-08-31 13:54:03 - [TEST_STEP][PASSED] - openBrowser(webSauceDemo): Browser is opened with url: 'https://www.saucedemo.com/'

2023-08-31 13:54:03 - [MESSAGE][WARNING] - A browser is already opened. Closing browser and opening a new one

2023-08-31 13:54:04 - [MESSAGE][INFO] - Starting 'Edge Chromium' driver

2023-08-31 13:54:06 - [MESSAGE][INFO] - Action delay is set to 0 milliseconds

2023-08-31 13:54:11 - [MESSAGE][PASSED] - Browser is opened with url: 'https://www.saucedemo.com/'

2023-08-31 13:54:11 - [TEST_STEP][PASSED] - verifyElementPresent(findTestObject("Login Page Object/Swag Labs Text (tanda masuk home)"), 5): Object 'Object Repository/Login Page Object/Swag Labs Text (tanda masuk home)' is present

2023-08-31 13:54:12 - [MESSAGE][PASSED] - Object 'Object Repository/Login Page Object/Swag Labs Text (tanda masuk home)' is present

2023-08-31 13:54:12 - [TEST_STEP][PASSED] - setText(findTestObject("Login Page Object/username login"), username): Text 'standard_user' is set on object 'Object Repository/Login Page Object/username login'

2023-08-31 13:54:13 - [MESSAGE][PASSED] - Text 'standard_user' is set on object 'Object Repository/Login Page Object/username login'

2023-08-31 13:54:13 - [TEST_STEP][PASSED] - setEncryptedText(findTestObject("Login Page Object/password login"), password): Text ****** has been set on object 'Object Repository/Login Page Object/password login'

2023-08-31 13:54:14 - [MESSAGE][PASSED] - Text ****** has been set on object 'Object Repository/Login Page Object/password login'

2023-08-31 13:54:14 - [TEST_STEP][PASSED] - click(findTestObject("Login Page Object/button login")): Object: 'Object Repository/Login Page Object/button login' is clicked on

2023-08-31 13:54:15 - [MESSAGE][PASSED] - Object: 'Object Repository/Login Page Object/button login' is clicked on

2023-08-31 13:54:15 - [TEST_STEP][PASSED] - verifyElementPresent(findTestObject("Product/span_Products"), 5): Object 'Object Repository/Product/span_Products' is present

2023-08-31 13:54:16 - [MESSAGE][PASSED] - Object 'Object Repository/Product/span_Products' is present

2023-08-31 13:54:16 - [TEST_STEP][PASSED] - nameProduct = text: null

2023-08-31 13:54:16 - [TEST_STEP][PASSED] - descProduct = text: null

2023-08-31 13:54:17 - [TEST_STEP][PASSED] - priceProduct = text: null

2023-08-31 13:54:17 - [TEST_STEP][PASSED] - item = new java.util.HashMap(): null

2023-08-31 13:54:17 - [TEST_STEP][PASSED] - item.put("nameProduct", nameProduct): null

2023-08-31 13:54:17 - [TEST_STEP][PASSED] - item.put("descProduct", descProduct): null

2023-08-31 13:54:17 - [TEST_STEP][PASSED] - item.put("priceProduct", priceProduct): null

2023-08-31 13:54:17 - [TEST_STEP][PASSED] - return item: null

2023-08-31 13:54:17 - [MESSAGE][PASSED] - Call Test Case 'Test Cases/Login/TC-Login-Success-001' successfully

2023-08-31 13:54:17 - [MESSAGE][PASSED] - Call Test Case 'Test Cases/Product/TC-Product-Show-001' successfully

2023-08-31 13:54:17 - [TEST_STEP][PASSED] - nameProduct = text: null

2023-08-31 13:54:18 - [TEST_STEP][PASSED] - descProduct = text: null

2023-08-31 13:54:18 - [TEST_STEP][PASSED] - priceProduct = text: null

2023-08-31 13:54:19 - [TEST_STEP][PASSED] - dataProduct = new java.util.HashMap(): null

2023-08-31 13:54:19 - [TEST_STEP][PASSED] - dataProduct.put("nameProduct", nameProduct): null

2023-08-31 13:54:19 - [TEST_STEP][PASSED] - dataProduct.put("descProduct", descProduct): null

2023-08-31 13:54:19 - [TEST_STEP][PASSED] - dataProduct.put("priceProduct", priceProduct): null

2023-08-31 13:54:19 - [TEST_STEP][PASSED] - click(findTestObject("Product/button add to cart backpack")): Object: 'Object Repository/Product/button add to cart backpack' is clicked on

2023-08-31 13:54:19 - [MESSAGE][PASSED] - Object: 'Object Repository/Product/button add to cart backpack' is clicked on

2023-08-31 13:54:19 - [TEST_STEP][PASSED] - verifyElementPresent(findTestObject("selector for verify/button remove item pos 1"), 5): Object 'Object Repository/selector for verify/button remove item pos 1' is present

2023-08-31 13:54:20 - [MESSAGE][PASSED] - Object 'Object Repository/selector for verify/button remove item pos 1' is present

2023-08-31 13:54:20 - [TEST_STEP][PASSED] - verifyElementPresent(findTestObject("selector for verify/verify jumlah item 1 (cart)"), 5): Object 'Object Repository/selector for verify/verify jumlah item 1 (cart)' is present

2023-08-31 13:54:20 - [MESSAGE][PASSED] - Object 'Object Repository/selector for verify/verify jumlah item 1 (cart)' is present

2023-08-31 13:54:20 - [TEST_STEP][PASSED] - return dataProduct: null

2023-08-31 13:54:20 - [MESSAGE][PASSED] - Call Test Case 'Test Cases/Product/TC-Product-AddCart-001' successfully

2023-08-31 13:54:20 - [TEST_STEP][PASSED] - click(findTestObject("Checkout/cart icon")): Object: 'Object Repository/Checkout/cart icon' is clicked on

2023-08-31 13:54:21 - [MESSAGE][PASSED] - Object: 'Object Repository/Checkout/cart icon' is clicked on

2023-08-31 13:54:21 - [TEST_STEP][PASSED] - verifyElementPresent(findTestObject("Checkout/span_Your Cart"), 5): Object 'Object Repository/Checkout/span_Your Cart' is present

2023-08-31 13:54:21 - [MESSAGE][PASSED] - Object 'Object Repository/Checkout/span_Your Cart' is present

2023-08-31 13:54:21 - [TEST_STEP][PASSED] - nameCart = text: null

2023-08-31 13:54:22 - [TEST_STEP][PASSED] - descCart = text: null

2023-08-31 13:54:22 - [TEST_STEP][PASSED] - priceCart = text: null

2023-08-31 13:54:23 - [TEST_STEP][PASSED] - productPage.put("nameCart", nameCart): null

2023-08-31 13:54:23 - [TEST_STEP][PASSED] - productPage.put("descCart", descCart): null

2023-08-31 13:54:23 - [TEST_STEP][PASSED] - productPage.put("priceCart", priceCart): null

2023-08-31 13:54:23 - [TEST_STEP][PASSED] - assert productPage.get("nameProduct") == nameCart: null

2023-08-31 13:54:23 - [TEST_STEP][PASSED] - assert productPage.get("priceProduct") == priceCart: null

2023-08-31 13:54:23 - [TEST_STEP][PASSED] - assert productPage.get("descProduct") == descCart: null

2023-08-31 13:54:23 - [TEST_STEP][PASSED] - return productPage: null

2023-08-31 13:54:23 - [MESSAGE][PASSED] - Call Test Case 'Test Cases/Keranjang/TC-Cart-Show-002' successfully

2023-08-31 13:54:23 - [TEST_STEP][PASSED] - click(findTestObject("Checkout/button_Continue Shopping")): Object: 'Object Repository/Checkout/button_Continue Shopping' is clicked on

2023-08-31 13:54:23 - [MESSAGE][PASSED] - Object: 'Object Repository/Checkout/button_Continue Shopping' is clicked on

2023-08-31 13:54:23 - [TEST_STEP][PASSED] - verifyElementPresent(findTestObject("Product/span_Products"), 5): Object 'Object Repository/Product/span_Products' is present

2023-08-31 13:54:24 - [MESSAGE][PASSED] - Object 'Object Repository/Product/span_Products' is present]]></system-out>
         <system-err><![CDATA[]]></system-err>
      </testcase>
      <testcase name="Test Cases/Keranjang/TC-Cart-Nav-002" time="21.246" classname="Test Cases/Keranjang/TC-Cart-Nav-002" status="PASSED">
         <system-out><![CDATA[2023-08-31 13:54:24 - [TEST_CASE][PASSED] - Test Cases/Keranjang/TC-Cart-Nav-002: Test Cases/Keranjang/TC-Cart-Nav-002

2023-08-31 13:54:24 - [TEST_STEP][PASSED] - callTestCase(findTestCase("Keranjang/TC-Cart-Show-002"), [:], STOP_ON_FAILURE): Call Test Case 'Test Cases/Keranjang/TC-Cart-Show-002' successfully

2023-08-31 13:54:25 - [TEST_CASE][PASSED] - Test Cases/Keranjang/TC-Cart-Show-002: Test Cases/Keranjang/TC-Cart-Show-002

2023-08-31 13:54:25 - [TEST_STEP][PASSED] - productPage = callTestCase(findTestCase("Product/TC-Product-AddCart-001"), [:], STOP_ON_FAILURE): Call Test Case 'Test Cases/Product/TC-Product-AddCart-001' successfully

2023-08-31 13:54:25 - [TEST_CASE][PASSED] - Test Cases/Product/TC-Product-AddCart-001: Test Cases/Product/TC-Product-AddCart-001

2023-08-31 13:54:25 - [TEST_STEP][PASSED] - callTestCase(findTestCase("Product/TC-Product-Show-001"), [:], STOP_ON_FAILURE): Call Test Case 'Test Cases/Product/TC-Product-Show-001' successfully

2023-08-31 13:54:25 - [TEST_CASE][PASSED] - Test Cases/Product/TC-Product-Show-001: Test Cases/Product/TC-Product-Show-001

2023-08-31 13:54:25 - [TEST_STEP][PASSED] - callTestCase(findTestCase("Login/TC-Login-Success-001"), ["username":"standard_user", "password":"qcu24s4901FyWDTwXGr6XA=="], STOP_ON_FAILURE): Call Test Case 'Test Cases/Login/TC-Login-Success-001' successfully

2023-08-31 13:54:25 - [TEST_CASE][PASSED] - Test Cases/Login/TC-Login-Success-001: Test Cases/Login/TC-Login-Success-001

2023-08-31 13:54:25 - [TEST_STEP][PASSED] - openBrowser(webSauceDemo): Browser is opened with url: 'https://www.saucedemo.com/'

2023-08-31 13:54:25 - [MESSAGE][WARNING] - A browser is already opened. Closing browser and opening a new one

2023-08-31 13:54:26 - [MESSAGE][INFO] - Starting 'Edge Chromium' driver

2023-08-31 13:54:28 - [MESSAGE][INFO] - Action delay is set to 0 milliseconds

2023-08-31 13:54:32 - [MESSAGE][PASSED] - Browser is opened with url: 'https://www.saucedemo.com/'

2023-08-31 13:54:32 - [TEST_STEP][PASSED] - verifyElementPresent(findTestObject("Login Page Object/Swag Labs Text (tanda masuk home)"), 5): Object 'Object Repository/Login Page Object/Swag Labs Text (tanda masuk home)' is present

2023-08-31 13:54:33 - [MESSAGE][PASSED] - Object 'Object Repository/Login Page Object/Swag Labs Text (tanda masuk home)' is present

2023-08-31 13:54:33 - [TEST_STEP][PASSED] - setText(findTestObject("Login Page Object/username login"), username): Text 'standard_user' is set on object 'Object Repository/Login Page Object/username login'

2023-08-31 13:54:34 - [MESSAGE][PASSED] - Text 'standard_user' is set on object 'Object Repository/Login Page Object/username login'

2023-08-31 13:54:34 - [TEST_STEP][PASSED] - setEncryptedText(findTestObject("Login Page Object/password login"), password): Text ****** has been set on object 'Object Repository/Login Page Object/password login'

2023-08-31 13:54:35 - [MESSAGE][PASSED] - Text ****** has been set on object 'Object Repository/Login Page Object/password login'

2023-08-31 13:54:35 - [TEST_STEP][PASSED] - click(findTestObject("Login Page Object/button login")): Object: 'Object Repository/Login Page Object/button login' is clicked on

2023-08-31 13:54:36 - [MESSAGE][PASSED] - Object: 'Object Repository/Login Page Object/button login' is clicked on

2023-08-31 13:54:36 - [TEST_STEP][PASSED] - verifyElementPresent(findTestObject("Product/span_Products"), 5): Object 'Object Repository/Product/span_Products' is present

2023-08-31 13:54:37 - [MESSAGE][PASSED] - Object 'Object Repository/Product/span_Products' is present

2023-08-31 13:54:37 - [TEST_STEP][PASSED] - nameProduct = text: null

2023-08-31 13:54:38 - [TEST_STEP][PASSED] - descProduct = text: null

2023-08-31 13:54:38 - [TEST_STEP][PASSED] - priceProduct = text: null

2023-08-31 13:54:39 - [TEST_STEP][PASSED] - item = new java.util.HashMap(): null

2023-08-31 13:54:39 - [TEST_STEP][PASSED] - item.put("nameProduct", nameProduct): null

2023-08-31 13:54:39 - [TEST_STEP][PASSED] - item.put("descProduct", descProduct): null

2023-08-31 13:54:39 - [TEST_STEP][PASSED] - item.put("priceProduct", priceProduct): null

2023-08-31 13:54:39 - [TEST_STEP][PASSED] - return item: null

2023-08-31 13:54:39 - [MESSAGE][PASSED] - Call Test Case 'Test Cases/Login/TC-Login-Success-001' successfully

2023-08-31 13:54:39 - [MESSAGE][PASSED] - Call Test Case 'Test Cases/Product/TC-Product-Show-001' successfully

2023-08-31 13:54:39 - [TEST_STEP][PASSED] - nameProduct = text: null

2023-08-31 13:54:39 - [TEST_STEP][PASSED] - descProduct = text: null

2023-08-31 13:54:39 - [TEST_STEP][PASSED] - priceProduct = text: null

2023-08-31 13:54:40 - [TEST_STEP][PASSED] - dataProduct = new java.util.HashMap(): null

2023-08-31 13:54:40 - [TEST_STEP][PASSED] - dataProduct.put("nameProduct", nameProduct): null

2023-08-31 13:54:40 - [TEST_STEP][PASSED] - dataProduct.put("descProduct", descProduct): null

2023-08-31 13:54:40 - [TEST_STEP][PASSED] - dataProduct.put("priceProduct", priceProduct): null

2023-08-31 13:54:40 - [TEST_STEP][PASSED] - click(findTestObject("Product/button add to cart backpack")): Object: 'Object Repository/Product/button add to cart backpack' is clicked on

2023-08-31 13:54:40 - [MESSAGE][PASSED] - Object: 'Object Repository/Product/button add to cart backpack' is clicked on

2023-08-31 13:54:40 - [TEST_STEP][PASSED] - verifyElementPresent(findTestObject("selector for verify/button remove item pos 1"), 5): Object 'Object Repository/selector for verify/button remove item pos 1' is present

2023-08-31 13:54:41 - [MESSAGE][PASSED] - Object 'Object Repository/selector for verify/button remove item pos 1' is present

2023-08-31 13:54:41 - [TEST_STEP][PASSED] - verifyElementPresent(findTestObject("selector for verify/verify jumlah item 1 (cart)"), 5): Object 'Object Repository/selector for verify/verify jumlah item 1 (cart)' is present

2023-08-31 13:54:41 - [MESSAGE][PASSED] - Object 'Object Repository/selector for verify/verify jumlah item 1 (cart)' is present

2023-08-31 13:54:41 - [TEST_STEP][PASSED] - return dataProduct: null

2023-08-31 13:54:41 - [MESSAGE][PASSED] - Call Test Case 'Test Cases/Product/TC-Product-AddCart-001' successfully

2023-08-31 13:54:41 - [TEST_STEP][PASSED] - click(findTestObject("Checkout/cart icon")): Object: 'Object Repository/Checkout/cart icon' is clicked on

2023-08-31 13:54:42 - [MESSAGE][PASSED] - Object: 'Object Repository/Checkout/cart icon' is clicked on

2023-08-31 13:54:42 - [TEST_STEP][PASSED] - verifyElementPresent(findTestObject("Checkout/span_Your Cart"), 5): Object 'Object Repository/Checkout/span_Your Cart' is present

2023-08-31 13:54:42 - [MESSAGE][PASSED] - Object 'Object Repository/Checkout/span_Your Cart' is present

2023-08-31 13:54:42 - [TEST_STEP][PASSED] - nameCart = text: null

2023-08-31 13:54:43 - [TEST_STEP][PASSED] - descCart = text: null

2023-08-31 13:54:43 - [TEST_STEP][PASSED] - priceCart = text: null

2023-08-31 13:54:44 - [TEST_STEP][PASSED] - productPage.put("nameCart", nameCart): null

2023-08-31 13:54:44 - [TEST_STEP][PASSED] - productPage.put("descCart", descCart): null

2023-08-31 13:54:44 - [TEST_STEP][PASSED] - productPage.put("priceCart", priceCart): null

2023-08-31 13:54:44 - [TEST_STEP][PASSED] - assert productPage.get("nameProduct") == nameCart: null

2023-08-31 13:54:44 - [TEST_STEP][PASSED] - assert productPage.get("priceProduct") == priceCart: null

2023-08-31 13:54:44 - [TEST_STEP][PASSED] - assert productPage.get("descProduct") == descCart: null

2023-08-31 13:54:44 - [TEST_STEP][PASSED] - return productPage: null

2023-08-31 13:54:44 - [MESSAGE][PASSED] - Call Test Case 'Test Cases/Keranjang/TC-Cart-Show-002' successfully

2023-08-31 13:54:44 - [TEST_STEP][PASSED] - click(findTestObject("Detail Product/detail produk name pos 1 backpack")): Object: 'Object Repository/Detail Product/detail produk name pos 1 backpack' is clicked on

2023-08-31 13:54:44 - [MESSAGE][PASSED] - Object: 'Object Repository/Detail Product/detail produk name pos 1 backpack' is clicked on

2023-08-31 13:54:44 - [TEST_STEP][PASSED] - verifyElementPresent(findTestObject("Detail Product/button_Back to products"), 5): Object 'Object Repository/Detail Product/button_Back to products' is present

2023-08-31 13:54:45 - [MESSAGE][PASSED] - Object 'Object Repository/Detail Product/button_Back to products' is present]]></system-out>
         <system-err><![CDATA[]]></system-err>
      </testcase>
      <testcase name="Test Cases/Checkout/TC-Checkout-Success-001" time="27.575" classname="Test Cases/Checkout/TC-Checkout-Success-001" status="PASSED">
         <system-out><![CDATA[2023-08-31 13:54:45 - [TEST_CASE][PASSED] - Test Cases/Checkout/TC-Checkout-Success-001: Test Cases/Checkout/TC-Checkout-Success-001

2023-08-31 13:54:46 - [TEST_STEP][PASSED] - cartItems = callTestCase(findTestCase("Keranjang/TC-Cart-Show-002"), [:], STOP_ON_FAILURE): Call Test Case 'Test Cases/Keranjang/TC-Cart-Show-002' successfully

2023-08-31 13:54:46 - [TEST_CASE][PASSED] - Test Cases/Keranjang/TC-Cart-Show-002: Test Cases/Keranjang/TC-Cart-Show-002

2023-08-31 13:54:46 - [TEST_STEP][PASSED] - productPage = callTestCase(findTestCase("Product/TC-Product-AddCart-001"), [:], STOP_ON_FAILURE): Call Test Case 'Test Cases/Product/TC-Product-AddCart-001' successfully

2023-08-31 13:54:46 - [TEST_CASE][PASSED] - Test Cases/Product/TC-Product-AddCart-001: Test Cases/Product/TC-Product-AddCart-001

2023-08-31 13:54:46 - [TEST_STEP][PASSED] - callTestCase(findTestCase("Product/TC-Product-Show-001"), [:], STOP_ON_FAILURE): Call Test Case 'Test Cases/Product/TC-Product-Show-001' successfully

2023-08-31 13:54:46 - [TEST_CASE][PASSED] - Test Cases/Product/TC-Product-Show-001: Test Cases/Product/TC-Product-Show-001

2023-08-31 13:54:46 - [TEST_STEP][PASSED] - callTestCase(findTestCase("Login/TC-Login-Success-001"), ["username":"standard_user", "password":"qcu24s4901FyWDTwXGr6XA=="], STOP_ON_FAILURE): Call Test Case 'Test Cases/Login/TC-Login-Success-001' successfully

2023-08-31 13:54:46 - [TEST_CASE][PASSED] - Test Cases/Login/TC-Login-Success-001: Test Cases/Login/TC-Login-Success-001

2023-08-31 13:54:46 - [TEST_STEP][PASSED] - openBrowser(webSauceDemo): Browser is opened with url: 'https://www.saucedemo.com/'

2023-08-31 13:54:46 - [MESSAGE][WARNING] - A browser is already opened. Closing browser and opening a new one

2023-08-31 13:54:47 - [MESSAGE][INFO] - Starting 'Edge Chromium' driver

2023-08-31 13:54:50 - [MESSAGE][INFO] - Action delay is set to 0 milliseconds

2023-08-31 13:54:53 - [MESSAGE][PASSED] - Browser is opened with url: 'https://www.saucedemo.com/'

2023-08-31 13:54:53 - [TEST_STEP][PASSED] - verifyElementPresent(findTestObject("Login Page Object/Swag Labs Text (tanda masuk home)"), 5): Object 'Object Repository/Login Page Object/Swag Labs Text (tanda masuk home)' is present

2023-08-31 13:54:53 - [MESSAGE][PASSED] - Object 'Object Repository/Login Page Object/Swag Labs Text (tanda masuk home)' is present

2023-08-31 13:54:53 - [TEST_STEP][PASSED] - setText(findTestObject("Login Page Object/username login"), username): Text 'standard_user' is set on object 'Object Repository/Login Page Object/username login'

2023-08-31 13:54:54 - [MESSAGE][PASSED] - Text 'standard_user' is set on object 'Object Repository/Login Page Object/username login'

2023-08-31 13:54:54 - [TEST_STEP][PASSED] - setEncryptedText(findTestObject("Login Page Object/password login"), password): Text ****** has been set on object 'Object Repository/Login Page Object/password login'

2023-08-31 13:54:56 - [MESSAGE][PASSED] - Text ****** has been set on object 'Object Repository/Login Page Object/password login'

2023-08-31 13:54:56 - [TEST_STEP][PASSED] - click(findTestObject("Login Page Object/button login")): Object: 'Object Repository/Login Page Object/button login' is clicked on

2023-08-31 13:54:57 - [MESSAGE][PASSED] - Object: 'Object Repository/Login Page Object/button login' is clicked on

2023-08-31 13:54:57 - [TEST_STEP][PASSED] - verifyElementPresent(findTestObject("Product/span_Products"), 5): Object 'Object Repository/Product/span_Products' is present

2023-08-31 13:54:58 - [MESSAGE][PASSED] - Object 'Object Repository/Product/span_Products' is present

2023-08-31 13:54:58 - [TEST_STEP][PASSED] - nameProduct = text: null

2023-08-31 13:54:58 - [TEST_STEP][PASSED] - descProduct = text: null

2023-08-31 13:54:58 - [TEST_STEP][PASSED] - priceProduct = text: null

2023-08-31 13:54:59 - [TEST_STEP][PASSED] - item = new java.util.HashMap(): null

2023-08-31 13:54:59 - [TEST_STEP][PASSED] - item.put("nameProduct", nameProduct): null

2023-08-31 13:54:59 - [TEST_STEP][PASSED] - item.put("descProduct", descProduct): null

2023-08-31 13:54:59 - [TEST_STEP][PASSED] - item.put("priceProduct", priceProduct): null

2023-08-31 13:54:59 - [TEST_STEP][PASSED] - return item: null

2023-08-31 13:54:59 - [MESSAGE][PASSED] - Call Test Case 'Test Cases/Login/TC-Login-Success-001' successfully

2023-08-31 13:54:59 - [MESSAGE][PASSED] - Call Test Case 'Test Cases/Product/TC-Product-Show-001' successfully

2023-08-31 13:54:59 - [TEST_STEP][PASSED] - nameProduct = text: null

2023-08-31 13:54:59 - [TEST_STEP][PASSED] - descProduct = text: null

2023-08-31 13:55:00 - [TEST_STEP][PASSED] - priceProduct = text: null

2023-08-31 13:55:00 - [TEST_STEP][PASSED] - dataProduct = new java.util.HashMap(): null

2023-08-31 13:55:00 - [TEST_STEP][PASSED] - dataProduct.put("nameProduct", nameProduct): null

2023-08-31 13:55:00 - [TEST_STEP][PASSED] - dataProduct.put("descProduct", descProduct): null

2023-08-31 13:55:00 - [TEST_STEP][PASSED] - dataProduct.put("priceProduct", priceProduct): null

2023-08-31 13:55:00 - [TEST_STEP][PASSED] - click(findTestObject("Product/button add to cart backpack")): Object: 'Object Repository/Product/button add to cart backpack' is clicked on

2023-08-31 13:55:01 - [MESSAGE][PASSED] - Object: 'Object Repository/Product/button add to cart backpack' is clicked on

2023-08-31 13:55:01 - [TEST_STEP][PASSED] - verifyElementPresent(findTestObject("selector for verify/button remove item pos 1"), 5): Object 'Object Repository/selector for verify/button remove item pos 1' is present

2023-08-31 13:55:01 - [MESSAGE][PASSED] - Object 'Object Repository/selector for verify/button remove item pos 1' is present

2023-08-31 13:55:01 - [TEST_STEP][PASSED] - verifyElementPresent(findTestObject("selector for verify/verify jumlah item 1 (cart)"), 5): Object 'Object Repository/selector for verify/verify jumlah item 1 (cart)' is present

2023-08-31 13:55:02 - [MESSAGE][PASSED] - Object 'Object Repository/selector for verify/verify jumlah item 1 (cart)' is present

2023-08-31 13:55:02 - [TEST_STEP][PASSED] - return dataProduct: null

2023-08-31 13:55:02 - [MESSAGE][PASSED] - Call Test Case 'Test Cases/Product/TC-Product-AddCart-001' successfully

2023-08-31 13:55:02 - [TEST_STEP][PASSED] - click(findTestObject("Checkout/cart icon")): Object: 'Object Repository/Checkout/cart icon' is clicked on

2023-08-31 13:55:02 - [MESSAGE][PASSED] - Object: 'Object Repository/Checkout/cart icon' is clicked on

2023-08-31 13:55:02 - [TEST_STEP][PASSED] - verifyElementPresent(findTestObject("Checkout/span_Your Cart"), 5): Object 'Object Repository/Checkout/span_Your Cart' is present

2023-08-31 13:55:03 - [MESSAGE][PASSED] - Object 'Object Repository/Checkout/span_Your Cart' is present

2023-08-31 13:55:03 - [TEST_STEP][PASSED] - nameCart = text: null

2023-08-31 13:55:03 - [TEST_STEP][PASSED] - descCart = text: null

2023-08-31 13:55:04 - [TEST_STEP][PASSED] - priceCart = text: null

2023-08-31 13:55:04 - [TEST_STEP][PASSED] - productPage.put("nameCart", nameCart): null

2023-08-31 13:55:04 - [TEST_STEP][PASSED] - productPage.put("descCart", descCart): null

2023-08-31 13:55:04 - [TEST_STEP][PASSED] - productPage.put("priceCart", priceCart): null

2023-08-31 13:55:04 - [TEST_STEP][PASSED] - assert productPage.get("nameProduct") == nameCart: null

2023-08-31 13:55:04 - [TEST_STEP][PASSED] - assert productPage.get("priceProduct") == priceCart: null

2023-08-31 13:55:04 - [TEST_STEP][PASSED] - assert productPage.get("descProduct") == descCart: null

2023-08-31 13:55:04 - [TEST_STEP][PASSED] - return productPage: null

2023-08-31 13:55:04 - [MESSAGE][PASSED] - Call Test Case 'Test Cases/Keranjang/TC-Cart-Show-002' successfully

2023-08-31 13:55:04 - [TEST_STEP][PASSED] - click(findTestObject("Checkout/button_Checkout")): Object: 'Object Repository/Checkout/button_Checkout' is clicked on

2023-08-31 13:55:05 - [MESSAGE][PASSED] - Object: 'Object Repository/Checkout/button_Checkout' is clicked on

2023-08-31 13:55:05 - [TEST_STEP][PASSED] - verifyElementPresent(findTestObject("Checkout/span_Checkout Your Information"), 5): Object 'Object Repository/Checkout/span_Checkout Your Information' is present

2023-08-31 13:55:05 - [MESSAGE][PASSED] - Object 'Object Repository/Checkout/span_Checkout Your Information' is present

2023-08-31 13:55:05 - [TEST_STEP][PASSED] - setText(findTestObject("Checkout/input_Checkout Your Information_firstName"), firstName): Text 'Joko' is set on object 'Object Repository/Checkout/input_Checkout Your Information_firstName'

2023-08-31 13:55:06 - [MESSAGE][PASSED] - Text 'Joko' is set on object 'Object Repository/Checkout/input_Checkout Your Information_firstName'

2023-08-31 13:55:06 - [TEST_STEP][PASSED] - setText(findTestObject("Checkout/input_Checkout Your Information_lastName"), lastName): Text 'Widodo' is set on object 'Object Repository/Checkout/input_Checkout Your Information_lastName'

2023-08-31 13:55:07 - [MESSAGE][PASSED] - Text 'Widodo' is set on object 'Object Repository/Checkout/input_Checkout Your Information_lastName'

2023-08-31 13:55:07 - [TEST_STEP][PASSED] - setText(findTestObject("Checkout/input_Checkout Your Information_postalCode"), postalCode): Text '12345' is set on object 'Object Repository/Checkout/input_Checkout Your Information_postalCode'

2023-08-31 13:55:08 - [MESSAGE][PASSED] - Text '12345' is set on object 'Object Repository/Checkout/input_Checkout Your Information_postalCode'

2023-08-31 13:55:08 - [TEST_STEP][PASSED] - click(findTestObject("Checkout/input_Cancel_continue")): Object: 'Object Repository/Checkout/input_Cancel_continue' is clicked on

2023-08-31 13:55:09 - [MESSAGE][PASSED] - Object: 'Object Repository/Checkout/input_Cancel_continue' is clicked on

2023-08-31 13:55:09 - [TEST_STEP][PASSED] - verifyElementPresent(findTestObject("Checkout/span_Checkout Overview"), 5): Object 'Object Repository/Checkout/span_Checkout Overview' is present

2023-08-31 13:55:09 - [MESSAGE][PASSED] - Object 'Object Repository/Checkout/span_Checkout Overview' is present

2023-08-31 13:55:09 - [TEST_STEP][PASSED] - cartName = text: null

2023-08-31 13:55:10 - [TEST_STEP][PASSED] - cartDesc = text: null

2023-08-31 13:55:10 - [TEST_STEP][PASSED] - cartPrice = text: null

2023-08-31 13:55:10 - [TEST_STEP][PASSED] - taxElement = text: null

2023-08-31 13:55:11 - [TEST_STEP][PASSED] - itemTotalElement = text: null

2023-08-31 13:55:11 - [TEST_STEP][PASSED] - totalElement = text: null

2023-08-31 13:55:12 - [TEST_STEP][PASSED] - assert cartName == cartItems.get("nameProduct"): null

2023-08-31 13:55:12 - [TEST_STEP][PASSED] - assert cartDesc == cartItems.get("descProduct"): null

2023-08-31 13:55:12 - [TEST_STEP][PASSED] - assert cartPrice == cartItems.get("priceProduct"): null

2023-08-31 13:55:12 - [TEST_STEP][PASSED] - assert cartName == cartItems.get("nameCart"): null

2023-08-31 13:55:12 - [TEST_STEP][PASSED] - assert cartDesc == cartItems.get("descCart"): null

2023-08-31 13:55:12 - [TEST_STEP][PASSED] - assert cartPrice == cartItems.get("priceCart"): null

2023-08-31 13:55:12 - [TEST_STEP][PASSED] - tax = Math.round(Double.parseDouble(cartPrice.replace("$", "")) * 0.08 * 100) / 100: null

2023-08-31 13:55:12 - [TEST_STEP][PASSED] - itemTotal = Double.parseDouble(cartPrice.replace("$", "")): null

2023-08-31 13:55:12 - [TEST_STEP][PASSED] - total = tax + itemTotal: null

2023-08-31 13:55:12 - [TEST_STEP][PASSED] - arrItemTotalElement = itemTotalElement.split("\$"): null

2023-08-31 13:55:12 - [TEST_STEP][PASSED] - arrTaxElement = taxElement.split("\$"): null

2023-08-31 13:55:12 - [TEST_STEP][PASSED] - arrTotalElement = totalElement.split("\$"): null

2023-08-31 13:55:12 - [TEST_STEP][PASSED] - assert tax == Double.parseDouble(arrTaxElement[1]): null

2023-08-31 13:55:12 - [TEST_STEP][PASSED] - assert itemTotal == Double.parseDouble(arrItemTotalElement[1]): null

2023-08-31 13:55:12 - [TEST_STEP][PASSED] - assert total == Double.parseDouble(arrTotalElement[1]): null

2023-08-31 13:55:12 - [TEST_STEP][PASSED] - click(findTestObject("Checkout/button_Finish")): Object: 'Object Repository/Checkout/button_Finish' is clicked on

2023-08-31 13:55:12 - [MESSAGE][PASSED] - Object: 'Object Repository/Checkout/button_Finish' is clicked on]]></system-out>
         <system-err><![CDATA[]]></system-err>
      </testcase>
      <testcase name="Test Cases/Checkout/TC-Checkout-Success-002" time="33.345" classname="Test Cases/Checkout/TC-Checkout-Success-002" status="PASSED">
         <system-out><![CDATA[2023-08-31 13:55:12 - [TEST_CASE][PASSED] - Test Cases/Checkout/TC-Checkout-Success-002: Test Cases/Checkout/TC-Checkout-Success-002

2023-08-31 13:55:14 - [TEST_STEP][PASSED] - cartItems = callTestCase(findTestCase("Keranjang/TC-Cart-Show-003"), [:], STOP_ON_FAILURE): Call Test Case 'Test Cases/Keranjang/TC-Cart-Show-003' successfully

2023-08-31 13:55:14 - [TEST_CASE][PASSED] - Test Cases/Keranjang/TC-Cart-Show-003: Test Cases/Keranjang/TC-Cart-Show-003

2023-08-31 13:55:14 - [TEST_STEP][PASSED] - itemProduct = callTestCase(findTestCase("Product/TC-Product-AddCart-002"), [:], STOP_ON_FAILURE): Call Test Case 'Test Cases/Product/TC-Product-AddCart-002' successfully

2023-08-31 13:55:14 - [TEST_CASE][PASSED] - Test Cases/Product/TC-Product-AddCart-002: Test Cases/Product/TC-Product-AddCart-002

2023-08-31 13:55:14 - [TEST_STEP][PASSED] - itemProduct = callTestCase(findTestCase("Product/TC-Product-AddCart-001"), [:], STOP_ON_FAILURE): Call Test Case 'Test Cases/Product/TC-Product-AddCart-001' successfully

2023-08-31 13:55:14 - [TEST_CASE][PASSED] - Test Cases/Product/TC-Product-AddCart-001: Test Cases/Product/TC-Product-AddCart-001

2023-08-31 13:55:14 - [TEST_STEP][PASSED] - callTestCase(findTestCase("Product/TC-Product-Show-001"), [:], STOP_ON_FAILURE): Call Test Case 'Test Cases/Product/TC-Product-Show-001' successfully

2023-08-31 13:55:14 - [TEST_CASE][PASSED] - Test Cases/Product/TC-Product-Show-001: Test Cases/Product/TC-Product-Show-001

2023-08-31 13:55:14 - [TEST_STEP][PASSED] - callTestCase(findTestCase("Login/TC-Login-Success-001"), ["username":"standard_user", "password":"qcu24s4901FyWDTwXGr6XA=="], STOP_ON_FAILURE): Call Test Case 'Test Cases/Login/TC-Login-Success-001' successfully

2023-08-31 13:55:14 - [TEST_CASE][PASSED] - Test Cases/Login/TC-Login-Success-001: Test Cases/Login/TC-Login-Success-001

2023-08-31 13:55:14 - [TEST_STEP][PASSED] - openBrowser(webSauceDemo): Browser is opened with url: 'https://www.saucedemo.com/'

2023-08-31 13:55:14 - [MESSAGE][WARNING] - A browser is already opened. Closing browser and opening a new one

2023-08-31 13:55:15 - [MESSAGE][INFO] - Starting 'Edge Chromium' driver

2023-08-31 13:55:17 - [MESSAGE][INFO] - Action delay is set to 0 milliseconds

2023-08-31 13:55:22 - [MESSAGE][PASSED] - Browser is opened with url: 'https://www.saucedemo.com/'

2023-08-31 13:55:22 - [TEST_STEP][PASSED] - verifyElementPresent(findTestObject("Login Page Object/Swag Labs Text (tanda masuk home)"), 5): Object 'Object Repository/Login Page Object/Swag Labs Text (tanda masuk home)' is present

2023-08-31 13:55:23 - [MESSAGE][PASSED] - Object 'Object Repository/Login Page Object/Swag Labs Text (tanda masuk home)' is present

2023-08-31 13:55:23 - [TEST_STEP][PASSED] - setText(findTestObject("Login Page Object/username login"), username): Text 'standard_user' is set on object 'Object Repository/Login Page Object/username login'

2023-08-31 13:55:24 - [MESSAGE][PASSED] - Text 'standard_user' is set on object 'Object Repository/Login Page Object/username login'

2023-08-31 13:55:24 - [TEST_STEP][PASSED] - setEncryptedText(findTestObject("Login Page Object/password login"), password): Text ****** has been set on object 'Object Repository/Login Page Object/password login'

2023-08-31 13:55:24 - [MESSAGE][PASSED] - Text ****** has been set on object 'Object Repository/Login Page Object/password login'

2023-08-31 13:55:24 - [TEST_STEP][PASSED] - click(findTestObject("Login Page Object/button login")): Object: 'Object Repository/Login Page Object/button login' is clicked on

2023-08-31 13:55:26 - [MESSAGE][PASSED] - Object: 'Object Repository/Login Page Object/button login' is clicked on

2023-08-31 13:55:26 - [TEST_STEP][PASSED] - verifyElementPresent(findTestObject("Product/span_Products"), 5): Object 'Object Repository/Product/span_Products' is present

2023-08-31 13:55:27 - [MESSAGE][PASSED] - Object 'Object Repository/Product/span_Products' is present

2023-08-31 13:55:27 - [TEST_STEP][PASSED] - nameProduct = text: null

2023-08-31 13:55:27 - [TEST_STEP][PASSED] - descProduct = text: null

2023-08-31 13:55:28 - [TEST_STEP][PASSED] - priceProduct = text: null

2023-08-31 13:55:28 - [TEST_STEP][PASSED] - item = new java.util.HashMap(): null

2023-08-31 13:55:28 - [TEST_STEP][PASSED] - item.put("nameProduct", nameProduct): null

2023-08-31 13:55:28 - [TEST_STEP][PASSED] - item.put("descProduct", descProduct): null

2023-08-31 13:55:28 - [TEST_STEP][PASSED] - item.put("priceProduct", priceProduct): null

2023-08-31 13:55:28 - [TEST_STEP][PASSED] - return item: null

2023-08-31 13:55:28 - [MESSAGE][PASSED] - Call Test Case 'Test Cases/Login/TC-Login-Success-001' successfully

2023-08-31 13:55:28 - [MESSAGE][PASSED] - Call Test Case 'Test Cases/Product/TC-Product-Show-001' successfully

2023-08-31 13:55:28 - [TEST_STEP][PASSED] - nameProduct = text: null

2023-08-31 13:55:29 - [TEST_STEP][PASSED] - descProduct = text: null

2023-08-31 13:55:29 - [TEST_STEP][PASSED] - priceProduct = text: null

2023-08-31 13:55:30 - [TEST_STEP][PASSED] - dataProduct = new java.util.HashMap(): null

2023-08-31 13:55:30 - [TEST_STEP][PASSED] - dataProduct.put("nameProduct", nameProduct): null

2023-08-31 13:55:30 - [TEST_STEP][PASSED] - dataProduct.put("descProduct", descProduct): null

2023-08-31 13:55:30 - [TEST_STEP][PASSED] - dataProduct.put("priceProduct", priceProduct): null

2023-08-31 13:55:30 - [TEST_STEP][PASSED] - click(findTestObject("Product/button add to cart backpack")): Object: 'Object Repository/Product/button add to cart backpack' is clicked on

2023-08-31 13:55:30 - [MESSAGE][PASSED] - Object: 'Object Repository/Product/button add to cart backpack' is clicked on

2023-08-31 13:55:30 - [TEST_STEP][PASSED] - verifyElementPresent(findTestObject("selector for verify/button remove item pos 1"), 5): Object 'Object Repository/selector for verify/button remove item pos 1' is present

2023-08-31 13:55:31 - [MESSAGE][PASSED] - Object 'Object Repository/selector for verify/button remove item pos 1' is present

2023-08-31 13:55:31 - [TEST_STEP][PASSED] - verifyElementPresent(findTestObject("selector for verify/verify jumlah item 1 (cart)"), 5): Object 'Object Repository/selector for verify/verify jumlah item 1 (cart)' is present

2023-08-31 13:55:31 - [MESSAGE][PASSED] - Object 'Object Repository/selector for verify/verify jumlah item 1 (cart)' is present

2023-08-31 13:55:31 - [TEST_STEP][PASSED] - return dataProduct: null

2023-08-31 13:55:31 - [MESSAGE][PASSED] - Call Test Case 'Test Cases/Product/TC-Product-AddCart-001' successfully

2023-08-31 13:55:31 - [TEST_STEP][PASSED] - nameProduct = text: null

2023-08-31 13:55:32 - [TEST_STEP][PASSED] - descProduct = text: null

2023-08-31 13:55:32 - [TEST_STEP][PASSED] - priceProduct = text: null

2023-08-31 13:55:32 - [TEST_STEP][PASSED] - nameProductList = new java.util.ArrayList(): null

2023-08-31 13:55:32 - [TEST_STEP][PASSED] - descProductList = new java.util.ArrayList(): null

2023-08-31 13:55:32 - [TEST_STEP][PASSED] - priceProductList = new java.util.ArrayList(): null

2023-08-31 13:55:32 - [TEST_STEP][PASSED] - nameProductList.add(itemProduct.get("nameProduct")): null

2023-08-31 13:55:32 - [TEST_STEP][PASSED] - nameProductList.add(nameProduct): null

2023-08-31 13:55:32 - [TEST_STEP][PASSED] - descProductList.add(itemProduct.get("descProduct")): null

2023-08-31 13:55:32 - [TEST_STEP][PASSED] - descProductList.add(descProduct): null

2023-08-31 13:55:32 - [TEST_STEP][PASSED] - priceProductList.add(itemProduct.get("priceProduct")): null

2023-08-31 13:55:32 - [TEST_STEP][PASSED] - priceProductList.add(priceProduct): null

2023-08-31 13:55:32 - [TEST_STEP][PASSED] - itemProduct.put("listNameProduct", nameProductList): null

2023-08-31 13:55:32 - [TEST_STEP][PASSED] - itemProduct.put("listDescProduct", descProductList): null

2023-08-31 13:55:32 - [TEST_STEP][PASSED] - itemProduct.put("listPriceProduct", priceProductList): null

2023-08-31 13:55:32 - [TEST_STEP][PASSED] - click(findTestObject("Product/button add to cart pos 2")): Object: 'Object Repository/Product/button add to cart pos 2' is clicked on

2023-08-31 13:55:33 - [MESSAGE][PASSED] - Object: 'Object Repository/Product/button add to cart pos 2' is clicked on

2023-08-31 13:55:33 - [TEST_STEP][PASSED] - verifyElementPresent(findTestObject("selector for verify/button remove item pos 2"), 5): Object 'Object Repository/selector for verify/button remove item pos 2' is present

2023-08-31 13:55:33 - [MESSAGE][PASSED] - Object 'Object Repository/selector for verify/button remove item pos 2' is present

2023-08-31 13:55:33 - [TEST_STEP][PASSED] - verifyElementPresent(findTestObject("selector for verify/verify jumlah item 2 (cart)"), 5): Object 'Object Repository/selector for verify/verify jumlah item 2 (cart)' is present

2023-08-31 13:55:34 - [MESSAGE][PASSED] - Object 'Object Repository/selector for verify/verify jumlah item 2 (cart)' is present

2023-08-31 13:55:34 - [TEST_STEP][PASSED] - return itemProduct: null

2023-08-31 13:55:34 - [MESSAGE][PASSED] - Call Test Case 'Test Cases/Product/TC-Product-AddCart-002' successfully

2023-08-31 13:55:34 - [TEST_STEP][PASSED] - click(findTestObject("Checkout/cart icon")): Object: 'Object Repository/Checkout/cart icon' is clicked on

2023-08-31 13:55:34 - [MESSAGE][PASSED] - Object: 'Object Repository/Checkout/cart icon' is clicked on

2023-08-31 13:55:34 - [TEST_STEP][PASSED] - verifyElementPresent(findTestObject("Checkout/span_Your Cart"), 5): Object 'Object Repository/Checkout/span_Your Cart' is present

2023-08-31 13:55:35 - [MESSAGE][PASSED] - Object 'Object Repository/Checkout/span_Your Cart' is present

2023-08-31 13:55:35 - [TEST_STEP][PASSED] - nameCart = findWebElements(findTestObject("Object Repository/selector for verify/cart item pos 1 name"), 5): null

2023-08-31 13:55:35 - [TEST_STEP][PASSED] - descCart = findWebElements(findTestObject("Object Repository/selector for verify/cart item pos 1 desc"), 5): null

2023-08-31 13:55:36 - [TEST_STEP][PASSED] - priceCart = findWebElements(findTestObject("Object Repository/selector for verify/cart item pos 1 price"), 5): null

2023-08-31 13:55:36 - [TEST_STEP][PASSED] - nameProduct = new java.util.ArrayList(): null

2023-08-31 13:55:36 - [TEST_STEP][PASSED] - descProduct = new java.util.ArrayList(): null

2023-08-31 13:55:36 - [TEST_STEP][PASSED] - priceProduct = new java.util.ArrayList(): null

2023-08-31 13:55:36 - [TEST_STEP][PASSED] - for ([i = 0, i < nameCart.size(), (i++)]): null

2023-08-31 13:55:36 - [TEST_STEP][PASSED] - tempNameCart = text: null

2023-08-31 13:55:36 - [TEST_STEP][PASSED] - tempDescCart = text: null

2023-08-31 13:55:36 - [TEST_STEP][PASSED] - tempPriceCart = text: null

2023-08-31 13:55:36 - [TEST_STEP][PASSED] - nameProduct.add(tempNameCart): null

2023-08-31 13:55:36 - [TEST_STEP][PASSED] - descProduct.add(tempDescCart): null

2023-08-31 13:55:36 - [TEST_STEP][PASSED] - priceProduct.add(tempPriceCart): null

2023-08-31 13:55:36 - [TEST_STEP][PASSED] - tempNameCart = text: null

2023-08-31 13:55:36 - [TEST_STEP][PASSED] - tempDescCart = text: null

2023-08-31 13:55:36 - [TEST_STEP][PASSED] - tempPriceCart = text: null

2023-08-31 13:55:36 - [TEST_STEP][PASSED] - nameProduct.add(tempNameCart): null

2023-08-31 13:55:36 - [TEST_STEP][PASSED] - descProduct.add(tempDescCart): null

2023-08-31 13:55:36 - [TEST_STEP][PASSED] - priceProduct.add(tempPriceCart): null

2023-08-31 13:55:36 - [TEST_STEP][PASSED] - println(itemProduct.get("listNameProduct")): null

2023-08-31 13:55:36 - [TEST_STEP][PASSED] - println(nameProduct): null

2023-08-31 13:55:36 - [TEST_STEP][PASSED] - assert itemProduct.get("listNameProduct") == nameProduct: null

2023-08-31 13:55:36 - [TEST_STEP][PASSED] - assert itemProduct.get("listDescProduct") == descProduct: null

2023-08-31 13:55:36 - [TEST_STEP][PASSED] - assert itemProduct.get("listPriceProduct") == priceProduct: null

2023-08-31 13:55:36 - [TEST_STEP][PASSED] - return itemProduct: null

2023-08-31 13:55:36 - [MESSAGE][PASSED] - Call Test Case 'Test Cases/Keranjang/TC-Cart-Show-003' successfully

2023-08-31 13:55:36 - [TEST_STEP][PASSED] - click(findTestObject("Checkout/button_Checkout")): Object: 'Object Repository/Checkout/button_Checkout' is clicked on

2023-08-31 13:55:37 - [MESSAGE][PASSED] - Object: 'Object Repository/Checkout/button_Checkout' is clicked on

2023-08-31 13:55:37 - [TEST_STEP][PASSED] - verifyElementPresent(findTestObject("Checkout/span_Checkout Your Information"), 5): Object 'Object Repository/Checkout/span_Checkout Your Information' is present

2023-08-31 13:55:37 - [MESSAGE][PASSED] - Object 'Object Repository/Checkout/span_Checkout Your Information' is present

2023-08-31 13:55:37 - [TEST_STEP][PASSED] - setText(findTestObject("Checkout/input_Checkout Your Information_firstName"), firstName): Text 'Joko' is set on object 'Object Repository/Checkout/input_Checkout Your Information_firstName'

2023-08-31 13:55:38 - [MESSAGE][PASSED] - Text 'Joko' is set on object 'Object Repository/Checkout/input_Checkout Your Information_firstName'

2023-08-31 13:55:38 - [TEST_STEP][PASSED] - setText(findTestObject("Checkout/input_Checkout Your Information_lastName"), lastName): Text 'Widodo' is set on object 'Object Repository/Checkout/input_Checkout Your Information_lastName'

2023-08-31 13:55:39 - [MESSAGE][PASSED] - Text 'Widodo' is set on object 'Object Repository/Checkout/input_Checkout Your Information_lastName'

2023-08-31 13:55:39 - [TEST_STEP][PASSED] - setText(findTestObject("Checkout/input_Checkout Your Information_postalCode"), postalCode): Text '12345' is set on object 'Object Repository/Checkout/input_Checkout Your Information_postalCode'

2023-08-31 13:55:40 - [MESSAGE][PASSED] - Text '12345' is set on object 'Object Repository/Checkout/input_Checkout Your Information_postalCode'

2023-08-31 13:55:40 - [TEST_STEP][PASSED] - click(findTestObject("Checkout/input_Cancel_continue")): Object: 'Object Repository/Checkout/input_Cancel_continue' is clicked on

2023-08-31 13:55:41 - [MESSAGE][PASSED] - Object: 'Object Repository/Checkout/input_Cancel_continue' is clicked on

2023-08-31 13:55:41 - [TEST_STEP][PASSED] - verifyElementPresent(findTestObject("Checkout/span_Checkout Overview"), 5): Object 'Object Repository/Checkout/span_Checkout Overview' is present

2023-08-31 13:55:41 - [MESSAGE][PASSED] - Object 'Object Repository/Checkout/span_Checkout Overview' is present

2023-08-31 13:55:41 - [TEST_STEP][PASSED] - cartName = findWebElements(findTestObject("Object Repository/Checkout/overview item pos 1 name"), 5): null

2023-08-31 13:55:42 - [TEST_STEP][PASSED] - cartDesc = findWebElements(findTestObject("Object Repository/Checkout/overview item pos 1 desc"), 5): null

2023-08-31 13:55:42 - [TEST_STEP][PASSED] - cartPrice = findWebElements(findTestObject("Object Repository/Checkout/overview item pos 1 price"), 5): null

2023-08-31 13:55:43 - [TEST_STEP][PASSED] - overviewItemTotal = text: null

2023-08-31 13:55:43 - [TEST_STEP][PASSED] - overviewTax = text: null

2023-08-31 13:55:44 - [TEST_STEP][PASSED] - overviewTotal = text: null

2023-08-31 13:55:44 - [TEST_STEP][PASSED] - arrOverviewItemTotal = overviewItemTotal.split("\$"): null

2023-08-31 13:55:44 - [TEST_STEP][PASSED] - arrOverviewTax = overviewTax.split("\$"): null

2023-08-31 13:55:44 - [TEST_STEP][PASSED] - arrOverviewTotal = overviewTotal.split("\$"): null

2023-08-31 13:55:44 - [TEST_STEP][PASSED] - productName = new java.util.ArrayList(): null

2023-08-31 13:55:44 - [TEST_STEP][PASSED] - productDesc = new java.util.ArrayList(): null

2023-08-31 13:55:44 - [TEST_STEP][PASSED] - productPrice = new java.util.ArrayList(): null

2023-08-31 13:55:44 - [TEST_STEP][PASSED] - totalHargaBarang = 0: null

2023-08-31 13:55:44 - [TEST_STEP][PASSED] - for ([i = 0, i < cartName.size(), (i++)]): null

2023-08-31 13:55:44 - [TEST_STEP][PASSED] - tempProductName = text: null

2023-08-31 13:55:44 - [TEST_STEP][PASSED] - tempProductDesc = text: null

2023-08-31 13:55:44 - [TEST_STEP][PASSED] - tempProductPrice = text: null

2023-08-31 13:55:44 - [TEST_STEP][PASSED] - productName.add(tempProductName): null

2023-08-31 13:55:44 - [TEST_STEP][PASSED] - productDesc.add(tempProductDesc): null

2023-08-31 13:55:44 - [TEST_STEP][PASSED] - productPrice.add(tempProductPrice): null

2023-08-31 13:55:44 - [TEST_STEP][PASSED] - totalHargaBarang += Double.parseDouble(text.replace("$", "")): null

2023-08-31 13:55:44 - [TEST_STEP][PASSED] - tempProductName = text: null

2023-08-31 13:55:44 - [TEST_STEP][PASSED] - tempProductDesc = text: null

2023-08-31 13:55:44 - [TEST_STEP][PASSED] - tempProductPrice = text: null

2023-08-31 13:55:44 - [TEST_STEP][PASSED] - productName.add(tempProductName): null

2023-08-31 13:55:44 - [TEST_STEP][PASSED] - productDesc.add(tempProductDesc): null

2023-08-31 13:55:44 - [TEST_STEP][PASSED] - productPrice.add(tempProductPrice): null

2023-08-31 13:55:44 - [TEST_STEP][PASSED] - totalHargaBarang += Double.parseDouble(text.replace("$", "")): null

2023-08-31 13:55:44 - [TEST_STEP][PASSED] - tax = Math.round(totalHargaBarang * 0.08 * 100) / 100: null

2023-08-31 13:55:44 - [TEST_STEP][PASSED] - totals = Math.round(totalHargaBarang + tax * 100) / 100: null

2023-08-31 13:55:44 - [TEST_STEP][PASSED] - assert cartItems.get("listNameProduct") == productName: null

2023-08-31 13:55:44 - [TEST_STEP][PASSED] - assert cartItems.get("listDescProduct") == productDesc: null

2023-08-31 13:55:44 - [TEST_STEP][PASSED] - assert cartItems.get("listPriceProduct") == productPrice: null

2023-08-31 13:55:44 - [TEST_STEP][PASSED] - assert Double.parseDouble(arrOverviewItemTotal[1]) == totalHargaBarang: null

2023-08-31 13:55:44 - [TEST_STEP][PASSED] - assert Double.parseDouble(arrOverviewTax[1]) == tax: null

2023-08-31 13:55:44 - [TEST_STEP][PASSED] - assert Double.parseDouble(arrOverviewTotal[1]) == totals: null

2023-08-31 13:55:44 - [TEST_STEP][PASSED] - click(findTestObject("Checkout/button_Finish")): Object: 'Object Repository/Checkout/button_Finish' is clicked on

2023-08-31 13:55:45 - [MESSAGE][PASSED] - Object: 'Object Repository/Checkout/button_Finish' is clicked on

2023-08-31 13:55:45 - [TEST_STEP][PASSED] - verifyElementPresent(findTestObject("Object Repository/Checkout/span_Checkout Complete"), 5): Object 'Object Repository/Checkout/span_Checkout Complete' is present

2023-08-31 13:55:45 - [MESSAGE][PASSED] - Object 'Object Repository/Checkout/span_Checkout Complete' is present

2023-08-31 13:55:45 - [TEST_STEP][PASSED] - verifyElementPresent(findTestObject("Object Repository/Checkout/present thankyou for your order"), 5): Object 'Object Repository/Checkout/present thankyou for your order' is present

2023-08-31 13:55:46 - [MESSAGE][PASSED] - Object 'Object Repository/Checkout/present thankyou for your order' is present]]></system-out>
         <system-err><![CDATA[]]></system-err>
      </testcase>
      <testcase name="Test Cases/Checkout/TC-Checkout-Nav-001" time="25.592" classname="Test Cases/Checkout/TC-Checkout-Nav-001" status="PASSED">
         <system-out><![CDATA[2023-08-31 13:55:46 - [TEST_CASE][PASSED] - Test Cases/Checkout/TC-Checkout-Nav-001: Test Cases/Checkout/TC-Checkout-Nav-001

2023-08-31 13:55:47 - [TEST_STEP][PASSED] - callTestCase(findTestCase("Keranjang/TC-Cart-Show-002"), [:], STOP_ON_FAILURE): Call Test Case 'Test Cases/Keranjang/TC-Cart-Show-002' successfully

2023-08-31 13:55:47 - [TEST_CASE][PASSED] - Test Cases/Keranjang/TC-Cart-Show-002: Test Cases/Keranjang/TC-Cart-Show-002

2023-08-31 13:55:47 - [TEST_STEP][PASSED] - productPage = callTestCase(findTestCase("Product/TC-Product-AddCart-001"), [:], STOP_ON_FAILURE): Call Test Case 'Test Cases/Product/TC-Product-AddCart-001' successfully

2023-08-31 13:55:47 - [TEST_CASE][PASSED] - Test Cases/Product/TC-Product-AddCart-001: Test Cases/Product/TC-Product-AddCart-001

2023-08-31 13:55:47 - [TEST_STEP][PASSED] - callTestCase(findTestCase("Product/TC-Product-Show-001"), [:], STOP_ON_FAILURE): Call Test Case 'Test Cases/Product/TC-Product-Show-001' successfully

2023-08-31 13:55:47 - [TEST_CASE][PASSED] - Test Cases/Product/TC-Product-Show-001: Test Cases/Product/TC-Product-Show-001

2023-08-31 13:55:47 - [TEST_STEP][PASSED] - callTestCase(findTestCase("Login/TC-Login-Success-001"), ["username":"standard_user", "password":"qcu24s4901FyWDTwXGr6XA=="], STOP_ON_FAILURE): Call Test Case 'Test Cases/Login/TC-Login-Success-001' successfully

2023-08-31 13:55:47 - [TEST_CASE][PASSED] - Test Cases/Login/TC-Login-Success-001: Test Cases/Login/TC-Login-Success-001

2023-08-31 13:55:47 - [TEST_STEP][PASSED] - openBrowser(webSauceDemo): Browser is opened with url: 'https://www.saucedemo.com/'

2023-08-31 13:55:47 - [MESSAGE][WARNING] - A browser is already opened. Closing browser and opening a new one

2023-08-31 13:55:48 - [MESSAGE][INFO] - Starting 'Edge Chromium' driver

2023-08-31 13:55:50 - [MESSAGE][INFO] - Action delay is set to 0 milliseconds

2023-08-31 13:55:54 - [MESSAGE][PASSED] - Browser is opened with url: 'https://www.saucedemo.com/'

2023-08-31 13:55:54 - [TEST_STEP][PASSED] - verifyElementPresent(findTestObject("Login Page Object/Swag Labs Text (tanda masuk home)"), 5): Object 'Object Repository/Login Page Object/Swag Labs Text (tanda masuk home)' is present

2023-08-31 13:55:55 - [MESSAGE][PASSED] - Object 'Object Repository/Login Page Object/Swag Labs Text (tanda masuk home)' is present

2023-08-31 13:55:55 - [TEST_STEP][PASSED] - setText(findTestObject("Login Page Object/username login"), username): Text 'standard_user' is set on object 'Object Repository/Login Page Object/username login'

2023-08-31 13:55:56 - [MESSAGE][PASSED] - Text 'standard_user' is set on object 'Object Repository/Login Page Object/username login'

2023-08-31 13:55:56 - [TEST_STEP][PASSED] - setEncryptedText(findTestObject("Login Page Object/password login"), password): Text ****** has been set on object 'Object Repository/Login Page Object/password login'

2023-08-31 13:55:57 - [MESSAGE][PASSED] - Text ****** has been set on object 'Object Repository/Login Page Object/password login'

2023-08-31 13:55:57 - [TEST_STEP][PASSED] - click(findTestObject("Login Page Object/button login")): Object: 'Object Repository/Login Page Object/button login' is clicked on

2023-08-31 13:55:58 - [MESSAGE][PASSED] - Object: 'Object Repository/Login Page Object/button login' is clicked on

2023-08-31 13:55:58 - [TEST_STEP][PASSED] - verifyElementPresent(findTestObject("Product/span_Products"), 5): Object 'Object Repository/Product/span_Products' is present

2023-08-31 13:55:59 - [MESSAGE][PASSED] - Object 'Object Repository/Product/span_Products' is present

2023-08-31 13:55:59 - [TEST_STEP][PASSED] - nameProduct = text: null

2023-08-31 13:55:59 - [TEST_STEP][PASSED] - descProduct = text: null

2023-08-31 13:56:00 - [TEST_STEP][PASSED] - priceProduct = text: null

2023-08-31 13:56:00 - [TEST_STEP][PASSED] - item = new java.util.HashMap(): null

2023-08-31 13:56:00 - [TEST_STEP][PASSED] - item.put("nameProduct", nameProduct): null

2023-08-31 13:56:00 - [TEST_STEP][PASSED] - item.put("descProduct", descProduct): null

2023-08-31 13:56:00 - [TEST_STEP][PASSED] - item.put("priceProduct", priceProduct): null

2023-08-31 13:56:00 - [TEST_STEP][PASSED] - return item: null

2023-08-31 13:56:00 - [MESSAGE][PASSED] - Call Test Case 'Test Cases/Login/TC-Login-Success-001' successfully

2023-08-31 13:56:00 - [MESSAGE][PASSED] - Call Test Case 'Test Cases/Product/TC-Product-Show-001' successfully

2023-08-31 13:56:00 - [TEST_STEP][PASSED] - nameProduct = text: null

2023-08-31 13:56:01 - [TEST_STEP][PASSED] - descProduct = text: null

2023-08-31 13:56:01 - [TEST_STEP][PASSED] - priceProduct = text: null

2023-08-31 13:56:02 - [TEST_STEP][PASSED] - dataProduct = new java.util.HashMap(): null

2023-08-31 13:56:02 - [TEST_STEP][PASSED] - dataProduct.put("nameProduct", nameProduct): null

2023-08-31 13:56:02 - [TEST_STEP][PASSED] - dataProduct.put("descProduct", descProduct): null

2023-08-31 13:56:02 - [TEST_STEP][PASSED] - dataProduct.put("priceProduct", priceProduct): null

2023-08-31 13:56:02 - [TEST_STEP][PASSED] - click(findTestObject("Product/button add to cart backpack")): Object: 'Object Repository/Product/button add to cart backpack' is clicked on

2023-08-31 13:56:02 - [MESSAGE][PASSED] - Object: 'Object Repository/Product/button add to cart backpack' is clicked on

2023-08-31 13:56:02 - [TEST_STEP][PASSED] - verifyElementPresent(findTestObject("selector for verify/button remove item pos 1"), 5): Object 'Object Repository/selector for verify/button remove item pos 1' is present

2023-08-31 13:56:03 - [MESSAGE][PASSED] - Object 'Object Repository/selector for verify/button remove item pos 1' is present

2023-08-31 13:56:03 - [TEST_STEP][PASSED] - verifyElementPresent(findTestObject("selector for verify/verify jumlah item 1 (cart)"), 5): Object 'Object Repository/selector for verify/verify jumlah item 1 (cart)' is present

2023-08-31 13:56:03 - [MESSAGE][PASSED] - Object 'Object Repository/selector for verify/verify jumlah item 1 (cart)' is present

2023-08-31 13:56:03 - [TEST_STEP][PASSED] - return dataProduct: null

2023-08-31 13:56:03 - [MESSAGE][PASSED] - Call Test Case 'Test Cases/Product/TC-Product-AddCart-001' successfully

2023-08-31 13:56:03 - [TEST_STEP][PASSED] - click(findTestObject("Checkout/cart icon")): Object: 'Object Repository/Checkout/cart icon' is clicked on

2023-08-31 13:56:04 - [MESSAGE][PASSED] - Object: 'Object Repository/Checkout/cart icon' is clicked on

2023-08-31 13:56:04 - [TEST_STEP][PASSED] - verifyElementPresent(findTestObject("Checkout/span_Your Cart"), 5): Object 'Object Repository/Checkout/span_Your Cart' is present

2023-08-31 13:56:04 - [MESSAGE][PASSED] - Object 'Object Repository/Checkout/span_Your Cart' is present

2023-08-31 13:56:04 - [TEST_STEP][PASSED] - nameCart = text: null

2023-08-31 13:56:05 - [TEST_STEP][PASSED] - descCart = text: null

2023-08-31 13:56:05 - [TEST_STEP][PASSED] - priceCart = text: null

2023-08-31 13:56:05 - [TEST_STEP][PASSED] - productPage.put("nameCart", nameCart): null

2023-08-31 13:56:05 - [TEST_STEP][PASSED] - productPage.put("descCart", descCart): null

2023-08-31 13:56:05 - [TEST_STEP][PASSED] - productPage.put("priceCart", priceCart): null

2023-08-31 13:56:05 - [TEST_STEP][PASSED] - assert productPage.get("nameProduct") == nameCart: null

2023-08-31 13:56:05 - [TEST_STEP][PASSED] - assert productPage.get("priceProduct") == priceCart: null

2023-08-31 13:56:05 - [TEST_STEP][PASSED] - assert productPage.get("descProduct") == descCart: null

2023-08-31 13:56:05 - [TEST_STEP][PASSED] - return productPage: null

2023-08-31 13:56:05 - [MESSAGE][PASSED] - Call Test Case 'Test Cases/Keranjang/TC-Cart-Show-002' successfully

2023-08-31 13:56:05 - [TEST_STEP][PASSED] - click(findTestObject("Checkout/button_Checkout")): Object: 'Object Repository/Checkout/button_Checkout' is clicked on

2023-08-31 13:56:06 - [MESSAGE][PASSED] - Object: 'Object Repository/Checkout/button_Checkout' is clicked on

2023-08-31 13:56:06 - [TEST_STEP][PASSED] - verifyElementPresent(findTestObject("Checkout/span_Checkout Your Information"), 5): Object 'Object Repository/Checkout/span_Checkout Your Information' is present

2023-08-31 13:56:06 - [MESSAGE][PASSED] - Object 'Object Repository/Checkout/span_Checkout Your Information' is present

2023-08-31 13:56:06 - [TEST_STEP][PASSED] - setText(findTestObject("Checkout/input_Checkout Your Information_firstName"), firstName): Text 'rida' is set on object 'Object Repository/Checkout/input_Checkout Your Information_firstName'

2023-08-31 13:56:07 - [MESSAGE][PASSED] - Text 'rida' is set on object 'Object Repository/Checkout/input_Checkout Your Information_firstName'

2023-08-31 13:56:07 - [TEST_STEP][PASSED] - setText(findTestObject("Checkout/input_Checkout Your Information_lastName"), lastName): Text 'aridaini' is set on object 'Object Repository/Checkout/input_Checkout Your Information_lastName'

2023-08-31 13:56:08 - [MESSAGE][PASSED] - Text 'aridaini' is set on object 'Object Repository/Checkout/input_Checkout Your Information_lastName'

2023-08-31 13:56:08 - [TEST_STEP][PASSED] - setText(findTestObject("Checkout/input_Checkout Your Information_postalCode"), postalCode): Text '1018' is set on object 'Object Repository/Checkout/input_Checkout Your Information_postalCode'

2023-08-31 13:56:09 - [MESSAGE][PASSED] - Text '1018' is set on object 'Object Repository/Checkout/input_Checkout Your Information_postalCode'

2023-08-31 13:56:09 - [TEST_STEP][PASSED] - click(findTestObject("Checkout/input_Cancel_continue")): Object: 'Object Repository/Checkout/input_Cancel_continue' is clicked on

2023-08-31 13:56:10 - [MESSAGE][PASSED] - Object: 'Object Repository/Checkout/input_Cancel_continue' is clicked on

2023-08-31 13:56:10 - [TEST_STEP][PASSED] - verifyElementPresent(findTestObject("Checkout/span_Checkout Overview"), 5): Object 'Object Repository/Checkout/span_Checkout Overview' is present

2023-08-31 13:56:10 - [MESSAGE][PASSED] - Object 'Object Repository/Checkout/span_Checkout Overview' is present

2023-08-31 13:56:10 - [TEST_STEP][PASSED] - click(findTestObject("Checkout/button_Cancel")): Object: 'Object Repository/Checkout/button_Cancel' is clicked on

2023-08-31 13:56:11 - [MESSAGE][PASSED] - Object: 'Object Repository/Checkout/button_Cancel' is clicked on

2023-08-31 13:56:11 - [TEST_STEP][PASSED] - verifyElementPresent(findTestObject("Product/span_Products"), 5): Object 'Object Repository/Product/span_Products' is present

2023-08-31 13:56:11 - [MESSAGE][PASSED] - Object 'Object Repository/Product/span_Products' is present]]></system-out>
         <system-err><![CDATA[]]></system-err>
      </testcase>
      <testcase name="Test Cases/Checkout/TC-Checkout-Error-001" time="23.074" classname="Test Cases/Checkout/TC-Checkout-Error-001" status="PASSED">
         <system-out><![CDATA[2023-08-31 13:56:11 - [TEST_CASE][PASSED] - Test Cases/Checkout/TC-Checkout-Error-001: Test Cases/Checkout/TC-Checkout-Error-001

2023-08-31 13:56:12 - [TEST_STEP][PASSED] - callTestCase(findTestCase("Keranjang/TC-Cart-Show-002"), [:], STOP_ON_FAILURE): Call Test Case 'Test Cases/Keranjang/TC-Cart-Show-002' successfully

2023-08-31 13:56:12 - [TEST_CASE][PASSED] - Test Cases/Keranjang/TC-Cart-Show-002: Test Cases/Keranjang/TC-Cart-Show-002

2023-08-31 13:56:12 - [TEST_STEP][PASSED] - productPage = callTestCase(findTestCase("Product/TC-Product-AddCart-001"), [:], STOP_ON_FAILURE): Call Test Case 'Test Cases/Product/TC-Product-AddCart-001' successfully

2023-08-31 13:56:12 - [TEST_CASE][PASSED] - Test Cases/Product/TC-Product-AddCart-001: Test Cases/Product/TC-Product-AddCart-001

2023-08-31 13:56:12 - [TEST_STEP][PASSED] - callTestCase(findTestCase("Product/TC-Product-Show-001"), [:], STOP_ON_FAILURE): Call Test Case 'Test Cases/Product/TC-Product-Show-001' successfully

2023-08-31 13:56:12 - [TEST_CASE][PASSED] - Test Cases/Product/TC-Product-Show-001: Test Cases/Product/TC-Product-Show-001

2023-08-31 13:56:12 - [TEST_STEP][PASSED] - callTestCase(findTestCase("Login/TC-Login-Success-001"), ["username":"standard_user", "password":"qcu24s4901FyWDTwXGr6XA=="], STOP_ON_FAILURE): Call Test Case 'Test Cases/Login/TC-Login-Success-001' successfully

2023-08-31 13:56:13 - [TEST_CASE][PASSED] - Test Cases/Login/TC-Login-Success-001: Test Cases/Login/TC-Login-Success-001

2023-08-31 13:56:13 - [TEST_STEP][PASSED] - openBrowser(webSauceDemo): Browser is opened with url: 'https://www.saucedemo.com/'

2023-08-31 13:56:13 - [MESSAGE][WARNING] - A browser is already opened. Closing browser and opening a new one

2023-08-31 13:56:14 - [MESSAGE][INFO] - Starting 'Edge Chromium' driver

2023-08-31 13:56:16 - [MESSAGE][INFO] - Action delay is set to 0 milliseconds

2023-08-31 13:56:20 - [MESSAGE][PASSED] - Browser is opened with url: 'https://www.saucedemo.com/'

2023-08-31 13:56:20 - [TEST_STEP][PASSED] - verifyElementPresent(findTestObject("Login Page Object/Swag Labs Text (tanda masuk home)"), 5): Object 'Object Repository/Login Page Object/Swag Labs Text (tanda masuk home)' is present

2023-08-31 13:56:20 - [MESSAGE][PASSED] - Object 'Object Repository/Login Page Object/Swag Labs Text (tanda masuk home)' is present

2023-08-31 13:56:20 - [TEST_STEP][PASSED] - setText(findTestObject("Login Page Object/username login"), username): Text 'standard_user' is set on object 'Object Repository/Login Page Object/username login'

2023-08-31 13:56:21 - [MESSAGE][PASSED] - Text 'standard_user' is set on object 'Object Repository/Login Page Object/username login'

2023-08-31 13:56:21 - [TEST_STEP][PASSED] - setEncryptedText(findTestObject("Login Page Object/password login"), password): Text ****** has been set on object 'Object Repository/Login Page Object/password login'

2023-08-31 13:56:22 - [MESSAGE][PASSED] - Text ****** has been set on object 'Object Repository/Login Page Object/password login'

2023-08-31 13:56:22 - [TEST_STEP][PASSED] - click(findTestObject("Login Page Object/button login")): Object: 'Object Repository/Login Page Object/button login' is clicked on

2023-08-31 13:56:23 - [MESSAGE][PASSED] - Object: 'Object Repository/Login Page Object/button login' is clicked on

2023-08-31 13:56:23 - [TEST_STEP][PASSED] - verifyElementPresent(findTestObject("Product/span_Products"), 5): Object 'Object Repository/Product/span_Products' is present

2023-08-31 13:56:24 - [MESSAGE][PASSED] - Object 'Object Repository/Product/span_Products' is present

2023-08-31 13:56:24 - [TEST_STEP][PASSED] - nameProduct = text: null

2023-08-31 13:56:24 - [TEST_STEP][PASSED] - descProduct = text: null

2023-08-31 13:56:25 - [TEST_STEP][PASSED] - priceProduct = text: null

2023-08-31 13:56:25 - [TEST_STEP][PASSED] - item = new java.util.HashMap(): null

2023-08-31 13:56:25 - [TEST_STEP][PASSED] - item.put("nameProduct", nameProduct): null

2023-08-31 13:56:25 - [TEST_STEP][PASSED] - item.put("descProduct", descProduct): null

2023-08-31 13:56:25 - [TEST_STEP][PASSED] - item.put("priceProduct", priceProduct): null

2023-08-31 13:56:25 - [TEST_STEP][PASSED] - return item: null

2023-08-31 13:56:25 - [MESSAGE][PASSED] - Call Test Case 'Test Cases/Login/TC-Login-Success-001' successfully

2023-08-31 13:56:25 - [MESSAGE][PASSED] - Call Test Case 'Test Cases/Product/TC-Product-Show-001' successfully

2023-08-31 13:56:25 - [TEST_STEP][PASSED] - nameProduct = text: null

2023-08-31 13:56:26 - [TEST_STEP][PASSED] - descProduct = text: null

2023-08-31 13:56:26 - [TEST_STEP][PASSED] - priceProduct = text: null

2023-08-31 13:56:27 - [TEST_STEP][PASSED] - dataProduct = new java.util.HashMap(): null

2023-08-31 13:56:27 - [TEST_STEP][PASSED] - dataProduct.put("nameProduct", nameProduct): null

2023-08-31 13:56:27 - [TEST_STEP][PASSED] - dataProduct.put("descProduct", descProduct): null

2023-08-31 13:56:27 - [TEST_STEP][PASSED] - dataProduct.put("priceProduct", priceProduct): null

2023-08-31 13:56:27 - [TEST_STEP][PASSED] - click(findTestObject("Product/button add to cart backpack")): Object: 'Object Repository/Product/button add to cart backpack' is clicked on

2023-08-31 13:56:27 - [MESSAGE][PASSED] - Object: 'Object Repository/Product/button add to cart backpack' is clicked on

2023-08-31 13:56:27 - [TEST_STEP][PASSED] - verifyElementPresent(findTestObject("selector for verify/button remove item pos 1"), 5): Object 'Object Repository/selector for verify/button remove item pos 1' is present

2023-08-31 13:56:28 - [MESSAGE][PASSED] - Object 'Object Repository/selector for verify/button remove item pos 1' is present

2023-08-31 13:56:28 - [TEST_STEP][PASSED] - verifyElementPresent(findTestObject("selector for verify/verify jumlah item 1 (cart)"), 5): Object 'Object Repository/selector for verify/verify jumlah item 1 (cart)' is present

2023-08-31 13:56:28 - [MESSAGE][PASSED] - Object 'Object Repository/selector for verify/verify jumlah item 1 (cart)' is present

2023-08-31 13:56:28 - [TEST_STEP][PASSED] - return dataProduct: null

2023-08-31 13:56:28 - [MESSAGE][PASSED] - Call Test Case 'Test Cases/Product/TC-Product-AddCart-001' successfully

2023-08-31 13:56:28 - [TEST_STEP][PASSED] - click(findTestObject("Checkout/cart icon")): Object: 'Object Repository/Checkout/cart icon' is clicked on

2023-08-31 13:56:29 - [MESSAGE][PASSED] - Object: 'Object Repository/Checkout/cart icon' is clicked on

2023-08-31 13:56:29 - [TEST_STEP][PASSED] - verifyElementPresent(findTestObject("Checkout/span_Your Cart"), 5): Object 'Object Repository/Checkout/span_Your Cart' is present

2023-08-31 13:56:29 - [MESSAGE][PASSED] - Object 'Object Repository/Checkout/span_Your Cart' is present

2023-08-31 13:56:29 - [TEST_STEP][PASSED] - nameCart = text: null

2023-08-31 13:56:30 - [TEST_STEP][PASSED] - descCart = text: null

2023-08-31 13:56:30 - [TEST_STEP][PASSED] - priceCart = text: null

2023-08-31 13:56:30 - [TEST_STEP][PASSED] - productPage.put("nameCart", nameCart): null

2023-08-31 13:56:30 - [TEST_STEP][PASSED] - productPage.put("descCart", descCart): null

2023-08-31 13:56:30 - [TEST_STEP][PASSED] - productPage.put("priceCart", priceCart): null

2023-08-31 13:56:30 - [TEST_STEP][PASSED] - assert productPage.get("nameProduct") == nameCart: null

2023-08-31 13:56:30 - [TEST_STEP][PASSED] - assert productPage.get("priceProduct") == priceCart: null

2023-08-31 13:56:30 - [TEST_STEP][PASSED] - assert productPage.get("descProduct") == descCart: null

2023-08-31 13:56:30 - [TEST_STEP][PASSED] - return productPage: null

2023-08-31 13:56:30 - [MESSAGE][PASSED] - Call Test Case 'Test Cases/Keranjang/TC-Cart-Show-002' successfully

2023-08-31 13:56:30 - [TEST_STEP][PASSED] - click(findTestObject("Checkout/button_Checkout")): Object: 'Object Repository/Checkout/button_Checkout' is clicked on

2023-08-31 13:56:31 - [MESSAGE][PASSED] - Object: 'Object Repository/Checkout/button_Checkout' is clicked on

2023-08-31 13:56:31 - [TEST_STEP][PASSED] - verifyElementPresent(findTestObject("Checkout/span_Checkout Your Information"), 5): Object 'Object Repository/Checkout/span_Checkout Your Information' is present

2023-08-31 13:56:32 - [MESSAGE][PASSED] - Object 'Object Repository/Checkout/span_Checkout Your Information' is present

2023-08-31 13:56:32 - [TEST_STEP][PASSED] - setText(findTestObject("Checkout/input_Checkout Your Information_lastName"), lastName): Text 'Alvian' is set on object 'Object Repository/Checkout/input_Checkout Your Information_lastName'

2023-08-31 13:56:32 - [MESSAGE][PASSED] - Text 'Alvian' is set on object 'Object Repository/Checkout/input_Checkout Your Information_lastName'

2023-08-31 13:56:32 - [TEST_STEP][PASSED] - setText(findTestObject("Checkout/input_Checkout Your Information_postalCode"), postalCode): Text '34192' is set on object 'Object Repository/Checkout/input_Checkout Your Information_postalCode'

2023-08-31 13:56:33 - [MESSAGE][PASSED] - Text '34192' is set on object 'Object Repository/Checkout/input_Checkout Your Information_postalCode'

2023-08-31 13:56:33 - [TEST_STEP][PASSED] - click(findTestObject("Checkout/input_Cancel_continue")): Object: 'Object Repository/Checkout/input_Cancel_continue' is clicked on

2023-08-31 13:56:34 - [MESSAGE][PASSED] - Object: 'Object Repository/Checkout/input_Cancel_continue' is clicked on

2023-08-31 13:56:34 - [TEST_STEP][PASSED] - verifyElementPresent(findTestObject("Error message/Overview/Error First Name is required"), 5): Object 'Object Repository/Error message/Overview/Error First Name is required' is present

2023-08-31 13:56:34 - [MESSAGE][PASSED] - Object 'Object Repository/Error message/Overview/Error First Name is required' is present]]></system-out>
         <system-err><![CDATA[]]></system-err>
      </testcase>
      <testcase name="Test Cases/Checkout/TC-Checkout-Error-002" time="24.536" classname="Test Cases/Checkout/TC-Checkout-Error-002" status="FAILED">
         <failure type="FAILED" message="Test Cases/Checkout/TC-Checkout-Error-002 FAILED.
Reason:
com.kms.katalon.core.exception.StepFailedException: Unable to verify text 'Last Name Required' is present  using regular expression
	at com.kms.katalon.core.webui.keyword.internal.WebUIKeywordMain.stepFailed(WebUIKeywordMain.groovy:64)
	at com.kms.katalon.core.webui.keyword.internal.WebUIKeywordMain.runKeyword(WebUIKeywordMain.groovy:26)
	at com.kms.katalon.core.webui.keyword.builtin.VerifyTextPresentKeyword.verifyTextPresent(VerifyTextPresentKeyword.groovy:83)
	at com.kms.katalon.core.webui.keyword.builtin.VerifyTextPresentKeyword.execute(VerifyTextPresentKeyword.groovy:68)
	at com.kms.katalon.core.keyword.internal.KeywordExecutor.executeKeywordForPlatform(KeywordExecutor.groovy:74)
	at com.kms.katalon.core.webui.keyword.WebUiBuiltInKeywords.verifyTextPresent(WebUiBuiltInKeywords.groovy:1723)
	at com.kms.katalon.core.webui.keyword.WebUiBuiltInKeywords$verifyTextPresent$5.call(Unknown Source)
	at TC-Checkout-Error-002.run(TC-Checkout-Error-002:30)
	at com.kms.katalon.core.main.ScriptEngine.run(ScriptEngine.java:194)
	at com.kms.katalon.core.main.ScriptEngine.runScriptAsRawText(ScriptEngine.java:119)
	at com.kms.katalon.core.main.TestCaseExecutor.runScript(TestCaseExecutor.java:448)
	at com.kms.katalon.core.main.TestCaseExecutor.doExecute(TestCaseExecutor.java:439)
	at com.kms.katalon.core.main.TestCaseExecutor.processExecutionPhase(TestCaseExecutor.java:418)
	at com.kms.katalon.core.main.TestCaseExecutor.accessMainPhase(TestCaseExecutor.java:410)
	at com.kms.katalon.core.main.TestCaseExecutor.execute(TestCaseExecutor.java:285)
	at com.kms.katalon.core.main.TestCaseExecutor.execute(TestCaseExecutor.java:369)
	at com.kms.katalon.core.main.TestCaseExecutor.execute(TestCaseExecutor.java:369)
	at com.kms.katalon.core.main.TestCaseExecutor.execute(TestCaseExecutor.java:369)
	at com.kms.katalon.core.common.CommonExecutor.accessTestCaseMainPhase(CommonExecutor.java:65)
	at com.kms.katalon.core.main.TestSuiteExecutor.accessTestSuiteMainPhase(TestSuiteExecutor.java:148)
	at com.kms.katalon.core.main.TestSuiteExecutor.execute(TestSuiteExecutor.java:106)
	at com.kms.katalon.core.main.TestCaseMain.startTestSuite(TestCaseMain.java:187)
	at com.kms.katalon.core.main.TestCaseMain$startTestSuite$0.call(Unknown Source)
	at TempTestSuite1693464258738.run(TempTestSuite1693464258738.groovy:36)
Caused by: com.kms.katalon.core.exception.StepFailedException: Text 'Last Name Required' is not present on page  using regular expression
	at com.kms.katalon.core.webui.keyword.internal.WebUIKeywordMain.stepFailed(WebUIKeywordMain.groovy:64)
	at com.kms.katalon.core.webui.keyword.builtin.VerifyTextPresentKeyword$_verifyTextPresent_closure1.doCall(VerifyTextPresentKeyword.groovy:79)
	at com.kms.katalon.core.webui.keyword.builtin.VerifyTextPresentKeyword$_verifyTextPresent_closure1.call(VerifyTextPresentKeyword.groovy)
	at com.kms.katalon.core.webui.keyword.internal.WebUIKeywordMain.runKeyword(WebUIKeywordMain.groovy:20)
	... 22 more
"/>
         <system-out><![CDATA[2023-08-31 13:57:42 - [TEST_CASE][FAILED] - Test Cases/Checkout/TC-Checkout-Error-002: Test Cases/Checkout/TC-Checkout-Error-002 FAILED.
Reason:
com.kms.katalon.core.exception.StepFailedException: Unable to verify text 'Last Name Required' is present  using regular expression
	at com.kms.katalon.core.webui.keyword.internal.WebUIKeywordMain.stepFailed(WebUIKeywordMain.groovy:64)
	at com.kms.katalon.core.webui.keyword.internal.WebUIKeywordMain.runKeyword(WebUIKeywordMain.groovy:26)
	at com.kms.katalon.core.webui.keyword.builtin.VerifyTextPresentKeyword.verifyTextPresent(VerifyTextPresentKeyword.groovy:83)
	at com.kms.katalon.core.webui.keyword.builtin.VerifyTextPresentKeyword.execute(VerifyTextPresentKeyword.groovy:68)
	at com.kms.katalon.core.keyword.internal.KeywordExecutor.executeKeywordForPlatform(KeywordExecutor.groovy:74)
	at com.kms.katalon.core.webui.keyword.WebUiBuiltInKeywords.verifyTextPresent(WebUiBuiltInKeywords.groovy:1723)
	at com.kms.katalon.core.webui.keyword.WebUiBuiltInKeywords$verifyTextPresent$5.call(Unknown Source)
	at TC-Checkout-Error-002.run(TC-Checkout-Error-002:30)
	at com.kms.katalon.core.main.ScriptEngine.run(ScriptEngine.java:194)
	at com.kms.katalon.core.main.ScriptEngine.runScriptAsRawText(ScriptEngine.java:119)
	at com.kms.katalon.core.main.TestCaseExecutor.runScript(TestCaseExecutor.java:448)
	at com.kms.katalon.core.main.TestCaseExecutor.doExecute(TestCaseExecutor.java:439)
	at com.kms.katalon.core.main.TestCaseExecutor.processExecutionPhase(TestCaseExecutor.java:418)
	at com.kms.katalon.core.main.TestCaseExecutor.accessMainPhase(TestCaseExecutor.java:410)
	at com.kms.katalon.core.main.TestCaseExecutor.execute(TestCaseExecutor.java:285)
	at com.kms.katalon.core.main.TestCaseExecutor.execute(TestCaseExecutor.java:369)
	at com.kms.katalon.core.main.TestCaseExecutor.execute(TestCaseExecutor.java:369)
	at com.kms.katalon.core.main.TestCaseExecutor.execute(TestCaseExecutor.java:369)
	at com.kms.katalon.core.common.CommonExecutor.accessTestCaseMainPhase(CommonExecutor.java:65)
	at com.kms.katalon.core.main.TestSuiteExecutor.accessTestSuiteMainPhase(TestSuiteExecutor.java:148)
	at com.kms.katalon.core.main.TestSuiteExecutor.execute(TestSuiteExecutor.java:106)
	at com.kms.katalon.core.main.TestCaseMain.startTestSuite(TestCaseMain.java:187)
	at com.kms.katalon.core.main.TestCaseMain$startTestSuite$0.call(Unknown Source)
	at TempTestSuite1693464258738.run(TempTestSuite1693464258738.groovy:36)
Caused by: com.kms.katalon.core.exception.StepFailedException: Text 'Last Name Required' is not present on page  using regular expression
	at com.kms.katalon.core.webui.keyword.internal.WebUIKeywordMain.stepFailed(WebUIKeywordMain.groovy:64)
	at com.kms.katalon.core.webui.keyword.builtin.VerifyTextPresentKeyword$_verifyTextPresent_closure1.doCall(VerifyTextPresentKeyword.groovy:79)
	at com.kms.katalon.core.webui.keyword.builtin.VerifyTextPresentKeyword$_verifyTextPresent_closure1.call(VerifyTextPresentKeyword.groovy)
	at com.kms.katalon.core.webui.keyword.internal.WebUIKeywordMain.runKeyword(WebUIKeywordMain.groovy:20)
	... 22 more


2023-08-31 13:57:43 - [TEST_STEP][PASSED] - callTestCase(findTestCase("Keranjang/TC-Cart-Show-002"), [:], STOP_ON_FAILURE): Call Test Case 'Test Cases/Keranjang/TC-Cart-Show-002' successfully

2023-08-31 13:57:43 - [TEST_CASE][PASSED] - Test Cases/Keranjang/TC-Cart-Show-002: Test Cases/Keranjang/TC-Cart-Show-002

2023-08-31 13:57:43 - [TEST_STEP][PASSED] - productPage = callTestCase(findTestCase("Product/TC-Product-AddCart-001"), [:], STOP_ON_FAILURE): Call Test Case 'Test Cases/Product/TC-Product-AddCart-001' successfully

2023-08-31 13:57:43 - [TEST_CASE][PASSED] - Test Cases/Product/TC-Product-AddCart-001: Test Cases/Product/TC-Product-AddCart-001

2023-08-31 13:57:43 - [TEST_STEP][PASSED] - callTestCase(findTestCase("Product/TC-Product-Show-001"), [:], STOP_ON_FAILURE): Call Test Case 'Test Cases/Product/TC-Product-Show-001' successfully

2023-08-31 13:57:43 - [TEST_CASE][PASSED] - Test Cases/Product/TC-Product-Show-001: Test Cases/Product/TC-Product-Show-001

2023-08-31 13:57:43 - [TEST_STEP][PASSED] - callTestCase(findTestCase("Login/TC-Login-Success-001"), ["username":"standard_user", "password":"qcu24s4901FyWDTwXGr6XA=="], STOP_ON_FAILURE): Call Test Case 'Test Cases/Login/TC-Login-Success-001' successfully

2023-08-31 13:57:43 - [TEST_CASE][PASSED] - Test Cases/Login/TC-Login-Success-001: Test Cases/Login/TC-Login-Success-001

2023-08-31 13:57:43 - [TEST_STEP][PASSED] - openBrowser(webSauceDemo): Browser is opened with url: 'https://www.saucedemo.com/'

2023-08-31 13:57:43 - [MESSAGE][WARNING] - A browser is already opened. Closing browser and opening a new one

2023-08-31 13:57:44 - [MESSAGE][INFO] - Starting 'Edge Chromium' driver

2023-08-31 13:57:46 - [MESSAGE][INFO] - Action delay is set to 0 milliseconds

2023-08-31 13:57:52 - [MESSAGE][PASSED] - Browser is opened with url: 'https://www.saucedemo.com/'

2023-08-31 13:57:52 - [TEST_STEP][PASSED] - verifyElementPresent(findTestObject("Login Page Object/Swag Labs Text (tanda masuk home)"), 5): Object 'Object Repository/Login Page Object/Swag Labs Text (tanda masuk home)' is present

2023-08-31 13:57:53 - [MESSAGE][PASSED] - Object 'Object Repository/Login Page Object/Swag Labs Text (tanda masuk home)' is present

2023-08-31 13:57:53 - [TEST_STEP][PASSED] - setText(findTestObject("Login Page Object/username login"), username): Text 'standard_user' is set on object 'Object Repository/Login Page Object/username login'

2023-08-31 13:57:54 - [MESSAGE][PASSED] - Text 'standard_user' is set on object 'Object Repository/Login Page Object/username login'

2023-08-31 13:57:54 - [TEST_STEP][PASSED] - setEncryptedText(findTestObject("Login Page Object/password login"), password): Text ****** has been set on object 'Object Repository/Login Page Object/password login'

2023-08-31 13:57:55 - [MESSAGE][PASSED] - Text ****** has been set on object 'Object Repository/Login Page Object/password login'

2023-08-31 13:57:55 - [TEST_STEP][PASSED] - click(findTestObject("Login Page Object/button login")): Object: 'Object Repository/Login Page Object/button login' is clicked on

2023-08-31 13:57:56 - [MESSAGE][PASSED] - Object: 'Object Repository/Login Page Object/button login' is clicked on

2023-08-31 13:57:56 - [TEST_STEP][PASSED] - verifyElementPresent(findTestObject("Product/span_Products"), 5): Object 'Object Repository/Product/span_Products' is present

2023-08-31 13:57:57 - [MESSAGE][PASSED] - Object 'Object Repository/Product/span_Products' is present

2023-08-31 13:57:57 - [TEST_STEP][PASSED] - nameProduct = text: null

2023-08-31 13:57:57 - [TEST_STEP][PASSED] - descProduct = text: null

2023-08-31 13:57:58 - [TEST_STEP][PASSED] - priceProduct = text: null

2023-08-31 13:57:58 - [TEST_STEP][PASSED] - item = new java.util.HashMap(): null

2023-08-31 13:57:58 - [TEST_STEP][PASSED] - item.put("nameProduct", nameProduct): null

2023-08-31 13:57:58 - [TEST_STEP][PASSED] - item.put("descProduct", descProduct): null

2023-08-31 13:57:58 - [TEST_STEP][PASSED] - item.put("priceProduct", priceProduct): null

2023-08-31 13:57:58 - [TEST_STEP][PASSED] - return item: null

2023-08-31 13:57:58 - [MESSAGE][PASSED] - Call Test Case 'Test Cases/Login/TC-Login-Success-001' successfully

2023-08-31 13:57:58 - [MESSAGE][PASSED] - Call Test Case 'Test Cases/Product/TC-Product-Show-001' successfully

2023-08-31 13:57:58 - [TEST_STEP][PASSED] - nameProduct = text: null

2023-08-31 13:57:59 - [TEST_STEP][PASSED] - descProduct = text: null

2023-08-31 13:57:59 - [TEST_STEP][PASSED] - priceProduct = text: null

2023-08-31 13:58:00 - [TEST_STEP][PASSED] - dataProduct = new java.util.HashMap(): null

2023-08-31 13:58:00 - [TEST_STEP][PASSED] - dataProduct.put("nameProduct", nameProduct): null

2023-08-31 13:58:00 - [TEST_STEP][PASSED] - dataProduct.put("descProduct", descProduct): null

2023-08-31 13:58:00 - [TEST_STEP][PASSED] - dataProduct.put("priceProduct", priceProduct): null

2023-08-31 13:58:00 - [TEST_STEP][PASSED] - click(findTestObject("Product/button add to cart backpack")): Object: 'Object Repository/Product/button add to cart backpack' is clicked on

2023-08-31 13:58:00 - [MESSAGE][PASSED] - Object: 'Object Repository/Product/button add to cart backpack' is clicked on

2023-08-31 13:58:00 - [TEST_STEP][PASSED] - verifyElementPresent(findTestObject("selector for verify/button remove item pos 1"), 5): Object 'Object Repository/selector for verify/button remove item pos 1' is present

2023-08-31 13:58:01 - [MESSAGE][PASSED] - Object 'Object Repository/selector for verify/button remove item pos 1' is present

2023-08-31 13:58:01 - [TEST_STEP][PASSED] - verifyElementPresent(findTestObject("selector for verify/verify jumlah item 1 (cart)"), 5): Object 'Object Repository/selector for verify/verify jumlah item 1 (cart)' is present

2023-08-31 13:58:01 - [MESSAGE][PASSED] - Object 'Object Repository/selector for verify/verify jumlah item 1 (cart)' is present

2023-08-31 13:58:01 - [TEST_STEP][PASSED] - return dataProduct: null

2023-08-31 13:58:01 - [MESSAGE][PASSED] - Call Test Case 'Test Cases/Product/TC-Product-AddCart-001' successfully

2023-08-31 13:58:01 - [TEST_STEP][PASSED] - click(findTestObject("Checkout/cart icon")): Object: 'Object Repository/Checkout/cart icon' is clicked on

2023-08-31 13:58:01 - [MESSAGE][PASSED] - Object: 'Object Repository/Checkout/cart icon' is clicked on

2023-08-31 13:58:01 - [TEST_STEP][PASSED] - verifyElementPresent(findTestObject("Checkout/span_Your Cart"), 5): Object 'Object Repository/Checkout/span_Your Cart' is present

2023-08-31 13:58:02 - [MESSAGE][PASSED] - Object 'Object Repository/Checkout/span_Your Cart' is present

2023-08-31 13:58:02 - [TEST_STEP][PASSED] - nameCart = text: null

2023-08-31 13:58:02 - [TEST_STEP][PASSED] - descCart = text: null

2023-08-31 13:58:03 - [TEST_STEP][PASSED] - priceCart = text: null

2023-08-31 13:58:03 - [TEST_STEP][PASSED] - productPage.put("nameCart", nameCart): null

2023-08-31 13:58:03 - [TEST_STEP][PASSED] - productPage.put("descCart", descCart): null

2023-08-31 13:58:03 - [TEST_STEP][PASSED] - productPage.put("priceCart", priceCart): null

2023-08-31 13:58:03 - [TEST_STEP][PASSED] - assert productPage.get("nameProduct") == nameCart: null

2023-08-31 13:58:03 - [TEST_STEP][PASSED] - assert productPage.get("priceProduct") == priceCart: null

2023-08-31 13:58:03 - [TEST_STEP][PASSED] - assert productPage.get("descProduct") == descCart: null

2023-08-31 13:58:03 - [TEST_STEP][PASSED] - return productPage: null

2023-08-31 13:58:03 - [MESSAGE][PASSED] - Call Test Case 'Test Cases/Keranjang/TC-Cart-Show-002' successfully

2023-08-31 13:58:03 - [TEST_STEP][PASSED] - click(findTestObject("Checkout/button_Checkout")): Object: 'Object Repository/Checkout/button_Checkout' is clicked on

2023-08-31 13:58:04 - [MESSAGE][PASSED] - Object: 'Object Repository/Checkout/button_Checkout' is clicked on

2023-08-31 13:58:04 - [TEST_STEP][PASSED] - setText(findTestObject("Checkout/input_Checkout Your Information_firstName"), firstName): Text 'Joko' is set on object 'Object Repository/Checkout/input_Checkout Your Information_firstName'

2023-08-31 13:58:05 - [MESSAGE][PASSED] - Text 'Joko' is set on object 'Object Repository/Checkout/input_Checkout Your Information_firstName'

2023-08-31 13:58:05 - [TEST_STEP][PASSED] - setText(findTestObject("Checkout/input_Checkout Your Information_postalCode"), postalCode): Text '12345' is set on object 'Object Repository/Checkout/input_Checkout Your Information_postalCode'

2023-08-31 13:58:06 - [MESSAGE][PASSED] - Text '12345' is set on object 'Object Repository/Checkout/input_Checkout Your Information_postalCode'

2023-08-31 13:58:06 - [TEST_STEP][PASSED] - click(findTestObject("Checkout/input_Cancel_continue")): Object: 'Object Repository/Checkout/input_Cancel_continue' is clicked on

2023-08-31 13:58:06 - [MESSAGE][PASSED] - Object: 'Object Repository/Checkout/input_Cancel_continue' is clicked on

2023-08-31 13:58:06 - [TEST_STEP][FAILED] - verifyTextPresent("Last Name Required", true): Unable to verify text 'Last Name Required' is present  using regular expression (Root cause: com.kms.katalon.core.exception.StepFailedException: Unable to verify text 'Last Name Required' is present  using regular expression
	at com.kms.katalon.core.webui.keyword.internal.WebUIKeywordMain.stepFailed(WebUIKeywordMain.groovy:64)
	at com.kms.katalon.core.webui.keyword.internal.WebUIKeywordMain.runKeyword(WebUIKeywordMain.groovy:26)
	at com.kms.katalon.core.webui.keyword.builtin.VerifyTextPresentKeyword.verifyTextPresent(VerifyTextPresentKeyword.groovy:83)
	at com.kms.katalon.core.webui.keyword.builtin.VerifyTextPresentKeyword.execute(VerifyTextPresentKeyword.groovy:68)
	at com.kms.katalon.core.keyword.internal.KeywordExecutor.executeKeywordForPlatform(KeywordExecutor.groovy:74)
	at com.kms.katalon.core.webui.keyword.WebUiBuiltInKeywords.verifyTextPresent(WebUiBuiltInKeywords.groovy:1723)
	at com.kms.katalon.core.webui.keyword.WebUiBuiltInKeywords$verifyTextPresent$5.call(Unknown Source)
	at TC-Checkout-Error-002.run(TC-Checkout-Error-002:30)
	at com.kms.katalon.core.main.ScriptEngine.run(ScriptEngine.java:194)
	at com.kms.katalon.core.main.ScriptEngine.runScriptAsRawText(ScriptEngine.java:119)
	at com.kms.katalon.core.main.TestCaseExecutor.runScript(TestCaseExecutor.java:448)
	at com.kms.katalon.core.main.TestCaseExecutor.doExecute(TestCaseExecutor.java:439)
	at com.kms.katalon.core.main.TestCaseExecutor.processExecutionPhase(TestCaseExecutor.java:418)
	at com.kms.katalon.core.main.TestCaseExecutor.accessMainPhase(TestCaseExecutor.java:410)
	at com.kms.katalon.core.main.TestCaseExecutor.execute(TestCaseExecutor.java:285)
	at com.kms.katalon.core.main.TestCaseExecutor.execute(TestCaseExecutor.java:369)
	at com.kms.katalon.core.main.TestCaseExecutor.execute(TestCaseExecutor.java:369)
	at com.kms.katalon.core.main.TestCaseExecutor.execute(TestCaseExecutor.java:369)
	at com.kms.katalon.core.common.CommonExecutor.accessTestCaseMainPhase(CommonExecutor.java:65)
	at com.kms.katalon.core.main.TestSuiteExecutor.accessTestSuiteMainPhase(TestSuiteExecutor.java:148)
	at com.kms.katalon.core.main.TestSuiteExecutor.execute(TestSuiteExecutor.java:106)
	at com.kms.katalon.core.main.TestCaseMain.startTestSuite(TestCaseMain.java:187)
	at com.kms.katalon.core.main.TestCaseMain$startTestSuite$0.call(Unknown Source)
	at TempTestSuite1693464258738.run(TempTestSuite1693464258738.groovy:36)
Caused by: com.kms.katalon.core.exception.StepFailedException: Text 'Last Name Required' is not present on page  using regular expression
	at com.kms.katalon.core.webui.keyword.internal.WebUIKeywordMain.stepFailed(WebUIKeywordMain.groovy:64)
	at com.kms.katalon.core.webui.keyword.builtin.VerifyTextPresentKeyword$_verifyTextPresent_closure1.doCall(VerifyTextPresentKeyword.groovy:79)
	at com.kms.katalon.core.webui.keyword.builtin.VerifyTextPresentKeyword$_verifyTextPresent_closure1.call(VerifyTextPresentKeyword.groovy)
	at com.kms.katalon.core.webui.keyword.internal.WebUIKeywordMain.runKeyword(WebUIKeywordMain.groovy:20)
	... 22 more
)

2023-08-31 13:58:07 - [MESSAGE][FAILED] - Text 'Last Name Required' is not present on page  using regular expression (Root cause: com.kms.katalon.core.exception.StepFailedException: Text 'Last Name Required' is not present on page  using regular expression
	at com.kms.katalon.core.webui.keyword.internal.WebUIKeywordMain.stepFailed(WebUIKeywordMain.groovy:64)
	at com.kms.katalon.core.webui.keyword.builtin.VerifyTextPresentKeyword$_verifyTextPresent_closure1.doCall(VerifyTextPresentKeyword.groovy:79)
	at com.kms.katalon.core.webui.keyword.builtin.VerifyTextPresentKeyword$_verifyTextPresent_closure1.call(VerifyTextPresentKeyword.groovy)
	at com.kms.katalon.core.webui.keyword.internal.WebUIKeywordMain.runKeyword(WebUIKeywordMain.groovy:20)
	at com.kms.katalon.core.webui.keyword.builtin.VerifyTextPresentKeyword.verifyTextPresent(VerifyTextPresentKeyword.groovy:83)
	at com.kms.katalon.core.webui.keyword.builtin.VerifyTextPresentKeyword.execute(VerifyTextPresentKeyword.groovy:68)
	at com.kms.katalon.core.keyword.internal.KeywordExecutor.executeKeywordForPlatform(KeywordExecutor.groovy:74)
	at com.kms.katalon.core.webui.keyword.WebUiBuiltInKeywords.verifyTextPresent(WebUiBuiltInKeywords.groovy:1723)
	at com.kms.katalon.core.webui.keyword.WebUiBuiltInKeywords$verifyTextPresent$5.call(Unknown Source)
	at TC-Checkout-Error-002.run(TC-Checkout-Error-002:30)
	at com.kms.katalon.core.main.ScriptEngine.run(ScriptEngine.java:194)
	at com.kms.katalon.core.main.ScriptEngine.runScriptAsRawText(ScriptEngine.java:119)
	at com.kms.katalon.core.main.TestCaseExecutor.runScript(TestCaseExecutor.java:448)
	at com.kms.katalon.core.main.TestCaseExecutor.doExecute(TestCaseExecutor.java:439)
	at com.kms.katalon.core.main.TestCaseExecutor.processExecutionPhase(TestCaseExecutor.java:418)
	at com.kms.katalon.core.main.TestCaseExecutor.accessMainPhase(TestCaseExecutor.java:410)
	at com.kms.katalon.core.main.TestCaseExecutor.execute(TestCaseExecutor.java:285)
	at com.kms.katalon.core.main.TestCaseExecutor.execute(TestCaseExecutor.java:369)
	at com.kms.katalon.core.main.TestCaseExecutor.execute(TestCaseExecutor.java:369)
	at com.kms.katalon.core.main.TestCaseExecutor.execute(TestCaseExecutor.java:369)
	at com.kms.katalon.core.common.CommonExecutor.accessTestCaseMainPhase(CommonExecutor.java:65)
	at com.kms.katalon.core.main.TestSuiteExecutor.accessTestSuiteMainPhase(TestSuiteExecutor.java:148)
	at com.kms.katalon.core.main.TestSuiteExecutor.execute(TestSuiteExecutor.java:106)
	at com.kms.katalon.core.main.TestCaseMain.startTestSuite(TestCaseMain.java:187)
	at com.kms.katalon.core.main.TestCaseMain$startTestSuite$0.call(Unknown Source)
	at TempTestSuite1693464258738.run(TempTestSuite1693464258738.groovy:36)
)

2023-08-31 13:58:07 - [MESSAGE][FAILED] - Unable to verify text 'Last Name Required' is present  using regular expression (Root cause: com.kms.katalon.core.exception.StepFailedException: Unable to verify text 'Last Name Required' is present  using regular expression
	at com.kms.katalon.core.webui.keyword.internal.WebUIKeywordMain.stepFailed(WebUIKeywordMain.groovy:64)
	at com.kms.katalon.core.webui.keyword.internal.WebUIKeywordMain.runKeyword(WebUIKeywordMain.groovy:26)
	at com.kms.katalon.core.webui.keyword.builtin.VerifyTextPresentKeyword.verifyTextPresent(VerifyTextPresentKeyword.groovy:83)
	at com.kms.katalon.core.webui.keyword.builtin.VerifyTextPresentKeyword.execute(VerifyTextPresentKeyword.groovy:68)
	at com.kms.katalon.core.keyword.internal.KeywordExecutor.executeKeywordForPlatform(KeywordExecutor.groovy:74)
	at com.kms.katalon.core.webui.keyword.WebUiBuiltInKeywords.verifyTextPresent(WebUiBuiltInKeywords.groovy:1723)
	at com.kms.katalon.core.webui.keyword.WebUiBuiltInKeywords$verifyTextPresent$5.call(Unknown Source)
	at TC-Checkout-Error-002.run(TC-Checkout-Error-002:30)
	at com.kms.katalon.core.main.ScriptEngine.run(ScriptEngine.java:194)
	at com.kms.katalon.core.main.ScriptEngine.runScriptAsRawText(ScriptEngine.java:119)
	at com.kms.katalon.core.main.TestCaseExecutor.runScript(TestCaseExecutor.java:448)
	at com.kms.katalon.core.main.TestCaseExecutor.doExecute(TestCaseExecutor.java:439)
	at com.kms.katalon.core.main.TestCaseExecutor.processExecutionPhase(TestCaseExecutor.java:418)
	at com.kms.katalon.core.main.TestCaseExecutor.accessMainPhase(TestCaseExecutor.java:410)
	at com.kms.katalon.core.main.TestCaseExecutor.execute(TestCaseExecutor.java:285)
	at com.kms.katalon.core.main.TestCaseExecutor.execute(TestCaseExecutor.java:369)
	at com.kms.katalon.core.main.TestCaseExecutor.execute(TestCaseExecutor.java:369)
	at com.kms.katalon.core.main.TestCaseExecutor.execute(TestCaseExecutor.java:369)
	at com.kms.katalon.core.common.CommonExecutor.accessTestCaseMainPhase(CommonExecutor.java:65)
	at com.kms.katalon.core.main.TestSuiteExecutor.accessTestSuiteMainPhase(TestSuiteExecutor.java:148)
	at com.kms.katalon.core.main.TestSuiteExecutor.execute(TestSuiteExecutor.java:106)
	at com.kms.katalon.core.main.TestCaseMain.startTestSuite(TestCaseMain.java:187)
	at com.kms.katalon.core.main.TestCaseMain$startTestSuite$0.call(Unknown Source)
	at TempTestSuite1693464258738.run(TempTestSuite1693464258738.groovy:36)
Caused by: com.kms.katalon.core.exception.StepFailedException: Text 'Last Name Required' is not present on page  using regular expression
	at com.kms.katalon.core.webui.keyword.internal.WebUIKeywordMain.stepFailed(WebUIKeywordMain.groovy:64)
	at com.kms.katalon.core.webui.keyword.builtin.VerifyTextPresentKeyword$_verifyTextPresent_closure1.doCall(VerifyTextPresentKeyword.groovy:79)
	at com.kms.katalon.core.webui.keyword.builtin.VerifyTextPresentKeyword$_verifyTextPresent_closure1.call(VerifyTextPresentKeyword.groovy)
	at com.kms.katalon.core.webui.keyword.internal.WebUIKeywordMain.runKeyword(WebUIKeywordMain.groovy:20)
	... 22 more
)
[[ATTACHMENT|C:\\Users\\Aslamadin Alvian Haz\\Documents\\Batch 324 QA XSIS Academy\\batch-324-qa\\Alvin\\Sauce Demo\\Reports\\20230831_134418\\All Story Test Suite\\20230831_134418\\1693465087320.png]]]]></system-out>
         <system-err><![CDATA[2023-08-31 13:57:42 - [TEST_CASE][FAILED] - Test Cases/Checkout/TC-Checkout-Error-002: Test Cases/Checkout/TC-Checkout-Error-002 FAILED.
Reason:
com.kms.katalon.core.exception.StepFailedException: Unable to verify text 'Last Name Required' is present  using regular expression
	at com.kms.katalon.core.webui.keyword.internal.WebUIKeywordMain.stepFailed(WebUIKeywordMain.groovy:64)
	at com.kms.katalon.core.webui.keyword.internal.WebUIKeywordMain.runKeyword(WebUIKeywordMain.groovy:26)
	at com.kms.katalon.core.webui.keyword.builtin.VerifyTextPresentKeyword.verifyTextPresent(VerifyTextPresentKeyword.groovy:83)
	at com.kms.katalon.core.webui.keyword.builtin.VerifyTextPresentKeyword.execute(VerifyTextPresentKeyword.groovy:68)
	at com.kms.katalon.core.keyword.internal.KeywordExecutor.executeKeywordForPlatform(KeywordExecutor.groovy:74)
	at com.kms.katalon.core.webui.keyword.WebUiBuiltInKeywords.verifyTextPresent(WebUiBuiltInKeywords.groovy:1723)
	at com.kms.katalon.core.webui.keyword.WebUiBuiltInKeywords$verifyTextPresent$5.call(Unknown Source)
	at TC-Checkout-Error-002.run(TC-Checkout-Error-002:30)
	at com.kms.katalon.core.main.ScriptEngine.run(ScriptEngine.java:194)
	at com.kms.katalon.core.main.ScriptEngine.runScriptAsRawText(ScriptEngine.java:119)
	at com.kms.katalon.core.main.TestCaseExecutor.runScript(TestCaseExecutor.java:448)
	at com.kms.katalon.core.main.TestCaseExecutor.doExecute(TestCaseExecutor.java:439)
	at com.kms.katalon.core.main.TestCaseExecutor.processExecutionPhase(TestCaseExecutor.java:418)
	at com.kms.katalon.core.main.TestCaseExecutor.accessMainPhase(TestCaseExecutor.java:410)
	at com.kms.katalon.core.main.TestCaseExecutor.execute(TestCaseExecutor.java:285)
	at com.kms.katalon.core.main.TestCaseExecutor.execute(TestCaseExecutor.java:369)
	at com.kms.katalon.core.main.TestCaseExecutor.execute(TestCaseExecutor.java:369)
	at com.kms.katalon.core.main.TestCaseExecutor.execute(TestCaseExecutor.java:369)
	at com.kms.katalon.core.common.CommonExecutor.accessTestCaseMainPhase(CommonExecutor.java:65)
	at com.kms.katalon.core.main.TestSuiteExecutor.accessTestSuiteMainPhase(TestSuiteExecutor.java:148)
	at com.kms.katalon.core.main.TestSuiteExecutor.execute(TestSuiteExecutor.java:106)
	at com.kms.katalon.core.main.TestCaseMain.startTestSuite(TestCaseMain.java:187)
	at com.kms.katalon.core.main.TestCaseMain$startTestSuite$0.call(Unknown Source)
	at TempTestSuite1693464258738.run(TempTestSuite1693464258738.groovy:36)
Caused by: com.kms.katalon.core.exception.StepFailedException: Text 'Last Name Required' is not present on page  using regular expression
	at com.kms.katalon.core.webui.keyword.internal.WebUIKeywordMain.stepFailed(WebUIKeywordMain.groovy:64)
	at com.kms.katalon.core.webui.keyword.builtin.VerifyTextPresentKeyword$_verifyTextPresent_closure1.doCall(VerifyTextPresentKeyword.groovy:79)
	at com.kms.katalon.core.webui.keyword.builtin.VerifyTextPresentKeyword$_verifyTextPresent_closure1.call(VerifyTextPresentKeyword.groovy)
	at com.kms.katalon.core.webui.keyword.internal.WebUIKeywordMain.runKeyword(WebUIKeywordMain.groovy:20)
	... 22 more]]></system-err>
      </testcase>
      <testcase name="Test Cases/Checkout/TC-Checkout-Error-003" time="24.962" classname="Test Cases/Checkout/TC-Checkout-Error-003" status="PASSED">
         <system-out><![CDATA[2023-08-31 13:58:07 - [TEST_CASE][PASSED] - Test Cases/Checkout/TC-Checkout-Error-003: Test Cases/Checkout/TC-Checkout-Error-003

2023-08-31 13:58:08 - [TEST_STEP][PASSED] - callTestCase(findTestCase("Keranjang/TC-Cart-Show-002"), [:], STOP_ON_FAILURE): Call Test Case 'Test Cases/Keranjang/TC-Cart-Show-002' successfully

2023-08-31 13:58:08 - [TEST_CASE][PASSED] - Test Cases/Keranjang/TC-Cart-Show-002: Test Cases/Keranjang/TC-Cart-Show-002

2023-08-31 13:58:08 - [TEST_STEP][PASSED] - productPage = callTestCase(findTestCase("Product/TC-Product-AddCart-001"), [:], STOP_ON_FAILURE): Call Test Case 'Test Cases/Product/TC-Product-AddCart-001' successfully

2023-08-31 13:58:08 - [TEST_CASE][PASSED] - Test Cases/Product/TC-Product-AddCart-001: Test Cases/Product/TC-Product-AddCart-001

2023-08-31 13:58:08 - [TEST_STEP][PASSED] - callTestCase(findTestCase("Product/TC-Product-Show-001"), [:], STOP_ON_FAILURE): Call Test Case 'Test Cases/Product/TC-Product-Show-001' successfully

2023-08-31 13:58:08 - [TEST_CASE][PASSED] - Test Cases/Product/TC-Product-Show-001: Test Cases/Product/TC-Product-Show-001

2023-08-31 13:58:08 - [TEST_STEP][PASSED] - callTestCase(findTestCase("Login/TC-Login-Success-001"), ["username":"standard_user", "password":"qcu24s4901FyWDTwXGr6XA=="], STOP_ON_FAILURE): Call Test Case 'Test Cases/Login/TC-Login-Success-001' successfully

2023-08-31 13:58:08 - [TEST_CASE][PASSED] - Test Cases/Login/TC-Login-Success-001: Test Cases/Login/TC-Login-Success-001

2023-08-31 13:58:08 - [TEST_STEP][PASSED] - openBrowser(webSauceDemo): Browser is opened with url: 'https://www.saucedemo.com/'

2023-08-31 13:58:09 - [MESSAGE][WARNING] - A browser is already opened. Closing browser and opening a new one

2023-08-31 13:58:10 - [MESSAGE][INFO] - Starting 'Edge Chromium' driver

2023-08-31 13:58:12 - [MESSAGE][INFO] - Action delay is set to 0 milliseconds

2023-08-31 13:58:16 - [MESSAGE][PASSED] - Browser is opened with url: 'https://www.saucedemo.com/'

2023-08-31 13:58:16 - [TEST_STEP][PASSED] - verifyElementPresent(findTestObject("Login Page Object/Swag Labs Text (tanda masuk home)"), 5): Object 'Object Repository/Login Page Object/Swag Labs Text (tanda masuk home)' is present

2023-08-31 13:58:16 - [MESSAGE][PASSED] - Object 'Object Repository/Login Page Object/Swag Labs Text (tanda masuk home)' is present

2023-08-31 13:58:16 - [TEST_STEP][PASSED] - setText(findTestObject("Login Page Object/username login"), username): Text 'standard_user' is set on object 'Object Repository/Login Page Object/username login'

2023-08-31 13:58:17 - [MESSAGE][PASSED] - Text 'standard_user' is set on object 'Object Repository/Login Page Object/username login'

2023-08-31 13:58:17 - [TEST_STEP][PASSED] - setEncryptedText(findTestObject("Login Page Object/password login"), password): Text ****** has been set on object 'Object Repository/Login Page Object/password login'

2023-08-31 13:58:18 - [MESSAGE][PASSED] - Text ****** has been set on object 'Object Repository/Login Page Object/password login'

2023-08-31 13:58:18 - [TEST_STEP][PASSED] - click(findTestObject("Login Page Object/button login")): Object: 'Object Repository/Login Page Object/button login' is clicked on

2023-08-31 13:58:20 - [MESSAGE][PASSED] - Object: 'Object Repository/Login Page Object/button login' is clicked on

2023-08-31 13:58:20 - [TEST_STEP][PASSED] - verifyElementPresent(findTestObject("Product/span_Products"), 5): Object 'Object Repository/Product/span_Products' is present

2023-08-31 13:58:21 - [MESSAGE][PASSED] - Object 'Object Repository/Product/span_Products' is present

2023-08-31 13:58:21 - [TEST_STEP][PASSED] - nameProduct = text: null

2023-08-31 13:58:21 - [TEST_STEP][PASSED] - descProduct = text: null

2023-08-31 13:58:22 - [TEST_STEP][PASSED] - priceProduct = text: null

2023-08-31 13:58:22 - [TEST_STEP][PASSED] - item = new java.util.HashMap(): null

2023-08-31 13:58:22 - [TEST_STEP][PASSED] - item.put("nameProduct", nameProduct): null

2023-08-31 13:58:22 - [TEST_STEP][PASSED] - item.put("descProduct", descProduct): null

2023-08-31 13:58:22 - [TEST_STEP][PASSED] - item.put("priceProduct", priceProduct): null

2023-08-31 13:58:22 - [TEST_STEP][PASSED] - return item: null

2023-08-31 13:58:22 - [MESSAGE][PASSED] - Call Test Case 'Test Cases/Login/TC-Login-Success-001' successfully

2023-08-31 13:58:22 - [MESSAGE][PASSED] - Call Test Case 'Test Cases/Product/TC-Product-Show-001' successfully

2023-08-31 13:58:22 - [TEST_STEP][PASSED] - nameProduct = text: null

2023-08-31 13:58:23 - [TEST_STEP][PASSED] - descProduct = text: null

2023-08-31 13:58:23 - [TEST_STEP][PASSED] - priceProduct = text: null

2023-08-31 13:58:24 - [TEST_STEP][PASSED] - dataProduct = new java.util.HashMap(): null

2023-08-31 13:58:24 - [TEST_STEP][PASSED] - dataProduct.put("nameProduct", nameProduct): null

2023-08-31 13:58:24 - [TEST_STEP][PASSED] - dataProduct.put("descProduct", descProduct): null

2023-08-31 13:58:24 - [TEST_STEP][PASSED] - dataProduct.put("priceProduct", priceProduct): null

2023-08-31 13:58:24 - [TEST_STEP][PASSED] - click(findTestObject("Product/button add to cart backpack")): Object: 'Object Repository/Product/button add to cart backpack' is clicked on

2023-08-31 13:58:25 - [MESSAGE][PASSED] - Object: 'Object Repository/Product/button add to cart backpack' is clicked on

2023-08-31 13:58:25 - [TEST_STEP][PASSED] - verifyElementPresent(findTestObject("selector for verify/button remove item pos 1"), 5): Object 'Object Repository/selector for verify/button remove item pos 1' is present

2023-08-31 13:58:25 - [MESSAGE][PASSED] - Object 'Object Repository/selector for verify/button remove item pos 1' is present

2023-08-31 13:58:25 - [TEST_STEP][PASSED] - verifyElementPresent(findTestObject("selector for verify/verify jumlah item 1 (cart)"), 5): Object 'Object Repository/selector for verify/verify jumlah item 1 (cart)' is present

2023-08-31 13:58:26 - [MESSAGE][PASSED] - Object 'Object Repository/selector for verify/verify jumlah item 1 (cart)' is present

2023-08-31 13:58:26 - [TEST_STEP][PASSED] - return dataProduct: null

2023-08-31 13:58:26 - [MESSAGE][PASSED] - Call Test Case 'Test Cases/Product/TC-Product-AddCart-001' successfully

2023-08-31 13:58:26 - [TEST_STEP][PASSED] - click(findTestObject("Checkout/cart icon")): Object: 'Object Repository/Checkout/cart icon' is clicked on

2023-08-31 13:58:26 - [MESSAGE][PASSED] - Object: 'Object Repository/Checkout/cart icon' is clicked on

2023-08-31 13:58:26 - [TEST_STEP][PASSED] - verifyElementPresent(findTestObject("Checkout/span_Your Cart"), 5): Object 'Object Repository/Checkout/span_Your Cart' is present

2023-08-31 13:58:27 - [MESSAGE][PASSED] - Object 'Object Repository/Checkout/span_Your Cart' is present

2023-08-31 13:58:27 - [TEST_STEP][PASSED] - nameCart = text: null

2023-08-31 13:58:27 - [TEST_STEP][PASSED] - descCart = text: null

2023-08-31 13:58:28 - [TEST_STEP][PASSED] - priceCart = text: null

2023-08-31 13:58:28 - [TEST_STEP][PASSED] - productPage.put("nameCart", nameCart): null

2023-08-31 13:58:28 - [TEST_STEP][PASSED] - productPage.put("descCart", descCart): null

2023-08-31 13:58:28 - [TEST_STEP][PASSED] - productPage.put("priceCart", priceCart): null

2023-08-31 13:58:28 - [TEST_STEP][PASSED] - assert productPage.get("nameProduct") == nameCart: null

2023-08-31 13:58:28 - [TEST_STEP][PASSED] - assert productPage.get("priceProduct") == priceCart: null

2023-08-31 13:58:28 - [TEST_STEP][PASSED] - assert productPage.get("descProduct") == descCart: null

2023-08-31 13:58:28 - [TEST_STEP][PASSED] - return productPage: null

2023-08-31 13:58:28 - [MESSAGE][PASSED] - Call Test Case 'Test Cases/Keranjang/TC-Cart-Show-002' successfully

2023-08-31 13:58:28 - [TEST_STEP][PASSED] - click(findTestObject("Checkout/button_Checkout")): Object: 'Object Repository/Checkout/button_Checkout' is clicked on

2023-08-31 13:58:29 - [MESSAGE][PASSED] - Object: 'Object Repository/Checkout/button_Checkout' is clicked on

2023-08-31 13:58:29 - [TEST_STEP][PASSED] - setText(findTestObject("Checkout/input_Checkout Your Information_firstName"), firstName): Text 'friska' is set on object 'Object Repository/Checkout/input_Checkout Your Information_firstName'

2023-08-31 13:58:30 - [MESSAGE][PASSED] - Text 'friska' is set on object 'Object Repository/Checkout/input_Checkout Your Information_firstName'

2023-08-31 13:58:30 - [TEST_STEP][PASSED] - setText(findTestObject("Checkout/input_Checkout Your Information_lastName"), lastName): Text 'alafanda' is set on object 'Object Repository/Checkout/input_Checkout Your Information_lastName'

2023-08-31 13:58:31 - [MESSAGE][PASSED] - Text 'alafanda' is set on object 'Object Repository/Checkout/input_Checkout Your Information_lastName'

2023-08-31 13:58:31 - [TEST_STEP][PASSED] - click(findTestObject("Checkout/input_Cancel_continue")): Object: 'Object Repository/Checkout/input_Cancel_continue' is clicked on

2023-08-31 13:58:32 - [MESSAGE][PASSED] - Object: 'Object Repository/Checkout/input_Cancel_continue' is clicked on

2023-08-31 13:58:32 - [TEST_STEP][PASSED] - verifyElementPresent(findTestObject("Error message/Overview/Error Postal Code is required"), 5): Object 'Object Repository/Error message/Overview/Error Postal Code is required' is present

2023-08-31 13:58:32 - [MESSAGE][PASSED] - Object 'Object Repository/Error message/Overview/Error Postal Code is required' is present]]></system-out>
         <system-err><![CDATA[]]></system-err>
      </testcase>
      <testcase name="Test Cases/Logout/TC-Logout-Success-001" time="15.556" classname="Test Cases/Logout/TC-Logout-Success-001" status="PASSED">
         <system-out><![CDATA[2023-08-31 13:58:32 - [TEST_CASE][PASSED] - Test Cases/Logout/TC-Logout-Success-001: Test Cases/Logout/TC-Logout-Success-001

2023-08-31 13:58:34 - [TEST_STEP][PASSED] - callTestCase(findTestCase("Login/TC-Login-Success-001"), ["username":"standard_user", "password":"qcu24s4901FyWDTwXGr6XA=="], STOP_ON_FAILURE): Call Test Case 'Test Cases/Login/TC-Login-Success-001' successfully

2023-08-31 13:58:34 - [TEST_CASE][PASSED] - Test Cases/Login/TC-Login-Success-001: Test Cases/Login/TC-Login-Success-001

2023-08-31 13:58:34 - [TEST_STEP][PASSED] - openBrowser(webSauceDemo): Browser is opened with url: 'https://www.saucedemo.com/'

2023-08-31 13:58:34 - [MESSAGE][WARNING] - A browser is already opened. Closing browser and opening a new one

2023-08-31 13:58:35 - [MESSAGE][INFO] - Starting 'Edge Chromium' driver

2023-08-31 13:58:37 - [MESSAGE][INFO] - Action delay is set to 0 milliseconds

2023-08-31 13:58:40 - [MESSAGE][PASSED] - Browser is opened with url: 'https://www.saucedemo.com/'

2023-08-31 13:58:40 - [TEST_STEP][PASSED] - verifyElementPresent(findTestObject("Login Page Object/Swag Labs Text (tanda masuk home)"), 5): Object 'Object Repository/Login Page Object/Swag Labs Text (tanda masuk home)' is present

2023-08-31 13:58:41 - [MESSAGE][PASSED] - Object 'Object Repository/Login Page Object/Swag Labs Text (tanda masuk home)' is present

2023-08-31 13:58:41 - [TEST_STEP][PASSED] - setText(findTestObject("Login Page Object/username login"), username): Text 'standard_user' is set on object 'Object Repository/Login Page Object/username login'

2023-08-31 13:58:42 - [MESSAGE][PASSED] - Text 'standard_user' is set on object 'Object Repository/Login Page Object/username login'

2023-08-31 13:58:42 - [TEST_STEP][PASSED] - setEncryptedText(findTestObject("Login Page Object/password login"), password): Text ****** has been set on object 'Object Repository/Login Page Object/password login'

2023-08-31 13:58:43 - [MESSAGE][PASSED] - Text ****** has been set on object 'Object Repository/Login Page Object/password login'

2023-08-31 13:58:43 - [TEST_STEP][PASSED] - click(findTestObject("Login Page Object/button login")): Object: 'Object Repository/Login Page Object/button login' is clicked on

2023-08-31 13:58:44 - [MESSAGE][PASSED] - Object: 'Object Repository/Login Page Object/button login' is clicked on

2023-08-31 13:58:44 - [TEST_STEP][PASSED] - verifyElementPresent(findTestObject("Product/span_Products"), 5): Object 'Object Repository/Product/span_Products' is present

2023-08-31 13:58:45 - [MESSAGE][PASSED] - Object 'Object Repository/Product/span_Products' is present

2023-08-31 13:58:45 - [TEST_STEP][PASSED] - nameProduct = text: null

2023-08-31 13:58:45 - [TEST_STEP][PASSED] - descProduct = text: null

2023-08-31 13:58:45 - [TEST_STEP][PASSED] - priceProduct = text: null

2023-08-31 13:58:46 - [TEST_STEP][PASSED] - item = new java.util.HashMap(): null

2023-08-31 13:58:46 - [TEST_STEP][PASSED] - item.put("nameProduct", nameProduct): null

2023-08-31 13:58:46 - [TEST_STEP][PASSED] - item.put("descProduct", descProduct): null

2023-08-31 13:58:46 - [TEST_STEP][PASSED] - item.put("priceProduct", priceProduct): null

2023-08-31 13:58:46 - [TEST_STEP][PASSED] - return item: null

2023-08-31 13:58:46 - [MESSAGE][PASSED] - Call Test Case 'Test Cases/Login/TC-Login-Success-001' successfully

2023-08-31 13:58:46 - [TEST_STEP][PASSED] - click(findTestObject("Logout/button_burger")): Object: 'Object Repository/Logout/button_burger' is clicked on

2023-08-31 13:58:46 - [MESSAGE][PASSED] - Object: 'Object Repository/Logout/button_burger' is clicked on

2023-08-31 13:58:46 - [TEST_STEP][PASSED] - click(findTestObject("Logout/a_Logout")): Object: 'Object Repository/Logout/a_Logout' is clicked on

2023-08-31 13:58:47 - [MESSAGE][PASSED] - Object: 'Object Repository/Logout/a_Logout' is clicked on

2023-08-31 13:58:47 - [TEST_STEP][PASSED] - verifyElementPresent(findTestObject("Login Page Object/username login"), 5): Object 'Object Repository/Login Page Object/username login' is present

2023-08-31 13:58:48 - [MESSAGE][PASSED] - Object 'Object Repository/Login Page Object/username login' is present]]></system-out>
         <system-err><![CDATA[]]></system-err>
      </testcase>
      <system-out><![CDATA[2023-08-31 13:44:33 - [TEST_SUITE][FAILED] - All Story Test Suite: Test Cases/Login/TC-Login-Failed-002 FAILED.
Reason:
com.kms.katalon.core.exception.StepFailedException: Unable to verify text 'Login failed! Please ensure the password are valid.' is present 
	at com.kms.katalon.core.webui.keyword.internal.WebUIKeywordMain.stepFailed(WebUIKeywordMain.groovy:64)
	at com.kms.katalon.core.webui.keyword.internal.WebUIKeywordMain.runKeyword(WebUIKeywordMain.groovy:26)
	at com.kms.katalon.core.webui.keyword.builtin.VerifyTextPresentKeyword.verifyTextPresent(VerifyTextPresentKeyword.groovy:83)
	at com.kms.katalon.core.webui.keyword.builtin.VerifyTextPresentKeyword.execute(VerifyTextPresentKeyword.groovy:68)
	at com.kms.katalon.core.keyword.internal.KeywordExecutor.executeKeywordForPlatform(KeywordExecutor.groovy:74)
	at com.kms.katalon.core.webui.keyword.WebUiBuiltInKeywords.verifyTextPresent(WebUiBuiltInKeywords.groovy:1723)
	at com.kms.katalon.core.webui.keyword.WebUiBuiltInKeywords$verifyTextPresent$5.call(Unknown Source)
	at TC-Login-Failed-002.run(TC-Login-Failed-002:26)
	at com.kms.katalon.core.main.ScriptEngine.run(ScriptEngine.java:194)
	at com.kms.katalon.core.main.ScriptEngine.runScriptAsRawText(ScriptEngine.java:119)
	at com.kms.katalon.core.main.TestCaseExecutor.runScript(TestCaseExecutor.java:448)
	at com.kms.katalon.core.main.TestCaseExecutor.doExecute(TestCaseExecutor.java:439)
	at com.kms.katalon.core.main.TestCaseExecutor.processExecutionPhase(TestCaseExecutor.java:418)
	at com.kms.katalon.core.main.TestCaseExecutor.accessMainPhase(TestCaseExecutor.java:410)
	at com.kms.katalon.core.main.TestCaseExecutor.execute(TestCaseExecutor.java:285)
	at com.kms.katalon.core.common.CommonExecutor.accessTestCaseMainPhase(CommonExecutor.java:65)
	at com.kms.katalon.core.main.TestSuiteExecutor.accessTestSuiteMainPhase(TestSuiteExecutor.java:148)
	at com.kms.katalon.core.main.TestSuiteExecutor.execute(TestSuiteExecutor.java:106)
	at com.kms.katalon.core.main.TestCaseMain.startTestSuite(TestCaseMain.java:187)
	at com.kms.katalon.core.main.TestCaseMain$startTestSuite$0.call(Unknown Source)
	at TempTestSuite1693464258738.run(TempTestSuite1693464258738.groovy:36)
Caused by: com.kms.katalon.core.exception.StepFailedException: Text 'Login failed! Please ensure the password are valid.' is not present on page 
	at com.kms.katalon.core.webui.keyword.internal.WebUIKeywordMain.stepFailed(WebUIKeywordMain.groovy:64)
	at com.kms.katalon.core.webui.keyword.builtin.VerifyTextPresentKeyword$_verifyTextPresent_closure1.doCall(VerifyTextPresentKeyword.groovy:79)
	at com.kms.katalon.core.webui.keyword.builtin.VerifyTextPresentKeyword$_verifyTextPresent_closure1.call(VerifyTextPresentKeyword.groovy)
	at com.kms.katalon.core.webui.keyword.internal.WebUIKeywordMain.runKeyword(WebUIKeywordMain.groovy:20)
	... 19 more]]></system-out>
      <system-err><![CDATA[2023-08-31 13:44:33 - [TEST_SUITE][FAILED] - All Story Test Suite: Test Cases/Login/TC-Login-Failed-002 FAILED.
Reason:
com.kms.katalon.core.exception.StepFailedException: Unable to verify text 'Login failed! Please ensure the password are valid.' is present 
	at com.kms.katalon.core.webui.keyword.internal.WebUIKeywordMain.stepFailed(WebUIKeywordMain.groovy:64)
	at com.kms.katalon.core.webui.keyword.internal.WebUIKeywordMain.runKeyword(WebUIKeywordMain.groovy:26)
	at com.kms.katalon.core.webui.keyword.builtin.VerifyTextPresentKeyword.verifyTextPresent(VerifyTextPresentKeyword.groovy:83)
	at com.kms.katalon.core.webui.keyword.builtin.VerifyTextPresentKeyword.execute(VerifyTextPresentKeyword.groovy:68)
	at com.kms.katalon.core.keyword.internal.KeywordExecutor.executeKeywordForPlatform(KeywordExecutor.groovy:74)
	at com.kms.katalon.core.webui.keyword.WebUiBuiltInKeywords.verifyTextPresent(WebUiBuiltInKeywords.groovy:1723)
	at com.kms.katalon.core.webui.keyword.WebUiBuiltInKeywords$verifyTextPresent$5.call(Unknown Source)
	at TC-Login-Failed-002.run(TC-Login-Failed-002:26)
	at com.kms.katalon.core.main.ScriptEngine.run(ScriptEngine.java:194)
	at com.kms.katalon.core.main.ScriptEngine.runScriptAsRawText(ScriptEngine.java:119)
	at com.kms.katalon.core.main.TestCaseExecutor.runScript(TestCaseExecutor.java:448)
	at com.kms.katalon.core.main.TestCaseExecutor.doExecute(TestCaseExecutor.java:439)
	at com.kms.katalon.core.main.TestCaseExecutor.processExecutionPhase(TestCaseExecutor.java:418)
	at com.kms.katalon.core.main.TestCaseExecutor.accessMainPhase(TestCaseExecutor.java:410)
	at com.kms.katalon.core.main.TestCaseExecutor.execute(TestCaseExecutor.java:285)
	at com.kms.katalon.core.common.CommonExecutor.accessTestCaseMainPhase(CommonExecutor.java:65)
	at com.kms.katalon.core.main.TestSuiteExecutor.accessTestSuiteMainPhase(TestSuiteExecutor.java:148)
	at com.kms.katalon.core.main.TestSuiteExecutor.execute(TestSuiteExecutor.java:106)
	at com.kms.katalon.core.main.TestCaseMain.startTestSuite(TestCaseMain.java:187)
	at com.kms.katalon.core.main.TestCaseMain$startTestSuite$0.call(Unknown Source)
	at TempTestSuite1693464258738.run(TempTestSuite1693464258738.groovy:36)
Caused by: com.kms.katalon.core.exception.StepFailedException: Text 'Login failed! Please ensure the password are valid.' is not present on page 
	at com.kms.katalon.core.webui.keyword.internal.WebUIKeywordMain.stepFailed(WebUIKeywordMain.groovy:64)
	at com.kms.katalon.core.webui.keyword.builtin.VerifyTextPresentKeyword$_verifyTextPresent_closure1.doCall(VerifyTextPresentKeyword.groovy:79)
	at com.kms.katalon.core.webui.keyword.builtin.VerifyTextPresentKeyword$_verifyTextPresent_closure1.call(VerifyTextPresentKeyword.groovy)
	at com.kms.katalon.core.webui.keyword.internal.WebUIKeywordMain.runKeyword(WebUIKeywordMain.groovy:20)
	... 19 more]]></system-err>
   </testsuite>
</testsuites>
