<?xml version="1.0" encoding="UTF-8"?>
<testsuites name="Detail Product Story Test Suite" time="77.218" tests="4" failures="0" errors="0">
   <testsuite name="Detail Product Story Test Suite" tests="4" failures="0" errors="0" time="77.218" skipped="0" timestamp="2023-08-31 13:25:22" hostname="Aslamadin Alvian Haz - DESKTOP-L5FUI4E" id="Test Suites/Detail Product Story Test Suite">
      <properties>
         <property name="deviceName" value=""/>
         <property name="devicePlatform" value=""/>
         <property name="logFolder" value="C:\\Users\\Aslamadin Alvian Haz\\Documents\\Batch 324 QA XSIS Academy\\batch-324-qa\\Alvin\\Sauce Demo\\Reports\\20230831_132509\\Detail Product Story Test Suite\\20230831_132509"/>
         <property name="logFiles" value="C:\\Users\\Aslamadin Alvian Haz\\Documents\\Batch 324 QA XSIS Academy\\batch-324-qa\\Alvin\\Sauce Demo\\Reports\\20230831_132509\\Detail Product Story Test Suite\\20230831_132509\\execution0.log"/>
         <property name="attachments" value=""/>
         <property name="hostName" value="Aslamadin Alvian Haz - DESKTOP-L5FUI4E"/>
         <property name="os" value="Windows 10 64bit"/>
         <property name="katalonVersion" value="8.6.5.208"/>
         <property name="browser" value="Edge Chromium 116"/>
         <property name="hostAddress" value="10.9.2.24"/>
         <property name="sessionId" value="995973dc5c10383fa5544d43390a9f71"/>
         <property name="seleniumVersion" value="3.141.59"/>
         <property name="proxyInformation" value="ProxyInformation { proxyOption=NO_PROXY, proxyServerType=HTTP, username=, password=********, proxyServerAddress=, proxyServerPort=0, executionList=&quot;&quot;, isApplyToDesiredCapabilities=true }"/>
         <property name="platform" value="Windows 10"/>
      </properties>
      <testcase name="Test Cases/Detail Product/TC-DetailProduct-Show-001" time="21.752" classname="Test Cases/Detail Product/TC-DetailProduct-Show-001" status="PASSED">
         <system-out><![CDATA[2023-08-31 13:25:23 - [TEST_CASE][PASSED] - Test Cases/Detail Product/TC-DetailProduct-Show-001: Test Cases/Detail Product/TC-DetailProduct-Show-001

2023-08-31 13:25:24 - [TEST_STEP][PASSED] - item = callTestCase(findTestCase("Login/TC-Login-Success-001"), ["username":"standard_user", "password":"qcu24s4901FyWDTwXGr6XA=="], STOP_ON_FAILURE): Call Test Case 'Test Cases/Login/TC-Login-Success-001' successfully

2023-08-31 13:25:25 - [TEST_CASE][PASSED] - Test Cases/Login/TC-Login-Success-001: Test Cases/Login/TC-Login-Success-001

2023-08-31 13:25:26 - [TEST_STEP][PASSED] - openBrowser(webSauceDemo): Browser is opened with url: 'https://www.saucedemo.com/'

2023-08-31 13:25:27 - [MESSAGE][INFO] - Starting 'Edge Chromium' driver

2023-08-31 13:25:30 - [MESSAGE][INFO] - Action delay is set to 0 milliseconds

2023-08-31 13:25:36 - [MESSAGE][PASSED] - Browser is opened with url: 'https://www.saucedemo.com/'

2023-08-31 13:25:36 - [TEST_STEP][PASSED] - verifyElementPresent(findTestObject("Login Page Object/Swag Labs Text (tanda masuk home)"), 5): Object 'Object Repository/Login Page Object/Swag Labs Text (tanda masuk home)' is present

2023-08-31 13:25:37 - [MESSAGE][PASSED] - Object 'Object Repository/Login Page Object/Swag Labs Text (tanda masuk home)' is present

2023-08-31 13:25:37 - [TEST_STEP][PASSED] - setText(findTestObject("Login Page Object/username login"), username): Text 'standard_user' is set on object 'Object Repository/Login Page Object/username login'

2023-08-31 13:25:38 - [MESSAGE][PASSED] - Text 'standard_user' is set on object 'Object Repository/Login Page Object/username login'

2023-08-31 13:25:38 - [TEST_STEP][PASSED] - setEncryptedText(findTestObject("Login Page Object/password login"), password): Text ****** has been set on object 'Object Repository/Login Page Object/password login'

2023-08-31 13:25:39 - [MESSAGE][PASSED] - Text ****** has been set on object 'Object Repository/Login Page Object/password login'

2023-08-31 13:25:39 - [TEST_STEP][PASSED] - click(findTestObject("Login Page Object/button login")): Object: 'Object Repository/Login Page Object/button login' is clicked on

2023-08-31 13:25:40 - [MESSAGE][PASSED] - Object: 'Object Repository/Login Page Object/button login' is clicked on

2023-08-31 13:25:40 - [TEST_STEP][PASSED] - verifyElementPresent(findTestObject("Product/span_Products"), 5): Object 'Object Repository/Product/span_Products' is present

2023-08-31 13:25:41 - [MESSAGE][PASSED] - Object 'Object Repository/Product/span_Products' is present

2023-08-31 13:25:41 - [TEST_STEP][PASSED] - nameProduct = text: null

2023-08-31 13:25:42 - [TEST_STEP][PASSED] - descProduct = text: null

2023-08-31 13:25:42 - [TEST_STEP][PASSED] - priceProduct = text: null

2023-08-31 13:25:43 - [TEST_STEP][PASSED] - item = new java.util.HashMap(): null

2023-08-31 13:25:43 - [TEST_STEP][PASSED] - item.put("nameProduct", nameProduct): null

2023-08-31 13:25:43 - [TEST_STEP][PASSED] - item.put("descProduct", descProduct): null

2023-08-31 13:25:43 - [TEST_STEP][PASSED] - item.put("priceProduct", priceProduct): null

2023-08-31 13:25:43 - [TEST_STEP][PASSED] - return item: null

2023-08-31 13:25:43 - [MESSAGE][PASSED] - Call Test Case 'Test Cases/Login/TC-Login-Success-001' successfully

2023-08-31 13:25:43 - [TEST_STEP][PASSED] - click(findTestObject("Detail Product/detail produk name pos 1 backpack")): Object: 'Object Repository/Detail Product/detail produk name pos 1 backpack' is clicked on

2023-08-31 13:25:43 - [MESSAGE][PASSED] - Object: 'Object Repository/Detail Product/detail produk name pos 1 backpack' is clicked on

2023-08-31 13:25:43 - [TEST_STEP][PASSED] - nameDetail = text: null

2023-08-31 13:25:44 - [TEST_STEP][PASSED] - descDetail = text: null

2023-08-31 13:25:44 - [TEST_STEP][PASSED] - priceDetail = text: null

2023-08-31 13:25:45 - [TEST_STEP][PASSED] - assert item.get("nameProduct") == nameDetail: null

2023-08-31 13:25:45 - [TEST_STEP][PASSED] - assert item.get("descProduct") == descDetail: null

2023-08-31 13:25:45 - [TEST_STEP][PASSED] - assert item.get("priceProduct") == priceDetail: null]]></system-out>
         <system-err><![CDATA[]]></system-err>
      </testcase>
      <testcase name="Test Cases/Detail Product/TC-DetailProduct-AddCart-001" time="17.532" classname="Test Cases/Detail Product/TC-DetailProduct-AddCart-001" status="PASSED">
         <system-out><![CDATA[2023-08-31 13:25:45 - [TEST_CASE][PASSED] - Test Cases/Detail Product/TC-DetailProduct-AddCart-001: Test Cases/Detail Product/TC-DetailProduct-AddCart-001

2023-08-31 13:25:46 - [TEST_STEP][PASSED] - callTestCase(findTestCase("Detail Product/TC-DetailProduct-Show-001"), [:], STOP_ON_FAILURE): Call Test Case 'Test Cases/Detail Product/TC-DetailProduct-Show-001' successfully

2023-08-31 13:25:46 - [TEST_CASE][PASSED] - Test Cases/Detail Product/TC-DetailProduct-Show-001: Test Cases/Detail Product/TC-DetailProduct-Show-001

2023-08-31 13:25:46 - [TEST_STEP][PASSED] - item = callTestCase(findTestCase("Login/TC-Login-Success-001"), ["username":"standard_user", "password":"qcu24s4901FyWDTwXGr6XA=="], STOP_ON_FAILURE): Call Test Case 'Test Cases/Login/TC-Login-Success-001' successfully

2023-08-31 13:25:46 - [TEST_CASE][PASSED] - Test Cases/Login/TC-Login-Success-001: Test Cases/Login/TC-Login-Success-001

2023-08-31 13:25:46 - [TEST_STEP][PASSED] - openBrowser(webSauceDemo): Browser is opened with url: 'https://www.saucedemo.com/'

2023-08-31 13:25:46 - [MESSAGE][WARNING] - A browser is already opened. Closing browser and opening a new one

2023-08-31 13:25:47 - [MESSAGE][INFO] - Starting 'Edge Chromium' driver

2023-08-31 13:25:49 - [MESSAGE][INFO] - Action delay is set to 0 milliseconds

2023-08-31 13:25:53 - [MESSAGE][PASSED] - Browser is opened with url: 'https://www.saucedemo.com/'

2023-08-31 13:25:53 - [TEST_STEP][PASSED] - verifyElementPresent(findTestObject("Login Page Object/Swag Labs Text (tanda masuk home)"), 5): Object 'Object Repository/Login Page Object/Swag Labs Text (tanda masuk home)' is present

2023-08-31 13:25:54 - [MESSAGE][PASSED] - Object 'Object Repository/Login Page Object/Swag Labs Text (tanda masuk home)' is present

2023-08-31 13:25:54 - [TEST_STEP][PASSED] - setText(findTestObject("Login Page Object/username login"), username): Text 'standard_user' is set on object 'Object Repository/Login Page Object/username login'

2023-08-31 13:25:55 - [MESSAGE][PASSED] - Text 'standard_user' is set on object 'Object Repository/Login Page Object/username login'

2023-08-31 13:25:55 - [TEST_STEP][PASSED] - setEncryptedText(findTestObject("Login Page Object/password login"), password): Text ****** has been set on object 'Object Repository/Login Page Object/password login'

2023-08-31 13:25:55 - [MESSAGE][PASSED] - Text ****** has been set on object 'Object Repository/Login Page Object/password login'

2023-08-31 13:25:55 - [TEST_STEP][PASSED] - click(findTestObject("Login Page Object/button login")): Object: 'Object Repository/Login Page Object/button login' is clicked on

2023-08-31 13:25:56 - [MESSAGE][PASSED] - Object: 'Object Repository/Login Page Object/button login' is clicked on

2023-08-31 13:25:56 - [TEST_STEP][PASSED] - verifyElementPresent(findTestObject("Product/span_Products"), 5): Object 'Object Repository/Product/span_Products' is present

2023-08-31 13:25:57 - [MESSAGE][PASSED] - Object 'Object Repository/Product/span_Products' is present

2023-08-31 13:25:57 - [TEST_STEP][PASSED] - nameProduct = text: null

2023-08-31 13:25:58 - [TEST_STEP][PASSED] - descProduct = text: null

2023-08-31 13:25:58 - [TEST_STEP][PASSED] - priceProduct = text: null

2023-08-31 13:25:59 - [TEST_STEP][PASSED] - item = new java.util.HashMap(): null

2023-08-31 13:25:59 - [TEST_STEP][PASSED] - item.put("nameProduct", nameProduct): null

2023-08-31 13:25:59 - [TEST_STEP][PASSED] - item.put("descProduct", descProduct): null

2023-08-31 13:25:59 - [TEST_STEP][PASSED] - item.put("priceProduct", priceProduct): null

2023-08-31 13:25:59 - [TEST_STEP][PASSED] - return item: null

2023-08-31 13:25:59 - [MESSAGE][PASSED] - Call Test Case 'Test Cases/Login/TC-Login-Success-001' successfully

2023-08-31 13:25:59 - [TEST_STEP][PASSED] - click(findTestObject("Detail Product/detail produk name pos 1 backpack")): Object: 'Object Repository/Detail Product/detail produk name pos 1 backpack' is clicked on

2023-08-31 13:25:59 - [MESSAGE][PASSED] - Object: 'Object Repository/Detail Product/detail produk name pos 1 backpack' is clicked on

2023-08-31 13:25:59 - [TEST_STEP][PASSED] - nameDetail = text: null

2023-08-31 13:26:00 - [TEST_STEP][PASSED] - descDetail = text: null

2023-08-31 13:26:01 - [TEST_STEP][PASSED] - priceDetail = text: null

2023-08-31 13:26:01 - [TEST_STEP][PASSED] - assert item.get("nameProduct") == nameDetail: null

2023-08-31 13:26:01 - [TEST_STEP][PASSED] - assert item.get("descProduct") == descDetail: null

2023-08-31 13:26:01 - [TEST_STEP][PASSED] - assert item.get("priceProduct") == priceDetail: null

2023-08-31 13:26:01 - [MESSAGE][PASSED] - Call Test Case 'Test Cases/Detail Product/TC-DetailProduct-Show-001' successfully

2023-08-31 13:26:01 - [TEST_STEP][PASSED] - click(findTestObject("Detail Product/button_Add to cart")): Object: 'Object Repository/Detail Product/button_Add to cart' is clicked on

2023-08-31 13:26:02 - [MESSAGE][PASSED] - Object: 'Object Repository/Detail Product/button_Add to cart' is clicked on

2023-08-31 13:26:02 - [TEST_STEP][PASSED] - verifyElementPresent(findTestObject("Detail Product/button_Remove"), 5): Object 'Object Repository/Detail Product/button_Remove' is present

2023-08-31 13:26:02 - [MESSAGE][PASSED] - Object 'Object Repository/Detail Product/button_Remove' is present

2023-08-31 13:26:02 - [TEST_STEP][PASSED] - verifyElementPresent(findTestObject("selector for verify/verify jumlah item 1 (cart)"), 5): Object 'Object Repository/selector for verify/verify jumlah item 1 (cart)' is present

2023-08-31 13:26:02 - [MESSAGE][PASSED] - Object 'Object Repository/selector for verify/verify jumlah item 1 (cart)' is present]]></system-out>
         <system-err><![CDATA[]]></system-err>
      </testcase>
      <testcase name="Test Cases/Detail Product/TC-DetailProduct-RemoveCart-001" time="19.748" classname="Test Cases/Detail Product/TC-DetailProduct-RemoveCart-001" status="PASSED">
         <system-out><![CDATA[2023-08-31 13:26:02 - [TEST_CASE][PASSED] - Test Cases/Detail Product/TC-DetailProduct-RemoveCart-001: Test Cases/Detail Product/TC-DetailProduct-RemoveCart-001

2023-08-31 13:26:03 - [TEST_STEP][PASSED] - callTestCase(findTestCase("Detail Product/TC-DetailProduct-AddCart-001"), [:], STOP_ON_FAILURE): Call Test Case 'Test Cases/Detail Product/TC-DetailProduct-AddCart-001' successfully

2023-08-31 13:26:03 - [TEST_CASE][PASSED] - Test Cases/Detail Product/TC-DetailProduct-AddCart-001: Test Cases/Detail Product/TC-DetailProduct-AddCart-001

2023-08-31 13:26:03 - [TEST_STEP][PASSED] - callTestCase(findTestCase("Detail Product/TC-DetailProduct-Show-001"), [:], STOP_ON_FAILURE): Call Test Case 'Test Cases/Detail Product/TC-DetailProduct-Show-001' successfully

2023-08-31 13:26:03 - [TEST_CASE][PASSED] - Test Cases/Detail Product/TC-DetailProduct-Show-001: Test Cases/Detail Product/TC-DetailProduct-Show-001

2023-08-31 13:26:03 - [TEST_STEP][PASSED] - item = callTestCase(findTestCase("Login/TC-Login-Success-001"), ["username":"standard_user", "password":"qcu24s4901FyWDTwXGr6XA=="], STOP_ON_FAILURE): Call Test Case 'Test Cases/Login/TC-Login-Success-001' successfully

2023-08-31 13:26:04 - [TEST_CASE][PASSED] - Test Cases/Login/TC-Login-Success-001: Test Cases/Login/TC-Login-Success-001

2023-08-31 13:26:04 - [TEST_STEP][PASSED] - openBrowser(webSauceDemo): Browser is opened with url: 'https://www.saucedemo.com/'

2023-08-31 13:26:04 - [MESSAGE][WARNING] - A browser is already opened. Closing browser and opening a new one

2023-08-31 13:26:05 - [MESSAGE][INFO] - Starting 'Edge Chromium' driver

2023-08-31 13:26:07 - [MESSAGE][INFO] - Action delay is set to 0 milliseconds

2023-08-31 13:26:10 - [MESSAGE][PASSED] - Browser is opened with url: 'https://www.saucedemo.com/'

2023-08-31 13:26:10 - [TEST_STEP][PASSED] - verifyElementPresent(findTestObject("Login Page Object/Swag Labs Text (tanda masuk home)"), 5): Object 'Object Repository/Login Page Object/Swag Labs Text (tanda masuk home)' is present

2023-08-31 13:26:10 - [MESSAGE][PASSED] - Object 'Object Repository/Login Page Object/Swag Labs Text (tanda masuk home)' is present

2023-08-31 13:26:10 - [TEST_STEP][PASSED] - setText(findTestObject("Login Page Object/username login"), username): Text 'standard_user' is set on object 'Object Repository/Login Page Object/username login'

2023-08-31 13:26:12 - [MESSAGE][PASSED] - Text 'standard_user' is set on object 'Object Repository/Login Page Object/username login'

2023-08-31 13:26:12 - [TEST_STEP][PASSED] - setEncryptedText(findTestObject("Login Page Object/password login"), password): Text ****** has been set on object 'Object Repository/Login Page Object/password login'

2023-08-31 13:26:13 - [MESSAGE][PASSED] - Text ****** has been set on object 'Object Repository/Login Page Object/password login'

2023-08-31 13:26:13 - [TEST_STEP][PASSED] - click(findTestObject("Login Page Object/button login")): Object: 'Object Repository/Login Page Object/button login' is clicked on

2023-08-31 13:26:14 - [MESSAGE][PASSED] - Object: 'Object Repository/Login Page Object/button login' is clicked on

2023-08-31 13:26:14 - [TEST_STEP][PASSED] - verifyElementPresent(findTestObject("Product/span_Products"), 5): Object 'Object Repository/Product/span_Products' is present

2023-08-31 13:26:15 - [MESSAGE][PASSED] - Object 'Object Repository/Product/span_Products' is present

2023-08-31 13:26:15 - [TEST_STEP][PASSED] - nameProduct = text: null

2023-08-31 13:26:15 - [TEST_STEP][PASSED] - descProduct = text: null

2023-08-31 13:26:16 - [TEST_STEP][PASSED] - priceProduct = text: null

2023-08-31 13:26:16 - [TEST_STEP][PASSED] - item = new java.util.HashMap(): null

2023-08-31 13:26:16 - [TEST_STEP][PASSED] - item.put("nameProduct", nameProduct): null

2023-08-31 13:26:16 - [TEST_STEP][PASSED] - item.put("descProduct", descProduct): null

2023-08-31 13:26:16 - [TEST_STEP][PASSED] - item.put("priceProduct", priceProduct): null

2023-08-31 13:26:16 - [TEST_STEP][PASSED] - return item: null

2023-08-31 13:26:16 - [MESSAGE][PASSED] - Call Test Case 'Test Cases/Login/TC-Login-Success-001' successfully

2023-08-31 13:26:16 - [TEST_STEP][PASSED] - click(findTestObject("Detail Product/detail produk name pos 1 backpack")): Object: 'Object Repository/Detail Product/detail produk name pos 1 backpack' is clicked on

2023-08-31 13:26:17 - [MESSAGE][PASSED] - Object: 'Object Repository/Detail Product/detail produk name pos 1 backpack' is clicked on

2023-08-31 13:26:17 - [TEST_STEP][PASSED] - nameDetail = text: null

2023-08-31 13:26:17 - [TEST_STEP][PASSED] - descDetail = text: null

2023-08-31 13:26:18 - [TEST_STEP][PASSED] - priceDetail = text: null

2023-08-31 13:26:18 - [TEST_STEP][PASSED] - assert item.get("nameProduct") == nameDetail: null

2023-08-31 13:26:18 - [TEST_STEP][PASSED] - assert item.get("descProduct") == descDetail: null

2023-08-31 13:26:18 - [TEST_STEP][PASSED] - assert item.get("priceProduct") == priceDetail: null

2023-08-31 13:26:18 - [MESSAGE][PASSED] - Call Test Case 'Test Cases/Detail Product/TC-DetailProduct-Show-001' successfully

2023-08-31 13:26:18 - [TEST_STEP][PASSED] - click(findTestObject("Detail Product/button_Add to cart")): Object: 'Object Repository/Detail Product/button_Add to cart' is clicked on

2023-08-31 13:26:19 - [MESSAGE][PASSED] - Object: 'Object Repository/Detail Product/button_Add to cart' is clicked on

2023-08-31 13:26:19 - [TEST_STEP][PASSED] - verifyElementPresent(findTestObject("Detail Product/button_Remove"), 5): Object 'Object Repository/Detail Product/button_Remove' is present

2023-08-31 13:26:20 - [MESSAGE][PASSED] - Object 'Object Repository/Detail Product/button_Remove' is present

2023-08-31 13:26:20 - [TEST_STEP][PASSED] - verifyElementPresent(findTestObject("selector for verify/verify jumlah item 1 (cart)"), 5): Object 'Object Repository/selector for verify/verify jumlah item 1 (cart)' is present

2023-08-31 13:26:20 - [MESSAGE][PASSED] - Object 'Object Repository/selector for verify/verify jumlah item 1 (cart)' is present

2023-08-31 13:26:20 - [MESSAGE][PASSED] - Call Test Case 'Test Cases/Detail Product/TC-DetailProduct-AddCart-001' successfully

2023-08-31 13:26:20 - [TEST_STEP][PASSED] - click(findTestObject("Detail Product/button_Remove")): Object: 'Object Repository/Detail Product/button_Remove' is clicked on

2023-08-31 13:26:21 - [MESSAGE][PASSED] - Object: 'Object Repository/Detail Product/button_Remove' is clicked on

2023-08-31 13:26:21 - [TEST_STEP][PASSED] - verifyElementPresent(findTestObject("Detail Product/button_Add to cart"), 5): Object 'Object Repository/Detail Product/button_Add to cart' is present

2023-08-31 13:26:21 - [MESSAGE][PASSED] - Object 'Object Repository/Detail Product/button_Add to cart' is present

2023-08-31 13:26:21 - [TEST_STEP][PASSED] - verifyElementNotPresent(findTestObject("selector for verify/verify jumlah item 1 (cart)"), 5): Web element with id: 'Object Repository/selector for verify/verify jumlah item 1 (cart)' located by 'By.xpath: //span[@class = 'shopping_cart_badge' and (text() = '1' or . = '1')]' is not present after '5' second(s)

2023-08-31 13:26:22 - [MESSAGE][PASSED] - Web element with id: 'Object Repository/selector for verify/verify jumlah item 1 (cart)' located by 'By.xpath: //span[@class = 'shopping_cart_badge' and (text() = '1' or . = '1')]' is not present after '5' second(s)]]></system-out>
         <system-err><![CDATA[]]></system-err>
      </testcase>
      <testcase name="Test Cases/Detail Product/TC-DetailProduct-Nav-001" time="17.298" classname="Test Cases/Detail Product/TC-DetailProduct-Nav-001" status="PASSED">
         <system-out><![CDATA[2023-08-31 13:26:22 - [TEST_CASE][PASSED] - Test Cases/Detail Product/TC-DetailProduct-Nav-001: Test Cases/Detail Product/TC-DetailProduct-Nav-001

2023-08-31 13:26:23 - [TEST_STEP][PASSED] - callTestCase(findTestCase("Detail Product/TC-DetailProduct-Show-001"), [:], STOP_ON_FAILURE): Call Test Case 'Test Cases/Detail Product/TC-DetailProduct-Show-001' successfully

2023-08-31 13:26:23 - [TEST_CASE][PASSED] - Test Cases/Detail Product/TC-DetailProduct-Show-001: Test Cases/Detail Product/TC-DetailProduct-Show-001

2023-08-31 13:26:23 - [TEST_STEP][PASSED] - item = callTestCase(findTestCase("Login/TC-Login-Success-001"), ["username":"standard_user", "password":"qcu24s4901FyWDTwXGr6XA=="], STOP_ON_FAILURE): Call Test Case 'Test Cases/Login/TC-Login-Success-001' successfully

2023-08-31 13:26:23 - [TEST_CASE][PASSED] - Test Cases/Login/TC-Login-Success-001: Test Cases/Login/TC-Login-Success-001

2023-08-31 13:26:23 - [TEST_STEP][PASSED] - openBrowser(webSauceDemo): Browser is opened with url: 'https://www.saucedemo.com/'

2023-08-31 13:26:23 - [MESSAGE][WARNING] - A browser is already opened. Closing browser and opening a new one

2023-08-31 13:26:25 - [MESSAGE][INFO] - Starting 'Edge Chromium' driver

2023-08-31 13:26:27 - [MESSAGE][INFO] - Action delay is set to 0 milliseconds

2023-08-31 13:26:30 - [MESSAGE][PASSED] - Browser is opened with url: 'https://www.saucedemo.com/'

2023-08-31 13:26:30 - [TEST_STEP][PASSED] - verifyElementPresent(findTestObject("Login Page Object/Swag Labs Text (tanda masuk home)"), 5): Object 'Object Repository/Login Page Object/Swag Labs Text (tanda masuk home)' is present

2023-08-31 13:26:31 - [MESSAGE][PASSED] - Object 'Object Repository/Login Page Object/Swag Labs Text (tanda masuk home)' is present

2023-08-31 13:26:31 - [TEST_STEP][PASSED] - setText(findTestObject("Login Page Object/username login"), username): Text 'standard_user' is set on object 'Object Repository/Login Page Object/username login'

2023-08-31 13:26:32 - [MESSAGE][PASSED] - Text 'standard_user' is set on object 'Object Repository/Login Page Object/username login'

2023-08-31 13:26:32 - [TEST_STEP][PASSED] - setEncryptedText(findTestObject("Login Page Object/password login"), password): Text ****** has been set on object 'Object Repository/Login Page Object/password login'

2023-08-31 13:26:33 - [MESSAGE][PASSED] - Text ****** has been set on object 'Object Repository/Login Page Object/password login'

2023-08-31 13:26:33 - [TEST_STEP][PASSED] - click(findTestObject("Login Page Object/button login")): Object: 'Object Repository/Login Page Object/button login' is clicked on

2023-08-31 13:26:34 - [MESSAGE][PASSED] - Object: 'Object Repository/Login Page Object/button login' is clicked on

2023-08-31 13:26:34 - [TEST_STEP][PASSED] - verifyElementPresent(findTestObject("Product/span_Products"), 5): Object 'Object Repository/Product/span_Products' is present

2023-08-31 13:26:35 - [MESSAGE][PASSED] - Object 'Object Repository/Product/span_Products' is present

2023-08-31 13:26:35 - [TEST_STEP][PASSED] - nameProduct = text: null

2023-08-31 13:26:36 - [TEST_STEP][PASSED] - descProduct = text: null

2023-08-31 13:26:36 - [TEST_STEP][PASSED] - priceProduct = text: null

2023-08-31 13:26:36 - [TEST_STEP][PASSED] - item = new java.util.HashMap(): null

2023-08-31 13:26:36 - [TEST_STEP][PASSED] - item.put("nameProduct", nameProduct): null

2023-08-31 13:26:36 - [TEST_STEP][PASSED] - item.put("descProduct", descProduct): null

2023-08-31 13:26:36 - [TEST_STEP][PASSED] - item.put("priceProduct", priceProduct): null

2023-08-31 13:26:36 - [TEST_STEP][PASSED] - return item: null

2023-08-31 13:26:36 - [MESSAGE][PASSED] - Call Test Case 'Test Cases/Login/TC-Login-Success-001' successfully

2023-08-31 13:26:36 - [TEST_STEP][PASSED] - click(findTestObject("Detail Product/detail produk name pos 1 backpack")): Object: 'Object Repository/Detail Product/detail produk name pos 1 backpack' is clicked on

2023-08-31 13:26:37 - [MESSAGE][PASSED] - Object: 'Object Repository/Detail Product/detail produk name pos 1 backpack' is clicked on

2023-08-31 13:26:37 - [TEST_STEP][PASSED] - nameDetail = text: null

2023-08-31 13:26:38 - [TEST_STEP][PASSED] - descDetail = text: null

2023-08-31 13:26:38 - [TEST_STEP][PASSED] - priceDetail = text: null

2023-08-31 13:26:39 - [TEST_STEP][PASSED] - assert item.get("nameProduct") == nameDetail: null

2023-08-31 13:26:39 - [TEST_STEP][PASSED] - assert item.get("descProduct") == descDetail: null

2023-08-31 13:26:39 - [TEST_STEP][PASSED] - assert item.get("priceProduct") == priceDetail: null

2023-08-31 13:26:39 - [MESSAGE][PASSED] - Call Test Case 'Test Cases/Detail Product/TC-DetailProduct-Show-001' successfully

2023-08-31 13:26:39 - [TEST_STEP][PASSED] - click(findTestObject("Detail Product/button_Back to products")): Object: 'Object Repository/Detail Product/button_Back to products' is clicked on

2023-08-31 13:26:39 - [MESSAGE][PASSED] - Object: 'Object Repository/Detail Product/button_Back to products' is clicked on

2023-08-31 13:26:39 - [TEST_STEP][PASSED] - verifyElementPresent(findTestObject("Product/span_Products"), 5): Object 'Object Repository/Product/span_Products' is present

2023-08-31 13:26:40 - [MESSAGE][PASSED] - Object 'Object Repository/Product/span_Products' is present]]></system-out>
         <system-err><![CDATA[]]></system-err>
      </testcase>
      <system-out><![CDATA[2023-08-31 13:25:22 - [TEST_SUITE][PASSED] - Detail Product Story Test Suite: Test Cases/Detail Product/TC-DetailProduct-Nav-001]]></system-out>
      <system-err><![CDATA[]]></system-err>
   </testsuite>
</testsuites>
