<?xml version="1.0" encoding="UTF-8"?>
<testsuites name="Test Suite APPOINTMENT" time="21.403" tests="1" failures="0" errors="0">
   <testsuite name="Test Suite APPOINTMENT" tests="1" failures="0" errors="0" time="21.403" skipped="0" timestamp="2023-08-25 09:27:01" hostname="HP - LAPTOP-ILLI02GO" id="Test Suites/Test Suite APPOINTMENT">
      <properties>
         <property name="deviceName" value=""/>
         <property name="devicePlatform" value=""/>
         <property name="logFolder" value="D:\\XSIS MITRA UTAMA\\batch-324-qa\\Danty\\Cura Heroku App\\Reports\\20230825_092621\\Test Suite APPOINTMENT\\20230825_092624"/>
         <property name="logFiles" value="D:\\XSIS MITRA UTAMA\\batch-324-qa\\Danty\\Cura Heroku App\\Reports\\20230825_092621\\Test Suite APPOINTMENT\\20230825_092624\\execution0.log"/>
         <property name="attachments" value=""/>
         <property name="hostName" value="HP - LAPTOP-ILLI02GO"/>
         <property name="os" value="Windows 11 64bit"/>
         <property name="katalonVersion" value="8.6.5.208"/>
         <property name="browser" value="Edge Chromium 115"/>
         <property name="hostAddress" value="10.9.2.36"/>
         <property name="sessionId" value="7de0541f33f754e69de7db7027c72093"/>
         <property name="seleniumVersion" value="3.141.59"/>
         <property name="proxyInformation" value="ProxyInformation { proxyOption=NO_PROXY, proxyServerType=HTTP, username=, password=********, proxyServerAddress=, proxyServerPort=0, executionList=&quot;&quot;, isApplyToDesiredCapabilities=true }"/>
         <property name="platform" value="Windows 11"/>
      </properties>
      <testcase name="Test Cases/Appointment/Test Case 2.1 (Versi Dinamis)" time="21.136" classname="Test Cases/Appointment/Test Case 2.1 (Versi Dinamis)" status="PASSED">
         <system-out><![CDATA[2023-08-25 09:27:01 - [TEST_CASE][PASSED] - Test Cases/Appointment/Test Case 2.1 (Versi Dinamis): Test Cases/Appointment/Test Case 2.1 (Versi Dinamis)

2023-08-25 09:27:02 - [TEST_STEP][PASSED] - callTestCase(findTestCase("Login/Test Case 1.1 (Manual)"), ["Username":username, "Password":password], STOP_ON_FAILURE): Call Test Case 'Test Cases/Login/Test Case 1.1 (Manual)' successfully

2023-08-25 09:27:02 - [TEST_CASE][PASSED] - Test Cases/Login/Test Case 1.1 (Manual): Test Cases/Login/Test Case 1.1 (Manual)

2023-08-25 09:27:02 - [TEST_STEP][PASSED] - openBrowser(WEB_URL): Browser is opened with url: 'https://katalon-demo-cura.herokuapp.com/'

2023-08-25 09:27:02 - [MESSAGE][INFO] - Starting 'Edge Chromium' driver

2023-08-25 09:27:04 - [MESSAGE][INFO] - Action delay is set to 0 milliseconds

2023-08-25 09:27:10 - [MESSAGE][PASSED] - Browser is opened with url: 'https://katalon-demo-cura.herokuapp.com/'

2023-08-25 09:27:10 - [TEST_STEP][PASSED] - verifyElementPresent(findTestObject("Login/Title Home Page"), 10): Object 'Object Repository/Login/Title Home Page' is present

2023-08-25 09:27:10 - [MESSAGE][PASSED] - Object 'Object Repository/Login/Title Home Page' is present

2023-08-25 09:27:10 - [TEST_STEP][PASSED] - click(findTestObject("Login/Menu Burger")): Object: 'Object Repository/Login/Menu Burger' is clicked on

2023-08-25 09:27:11 - [MESSAGE][PASSED] - Object: 'Object Repository/Login/Menu Burger' is clicked on

2023-08-25 09:27:11 - [TEST_STEP][PASSED] - click(findTestObject("Login/Menu Login")): Object: 'Object Repository/Login/Menu Login' is clicked on

2023-08-25 09:27:12 - [MESSAGE][PASSED] - Object: 'Object Repository/Login/Menu Login' is clicked on

2023-08-25 09:27:12 - [TEST_STEP][PASSED] - verifyElementPresent(findTestObject("Login/Title Login"), 10): Object 'Object Repository/Login/Title Login' is present

2023-08-25 09:27:12 - [MESSAGE][PASSED] - Object 'Object Repository/Login/Title Login' is present

2023-08-25 09:27:12 - [TEST_STEP][PASSED] - setText(findTestObject("Login/input_Username"), Username): Text 'John Doe' is set on object 'Object Repository/Login/input_Username'

2023-08-25 09:27:13 - [MESSAGE][PASSED] - Text 'John Doe' is set on object 'Object Repository/Login/input_Username'

2023-08-25 09:27:13 - [TEST_STEP][PASSED] - setEncryptedText(findTestObject("Login/input_Password"), Password): Text ****** has been set on object 'Object Repository/Login/input_Password'

2023-08-25 09:27:14 - [MESSAGE][PASSED] - Text ****** has been set on object 'Object Repository/Login/input_Password'

2023-08-25 09:27:14 - [TEST_STEP][PASSED] - click(findTestObject("Login/button_Login")): Object: 'Object Repository/Login/button_Login' is clicked on

2023-08-25 09:27:15 - [MESSAGE][PASSED] - Object: 'Object Repository/Login/button_Login' is clicked on

2023-08-25 09:27:15 - [TEST_STEP][PASSED] - verifyElementPresent(findTestObject("Login/Title_Make Appointment"), 10): Object 'Object Repository/Login/Title_Make Appointment' is present

2023-08-25 09:27:15 - [MESSAGE][PASSED] - Object 'Object Repository/Login/Title_Make Appointment' is present

2023-08-25 09:27:15 - [MESSAGE][PASSED] - Call Test Case 'Test Cases/Login/Test Case 1.1 (Manual)' successfully

2023-08-25 09:27:15 - [TEST_STEP][PASSED] - selectOptionByValue(findTestObject("Make Appointment/select dropdown"), facility, false): All options with value 'Tokyo CURA Healthcare Center' are selected in object 'Object Repository/Make Appointment/select dropdown' 

2023-08-25 09:27:16 - [MESSAGE][PASSED] - All options with value 'Tokyo CURA Healthcare Center' are selected in object 'Object Repository/Make Appointment/select dropdown' 

2023-08-25 09:27:16 - [TEST_STEP][PASSED] - if (toString().equalsIgnoreCase("yes")): Object 'Object Repository/Make Appointment/Check Box Readmission' is checked

2023-08-25 09:27:16 - [TEST_STEP][PASSED] - check(findTestObject("Make Appointment/Check Box Readmission")): Object 'Object Repository/Make Appointment/Check Box Readmission' is checked

2023-08-25 09:27:16 - [MESSAGE][PASSED] - Object 'Object Repository/Make Appointment/Check Box Readmission' is checked

2023-08-25 09:27:16 - [TEST_STEP][PASSED] - if (toString().equalsIgnoreCase("medicare")): null

2023-08-25 09:27:16 - [TEST_STEP][PASSED] - else if (toString().equalsIgnoreCase("medicaid")): Object 'Object Repository/Make Appointment/input_Medicaid_programs' is checked

2023-08-25 09:27:16 - [TEST_STEP][PASSED] - check(findTestObject("Object Repository/Make Appointment/input_Medicaid_programs")): Object 'Object Repository/Make Appointment/input_Medicaid_programs' is checked

2023-08-25 09:27:17 - [MESSAGE][PASSED] - Object 'Object Repository/Make Appointment/input_Medicaid_programs' is checked

2023-08-25 09:27:17 - [TEST_STEP][PASSED] - setText(findTestObject("Make Appointment/input_Visit Date"), visit_date): Text '23/08/2023' is set on object 'Object Repository/Make Appointment/input_Visit Date'

2023-08-25 09:27:18 - [MESSAGE][PASSED] - Text '23/08/2023' is set on object 'Object Repository/Make Appointment/input_Visit Date'

2023-08-25 09:27:18 - [TEST_STEP][PASSED] - setText(findTestObject("Make Appointment/Comment"), comment): Text 'Nice' is set on object 'Object Repository/Make Appointment/Comment'

2023-08-25 09:27:19 - [MESSAGE][PASSED] - Text 'Nice' is set on object 'Object Repository/Make Appointment/Comment'

2023-08-25 09:27:19 - [TEST_STEP][PASSED] - click(findTestObject("Make Appointment/button_Book Appointment")): Object: 'Object Repository/Make Appointment/button_Book Appointment' is clicked on

2023-08-25 09:27:20 - [MESSAGE][PASSED] - Object: 'Object Repository/Make Appointment/button_Book Appointment' is clicked on

2023-08-25 09:27:20 - [TEST_STEP][PASSED] - verifyElementPresent(findTestObject("Make Appointment/Appointment Confirmation"), 10): Object 'Object Repository/Make Appointment/Appointment Confirmation' is present

2023-08-25 09:27:20 - [MESSAGE][PASSED] - Object 'Object Repository/Make Appointment/Appointment Confirmation' is present

2023-08-25 09:27:20 - [TEST_STEP][PASSED] - hasilFacility = getText(findTestObject("Object Repository/Make Appointment/Facility")): Text of object 'Object Repository/Make Appointment/Facility' is: 'Tokyo CURA Healthcare Center'

2023-08-25 09:27:21 - [MESSAGE][PASSED] - Text of object 'Object Repository/Make Appointment/Facility' is: 'Tokyo CURA Healthcare Center'

2023-08-25 09:27:21 - [TEST_STEP][PASSED] - hasilReadmission = getText(findTestObject("Make Appointment/Apply Readmission")): Text of object 'Object Repository/Make Appointment/Apply Readmission' is: 'Yes'

2023-08-25 09:27:21 - [MESSAGE][PASSED] - Text of object 'Object Repository/Make Appointment/Apply Readmission' is: 'Yes'

2023-08-25 09:27:21 - [TEST_STEP][PASSED] - hasilHealthPro = getText(findTestObject("Make Appointment/Program Healthcare")): Text of object 'Object Repository/Make Appointment/Program Healthcare' is: 'Medicaid'

2023-08-25 09:27:21 - [MESSAGE][PASSED] - Text of object 'Object Repository/Make Appointment/Program Healthcare' is: 'Medicaid'

2023-08-25 09:27:21 - [TEST_STEP][PASSED] - hasilVisitDate = getText(findTestObject("Make Appointment/Visit_Date")): Text of object 'Object Repository/Make Appointment/Visit_Date' is: '23/08/2023'

2023-08-25 09:27:22 - [MESSAGE][PASSED] - Text of object 'Object Repository/Make Appointment/Visit_Date' is: '23/08/2023'

2023-08-25 09:27:22 - [TEST_STEP][PASSED] - hasilComment = getText(findTestObject("Make Appointment/isi comment")): Text of object 'Object Repository/Make Appointment/isi comment' is: 'Nice'

2023-08-25 09:27:22 - [MESSAGE][PASSED] - Text of object 'Object Repository/Make Appointment/isi comment' is: 'Nice'

2023-08-25 09:27:22 - [TEST_STEP][PASSED] - assert toString().equalsIgnoreCase(facility): null

2023-08-25 09:27:22 - [TEST_STEP][PASSED] - assert toString().equalsIgnoreCase(hospital_readmission): null

2023-08-25 09:27:22 - [TEST_STEP][PASSED] - assert toString().equalsIgnoreCase(healthcare_program): null

2023-08-25 09:27:22 - [TEST_STEP][PASSED] - assert toString().equalsIgnoreCase(visit_date): null

2023-08-25 09:27:22 - [TEST_STEP][PASSED] - assert toString().equalsIgnoreCase(comment): null]]></system-out>
         <system-err><![CDATA[]]></system-err>
      </testcase>
      <system-out><![CDATA[2023-08-25 09:27:01 - [TEST_SUITE][PASSED] - Test Suite APPOINTMENT: Test Cases/Appointment/Test Case 2.1 (Versi Dinamis)]]></system-out>
      <system-err><![CDATA[]]></system-err>
   </testsuite>
</testsuites>
