<?xml version="1.0" encoding="UTF-8"?>
<testsuites name="test suite appoitment" time="474.67" tests="17" failures="0" errors="0">
   <testsuite name="test suite appoitment" tests="17" failures="0" errors="0" time="474.67" skipped="0" timestamp="2023-08-25 10:38:58" hostname="USER - DESKTOP-22KTP91" id="Test Suites/test suite appoitment">
      <properties>
         <property name="deviceName" value=""/>
         <property name="devicePlatform" value=""/>
         <property name="logFolder" value="F:\\bootcamp\\batch-324-qa\\Ika\\Cura Heroku App\\Reports\\20230825_103846\\test suite appoitment\\20230825_103846"/>
         <property name="logFiles" value="F:\\bootcamp\\batch-324-qa\\Ika\\Cura Heroku App\\Reports\\20230825_103846\\test suite appoitment\\20230825_103846\\execution0.log"/>
         <property name="attachments" value=""/>
         <property name="hostName" value="USER - DESKTOP-22KTP91"/>
         <property name="os" value="Windows 10 64bit"/>
         <property name="katalonVersion" value="8.6.5.208"/>
         <property name="browser" value="Edge Chromium 116"/>
         <property name="hostAddress" value="10.9.2.23"/>
         <property name="sessionId" value="4c43922e5eecf824c2df21f1badb4acb"/>
         <property name="seleniumVersion" value="3.141.59"/>
         <property name="proxyInformation" value="ProxyInformation { proxyOption=NO_PROXY, proxyServerType=HTTP, username=, password=********, proxyServerAddress=, proxyServerPort=0, executionList=&quot;&quot;, isApplyToDesiredCapabilities=true }"/>
         <property name="platform" value="Windows 10"/>
      </properties>
      <testcase name="Test Cases/appointment/Test Case 2.1 (versi dinamis)" time="35.859" classname="Test Cases/appointment/Test Case 2.1 (versi dinamis)" status="PASSED">
         <system-out><![CDATA[2023-08-25 10:38:59 - [TEST_CASE][PASSED] - Test Cases/appointment/Test Case 2.1 (versi dinamis): Test Cases/appointment/Test Case 2.1 (versi dinamis)

2023-08-25 10:39:00 - [TEST_STEP][PASSED] - callTestCase(findTestCase("Login/Test Case 1.1 (Manual)"), ["username":username, "password":password], STOP_ON_FAILURE): Call Test Case 'Test Cases/Login/Test Case 1.1 (Manual)' successfully

2023-08-25 10:39:00 - [TEST_CASE][PASSED] - Test Cases/Login/Test Case 1.1 (Manual): Test Cases/Login/Test Case 1.1 (Manual)

2023-08-25 10:39:00 - [TEST_STEP][PASSED] - openBrowser(WEB_URL): Browser is opened with url: 'https://katalon-demo-cura.herokuapp.com/'

2023-08-25 10:39:01 - [MESSAGE][INFO] - Starting 'Edge Chromium' driver

2023-08-25 10:39:03 - [MESSAGE][INFO] - Action delay is set to 0 milliseconds

2023-08-25 10:39:13 - [MESSAGE][PASSED] - Browser is opened with url: 'https://katalon-demo-cura.herokuapp.com/'

2023-08-25 10:39:13 - [TEST_STEP][PASSED] - maximizeWindow(): Current window maximized

2023-08-25 10:39:13 - [MESSAGE][PASSED] - Current window maximized

2023-08-25 10:39:13 - [TEST_STEP][PASSED] - verifyElementPresent(findTestObject("login/title_home_page"), 10): Object 'Object Repository/login/title_home_page' is present

2023-08-25 10:39:14 - [MESSAGE][PASSED] - Object 'Object Repository/login/title_home_page' is present

2023-08-25 10:39:14 - [TEST_STEP][PASSED] - click(findTestObject("login/menu burger")): Object: 'Object Repository/login/menu burger' is clicked on

2023-08-25 10:39:15 - [MESSAGE][PASSED] - Object: 'Object Repository/login/menu burger' is clicked on

2023-08-25 10:39:15 - [TEST_STEP][PASSED] - click(findTestObject("login/menu Login")): Object: 'Object Repository/login/menu Login' is clicked on

2023-08-25 10:39:18 - [MESSAGE][PASSED] - Object: 'Object Repository/login/menu Login' is clicked on

2023-08-25 10:39:18 - [TEST_STEP][PASSED] - verifyElementPresent(findTestObject("login/title_Login"), 10): Object 'Object Repository/login/title_Login' is present

2023-08-25 10:39:19 - [MESSAGE][PASSED] - Object 'Object Repository/login/title_Login' is present

2023-08-25 10:39:19 - [TEST_STEP][PASSED] - setText(findTestObject("login/input_Username"), username): Text 'John Doe' is set on object 'Object Repository/login/input_Username'

2023-08-25 10:39:20 - [MESSAGE][PASSED] - Text 'John Doe' is set on object 'Object Repository/login/input_Username'

2023-08-25 10:39:20 - [TEST_STEP][PASSED] - setEncryptedText(findTestObject("login/input_Password"), password): Text ****** has been set on object 'Object Repository/login/input_Password'

2023-08-25 10:39:21 - [MESSAGE][PASSED] - Text ****** has been set on object 'Object Repository/login/input_Password'

2023-08-25 10:39:21 - [TEST_STEP][PASSED] - click(findTestObject("login/button_Login")): Object: 'Object Repository/login/button_Login' is clicked on

2023-08-25 10:39:23 - [MESSAGE][PASSED] - Object: 'Object Repository/login/button_Login' is clicked on

2023-08-25 10:39:23 - [TEST_STEP][PASSED] - verifyElementPresent(findTestObject("login/Title_Make Appointment"), 10): Object 'Object Repository/login/Title_Make Appointment' is present

2023-08-25 10:39:24 - [MESSAGE][PASSED] - Object 'Object Repository/login/Title_Make Appointment' is present

2023-08-25 10:39:24 - [MESSAGE][PASSED] - Call Test Case 'Test Cases/Login/Test Case 1.1 (Manual)' successfully

2023-08-25 10:39:24 - [TEST_STEP][PASSED] - selectOptionByValue(findTestObject("make_appointment/dropdown facility"), facility, false): All options with value 'Tokyo CURA Healthcare Center' are selected in object 'Object Repository/make_appointment/dropdown facility' 

2023-08-25 10:39:25 - [MESSAGE][PASSED] - All options with value 'Tokyo CURA Healthcare Center' are selected in object 'Object Repository/make_appointment/dropdown facility' 

2023-08-25 10:39:25 - [TEST_STEP][PASSED] - if (toString().equalsIgnoreCase("yes")): Object 'Object Repository/make_appointment/chekbox hospital readmission' is checked

2023-08-25 10:39:25 - [TEST_STEP][PASSED] - check(findTestObject("make_appointment/chekbox hospital readmission")): Object 'Object Repository/make_appointment/chekbox hospital readmission' is checked

2023-08-25 10:39:25 - [MESSAGE][PASSED] - Object 'Object Repository/make_appointment/chekbox hospital readmission' is checked

2023-08-25 10:39:25 - [TEST_STEP][PASSED] - if (toString().equalsIgnoreCase("medicare")): Object 'Object Repository/make_appointment/input_Medicare_programs' is checked

2023-08-25 10:39:25 - [TEST_STEP][PASSED] - check(findTestObject("make_appointment/input_Medicare_programs")): Object 'Object Repository/make_appointment/input_Medicare_programs' is checked

2023-08-25 10:39:26 - [MESSAGE][PASSED] - Object 'Object Repository/make_appointment/input_Medicare_programs' is checked

2023-08-25 10:39:26 - [TEST_STEP][PASSED] - setText(findTestObject("make_appointment/tanggal booking"), visit_date): Text '23/08/2023' is set on object 'Object Repository/make_appointment/tanggal booking'

2023-08-25 10:39:27 - [MESSAGE][PASSED] - Text '23/08/2023' is set on object 'Object Repository/make_appointment/tanggal booking'

2023-08-25 10:39:27 - [TEST_STEP][PASSED] - setText(findTestObject("make_appointment/comment"), comment): Text 'Hello World' is set on object 'Object Repository/make_appointment/comment'

2023-08-25 10:39:29 - [MESSAGE][PASSED] - Text 'Hello World' is set on object 'Object Repository/make_appointment/comment'

2023-08-25 10:39:29 - [TEST_STEP][PASSED] - click(findTestObject("make_appointment/button_Book Appointment")): Object: 'Object Repository/make_appointment/button_Book Appointment' is clicked on

2023-08-25 10:39:31 - [MESSAGE][PASSED] - Object: 'Object Repository/make_appointment/button_Book Appointment' is clicked on

2023-08-25 10:39:31 - [TEST_STEP][PASSED] - verifyElementPresent(findTestObject("make_appointment/title_Appointment Confirmation"), 0): Object 'Object Repository/make_appointment/title_Appointment Confirmation' is present

2023-08-25 10:39:31 - [MESSAGE][WARNING] - Timeout '0' is invalid. Using default page load timeout: '5'

2023-08-25 10:39:31 - [MESSAGE][PASSED] - Object 'Object Repository/make_appointment/title_Appointment Confirmation' is present

2023-08-25 10:39:31 - [TEST_STEP][PASSED] - hasilFacility = getText(findTestObject("Object Repository/make_appointment/hasil dropdown facility")): Text of object 'Object Repository/make_appointment/hasil dropdown facility' is: 'Tokyo CURA Healthcare Center'

2023-08-25 10:39:32 - [MESSAGE][PASSED] - Text of object 'Object Repository/make_appointment/hasil dropdown facility' is: 'Tokyo CURA Healthcare Center'

2023-08-25 10:39:32 - [TEST_STEP][PASSED] - hasilReadmission = getText(findTestObject("make_appointment/hasil hospital readmission")): Text of object 'Object Repository/make_appointment/hasil hospital readmission' is: 'Yes'

2023-08-25 10:39:32 - [MESSAGE][PASSED] - Text of object 'Object Repository/make_appointment/hasil hospital readmission' is: 'Yes'

2023-08-25 10:39:32 - [TEST_STEP][PASSED] - hasilProgram = getText(findTestObject("make_appointment/hasil healthcare program")): Text of object 'Object Repository/make_appointment/hasil healthcare program' is: 'Medicare'

2023-08-25 10:39:33 - [MESSAGE][PASSED] - Text of object 'Object Repository/make_appointment/hasil healthcare program' is: 'Medicare'

2023-08-25 10:39:33 - [TEST_STEP][PASSED] - hasilVisit = getText(findTestObject("make_appointment/hasil tanggal dipilih")): Text of object 'Object Repository/make_appointment/hasil tanggal dipilih' is: '23/08/2023'

2023-08-25 10:39:33 - [MESSAGE][PASSED] - Text of object 'Object Repository/make_appointment/hasil tanggal dipilih' is: '23/08/2023'

2023-08-25 10:39:33 - [TEST_STEP][PASSED] - hasilComment = getText(findTestObject("make_appointment/hasil comment")): Text of object 'Object Repository/make_appointment/hasil comment' is: 'Hello World'

2023-08-25 10:39:34 - [MESSAGE][PASSED] - Text of object 'Object Repository/make_appointment/hasil comment' is: 'Hello World'

2023-08-25 10:39:34 - [TEST_STEP][PASSED] - assert trim().equalsIgnoreCase(facility.trim()): null

2023-08-25 10:39:34 - [TEST_STEP][PASSED] - assert trim().equalsIgnoreCase(hospital_readmission.trim()): null

2023-08-25 10:39:34 - [TEST_STEP][PASSED] - assert trim().equalsIgnoreCase(healthcare_program.trim()): null

2023-08-25 10:39:34 - [TEST_STEP][PASSED] - assert trim().equalsIgnoreCase(visit_date.trim()): null

2023-08-25 10:39:34 - [TEST_STEP][PASSED] - assert trim().equalsIgnoreCase(comment.trim()): null

2023-08-25 10:39:34 - [TEST_STEP][PASSED] - closeBrowser(): Browser is closed

2023-08-25 10:39:35 - [MESSAGE][PASSED] - Browser is closed]]></system-out>
         <system-err><![CDATA[]]></system-err>
      </testcase>
      <testcase name="Test Cases/appointment/Test Case 2.1 (versi dinamis)" time="26.885" classname="Test Cases/appointment/Test Case 2.1 (versi dinamis)" status="PASSED">
         <system-out><![CDATA[2023-08-25 10:39:35 - [TEST_CASE][PASSED] - Test Cases/appointment/Test Case 2.1 (versi dinamis): Test Cases/appointment/Test Case 2.1 (versi dinamis)

2023-08-25 10:39:35 - [TEST_STEP][PASSED] - callTestCase(findTestCase("Login/Test Case 1.1 (Manual)"), ["username":username, "password":password], STOP_ON_FAILURE): Call Test Case 'Test Cases/Login/Test Case 1.1 (Manual)' successfully

2023-08-25 10:39:35 - [TEST_CASE][PASSED] - Test Cases/Login/Test Case 1.1 (Manual): Test Cases/Login/Test Case 1.1 (Manual)

2023-08-25 10:39:35 - [TEST_STEP][PASSED] - openBrowser(WEB_URL): Browser is opened with url: 'https://katalon-demo-cura.herokuapp.com/'

2023-08-25 10:39:35 - [MESSAGE][INFO] - Starting 'Edge Chromium' driver

2023-08-25 10:39:37 - [MESSAGE][INFO] - Action delay is set to 0 milliseconds

2023-08-25 10:39:42 - [MESSAGE][PASSED] - Browser is opened with url: 'https://katalon-demo-cura.herokuapp.com/'

2023-08-25 10:39:42 - [TEST_STEP][PASSED] - maximizeWindow(): Current window maximized

2023-08-25 10:39:42 - [MESSAGE][PASSED] - Current window maximized

2023-08-25 10:39:42 - [TEST_STEP][PASSED] - verifyElementPresent(findTestObject("login/title_home_page"), 10): Object 'Object Repository/login/title_home_page' is present

2023-08-25 10:39:43 - [MESSAGE][PASSED] - Object 'Object Repository/login/title_home_page' is present

2023-08-25 10:39:43 - [TEST_STEP][PASSED] - click(findTestObject("login/menu burger")): Object: 'Object Repository/login/menu burger' is clicked on

2023-08-25 10:39:44 - [MESSAGE][PASSED] - Object: 'Object Repository/login/menu burger' is clicked on

2023-08-25 10:39:44 - [TEST_STEP][PASSED] - click(findTestObject("login/menu Login")): Object: 'Object Repository/login/menu Login' is clicked on

2023-08-25 10:39:45 - [MESSAGE][PASSED] - Object: 'Object Repository/login/menu Login' is clicked on

2023-08-25 10:39:45 - [TEST_STEP][PASSED] - verifyElementPresent(findTestObject("login/title_Login"), 10): Object 'Object Repository/login/title_Login' is present

2023-08-25 10:39:46 - [MESSAGE][PASSED] - Object 'Object Repository/login/title_Login' is present

2023-08-25 10:39:46 - [TEST_STEP][PASSED] - setText(findTestObject("login/input_Username"), username): Text 'John Doe' is set on object 'Object Repository/login/input_Username'

2023-08-25 10:39:47 - [MESSAGE][PASSED] - Text 'John Doe' is set on object 'Object Repository/login/input_Username'

2023-08-25 10:39:47 - [TEST_STEP][PASSED] - setEncryptedText(findTestObject("login/input_Password"), password): Text ****** has been set on object 'Object Repository/login/input_Password'

2023-08-25 10:39:48 - [MESSAGE][PASSED] - Text ****** has been set on object 'Object Repository/login/input_Password'

2023-08-25 10:39:48 - [TEST_STEP][PASSED] - click(findTestObject("login/button_Login")): Object: 'Object Repository/login/button_Login' is clicked on

2023-08-25 10:39:50 - [MESSAGE][PASSED] - Object: 'Object Repository/login/button_Login' is clicked on

2023-08-25 10:39:50 - [TEST_STEP][PASSED] - verifyElementPresent(findTestObject("login/Title_Make Appointment"), 10): Object 'Object Repository/login/Title_Make Appointment' is present

2023-08-25 10:39:51 - [MESSAGE][PASSED] - Object 'Object Repository/login/Title_Make Appointment' is present

2023-08-25 10:39:51 - [MESSAGE][PASSED] - Call Test Case 'Test Cases/Login/Test Case 1.1 (Manual)' successfully

2023-08-25 10:39:51 - [TEST_STEP][PASSED] - selectOptionByValue(findTestObject("make_appointment/dropdown facility"), facility, false): All options with value 'Tokyo CURA Healthcare Center' are selected in object 'Object Repository/make_appointment/dropdown facility' 

2023-08-25 10:39:52 - [MESSAGE][PASSED] - All options with value 'Tokyo CURA Healthcare Center' are selected in object 'Object Repository/make_appointment/dropdown facility' 

2023-08-25 10:39:52 - [TEST_STEP][PASSED] - if (toString().equalsIgnoreCase("yes")): Object 'Object Repository/make_appointment/chekbox hospital readmission' is checked

2023-08-25 10:39:52 - [TEST_STEP][PASSED] - check(findTestObject("make_appointment/chekbox hospital readmission")): Object 'Object Repository/make_appointment/chekbox hospital readmission' is checked

2023-08-25 10:39:53 - [MESSAGE][PASSED] - Object 'Object Repository/make_appointment/chekbox hospital readmission' is checked

2023-08-25 10:39:53 - [TEST_STEP][PASSED] - if (toString().equalsIgnoreCase("medicare")): null

2023-08-25 10:39:53 - [TEST_STEP][PASSED] - else if (toString().equalsIgnoreCase("medicaid")): Object 'Object Repository/make_appointment/input_Medicaid_programs' is checked

2023-08-25 10:39:53 - [TEST_STEP][PASSED] - check(findTestObject("make_appointment/input_Medicaid_programs")): Object 'Object Repository/make_appointment/input_Medicaid_programs' is checked

2023-08-25 10:39:53 - [MESSAGE][PASSED] - Object 'Object Repository/make_appointment/input_Medicaid_programs' is checked

2023-08-25 10:39:53 - [TEST_STEP][PASSED] - setText(findTestObject("make_appointment/tanggal booking"), visit_date): Text '23/08/2023' is set on object 'Object Repository/make_appointment/tanggal booking'

2023-08-25 10:39:55 - [MESSAGE][PASSED] - Text '23/08/2023' is set on object 'Object Repository/make_appointment/tanggal booking'

2023-08-25 10:39:55 - [TEST_STEP][PASSED] - setText(findTestObject("make_appointment/comment"), comment): Text 'Hello World' is set on object 'Object Repository/make_appointment/comment'

2023-08-25 10:39:56 - [MESSAGE][PASSED] - Text 'Hello World' is set on object 'Object Repository/make_appointment/comment'

2023-08-25 10:39:56 - [TEST_STEP][PASSED] - click(findTestObject("make_appointment/button_Book Appointment")): Object: 'Object Repository/make_appointment/button_Book Appointment' is clicked on

2023-08-25 10:39:58 - [MESSAGE][PASSED] - Object: 'Object Repository/make_appointment/button_Book Appointment' is clicked on

2023-08-25 10:39:58 - [TEST_STEP][PASSED] - verifyElementPresent(findTestObject("make_appointment/title_Appointment Confirmation"), 0): Object 'Object Repository/make_appointment/title_Appointment Confirmation' is present

2023-08-25 10:39:58 - [MESSAGE][WARNING] - Timeout '0' is invalid. Using default page load timeout: '5'

2023-08-25 10:39:58 - [MESSAGE][PASSED] - Object 'Object Repository/make_appointment/title_Appointment Confirmation' is present

2023-08-25 10:39:58 - [TEST_STEP][PASSED] - hasilFacility = getText(findTestObject("Object Repository/make_appointment/hasil dropdown facility")): Text of object 'Object Repository/make_appointment/hasil dropdown facility' is: 'Tokyo CURA Healthcare Center'

2023-08-25 10:39:59 - [MESSAGE][PASSED] - Text of object 'Object Repository/make_appointment/hasil dropdown facility' is: 'Tokyo CURA Healthcare Center'

2023-08-25 10:39:59 - [TEST_STEP][PASSED] - hasilReadmission = getText(findTestObject("make_appointment/hasil hospital readmission")): Text of object 'Object Repository/make_appointment/hasil hospital readmission' is: 'Yes'

2023-08-25 10:39:59 - [MESSAGE][PASSED] - Text of object 'Object Repository/make_appointment/hasil hospital readmission' is: 'Yes'

2023-08-25 10:39:59 - [TEST_STEP][PASSED] - hasilProgram = getText(findTestObject("make_appointment/hasil healthcare program")): Text of object 'Object Repository/make_appointment/hasil healthcare program' is: 'Medicaid'

2023-08-25 10:40:00 - [MESSAGE][PASSED] - Text of object 'Object Repository/make_appointment/hasil healthcare program' is: 'Medicaid'

2023-08-25 10:40:00 - [TEST_STEP][PASSED] - hasilVisit = getText(findTestObject("make_appointment/hasil tanggal dipilih")): Text of object 'Object Repository/make_appointment/hasil tanggal dipilih' is: '23/08/2023'

2023-08-25 10:40:00 - [MESSAGE][PASSED] - Text of object 'Object Repository/make_appointment/hasil tanggal dipilih' is: '23/08/2023'

2023-08-25 10:40:00 - [TEST_STEP][PASSED] - hasilComment = getText(findTestObject("make_appointment/hasil comment")): Text of object 'Object Repository/make_appointment/hasil comment' is: 'Hello World'

2023-08-25 10:40:01 - [MESSAGE][PASSED] - Text of object 'Object Repository/make_appointment/hasil comment' is: 'Hello World'

2023-08-25 10:40:01 - [TEST_STEP][PASSED] - assert trim().equalsIgnoreCase(facility.trim()): null

2023-08-25 10:40:01 - [TEST_STEP][PASSED] - assert trim().equalsIgnoreCase(hospital_readmission.trim()): null

2023-08-25 10:40:01 - [TEST_STEP][PASSED] - assert trim().equalsIgnoreCase(healthcare_program.trim()): null

2023-08-25 10:40:01 - [TEST_STEP][PASSED] - assert trim().equalsIgnoreCase(visit_date.trim()): null

2023-08-25 10:40:01 - [TEST_STEP][PASSED] - assert trim().equalsIgnoreCase(comment.trim()): null

2023-08-25 10:40:01 - [TEST_STEP][PASSED] - closeBrowser(): Browser is closed

2023-08-25 10:40:02 - [MESSAGE][PASSED] - Browser is closed]]></system-out>
         <system-err><![CDATA[]]></system-err>
      </testcase>
      <testcase name="Test Cases/appointment/Test Case 2.1 (versi dinamis)" time="27.373" classname="Test Cases/appointment/Test Case 2.1 (versi dinamis)" status="PASSED">
         <system-out><![CDATA[2023-08-25 10:40:02 - [TEST_CASE][PASSED] - Test Cases/appointment/Test Case 2.1 (versi dinamis): Test Cases/appointment/Test Case 2.1 (versi dinamis)

2023-08-25 10:40:02 - [TEST_STEP][PASSED] - callTestCase(findTestCase("Login/Test Case 1.1 (Manual)"), ["username":username, "password":password], STOP_ON_FAILURE): Call Test Case 'Test Cases/Login/Test Case 1.1 (Manual)' successfully

2023-08-25 10:40:02 - [TEST_CASE][PASSED] - Test Cases/Login/Test Case 1.1 (Manual): Test Cases/Login/Test Case 1.1 (Manual)

2023-08-25 10:40:02 - [TEST_STEP][PASSED] - openBrowser(WEB_URL): Browser is opened with url: 'https://katalon-demo-cura.herokuapp.com/'

2023-08-25 10:40:02 - [MESSAGE][INFO] - Starting 'Edge Chromium' driver

2023-08-25 10:40:04 - [MESSAGE][INFO] - Action delay is set to 0 milliseconds

2023-08-25 10:40:09 - [MESSAGE][PASSED] - Browser is opened with url: 'https://katalon-demo-cura.herokuapp.com/'

2023-08-25 10:40:09 - [TEST_STEP][PASSED] - maximizeWindow(): Current window maximized

2023-08-25 10:40:09 - [MESSAGE][PASSED] - Current window maximized

2023-08-25 10:40:09 - [TEST_STEP][PASSED] - verifyElementPresent(findTestObject("login/title_home_page"), 10): Object 'Object Repository/login/title_home_page' is present

2023-08-25 10:40:10 - [MESSAGE][PASSED] - Object 'Object Repository/login/title_home_page' is present

2023-08-25 10:40:10 - [TEST_STEP][PASSED] - click(findTestObject("login/menu burger")): Object: 'Object Repository/login/menu burger' is clicked on

2023-08-25 10:40:11 - [MESSAGE][PASSED] - Object: 'Object Repository/login/menu burger' is clicked on

2023-08-25 10:40:11 - [TEST_STEP][PASSED] - click(findTestObject("login/menu Login")): Object: 'Object Repository/login/menu Login' is clicked on

2023-08-25 10:40:12 - [MESSAGE][PASSED] - Object: 'Object Repository/login/menu Login' is clicked on

2023-08-25 10:40:12 - [TEST_STEP][PASSED] - verifyElementPresent(findTestObject("login/title_Login"), 10): Object 'Object Repository/login/title_Login' is present

2023-08-25 10:40:13 - [MESSAGE][PASSED] - Object 'Object Repository/login/title_Login' is present

2023-08-25 10:40:13 - [TEST_STEP][PASSED] - setText(findTestObject("login/input_Username"), username): Text 'John Doe' is set on object 'Object Repository/login/input_Username'

2023-08-25 10:40:14 - [MESSAGE][PASSED] - Text 'John Doe' is set on object 'Object Repository/login/input_Username'

2023-08-25 10:40:14 - [TEST_STEP][PASSED] - setEncryptedText(findTestObject("login/input_Password"), password): Text ****** has been set on object 'Object Repository/login/input_Password'

2023-08-25 10:40:15 - [MESSAGE][PASSED] - Text ****** has been set on object 'Object Repository/login/input_Password'

2023-08-25 10:40:15 - [TEST_STEP][PASSED] - click(findTestObject("login/button_Login")): Object: 'Object Repository/login/button_Login' is clicked on

2023-08-25 10:40:17 - [MESSAGE][PASSED] - Object: 'Object Repository/login/button_Login' is clicked on

2023-08-25 10:40:17 - [TEST_STEP][PASSED] - verifyElementPresent(findTestObject("login/Title_Make Appointment"), 10): Object 'Object Repository/login/Title_Make Appointment' is present

2023-08-25 10:40:18 - [MESSAGE][PASSED] - Object 'Object Repository/login/Title_Make Appointment' is present

2023-08-25 10:40:18 - [MESSAGE][PASSED] - Call Test Case 'Test Cases/Login/Test Case 1.1 (Manual)' successfully

2023-08-25 10:40:18 - [TEST_STEP][PASSED] - selectOptionByValue(findTestObject("make_appointment/dropdown facility"), facility, false): All options with value 'Tokyo CURA Healthcare Center' are selected in object 'Object Repository/make_appointment/dropdown facility' 

2023-08-25 10:40:19 - [MESSAGE][PASSED] - All options with value 'Tokyo CURA Healthcare Center' are selected in object 'Object Repository/make_appointment/dropdown facility' 

2023-08-25 10:40:19 - [TEST_STEP][PASSED] - if (toString().equalsIgnoreCase("yes")): Object 'Object Repository/make_appointment/chekbox hospital readmission' is checked

2023-08-25 10:40:19 - [TEST_STEP][PASSED] - check(findTestObject("make_appointment/chekbox hospital readmission")): Object 'Object Repository/make_appointment/chekbox hospital readmission' is checked

2023-08-25 10:40:20 - [MESSAGE][PASSED] - Object 'Object Repository/make_appointment/chekbox hospital readmission' is checked

2023-08-25 10:40:20 - [TEST_STEP][PASSED] - if (toString().equalsIgnoreCase("medicare")): null

2023-08-25 10:40:20 - [TEST_STEP][PASSED] - else if (toString().equalsIgnoreCase("medicaid")): null

2023-08-25 10:40:20 - [TEST_STEP][PASSED] - else: Object 'Object Repository/make_appointment/input_None_programs' is checked

2023-08-25 10:40:20 - [TEST_STEP][PASSED] - check(findTestObject("make_appointment/input_None_programs")): Object 'Object Repository/make_appointment/input_None_programs' is checked

2023-08-25 10:40:21 - [MESSAGE][PASSED] - Object 'Object Repository/make_appointment/input_None_programs' is checked

2023-08-25 10:40:21 - [TEST_STEP][PASSED] - setText(findTestObject("make_appointment/tanggal booking"), visit_date): Text '23/08/2023' is set on object 'Object Repository/make_appointment/tanggal booking'

2023-08-25 10:40:22 - [MESSAGE][PASSED] - Text '23/08/2023' is set on object 'Object Repository/make_appointment/tanggal booking'

2023-08-25 10:40:22 - [TEST_STEP][PASSED] - setText(findTestObject("make_appointment/comment"), comment): Text 'Hello World' is set on object 'Object Repository/make_appointment/comment'

2023-08-25 10:40:23 - [MESSAGE][PASSED] - Text 'Hello World' is set on object 'Object Repository/make_appointment/comment'

2023-08-25 10:40:23 - [TEST_STEP][PASSED] - click(findTestObject("make_appointment/button_Book Appointment")): Object: 'Object Repository/make_appointment/button_Book Appointment' is clicked on

2023-08-25 10:40:25 - [MESSAGE][PASSED] - Object: 'Object Repository/make_appointment/button_Book Appointment' is clicked on

2023-08-25 10:40:25 - [TEST_STEP][PASSED] - verifyElementPresent(findTestObject("make_appointment/title_Appointment Confirmation"), 0): Object 'Object Repository/make_appointment/title_Appointment Confirmation' is present

2023-08-25 10:40:25 - [MESSAGE][WARNING] - Timeout '0' is invalid. Using default page load timeout: '5'

2023-08-25 10:40:25 - [MESSAGE][PASSED] - Object 'Object Repository/make_appointment/title_Appointment Confirmation' is present

2023-08-25 10:40:25 - [TEST_STEP][PASSED] - hasilFacility = getText(findTestObject("Object Repository/make_appointment/hasil dropdown facility")): Text of object 'Object Repository/make_appointment/hasil dropdown facility' is: 'Tokyo CURA Healthcare Center'

2023-08-25 10:40:26 - [MESSAGE][PASSED] - Text of object 'Object Repository/make_appointment/hasil dropdown facility' is: 'Tokyo CURA Healthcare Center'

2023-08-25 10:40:26 - [TEST_STEP][PASSED] - hasilReadmission = getText(findTestObject("make_appointment/hasil hospital readmission")): Text of object 'Object Repository/make_appointment/hasil hospital readmission' is: 'Yes'

2023-08-25 10:40:26 - [MESSAGE][PASSED] - Text of object 'Object Repository/make_appointment/hasil hospital readmission' is: 'Yes'

2023-08-25 10:40:26 - [TEST_STEP][PASSED] - hasilProgram = getText(findTestObject("make_appointment/hasil healthcare program")): Text of object 'Object Repository/make_appointment/hasil healthcare program' is: 'None'

2023-08-25 10:40:27 - [MESSAGE][PASSED] - Text of object 'Object Repository/make_appointment/hasil healthcare program' is: 'None'

2023-08-25 10:40:27 - [TEST_STEP][PASSED] - hasilVisit = getText(findTestObject("make_appointment/hasil tanggal dipilih")): Text of object 'Object Repository/make_appointment/hasil tanggal dipilih' is: '23/08/2023'

2023-08-25 10:40:28 - [MESSAGE][PASSED] - Text of object 'Object Repository/make_appointment/hasil tanggal dipilih' is: '23/08/2023'

2023-08-25 10:40:28 - [TEST_STEP][PASSED] - hasilComment = getText(findTestObject("make_appointment/hasil comment")): Text of object 'Object Repository/make_appointment/hasil comment' is: 'Hello World'

2023-08-25 10:40:28 - [MESSAGE][PASSED] - Text of object 'Object Repository/make_appointment/hasil comment' is: 'Hello World'

2023-08-25 10:40:28 - [TEST_STEP][PASSED] - assert trim().equalsIgnoreCase(facility.trim()): null

2023-08-25 10:40:28 - [TEST_STEP][PASSED] - assert trim().equalsIgnoreCase(hospital_readmission.trim()): null

2023-08-25 10:40:28 - [TEST_STEP][PASSED] - assert trim().equalsIgnoreCase(healthcare_program.trim()): null

2023-08-25 10:40:28 - [TEST_STEP][PASSED] - assert trim().equalsIgnoreCase(visit_date.trim()): null

2023-08-25 10:40:28 - [TEST_STEP][PASSED] - assert trim().equalsIgnoreCase(comment.trim()): null

2023-08-25 10:40:28 - [TEST_STEP][PASSED] - closeBrowser(): Browser is closed

2023-08-25 10:40:29 - [MESSAGE][PASSED] - Browser is closed]]></system-out>
         <system-err><![CDATA[]]></system-err>
      </testcase>
      <testcase name="Test Cases/appointment/Test Case 2.1 (versi dinamis)" time="29.114" classname="Test Cases/appointment/Test Case 2.1 (versi dinamis)" status="PASSED">
         <system-out><![CDATA[2023-08-25 10:40:29 - [TEST_CASE][PASSED] - Test Cases/appointment/Test Case 2.1 (versi dinamis): Test Cases/appointment/Test Case 2.1 (versi dinamis)

2023-08-25 10:40:29 - [TEST_STEP][PASSED] - callTestCase(findTestCase("Login/Test Case 1.1 (Manual)"), ["username":username, "password":password], STOP_ON_FAILURE): Call Test Case 'Test Cases/Login/Test Case 1.1 (Manual)' successfully

2023-08-25 10:40:30 - [TEST_CASE][PASSED] - Test Cases/Login/Test Case 1.1 (Manual): Test Cases/Login/Test Case 1.1 (Manual)

2023-08-25 10:40:30 - [TEST_STEP][PASSED] - openBrowser(WEB_URL): Browser is opened with url: 'https://katalon-demo-cura.herokuapp.com/'

2023-08-25 10:40:30 - [MESSAGE][INFO] - Starting 'Edge Chromium' driver

2023-08-25 10:40:32 - [MESSAGE][INFO] - Action delay is set to 0 milliseconds

2023-08-25 10:40:38 - [MESSAGE][PASSED] - Browser is opened with url: 'https://katalon-demo-cura.herokuapp.com/'

2023-08-25 10:40:38 - [TEST_STEP][PASSED] - maximizeWindow(): Current window maximized

2023-08-25 10:40:38 - [MESSAGE][PASSED] - Current window maximized

2023-08-25 10:40:38 - [TEST_STEP][PASSED] - verifyElementPresent(findTestObject("login/title_home_page"), 10): Object 'Object Repository/login/title_home_page' is present

2023-08-25 10:40:40 - [MESSAGE][PASSED] - Object 'Object Repository/login/title_home_page' is present

2023-08-25 10:40:40 - [TEST_STEP][PASSED] - click(findTestObject("login/menu burger")): Object: 'Object Repository/login/menu burger' is clicked on

2023-08-25 10:40:42 - [MESSAGE][PASSED] - Object: 'Object Repository/login/menu burger' is clicked on

2023-08-25 10:40:42 - [TEST_STEP][PASSED] - click(findTestObject("login/menu Login")): Object: 'Object Repository/login/menu Login' is clicked on

2023-08-25 10:40:43 - [MESSAGE][PASSED] - Object: 'Object Repository/login/menu Login' is clicked on

2023-08-25 10:40:43 - [TEST_STEP][PASSED] - verifyElementPresent(findTestObject("login/title_Login"), 10): Object 'Object Repository/login/title_Login' is present

2023-08-25 10:40:44 - [MESSAGE][PASSED] - Object 'Object Repository/login/title_Login' is present

2023-08-25 10:40:44 - [TEST_STEP][PASSED] - setText(findTestObject("login/input_Username"), username): Text 'John Doe' is set on object 'Object Repository/login/input_Username'

2023-08-25 10:40:45 - [MESSAGE][PASSED] - Text 'John Doe' is set on object 'Object Repository/login/input_Username'

2023-08-25 10:40:45 - [TEST_STEP][PASSED] - setEncryptedText(findTestObject("login/input_Password"), password): Text ****** has been set on object 'Object Repository/login/input_Password'

2023-08-25 10:40:46 - [MESSAGE][PASSED] - Text ****** has been set on object 'Object Repository/login/input_Password'

2023-08-25 10:40:46 - [TEST_STEP][PASSED] - click(findTestObject("login/button_Login")): Object: 'Object Repository/login/button_Login' is clicked on

2023-08-25 10:40:48 - [MESSAGE][PASSED] - Object: 'Object Repository/login/button_Login' is clicked on

2023-08-25 10:40:48 - [TEST_STEP][PASSED] - verifyElementPresent(findTestObject("login/Title_Make Appointment"), 10): Object 'Object Repository/login/Title_Make Appointment' is present

2023-08-25 10:40:48 - [MESSAGE][PASSED] - Object 'Object Repository/login/Title_Make Appointment' is present

2023-08-25 10:40:48 - [MESSAGE][PASSED] - Call Test Case 'Test Cases/Login/Test Case 1.1 (Manual)' successfully

2023-08-25 10:40:48 - [TEST_STEP][PASSED] - selectOptionByValue(findTestObject("make_appointment/dropdown facility"), facility, false): All options with value 'Tokyo CURA Healthcare Center' are selected in object 'Object Repository/make_appointment/dropdown facility' 

2023-08-25 10:40:49 - [MESSAGE][PASSED] - All options with value 'Tokyo CURA Healthcare Center' are selected in object 'Object Repository/make_appointment/dropdown facility' 

2023-08-25 10:40:49 - [TEST_STEP][PASSED] - if (toString().equalsIgnoreCase("yes")): null

2023-08-25 10:40:49 - [TEST_STEP][PASSED] - if (toString().equalsIgnoreCase("medicare")): Object 'Object Repository/make_appointment/input_Medicare_programs' is checked

2023-08-25 10:40:49 - [TEST_STEP][PASSED] - check(findTestObject("make_appointment/input_Medicare_programs")): Object 'Object Repository/make_appointment/input_Medicare_programs' is checked

2023-08-25 10:40:50 - [MESSAGE][PASSED] - Object 'Object Repository/make_appointment/input_Medicare_programs' is checked

2023-08-25 10:40:50 - [TEST_STEP][PASSED] - setText(findTestObject("make_appointment/tanggal booking"), visit_date): Text '23/08/2023' is set on object 'Object Repository/make_appointment/tanggal booking'

2023-08-25 10:40:51 - [MESSAGE][PASSED] - Text '23/08/2023' is set on object 'Object Repository/make_appointment/tanggal booking'

2023-08-25 10:40:51 - [TEST_STEP][PASSED] - setText(findTestObject("make_appointment/comment"), comment): Text 'Hello World' is set on object 'Object Repository/make_appointment/comment'

2023-08-25 10:40:52 - [MESSAGE][PASSED] - Text 'Hello World' is set on object 'Object Repository/make_appointment/comment'

2023-08-25 10:40:52 - [TEST_STEP][PASSED] - click(findTestObject("make_appointment/button_Book Appointment")): Object: 'Object Repository/make_appointment/button_Book Appointment' is clicked on

2023-08-25 10:40:54 - [MESSAGE][PASSED] - Object: 'Object Repository/make_appointment/button_Book Appointment' is clicked on

2023-08-25 10:40:54 - [TEST_STEP][PASSED] - verifyElementPresent(findTestObject("make_appointment/title_Appointment Confirmation"), 0): Object 'Object Repository/make_appointment/title_Appointment Confirmation' is present

2023-08-25 10:40:55 - [MESSAGE][WARNING] - Timeout '0' is invalid. Using default page load timeout: '5'

2023-08-25 10:40:55 - [MESSAGE][PASSED] - Object 'Object Repository/make_appointment/title_Appointment Confirmation' is present

2023-08-25 10:40:55 - [TEST_STEP][PASSED] - hasilFacility = getText(findTestObject("Object Repository/make_appointment/hasil dropdown facility")): Text of object 'Object Repository/make_appointment/hasil dropdown facility' is: 'Tokyo CURA Healthcare Center'

2023-08-25 10:40:55 - [MESSAGE][PASSED] - Text of object 'Object Repository/make_appointment/hasil dropdown facility' is: 'Tokyo CURA Healthcare Center'

2023-08-25 10:40:55 - [TEST_STEP][PASSED] - hasilReadmission = getText(findTestObject("make_appointment/hasil hospital readmission")): Text of object 'Object Repository/make_appointment/hasil hospital readmission' is: 'No'

2023-08-25 10:40:56 - [MESSAGE][PASSED] - Text of object 'Object Repository/make_appointment/hasil hospital readmission' is: 'No'

2023-08-25 10:40:56 - [TEST_STEP][PASSED] - hasilProgram = getText(findTestObject("make_appointment/hasil healthcare program")): Text of object 'Object Repository/make_appointment/hasil healthcare program' is: 'Medicare'

2023-08-25 10:40:56 - [MESSAGE][PASSED] - Text of object 'Object Repository/make_appointment/hasil healthcare program' is: 'Medicare'

2023-08-25 10:40:56 - [TEST_STEP][PASSED] - hasilVisit = getText(findTestObject("make_appointment/hasil tanggal dipilih")): Text of object 'Object Repository/make_appointment/hasil tanggal dipilih' is: '23/08/2023'

2023-08-25 10:40:57 - [MESSAGE][PASSED] - Text of object 'Object Repository/make_appointment/hasil tanggal dipilih' is: '23/08/2023'

2023-08-25 10:40:57 - [TEST_STEP][PASSED] - hasilComment = getText(findTestObject("make_appointment/hasil comment")): Text of object 'Object Repository/make_appointment/hasil comment' is: 'Hello World'

2023-08-25 10:40:58 - [MESSAGE][PASSED] - Text of object 'Object Repository/make_appointment/hasil comment' is: 'Hello World'

2023-08-25 10:40:58 - [TEST_STEP][PASSED] - assert trim().equalsIgnoreCase(facility.trim()): null

2023-08-25 10:40:58 - [TEST_STEP][PASSED] - assert trim().equalsIgnoreCase(hospital_readmission.trim()): null

2023-08-25 10:40:58 - [TEST_STEP][PASSED] - assert trim().equalsIgnoreCase(healthcare_program.trim()): null

2023-08-25 10:40:58 - [TEST_STEP][PASSED] - assert trim().equalsIgnoreCase(visit_date.trim()): null

2023-08-25 10:40:58 - [TEST_STEP][PASSED] - assert trim().equalsIgnoreCase(comment.trim()): null

2023-08-25 10:40:58 - [TEST_STEP][PASSED] - closeBrowser(): Browser is closed

2023-08-25 10:40:58 - [MESSAGE][PASSED] - Browser is closed]]></system-out>
         <system-err><![CDATA[]]></system-err>
      </testcase>
      <testcase name="Test Cases/appointment/Test Case 2.1 (versi dinamis)" time="25.365" classname="Test Cases/appointment/Test Case 2.1 (versi dinamis)" status="PASSED">
         <system-out><![CDATA[2023-08-25 10:40:59 - [TEST_CASE][PASSED] - Test Cases/appointment/Test Case 2.1 (versi dinamis): Test Cases/appointment/Test Case 2.1 (versi dinamis)

2023-08-25 10:40:59 - [TEST_STEP][PASSED] - callTestCase(findTestCase("Login/Test Case 1.1 (Manual)"), ["username":username, "password":password], STOP_ON_FAILURE): Call Test Case 'Test Cases/Login/Test Case 1.1 (Manual)' successfully

2023-08-25 10:40:59 - [TEST_CASE][PASSED] - Test Cases/Login/Test Case 1.1 (Manual): Test Cases/Login/Test Case 1.1 (Manual)

2023-08-25 10:40:59 - [TEST_STEP][PASSED] - openBrowser(WEB_URL): Browser is opened with url: 'https://katalon-demo-cura.herokuapp.com/'

2023-08-25 10:40:59 - [MESSAGE][INFO] - Starting 'Edge Chromium' driver

2023-08-25 10:41:01 - [MESSAGE][INFO] - Action delay is set to 0 milliseconds

2023-08-25 10:41:06 - [MESSAGE][PASSED] - Browser is opened with url: 'https://katalon-demo-cura.herokuapp.com/'

2023-08-25 10:41:06 - [TEST_STEP][PASSED] - maximizeWindow(): Current window maximized

2023-08-25 10:41:06 - [MESSAGE][PASSED] - Current window maximized

2023-08-25 10:41:06 - [TEST_STEP][PASSED] - verifyElementPresent(findTestObject("login/title_home_page"), 10): Object 'Object Repository/login/title_home_page' is present

2023-08-25 10:41:07 - [MESSAGE][PASSED] - Object 'Object Repository/login/title_home_page' is present

2023-08-25 10:41:07 - [TEST_STEP][PASSED] - click(findTestObject("login/menu burger")): Object: 'Object Repository/login/menu burger' is clicked on

2023-08-25 10:41:08 - [MESSAGE][PASSED] - Object: 'Object Repository/login/menu burger' is clicked on

2023-08-25 10:41:08 - [TEST_STEP][PASSED] - click(findTestObject("login/menu Login")): Object: 'Object Repository/login/menu Login' is clicked on

2023-08-25 10:41:09 - [MESSAGE][PASSED] - Object: 'Object Repository/login/menu Login' is clicked on

2023-08-25 10:41:09 - [TEST_STEP][PASSED] - verifyElementPresent(findTestObject("login/title_Login"), 10): Object 'Object Repository/login/title_Login' is present

2023-08-25 10:41:10 - [MESSAGE][PASSED] - Object 'Object Repository/login/title_Login' is present

2023-08-25 10:41:10 - [TEST_STEP][PASSED] - setText(findTestObject("login/input_Username"), username): Text 'John Doe' is set on object 'Object Repository/login/input_Username'

2023-08-25 10:41:11 - [MESSAGE][PASSED] - Text 'John Doe' is set on object 'Object Repository/login/input_Username'

2023-08-25 10:41:11 - [TEST_STEP][PASSED] - setEncryptedText(findTestObject("login/input_Password"), password): Text ****** has been set on object 'Object Repository/login/input_Password'

2023-08-25 10:41:12 - [MESSAGE][PASSED] - Text ****** has been set on object 'Object Repository/login/input_Password'

2023-08-25 10:41:12 - [TEST_STEP][PASSED] - click(findTestObject("login/button_Login")): Object: 'Object Repository/login/button_Login' is clicked on

2023-08-25 10:41:13 - [MESSAGE][PASSED] - Object: 'Object Repository/login/button_Login' is clicked on

2023-08-25 10:41:13 - [TEST_STEP][PASSED] - verifyElementPresent(findTestObject("login/Title_Make Appointment"), 10): Object 'Object Repository/login/Title_Make Appointment' is present

2023-08-25 10:41:13 - [MESSAGE][PASSED] - Object 'Object Repository/login/Title_Make Appointment' is present

2023-08-25 10:41:13 - [MESSAGE][PASSED] - Call Test Case 'Test Cases/Login/Test Case 1.1 (Manual)' successfully

2023-08-25 10:41:13 - [TEST_STEP][PASSED] - selectOptionByValue(findTestObject("make_appointment/dropdown facility"), facility, false): All options with value 'Tokyo CURA Healthcare Center' are selected in object 'Object Repository/make_appointment/dropdown facility' 

2023-08-25 10:41:15 - [MESSAGE][PASSED] - All options with value 'Tokyo CURA Healthcare Center' are selected in object 'Object Repository/make_appointment/dropdown facility' 

2023-08-25 10:41:15 - [TEST_STEP][PASSED] - if (toString().equalsIgnoreCase("yes")): null

2023-08-25 10:41:15 - [TEST_STEP][PASSED] - if (toString().equalsIgnoreCase("medicare")): null

2023-08-25 10:41:15 - [TEST_STEP][PASSED] - else if (toString().equalsIgnoreCase("medicaid")): Object 'Object Repository/make_appointment/input_Medicaid_programs' is checked

2023-08-25 10:41:15 - [TEST_STEP][PASSED] - check(findTestObject("make_appointment/input_Medicaid_programs")): Object 'Object Repository/make_appointment/input_Medicaid_programs' is checked

2023-08-25 10:41:15 - [MESSAGE][PASSED] - Object 'Object Repository/make_appointment/input_Medicaid_programs' is checked

2023-08-25 10:41:15 - [TEST_STEP][PASSED] - setText(findTestObject("make_appointment/tanggal booking"), visit_date): Text '23/08/2023' is set on object 'Object Repository/make_appointment/tanggal booking'

2023-08-25 10:41:17 - [MESSAGE][PASSED] - Text '23/08/2023' is set on object 'Object Repository/make_appointment/tanggal booking'

2023-08-25 10:41:17 - [TEST_STEP][PASSED] - setText(findTestObject("make_appointment/comment"), comment): Text 'Hello World' is set on object 'Object Repository/make_appointment/comment'

2023-08-25 10:41:18 - [MESSAGE][PASSED] - Text 'Hello World' is set on object 'Object Repository/make_appointment/comment'

2023-08-25 10:41:18 - [TEST_STEP][PASSED] - click(findTestObject("make_appointment/button_Book Appointment")): Object: 'Object Repository/make_appointment/button_Book Appointment' is clicked on

2023-08-25 10:41:20 - [MESSAGE][PASSED] - Object: 'Object Repository/make_appointment/button_Book Appointment' is clicked on

2023-08-25 10:41:20 - [TEST_STEP][PASSED] - verifyElementPresent(findTestObject("make_appointment/title_Appointment Confirmation"), 0): Object 'Object Repository/make_appointment/title_Appointment Confirmation' is present

2023-08-25 10:41:20 - [MESSAGE][WARNING] - Timeout '0' is invalid. Using default page load timeout: '5'

2023-08-25 10:41:20 - [MESSAGE][PASSED] - Object 'Object Repository/make_appointment/title_Appointment Confirmation' is present

2023-08-25 10:41:20 - [TEST_STEP][PASSED] - hasilFacility = getText(findTestObject("Object Repository/make_appointment/hasil dropdown facility")): Text of object 'Object Repository/make_appointment/hasil dropdown facility' is: 'Tokyo CURA Healthcare Center'

2023-08-25 10:41:21 - [MESSAGE][PASSED] - Text of object 'Object Repository/make_appointment/hasil dropdown facility' is: 'Tokyo CURA Healthcare Center'

2023-08-25 10:41:21 - [TEST_STEP][PASSED] - hasilReadmission = getText(findTestObject("make_appointment/hasil hospital readmission")): Text of object 'Object Repository/make_appointment/hasil hospital readmission' is: 'No'

2023-08-25 10:41:21 - [MESSAGE][PASSED] - Text of object 'Object Repository/make_appointment/hasil hospital readmission' is: 'No'

2023-08-25 10:41:21 - [TEST_STEP][PASSED] - hasilProgram = getText(findTestObject("make_appointment/hasil healthcare program")): Text of object 'Object Repository/make_appointment/hasil healthcare program' is: 'Medicaid'

2023-08-25 10:41:22 - [MESSAGE][PASSED] - Text of object 'Object Repository/make_appointment/hasil healthcare program' is: 'Medicaid'

2023-08-25 10:41:22 - [TEST_STEP][PASSED] - hasilVisit = getText(findTestObject("make_appointment/hasil tanggal dipilih")): Text of object 'Object Repository/make_appointment/hasil tanggal dipilih' is: '23/08/2023'

2023-08-25 10:41:22 - [MESSAGE][PASSED] - Text of object 'Object Repository/make_appointment/hasil tanggal dipilih' is: '23/08/2023'

2023-08-25 10:41:22 - [TEST_STEP][PASSED] - hasilComment = getText(findTestObject("make_appointment/hasil comment")): Text of object 'Object Repository/make_appointment/hasil comment' is: 'Hello World'

2023-08-25 10:41:23 - [MESSAGE][PASSED] - Text of object 'Object Repository/make_appointment/hasil comment' is: 'Hello World'

2023-08-25 10:41:23 - [TEST_STEP][PASSED] - assert trim().equalsIgnoreCase(facility.trim()): null

2023-08-25 10:41:23 - [TEST_STEP][PASSED] - assert trim().equalsIgnoreCase(hospital_readmission.trim()): null

2023-08-25 10:41:23 - [TEST_STEP][PASSED] - assert trim().equalsIgnoreCase(healthcare_program.trim()): null

2023-08-25 10:41:23 - [TEST_STEP][PASSED] - assert trim().equalsIgnoreCase(visit_date.trim()): null

2023-08-25 10:41:23 - [TEST_STEP][PASSED] - assert trim().equalsIgnoreCase(comment.trim()): null

2023-08-25 10:41:23 - [TEST_STEP][PASSED] - closeBrowser(): Browser is closed

2023-08-25 10:41:24 - [MESSAGE][PASSED] - Browser is closed]]></system-out>
         <system-err><![CDATA[]]></system-err>
      </testcase>
      <testcase name="Test Cases/appointment/Test Case 2.1 (versi dinamis)" time="27.298" classname="Test Cases/appointment/Test Case 2.1 (versi dinamis)" status="PASSED">
         <system-out><![CDATA[2023-08-25 10:41:24 - [TEST_CASE][PASSED] - Test Cases/appointment/Test Case 2.1 (versi dinamis): Test Cases/appointment/Test Case 2.1 (versi dinamis)

2023-08-25 10:41:24 - [TEST_STEP][PASSED] - callTestCase(findTestCase("Login/Test Case 1.1 (Manual)"), ["username":username, "password":password], STOP_ON_FAILURE): Call Test Case 'Test Cases/Login/Test Case 1.1 (Manual)' successfully

2023-08-25 10:41:24 - [TEST_CASE][PASSED] - Test Cases/Login/Test Case 1.1 (Manual): Test Cases/Login/Test Case 1.1 (Manual)

2023-08-25 10:41:24 - [TEST_STEP][PASSED] - openBrowser(WEB_URL): Browser is opened with url: 'https://katalon-demo-cura.herokuapp.com/'

2023-08-25 10:41:24 - [MESSAGE][INFO] - Starting 'Edge Chromium' driver

2023-08-25 10:41:27 - [MESSAGE][INFO] - Action delay is set to 0 milliseconds

2023-08-25 10:41:32 - [MESSAGE][PASSED] - Browser is opened with url: 'https://katalon-demo-cura.herokuapp.com/'

2023-08-25 10:41:32 - [TEST_STEP][PASSED] - maximizeWindow(): Current window maximized

2023-08-25 10:41:32 - [MESSAGE][PASSED] - Current window maximized

2023-08-25 10:41:32 - [TEST_STEP][PASSED] - verifyElementPresent(findTestObject("login/title_home_page"), 10): Object 'Object Repository/login/title_home_page' is present

2023-08-25 10:41:32 - [MESSAGE][PASSED] - Object 'Object Repository/login/title_home_page' is present

2023-08-25 10:41:32 - [TEST_STEP][PASSED] - click(findTestObject("login/menu burger")): Object: 'Object Repository/login/menu burger' is clicked on

2023-08-25 10:41:33 - [MESSAGE][PASSED] - Object: 'Object Repository/login/menu burger' is clicked on

2023-08-25 10:41:33 - [TEST_STEP][PASSED] - click(findTestObject("login/menu Login")): Object: 'Object Repository/login/menu Login' is clicked on

2023-08-25 10:41:35 - [MESSAGE][PASSED] - Object: 'Object Repository/login/menu Login' is clicked on

2023-08-25 10:41:35 - [TEST_STEP][PASSED] - verifyElementPresent(findTestObject("login/title_Login"), 10): Object 'Object Repository/login/title_Login' is present

2023-08-25 10:41:35 - [MESSAGE][PASSED] - Object 'Object Repository/login/title_Login' is present

2023-08-25 10:41:35 - [TEST_STEP][PASSED] - setText(findTestObject("login/input_Username"), username): Text 'John Doe' is set on object 'Object Repository/login/input_Username'

2023-08-25 10:41:37 - [MESSAGE][PASSED] - Text 'John Doe' is set on object 'Object Repository/login/input_Username'

2023-08-25 10:41:37 - [TEST_STEP][PASSED] - setEncryptedText(findTestObject("login/input_Password"), password): Text ****** has been set on object 'Object Repository/login/input_Password'

2023-08-25 10:41:38 - [MESSAGE][PASSED] - Text ****** has been set on object 'Object Repository/login/input_Password'

2023-08-25 10:41:38 - [TEST_STEP][PASSED] - click(findTestObject("login/button_Login")): Object: 'Object Repository/login/button_Login' is clicked on

2023-08-25 10:41:40 - [MESSAGE][PASSED] - Object: 'Object Repository/login/button_Login' is clicked on

2023-08-25 10:41:40 - [TEST_STEP][PASSED] - verifyElementPresent(findTestObject("login/Title_Make Appointment"), 10): Object 'Object Repository/login/Title_Make Appointment' is present

2023-08-25 10:41:40 - [MESSAGE][PASSED] - Object 'Object Repository/login/Title_Make Appointment' is present

2023-08-25 10:41:40 - [MESSAGE][PASSED] - Call Test Case 'Test Cases/Login/Test Case 1.1 (Manual)' successfully

2023-08-25 10:41:40 - [TEST_STEP][PASSED] - selectOptionByValue(findTestObject("make_appointment/dropdown facility"), facility, false): All options with value 'Tokyo CURA Healthcare Center' are selected in object 'Object Repository/make_appointment/dropdown facility' 

2023-08-25 10:41:41 - [MESSAGE][PASSED] - All options with value 'Tokyo CURA Healthcare Center' are selected in object 'Object Repository/make_appointment/dropdown facility' 

2023-08-25 10:41:41 - [TEST_STEP][PASSED] - if (toString().equalsIgnoreCase("yes")): null

2023-08-25 10:41:41 - [TEST_STEP][PASSED] - if (toString().equalsIgnoreCase("medicare")): null

2023-08-25 10:41:41 - [TEST_STEP][PASSED] - else if (toString().equalsIgnoreCase("medicaid")): null

2023-08-25 10:41:41 - [TEST_STEP][PASSED] - else: Object 'Object Repository/make_appointment/input_None_programs' is checked

2023-08-25 10:41:41 - [TEST_STEP][PASSED] - check(findTestObject("make_appointment/input_None_programs")): Object 'Object Repository/make_appointment/input_None_programs' is checked

2023-08-25 10:41:42 - [MESSAGE][PASSED] - Object 'Object Repository/make_appointment/input_None_programs' is checked

2023-08-25 10:41:42 - [TEST_STEP][PASSED] - setText(findTestObject("make_appointment/tanggal booking"), visit_date): Text '23/08/2023' is set on object 'Object Repository/make_appointment/tanggal booking'

2023-08-25 10:41:44 - [MESSAGE][PASSED] - Text '23/08/2023' is set on object 'Object Repository/make_appointment/tanggal booking'

2023-08-25 10:41:44 - [TEST_STEP][PASSED] - setText(findTestObject("make_appointment/comment"), comment): Text 'Hello World' is set on object 'Object Repository/make_appointment/comment'

2023-08-25 10:41:45 - [MESSAGE][PASSED] - Text 'Hello World' is set on object 'Object Repository/make_appointment/comment'

2023-08-25 10:41:45 - [TEST_STEP][PASSED] - click(findTestObject("make_appointment/button_Book Appointment")): Object: 'Object Repository/make_appointment/button_Book Appointment' is clicked on

2023-08-25 10:41:47 - [MESSAGE][PASSED] - Object: 'Object Repository/make_appointment/button_Book Appointment' is clicked on

2023-08-25 10:41:47 - [TEST_STEP][PASSED] - verifyElementPresent(findTestObject("make_appointment/title_Appointment Confirmation"), 0): Object 'Object Repository/make_appointment/title_Appointment Confirmation' is present

2023-08-25 10:41:47 - [MESSAGE][WARNING] - Timeout '0' is invalid. Using default page load timeout: '5'

2023-08-25 10:41:47 - [MESSAGE][PASSED] - Object 'Object Repository/make_appointment/title_Appointment Confirmation' is present

2023-08-25 10:41:47 - [TEST_STEP][PASSED] - hasilFacility = getText(findTestObject("Object Repository/make_appointment/hasil dropdown facility")): Text of object 'Object Repository/make_appointment/hasil dropdown facility' is: 'Tokyo CURA Healthcare Center'

2023-08-25 10:41:48 - [MESSAGE][PASSED] - Text of object 'Object Repository/make_appointment/hasil dropdown facility' is: 'Tokyo CURA Healthcare Center'

2023-08-25 10:41:48 - [TEST_STEP][PASSED] - hasilReadmission = getText(findTestObject("make_appointment/hasil hospital readmission")): Text of object 'Object Repository/make_appointment/hasil hospital readmission' is: 'No'

2023-08-25 10:41:49 - [MESSAGE][PASSED] - Text of object 'Object Repository/make_appointment/hasil hospital readmission' is: 'No'

2023-08-25 10:41:49 - [TEST_STEP][PASSED] - hasilProgram = getText(findTestObject("make_appointment/hasil healthcare program")): Text of object 'Object Repository/make_appointment/hasil healthcare program' is: 'None'

2023-08-25 10:41:49 - [MESSAGE][PASSED] - Text of object 'Object Repository/make_appointment/hasil healthcare program' is: 'None'

2023-08-25 10:41:49 - [TEST_STEP][PASSED] - hasilVisit = getText(findTestObject("make_appointment/hasil tanggal dipilih")): Text of object 'Object Repository/make_appointment/hasil tanggal dipilih' is: '23/08/2023'

2023-08-25 10:41:50 - [MESSAGE][PASSED] - Text of object 'Object Repository/make_appointment/hasil tanggal dipilih' is: '23/08/2023'

2023-08-25 10:41:50 - [TEST_STEP][PASSED] - hasilComment = getText(findTestObject("make_appointment/hasil comment")): Text of object 'Object Repository/make_appointment/hasil comment' is: 'Hello World'

2023-08-25 10:41:51 - [MESSAGE][PASSED] - Text of object 'Object Repository/make_appointment/hasil comment' is: 'Hello World'

2023-08-25 10:41:51 - [TEST_STEP][PASSED] - assert trim().equalsIgnoreCase(facility.trim()): null

2023-08-25 10:41:51 - [TEST_STEP][PASSED] - assert trim().equalsIgnoreCase(hospital_readmission.trim()): null

2023-08-25 10:41:51 - [TEST_STEP][PASSED] - assert trim().equalsIgnoreCase(healthcare_program.trim()): null

2023-08-25 10:41:51 - [TEST_STEP][PASSED] - assert trim().equalsIgnoreCase(visit_date.trim()): null

2023-08-25 10:41:51 - [TEST_STEP][PASSED] - assert trim().equalsIgnoreCase(comment.trim()): null

2023-08-25 10:41:51 - [TEST_STEP][PASSED] - closeBrowser(): Browser is closed

2023-08-25 10:41:51 - [MESSAGE][PASSED] - Browser is closed]]></system-out>
         <system-err><![CDATA[]]></system-err>
      </testcase>
      <testcase name="Test Cases/appointment/Test Case 2.1 (versi dinamis)" time="26.856" classname="Test Cases/appointment/Test Case 2.1 (versi dinamis)" status="PASSED">
         <system-out><![CDATA[2023-08-25 10:41:52 - [TEST_CASE][PASSED] - Test Cases/appointment/Test Case 2.1 (versi dinamis): Test Cases/appointment/Test Case 2.1 (versi dinamis)

2023-08-25 10:41:52 - [TEST_STEP][PASSED] - callTestCase(findTestCase("Login/Test Case 1.1 (Manual)"), ["username":username, "password":password], STOP_ON_FAILURE): Call Test Case 'Test Cases/Login/Test Case 1.1 (Manual)' successfully

2023-08-25 10:41:52 - [TEST_CASE][PASSED] - Test Cases/Login/Test Case 1.1 (Manual): Test Cases/Login/Test Case 1.1 (Manual)

2023-08-25 10:41:52 - [TEST_STEP][PASSED] - openBrowser(WEB_URL): Browser is opened with url: 'https://katalon-demo-cura.herokuapp.com/'

2023-08-25 10:41:52 - [MESSAGE][INFO] - Starting 'Edge Chromium' driver

2023-08-25 10:41:54 - [MESSAGE][INFO] - Action delay is set to 0 milliseconds

2023-08-25 10:42:00 - [MESSAGE][PASSED] - Browser is opened with url: 'https://katalon-demo-cura.herokuapp.com/'

2023-08-25 10:42:00 - [TEST_STEP][PASSED] - maximizeWindow(): Current window maximized

2023-08-25 10:42:00 - [MESSAGE][PASSED] - Current window maximized

2023-08-25 10:42:00 - [TEST_STEP][PASSED] - verifyElementPresent(findTestObject("login/title_home_page"), 10): Object 'Object Repository/login/title_home_page' is present

2023-08-25 10:42:00 - [MESSAGE][PASSED] - Object 'Object Repository/login/title_home_page' is present

2023-08-25 10:42:00 - [TEST_STEP][PASSED] - click(findTestObject("login/menu burger")): Object: 'Object Repository/login/menu burger' is clicked on

2023-08-25 10:42:01 - [MESSAGE][PASSED] - Object: 'Object Repository/login/menu burger' is clicked on

2023-08-25 10:42:01 - [TEST_STEP][PASSED] - click(findTestObject("login/menu Login")): Object: 'Object Repository/login/menu Login' is clicked on

2023-08-25 10:42:03 - [MESSAGE][PASSED] - Object: 'Object Repository/login/menu Login' is clicked on

2023-08-25 10:42:03 - [TEST_STEP][PASSED] - verifyElementPresent(findTestObject("login/title_Login"), 10): Object 'Object Repository/login/title_Login' is present

2023-08-25 10:42:03 - [MESSAGE][PASSED] - Object 'Object Repository/login/title_Login' is present

2023-08-25 10:42:03 - [TEST_STEP][PASSED] - setText(findTestObject("login/input_Username"), username): Text 'John Doe' is set on object 'Object Repository/login/input_Username'

2023-08-25 10:42:05 - [MESSAGE][PASSED] - Text 'John Doe' is set on object 'Object Repository/login/input_Username'

2023-08-25 10:42:05 - [TEST_STEP][PASSED] - setEncryptedText(findTestObject("login/input_Password"), password): Text ****** has been set on object 'Object Repository/login/input_Password'

2023-08-25 10:42:05 - [MESSAGE][PASSED] - Text ****** has been set on object 'Object Repository/login/input_Password'

2023-08-25 10:42:05 - [TEST_STEP][PASSED] - click(findTestObject("login/button_Login")): Object: 'Object Repository/login/button_Login' is clicked on

2023-08-25 10:42:07 - [MESSAGE][PASSED] - Object: 'Object Repository/login/button_Login' is clicked on

2023-08-25 10:42:07 - [TEST_STEP][PASSED] - verifyElementPresent(findTestObject("login/Title_Make Appointment"), 10): Object 'Object Repository/login/Title_Make Appointment' is present

2023-08-25 10:42:08 - [MESSAGE][PASSED] - Object 'Object Repository/login/Title_Make Appointment' is present

2023-08-25 10:42:08 - [MESSAGE][PASSED] - Call Test Case 'Test Cases/Login/Test Case 1.1 (Manual)' successfully

2023-08-25 10:42:08 - [TEST_STEP][PASSED] - selectOptionByValue(findTestObject("make_appointment/dropdown facility"), facility, false): All options with value 'Hongkong CURA Healthcare Center' are selected in object 'Object Repository/make_appointment/dropdown facility' 

2023-08-25 10:42:09 - [MESSAGE][PASSED] - All options with value 'Hongkong CURA Healthcare Center' are selected in object 'Object Repository/make_appointment/dropdown facility' 

2023-08-25 10:42:09 - [TEST_STEP][PASSED] - if (toString().equalsIgnoreCase("yes")): Object 'Object Repository/make_appointment/chekbox hospital readmission' is checked

2023-08-25 10:42:09 - [TEST_STEP][PASSED] - check(findTestObject("make_appointment/chekbox hospital readmission")): Object 'Object Repository/make_appointment/chekbox hospital readmission' is checked

2023-08-25 10:42:09 - [MESSAGE][PASSED] - Object 'Object Repository/make_appointment/chekbox hospital readmission' is checked

2023-08-25 10:42:09 - [TEST_STEP][PASSED] - if (toString().equalsIgnoreCase("medicare")): Object 'Object Repository/make_appointment/input_Medicare_programs' is checked

2023-08-25 10:42:09 - [TEST_STEP][PASSED] - check(findTestObject("make_appointment/input_Medicare_programs")): Object 'Object Repository/make_appointment/input_Medicare_programs' is checked

2023-08-25 10:42:10 - [MESSAGE][PASSED] - Object 'Object Repository/make_appointment/input_Medicare_programs' is checked

2023-08-25 10:42:10 - [TEST_STEP][PASSED] - setText(findTestObject("make_appointment/tanggal booking"), visit_date): Text '23/08/2023' is set on object 'Object Repository/make_appointment/tanggal booking'

2023-08-25 10:42:12 - [MESSAGE][PASSED] - Text '23/08/2023' is set on object 'Object Repository/make_appointment/tanggal booking'

2023-08-25 10:42:12 - [TEST_STEP][PASSED] - setText(findTestObject("make_appointment/comment"), comment): Text 'Hello World' is set on object 'Object Repository/make_appointment/comment'

2023-08-25 10:42:13 - [MESSAGE][PASSED] - Text 'Hello World' is set on object 'Object Repository/make_appointment/comment'

2023-08-25 10:42:13 - [TEST_STEP][PASSED] - click(findTestObject("make_appointment/button_Book Appointment")): Object: 'Object Repository/make_appointment/button_Book Appointment' is clicked on

2023-08-25 10:42:15 - [MESSAGE][PASSED] - Object: 'Object Repository/make_appointment/button_Book Appointment' is clicked on

2023-08-25 10:42:15 - [TEST_STEP][PASSED] - verifyElementPresent(findTestObject("make_appointment/title_Appointment Confirmation"), 0): Object 'Object Repository/make_appointment/title_Appointment Confirmation' is present

2023-08-25 10:42:15 - [MESSAGE][WARNING] - Timeout '0' is invalid. Using default page load timeout: '5'

2023-08-25 10:42:15 - [MESSAGE][PASSED] - Object 'Object Repository/make_appointment/title_Appointment Confirmation' is present

2023-08-25 10:42:15 - [TEST_STEP][PASSED] - hasilFacility = getText(findTestObject("Object Repository/make_appointment/hasil dropdown facility")): Text of object 'Object Repository/make_appointment/hasil dropdown facility' is: 'Hongkong CURA Healthcare Center'

2023-08-25 10:42:15 - [MESSAGE][PASSED] - Text of object 'Object Repository/make_appointment/hasil dropdown facility' is: 'Hongkong CURA Healthcare Center'

2023-08-25 10:42:15 - [TEST_STEP][PASSED] - hasilReadmission = getText(findTestObject("make_appointment/hasil hospital readmission")): Text of object 'Object Repository/make_appointment/hasil hospital readmission' is: 'Yes'

2023-08-25 10:42:16 - [MESSAGE][PASSED] - Text of object 'Object Repository/make_appointment/hasil hospital readmission' is: 'Yes'

2023-08-25 10:42:16 - [TEST_STEP][PASSED] - hasilProgram = getText(findTestObject("make_appointment/hasil healthcare program")): Text of object 'Object Repository/make_appointment/hasil healthcare program' is: 'Medicare'

2023-08-25 10:42:16 - [MESSAGE][PASSED] - Text of object 'Object Repository/make_appointment/hasil healthcare program' is: 'Medicare'

2023-08-25 10:42:16 - [TEST_STEP][PASSED] - hasilVisit = getText(findTestObject("make_appointment/hasil tanggal dipilih")): Text of object 'Object Repository/make_appointment/hasil tanggal dipilih' is: '23/08/2023'

2023-08-25 10:42:17 - [MESSAGE][PASSED] - Text of object 'Object Repository/make_appointment/hasil tanggal dipilih' is: '23/08/2023'

2023-08-25 10:42:17 - [TEST_STEP][PASSED] - hasilComment = getText(findTestObject("make_appointment/hasil comment")): Text of object 'Object Repository/make_appointment/hasil comment' is: 'Hello World'

2023-08-25 10:42:17 - [MESSAGE][PASSED] - Text of object 'Object Repository/make_appointment/hasil comment' is: 'Hello World'

2023-08-25 10:42:17 - [TEST_STEP][PASSED] - assert trim().equalsIgnoreCase(facility.trim()): null

2023-08-25 10:42:18 - [TEST_STEP][PASSED] - assert trim().equalsIgnoreCase(hospital_readmission.trim()): null

2023-08-25 10:42:18 - [TEST_STEP][PASSED] - assert trim().equalsIgnoreCase(healthcare_program.trim()): null

2023-08-25 10:42:18 - [TEST_STEP][PASSED] - assert trim().equalsIgnoreCase(visit_date.trim()): null

2023-08-25 10:42:18 - [TEST_STEP][PASSED] - assert trim().equalsIgnoreCase(comment.trim()): null

2023-08-25 10:42:18 - [TEST_STEP][PASSED] - closeBrowser(): Browser is closed

2023-08-25 10:42:18 - [MESSAGE][PASSED] - Browser is closed]]></system-out>
         <system-err><![CDATA[]]></system-err>
      </testcase>
      <testcase name="Test Cases/appointment/Test Case 2.1 (versi dinamis)" time="27.295" classname="Test Cases/appointment/Test Case 2.1 (versi dinamis)" status="PASSED">
         <system-out><![CDATA[2023-08-25 10:42:19 - [TEST_CASE][PASSED] - Test Cases/appointment/Test Case 2.1 (versi dinamis): Test Cases/appointment/Test Case 2.1 (versi dinamis)

2023-08-25 10:42:19 - [TEST_STEP][PASSED] - callTestCase(findTestCase("Login/Test Case 1.1 (Manual)"), ["username":username, "password":password], STOP_ON_FAILURE): Call Test Case 'Test Cases/Login/Test Case 1.1 (Manual)' successfully

2023-08-25 10:42:19 - [TEST_CASE][PASSED] - Test Cases/Login/Test Case 1.1 (Manual): Test Cases/Login/Test Case 1.1 (Manual)

2023-08-25 10:42:19 - [TEST_STEP][PASSED] - openBrowser(WEB_URL): Browser is opened with url: 'https://katalon-demo-cura.herokuapp.com/'

2023-08-25 10:42:19 - [MESSAGE][INFO] - Starting 'Edge Chromium' driver

2023-08-25 10:42:21 - [MESSAGE][INFO] - Action delay is set to 0 milliseconds

2023-08-25 10:42:26 - [MESSAGE][PASSED] - Browser is opened with url: 'https://katalon-demo-cura.herokuapp.com/'

2023-08-25 10:42:26 - [TEST_STEP][PASSED] - maximizeWindow(): Current window maximized

2023-08-25 10:42:27 - [MESSAGE][PASSED] - Current window maximized

2023-08-25 10:42:27 - [TEST_STEP][PASSED] - verifyElementPresent(findTestObject("login/title_home_page"), 10): Object 'Object Repository/login/title_home_page' is present

2023-08-25 10:42:27 - [MESSAGE][PASSED] - Object 'Object Repository/login/title_home_page' is present

2023-08-25 10:42:27 - [TEST_STEP][PASSED] - click(findTestObject("login/menu burger")): Object: 'Object Repository/login/menu burger' is clicked on

2023-08-25 10:42:28 - [MESSAGE][PASSED] - Object: 'Object Repository/login/menu burger' is clicked on

2023-08-25 10:42:28 - [TEST_STEP][PASSED] - click(findTestObject("login/menu Login")): Object: 'Object Repository/login/menu Login' is clicked on

2023-08-25 10:42:30 - [MESSAGE][PASSED] - Object: 'Object Repository/login/menu Login' is clicked on

2023-08-25 10:42:30 - [TEST_STEP][PASSED] - verifyElementPresent(findTestObject("login/title_Login"), 10): Object 'Object Repository/login/title_Login' is present

2023-08-25 10:42:30 - [MESSAGE][PASSED] - Object 'Object Repository/login/title_Login' is present

2023-08-25 10:42:30 - [TEST_STEP][PASSED] - setText(findTestObject("login/input_Username"), username): Text 'John Doe' is set on object 'Object Repository/login/input_Username'

2023-08-25 10:42:31 - [MESSAGE][PASSED] - Text 'John Doe' is set on object 'Object Repository/login/input_Username'

2023-08-25 10:42:31 - [TEST_STEP][PASSED] - setEncryptedText(findTestObject("login/input_Password"), password): Text ****** has been set on object 'Object Repository/login/input_Password'

2023-08-25 10:42:32 - [MESSAGE][PASSED] - Text ****** has been set on object 'Object Repository/login/input_Password'

2023-08-25 10:42:32 - [TEST_STEP][PASSED] - click(findTestObject("login/button_Login")): Object: 'Object Repository/login/button_Login' is clicked on

2023-08-25 10:42:34 - [MESSAGE][PASSED] - Object: 'Object Repository/login/button_Login' is clicked on

2023-08-25 10:42:34 - [TEST_STEP][PASSED] - verifyElementPresent(findTestObject("login/Title_Make Appointment"), 10): Object 'Object Repository/login/Title_Make Appointment' is present

2023-08-25 10:42:35 - [MESSAGE][PASSED] - Object 'Object Repository/login/Title_Make Appointment' is present

2023-08-25 10:42:35 - [MESSAGE][PASSED] - Call Test Case 'Test Cases/Login/Test Case 1.1 (Manual)' successfully

2023-08-25 10:42:35 - [TEST_STEP][PASSED] - selectOptionByValue(findTestObject("make_appointment/dropdown facility"), facility, false): All options with value 'Hongkong CURA Healthcare Center' are selected in object 'Object Repository/make_appointment/dropdown facility' 

2023-08-25 10:42:36 - [MESSAGE][PASSED] - All options with value 'Hongkong CURA Healthcare Center' are selected in object 'Object Repository/make_appointment/dropdown facility' 

2023-08-25 10:42:36 - [TEST_STEP][PASSED] - if (toString().equalsIgnoreCase("yes")): Object 'Object Repository/make_appointment/chekbox hospital readmission' is checked

2023-08-25 10:42:36 - [TEST_STEP][PASSED] - check(findTestObject("make_appointment/chekbox hospital readmission")): Object 'Object Repository/make_appointment/chekbox hospital readmission' is checked

2023-08-25 10:42:37 - [MESSAGE][PASSED] - Object 'Object Repository/make_appointment/chekbox hospital readmission' is checked

2023-08-25 10:42:37 - [TEST_STEP][PASSED] - if (toString().equalsIgnoreCase("medicare")): null

2023-08-25 10:42:37 - [TEST_STEP][PASSED] - else if (toString().equalsIgnoreCase("medicaid")): Object 'Object Repository/make_appointment/input_Medicaid_programs' is checked

2023-08-25 10:42:37 - [TEST_STEP][PASSED] - check(findTestObject("make_appointment/input_Medicaid_programs")): Object 'Object Repository/make_appointment/input_Medicaid_programs' is checked

2023-08-25 10:42:37 - [MESSAGE][PASSED] - Object 'Object Repository/make_appointment/input_Medicaid_programs' is checked

2023-08-25 10:42:37 - [TEST_STEP][PASSED] - setText(findTestObject("make_appointment/tanggal booking"), visit_date): Text '23/08/2023' is set on object 'Object Repository/make_appointment/tanggal booking'

2023-08-25 10:42:39 - [MESSAGE][PASSED] - Text '23/08/2023' is set on object 'Object Repository/make_appointment/tanggal booking'

2023-08-25 10:42:39 - [TEST_STEP][PASSED] - setText(findTestObject("make_appointment/comment"), comment): Text 'Hello World' is set on object 'Object Repository/make_appointment/comment'

2023-08-25 10:42:40 - [MESSAGE][PASSED] - Text 'Hello World' is set on object 'Object Repository/make_appointment/comment'

2023-08-25 10:42:40 - [TEST_STEP][PASSED] - click(findTestObject("make_appointment/button_Book Appointment")): Object: 'Object Repository/make_appointment/button_Book Appointment' is clicked on

2023-08-25 10:42:42 - [MESSAGE][PASSED] - Object: 'Object Repository/make_appointment/button_Book Appointment' is clicked on

2023-08-25 10:42:42 - [TEST_STEP][PASSED] - verifyElementPresent(findTestObject("make_appointment/title_Appointment Confirmation"), 0): Object 'Object Repository/make_appointment/title_Appointment Confirmation' is present

2023-08-25 10:42:42 - [MESSAGE][WARNING] - Timeout '0' is invalid. Using default page load timeout: '5'

2023-08-25 10:42:42 - [MESSAGE][PASSED] - Object 'Object Repository/make_appointment/title_Appointment Confirmation' is present

2023-08-25 10:42:42 - [TEST_STEP][PASSED] - hasilFacility = getText(findTestObject("Object Repository/make_appointment/hasil dropdown facility")): Text of object 'Object Repository/make_appointment/hasil dropdown facility' is: 'Hongkong CURA Healthcare Center'

2023-08-25 10:42:43 - [MESSAGE][PASSED] - Text of object 'Object Repository/make_appointment/hasil dropdown facility' is: 'Hongkong CURA Healthcare Center'

2023-08-25 10:42:43 - [TEST_STEP][PASSED] - hasilReadmission = getText(findTestObject("make_appointment/hasil hospital readmission")): Text of object 'Object Repository/make_appointment/hasil hospital readmission' is: 'Yes'

2023-08-25 10:42:43 - [MESSAGE][PASSED] - Text of object 'Object Repository/make_appointment/hasil hospital readmission' is: 'Yes'

2023-08-25 10:42:43 - [TEST_STEP][PASSED] - hasilProgram = getText(findTestObject("make_appointment/hasil healthcare program")): Text of object 'Object Repository/make_appointment/hasil healthcare program' is: 'Medicaid'

2023-08-25 10:42:44 - [MESSAGE][PASSED] - Text of object 'Object Repository/make_appointment/hasil healthcare program' is: 'Medicaid'

2023-08-25 10:42:44 - [TEST_STEP][PASSED] - hasilVisit = getText(findTestObject("make_appointment/hasil tanggal dipilih")): Text of object 'Object Repository/make_appointment/hasil tanggal dipilih' is: '23/08/2023'

2023-08-25 10:42:44 - [MESSAGE][PASSED] - Text of object 'Object Repository/make_appointment/hasil tanggal dipilih' is: '23/08/2023'

2023-08-25 10:42:44 - [TEST_STEP][PASSED] - hasilComment = getText(findTestObject("make_appointment/hasil comment")): Text of object 'Object Repository/make_appointment/hasil comment' is: 'Hello World'

2023-08-25 10:42:45 - [MESSAGE][PASSED] - Text of object 'Object Repository/make_appointment/hasil comment' is: 'Hello World'

2023-08-25 10:42:45 - [TEST_STEP][PASSED] - assert trim().equalsIgnoreCase(facility.trim()): null

2023-08-25 10:42:45 - [TEST_STEP][PASSED] - assert trim().equalsIgnoreCase(hospital_readmission.trim()): null

2023-08-25 10:42:45 - [TEST_STEP][PASSED] - assert trim().equalsIgnoreCase(healthcare_program.trim()): null

2023-08-25 10:42:45 - [TEST_STEP][PASSED] - assert trim().equalsIgnoreCase(visit_date.trim()): null

2023-08-25 10:42:45 - [TEST_STEP][PASSED] - assert trim().equalsIgnoreCase(comment.trim()): null

2023-08-25 10:42:45 - [TEST_STEP][PASSED] - closeBrowser(): Browser is closed

2023-08-25 10:42:46 - [MESSAGE][PASSED] - Browser is closed]]></system-out>
         <system-err><![CDATA[]]></system-err>
      </testcase>
      <testcase name="Test Cases/appointment/Test Case 2.1 (versi dinamis)" time="27.756" classname="Test Cases/appointment/Test Case 2.1 (versi dinamis)" status="PASSED">
         <system-out><![CDATA[2023-08-25 10:42:46 - [TEST_CASE][PASSED] - Test Cases/appointment/Test Case 2.1 (versi dinamis): Test Cases/appointment/Test Case 2.1 (versi dinamis)

2023-08-25 10:42:46 - [TEST_STEP][PASSED] - callTestCase(findTestCase("Login/Test Case 1.1 (Manual)"), ["username":username, "password":password], STOP_ON_FAILURE): Call Test Case 'Test Cases/Login/Test Case 1.1 (Manual)' successfully

2023-08-25 10:42:46 - [TEST_CASE][PASSED] - Test Cases/Login/Test Case 1.1 (Manual): Test Cases/Login/Test Case 1.1 (Manual)

2023-08-25 10:42:46 - [TEST_STEP][PASSED] - openBrowser(WEB_URL): Browser is opened with url: 'https://katalon-demo-cura.herokuapp.com/'

2023-08-25 10:42:46 - [MESSAGE][INFO] - Starting 'Edge Chromium' driver

2023-08-25 10:42:49 - [MESSAGE][INFO] - Action delay is set to 0 milliseconds

2023-08-25 10:42:54 - [MESSAGE][PASSED] - Browser is opened with url: 'https://katalon-demo-cura.herokuapp.com/'

2023-08-25 10:42:54 - [TEST_STEP][PASSED] - maximizeWindow(): Current window maximized

2023-08-25 10:42:54 - [MESSAGE][PASSED] - Current window maximized

2023-08-25 10:42:54 - [TEST_STEP][PASSED] - verifyElementPresent(findTestObject("login/title_home_page"), 10): Object 'Object Repository/login/title_home_page' is present

2023-08-25 10:42:55 - [MESSAGE][PASSED] - Object 'Object Repository/login/title_home_page' is present

2023-08-25 10:42:55 - [TEST_STEP][PASSED] - click(findTestObject("login/menu burger")): Object: 'Object Repository/login/menu burger' is clicked on

2023-08-25 10:42:56 - [MESSAGE][PASSED] - Object: 'Object Repository/login/menu burger' is clicked on

2023-08-25 10:42:56 - [TEST_STEP][PASSED] - click(findTestObject("login/menu Login")): Object: 'Object Repository/login/menu Login' is clicked on

2023-08-25 10:42:57 - [MESSAGE][PASSED] - Object: 'Object Repository/login/menu Login' is clicked on

2023-08-25 10:42:57 - [TEST_STEP][PASSED] - verifyElementPresent(findTestObject("login/title_Login"), 10): Object 'Object Repository/login/title_Login' is present

2023-08-25 10:42:57 - [MESSAGE][PASSED] - Object 'Object Repository/login/title_Login' is present

2023-08-25 10:42:57 - [TEST_STEP][PASSED] - setText(findTestObject("login/input_Username"), username): Text 'John Doe' is set on object 'Object Repository/login/input_Username'

2023-08-25 10:42:59 - [MESSAGE][PASSED] - Text 'John Doe' is set on object 'Object Repository/login/input_Username'

2023-08-25 10:42:59 - [TEST_STEP][PASSED] - setEncryptedText(findTestObject("login/input_Password"), password): Text ****** has been set on object 'Object Repository/login/input_Password'

2023-08-25 10:42:59 - [MESSAGE][PASSED] - Text ****** has been set on object 'Object Repository/login/input_Password'

2023-08-25 10:42:59 - [TEST_STEP][PASSED] - click(findTestObject("login/button_Login")): Object: 'Object Repository/login/button_Login' is clicked on

2023-08-25 10:43:02 - [MESSAGE][PASSED] - Object: 'Object Repository/login/button_Login' is clicked on

2023-08-25 10:43:02 - [TEST_STEP][PASSED] - verifyElementPresent(findTestObject("login/Title_Make Appointment"), 10): Object 'Object Repository/login/Title_Make Appointment' is present

2023-08-25 10:43:02 - [MESSAGE][PASSED] - Object 'Object Repository/login/Title_Make Appointment' is present

2023-08-25 10:43:02 - [MESSAGE][PASSED] - Call Test Case 'Test Cases/Login/Test Case 1.1 (Manual)' successfully

2023-08-25 10:43:02 - [TEST_STEP][PASSED] - selectOptionByValue(findTestObject("make_appointment/dropdown facility"), facility, false): All options with value 'Hongkong CURA Healthcare Center' are selected in object 'Object Repository/make_appointment/dropdown facility' 

2023-08-25 10:43:03 - [MESSAGE][PASSED] - All options with value 'Hongkong CURA Healthcare Center' are selected in object 'Object Repository/make_appointment/dropdown facility' 

2023-08-25 10:43:03 - [TEST_STEP][PASSED] - if (toString().equalsIgnoreCase("yes")): Object 'Object Repository/make_appointment/chekbox hospital readmission' is checked

2023-08-25 10:43:03 - [TEST_STEP][PASSED] - check(findTestObject("make_appointment/chekbox hospital readmission")): Object 'Object Repository/make_appointment/chekbox hospital readmission' is checked

2023-08-25 10:43:04 - [MESSAGE][PASSED] - Object 'Object Repository/make_appointment/chekbox hospital readmission' is checked

2023-08-25 10:43:04 - [TEST_STEP][PASSED] - if (toString().equalsIgnoreCase("medicare")): null

2023-08-25 10:43:04 - [TEST_STEP][PASSED] - else if (toString().equalsIgnoreCase("medicaid")): null

2023-08-25 10:43:04 - [TEST_STEP][PASSED] - else: Object 'Object Repository/make_appointment/input_None_programs' is checked

2023-08-25 10:43:04 - [TEST_STEP][PASSED] - check(findTestObject("make_appointment/input_None_programs")): Object 'Object Repository/make_appointment/input_None_programs' is checked

2023-08-25 10:43:05 - [MESSAGE][PASSED] - Object 'Object Repository/make_appointment/input_None_programs' is checked

2023-08-25 10:43:05 - [TEST_STEP][PASSED] - setText(findTestObject("make_appointment/tanggal booking"), visit_date): Text '23/08/2023' is set on object 'Object Repository/make_appointment/tanggal booking'

2023-08-25 10:43:06 - [MESSAGE][PASSED] - Text '23/08/2023' is set on object 'Object Repository/make_appointment/tanggal booking'

2023-08-25 10:43:06 - [TEST_STEP][PASSED] - setText(findTestObject("make_appointment/comment"), comment): Text 'Hello World' is set on object 'Object Repository/make_appointment/comment'

2023-08-25 10:43:07 - [MESSAGE][PASSED] - Text 'Hello World' is set on object 'Object Repository/make_appointment/comment'

2023-08-25 10:43:07 - [TEST_STEP][PASSED] - click(findTestObject("make_appointment/button_Book Appointment")): Object: 'Object Repository/make_appointment/button_Book Appointment' is clicked on

2023-08-25 10:43:10 - [MESSAGE][PASSED] - Object: 'Object Repository/make_appointment/button_Book Appointment' is clicked on

2023-08-25 10:43:10 - [TEST_STEP][PASSED] - verifyElementPresent(findTestObject("make_appointment/title_Appointment Confirmation"), 0): Object 'Object Repository/make_appointment/title_Appointment Confirmation' is present

2023-08-25 10:43:10 - [MESSAGE][WARNING] - Timeout '0' is invalid. Using default page load timeout: '5'

2023-08-25 10:43:10 - [MESSAGE][PASSED] - Object 'Object Repository/make_appointment/title_Appointment Confirmation' is present

2023-08-25 10:43:10 - [TEST_STEP][PASSED] - hasilFacility = getText(findTestObject("Object Repository/make_appointment/hasil dropdown facility")): Text of object 'Object Repository/make_appointment/hasil dropdown facility' is: 'Hongkong CURA Healthcare Center'

2023-08-25 10:43:11 - [MESSAGE][PASSED] - Text of object 'Object Repository/make_appointment/hasil dropdown facility' is: 'Hongkong CURA Healthcare Center'

2023-08-25 10:43:11 - [TEST_STEP][PASSED] - hasilReadmission = getText(findTestObject("make_appointment/hasil hospital readmission")): Text of object 'Object Repository/make_appointment/hasil hospital readmission' is: 'Yes'

2023-08-25 10:43:11 - [MESSAGE][PASSED] - Text of object 'Object Repository/make_appointment/hasil hospital readmission' is: 'Yes'

2023-08-25 10:43:11 - [TEST_STEP][PASSED] - hasilProgram = getText(findTestObject("make_appointment/hasil healthcare program")): Text of object 'Object Repository/make_appointment/hasil healthcare program' is: 'None'

2023-08-25 10:43:12 - [MESSAGE][PASSED] - Text of object 'Object Repository/make_appointment/hasil healthcare program' is: 'None'

2023-08-25 10:43:12 - [TEST_STEP][PASSED] - hasilVisit = getText(findTestObject("make_appointment/hasil tanggal dipilih")): Text of object 'Object Repository/make_appointment/hasil tanggal dipilih' is: '23/08/2023'

2023-08-25 10:43:12 - [MESSAGE][PASSED] - Text of object 'Object Repository/make_appointment/hasil tanggal dipilih' is: '23/08/2023'

2023-08-25 10:43:12 - [TEST_STEP][PASSED] - hasilComment = getText(findTestObject("make_appointment/hasil comment")): Text of object 'Object Repository/make_appointment/hasil comment' is: 'Hello World'

2023-08-25 10:43:13 - [MESSAGE][PASSED] - Text of object 'Object Repository/make_appointment/hasil comment' is: 'Hello World'

2023-08-25 10:43:13 - [TEST_STEP][PASSED] - assert trim().equalsIgnoreCase(facility.trim()): null

2023-08-25 10:43:13 - [TEST_STEP][PASSED] - assert trim().equalsIgnoreCase(hospital_readmission.trim()): null

2023-08-25 10:43:13 - [TEST_STEP][PASSED] - assert trim().equalsIgnoreCase(healthcare_program.trim()): null

2023-08-25 10:43:13 - [TEST_STEP][PASSED] - assert trim().equalsIgnoreCase(visit_date.trim()): null

2023-08-25 10:43:13 - [TEST_STEP][PASSED] - assert trim().equalsIgnoreCase(comment.trim()): null

2023-08-25 10:43:13 - [TEST_STEP][PASSED] - closeBrowser(): Browser is closed

2023-08-25 10:43:14 - [MESSAGE][PASSED] - Browser is closed]]></system-out>
         <system-err><![CDATA[]]></system-err>
      </testcase>
      <testcase name="Test Cases/appointment/Test Case 2.1 (versi dinamis)" time="26.098" classname="Test Cases/appointment/Test Case 2.1 (versi dinamis)" status="PASSED">
         <system-out><![CDATA[2023-08-25 10:43:14 - [TEST_CASE][PASSED] - Test Cases/appointment/Test Case 2.1 (versi dinamis): Test Cases/appointment/Test Case 2.1 (versi dinamis)

2023-08-25 10:43:14 - [TEST_STEP][PASSED] - callTestCase(findTestCase("Login/Test Case 1.1 (Manual)"), ["username":username, "password":password], STOP_ON_FAILURE): Call Test Case 'Test Cases/Login/Test Case 1.1 (Manual)' successfully

2023-08-25 10:43:14 - [TEST_CASE][PASSED] - Test Cases/Login/Test Case 1.1 (Manual): Test Cases/Login/Test Case 1.1 (Manual)

2023-08-25 10:43:14 - [TEST_STEP][PASSED] - openBrowser(WEB_URL): Browser is opened with url: 'https://katalon-demo-cura.herokuapp.com/'

2023-08-25 10:43:14 - [MESSAGE][INFO] - Starting 'Edge Chromium' driver

2023-08-25 10:43:16 - [MESSAGE][INFO] - Action delay is set to 0 milliseconds

2023-08-25 10:43:22 - [MESSAGE][PASSED] - Browser is opened with url: 'https://katalon-demo-cura.herokuapp.com/'

2023-08-25 10:43:22 - [TEST_STEP][PASSED] - maximizeWindow(): Current window maximized

2023-08-25 10:43:22 - [MESSAGE][PASSED] - Current window maximized

2023-08-25 10:43:22 - [TEST_STEP][PASSED] - verifyElementPresent(findTestObject("login/title_home_page"), 10): Object 'Object Repository/login/title_home_page' is present

2023-08-25 10:43:23 - [MESSAGE][PASSED] - Object 'Object Repository/login/title_home_page' is present

2023-08-25 10:43:23 - [TEST_STEP][PASSED] - click(findTestObject("login/menu burger")): Object: 'Object Repository/login/menu burger' is clicked on

2023-08-25 10:43:23 - [MESSAGE][PASSED] - Object: 'Object Repository/login/menu burger' is clicked on

2023-08-25 10:43:23 - [TEST_STEP][PASSED] - click(findTestObject("login/menu Login")): Object: 'Object Repository/login/menu Login' is clicked on

2023-08-25 10:43:25 - [MESSAGE][PASSED] - Object: 'Object Repository/login/menu Login' is clicked on

2023-08-25 10:43:25 - [TEST_STEP][PASSED] - verifyElementPresent(findTestObject("login/title_Login"), 10): Object 'Object Repository/login/title_Login' is present

2023-08-25 10:43:25 - [MESSAGE][PASSED] - Object 'Object Repository/login/title_Login' is present

2023-08-25 10:43:25 - [TEST_STEP][PASSED] - setText(findTestObject("login/input_Username"), username): Text 'John Doe' is set on object 'Object Repository/login/input_Username'

2023-08-25 10:43:26 - [MESSAGE][PASSED] - Text 'John Doe' is set on object 'Object Repository/login/input_Username'

2023-08-25 10:43:26 - [TEST_STEP][PASSED] - setEncryptedText(findTestObject("login/input_Password"), password): Text ****** has been set on object 'Object Repository/login/input_Password'

2023-08-25 10:43:27 - [MESSAGE][PASSED] - Text ****** has been set on object 'Object Repository/login/input_Password'

2023-08-25 10:43:27 - [TEST_STEP][PASSED] - click(findTestObject("login/button_Login")): Object: 'Object Repository/login/button_Login' is clicked on

2023-08-25 10:43:29 - [MESSAGE][PASSED] - Object: 'Object Repository/login/button_Login' is clicked on

2023-08-25 10:43:29 - [TEST_STEP][PASSED] - verifyElementPresent(findTestObject("login/Title_Make Appointment"), 10): Object 'Object Repository/login/Title_Make Appointment' is present

2023-08-25 10:43:30 - [MESSAGE][PASSED] - Object 'Object Repository/login/Title_Make Appointment' is present

2023-08-25 10:43:30 - [MESSAGE][PASSED] - Call Test Case 'Test Cases/Login/Test Case 1.1 (Manual)' successfully

2023-08-25 10:43:30 - [TEST_STEP][PASSED] - selectOptionByValue(findTestObject("make_appointment/dropdown facility"), facility, false): All options with value 'Hongkong CURA Healthcare Center' are selected in object 'Object Repository/make_appointment/dropdown facility' 

2023-08-25 10:43:31 - [MESSAGE][PASSED] - All options with value 'Hongkong CURA Healthcare Center' are selected in object 'Object Repository/make_appointment/dropdown facility' 

2023-08-25 10:43:31 - [TEST_STEP][PASSED] - if (toString().equalsIgnoreCase("yes")): null

2023-08-25 10:43:31 - [TEST_STEP][PASSED] - if (toString().equalsIgnoreCase("medicare")): Object 'Object Repository/make_appointment/input_Medicare_programs' is checked

2023-08-25 10:43:31 - [TEST_STEP][PASSED] - check(findTestObject("make_appointment/input_Medicare_programs")): Object 'Object Repository/make_appointment/input_Medicare_programs' is checked

2023-08-25 10:43:31 - [MESSAGE][PASSED] - Object 'Object Repository/make_appointment/input_Medicare_programs' is checked

2023-08-25 10:43:31 - [TEST_STEP][PASSED] - setText(findTestObject("make_appointment/tanggal booking"), visit_date): Text '23/08/2023' is set on object 'Object Repository/make_appointment/tanggal booking'

2023-08-25 10:43:33 - [MESSAGE][PASSED] - Text '23/08/2023' is set on object 'Object Repository/make_appointment/tanggal booking'

2023-08-25 10:43:33 - [TEST_STEP][PASSED] - setText(findTestObject("make_appointment/comment"), comment): Text 'Hello World' is set on object 'Object Repository/make_appointment/comment'

2023-08-25 10:43:34 - [MESSAGE][PASSED] - Text 'Hello World' is set on object 'Object Repository/make_appointment/comment'

2023-08-25 10:43:34 - [TEST_STEP][PASSED] - click(findTestObject("make_appointment/button_Book Appointment")): Object: 'Object Repository/make_appointment/button_Book Appointment' is clicked on

2023-08-25 10:43:36 - [MESSAGE][PASSED] - Object: 'Object Repository/make_appointment/button_Book Appointment' is clicked on

2023-08-25 10:43:36 - [TEST_STEP][PASSED] - verifyElementPresent(findTestObject("make_appointment/title_Appointment Confirmation"), 0): Object 'Object Repository/make_appointment/title_Appointment Confirmation' is present

2023-08-25 10:43:36 - [MESSAGE][WARNING] - Timeout '0' is invalid. Using default page load timeout: '5'

2023-08-25 10:43:36 - [MESSAGE][PASSED] - Object 'Object Repository/make_appointment/title_Appointment Confirmation' is present

2023-08-25 10:43:36 - [TEST_STEP][PASSED] - hasilFacility = getText(findTestObject("Object Repository/make_appointment/hasil dropdown facility")): Text of object 'Object Repository/make_appointment/hasil dropdown facility' is: 'Hongkong CURA Healthcare Center'

2023-08-25 10:43:37 - [MESSAGE][PASSED] - Text of object 'Object Repository/make_appointment/hasil dropdown facility' is: 'Hongkong CURA Healthcare Center'

2023-08-25 10:43:37 - [TEST_STEP][PASSED] - hasilReadmission = getText(findTestObject("make_appointment/hasil hospital readmission")): Text of object 'Object Repository/make_appointment/hasil hospital readmission' is: 'No'

2023-08-25 10:43:38 - [MESSAGE][PASSED] - Text of object 'Object Repository/make_appointment/hasil hospital readmission' is: 'No'

2023-08-25 10:43:38 - [TEST_STEP][PASSED] - hasilProgram = getText(findTestObject("make_appointment/hasil healthcare program")): Text of object 'Object Repository/make_appointment/hasil healthcare program' is: 'Medicare'

2023-08-25 10:43:38 - [MESSAGE][PASSED] - Text of object 'Object Repository/make_appointment/hasil healthcare program' is: 'Medicare'

2023-08-25 10:43:38 - [TEST_STEP][PASSED] - hasilVisit = getText(findTestObject("make_appointment/hasil tanggal dipilih")): Text of object 'Object Repository/make_appointment/hasil tanggal dipilih' is: '23/08/2023'

2023-08-25 10:43:39 - [MESSAGE][PASSED] - Text of object 'Object Repository/make_appointment/hasil tanggal dipilih' is: '23/08/2023'

2023-08-25 10:43:39 - [TEST_STEP][PASSED] - hasilComment = getText(findTestObject("make_appointment/hasil comment")): Text of object 'Object Repository/make_appointment/hasil comment' is: 'Hello World'

2023-08-25 10:43:39 - [MESSAGE][PASSED] - Text of object 'Object Repository/make_appointment/hasil comment' is: 'Hello World'

2023-08-25 10:43:39 - [TEST_STEP][PASSED] - assert trim().equalsIgnoreCase(facility.trim()): null

2023-08-25 10:43:39 - [TEST_STEP][PASSED] - assert trim().equalsIgnoreCase(hospital_readmission.trim()): null

2023-08-25 10:43:39 - [TEST_STEP][PASSED] - assert trim().equalsIgnoreCase(healthcare_program.trim()): null

2023-08-25 10:43:39 - [TEST_STEP][PASSED] - assert trim().equalsIgnoreCase(visit_date.trim()): null

2023-08-25 10:43:39 - [TEST_STEP][PASSED] - assert trim().equalsIgnoreCase(comment.trim()): null

2023-08-25 10:43:39 - [TEST_STEP][PASSED] - closeBrowser(): Browser is closed

2023-08-25 10:43:40 - [MESSAGE][PASSED] - Browser is closed]]></system-out>
         <system-err><![CDATA[]]></system-err>
      </testcase>
      <testcase name="Test Cases/appointment/Test Case 2.1 (versi dinamis)" time="25.497" classname="Test Cases/appointment/Test Case 2.1 (versi dinamis)" status="PASSED">
         <system-out><![CDATA[2023-08-25 10:43:40 - [TEST_CASE][PASSED] - Test Cases/appointment/Test Case 2.1 (versi dinamis): Test Cases/appointment/Test Case 2.1 (versi dinamis)

2023-08-25 10:43:40 - [TEST_STEP][PASSED] - callTestCase(findTestCase("Login/Test Case 1.1 (Manual)"), ["username":username, "password":password], STOP_ON_FAILURE): Call Test Case 'Test Cases/Login/Test Case 1.1 (Manual)' successfully

2023-08-25 10:43:40 - [TEST_CASE][PASSED] - Test Cases/Login/Test Case 1.1 (Manual): Test Cases/Login/Test Case 1.1 (Manual)

2023-08-25 10:43:40 - [TEST_STEP][PASSED] - openBrowser(WEB_URL): Browser is opened with url: 'https://katalon-demo-cura.herokuapp.com/'

2023-08-25 10:43:40 - [MESSAGE][INFO] - Starting 'Edge Chromium' driver

2023-08-25 10:43:43 - [MESSAGE][INFO] - Action delay is set to 0 milliseconds

2023-08-25 10:43:48 - [MESSAGE][PASSED] - Browser is opened with url: 'https://katalon-demo-cura.herokuapp.com/'

2023-08-25 10:43:48 - [TEST_STEP][PASSED] - maximizeWindow(): Current window maximized

2023-08-25 10:43:48 - [MESSAGE][PASSED] - Current window maximized

2023-08-25 10:43:48 - [TEST_STEP][PASSED] - verifyElementPresent(findTestObject("login/title_home_page"), 10): Object 'Object Repository/login/title_home_page' is present

2023-08-25 10:43:49 - [MESSAGE][PASSED] - Object 'Object Repository/login/title_home_page' is present

2023-08-25 10:43:49 - [TEST_STEP][PASSED] - click(findTestObject("login/menu burger")): Object: 'Object Repository/login/menu burger' is clicked on

2023-08-25 10:43:50 - [MESSAGE][PASSED] - Object: 'Object Repository/login/menu burger' is clicked on

2023-08-25 10:43:50 - [TEST_STEP][PASSED] - click(findTestObject("login/menu Login")): Object: 'Object Repository/login/menu Login' is clicked on

2023-08-25 10:43:51 - [MESSAGE][PASSED] - Object: 'Object Repository/login/menu Login' is clicked on

2023-08-25 10:43:51 - [TEST_STEP][PASSED] - verifyElementPresent(findTestObject("login/title_Login"), 10): Object 'Object Repository/login/title_Login' is present

2023-08-25 10:43:52 - [MESSAGE][PASSED] - Object 'Object Repository/login/title_Login' is present

2023-08-25 10:43:52 - [TEST_STEP][PASSED] - setText(findTestObject("login/input_Username"), username): Text 'John Doe' is set on object 'Object Repository/login/input_Username'

2023-08-25 10:43:53 - [MESSAGE][PASSED] - Text 'John Doe' is set on object 'Object Repository/login/input_Username'

2023-08-25 10:43:53 - [TEST_STEP][PASSED] - setEncryptedText(findTestObject("login/input_Password"), password): Text ****** has been set on object 'Object Repository/login/input_Password'

2023-08-25 10:43:54 - [MESSAGE][PASSED] - Text ****** has been set on object 'Object Repository/login/input_Password'

2023-08-25 10:43:54 - [TEST_STEP][PASSED] - click(findTestObject("login/button_Login")): Object: 'Object Repository/login/button_Login' is clicked on

2023-08-25 10:43:55 - [MESSAGE][PASSED] - Object: 'Object Repository/login/button_Login' is clicked on

2023-08-25 10:43:55 - [TEST_STEP][PASSED] - verifyElementPresent(findTestObject("login/Title_Make Appointment"), 10): Object 'Object Repository/login/Title_Make Appointment' is present

2023-08-25 10:43:56 - [MESSAGE][PASSED] - Object 'Object Repository/login/Title_Make Appointment' is present

2023-08-25 10:43:56 - [MESSAGE][PASSED] - Call Test Case 'Test Cases/Login/Test Case 1.1 (Manual)' successfully

2023-08-25 10:43:56 - [TEST_STEP][PASSED] - selectOptionByValue(findTestObject("make_appointment/dropdown facility"), facility, false): All options with value 'Hongkong CURA Healthcare Center' are selected in object 'Object Repository/make_appointment/dropdown facility' 

2023-08-25 10:43:57 - [MESSAGE][PASSED] - All options with value 'Hongkong CURA Healthcare Center' are selected in object 'Object Repository/make_appointment/dropdown facility' 

2023-08-25 10:43:57 - [TEST_STEP][PASSED] - if (toString().equalsIgnoreCase("yes")): null

2023-08-25 10:43:57 - [TEST_STEP][PASSED] - if (toString().equalsIgnoreCase("medicare")): null

2023-08-25 10:43:57 - [TEST_STEP][PASSED] - else if (toString().equalsIgnoreCase("medicaid")): Object 'Object Repository/make_appointment/input_Medicaid_programs' is checked

2023-08-25 10:43:57 - [TEST_STEP][PASSED] - check(findTestObject("make_appointment/input_Medicaid_programs")): Object 'Object Repository/make_appointment/input_Medicaid_programs' is checked

2023-08-25 10:43:58 - [MESSAGE][PASSED] - Object 'Object Repository/make_appointment/input_Medicaid_programs' is checked

2023-08-25 10:43:58 - [TEST_STEP][PASSED] - setText(findTestObject("make_appointment/tanggal booking"), visit_date): Text '23/08/2023' is set on object 'Object Repository/make_appointment/tanggal booking'

2023-08-25 10:43:59 - [MESSAGE][PASSED] - Text '23/08/2023' is set on object 'Object Repository/make_appointment/tanggal booking'

2023-08-25 10:43:59 - [TEST_STEP][PASSED] - setText(findTestObject("make_appointment/comment"), comment): Text 'Hello World' is set on object 'Object Repository/make_appointment/comment'

2023-08-25 10:44:00 - [MESSAGE][PASSED] - Text 'Hello World' is set on object 'Object Repository/make_appointment/comment'

2023-08-25 10:44:00 - [TEST_STEP][PASSED] - click(findTestObject("make_appointment/button_Book Appointment")): Object: 'Object Repository/make_appointment/button_Book Appointment' is clicked on

2023-08-25 10:44:02 - [MESSAGE][PASSED] - Object: 'Object Repository/make_appointment/button_Book Appointment' is clicked on

2023-08-25 10:44:02 - [TEST_STEP][PASSED] - verifyElementPresent(findTestObject("make_appointment/title_Appointment Confirmation"), 0): Object 'Object Repository/make_appointment/title_Appointment Confirmation' is present

2023-08-25 10:44:02 - [MESSAGE][WARNING] - Timeout '0' is invalid. Using default page load timeout: '5'

2023-08-25 10:44:02 - [MESSAGE][PASSED] - Object 'Object Repository/make_appointment/title_Appointment Confirmation' is present

2023-08-25 10:44:02 - [TEST_STEP][PASSED] - hasilFacility = getText(findTestObject("Object Repository/make_appointment/hasil dropdown facility")): Text of object 'Object Repository/make_appointment/hasil dropdown facility' is: 'Hongkong CURA Healthcare Center'

2023-08-25 10:44:03 - [MESSAGE][PASSED] - Text of object 'Object Repository/make_appointment/hasil dropdown facility' is: 'Hongkong CURA Healthcare Center'

2023-08-25 10:44:03 - [TEST_STEP][PASSED] - hasilReadmission = getText(findTestObject("make_appointment/hasil hospital readmission")): Text of object 'Object Repository/make_appointment/hasil hospital readmission' is: 'No'

2023-08-25 10:44:03 - [MESSAGE][PASSED] - Text of object 'Object Repository/make_appointment/hasil hospital readmission' is: 'No'

2023-08-25 10:44:03 - [TEST_STEP][PASSED] - hasilProgram = getText(findTestObject("make_appointment/hasil healthcare program")): Text of object 'Object Repository/make_appointment/hasil healthcare program' is: 'Medicaid'

2023-08-25 10:44:04 - [MESSAGE][PASSED] - Text of object 'Object Repository/make_appointment/hasil healthcare program' is: 'Medicaid'

2023-08-25 10:44:04 - [TEST_STEP][PASSED] - hasilVisit = getText(findTestObject("make_appointment/hasil tanggal dipilih")): Text of object 'Object Repository/make_appointment/hasil tanggal dipilih' is: '23/08/2023'

2023-08-25 10:44:04 - [MESSAGE][PASSED] - Text of object 'Object Repository/make_appointment/hasil tanggal dipilih' is: '23/08/2023'

2023-08-25 10:44:04 - [TEST_STEP][PASSED] - hasilComment = getText(findTestObject("make_appointment/hasil comment")): Text of object 'Object Repository/make_appointment/hasil comment' is: 'Hello World'

2023-08-25 10:44:05 - [MESSAGE][PASSED] - Text of object 'Object Repository/make_appointment/hasil comment' is: 'Hello World'

2023-08-25 10:44:05 - [TEST_STEP][PASSED] - assert trim().equalsIgnoreCase(facility.trim()): null

2023-08-25 10:44:05 - [TEST_STEP][PASSED] - assert trim().equalsIgnoreCase(hospital_readmission.trim()): null

2023-08-25 10:44:05 - [TEST_STEP][PASSED] - assert trim().equalsIgnoreCase(healthcare_program.trim()): null

2023-08-25 10:44:05 - [TEST_STEP][PASSED] - assert trim().equalsIgnoreCase(visit_date.trim()): null

2023-08-25 10:44:05 - [TEST_STEP][PASSED] - assert trim().equalsIgnoreCase(comment.trim()): null

2023-08-25 10:44:05 - [TEST_STEP][PASSED] - closeBrowser(): Browser is closed

2023-08-25 10:44:06 - [MESSAGE][PASSED] - Browser is closed]]></system-out>
         <system-err><![CDATA[]]></system-err>
      </testcase>
      <testcase name="Test Cases/appointment/Test Case 2.1 (versi dinamis)" time="28.401" classname="Test Cases/appointment/Test Case 2.1 (versi dinamis)" status="PASSED">
         <system-out><![CDATA[2023-08-25 10:44:06 - [TEST_CASE][PASSED] - Test Cases/appointment/Test Case 2.1 (versi dinamis): Test Cases/appointment/Test Case 2.1 (versi dinamis)

2023-08-25 10:44:06 - [TEST_STEP][PASSED] - callTestCase(findTestCase("Login/Test Case 1.1 (Manual)"), ["username":username, "password":password], STOP_ON_FAILURE): Call Test Case 'Test Cases/Login/Test Case 1.1 (Manual)' successfully

2023-08-25 10:44:06 - [TEST_CASE][PASSED] - Test Cases/Login/Test Case 1.1 (Manual): Test Cases/Login/Test Case 1.1 (Manual)

2023-08-25 10:44:06 - [TEST_STEP][PASSED] - openBrowser(WEB_URL): Browser is opened with url: 'https://katalon-demo-cura.herokuapp.com/'

2023-08-25 10:44:06 - [MESSAGE][INFO] - Starting 'Edge Chromium' driver

2023-08-25 10:44:08 - [MESSAGE][INFO] - Action delay is set to 0 milliseconds

2023-08-25 10:44:14 - [MESSAGE][PASSED] - Browser is opened with url: 'https://katalon-demo-cura.herokuapp.com/'

2023-08-25 10:44:14 - [TEST_STEP][PASSED] - maximizeWindow(): Current window maximized

2023-08-25 10:44:14 - [MESSAGE][PASSED] - Current window maximized

2023-08-25 10:44:14 - [TEST_STEP][PASSED] - verifyElementPresent(findTestObject("login/title_home_page"), 10): Object 'Object Repository/login/title_home_page' is present

2023-08-25 10:44:15 - [MESSAGE][PASSED] - Object 'Object Repository/login/title_home_page' is present

2023-08-25 10:44:15 - [TEST_STEP][PASSED] - click(findTestObject("login/menu burger")): Object: 'Object Repository/login/menu burger' is clicked on

2023-08-25 10:44:15 - [MESSAGE][PASSED] - Object: 'Object Repository/login/menu burger' is clicked on

2023-08-25 10:44:15 - [TEST_STEP][PASSED] - click(findTestObject("login/menu Login")): Object: 'Object Repository/login/menu Login' is clicked on

2023-08-25 10:44:17 - [MESSAGE][PASSED] - Object: 'Object Repository/login/menu Login' is clicked on

2023-08-25 10:44:17 - [TEST_STEP][PASSED] - verifyElementPresent(findTestObject("login/title_Login"), 10): Object 'Object Repository/login/title_Login' is present

2023-08-25 10:44:18 - [MESSAGE][PASSED] - Object 'Object Repository/login/title_Login' is present

2023-08-25 10:44:18 - [TEST_STEP][PASSED] - setText(findTestObject("login/input_Username"), username): Text 'John Doe' is set on object 'Object Repository/login/input_Username'

2023-08-25 10:44:19 - [MESSAGE][PASSED] - Text 'John Doe' is set on object 'Object Repository/login/input_Username'

2023-08-25 10:44:19 - [TEST_STEP][PASSED] - setEncryptedText(findTestObject("login/input_Password"), password): Text ****** has been set on object 'Object Repository/login/input_Password'

2023-08-25 10:44:20 - [MESSAGE][PASSED] - Text ****** has been set on object 'Object Repository/login/input_Password'

2023-08-25 10:44:20 - [TEST_STEP][PASSED] - click(findTestObject("login/button_Login")): Object: 'Object Repository/login/button_Login' is clicked on

2023-08-25 10:44:22 - [MESSAGE][PASSED] - Object: 'Object Repository/login/button_Login' is clicked on

2023-08-25 10:44:22 - [TEST_STEP][PASSED] - verifyElementPresent(findTestObject("login/Title_Make Appointment"), 10): Object 'Object Repository/login/Title_Make Appointment' is present

2023-08-25 10:44:23 - [MESSAGE][PASSED] - Object 'Object Repository/login/Title_Make Appointment' is present

2023-08-25 10:44:23 - [MESSAGE][PASSED] - Call Test Case 'Test Cases/Login/Test Case 1.1 (Manual)' successfully

2023-08-25 10:44:23 - [TEST_STEP][PASSED] - selectOptionByValue(findTestObject("make_appointment/dropdown facility"), facility, false): All options with value 'Seoul CURA Healthcare Center' are selected in object 'Object Repository/make_appointment/dropdown facility' 

2023-08-25 10:44:24 - [MESSAGE][PASSED] - All options with value 'Seoul CURA Healthcare Center' are selected in object 'Object Repository/make_appointment/dropdown facility' 

2023-08-25 10:44:24 - [TEST_STEP][PASSED] - if (toString().equalsIgnoreCase("yes")): Object 'Object Repository/make_appointment/chekbox hospital readmission' is checked

2023-08-25 10:44:24 - [TEST_STEP][PASSED] - check(findTestObject("make_appointment/chekbox hospital readmission")): Object 'Object Repository/make_appointment/chekbox hospital readmission' is checked

2023-08-25 10:44:25 - [MESSAGE][PASSED] - Object 'Object Repository/make_appointment/chekbox hospital readmission' is checked

2023-08-25 10:44:25 - [TEST_STEP][PASSED] - if (toString().equalsIgnoreCase("medicare")): Object 'Object Repository/make_appointment/input_Medicare_programs' is checked

2023-08-25 10:44:25 - [TEST_STEP][PASSED] - check(findTestObject("make_appointment/input_Medicare_programs")): Object 'Object Repository/make_appointment/input_Medicare_programs' is checked

2023-08-25 10:44:26 - [MESSAGE][PASSED] - Object 'Object Repository/make_appointment/input_Medicare_programs' is checked

2023-08-25 10:44:26 - [TEST_STEP][PASSED] - setText(findTestObject("make_appointment/tanggal booking"), visit_date): Text '23/08/2023' is set on object 'Object Repository/make_appointment/tanggal booking'

2023-08-25 10:44:27 - [MESSAGE][PASSED] - Text '23/08/2023' is set on object 'Object Repository/make_appointment/tanggal booking'

2023-08-25 10:44:27 - [TEST_STEP][PASSED] - setText(findTestObject("make_appointment/comment"), comment): Text 'Hello World' is set on object 'Object Repository/make_appointment/comment'

2023-08-25 10:44:28 - [MESSAGE][PASSED] - Text 'Hello World' is set on object 'Object Repository/make_appointment/comment'

2023-08-25 10:44:28 - [TEST_STEP][PASSED] - click(findTestObject("make_appointment/button_Book Appointment")): Object: 'Object Repository/make_appointment/button_Book Appointment' is clicked on

2023-08-25 10:44:30 - [MESSAGE][PASSED] - Object: 'Object Repository/make_appointment/button_Book Appointment' is clicked on

2023-08-25 10:44:30 - [TEST_STEP][PASSED] - verifyElementPresent(findTestObject("make_appointment/title_Appointment Confirmation"), 0): Object 'Object Repository/make_appointment/title_Appointment Confirmation' is present

2023-08-25 10:44:30 - [MESSAGE][WARNING] - Timeout '0' is invalid. Using default page load timeout: '5'

2023-08-25 10:44:31 - [MESSAGE][PASSED] - Object 'Object Repository/make_appointment/title_Appointment Confirmation' is present

2023-08-25 10:44:31 - [TEST_STEP][PASSED] - hasilFacility = getText(findTestObject("Object Repository/make_appointment/hasil dropdown facility")): Text of object 'Object Repository/make_appointment/hasil dropdown facility' is: 'Seoul CURA Healthcare Center'

2023-08-25 10:44:31 - [MESSAGE][PASSED] - Text of object 'Object Repository/make_appointment/hasil dropdown facility' is: 'Seoul CURA Healthcare Center'

2023-08-25 10:44:31 - [TEST_STEP][PASSED] - hasilReadmission = getText(findTestObject("make_appointment/hasil hospital readmission")): Text of object 'Object Repository/make_appointment/hasil hospital readmission' is: 'Yes'

2023-08-25 10:44:32 - [MESSAGE][PASSED] - Text of object 'Object Repository/make_appointment/hasil hospital readmission' is: 'Yes'

2023-08-25 10:44:32 - [TEST_STEP][PASSED] - hasilProgram = getText(findTestObject("make_appointment/hasil healthcare program")): Text of object 'Object Repository/make_appointment/hasil healthcare program' is: 'Medicare'

2023-08-25 10:44:32 - [MESSAGE][PASSED] - Text of object 'Object Repository/make_appointment/hasil healthcare program' is: 'Medicare'

2023-08-25 10:44:32 - [TEST_STEP][PASSED] - hasilVisit = getText(findTestObject("make_appointment/hasil tanggal dipilih")): Text of object 'Object Repository/make_appointment/hasil tanggal dipilih' is: '23/08/2023'

2023-08-25 10:44:33 - [MESSAGE][PASSED] - Text of object 'Object Repository/make_appointment/hasil tanggal dipilih' is: '23/08/2023'

2023-08-25 10:44:33 - [TEST_STEP][PASSED] - hasilComment = getText(findTestObject("make_appointment/hasil comment")): Text of object 'Object Repository/make_appointment/hasil comment' is: 'Hello World'

2023-08-25 10:44:33 - [MESSAGE][PASSED] - Text of object 'Object Repository/make_appointment/hasil comment' is: 'Hello World'

2023-08-25 10:44:33 - [TEST_STEP][PASSED] - assert trim().equalsIgnoreCase(facility.trim()): null

2023-08-25 10:44:33 - [TEST_STEP][PASSED] - assert trim().equalsIgnoreCase(hospital_readmission.trim()): null

2023-08-25 10:44:33 - [TEST_STEP][PASSED] - assert trim().equalsIgnoreCase(healthcare_program.trim()): null

2023-08-25 10:44:33 - [TEST_STEP][PASSED] - assert trim().equalsIgnoreCase(visit_date.trim()): null

2023-08-25 10:44:33 - [TEST_STEP][PASSED] - assert trim().equalsIgnoreCase(comment.trim()): null

2023-08-25 10:44:33 - [TEST_STEP][PASSED] - closeBrowser(): Browser is closed

2023-08-25 10:44:34 - [MESSAGE][PASSED] - Browser is closed]]></system-out>
         <system-err><![CDATA[]]></system-err>
      </testcase>
      <testcase name="Test Cases/appointment/Test Case 2.1 (versi dinamis)" time="27.5" classname="Test Cases/appointment/Test Case 2.1 (versi dinamis)" status="PASSED">
         <system-out><![CDATA[2023-08-25 10:44:34 - [TEST_CASE][PASSED] - Test Cases/appointment/Test Case 2.1 (versi dinamis): Test Cases/appointment/Test Case 2.1 (versi dinamis)

2023-08-25 10:44:35 - [TEST_STEP][PASSED] - callTestCase(findTestCase("Login/Test Case 1.1 (Manual)"), ["username":username, "password":password], STOP_ON_FAILURE): Call Test Case 'Test Cases/Login/Test Case 1.1 (Manual)' successfully

2023-08-25 10:44:35 - [TEST_CASE][PASSED] - Test Cases/Login/Test Case 1.1 (Manual): Test Cases/Login/Test Case 1.1 (Manual)

2023-08-25 10:44:35 - [TEST_STEP][PASSED] - openBrowser(WEB_URL): Browser is opened with url: 'https://katalon-demo-cura.herokuapp.com/'

2023-08-25 10:44:35 - [MESSAGE][INFO] - Starting 'Edge Chromium' driver

2023-08-25 10:44:37 - [MESSAGE][INFO] - Action delay is set to 0 milliseconds

2023-08-25 10:44:42 - [MESSAGE][PASSED] - Browser is opened with url: 'https://katalon-demo-cura.herokuapp.com/'

2023-08-25 10:44:42 - [TEST_STEP][PASSED] - maximizeWindow(): Current window maximized

2023-08-25 10:44:42 - [MESSAGE][PASSED] - Current window maximized

2023-08-25 10:44:42 - [TEST_STEP][PASSED] - verifyElementPresent(findTestObject("login/title_home_page"), 10): Object 'Object Repository/login/title_home_page' is present

2023-08-25 10:44:43 - [MESSAGE][PASSED] - Object 'Object Repository/login/title_home_page' is present

2023-08-25 10:44:43 - [TEST_STEP][PASSED] - click(findTestObject("login/menu burger")): Object: 'Object Repository/login/menu burger' is clicked on

2023-08-25 10:44:43 - [MESSAGE][PASSED] - Object: 'Object Repository/login/menu burger' is clicked on

2023-08-25 10:44:43 - [TEST_STEP][PASSED] - click(findTestObject("login/menu Login")): Object: 'Object Repository/login/menu Login' is clicked on

2023-08-25 10:44:45 - [MESSAGE][PASSED] - Object: 'Object Repository/login/menu Login' is clicked on

2023-08-25 10:44:45 - [TEST_STEP][PASSED] - verifyElementPresent(findTestObject("login/title_Login"), 10): Object 'Object Repository/login/title_Login' is present

2023-08-25 10:44:46 - [MESSAGE][PASSED] - Object 'Object Repository/login/title_Login' is present

2023-08-25 10:44:46 - [TEST_STEP][PASSED] - setText(findTestObject("login/input_Username"), username): Text 'John Doe' is set on object 'Object Repository/login/input_Username'

2023-08-25 10:44:47 - [MESSAGE][PASSED] - Text 'John Doe' is set on object 'Object Repository/login/input_Username'

2023-08-25 10:44:47 - [TEST_STEP][PASSED] - setEncryptedText(findTestObject("login/input_Password"), password): Text ****** has been set on object 'Object Repository/login/input_Password'

2023-08-25 10:44:47 - [MESSAGE][PASSED] - Text ****** has been set on object 'Object Repository/login/input_Password'

2023-08-25 10:44:47 - [TEST_STEP][PASSED] - click(findTestObject("login/button_Login")): Object: 'Object Repository/login/button_Login' is clicked on

2023-08-25 10:44:50 - [MESSAGE][PASSED] - Object: 'Object Repository/login/button_Login' is clicked on

2023-08-25 10:44:50 - [TEST_STEP][PASSED] - verifyElementPresent(findTestObject("login/Title_Make Appointment"), 10): Object 'Object Repository/login/Title_Make Appointment' is present

2023-08-25 10:44:51 - [MESSAGE][PASSED] - Object 'Object Repository/login/Title_Make Appointment' is present

2023-08-25 10:44:51 - [MESSAGE][PASSED] - Call Test Case 'Test Cases/Login/Test Case 1.1 (Manual)' successfully

2023-08-25 10:44:51 - [TEST_STEP][PASSED] - selectOptionByValue(findTestObject("make_appointment/dropdown facility"), facility, false): All options with value 'Seoul CURA Healthcare Center' are selected in object 'Object Repository/make_appointment/dropdown facility' 

2023-08-25 10:44:52 - [MESSAGE][PASSED] - All options with value 'Seoul CURA Healthcare Center' are selected in object 'Object Repository/make_appointment/dropdown facility' 

2023-08-25 10:44:52 - [TEST_STEP][PASSED] - if (toString().equalsIgnoreCase("yes")): Object 'Object Repository/make_appointment/chekbox hospital readmission' is checked

2023-08-25 10:44:52 - [TEST_STEP][PASSED] - check(findTestObject("make_appointment/chekbox hospital readmission")): Object 'Object Repository/make_appointment/chekbox hospital readmission' is checked

2023-08-25 10:44:52 - [MESSAGE][PASSED] - Object 'Object Repository/make_appointment/chekbox hospital readmission' is checked

2023-08-25 10:44:52 - [TEST_STEP][PASSED] - if (toString().equalsIgnoreCase("medicare")): null

2023-08-25 10:44:52 - [TEST_STEP][PASSED] - else if (toString().equalsIgnoreCase("medicaid")): Object 'Object Repository/make_appointment/input_Medicaid_programs' is checked

2023-08-25 10:44:52 - [TEST_STEP][PASSED] - check(findTestObject("make_appointment/input_Medicaid_programs")): Object 'Object Repository/make_appointment/input_Medicaid_programs' is checked

2023-08-25 10:44:53 - [MESSAGE][PASSED] - Object 'Object Repository/make_appointment/input_Medicaid_programs' is checked

2023-08-25 10:44:53 - [TEST_STEP][PASSED] - setText(findTestObject("make_appointment/tanggal booking"), visit_date): Text '23/08/2023' is set on object 'Object Repository/make_appointment/tanggal booking'

2023-08-25 10:44:54 - [MESSAGE][PASSED] - Text '23/08/2023' is set on object 'Object Repository/make_appointment/tanggal booking'

2023-08-25 10:44:54 - [TEST_STEP][PASSED] - setText(findTestObject("make_appointment/comment"), comment): Text 'Hello World' is set on object 'Object Repository/make_appointment/comment'

2023-08-25 10:44:55 - [MESSAGE][PASSED] - Text 'Hello World' is set on object 'Object Repository/make_appointment/comment'

2023-08-25 10:44:55 - [TEST_STEP][PASSED] - click(findTestObject("make_appointment/button_Book Appointment")): Object: 'Object Repository/make_appointment/button_Book Appointment' is clicked on

2023-08-25 10:44:58 - [MESSAGE][PASSED] - Object: 'Object Repository/make_appointment/button_Book Appointment' is clicked on

2023-08-25 10:44:58 - [TEST_STEP][PASSED] - verifyElementPresent(findTestObject("make_appointment/title_Appointment Confirmation"), 0): Object 'Object Repository/make_appointment/title_Appointment Confirmation' is present

2023-08-25 10:44:58 - [MESSAGE][WARNING] - Timeout '0' is invalid. Using default page load timeout: '5'

2023-08-25 10:44:58 - [MESSAGE][PASSED] - Object 'Object Repository/make_appointment/title_Appointment Confirmation' is present

2023-08-25 10:44:58 - [TEST_STEP][PASSED] - hasilFacility = getText(findTestObject("Object Repository/make_appointment/hasil dropdown facility")): Text of object 'Object Repository/make_appointment/hasil dropdown facility' is: 'Seoul CURA Healthcare Center'

2023-08-25 10:44:59 - [MESSAGE][PASSED] - Text of object 'Object Repository/make_appointment/hasil dropdown facility' is: 'Seoul CURA Healthcare Center'

2023-08-25 10:44:59 - [TEST_STEP][PASSED] - hasilReadmission = getText(findTestObject("make_appointment/hasil hospital readmission")): Text of object 'Object Repository/make_appointment/hasil hospital readmission' is: 'Yes'

2023-08-25 10:44:59 - [MESSAGE][PASSED] - Text of object 'Object Repository/make_appointment/hasil hospital readmission' is: 'Yes'

2023-08-25 10:44:59 - [TEST_STEP][PASSED] - hasilProgram = getText(findTestObject("make_appointment/hasil healthcare program")): Text of object 'Object Repository/make_appointment/hasil healthcare program' is: 'Medicaid'

2023-08-25 10:45:00 - [MESSAGE][PASSED] - Text of object 'Object Repository/make_appointment/hasil healthcare program' is: 'Medicaid'

2023-08-25 10:45:00 - [TEST_STEP][PASSED] - hasilVisit = getText(findTestObject("make_appointment/hasil tanggal dipilih")): Text of object 'Object Repository/make_appointment/hasil tanggal dipilih' is: '23/08/2023'

2023-08-25 10:45:00 - [MESSAGE][PASSED] - Text of object 'Object Repository/make_appointment/hasil tanggal dipilih' is: '23/08/2023'

2023-08-25 10:45:00 - [TEST_STEP][PASSED] - hasilComment = getText(findTestObject("make_appointment/hasil comment")): Text of object 'Object Repository/make_appointment/hasil comment' is: 'Hello World'

2023-08-25 10:45:01 - [MESSAGE][PASSED] - Text of object 'Object Repository/make_appointment/hasil comment' is: 'Hello World'

2023-08-25 10:45:01 - [TEST_STEP][PASSED] - assert trim().equalsIgnoreCase(facility.trim()): null

2023-08-25 10:45:01 - [TEST_STEP][PASSED] - assert trim().equalsIgnoreCase(hospital_readmission.trim()): null

2023-08-25 10:45:01 - [TEST_STEP][PASSED] - assert trim().equalsIgnoreCase(healthcare_program.trim()): null

2023-08-25 10:45:01 - [TEST_STEP][PASSED] - assert trim().equalsIgnoreCase(visit_date.trim()): null

2023-08-25 10:45:01 - [TEST_STEP][PASSED] - assert trim().equalsIgnoreCase(comment.trim()): null

2023-08-25 10:45:01 - [TEST_STEP][PASSED] - closeBrowser(): Browser is closed

2023-08-25 10:45:02 - [MESSAGE][PASSED] - Browser is closed]]></system-out>
         <system-err><![CDATA[]]></system-err>
      </testcase>
      <testcase name="Test Cases/appointment/Test Case 2.1 (versi dinamis)" time="26.766" classname="Test Cases/appointment/Test Case 2.1 (versi dinamis)" status="PASSED">
         <system-out><![CDATA[2023-08-25 10:45:02 - [TEST_CASE][PASSED] - Test Cases/appointment/Test Case 2.1 (versi dinamis): Test Cases/appointment/Test Case 2.1 (versi dinamis)

2023-08-25 10:45:02 - [TEST_STEP][PASSED] - callTestCase(findTestCase("Login/Test Case 1.1 (Manual)"), ["username":username, "password":password], STOP_ON_FAILURE): Call Test Case 'Test Cases/Login/Test Case 1.1 (Manual)' successfully

2023-08-25 10:45:02 - [TEST_CASE][PASSED] - Test Cases/Login/Test Case 1.1 (Manual): Test Cases/Login/Test Case 1.1 (Manual)

2023-08-25 10:45:02 - [TEST_STEP][PASSED] - openBrowser(WEB_URL): Browser is opened with url: 'https://katalon-demo-cura.herokuapp.com/'

2023-08-25 10:45:02 - [MESSAGE][INFO] - Starting 'Edge Chromium' driver

2023-08-25 10:45:05 - [MESSAGE][INFO] - Action delay is set to 0 milliseconds

2023-08-25 10:45:10 - [MESSAGE][PASSED] - Browser is opened with url: 'https://katalon-demo-cura.herokuapp.com/'

2023-08-25 10:45:10 - [TEST_STEP][PASSED] - maximizeWindow(): Current window maximized

2023-08-25 10:45:10 - [MESSAGE][PASSED] - Current window maximized

2023-08-25 10:45:10 - [TEST_STEP][PASSED] - verifyElementPresent(findTestObject("login/title_home_page"), 10): Object 'Object Repository/login/title_home_page' is present

2023-08-25 10:45:11 - [MESSAGE][PASSED] - Object 'Object Repository/login/title_home_page' is present

2023-08-25 10:45:11 - [TEST_STEP][PASSED] - click(findTestObject("login/menu burger")): Object: 'Object Repository/login/menu burger' is clicked on

2023-08-25 10:45:11 - [MESSAGE][PASSED] - Object: 'Object Repository/login/menu burger' is clicked on

2023-08-25 10:45:11 - [TEST_STEP][PASSED] - click(findTestObject("login/menu Login")): Object: 'Object Repository/login/menu Login' is clicked on

2023-08-25 10:45:13 - [MESSAGE][PASSED] - Object: 'Object Repository/login/menu Login' is clicked on

2023-08-25 10:45:13 - [TEST_STEP][PASSED] - verifyElementPresent(findTestObject("login/title_Login"), 10): Object 'Object Repository/login/title_Login' is present

2023-08-25 10:45:13 - [MESSAGE][PASSED] - Object 'Object Repository/login/title_Login' is present

2023-08-25 10:45:13 - [TEST_STEP][PASSED] - setText(findTestObject("login/input_Username"), username): Text 'John Doe' is set on object 'Object Repository/login/input_Username'

2023-08-25 10:45:15 - [MESSAGE][PASSED] - Text 'John Doe' is set on object 'Object Repository/login/input_Username'

2023-08-25 10:45:15 - [TEST_STEP][PASSED] - setEncryptedText(findTestObject("login/input_Password"), password): Text ****** has been set on object 'Object Repository/login/input_Password'

2023-08-25 10:45:16 - [MESSAGE][PASSED] - Text ****** has been set on object 'Object Repository/login/input_Password'

2023-08-25 10:45:16 - [TEST_STEP][PASSED] - click(findTestObject("login/button_Login")): Object: 'Object Repository/login/button_Login' is clicked on

2023-08-25 10:45:18 - [MESSAGE][PASSED] - Object: 'Object Repository/login/button_Login' is clicked on

2023-08-25 10:45:18 - [TEST_STEP][PASSED] - verifyElementPresent(findTestObject("login/Title_Make Appointment"), 10): Object 'Object Repository/login/Title_Make Appointment' is present

2023-08-25 10:45:18 - [MESSAGE][PASSED] - Object 'Object Repository/login/Title_Make Appointment' is present

2023-08-25 10:45:18 - [MESSAGE][PASSED] - Call Test Case 'Test Cases/Login/Test Case 1.1 (Manual)' successfully

2023-08-25 10:45:18 - [TEST_STEP][PASSED] - selectOptionByValue(findTestObject("make_appointment/dropdown facility"), facility, false): All options with value 'Seoul CURA Healthcare Center' are selected in object 'Object Repository/make_appointment/dropdown facility' 

2023-08-25 10:45:20 - [MESSAGE][PASSED] - All options with value 'Seoul CURA Healthcare Center' are selected in object 'Object Repository/make_appointment/dropdown facility' 

2023-08-25 10:45:20 - [TEST_STEP][PASSED] - if (toString().equalsIgnoreCase("yes")): Object 'Object Repository/make_appointment/chekbox hospital readmission' is checked

2023-08-25 10:45:20 - [TEST_STEP][PASSED] - check(findTestObject("make_appointment/chekbox hospital readmission")): Object 'Object Repository/make_appointment/chekbox hospital readmission' is checked

2023-08-25 10:45:20 - [MESSAGE][PASSED] - Object 'Object Repository/make_appointment/chekbox hospital readmission' is checked

2023-08-25 10:45:20 - [TEST_STEP][PASSED] - if (toString().equalsIgnoreCase("medicare")): null

2023-08-25 10:45:20 - [TEST_STEP][PASSED] - else if (toString().equalsIgnoreCase("medicaid")): null

2023-08-25 10:45:20 - [TEST_STEP][PASSED] - else: Object 'Object Repository/make_appointment/input_None_programs' is checked

2023-08-25 10:45:20 - [TEST_STEP][PASSED] - check(findTestObject("make_appointment/input_None_programs")): Object 'Object Repository/make_appointment/input_None_programs' is checked

2023-08-25 10:45:21 - [MESSAGE][PASSED] - Object 'Object Repository/make_appointment/input_None_programs' is checked

2023-08-25 10:45:21 - [TEST_STEP][PASSED] - setText(findTestObject("make_appointment/tanggal booking"), visit_date): Text '23/08/2023' is set on object 'Object Repository/make_appointment/tanggal booking'

2023-08-25 10:45:22 - [MESSAGE][PASSED] - Text '23/08/2023' is set on object 'Object Repository/make_appointment/tanggal booking'

2023-08-25 10:45:22 - [TEST_STEP][PASSED] - setText(findTestObject("make_appointment/comment"), comment): Text 'Hello World' is set on object 'Object Repository/make_appointment/comment'

2023-08-25 10:45:23 - [MESSAGE][PASSED] - Text 'Hello World' is set on object 'Object Repository/make_appointment/comment'

2023-08-25 10:45:23 - [TEST_STEP][PASSED] - click(findTestObject("make_appointment/button_Book Appointment")): Object: 'Object Repository/make_appointment/button_Book Appointment' is clicked on

2023-08-25 10:45:25 - [MESSAGE][PASSED] - Object: 'Object Repository/make_appointment/button_Book Appointment' is clicked on

2023-08-25 10:45:25 - [TEST_STEP][PASSED] - verifyElementPresent(findTestObject("make_appointment/title_Appointment Confirmation"), 0): Object 'Object Repository/make_appointment/title_Appointment Confirmation' is present

2023-08-25 10:45:25 - [MESSAGE][WARNING] - Timeout '0' is invalid. Using default page load timeout: '5'

2023-08-25 10:45:25 - [MESSAGE][PASSED] - Object 'Object Repository/make_appointment/title_Appointment Confirmation' is present

2023-08-25 10:45:25 - [TEST_STEP][PASSED] - hasilFacility = getText(findTestObject("Object Repository/make_appointment/hasil dropdown facility")): Text of object 'Object Repository/make_appointment/hasil dropdown facility' is: 'Seoul CURA Healthcare Center'

2023-08-25 10:45:26 - [MESSAGE][PASSED] - Text of object 'Object Repository/make_appointment/hasil dropdown facility' is: 'Seoul CURA Healthcare Center'

2023-08-25 10:45:26 - [TEST_STEP][PASSED] - hasilReadmission = getText(findTestObject("make_appointment/hasil hospital readmission")): Text of object 'Object Repository/make_appointment/hasil hospital readmission' is: 'Yes'

2023-08-25 10:45:26 - [MESSAGE][PASSED] - Text of object 'Object Repository/make_appointment/hasil hospital readmission' is: 'Yes'

2023-08-25 10:45:26 - [TEST_STEP][PASSED] - hasilProgram = getText(findTestObject("make_appointment/hasil healthcare program")): Text of object 'Object Repository/make_appointment/hasil healthcare program' is: 'None'

2023-08-25 10:45:27 - [MESSAGE][PASSED] - Text of object 'Object Repository/make_appointment/hasil healthcare program' is: 'None'

2023-08-25 10:45:27 - [TEST_STEP][PASSED] - hasilVisit = getText(findTestObject("make_appointment/hasil tanggal dipilih")): Text of object 'Object Repository/make_appointment/hasil tanggal dipilih' is: '23/08/2023'

2023-08-25 10:45:27 - [MESSAGE][PASSED] - Text of object 'Object Repository/make_appointment/hasil tanggal dipilih' is: '23/08/2023'

2023-08-25 10:45:27 - [TEST_STEP][PASSED] - hasilComment = getText(findTestObject("make_appointment/hasil comment")): Text of object 'Object Repository/make_appointment/hasil comment' is: 'Hello World'

2023-08-25 10:45:28 - [MESSAGE][PASSED] - Text of object 'Object Repository/make_appointment/hasil comment' is: 'Hello World'

2023-08-25 10:45:28 - [TEST_STEP][PASSED] - assert trim().equalsIgnoreCase(facility.trim()): null

2023-08-25 10:45:28 - [TEST_STEP][PASSED] - assert trim().equalsIgnoreCase(hospital_readmission.trim()): null

2023-08-25 10:45:28 - [TEST_STEP][PASSED] - assert trim().equalsIgnoreCase(healthcare_program.trim()): null

2023-08-25 10:45:28 - [TEST_STEP][PASSED] - assert trim().equalsIgnoreCase(visit_date.trim()): null

2023-08-25 10:45:28 - [TEST_STEP][PASSED] - assert trim().equalsIgnoreCase(comment.trim()): null

2023-08-25 10:45:28 - [TEST_STEP][PASSED] - closeBrowser(): Browser is closed

2023-08-25 10:45:29 - [MESSAGE][PASSED] - Browser is closed]]></system-out>
         <system-err><![CDATA[]]></system-err>
      </testcase>
      <testcase name="Test Cases/appointment/Test Case 2.1 (versi dinamis)" time="27.612" classname="Test Cases/appointment/Test Case 2.1 (versi dinamis)" status="PASSED">
         <system-out><![CDATA[2023-08-25 10:45:29 - [TEST_CASE][PASSED] - Test Cases/appointment/Test Case 2.1 (versi dinamis): Test Cases/appointment/Test Case 2.1 (versi dinamis)

2023-08-25 10:45:29 - [TEST_STEP][PASSED] - callTestCase(findTestCase("Login/Test Case 1.1 (Manual)"), ["username":username, "password":password], STOP_ON_FAILURE): Call Test Case 'Test Cases/Login/Test Case 1.1 (Manual)' successfully

2023-08-25 10:45:29 - [TEST_CASE][PASSED] - Test Cases/Login/Test Case 1.1 (Manual): Test Cases/Login/Test Case 1.1 (Manual)

2023-08-25 10:45:29 - [TEST_STEP][PASSED] - openBrowser(WEB_URL): Browser is opened with url: 'https://katalon-demo-cura.herokuapp.com/'

2023-08-25 10:45:29 - [MESSAGE][INFO] - Starting 'Edge Chromium' driver

2023-08-25 10:45:31 - [MESSAGE][INFO] - Action delay is set to 0 milliseconds

2023-08-25 10:45:37 - [MESSAGE][PASSED] - Browser is opened with url: 'https://katalon-demo-cura.herokuapp.com/'

2023-08-25 10:45:37 - [TEST_STEP][PASSED] - maximizeWindow(): Current window maximized

2023-08-25 10:45:37 - [MESSAGE][PASSED] - Current window maximized

2023-08-25 10:45:37 - [TEST_STEP][PASSED] - verifyElementPresent(findTestObject("login/title_home_page"), 10): Object 'Object Repository/login/title_home_page' is present

2023-08-25 10:45:37 - [MESSAGE][PASSED] - Object 'Object Repository/login/title_home_page' is present

2023-08-25 10:45:37 - [TEST_STEP][PASSED] - click(findTestObject("login/menu burger")): Object: 'Object Repository/login/menu burger' is clicked on

2023-08-25 10:45:40 - [MESSAGE][PASSED] - Object: 'Object Repository/login/menu burger' is clicked on

2023-08-25 10:45:40 - [TEST_STEP][PASSED] - click(findTestObject("login/menu Login")): Object: 'Object Repository/login/menu Login' is clicked on

2023-08-25 10:45:41 - [MESSAGE][PASSED] - Object: 'Object Repository/login/menu Login' is clicked on

2023-08-25 10:45:41 - [TEST_STEP][PASSED] - verifyElementPresent(findTestObject("login/title_Login"), 10): Object 'Object Repository/login/title_Login' is present

2023-08-25 10:45:42 - [MESSAGE][PASSED] - Object 'Object Repository/login/title_Login' is present

2023-08-25 10:45:42 - [TEST_STEP][PASSED] - setText(findTestObject("login/input_Username"), username): Text 'John Doe' is set on object 'Object Repository/login/input_Username'

2023-08-25 10:45:43 - [MESSAGE][PASSED] - Text 'John Doe' is set on object 'Object Repository/login/input_Username'

2023-08-25 10:45:43 - [TEST_STEP][PASSED] - setEncryptedText(findTestObject("login/input_Password"), password): Text ****** has been set on object 'Object Repository/login/input_Password'

2023-08-25 10:45:44 - [MESSAGE][PASSED] - Text ****** has been set on object 'Object Repository/login/input_Password'

2023-08-25 10:45:44 - [TEST_STEP][PASSED] - click(findTestObject("login/button_Login")): Object: 'Object Repository/login/button_Login' is clicked on

2023-08-25 10:45:45 - [MESSAGE][PASSED] - Object: 'Object Repository/login/button_Login' is clicked on

2023-08-25 10:45:45 - [TEST_STEP][PASSED] - verifyElementPresent(findTestObject("login/Title_Make Appointment"), 10): Object 'Object Repository/login/Title_Make Appointment' is present

2023-08-25 10:45:46 - [MESSAGE][PASSED] - Object 'Object Repository/login/Title_Make Appointment' is present

2023-08-25 10:45:46 - [MESSAGE][PASSED] - Call Test Case 'Test Cases/Login/Test Case 1.1 (Manual)' successfully

2023-08-25 10:45:46 - [TEST_STEP][PASSED] - selectOptionByValue(findTestObject("make_appointment/dropdown facility"), facility, false): All options with value 'Seoul CURA Healthcare Center' are selected in object 'Object Repository/make_appointment/dropdown facility' 

2023-08-25 10:45:47 - [MESSAGE][PASSED] - All options with value 'Seoul CURA Healthcare Center' are selected in object 'Object Repository/make_appointment/dropdown facility' 

2023-08-25 10:45:47 - [TEST_STEP][PASSED] - if (toString().equalsIgnoreCase("yes")): null

2023-08-25 10:45:47 - [TEST_STEP][PASSED] - if (toString().equalsIgnoreCase("medicare")): Object 'Object Repository/make_appointment/input_Medicare_programs' is checked

2023-08-25 10:45:47 - [TEST_STEP][PASSED] - check(findTestObject("make_appointment/input_Medicare_programs")): Object 'Object Repository/make_appointment/input_Medicare_programs' is checked

2023-08-25 10:45:47 - [MESSAGE][PASSED] - Object 'Object Repository/make_appointment/input_Medicare_programs' is checked

2023-08-25 10:45:47 - [TEST_STEP][PASSED] - setText(findTestObject("make_appointment/tanggal booking"), visit_date): Text '23/08/2023' is set on object 'Object Repository/make_appointment/tanggal booking'

2023-08-25 10:45:49 - [MESSAGE][PASSED] - Text '23/08/2023' is set on object 'Object Repository/make_appointment/tanggal booking'

2023-08-25 10:45:49 - [TEST_STEP][PASSED] - setText(findTestObject("make_appointment/comment"), comment): Text 'Hello World' is set on object 'Object Repository/make_appointment/comment'

2023-08-25 10:45:50 - [MESSAGE][PASSED] - Text 'Hello World' is set on object 'Object Repository/make_appointment/comment'

2023-08-25 10:45:50 - [TEST_STEP][PASSED] - click(findTestObject("make_appointment/button_Book Appointment")): Object: 'Object Repository/make_appointment/button_Book Appointment' is clicked on

2023-08-25 10:45:52 - [MESSAGE][PASSED] - Object: 'Object Repository/make_appointment/button_Book Appointment' is clicked on

2023-08-25 10:45:52 - [TEST_STEP][PASSED] - verifyElementPresent(findTestObject("make_appointment/title_Appointment Confirmation"), 0): Object 'Object Repository/make_appointment/title_Appointment Confirmation' is present

2023-08-25 10:45:52 - [MESSAGE][WARNING] - Timeout '0' is invalid. Using default page load timeout: '5'

2023-08-25 10:45:52 - [MESSAGE][PASSED] - Object 'Object Repository/make_appointment/title_Appointment Confirmation' is present

2023-08-25 10:45:52 - [TEST_STEP][PASSED] - hasilFacility = getText(findTestObject("Object Repository/make_appointment/hasil dropdown facility")): Text of object 'Object Repository/make_appointment/hasil dropdown facility' is: 'Seoul CURA Healthcare Center'

2023-08-25 10:45:53 - [MESSAGE][PASSED] - Text of object 'Object Repository/make_appointment/hasil dropdown facility' is: 'Seoul CURA Healthcare Center'

2023-08-25 10:45:53 - [TEST_STEP][PASSED] - hasilReadmission = getText(findTestObject("make_appointment/hasil hospital readmission")): Text of object 'Object Repository/make_appointment/hasil hospital readmission' is: 'No'

2023-08-25 10:45:54 - [MESSAGE][PASSED] - Text of object 'Object Repository/make_appointment/hasil hospital readmission' is: 'No'

2023-08-25 10:45:54 - [TEST_STEP][PASSED] - hasilProgram = getText(findTestObject("make_appointment/hasil healthcare program")): Text of object 'Object Repository/make_appointment/hasil healthcare program' is: 'Medicare'

2023-08-25 10:45:54 - [MESSAGE][PASSED] - Text of object 'Object Repository/make_appointment/hasil healthcare program' is: 'Medicare'

2023-08-25 10:45:54 - [TEST_STEP][PASSED] - hasilVisit = getText(findTestObject("make_appointment/hasil tanggal dipilih")): Text of object 'Object Repository/make_appointment/hasil tanggal dipilih' is: '23/08/2023'

2023-08-25 10:45:55 - [MESSAGE][PASSED] - Text of object 'Object Repository/make_appointment/hasil tanggal dipilih' is: '23/08/2023'

2023-08-25 10:45:55 - [TEST_STEP][PASSED] - hasilComment = getText(findTestObject("make_appointment/hasil comment")): Text of object 'Object Repository/make_appointment/hasil comment' is: 'Hello World'

2023-08-25 10:45:56 - [MESSAGE][PASSED] - Text of object 'Object Repository/make_appointment/hasil comment' is: 'Hello World'

2023-08-25 10:45:56 - [TEST_STEP][PASSED] - assert trim().equalsIgnoreCase(facility.trim()): null

2023-08-25 10:45:56 - [TEST_STEP][PASSED] - assert trim().equalsIgnoreCase(hospital_readmission.trim()): null

2023-08-25 10:45:56 - [TEST_STEP][PASSED] - assert trim().equalsIgnoreCase(healthcare_program.trim()): null

2023-08-25 10:45:56 - [TEST_STEP][PASSED] - assert trim().equalsIgnoreCase(visit_date.trim()): null

2023-08-25 10:45:56 - [TEST_STEP][PASSED] - assert trim().equalsIgnoreCase(comment.trim()): null

2023-08-25 10:45:56 - [TEST_STEP][PASSED] - closeBrowser(): Browser is closed

2023-08-25 10:45:57 - [MESSAGE][PASSED] - Browser is closed]]></system-out>
         <system-err><![CDATA[]]></system-err>
      </testcase>
      <testcase name="Test Cases/appointment/Test Case 2.1 (versi dinamis)" time="27.57" classname="Test Cases/appointment/Test Case 2.1 (versi dinamis)" status="PASSED">
         <system-out><![CDATA[2023-08-25 10:45:57 - [TEST_CASE][PASSED] - Test Cases/appointment/Test Case 2.1 (versi dinamis): Test Cases/appointment/Test Case 2.1 (versi dinamis)

2023-08-25 10:45:57 - [TEST_STEP][PASSED] - callTestCase(findTestCase("Login/Test Case 1.1 (Manual)"), ["username":username, "password":password], STOP_ON_FAILURE): Call Test Case 'Test Cases/Login/Test Case 1.1 (Manual)' successfully

2023-08-25 10:45:57 - [TEST_CASE][PASSED] - Test Cases/Login/Test Case 1.1 (Manual): Test Cases/Login/Test Case 1.1 (Manual)

2023-08-25 10:45:57 - [TEST_STEP][PASSED] - openBrowser(WEB_URL): Browser is opened with url: 'https://katalon-demo-cura.herokuapp.com/'

2023-08-25 10:45:57 - [MESSAGE][INFO] - Starting 'Edge Chromium' driver

2023-08-25 10:45:59 - [MESSAGE][INFO] - Action delay is set to 0 milliseconds

2023-08-25 10:46:05 - [MESSAGE][PASSED] - Browser is opened with url: 'https://katalon-demo-cura.herokuapp.com/'

2023-08-25 10:46:05 - [TEST_STEP][PASSED] - maximizeWindow(): Current window maximized

2023-08-25 10:46:05 - [MESSAGE][PASSED] - Current window maximized

2023-08-25 10:46:05 - [TEST_STEP][PASSED] - verifyElementPresent(findTestObject("login/title_home_page"), 10): Object 'Object Repository/login/title_home_page' is present

2023-08-25 10:46:06 - [MESSAGE][PASSED] - Object 'Object Repository/login/title_home_page' is present

2023-08-25 10:46:06 - [TEST_STEP][PASSED] - click(findTestObject("login/menu burger")): Object: 'Object Repository/login/menu burger' is clicked on

2023-08-25 10:46:06 - [MESSAGE][PASSED] - Object: 'Object Repository/login/menu burger' is clicked on

2023-08-25 10:46:06 - [TEST_STEP][PASSED] - click(findTestObject("login/menu Login")): Object: 'Object Repository/login/menu Login' is clicked on

2023-08-25 10:46:08 - [MESSAGE][PASSED] - Object: 'Object Repository/login/menu Login' is clicked on

2023-08-25 10:46:08 - [TEST_STEP][PASSED] - verifyElementPresent(findTestObject("login/title_Login"), 10): Object 'Object Repository/login/title_Login' is present

2023-08-25 10:46:09 - [MESSAGE][PASSED] - Object 'Object Repository/login/title_Login' is present

2023-08-25 10:46:09 - [TEST_STEP][PASSED] - setText(findTestObject("login/input_Username"), username): Text 'John Doe' is set on object 'Object Repository/login/input_Username'

2023-08-25 10:46:10 - [MESSAGE][PASSED] - Text 'John Doe' is set on object 'Object Repository/login/input_Username'

2023-08-25 10:46:10 - [TEST_STEP][PASSED] - setEncryptedText(findTestObject("login/input_Password"), password): Text ****** has been set on object 'Object Repository/login/input_Password'

2023-08-25 10:46:11 - [MESSAGE][PASSED] - Text ****** has been set on object 'Object Repository/login/input_Password'

2023-08-25 10:46:11 - [TEST_STEP][PASSED] - click(findTestObject("login/button_Login")): Object: 'Object Repository/login/button_Login' is clicked on

2023-08-25 10:46:13 - [MESSAGE][PASSED] - Object: 'Object Repository/login/button_Login' is clicked on

2023-08-25 10:46:13 - [TEST_STEP][PASSED] - verifyElementPresent(findTestObject("login/Title_Make Appointment"), 10): Object 'Object Repository/login/Title_Make Appointment' is present

2023-08-25 10:46:14 - [MESSAGE][PASSED] - Object 'Object Repository/login/Title_Make Appointment' is present

2023-08-25 10:46:14 - [MESSAGE][PASSED] - Call Test Case 'Test Cases/Login/Test Case 1.1 (Manual)' successfully

2023-08-25 10:46:14 - [TEST_STEP][PASSED] - selectOptionByValue(findTestObject("make_appointment/dropdown facility"), facility, false): All options with value 'Seoul CURA Healthcare Center' are selected in object 'Object Repository/make_appointment/dropdown facility' 

2023-08-25 10:46:15 - [MESSAGE][PASSED] - All options with value 'Seoul CURA Healthcare Center' are selected in object 'Object Repository/make_appointment/dropdown facility' 

2023-08-25 10:46:15 - [TEST_STEP][PASSED] - if (toString().equalsIgnoreCase("yes")): null

2023-08-25 10:46:15 - [TEST_STEP][PASSED] - if (toString().equalsIgnoreCase("medicare")): null

2023-08-25 10:46:15 - [TEST_STEP][PASSED] - else if (toString().equalsIgnoreCase("medicaid")): Object 'Object Repository/make_appointment/input_Medicaid_programs' is checked

2023-08-25 10:46:15 - [TEST_STEP][PASSED] - check(findTestObject("make_appointment/input_Medicaid_programs")): Object 'Object Repository/make_appointment/input_Medicaid_programs' is checked

2023-08-25 10:46:16 - [MESSAGE][PASSED] - Object 'Object Repository/make_appointment/input_Medicaid_programs' is checked

2023-08-25 10:46:16 - [TEST_STEP][PASSED] - setText(findTestObject("make_appointment/tanggal booking"), visit_date): Text '23/08/2023' is set on object 'Object Repository/make_appointment/tanggal booking'

2023-08-25 10:46:17 - [MESSAGE][PASSED] - Text '23/08/2023' is set on object 'Object Repository/make_appointment/tanggal booking'

2023-08-25 10:46:17 - [TEST_STEP][PASSED] - setText(findTestObject("make_appointment/comment"), comment): Text 'Hello World' is set on object 'Object Repository/make_appointment/comment'

2023-08-25 10:46:18 - [MESSAGE][PASSED] - Text 'Hello World' is set on object 'Object Repository/make_appointment/comment'

2023-08-25 10:46:18 - [TEST_STEP][PASSED] - click(findTestObject("make_appointment/button_Book Appointment")): Object: 'Object Repository/make_appointment/button_Book Appointment' is clicked on

2023-08-25 10:46:20 - [MESSAGE][PASSED] - Object: 'Object Repository/make_appointment/button_Book Appointment' is clicked on

2023-08-25 10:46:20 - [TEST_STEP][PASSED] - verifyElementPresent(findTestObject("make_appointment/title_Appointment Confirmation"), 0): Object 'Object Repository/make_appointment/title_Appointment Confirmation' is present

2023-08-25 10:46:20 - [MESSAGE][WARNING] - Timeout '0' is invalid. Using default page load timeout: '5'

2023-08-25 10:46:21 - [MESSAGE][PASSED] - Object 'Object Repository/make_appointment/title_Appointment Confirmation' is present

2023-08-25 10:46:21 - [TEST_STEP][PASSED] - hasilFacility = getText(findTestObject("Object Repository/make_appointment/hasil dropdown facility")): Text of object 'Object Repository/make_appointment/hasil dropdown facility' is: 'Seoul CURA Healthcare Center'

2023-08-25 10:46:21 - [MESSAGE][PASSED] - Text of object 'Object Repository/make_appointment/hasil dropdown facility' is: 'Seoul CURA Healthcare Center'

2023-08-25 10:46:21 - [TEST_STEP][PASSED] - hasilReadmission = getText(findTestObject("make_appointment/hasil hospital readmission")): Text of object 'Object Repository/make_appointment/hasil hospital readmission' is: 'No'

2023-08-25 10:46:22 - [MESSAGE][PASSED] - Text of object 'Object Repository/make_appointment/hasil hospital readmission' is: 'No'

2023-08-25 10:46:22 - [TEST_STEP][PASSED] - hasilProgram = getText(findTestObject("make_appointment/hasil healthcare program")): Text of object 'Object Repository/make_appointment/hasil healthcare program' is: 'Medicaid'

2023-08-25 10:46:22 - [MESSAGE][PASSED] - Text of object 'Object Repository/make_appointment/hasil healthcare program' is: 'Medicaid'

2023-08-25 10:46:22 - [TEST_STEP][PASSED] - hasilVisit = getText(findTestObject("make_appointment/hasil tanggal dipilih")): Text of object 'Object Repository/make_appointment/hasil tanggal dipilih' is: '23/08/2023'

2023-08-25 10:46:23 - [MESSAGE][PASSED] - Text of object 'Object Repository/make_appointment/hasil tanggal dipilih' is: '23/08/2023'

2023-08-25 10:46:23 - [TEST_STEP][PASSED] - hasilComment = getText(findTestObject("make_appointment/hasil comment")): Text of object 'Object Repository/make_appointment/hasil comment' is: 'Hello World'

2023-08-25 10:46:23 - [MESSAGE][PASSED] - Text of object 'Object Repository/make_appointment/hasil comment' is: 'Hello World'

2023-08-25 10:46:23 - [TEST_STEP][PASSED] - assert trim().equalsIgnoreCase(facility.trim()): null

2023-08-25 10:46:23 - [TEST_STEP][PASSED] - assert trim().equalsIgnoreCase(hospital_readmission.trim()): null

2023-08-25 10:46:23 - [TEST_STEP][PASSED] - assert trim().equalsIgnoreCase(healthcare_program.trim()): null

2023-08-25 10:46:23 - [TEST_STEP][PASSED] - assert trim().equalsIgnoreCase(visit_date.trim()): null

2023-08-25 10:46:23 - [TEST_STEP][PASSED] - assert trim().equalsIgnoreCase(comment.trim()): null

2023-08-25 10:46:23 - [TEST_STEP][PASSED] - closeBrowser(): Browser is closed

2023-08-25 10:46:24 - [MESSAGE][PASSED] - Browser is closed]]></system-out>
         <system-err><![CDATA[]]></system-err>
      </testcase>
      <testcase name="Test Cases/appointment/Test Case 2.1 (versi dinamis)" time="27.85" classname="Test Cases/appointment/Test Case 2.1 (versi dinamis)" status="PASSED">
         <system-out><![CDATA[2023-08-25 10:46:24 - [TEST_CASE][PASSED] - Test Cases/appointment/Test Case 2.1 (versi dinamis): Test Cases/appointment/Test Case 2.1 (versi dinamis)

2023-08-25 10:46:25 - [TEST_STEP][PASSED] - callTestCase(findTestCase("Login/Test Case 1.1 (Manual)"), ["username":username, "password":password], STOP_ON_FAILURE): Call Test Case 'Test Cases/Login/Test Case 1.1 (Manual)' successfully

2023-08-25 10:46:25 - [TEST_CASE][PASSED] - Test Cases/Login/Test Case 1.1 (Manual): Test Cases/Login/Test Case 1.1 (Manual)

2023-08-25 10:46:25 - [TEST_STEP][PASSED] - openBrowser(WEB_URL): Browser is opened with url: 'https://katalon-demo-cura.herokuapp.com/'

2023-08-25 10:46:25 - [MESSAGE][INFO] - Starting 'Edge Chromium' driver

2023-08-25 10:46:27 - [MESSAGE][INFO] - Action delay is set to 0 milliseconds

2023-08-25 10:46:32 - [MESSAGE][PASSED] - Browser is opened with url: 'https://katalon-demo-cura.herokuapp.com/'

2023-08-25 10:46:32 - [TEST_STEP][PASSED] - maximizeWindow(): Current window maximized

2023-08-25 10:46:33 - [MESSAGE][PASSED] - Current window maximized

2023-08-25 10:46:33 - [TEST_STEP][PASSED] - verifyElementPresent(findTestObject("login/title_home_page"), 10): Object 'Object Repository/login/title_home_page' is present

2023-08-25 10:46:33 - [MESSAGE][PASSED] - Object 'Object Repository/login/title_home_page' is present

2023-08-25 10:46:33 - [TEST_STEP][PASSED] - click(findTestObject("login/menu burger")): Object: 'Object Repository/login/menu burger' is clicked on

2023-08-25 10:46:34 - [MESSAGE][PASSED] - Object: 'Object Repository/login/menu burger' is clicked on

2023-08-25 10:46:34 - [TEST_STEP][PASSED] - click(findTestObject("login/menu Login")): Object: 'Object Repository/login/menu Login' is clicked on

2023-08-25 10:46:36 - [MESSAGE][PASSED] - Object: 'Object Repository/login/menu Login' is clicked on

2023-08-25 10:46:36 - [TEST_STEP][PASSED] - verifyElementPresent(findTestObject("login/title_Login"), 10): Object 'Object Repository/login/title_Login' is present

2023-08-25 10:46:36 - [MESSAGE][PASSED] - Object 'Object Repository/login/title_Login' is present

2023-08-25 10:46:36 - [TEST_STEP][PASSED] - setText(findTestObject("login/input_Username"), username): Text 'John Doe' is set on object 'Object Repository/login/input_Username'

2023-08-25 10:46:38 - [MESSAGE][PASSED] - Text 'John Doe' is set on object 'Object Repository/login/input_Username'

2023-08-25 10:46:38 - [TEST_STEP][PASSED] - setEncryptedText(findTestObject("login/input_Password"), password): Text ****** has been set on object 'Object Repository/login/input_Password'

2023-08-25 10:46:39 - [MESSAGE][PASSED] - Text ****** has been set on object 'Object Repository/login/input_Password'

2023-08-25 10:46:39 - [TEST_STEP][PASSED] - click(findTestObject("login/button_Login")): Object: 'Object Repository/login/button_Login' is clicked on

2023-08-25 10:46:41 - [MESSAGE][PASSED] - Object: 'Object Repository/login/button_Login' is clicked on

2023-08-25 10:46:41 - [TEST_STEP][PASSED] - verifyElementPresent(findTestObject("login/Title_Make Appointment"), 10): Object 'Object Repository/login/Title_Make Appointment' is present

2023-08-25 10:46:42 - [MESSAGE][PASSED] - Object 'Object Repository/login/Title_Make Appointment' is present

2023-08-25 10:46:42 - [MESSAGE][PASSED] - Call Test Case 'Test Cases/Login/Test Case 1.1 (Manual)' successfully

2023-08-25 10:46:42 - [TEST_STEP][PASSED] - selectOptionByValue(findTestObject("make_appointment/dropdown facility"), facility, false): All options with value 'Seoul CURA Healthcare Center' are selected in object 'Object Repository/make_appointment/dropdown facility' 

2023-08-25 10:46:43 - [MESSAGE][PASSED] - All options with value 'Seoul CURA Healthcare Center' are selected in object 'Object Repository/make_appointment/dropdown facility' 

2023-08-25 10:46:43 - [TEST_STEP][PASSED] - if (toString().equalsIgnoreCase("yes")): null

2023-08-25 10:46:43 - [TEST_STEP][PASSED] - if (toString().equalsIgnoreCase("medicare")): null

2023-08-25 10:46:43 - [TEST_STEP][PASSED] - else if (toString().equalsIgnoreCase("medicaid")): null

2023-08-25 10:46:43 - [TEST_STEP][PASSED] - else: Object 'Object Repository/make_appointment/input_None_programs' is checked

2023-08-25 10:46:43 - [TEST_STEP][PASSED] - check(findTestObject("make_appointment/input_None_programs")): Object 'Object Repository/make_appointment/input_None_programs' is checked

2023-08-25 10:46:44 - [MESSAGE][PASSED] - Object 'Object Repository/make_appointment/input_None_programs' is checked

2023-08-25 10:46:44 - [TEST_STEP][PASSED] - setText(findTestObject("make_appointment/tanggal booking"), visit_date): Text '23/08/2023' is set on object 'Object Repository/make_appointment/tanggal booking'

2023-08-25 10:46:45 - [MESSAGE][PASSED] - Text '23/08/2023' is set on object 'Object Repository/make_appointment/tanggal booking'

2023-08-25 10:46:45 - [TEST_STEP][PASSED] - setText(findTestObject("make_appointment/comment"), comment): Text 'Hello World' is set on object 'Object Repository/make_appointment/comment'

2023-08-25 10:46:46 - [MESSAGE][PASSED] - Text 'Hello World' is set on object 'Object Repository/make_appointment/comment'

2023-08-25 10:46:46 - [TEST_STEP][PASSED] - click(findTestObject("make_appointment/button_Book Appointment")): Object: 'Object Repository/make_appointment/button_Book Appointment' is clicked on

2023-08-25 10:46:48 - [MESSAGE][PASSED] - Object: 'Object Repository/make_appointment/button_Book Appointment' is clicked on

2023-08-25 10:46:48 - [TEST_STEP][PASSED] - verifyElementPresent(findTestObject("make_appointment/title_Appointment Confirmation"), 0): Object 'Object Repository/make_appointment/title_Appointment Confirmation' is present

2023-08-25 10:46:48 - [MESSAGE][WARNING] - Timeout '0' is invalid. Using default page load timeout: '5'

2023-08-25 10:46:48 - [MESSAGE][PASSED] - Object 'Object Repository/make_appointment/title_Appointment Confirmation' is present

2023-08-25 10:46:48 - [TEST_STEP][PASSED] - hasilFacility = getText(findTestObject("Object Repository/make_appointment/hasil dropdown facility")): Text of object 'Object Repository/make_appointment/hasil dropdown facility' is: 'Seoul CURA Healthcare Center'

2023-08-25 10:46:49 - [MESSAGE][PASSED] - Text of object 'Object Repository/make_appointment/hasil dropdown facility' is: 'Seoul CURA Healthcare Center'

2023-08-25 10:46:49 - [TEST_STEP][PASSED] - hasilReadmission = getText(findTestObject("make_appointment/hasil hospital readmission")): Text of object 'Object Repository/make_appointment/hasil hospital readmission' is: 'No'

2023-08-25 10:46:50 - [MESSAGE][PASSED] - Text of object 'Object Repository/make_appointment/hasil hospital readmission' is: 'No'

2023-08-25 10:46:50 - [TEST_STEP][PASSED] - hasilProgram = getText(findTestObject("make_appointment/hasil healthcare program")): Text of object 'Object Repository/make_appointment/hasil healthcare program' is: 'None'

2023-08-25 10:46:50 - [MESSAGE][PASSED] - Text of object 'Object Repository/make_appointment/hasil healthcare program' is: 'None'

2023-08-25 10:46:50 - [TEST_STEP][PASSED] - hasilVisit = getText(findTestObject("make_appointment/hasil tanggal dipilih")): Text of object 'Object Repository/make_appointment/hasil tanggal dipilih' is: '23/08/2023'

2023-08-25 10:46:51 - [MESSAGE][PASSED] - Text of object 'Object Repository/make_appointment/hasil tanggal dipilih' is: '23/08/2023'

2023-08-25 10:46:51 - [TEST_STEP][PASSED] - hasilComment = getText(findTestObject("make_appointment/hasil comment")): Text of object 'Object Repository/make_appointment/hasil comment' is: 'Hello World'

2023-08-25 10:46:51 - [MESSAGE][PASSED] - Text of object 'Object Repository/make_appointment/hasil comment' is: 'Hello World'

2023-08-25 10:46:51 - [TEST_STEP][PASSED] - assert trim().equalsIgnoreCase(facility.trim()): null

2023-08-25 10:46:51 - [TEST_STEP][PASSED] - assert trim().equalsIgnoreCase(hospital_readmission.trim()): null

2023-08-25 10:46:51 - [TEST_STEP][PASSED] - assert trim().equalsIgnoreCase(healthcare_program.trim()): null

2023-08-25 10:46:51 - [TEST_STEP][PASSED] - assert trim().equalsIgnoreCase(visit_date.trim()): null

2023-08-25 10:46:51 - [TEST_STEP][PASSED] - assert trim().equalsIgnoreCase(comment.trim()): null

2023-08-25 10:46:51 - [TEST_STEP][PASSED] - closeBrowser(): Browser is closed

2023-08-25 10:46:52 - [MESSAGE][PASSED] - Browser is closed]]></system-out>
         <system-err><![CDATA[]]></system-err>
      </testcase>
      <system-out><![CDATA[2023-08-25 10:38:58 - [TEST_SUITE][PASSED] - test suite appoitment: Test Cases/appointment/Test Case 2.1 (versi dinamis)]]></system-out>
      <system-err><![CDATA[]]></system-err>
   </testsuite>
</testsuites>
