<?xml version="1.0" encoding="UTF-8"?>
<testsuites name="Test Suite Appointment" time="79.177" tests="3" failures="0" errors="0">
   <testsuite name="Test Suite Appointment" tests="3" failures="0" errors="0" time="79.177" skipped="0" timestamp="2023-08-25 09:50:48" hostname="Aslamadin Alvian Haz - DESKTOP-L5FUI4E" id="Test Suites/Test Suite Appointment">
      <properties>
         <property name="deviceName" value=""/>
         <property name="devicePlatform" value=""/>
         <property name="logFolder" value="C:\\Users\\Aslamadin Alvian Haz\\Documents\\Batch 324 QA XSIS Academy\\batch-324-qa\\Alvin\\New folder\\CuraHerokuApp\\Reports\\20230825_095033\\Test Suite Appointment\\20230825_095033"/>
         <property name="logFiles" value="C:\\Users\\Aslamadin Alvian Haz\\Documents\\Batch 324 QA XSIS Academy\\batch-324-qa\\Alvin\\New folder\\CuraHerokuApp\\Reports\\20230825_095033\\Test Suite Appointment\\20230825_095033\\execution0.log"/>
         <property name="attachments" value=""/>
         <property name="hostName" value="Aslamadin Alvian Haz - DESKTOP-L5FUI4E"/>
         <property name="os" value="Windows 10 64bit"/>
         <property name="katalonVersion" value="8.6.5.208"/>
         <property name="browser" value="Edge Chromium 116"/>
         <property name="hostAddress" value="192.168.137.64"/>
         <property name="sessionId" value="c4ce9b5ef0b1f773f40a0de39be4e45a"/>
         <property name="seleniumVersion" value="3.141.59"/>
         <property name="proxyInformation" value="ProxyInformation { proxyOption=NO_PROXY, proxyServerType=HTTP, username=, password=********, proxyServerAddress=, proxyServerPort=0, executionList=&quot;&quot;, isApplyToDesiredCapabilities=true }"/>
         <property name="platform" value="Windows 10"/>
      </properties>
      <testcase name="Test Cases/Appointment/Test Case 2.1 (dinamis)" time="31.062" classname="Test Cases/Appointment/Test Case 2.1 (dinamis)" status="PASSED">
         <system-out><![CDATA[2023-08-25 09:50:49 - [TEST_CASE][PASSED] - Test Cases/Appointment/Test Case 2.1 (dinamis): Test Cases/Appointment/Test Case 2.1 (dinamis)

2023-08-25 09:50:50 - [TEST_STEP][PASSED] - callTestCase(findTestCase("Login/Test Case 1.1 (Script)"), ["username":username, "password":password], STOP_ON_FAILURE): Call Test Case 'Test Cases/Login/Test Case 1.1 (Script)' successfully

2023-08-25 09:50:51 - [TEST_CASE][PASSED] - Test Cases/Login/Test Case 1.1 (Script): Test Cases/Login/Test Case 1.1 (Script)

2023-08-25 09:50:52 - [TEST_STEP][PASSED] - openBrowser("https://katalon-demo-cura.herokuapp.com/"): Browser is opened with url: 'https://katalon-demo-cura.herokuapp.com/'

2023-08-25 09:50:52 - [MESSAGE][INFO] - Starting 'Edge Chromium' driver

2023-08-25 09:50:55 - [MESSAGE][INFO] - Action delay is set to 0 milliseconds

2023-08-25 09:51:04 - [MESSAGE][PASSED] - Browser is opened with url: 'https://katalon-demo-cura.herokuapp.com/'

2023-08-25 09:51:04 - [TEST_STEP][PASSED] - maximizeWindow(): Current window maximized

2023-08-25 09:51:04 - [MESSAGE][PASSED] - Current window maximized

2023-08-25 09:51:04 - [TEST_STEP][PASSED] - verifyElementPresent(findTestObject("Object Repository/Objek untuk login/title_homepage"), 10): Object 'Object Repository/Objek untuk login/title_homepage' is present

2023-08-25 09:51:04 - [MESSAGE][PASSED] - Object 'Object Repository/Objek untuk login/title_homepage' is present

2023-08-25 09:51:04 - [TEST_STEP][PASSED] - click(findTestObject("Object Repository/Objek untuk login/menu_burger")): Object: 'Object Repository/Objek untuk login/menu_burger' is clicked on

2023-08-25 09:51:05 - [MESSAGE][PASSED] - Object: 'Object Repository/Objek untuk login/menu_burger' is clicked on

2023-08-25 09:51:05 - [TEST_STEP][PASSED] - click(findTestObject("Object Repository/Objek untuk login/menu_login")): Object: 'Object Repository/Objek untuk login/menu_login' is clicked on

2023-08-25 09:51:07 - [MESSAGE][PASSED] - Object: 'Object Repository/Objek untuk login/menu_login' is clicked on

2023-08-25 09:51:07 - [TEST_STEP][PASSED] - verifyElementPresent(findTestObject("Object Repository/Objek untuk login/verifikasi_masuk_halaman_login"), 10): Object 'Object Repository/Objek untuk login/verifikasi_masuk_halaman_login' is present

2023-08-25 09:51:08 - [MESSAGE][PASSED] - Object 'Object Repository/Objek untuk login/verifikasi_masuk_halaman_login' is present

2023-08-25 09:51:08 - [TEST_STEP][PASSED] - setText(findTestObject("Object Repository/Objek untuk login/input_form_username"), username): Text 'John Doe' is set on object 'Object Repository/Objek untuk login/input_form_username'

2023-08-25 09:51:09 - [MESSAGE][PASSED] - Text 'John Doe' is set on object 'Object Repository/Objek untuk login/input_form_username'

2023-08-25 09:51:09 - [TEST_STEP][PASSED] - setEncryptedText(findTestObject("Object Repository/Objek untuk login/input_form_password"), password): Text ****** has been set on object 'Object Repository/Objek untuk login/input_form_password'

2023-08-25 09:51:09 - [MESSAGE][PASSED] - Text ****** has been set on object 'Object Repository/Objek untuk login/input_form_password'

2023-08-25 09:51:09 - [TEST_STEP][PASSED] - click(findTestObject("Object Repository/Objek untuk login/button_form_Login")): Object: 'Object Repository/Objek untuk login/button_form_Login' is clicked on

2023-08-25 09:51:11 - [MESSAGE][PASSED] - Object: 'Object Repository/Objek untuk login/button_form_Login' is clicked on

2023-08-25 09:51:11 - [TEST_STEP][PASSED] - verifyElementPresent(findTestObject("Object Repository/Objek untuk login/title_make _appointment"), 10): Object 'Object Repository/Objek untuk login/title_make _appointment' is present

2023-08-25 09:51:11 - [MESSAGE][PASSED] - Object 'Object Repository/Objek untuk login/title_make _appointment' is present

2023-08-25 09:51:11 - [MESSAGE][PASSED] - Call Test Case 'Test Cases/Login/Test Case 1.1 (Script)' successfully

2023-08-25 09:51:11 - [TEST_STEP][PASSED] - selectOptionByValue(findTestObject("Make Appointment/select_facility"), facility, false): All options with value 'Seoul CURA Healthcare Center' are selected in object 'Object Repository/Make Appointment/select_facility' 

2023-08-25 09:51:12 - [MESSAGE][PASSED] - All options with value 'Seoul CURA Healthcare Center' are selected in object 'Object Repository/Make Appointment/select_facility' 

2023-08-25 09:51:12 - [TEST_STEP][PASSED] - if (toString().equalsIgnoreCase("yes")): Object 'Object Repository/Make Appointment/apply_hospital_readmission' is checked

2023-08-25 09:51:12 - [TEST_STEP][PASSED] - check(findTestObject("Make Appointment/apply_hospital_readmission")): Object 'Object Repository/Make Appointment/apply_hospital_readmission' is checked

2023-08-25 09:51:13 - [MESSAGE][PASSED] - Object 'Object Repository/Make Appointment/apply_hospital_readmission' is checked

2023-08-25 09:51:13 - [TEST_STEP][PASSED] - if (toString().equalsIgnoreCase("medicare")): null

2023-08-25 09:51:13 - [TEST_STEP][PASSED] - else if (toString().equalsIgnoreCase("medicaid")): Object 'Object Repository/Make Appointment/option_medicaid' is checked

2023-08-25 09:51:13 - [TEST_STEP][PASSED] - check(findTestObject("Make Appointment/option_medicaid")): Object 'Object Repository/Make Appointment/option_medicaid' is checked

2023-08-25 09:51:14 - [MESSAGE][PASSED] - Object 'Object Repository/Make Appointment/option_medicaid' is checked

2023-08-25 09:51:14 - [TEST_STEP][PASSED] - setText(findTestObject("Make Appointment/visit_date_appointment"), date): Text '05/05/2021' is set on object 'Object Repository/Make Appointment/visit_date_appointment'

2023-08-25 09:51:15 - [MESSAGE][PASSED] - Text '05/05/2021' is set on object 'Object Repository/Make Appointment/visit_date_appointment'

2023-08-25 09:51:15 - [TEST_STEP][PASSED] - setText(findTestObject("Make Appointment/comment_appointment"), comment): Text 'lorem ipsum der umet umet mumet' is set on object 'Object Repository/Make Appointment/comment_appointment'

2023-08-25 09:51:16 - [MESSAGE][PASSED] - Text 'lorem ipsum der umet umet mumet' is set on object 'Object Repository/Make Appointment/comment_appointment'

2023-08-25 09:51:16 - [TEST_STEP][PASSED] - click(findTestObject("Make Appointment/button_book_appointment")): Object: 'Object Repository/Make Appointment/button_book_appointment' is clicked on

2023-08-25 09:51:17 - [MESSAGE][PASSED] - Object: 'Object Repository/Make Appointment/button_book_appointment' is clicked on

2023-08-25 09:51:17 - [TEST_STEP][PASSED] - verifyElementPresent(findTestObject("Make Appointment/verify_appointment_confirmation"), 10): Object 'Object Repository/Make Appointment/verify_appointment_confirmation' is present

2023-08-25 09:51:17 - [MESSAGE][PASSED] - Object 'Object Repository/Make Appointment/verify_appointment_confirmation' is present

2023-08-25 09:51:17 - [TEST_STEP][PASSED] - hasilFacility = getText(findTestObject("Object Repository/Make Appointment/hasil_facility")): Text of object 'Object Repository/Make Appointment/hasil_facility' is: 'Seoul CURA Healthcare Center'

2023-08-25 09:51:18 - [MESSAGE][PASSED] - Text of object 'Object Repository/Make Appointment/hasil_facility' is: 'Seoul CURA Healthcare Center'

2023-08-25 09:51:18 - [TEST_STEP][PASSED] - hasilReadmission = getText(findTestObject("Object Repository/Make Appointment/hasil_readmission")): Text of object 'Object Repository/Make Appointment/hasil_readmission' is: 'Yes'

2023-08-25 09:51:18 - [MESSAGE][PASSED] - Text of object 'Object Repository/Make Appointment/hasil_readmission' is: 'Yes'

2023-08-25 09:51:18 - [TEST_STEP][PASSED] - hasilProgram = getText(findTestObject("Object Repository/Make Appointment/hasil_program")): Text of object 'Object Repository/Make Appointment/hasil_program' is: 'Medicaid'

2023-08-25 09:51:19 - [MESSAGE][PASSED] - Text of object 'Object Repository/Make Appointment/hasil_program' is: 'Medicaid'

2023-08-25 09:51:19 - [TEST_STEP][PASSED] - hasilDate = getText(findTestObject("Make Appointment/hasil_visit_date")): Text of object 'Object Repository/Make Appointment/hasil_visit_date' is: '05/05/2021'

2023-08-25 09:51:19 - [MESSAGE][PASSED] - Text of object 'Object Repository/Make Appointment/hasil_visit_date' is: '05/05/2021'

2023-08-25 09:51:19 - [TEST_STEP][PASSED] - hasilComment = getText(findTestObject("Make Appointment/hasil_comment")): Text of object 'Object Repository/Make Appointment/hasil_comment' is: 'lorem ipsum der umet umet mumet'

2023-08-25 09:51:20 - [MESSAGE][PASSED] - Text of object 'Object Repository/Make Appointment/hasil_comment' is: 'lorem ipsum der umet umet mumet'

2023-08-25 09:51:20 - [TEST_STEP][PASSED] - assert toString().equalsIgnoreCase(facility): null

2023-08-25 09:51:20 - [TEST_STEP][PASSED] - assert toString().equalsIgnoreCase(readmission): null

2023-08-25 09:51:20 - [TEST_STEP][PASSED] - assert toString().equalsIgnoreCase(healthcare_program): null

2023-08-25 09:51:20 - [TEST_STEP][PASSED] - assert toString().equalsIgnoreCase(date): null

2023-08-25 09:51:20 - [TEST_STEP][PASSED] - assert toString().equalsIgnoreCase(comment): null]]></system-out>
         <system-err><![CDATA[]]></system-err>
      </testcase>
      <testcase name="Test Cases/Appointment/Test Case 2.1 (dinamis)" time="22.595" classname="Test Cases/Appointment/Test Case 2.1 (dinamis)" status="PASSED">
         <system-out><![CDATA[2023-08-25 09:51:20 - [TEST_CASE][PASSED] - Test Cases/Appointment/Test Case 2.1 (dinamis): Test Cases/Appointment/Test Case 2.1 (dinamis)

2023-08-25 09:51:20 - [TEST_STEP][PASSED] - callTestCase(findTestCase("Login/Test Case 1.1 (Script)"), ["username":username, "password":password], STOP_ON_FAILURE): Call Test Case 'Test Cases/Login/Test Case 1.1 (Script)' successfully

2023-08-25 09:51:20 - [TEST_CASE][PASSED] - Test Cases/Login/Test Case 1.1 (Script): Test Cases/Login/Test Case 1.1 (Script)

2023-08-25 09:51:20 - [TEST_STEP][PASSED] - openBrowser("https://katalon-demo-cura.herokuapp.com/"): Browser is opened with url: 'https://katalon-demo-cura.herokuapp.com/'

2023-08-25 09:51:20 - [MESSAGE][WARNING] - A browser is already opened. Closing browser and opening a new one

2023-08-25 09:51:21 - [MESSAGE][INFO] - Starting 'Edge Chromium' driver

2023-08-25 09:51:23 - [MESSAGE][INFO] - Action delay is set to 0 milliseconds

2023-08-25 09:51:28 - [MESSAGE][PASSED] - Browser is opened with url: 'https://katalon-demo-cura.herokuapp.com/'

2023-08-25 09:51:28 - [TEST_STEP][PASSED] - maximizeWindow(): Current window maximized

2023-08-25 09:51:28 - [MESSAGE][PASSED] - Current window maximized

2023-08-25 09:51:28 - [TEST_STEP][PASSED] - verifyElementPresent(findTestObject("Object Repository/Objek untuk login/title_homepage"), 10): Object 'Object Repository/Objek untuk login/title_homepage' is present

2023-08-25 09:51:29 - [MESSAGE][PASSED] - Object 'Object Repository/Objek untuk login/title_homepage' is present

2023-08-25 09:51:29 - [TEST_STEP][PASSED] - click(findTestObject("Object Repository/Objek untuk login/menu_burger")): Object: 'Object Repository/Objek untuk login/menu_burger' is clicked on

2023-08-25 09:51:29 - [MESSAGE][PASSED] - Object: 'Object Repository/Objek untuk login/menu_burger' is clicked on

2023-08-25 09:51:29 - [TEST_STEP][PASSED] - click(findTestObject("Object Repository/Objek untuk login/menu_login")): Object: 'Object Repository/Objek untuk login/menu_login' is clicked on

2023-08-25 09:51:31 - [MESSAGE][PASSED] - Object: 'Object Repository/Objek untuk login/menu_login' is clicked on

2023-08-25 09:51:31 - [TEST_STEP][PASSED] - verifyElementPresent(findTestObject("Object Repository/Objek untuk login/verifikasi_masuk_halaman_login"), 10): Object 'Object Repository/Objek untuk login/verifikasi_masuk_halaman_login' is present

2023-08-25 09:51:32 - [MESSAGE][PASSED] - Object 'Object Repository/Objek untuk login/verifikasi_masuk_halaman_login' is present

2023-08-25 09:51:32 - [TEST_STEP][PASSED] - setText(findTestObject("Object Repository/Objek untuk login/input_form_username"), username): Text 'John Doe' is set on object 'Object Repository/Objek untuk login/input_form_username'

2023-08-25 09:51:33 - [MESSAGE][PASSED] - Text 'John Doe' is set on object 'Object Repository/Objek untuk login/input_form_username'

2023-08-25 09:51:33 - [TEST_STEP][PASSED] - setEncryptedText(findTestObject("Object Repository/Objek untuk login/input_form_password"), password): Text ****** has been set on object 'Object Repository/Objek untuk login/input_form_password'

2023-08-25 09:51:33 - [MESSAGE][PASSED] - Text ****** has been set on object 'Object Repository/Objek untuk login/input_form_password'

2023-08-25 09:51:33 - [TEST_STEP][PASSED] - click(findTestObject("Object Repository/Objek untuk login/button_form_Login")): Object: 'Object Repository/Objek untuk login/button_form_Login' is clicked on

2023-08-25 09:51:35 - [MESSAGE][PASSED] - Object: 'Object Repository/Objek untuk login/button_form_Login' is clicked on

2023-08-25 09:51:35 - [TEST_STEP][PASSED] - verifyElementPresent(findTestObject("Object Repository/Objek untuk login/title_make _appointment"), 10): Object 'Object Repository/Objek untuk login/title_make _appointment' is present

2023-08-25 09:51:35 - [MESSAGE][PASSED] - Object 'Object Repository/Objek untuk login/title_make _appointment' is present

2023-08-25 09:51:35 - [MESSAGE][PASSED] - Call Test Case 'Test Cases/Login/Test Case 1.1 (Script)' successfully

2023-08-25 09:51:35 - [TEST_STEP][PASSED] - selectOptionByValue(findTestObject("Make Appointment/select_facility"), facility, false): All options with value 'Tokyo CURA Healthcare Center' are selected in object 'Object Repository/Make Appointment/select_facility' 

2023-08-25 09:51:36 - [MESSAGE][PASSED] - All options with value 'Tokyo CURA Healthcare Center' are selected in object 'Object Repository/Make Appointment/select_facility' 

2023-08-25 09:51:36 - [TEST_STEP][PASSED] - if (toString().equalsIgnoreCase("yes")): null

2023-08-25 09:51:36 - [TEST_STEP][PASSED] - if (toString().equalsIgnoreCase("medicare")): Object 'Object Repository/Make Appointment/option_medicare' is checked

2023-08-25 09:51:36 - [TEST_STEP][PASSED] - check(findTestObject("Object Repository/Make Appointment/option_medicare")): Object 'Object Repository/Make Appointment/option_medicare' is checked

2023-08-25 09:51:37 - [MESSAGE][PASSED] - Object 'Object Repository/Make Appointment/option_medicare' is checked

2023-08-25 09:51:37 - [TEST_STEP][PASSED] - setText(findTestObject("Make Appointment/visit_date_appointment"), date): Text '06/05/2021' is set on object 'Object Repository/Make Appointment/visit_date_appointment'

2023-08-25 09:51:38 - [MESSAGE][PASSED] - Text '06/05/2021' is set on object 'Object Repository/Make Appointment/visit_date_appointment'

2023-08-25 09:51:38 - [TEST_STEP][PASSED] - setText(findTestObject("Make Appointment/comment_appointment"), comment): Text 'gitar kupetik bas kubetot' is set on object 'Object Repository/Make Appointment/comment_appointment'

2023-08-25 09:51:39 - [MESSAGE][PASSED] - Text 'gitar kupetik bas kubetot' is set on object 'Object Repository/Make Appointment/comment_appointment'

2023-08-25 09:51:39 - [TEST_STEP][PASSED] - click(findTestObject("Make Appointment/button_book_appointment")): Object: 'Object Repository/Make Appointment/button_book_appointment' is clicked on

2023-08-25 09:51:40 - [MESSAGE][PASSED] - Object: 'Object Repository/Make Appointment/button_book_appointment' is clicked on

2023-08-25 09:51:40 - [TEST_STEP][PASSED] - verifyElementPresent(findTestObject("Make Appointment/verify_appointment_confirmation"), 10): Object 'Object Repository/Make Appointment/verify_appointment_confirmation' is present

2023-08-25 09:51:40 - [MESSAGE][PASSED] - Object 'Object Repository/Make Appointment/verify_appointment_confirmation' is present

2023-08-25 09:51:40 - [TEST_STEP][PASSED] - hasilFacility = getText(findTestObject("Object Repository/Make Appointment/hasil_facility")): Text of object 'Object Repository/Make Appointment/hasil_facility' is: 'Tokyo CURA Healthcare Center'

2023-08-25 09:51:41 - [MESSAGE][PASSED] - Text of object 'Object Repository/Make Appointment/hasil_facility' is: 'Tokyo CURA Healthcare Center'

2023-08-25 09:51:41 - [TEST_STEP][PASSED] - hasilReadmission = getText(findTestObject("Object Repository/Make Appointment/hasil_readmission")): Text of object 'Object Repository/Make Appointment/hasil_readmission' is: 'No'

2023-08-25 09:51:41 - [MESSAGE][PASSED] - Text of object 'Object Repository/Make Appointment/hasil_readmission' is: 'No'

2023-08-25 09:51:41 - [TEST_STEP][PASSED] - hasilProgram = getText(findTestObject("Object Repository/Make Appointment/hasil_program")): Text of object 'Object Repository/Make Appointment/hasil_program' is: 'Medicare'

2023-08-25 09:51:42 - [MESSAGE][PASSED] - Text of object 'Object Repository/Make Appointment/hasil_program' is: 'Medicare'

2023-08-25 09:51:42 - [TEST_STEP][PASSED] - hasilDate = getText(findTestObject("Make Appointment/hasil_visit_date")): Text of object 'Object Repository/Make Appointment/hasil_visit_date' is: '06/05/2021'

2023-08-25 09:51:42 - [MESSAGE][PASSED] - Text of object 'Object Repository/Make Appointment/hasil_visit_date' is: '06/05/2021'

2023-08-25 09:51:42 - [TEST_STEP][PASSED] - hasilComment = getText(findTestObject("Make Appointment/hasil_comment")): Text of object 'Object Repository/Make Appointment/hasil_comment' is: 'gitar kupetik bas kubetot'

2023-08-25 09:51:43 - [MESSAGE][PASSED] - Text of object 'Object Repository/Make Appointment/hasil_comment' is: 'gitar kupetik bas kubetot'

2023-08-25 09:51:43 - [TEST_STEP][PASSED] - assert toString().equalsIgnoreCase(facility): null

2023-08-25 09:51:43 - [TEST_STEP][PASSED] - assert toString().equalsIgnoreCase(readmission): null

2023-08-25 09:51:43 - [TEST_STEP][PASSED] - assert toString().equalsIgnoreCase(healthcare_program): null

2023-08-25 09:51:43 - [TEST_STEP][PASSED] - assert toString().equalsIgnoreCase(date): null

2023-08-25 09:51:43 - [TEST_STEP][PASSED] - assert toString().equalsIgnoreCase(comment): null]]></system-out>
         <system-err><![CDATA[]]></system-err>
      </testcase>
      <testcase name="Test Cases/Appointment/Test Case 2.1 (dinamis)" time="24.111" classname="Test Cases/Appointment/Test Case 2.1 (dinamis)" status="PASSED">
         <system-out><![CDATA[2023-08-25 09:51:43 - [TEST_CASE][PASSED] - Test Cases/Appointment/Test Case 2.1 (dinamis): Test Cases/Appointment/Test Case 2.1 (dinamis)

2023-08-25 09:51:43 - [TEST_STEP][PASSED] - callTestCase(findTestCase("Login/Test Case 1.1 (Script)"), ["username":username, "password":password], STOP_ON_FAILURE): Call Test Case 'Test Cases/Login/Test Case 1.1 (Script)' successfully

2023-08-25 09:51:43 - [TEST_CASE][PASSED] - Test Cases/Login/Test Case 1.1 (Script): Test Cases/Login/Test Case 1.1 (Script)

2023-08-25 09:51:43 - [TEST_STEP][PASSED] - openBrowser("https://katalon-demo-cura.herokuapp.com/"): Browser is opened with url: 'https://katalon-demo-cura.herokuapp.com/'

2023-08-25 09:51:43 - [MESSAGE][WARNING] - A browser is already opened. Closing browser and opening a new one

2023-08-25 09:51:44 - [MESSAGE][INFO] - Starting 'Edge Chromium' driver

2023-08-25 09:51:46 - [MESSAGE][INFO] - Action delay is set to 0 milliseconds

2023-08-25 09:51:51 - [MESSAGE][PASSED] - Browser is opened with url: 'https://katalon-demo-cura.herokuapp.com/'

2023-08-25 09:51:51 - [TEST_STEP][PASSED] - maximizeWindow(): Current window maximized

2023-08-25 09:51:51 - [MESSAGE][PASSED] - Current window maximized

2023-08-25 09:51:51 - [TEST_STEP][PASSED] - verifyElementPresent(findTestObject("Object Repository/Objek untuk login/title_homepage"), 10): Object 'Object Repository/Objek untuk login/title_homepage' is present

2023-08-25 09:51:52 - [MESSAGE][PASSED] - Object 'Object Repository/Objek untuk login/title_homepage' is present

2023-08-25 09:51:52 - [TEST_STEP][PASSED] - click(findTestObject("Object Repository/Objek untuk login/menu_burger")): Object: 'Object Repository/Objek untuk login/menu_burger' is clicked on

2023-08-25 09:51:52 - [MESSAGE][PASSED] - Object: 'Object Repository/Objek untuk login/menu_burger' is clicked on

2023-08-25 09:51:52 - [TEST_STEP][PASSED] - click(findTestObject("Object Repository/Objek untuk login/menu_login")): Object: 'Object Repository/Objek untuk login/menu_login' is clicked on

2023-08-25 09:51:54 - [MESSAGE][PASSED] - Object: 'Object Repository/Objek untuk login/menu_login' is clicked on

2023-08-25 09:51:54 - [TEST_STEP][PASSED] - verifyElementPresent(findTestObject("Object Repository/Objek untuk login/verifikasi_masuk_halaman_login"), 10): Object 'Object Repository/Objek untuk login/verifikasi_masuk_halaman_login' is present

2023-08-25 09:51:55 - [MESSAGE][PASSED] - Object 'Object Repository/Objek untuk login/verifikasi_masuk_halaman_login' is present

2023-08-25 09:51:55 - [TEST_STEP][PASSED] - setText(findTestObject("Object Repository/Objek untuk login/input_form_username"), username): Text 'John Doe' is set on object 'Object Repository/Objek untuk login/input_form_username'

2023-08-25 09:51:56 - [MESSAGE][PASSED] - Text 'John Doe' is set on object 'Object Repository/Objek untuk login/input_form_username'

2023-08-25 09:51:56 - [TEST_STEP][PASSED] - setEncryptedText(findTestObject("Object Repository/Objek untuk login/input_form_password"), password): Text ****** has been set on object 'Object Repository/Objek untuk login/input_form_password'

2023-08-25 09:51:56 - [MESSAGE][PASSED] - Text ****** has been set on object 'Object Repository/Objek untuk login/input_form_password'

2023-08-25 09:51:56 - [TEST_STEP][PASSED] - click(findTestObject("Object Repository/Objek untuk login/button_form_Login")): Object: 'Object Repository/Objek untuk login/button_form_Login' is clicked on

2023-08-25 09:51:58 - [MESSAGE][PASSED] - Object: 'Object Repository/Objek untuk login/button_form_Login' is clicked on

2023-08-25 09:51:58 - [TEST_STEP][PASSED] - verifyElementPresent(findTestObject("Object Repository/Objek untuk login/title_make _appointment"), 10): Object 'Object Repository/Objek untuk login/title_make _appointment' is present

2023-08-25 09:51:58 - [MESSAGE][PASSED] - Object 'Object Repository/Objek untuk login/title_make _appointment' is present

2023-08-25 09:51:58 - [MESSAGE][PASSED] - Call Test Case 'Test Cases/Login/Test Case 1.1 (Script)' successfully

2023-08-25 09:51:58 - [TEST_STEP][PASSED] - selectOptionByValue(findTestObject("Make Appointment/select_facility"), facility, false): All options with value 'Seoul CURA Healthcare Center' are selected in object 'Object Repository/Make Appointment/select_facility' 

2023-08-25 09:51:59 - [MESSAGE][PASSED] - All options with value 'Seoul CURA Healthcare Center' are selected in object 'Object Repository/Make Appointment/select_facility' 

2023-08-25 09:51:59 - [TEST_STEP][PASSED] - if (toString().equalsIgnoreCase("yes")): null

2023-08-25 09:51:59 - [TEST_STEP][PASSED] - if (toString().equalsIgnoreCase("medicare")): Object 'Object Repository/Make Appointment/option_medicare' is checked

2023-08-25 09:51:59 - [TEST_STEP][PASSED] - check(findTestObject("Object Repository/Make Appointment/option_medicare")): Object 'Object Repository/Make Appointment/option_medicare' is checked

2023-08-25 09:52:00 - [MESSAGE][PASSED] - Object 'Object Repository/Make Appointment/option_medicare' is checked

2023-08-25 09:52:00 - [TEST_STEP][PASSED] - setText(findTestObject("Make Appointment/visit_date_appointment"), date): Text '06/05/2021' is set on object 'Object Repository/Make Appointment/visit_date_appointment'

2023-08-25 09:52:01 - [MESSAGE][PASSED] - Text '06/05/2021' is set on object 'Object Repository/Make Appointment/visit_date_appointment'

2023-08-25 09:52:01 - [TEST_STEP][PASSED] - setText(findTestObject("Make Appointment/comment_appointment"), comment): Text 'jalan jalan ke kebun raya, cakeepp' is set on object 'Object Repository/Make Appointment/comment_appointment'

2023-08-25 09:52:02 - [MESSAGE][PASSED] - Text 'jalan jalan ke kebun raya, cakeepp' is set on object 'Object Repository/Make Appointment/comment_appointment'

2023-08-25 09:52:02 - [TEST_STEP][PASSED] - click(findTestObject("Make Appointment/button_book_appointment")): Object: 'Object Repository/Make Appointment/button_book_appointment' is clicked on

2023-08-25 09:52:03 - [MESSAGE][PASSED] - Object: 'Object Repository/Make Appointment/button_book_appointment' is clicked on

2023-08-25 09:52:03 - [TEST_STEP][PASSED] - verifyElementPresent(findTestObject("Make Appointment/verify_appointment_confirmation"), 10): Object 'Object Repository/Make Appointment/verify_appointment_confirmation' is present

2023-08-25 09:52:05 - [MESSAGE][PASSED] - Object 'Object Repository/Make Appointment/verify_appointment_confirmation' is present

2023-08-25 09:52:05 - [TEST_STEP][PASSED] - hasilFacility = getText(findTestObject("Object Repository/Make Appointment/hasil_facility")): Text of object 'Object Repository/Make Appointment/hasil_facility' is: 'Seoul CURA Healthcare Center'

2023-08-25 09:52:05 - [MESSAGE][PASSED] - Text of object 'Object Repository/Make Appointment/hasil_facility' is: 'Seoul CURA Healthcare Center'

2023-08-25 09:52:05 - [TEST_STEP][PASSED] - hasilReadmission = getText(findTestObject("Object Repository/Make Appointment/hasil_readmission")): Text of object 'Object Repository/Make Appointment/hasil_readmission' is: 'No'

2023-08-25 09:52:06 - [MESSAGE][PASSED] - Text of object 'Object Repository/Make Appointment/hasil_readmission' is: 'No'

2023-08-25 09:52:06 - [TEST_STEP][PASSED] - hasilProgram = getText(findTestObject("Object Repository/Make Appointment/hasil_program")): Text of object 'Object Repository/Make Appointment/hasil_program' is: 'Medicare'

2023-08-25 09:52:06 - [MESSAGE][PASSED] - Text of object 'Object Repository/Make Appointment/hasil_program' is: 'Medicare'

2023-08-25 09:52:06 - [TEST_STEP][PASSED] - hasilDate = getText(findTestObject("Make Appointment/hasil_visit_date")): Text of object 'Object Repository/Make Appointment/hasil_visit_date' is: '06/05/2021'

2023-08-25 09:52:06 - [MESSAGE][PASSED] - Text of object 'Object Repository/Make Appointment/hasil_visit_date' is: '06/05/2021'

2023-08-25 09:52:06 - [TEST_STEP][PASSED] - hasilComment = getText(findTestObject("Make Appointment/hasil_comment")): Text of object 'Object Repository/Make Appointment/hasil_comment' is: 'jalan jalan ke kebun raya, cakeepp'

2023-08-25 09:52:07 - [MESSAGE][PASSED] - Text of object 'Object Repository/Make Appointment/hasil_comment' is: 'jalan jalan ke kebun raya, cakeepp'

2023-08-25 09:52:07 - [TEST_STEP][PASSED] - assert toString().equalsIgnoreCase(facility): null

2023-08-25 09:52:07 - [TEST_STEP][PASSED] - assert toString().equalsIgnoreCase(readmission): null

2023-08-25 09:52:07 - [TEST_STEP][PASSED] - assert toString().equalsIgnoreCase(healthcare_program): null

2023-08-25 09:52:07 - [TEST_STEP][PASSED] - assert toString().equalsIgnoreCase(date): null

2023-08-25 09:52:07 - [TEST_STEP][PASSED] - assert toString().equalsIgnoreCase(comment): null]]></system-out>
         <system-err><![CDATA[]]></system-err>
      </testcase>
      <system-out><![CDATA[2023-08-25 09:50:48 - [TEST_SUITE][PASSED] - Test Suite Appointment: Test Cases/Appointment/Test Case 2.1 (dinamis)]]></system-out>
      <system-err><![CDATA[]]></system-err>
   </testsuite>
</testsuites>
