<?xml version="1.0" encoding="UTF-8"?>
<testsuites name="Tes Suite Sauce Demo" time="464.265" tests="31" failures="2" errors="0">
   <testsuite name="Tes Suite Sauce Demo" tests="31" failures="2" errors="0" time="464.265" skipped="0" timestamp="2023-08-31 12:38:31" hostname="ASUS - DESKTOP-MRD68AC" id="Test Suites/Tes Suite Sauce Demo">
      <properties>
         <property name="deviceName" value=""/>
         <property name="devicePlatform" value=""/>
         <property name="logFolder" value="D:\\xsis\\batch-324-qa\\bagus\\Sauce Demo\\Reports\\20230831_123819\\Tes Suite Sauce Demo\\20230831_123819"/>
         <property name="logFiles" value="D:\\xsis\\batch-324-qa\\bagus\\Sauce Demo\\Reports\\20230831_123819\\Tes Suite Sauce Demo\\20230831_123819\\execution0.log"/>
         <property name="attachments" value="D:\\xsis\\batch-324-qa\\bagus\\Sauce Demo\\Reports\\20230831_123819\\Tes Suite Sauce Demo\\20230831_123819\\1693460334041.png, D:\\xsis\\batch-324-qa\\bagus\\Sauce Demo\\Reports\\20230831_123819\\Tes Suite Sauce Demo\\20230831_123819\\1693460334280.png"/>
         <property name="hostName" value="ASUS - DESKTOP-MRD68AC"/>
         <property name="os" value="Windows 10 64bit"/>
         <property name="katalonVersion" value="8.6.5.208"/>
         <property name="browser" value="Edge Chromium 116"/>
         <property name="hostAddress" value="10.9.2.21"/>
         <property name="sessionId" value="1c48389504206e6b7c174dee08aa2e49"/>
         <property name="seleniumVersion" value="3.141.59"/>
         <property name="proxyInformation" value="ProxyInformation { proxyOption=NO_PROXY, proxyServerType=HTTP, username=, password=********, proxyServerAddress=, proxyServerPort=0, executionList=&quot;&quot;, isApplyToDesiredCapabilities=true }"/>
         <property name="platform" value="Windows 10"/>
      </properties>
      <testcase name="Test Cases/Logout/logout" time="14.777" classname="Test Cases/Logout/logout" status="PASSED">
         <system-out><![CDATA[2023-08-31 12:38:31 - [TEST_CASE][PASSED] - Test Cases/Logout/logout: Test Cases/Logout/logout

2023-08-31 12:38:31 - [TEST_STEP][PASSED] - callTestCase(findTestCase("Login/TC-Login-Success-001"), [:], STOP_ON_FAILURE): Call Test Case 'Test Cases/Login/TC-Login-Success-001' successfully

2023-08-31 12:38:31 - [TEST_CASE][PASSED] - Test Cases/Login/TC-Login-Success-001: Test Cases/Login/TC-Login-Success-001

2023-08-31 12:38:32 - [TEST_STEP][PASSED] - openBrowser(url): Browser is opened with url: 'https://www.saucedemo.com/'

2023-08-31 12:38:32 - [MESSAGE][INFO] - Starting 'Edge Chromium' driver

2023-08-31 12:38:35 - [MESSAGE][INFO] - Action delay is set to 0 milliseconds

2023-08-31 12:38:38 - [MESSAGE][PASSED] - Browser is opened with url: 'https://www.saucedemo.com/'

2023-08-31 12:38:38 - [TEST_STEP][PASSED] - maximizeWindow(): Current window maximized

2023-08-31 12:38:38 - [MESSAGE][PASSED] - Current window maximized

2023-08-31 12:38:38 - [TEST_STEP][PASSED] - setText(findTestObject("login/input_username"), username): Text 'standard_user' is set on object 'Object Repository/login/input_username'

2023-08-31 12:38:39 - [MESSAGE][PASSED] - Text 'standard_user' is set on object 'Object Repository/login/input_username'

2023-08-31 12:38:39 - [TEST_STEP][PASSED] - setEncryptedText(findTestObject("login/input_password"), password): Text ****** has been set on object 'Object Repository/login/input_password'

2023-08-31 12:38:40 - [MESSAGE][PASSED] - Text ****** has been set on object 'Object Repository/login/input_password'

2023-08-31 12:38:40 - [TEST_STEP][PASSED] - click(findTestObject("login/button_login")): Object: 'Object Repository/login/button_login' is clicked on

2023-08-31 12:38:41 - [MESSAGE][PASSED] - Object: 'Object Repository/login/button_login' is clicked on

2023-08-31 12:38:41 - [TEST_STEP][PASSED] - verifyElementPresent(findTestObject("Products/title_product"), 0): Object 'Object Repository/Products/title_product' is present

2023-08-31 12:38:41 - [MESSAGE][WARNING] - Timeout '0' is invalid. Using default page load timeout: '30'

2023-08-31 12:38:41 - [MESSAGE][PASSED] - Object 'Object Repository/Products/title_product' is present

2023-08-31 12:38:41 - [TEST_STEP][PASSED] - delay(3): Delayed 3 second(s)

2023-08-31 12:38:44 - [MESSAGE][PASSED] - Delayed 3 second(s)

2023-08-31 12:38:44 - [MESSAGE][PASSED] - Call Test Case 'Test Cases/Login/TC-Login-Success-001' successfully

2023-08-31 12:38:44 - [TEST_STEP][PASSED] - click(findTestObject("Logout/button_burger")): Object: 'Object Repository/Logout/button_burger' is clicked on

2023-08-31 12:38:45 - [MESSAGE][PASSED] - Object: 'Object Repository/Logout/button_burger' is clicked on

2023-08-31 12:38:45 - [TEST_STEP][PASSED] - click(findTestObject("Logout/button_logout")): Object: 'Object Repository/Logout/button_logout' is clicked on

2023-08-31 12:38:45 - [MESSAGE][PASSED] - Object: 'Object Repository/Logout/button_logout' is clicked on

2023-08-31 12:38:45 - [TEST_STEP][PASSED] - verifyElementPresent(findTestObject("login/button_login"), 0): Object 'Object Repository/login/button_login' is present

2023-08-31 12:38:45 - [MESSAGE][WARNING] - Timeout '0' is invalid. Using default page load timeout: '30'

2023-08-31 12:38:46 - [MESSAGE][PASSED] - Object 'Object Repository/login/button_login' is present]]></system-out>
         <system-err><![CDATA[]]></system-err>
      </testcase>
      <testcase name="Test Cases/Login/TC-Login-Failed-002" time="8.378" classname="Test Cases/Login/TC-Login-Failed-002" status="FAILED">
         <failure type="FAILED" message="Test Cases/Login/TC-Login-Failed-002 FAILED.
Reason:
com.kms.katalon.core.exception.StepFailedException: Verify element text of test object 'Object Repository/login/error_message_' FAILED.
	at com.kms.katalon.core.webui.keyword.internal.WebUIKeywordMain.stepFailed(WebUIKeywordMain.groovy:64)
	at com.kms.katalon.core.webui.keyword.internal.WebUIKeywordMain.runKeyword(WebUIKeywordMain.groovy:26)
	at com.kms.katalon.core.webui.keyword.builtin.VerifyElementTextKeyword.verifyElementText(VerifyElementTextKeyword.groovy:72)
	at com.kms.katalon.core.webui.keyword.builtin.VerifyElementTextKeyword.execute(VerifyElementTextKeyword.groovy:40)
	at com.kms.katalon.core.keyword.internal.KeywordExecutor.executeKeywordForPlatform(KeywordExecutor.groovy:74)
	at com.kms.katalon.core.webui.keyword.WebUiBuiltInKeywords.verifyElementText(WebUiBuiltInKeywords.groovy:4749)
	at com.kms.katalon.core.webui.keyword.WebUiBuiltInKeywords$verifyElementText$5.call(Unknown Source)
	at TC-Login-Failed-002.run(TC-Login-Failed-002:28)
	at com.kms.katalon.core.main.ScriptEngine.run(ScriptEngine.java:194)
	at com.kms.katalon.core.main.ScriptEngine.runScriptAsRawText(ScriptEngine.java:119)
	at com.kms.katalon.core.main.TestCaseExecutor.runScript(TestCaseExecutor.java:448)
	at com.kms.katalon.core.main.TestCaseExecutor.doExecute(TestCaseExecutor.java:439)
	at com.kms.katalon.core.main.TestCaseExecutor.processExecutionPhase(TestCaseExecutor.java:418)
	at com.kms.katalon.core.main.TestCaseExecutor.accessMainPhase(TestCaseExecutor.java:410)
	at com.kms.katalon.core.main.TestCaseExecutor.execute(TestCaseExecutor.java:285)
	at com.kms.katalon.core.common.CommonExecutor.accessTestCaseMainPhase(CommonExecutor.java:65)
	at com.kms.katalon.core.main.TestSuiteExecutor.accessTestSuiteMainPhase(TestSuiteExecutor.java:148)
	at com.kms.katalon.core.main.TestSuiteExecutor.execute(TestSuiteExecutor.java:106)
	at com.kms.katalon.core.main.TestCaseMain.startTestSuite(TestCaseMain.java:187)
	at com.kms.katalon.core.main.TestCaseMain$startTestSuite$0.call(Unknown Source)
	at TempTestSuite1693460299626.run(TempTestSuite1693460299626.groovy:36)
Caused by: com.kms.katalon.core.exception.StepFailedException: Actual text 'Epic sadface: Password is required' and expected text 'Login failed! Please ensure the password are valid.' of test object 'Object Repository/login/error_message_' are NOT matched.
	at com.kms.katalon.core.webui.keyword.internal.WebUIKeywordMain.stepFailed(WebUIKeywordMain.groovy:64)
	at com.kms.katalon.core.webui.keyword.builtin.VerifyElementTextKeyword$_verifyElementText_closure1.doCall(VerifyElementTextKeyword.groovy:57)
	at com.kms.katalon.core.webui.keyword.builtin.VerifyElementTextKeyword$_verifyElementText_closure1.call(VerifyElementTextKeyword.groovy)
	at com.kms.katalon.core.webui.keyword.internal.WebUIKeywordMain.runKeyword(WebUIKeywordMain.groovy:20)
	... 19 more
"/>
         <system-out><![CDATA[2023-08-31 12:38:46 - [TEST_CASE][FAILED] - Test Cases/Login/TC-Login-Failed-002: Test Cases/Login/TC-Login-Failed-002 FAILED.
Reason:
com.kms.katalon.core.exception.StepFailedException: Verify element text of test object 'Object Repository/login/error_message_' FAILED.
	at com.kms.katalon.core.webui.keyword.internal.WebUIKeywordMain.stepFailed(WebUIKeywordMain.groovy:64)
	at com.kms.katalon.core.webui.keyword.internal.WebUIKeywordMain.runKeyword(WebUIKeywordMain.groovy:26)
	at com.kms.katalon.core.webui.keyword.builtin.VerifyElementTextKeyword.verifyElementText(VerifyElementTextKeyword.groovy:72)
	at com.kms.katalon.core.webui.keyword.builtin.VerifyElementTextKeyword.execute(VerifyElementTextKeyword.groovy:40)
	at com.kms.katalon.core.keyword.internal.KeywordExecutor.executeKeywordForPlatform(KeywordExecutor.groovy:74)
	at com.kms.katalon.core.webui.keyword.WebUiBuiltInKeywords.verifyElementText(WebUiBuiltInKeywords.groovy:4749)
	at com.kms.katalon.core.webui.keyword.WebUiBuiltInKeywords$verifyElementText$5.call(Unknown Source)
	at TC-Login-Failed-002.run(TC-Login-Failed-002:28)
	at com.kms.katalon.core.main.ScriptEngine.run(ScriptEngine.java:194)
	at com.kms.katalon.core.main.ScriptEngine.runScriptAsRawText(ScriptEngine.java:119)
	at com.kms.katalon.core.main.TestCaseExecutor.runScript(TestCaseExecutor.java:448)
	at com.kms.katalon.core.main.TestCaseExecutor.doExecute(TestCaseExecutor.java:439)
	at com.kms.katalon.core.main.TestCaseExecutor.processExecutionPhase(TestCaseExecutor.java:418)
	at com.kms.katalon.core.main.TestCaseExecutor.accessMainPhase(TestCaseExecutor.java:410)
	at com.kms.katalon.core.main.TestCaseExecutor.execute(TestCaseExecutor.java:285)
	at com.kms.katalon.core.common.CommonExecutor.accessTestCaseMainPhase(CommonExecutor.java:65)
	at com.kms.katalon.core.main.TestSuiteExecutor.accessTestSuiteMainPhase(TestSuiteExecutor.java:148)
	at com.kms.katalon.core.main.TestSuiteExecutor.execute(TestSuiteExecutor.java:106)
	at com.kms.katalon.core.main.TestCaseMain.startTestSuite(TestCaseMain.java:187)
	at com.kms.katalon.core.main.TestCaseMain$startTestSuite$0.call(Unknown Source)
	at TempTestSuite1693460299626.run(TempTestSuite1693460299626.groovy:36)
Caused by: com.kms.katalon.core.exception.StepFailedException: Actual text 'Epic sadface: Password is required' and expected text 'Login failed! Please ensure the password are valid.' of test object 'Object Repository/login/error_message_' are NOT matched.
	at com.kms.katalon.core.webui.keyword.internal.WebUIKeywordMain.stepFailed(WebUIKeywordMain.groovy:64)
	at com.kms.katalon.core.webui.keyword.builtin.VerifyElementTextKeyword$_verifyElementText_closure1.doCall(VerifyElementTextKeyword.groovy:57)
	at com.kms.katalon.core.webui.keyword.builtin.VerifyElementTextKeyword$_verifyElementText_closure1.call(VerifyElementTextKeyword.groovy)
	at com.kms.katalon.core.webui.keyword.internal.WebUIKeywordMain.runKeyword(WebUIKeywordMain.groovy:20)
	... 19 more


2023-08-31 12:38:46 - [TEST_STEP][PASSED] - openBrowser(url): Browser is opened with url: 'https://www.saucedemo.com/'

2023-08-31 12:38:46 - [MESSAGE][WARNING] - A browser is already opened. Closing browser and opening a new one

2023-08-31 12:38:47 - [MESSAGE][INFO] - Starting 'Edge Chromium' driver

2023-08-31 12:38:49 - [MESSAGE][INFO] - Action delay is set to 0 milliseconds

2023-08-31 12:38:52 - [MESSAGE][PASSED] - Browser is opened with url: 'https://www.saucedemo.com/'

2023-08-31 12:38:52 - [TEST_STEP][PASSED] - maximizeWindow(): Current window maximized

2023-08-31 12:38:52 - [MESSAGE][PASSED] - Current window maximized

2023-08-31 12:38:52 - [TEST_STEP][PASSED] - setText(findTestObject("login/input_username"), username): Text 'standard_user' is set on object 'Object Repository/login/input_username'

2023-08-31 12:38:53 - [MESSAGE][PASSED] - Text 'standard_user' is set on object 'Object Repository/login/input_username'

2023-08-31 12:38:53 - [TEST_STEP][PASSED] - click(findTestObject("login/button_login")): Object: 'Object Repository/login/button_login' is clicked on

2023-08-31 12:38:53 - [MESSAGE][PASSED] - Object: 'Object Repository/login/button_login' is clicked on

2023-08-31 12:38:53 - [TEST_STEP][FAILED] - verifyElementText(findTestObject("login/error_message_"), "Login failed! Please ensure the password are valid."): Verify element text of test object 'Object Repository/login/error_message_' FAILED. (Root cause: com.kms.katalon.core.exception.StepFailedException: Verify element text of test object 'Object Repository/login/error_message_' FAILED.
	at com.kms.katalon.core.webui.keyword.internal.WebUIKeywordMain.stepFailed(WebUIKeywordMain.groovy:64)
	at com.kms.katalon.core.webui.keyword.internal.WebUIKeywordMain.runKeyword(WebUIKeywordMain.groovy:26)
	at com.kms.katalon.core.webui.keyword.builtin.VerifyElementTextKeyword.verifyElementText(VerifyElementTextKeyword.groovy:72)
	at com.kms.katalon.core.webui.keyword.builtin.VerifyElementTextKeyword.execute(VerifyElementTextKeyword.groovy:40)
	at com.kms.katalon.core.keyword.internal.KeywordExecutor.executeKeywordForPlatform(KeywordExecutor.groovy:74)
	at com.kms.katalon.core.webui.keyword.WebUiBuiltInKeywords.verifyElementText(WebUiBuiltInKeywords.groovy:4749)
	at com.kms.katalon.core.webui.keyword.WebUiBuiltInKeywords$verifyElementText$5.call(Unknown Source)
	at TC-Login-Failed-002.run(TC-Login-Failed-002:28)
	at com.kms.katalon.core.main.ScriptEngine.run(ScriptEngine.java:194)
	at com.kms.katalon.core.main.ScriptEngine.runScriptAsRawText(ScriptEngine.java:119)
	at com.kms.katalon.core.main.TestCaseExecutor.runScript(TestCaseExecutor.java:448)
	at com.kms.katalon.core.main.TestCaseExecutor.doExecute(TestCaseExecutor.java:439)
	at com.kms.katalon.core.main.TestCaseExecutor.processExecutionPhase(TestCaseExecutor.java:418)
	at com.kms.katalon.core.main.TestCaseExecutor.accessMainPhase(TestCaseExecutor.java:410)
	at com.kms.katalon.core.main.TestCaseExecutor.execute(TestCaseExecutor.java:285)
	at com.kms.katalon.core.common.CommonExecutor.accessTestCaseMainPhase(CommonExecutor.java:65)
	at com.kms.katalon.core.main.TestSuiteExecutor.accessTestSuiteMainPhase(TestSuiteExecutor.java:148)
	at com.kms.katalon.core.main.TestSuiteExecutor.execute(TestSuiteExecutor.java:106)
	at com.kms.katalon.core.main.TestCaseMain.startTestSuite(TestCaseMain.java:187)
	at com.kms.katalon.core.main.TestCaseMain$startTestSuite$0.call(Unknown Source)
	at TempTestSuite1693460299626.run(TempTestSuite1693460299626.groovy:36)
Caused by: com.kms.katalon.core.exception.StepFailedException: Actual text 'Epic sadface: Password is required' and expected text 'Login failed! Please ensure the password are valid.' of test object 'Object Repository/login/error_message_' are NOT matched.
	at com.kms.katalon.core.webui.keyword.internal.WebUIKeywordMain.stepFailed(WebUIKeywordMain.groovy:64)
	at com.kms.katalon.core.webui.keyword.builtin.VerifyElementTextKeyword$_verifyElementText_closure1.doCall(VerifyElementTextKeyword.groovy:57)
	at com.kms.katalon.core.webui.keyword.builtin.VerifyElementTextKeyword$_verifyElementText_closure1.call(VerifyElementTextKeyword.groovy)
	at com.kms.katalon.core.webui.keyword.internal.WebUIKeywordMain.runKeyword(WebUIKeywordMain.groovy:20)
	... 19 more
)

2023-08-31 12:38:54 - [MESSAGE][FAILED] - Actual text 'Epic sadface: Password is required' and expected text 'Login failed! Please ensure the password are valid.' of test object 'Object Repository/login/error_message_' are NOT matched. (Root cause: com.kms.katalon.core.exception.StepFailedException: Actual text 'Epic sadface: Password is required' and expected text 'Login failed! Please ensure the password are valid.' of test object 'Object Repository/login/error_message_' are NOT matched.
	at com.kms.katalon.core.webui.keyword.internal.WebUIKeywordMain.stepFailed(WebUIKeywordMain.groovy:64)
	at com.kms.katalon.core.webui.keyword.builtin.VerifyElementTextKeyword$_verifyElementText_closure1.doCall(VerifyElementTextKeyword.groovy:57)
	at com.kms.katalon.core.webui.keyword.builtin.VerifyElementTextKeyword$_verifyElementText_closure1.call(VerifyElementTextKeyword.groovy)
	at com.kms.katalon.core.webui.keyword.internal.WebUIKeywordMain.runKeyword(WebUIKeywordMain.groovy:20)
	at com.kms.katalon.core.webui.keyword.builtin.VerifyElementTextKeyword.verifyElementText(VerifyElementTextKeyword.groovy:72)
	at com.kms.katalon.core.webui.keyword.builtin.VerifyElementTextKeyword.execute(VerifyElementTextKeyword.groovy:40)
	at com.kms.katalon.core.keyword.internal.KeywordExecutor.executeKeywordForPlatform(KeywordExecutor.groovy:74)
	at com.kms.katalon.core.webui.keyword.WebUiBuiltInKeywords.verifyElementText(WebUiBuiltInKeywords.groovy:4749)
	at com.kms.katalon.core.webui.keyword.WebUiBuiltInKeywords$verifyElementText$5.call(Unknown Source)
	at TC-Login-Failed-002.run(TC-Login-Failed-002:28)
	at com.kms.katalon.core.main.ScriptEngine.run(ScriptEngine.java:194)
	at com.kms.katalon.core.main.ScriptEngine.runScriptAsRawText(ScriptEngine.java:119)
	at com.kms.katalon.core.main.TestCaseExecutor.runScript(TestCaseExecutor.java:448)
	at com.kms.katalon.core.main.TestCaseExecutor.doExecute(TestCaseExecutor.java:439)
	at com.kms.katalon.core.main.TestCaseExecutor.processExecutionPhase(TestCaseExecutor.java:418)
	at com.kms.katalon.core.main.TestCaseExecutor.accessMainPhase(TestCaseExecutor.java:410)
	at com.kms.katalon.core.main.TestCaseExecutor.execute(TestCaseExecutor.java:285)
	at com.kms.katalon.core.common.CommonExecutor.accessTestCaseMainPhase(CommonExecutor.java:65)
	at com.kms.katalon.core.main.TestSuiteExecutor.accessTestSuiteMainPhase(TestSuiteExecutor.java:148)
	at com.kms.katalon.core.main.TestSuiteExecutor.execute(TestSuiteExecutor.java:106)
	at com.kms.katalon.core.main.TestCaseMain.startTestSuite(TestCaseMain.java:187)
	at com.kms.katalon.core.main.TestCaseMain$startTestSuite$0.call(Unknown Source)
	at TempTestSuite1693460299626.run(TempTestSuite1693460299626.groovy:36)
)
[[ATTACHMENT|D:\\xsis\\batch-324-qa\\bagus\\Sauce Demo\\Reports\\20230831_123819\\Tes Suite Sauce Demo\\20230831_123819\\1693460334041.png]]

2023-08-31 12:38:54 - [MESSAGE][FAILED] - Verify element text of test object 'Object Repository/login/error_message_' FAILED. (Root cause: com.kms.katalon.core.exception.StepFailedException: Verify element text of test object 'Object Repository/login/error_message_' FAILED.
	at com.kms.katalon.core.webui.keyword.internal.WebUIKeywordMain.stepFailed(WebUIKeywordMain.groovy:64)
	at com.kms.katalon.core.webui.keyword.internal.WebUIKeywordMain.runKeyword(WebUIKeywordMain.groovy:26)
	at com.kms.katalon.core.webui.keyword.builtin.VerifyElementTextKeyword.verifyElementText(VerifyElementTextKeyword.groovy:72)
	at com.kms.katalon.core.webui.keyword.builtin.VerifyElementTextKeyword.execute(VerifyElementTextKeyword.groovy:40)
	at com.kms.katalon.core.keyword.internal.KeywordExecutor.executeKeywordForPlatform(KeywordExecutor.groovy:74)
	at com.kms.katalon.core.webui.keyword.WebUiBuiltInKeywords.verifyElementText(WebUiBuiltInKeywords.groovy:4749)
	at com.kms.katalon.core.webui.keyword.WebUiBuiltInKeywords$verifyElementText$5.call(Unknown Source)
	at TC-Login-Failed-002.run(TC-Login-Failed-002:28)
	at com.kms.katalon.core.main.ScriptEngine.run(ScriptEngine.java:194)
	at com.kms.katalon.core.main.ScriptEngine.runScriptAsRawText(ScriptEngine.java:119)
	at com.kms.katalon.core.main.TestCaseExecutor.runScript(TestCaseExecutor.java:448)
	at com.kms.katalon.core.main.TestCaseExecutor.doExecute(TestCaseExecutor.java:439)
	at com.kms.katalon.core.main.TestCaseExecutor.processExecutionPhase(TestCaseExecutor.java:418)
	at com.kms.katalon.core.main.TestCaseExecutor.accessMainPhase(TestCaseExecutor.java:410)
	at com.kms.katalon.core.main.TestCaseExecutor.execute(TestCaseExecutor.java:285)
	at com.kms.katalon.core.common.CommonExecutor.accessTestCaseMainPhase(CommonExecutor.java:65)
	at com.kms.katalon.core.main.TestSuiteExecutor.accessTestSuiteMainPhase(TestSuiteExecutor.java:148)
	at com.kms.katalon.core.main.TestSuiteExecutor.execute(TestSuiteExecutor.java:106)
	at com.kms.katalon.core.main.TestCaseMain.startTestSuite(TestCaseMain.java:187)
	at com.kms.katalon.core.main.TestCaseMain$startTestSuite$0.call(Unknown Source)
	at TempTestSuite1693460299626.run(TempTestSuite1693460299626.groovy:36)
Caused by: com.kms.katalon.core.exception.StepFailedException: Actual text 'Epic sadface: Password is required' and expected text 'Login failed! Please ensure the password are valid.' of test object 'Object Repository/login/error_message_' are NOT matched.
	at com.kms.katalon.core.webui.keyword.internal.WebUIKeywordMain.stepFailed(WebUIKeywordMain.groovy:64)
	at com.kms.katalon.core.webui.keyword.builtin.VerifyElementTextKeyword$_verifyElementText_closure1.doCall(VerifyElementTextKeyword.groovy:57)
	at com.kms.katalon.core.webui.keyword.builtin.VerifyElementTextKeyword$_verifyElementText_closure1.call(VerifyElementTextKeyword.groovy)
	at com.kms.katalon.core.webui.keyword.internal.WebUIKeywordMain.runKeyword(WebUIKeywordMain.groovy:20)
	... 19 more
)
[[ATTACHMENT|D:\\xsis\\batch-324-qa\\bagus\\Sauce Demo\\Reports\\20230831_123819\\Tes Suite Sauce Demo\\20230831_123819\\1693460334280.png]]]]></system-out>
         <system-err><![CDATA[2023-08-31 12:38:46 - [TEST_CASE][FAILED] - Test Cases/Login/TC-Login-Failed-002: Test Cases/Login/TC-Login-Failed-002 FAILED.
Reason:
com.kms.katalon.core.exception.StepFailedException: Verify element text of test object 'Object Repository/login/error_message_' FAILED.
	at com.kms.katalon.core.webui.keyword.internal.WebUIKeywordMain.stepFailed(WebUIKeywordMain.groovy:64)
	at com.kms.katalon.core.webui.keyword.internal.WebUIKeywordMain.runKeyword(WebUIKeywordMain.groovy:26)
	at com.kms.katalon.core.webui.keyword.builtin.VerifyElementTextKeyword.verifyElementText(VerifyElementTextKeyword.groovy:72)
	at com.kms.katalon.core.webui.keyword.builtin.VerifyElementTextKeyword.execute(VerifyElementTextKeyword.groovy:40)
	at com.kms.katalon.core.keyword.internal.KeywordExecutor.executeKeywordForPlatform(KeywordExecutor.groovy:74)
	at com.kms.katalon.core.webui.keyword.WebUiBuiltInKeywords.verifyElementText(WebUiBuiltInKeywords.groovy:4749)
	at com.kms.katalon.core.webui.keyword.WebUiBuiltInKeywords$verifyElementText$5.call(Unknown Source)
	at TC-Login-Failed-002.run(TC-Login-Failed-002:28)
	at com.kms.katalon.core.main.ScriptEngine.run(ScriptEngine.java:194)
	at com.kms.katalon.core.main.ScriptEngine.runScriptAsRawText(ScriptEngine.java:119)
	at com.kms.katalon.core.main.TestCaseExecutor.runScript(TestCaseExecutor.java:448)
	at com.kms.katalon.core.main.TestCaseExecutor.doExecute(TestCaseExecutor.java:439)
	at com.kms.katalon.core.main.TestCaseExecutor.processExecutionPhase(TestCaseExecutor.java:418)
	at com.kms.katalon.core.main.TestCaseExecutor.accessMainPhase(TestCaseExecutor.java:410)
	at com.kms.katalon.core.main.TestCaseExecutor.execute(TestCaseExecutor.java:285)
	at com.kms.katalon.core.common.CommonExecutor.accessTestCaseMainPhase(CommonExecutor.java:65)
	at com.kms.katalon.core.main.TestSuiteExecutor.accessTestSuiteMainPhase(TestSuiteExecutor.java:148)
	at com.kms.katalon.core.main.TestSuiteExecutor.execute(TestSuiteExecutor.java:106)
	at com.kms.katalon.core.main.TestCaseMain.startTestSuite(TestCaseMain.java:187)
	at com.kms.katalon.core.main.TestCaseMain$startTestSuite$0.call(Unknown Source)
	at TempTestSuite1693460299626.run(TempTestSuite1693460299626.groovy:36)
Caused by: com.kms.katalon.core.exception.StepFailedException: Actual text 'Epic sadface: Password is required' and expected text 'Login failed! Please ensure the password are valid.' of test object 'Object Repository/login/error_message_' are NOT matched.
	at com.kms.katalon.core.webui.keyword.internal.WebUIKeywordMain.stepFailed(WebUIKeywordMain.groovy:64)
	at com.kms.katalon.core.webui.keyword.builtin.VerifyElementTextKeyword$_verifyElementText_closure1.doCall(VerifyElementTextKeyword.groovy:57)
	at com.kms.katalon.core.webui.keyword.builtin.VerifyElementTextKeyword$_verifyElementText_closure1.call(VerifyElementTextKeyword.groovy)
	at com.kms.katalon.core.webui.keyword.internal.WebUIKeywordMain.runKeyword(WebUIKeywordMain.groovy:20)
	... 19 more]]></system-err>
      </testcase>
      <testcase name="Test Cases/Login/TC-Login-Failed-003" time="7.633" classname="Test Cases/Login/TC-Login-Failed-003" status="PASSED">
         <system-out><![CDATA[2023-08-31 12:38:54 - [TEST_CASE][PASSED] - Test Cases/Login/TC-Login-Failed-003: Test Cases/Login/TC-Login-Failed-003

2023-08-31 12:38:54 - [TEST_STEP][PASSED] - openBrowser(url): Browser is opened with url: 'https://www.saucedemo.com/'

2023-08-31 12:38:54 - [MESSAGE][WARNING] - A browser is already opened. Closing browser and opening a new one

2023-08-31 12:38:55 - [MESSAGE][INFO] - Starting 'Edge Chromium' driver

2023-08-31 12:38:57 - [MESSAGE][INFO] - Action delay is set to 0 milliseconds

2023-08-31 12:39:00 - [MESSAGE][PASSED] - Browser is opened with url: 'https://www.saucedemo.com/'

2023-08-31 12:39:00 - [TEST_STEP][PASSED] - maximizeWindow(): Current window maximized

2023-08-31 12:39:00 - [MESSAGE][PASSED] - Current window maximized

2023-08-31 12:39:00 - [TEST_STEP][PASSED] - setEncryptedText(findTestObject("login/input_password"), password): Text ****** has been set on object 'Object Repository/login/input_password'

2023-08-31 12:39:01 - [MESSAGE][PASSED] - Text ****** has been set on object 'Object Repository/login/input_password'

2023-08-31 12:39:01 - [TEST_STEP][PASSED] - click(findTestObject("login/button_login")): Object: 'Object Repository/login/button_login' is clicked on

2023-08-31 12:39:01 - [MESSAGE][PASSED] - Object: 'Object Repository/login/button_login' is clicked on

2023-08-31 12:39:01 - [TEST_STEP][PASSED] - verifyElementText(findTestObject("login/error_message_"), "Epic sadface: Username is required"): Actual text and expected text of test object 'Object Repository/login/error_message_' are matched.

2023-08-31 12:39:02 - [MESSAGE][PASSED] - Actual text and expected text of test object 'Object Repository/login/error_message_' are matched.]]></system-out>
         <system-err><![CDATA[]]></system-err>
      </testcase>
      <testcase name="Test Cases/Login/TC-Login-Failed-004" time="6.891" classname="Test Cases/Login/TC-Login-Failed-004" status="PASSED">
         <system-out><![CDATA[2023-08-31 12:39:02 - [TEST_CASE][PASSED] - Test Cases/Login/TC-Login-Failed-004: Test Cases/Login/TC-Login-Failed-004

2023-08-31 12:39:02 - [TEST_STEP][PASSED] - openBrowser(url): Browser is opened with url: 'https://www.saucedemo.com/'

2023-08-31 12:39:02 - [MESSAGE][WARNING] - A browser is already opened. Closing browser and opening a new one

2023-08-31 12:39:03 - [MESSAGE][INFO] - Starting 'Edge Chromium' driver

2023-08-31 12:39:05 - [MESSAGE][INFO] - Action delay is set to 0 milliseconds

2023-08-31 12:39:07 - [MESSAGE][PASSED] - Browser is opened with url: 'https://www.saucedemo.com/'

2023-08-31 12:39:07 - [TEST_STEP][PASSED] - maximizeWindow(): Current window maximized

2023-08-31 12:39:08 - [MESSAGE][PASSED] - Current window maximized

2023-08-31 12:39:08 - [TEST_STEP][PASSED] - click(findTestObject("login/button_login")): Object: 'Object Repository/login/button_login' is clicked on

2023-08-31 12:39:08 - [MESSAGE][PASSED] - Object: 'Object Repository/login/button_login' is clicked on

2023-08-31 12:39:08 - [TEST_STEP][PASSED] - verifyElementText(findTestObject("login/error_message_"), "Epic sadface: Username is required"): Actual text and expected text of test object 'Object Repository/login/error_message_' are matched.

2023-08-31 12:39:09 - [MESSAGE][PASSED] - Actual text and expected text of test object 'Object Repository/login/error_message_' are matched.]]></system-out>
         <system-err><![CDATA[]]></system-err>
      </testcase>
      <testcase name="Test Cases/Login/TC-Login-Locked-001" time="10.531" classname="Test Cases/Login/TC-Login-Locked-001" status="PASSED">
         <system-out><![CDATA[2023-08-31 12:39:09 - [TEST_CASE][PASSED] - Test Cases/Login/TC-Login-Locked-001: Test Cases/Login/TC-Login-Locked-001

2023-08-31 12:39:09 - [TEST_STEP][PASSED] - openBrowser(url): Browser is opened with url: 'https://www.saucedemo.com/'

2023-08-31 12:39:09 - [MESSAGE][WARNING] - A browser is already opened. Closing browser and opening a new one

2023-08-31 12:39:10 - [MESSAGE][INFO] - Starting 'Edge Chromium' driver

2023-08-31 12:39:12 - [MESSAGE][INFO] - Action delay is set to 0 milliseconds

2023-08-31 12:39:16 - [MESSAGE][PASSED] - Browser is opened with url: 'https://www.saucedemo.com/'

2023-08-31 12:39:16 - [TEST_STEP][PASSED] - maximizeWindow(): Current window maximized

2023-08-31 12:39:17 - [MESSAGE][PASSED] - Current window maximized

2023-08-31 12:39:17 - [TEST_STEP][PASSED] - setText(findTestObject("login/input_username"), "locked_out_user"): Text 'locked_out_user' is set on object 'Object Repository/login/input_username'

2023-08-31 12:39:17 - [MESSAGE][PASSED] - Text 'locked_out_user' is set on object 'Object Repository/login/input_username'

2023-08-31 12:39:17 - [TEST_STEP][PASSED] - setEncryptedText(findTestObject("login/input_password"), "qcu24s4901FyWDTwXGr6XA=="): Text ****** has been set on object 'Object Repository/login/input_password'

2023-08-31 12:39:18 - [MESSAGE][PASSED] - Text ****** has been set on object 'Object Repository/login/input_password'

2023-08-31 12:39:18 - [TEST_STEP][PASSED] - click(findTestObject("login/button_login")): Object: 'Object Repository/login/button_login' is clicked on

2023-08-31 12:39:19 - [MESSAGE][PASSED] - Object: 'Object Repository/login/button_login' is clicked on

2023-08-31 12:39:19 - [TEST_STEP][PASSED] - verifyElementText(findTestObject("login/error_message_user_locked_out"), "Epic sadface: Sorry, this user has been locked out."): Actual text and expected text of test object 'Object Repository/login/error_message_user_locked_out' are matched.

2023-08-31 12:39:19 - [MESSAGE][PASSED] - Actual text and expected text of test object 'Object Repository/login/error_message_user_locked_out' are matched.]]></system-out>
         <system-err><![CDATA[]]></system-err>
      </testcase>
      <testcase name="Test Cases/Login/TC-Login-Success-001" time="12.124" classname="Test Cases/Login/TC-Login-Success-001" status="PASSED">
         <system-out><![CDATA[2023-08-31 12:39:19 - [TEST_CASE][PASSED] - Test Cases/Login/TC-Login-Success-001: Test Cases/Login/TC-Login-Success-001

2023-08-31 12:39:19 - [TEST_STEP][PASSED] - openBrowser(url): Browser is opened with url: 'https://www.saucedemo.com/'

2023-08-31 12:39:19 - [MESSAGE][WARNING] - A browser is already opened. Closing browser and opening a new one

2023-08-31 12:39:20 - [MESSAGE][INFO] - Starting 'Edge Chromium' driver

2023-08-31 12:39:22 - [MESSAGE][INFO] - Action delay is set to 0 milliseconds

2023-08-31 12:39:26 - [MESSAGE][PASSED] - Browser is opened with url: 'https://www.saucedemo.com/'

2023-08-31 12:39:26 - [TEST_STEP][PASSED] - maximizeWindow(): Current window maximized

2023-08-31 12:39:26 - [MESSAGE][PASSED] - Current window maximized

2023-08-31 12:39:26 - [TEST_STEP][PASSED] - setText(findTestObject("login/input_username"), username): Text 'standard_user' is set on object 'Object Repository/login/input_username'

2023-08-31 12:39:27 - [MESSAGE][PASSED] - Text 'standard_user' is set on object 'Object Repository/login/input_username'

2023-08-31 12:39:27 - [TEST_STEP][PASSED] - setEncryptedText(findTestObject("login/input_password"), password): Text ****** has been set on object 'Object Repository/login/input_password'

2023-08-31 12:39:27 - [MESSAGE][PASSED] - Text ****** has been set on object 'Object Repository/login/input_password'

2023-08-31 12:39:27 - [TEST_STEP][PASSED] - click(findTestObject("login/button_login")): Object: 'Object Repository/login/button_login' is clicked on

2023-08-31 12:39:28 - [MESSAGE][PASSED] - Object: 'Object Repository/login/button_login' is clicked on

2023-08-31 12:39:28 - [TEST_STEP][PASSED] - verifyElementPresent(findTestObject("Products/title_product"), 0): Object 'Object Repository/Products/title_product' is present

2023-08-31 12:39:28 - [MESSAGE][WARNING] - Timeout '0' is invalid. Using default page load timeout: '30'

2023-08-31 12:39:28 - [MESSAGE][PASSED] - Object 'Object Repository/Products/title_product' is present

2023-08-31 12:39:28 - [TEST_STEP][PASSED] - delay(3): Delayed 3 second(s)

2023-08-31 12:39:31 - [MESSAGE][PASSED] - Delayed 3 second(s)]]></system-out>
         <system-err><![CDATA[]]></system-err>
      </testcase>
      <testcase name="Test Cases/Products/TC-Product-AddCart-001" time="14.367" classname="Test Cases/Products/TC-Product-AddCart-001" status="PASSED">
         <system-out><![CDATA[2023-08-31 12:39:31 - [TEST_CASE][PASSED] - Test Cases/Products/TC-Product-AddCart-001: Test Cases/Products/TC-Product-AddCart-001

2023-08-31 12:39:32 - [TEST_STEP][PASSED] - callTestCase(findTestCase("Login/TC-Login-Success-001"), [:], STOP_ON_FAILURE): Call Test Case 'Test Cases/Login/TC-Login-Success-001' successfully

2023-08-31 12:39:32 - [TEST_CASE][PASSED] - Test Cases/Login/TC-Login-Success-001: Test Cases/Login/TC-Login-Success-001

2023-08-31 12:39:32 - [TEST_STEP][PASSED] - openBrowser(url): Browser is opened with url: 'https://www.saucedemo.com/'

2023-08-31 12:39:32 - [MESSAGE][WARNING] - A browser is already opened. Closing browser and opening a new one

2023-08-31 12:39:33 - [MESSAGE][INFO] - Starting 'Edge Chromium' driver

2023-08-31 12:39:35 - [MESSAGE][INFO] - Action delay is set to 0 milliseconds

2023-08-31 12:39:37 - [MESSAGE][PASSED] - Browser is opened with url: 'https://www.saucedemo.com/'

2023-08-31 12:39:37 - [TEST_STEP][PASSED] - maximizeWindow(): Current window maximized

2023-08-31 12:39:38 - [MESSAGE][PASSED] - Current window maximized

2023-08-31 12:39:38 - [TEST_STEP][PASSED] - setText(findTestObject("login/input_username"), username): Text 'standard_user' is set on object 'Object Repository/login/input_username'

2023-08-31 12:39:38 - [MESSAGE][PASSED] - Text 'standard_user' is set on object 'Object Repository/login/input_username'

2023-08-31 12:39:38 - [TEST_STEP][PASSED] - setEncryptedText(findTestObject("login/input_password"), password): Text ****** has been set on object 'Object Repository/login/input_password'

2023-08-31 12:39:39 - [MESSAGE][PASSED] - Text ****** has been set on object 'Object Repository/login/input_password'

2023-08-31 12:39:39 - [TEST_STEP][PASSED] - click(findTestObject("login/button_login")): Object: 'Object Repository/login/button_login' is clicked on

2023-08-31 12:39:40 - [MESSAGE][PASSED] - Object: 'Object Repository/login/button_login' is clicked on

2023-08-31 12:39:40 - [TEST_STEP][PASSED] - verifyElementPresent(findTestObject("Products/title_product"), 0): Object 'Object Repository/Products/title_product' is present

2023-08-31 12:39:40 - [MESSAGE][WARNING] - Timeout '0' is invalid. Using default page load timeout: '30'

2023-08-31 12:39:40 - [MESSAGE][PASSED] - Object 'Object Repository/Products/title_product' is present

2023-08-31 12:39:40 - [TEST_STEP][PASSED] - delay(3): Delayed 3 second(s)

2023-08-31 12:39:43 - [MESSAGE][PASSED] - Delayed 3 second(s)

2023-08-31 12:39:43 - [MESSAGE][PASSED] - Call Test Case 'Test Cases/Login/TC-Login-Success-001' successfully

2023-08-31 12:39:43 - [TEST_STEP][PASSED] - click(findTestObject("Products/add_to_chart_produk_1")): Object: 'Object Repository/Products/add_to_chart_produk_1' is clicked on

2023-08-31 12:39:43 - [MESSAGE][PASSED] - Object: 'Object Repository/Products/add_to_chart_produk_1' is clicked on

2023-08-31 12:39:43 - [TEST_STEP][PASSED] - verifyElementVisible(findTestObject("Keranjang/alert_icon"), STOP_ON_FAILURE): Object 'Object Repository/Keranjang/alert_icon' is visible

2023-08-31 12:39:44 - [MESSAGE][PASSED] - Object 'Object Repository/Keranjang/alert_icon' is visible

2023-08-31 12:39:44 - [TEST_STEP][PASSED] - verifyElementNotPresent(findTestObject("Products/add_to_chart_produk_1"), 0): Web element with id: 'Object Repository/Products/add_to_chart_produk_1' located by 'By.xpath: //*[@id="add-to-cart-sauce-labs-backpack"]' is not present after '30' second(s)

2023-08-31 12:39:44 - [MESSAGE][WARNING] - Timeout '0' is invalid. Using default page load timeout: '30'

2023-08-31 12:39:44 - [MESSAGE][PASSED] - Web element with id: 'Object Repository/Products/add_to_chart_produk_1' located by 'By.xpath: //*[@id="add-to-cart-sauce-labs-backpack"]' is not present after '30' second(s)

2023-08-31 12:39:44 - [TEST_STEP][PASSED] - name_product = getText(findTestObject("Detail Product/title_product")): Text of object 'Object Repository/Detail Product/title_product' is: 'Sauce Labs Backpack'

2023-08-31 12:39:45 - [MESSAGE][PASSED] - Text of object 'Object Repository/Detail Product/title_product' is: 'Sauce Labs Backpack'

2023-08-31 12:39:45 - [TEST_STEP][PASSED] - description_product = getText(findTestObject("Products/description_product")): Text of object 'Object Repository/Products/description_product' is: 'carry.allTheThings() with the sleek, streamlined Sly Pack that melds uncompromising style with unequaled laptop and tablet protection.'

2023-08-31 12:39:45 - [MESSAGE][PASSED] - Text of object 'Object Repository/Products/description_product' is: 'carry.allTheThings() with the sleek, streamlined Sly Pack that melds uncompromising style with unequaled laptop and tablet protection.'

2023-08-31 12:39:45 - [TEST_STEP][PASSED] - product_price = getText(findTestObject("Products/products_price")): Text of object 'Object Repository/Products/products_price' is: '$29.99'

2023-08-31 12:39:46 - [MESSAGE][PASSED] - Text of object 'Object Repository/Products/products_price' is: '$29.99'

2023-08-31 12:39:46 - [TEST_STEP][PASSED] - data = new java.util.HashMap(): null

2023-08-31 12:39:46 - [TEST_STEP][PASSED] - data.put("name_product", name_product): null

2023-08-31 12:39:46 - [TEST_STEP][PASSED] - data.put("description_product", description_product): null

2023-08-31 12:39:46 - [TEST_STEP][PASSED] - data.put("product_price", product_price): null

2023-08-31 12:39:46 - [TEST_STEP][PASSED] - return data: null]]></system-out>
         <system-err><![CDATA[]]></system-err>
      </testcase>
      <testcase name="Test Cases/Products/TC-Product-AddCart-002" time="14.756" classname="Test Cases/Products/TC-Product-AddCart-002" status="PASSED">
         <system-out><![CDATA[2023-08-31 12:39:46 - [TEST_CASE][PASSED] - Test Cases/Products/TC-Product-AddCart-002: Test Cases/Products/TC-Product-AddCart-002

2023-08-31 12:39:46 - [TEST_STEP][PASSED] - data = callTestCase(findTestCase("Products/TC-Product-AddCart-001"), [:], STOP_ON_FAILURE): Call Test Case 'Test Cases/Products/TC-Product-AddCart-001' successfully

2023-08-31 12:39:46 - [TEST_CASE][PASSED] - Test Cases/Products/TC-Product-AddCart-001: Test Cases/Products/TC-Product-AddCart-001

2023-08-31 12:39:46 - [TEST_STEP][PASSED] - callTestCase(findTestCase("Login/TC-Login-Success-001"), [:], STOP_ON_FAILURE): Call Test Case 'Test Cases/Login/TC-Login-Success-001' successfully

2023-08-31 12:39:46 - [TEST_CASE][PASSED] - Test Cases/Login/TC-Login-Success-001: Test Cases/Login/TC-Login-Success-001

2023-08-31 12:39:46 - [TEST_STEP][PASSED] - openBrowser(url): Browser is opened with url: 'https://www.saucedemo.com/'

2023-08-31 12:39:46 - [MESSAGE][WARNING] - A browser is already opened. Closing browser and opening a new one

2023-08-31 12:39:47 - [MESSAGE][INFO] - Starting 'Edge Chromium' driver

2023-08-31 12:39:49 - [MESSAGE][INFO] - Action delay is set to 0 milliseconds

2023-08-31 12:39:51 - [MESSAGE][PASSED] - Browser is opened with url: 'https://www.saucedemo.com/'

2023-08-31 12:39:51 - [TEST_STEP][PASSED] - maximizeWindow(): Current window maximized

2023-08-31 12:39:51 - [MESSAGE][PASSED] - Current window maximized

2023-08-31 12:39:51 - [TEST_STEP][PASSED] - setText(findTestObject("login/input_username"), username): Text 'standard_user' is set on object 'Object Repository/login/input_username'

2023-08-31 12:39:52 - [MESSAGE][PASSED] - Text 'standard_user' is set on object 'Object Repository/login/input_username'

2023-08-31 12:39:52 - [TEST_STEP][PASSED] - setEncryptedText(findTestObject("login/input_password"), password): Text ****** has been set on object 'Object Repository/login/input_password'

2023-08-31 12:39:52 - [MESSAGE][PASSED] - Text ****** has been set on object 'Object Repository/login/input_password'

2023-08-31 12:39:52 - [TEST_STEP][PASSED] - click(findTestObject("login/button_login")): Object: 'Object Repository/login/button_login' is clicked on

2023-08-31 12:39:53 - [MESSAGE][PASSED] - Object: 'Object Repository/login/button_login' is clicked on

2023-08-31 12:39:53 - [TEST_STEP][PASSED] - verifyElementPresent(findTestObject("Products/title_product"), 0): Object 'Object Repository/Products/title_product' is present

2023-08-31 12:39:53 - [MESSAGE][WARNING] - Timeout '0' is invalid. Using default page load timeout: '30'

2023-08-31 12:39:53 - [MESSAGE][PASSED] - Object 'Object Repository/Products/title_product' is present

2023-08-31 12:39:53 - [TEST_STEP][PASSED] - delay(3): Delayed 3 second(s)

2023-08-31 12:39:56 - [MESSAGE][PASSED] - Delayed 3 second(s)

2023-08-31 12:39:56 - [MESSAGE][PASSED] - Call Test Case 'Test Cases/Login/TC-Login-Success-001' successfully

2023-08-31 12:39:56 - [TEST_STEP][PASSED] - click(findTestObject("Products/add_to_chart_produk_1")): Object: 'Object Repository/Products/add_to_chart_produk_1' is clicked on

2023-08-31 12:39:57 - [MESSAGE][PASSED] - Object: 'Object Repository/Products/add_to_chart_produk_1' is clicked on

2023-08-31 12:39:57 - [TEST_STEP][PASSED] - verifyElementVisible(findTestObject("Keranjang/alert_icon"), STOP_ON_FAILURE): Object 'Object Repository/Keranjang/alert_icon' is visible

2023-08-31 12:39:57 - [MESSAGE][PASSED] - Object 'Object Repository/Keranjang/alert_icon' is visible

2023-08-31 12:39:57 - [TEST_STEP][PASSED] - verifyElementNotPresent(findTestObject("Products/add_to_chart_produk_1"), 0): Web element with id: 'Object Repository/Products/add_to_chart_produk_1' located by 'By.xpath: //*[@id="add-to-cart-sauce-labs-backpack"]' is not present after '30' second(s)

2023-08-31 12:39:57 - [MESSAGE][WARNING] - Timeout '0' is invalid. Using default page load timeout: '30'

2023-08-31 12:39:58 - [MESSAGE][PASSED] - Web element with id: 'Object Repository/Products/add_to_chart_produk_1' located by 'By.xpath: //*[@id="add-to-cart-sauce-labs-backpack"]' is not present after '30' second(s)

2023-08-31 12:39:58 - [TEST_STEP][PASSED] - name_product = getText(findTestObject("Detail Product/title_product")): Text of object 'Object Repository/Detail Product/title_product' is: 'Sauce Labs Backpack'

2023-08-31 12:39:58 - [MESSAGE][PASSED] - Text of object 'Object Repository/Detail Product/title_product' is: 'Sauce Labs Backpack'

2023-08-31 12:39:58 - [TEST_STEP][PASSED] - description_product = getText(findTestObject("Products/description_product")): Text of object 'Object Repository/Products/description_product' is: 'carry.allTheThings() with the sleek, streamlined Sly Pack that melds uncompromising style with unequaled laptop and tablet protection.'

2023-08-31 12:39:58 - [MESSAGE][PASSED] - Text of object 'Object Repository/Products/description_product' is: 'carry.allTheThings() with the sleek, streamlined Sly Pack that melds uncompromising style with unequaled laptop and tablet protection.'

2023-08-31 12:39:58 - [TEST_STEP][PASSED] - product_price = getText(findTestObject("Products/products_price")): Text of object 'Object Repository/Products/products_price' is: '$29.99'

2023-08-31 12:39:59 - [MESSAGE][PASSED] - Text of object 'Object Repository/Products/products_price' is: '$29.99'

2023-08-31 12:39:59 - [TEST_STEP][PASSED] - data = new java.util.HashMap(): null

2023-08-31 12:39:59 - [TEST_STEP][PASSED] - data.put("name_product", name_product): null

2023-08-31 12:39:59 - [TEST_STEP][PASSED] - data.put("description_product", description_product): null

2023-08-31 12:39:59 - [TEST_STEP][PASSED] - data.put("product_price", product_price): null

2023-08-31 12:39:59 - [TEST_STEP][PASSED] - return data: null

2023-08-31 12:39:59 - [MESSAGE][PASSED] - Call Test Case 'Test Cases/Products/TC-Product-AddCart-001' successfully

2023-08-31 12:39:59 - [TEST_STEP][PASSED] - click(findTestObject("Products/add_to_chart_product_2")): Object: 'Object Repository/Products/add_to_chart_product_2' is clicked on

2023-08-31 12:39:59 - [MESSAGE][PASSED] - Object: 'Object Repository/Products/add_to_chart_product_2' is clicked on

2023-08-31 12:39:59 - [TEST_STEP][PASSED] - name_product_2 = getText(findTestObject("Products/name_product_2")): Text of object 'Object Repository/Products/name_product_2' is: 'Sauce Labs Bike Light'

2023-08-31 12:40:00 - [MESSAGE][PASSED] - Text of object 'Object Repository/Products/name_product_2' is: 'Sauce Labs Bike Light'

2023-08-31 12:40:00 - [TEST_STEP][PASSED] - description_product_2 = getText(findTestObject("Products/description_product_2")): Text of object 'Object Repository/Products/description_product_2' is: 'A red light isn't the desired state in testing but it sure helps when riding your bike at night. Water-resistant with 3 lighting modes, 1 AAA battery included.'

2023-08-31 12:40:00 - [MESSAGE][PASSED] - Text of object 'Object Repository/Products/description_product_2' is: 'A red light isn't the desired state in testing but it sure helps when riding your bike at night. Water-resistant with 3 lighting modes, 1 AAA battery included.'

2023-08-31 12:40:00 - [TEST_STEP][PASSED] - price_product_2 = getText(findTestObject("Products/price_product_2")): Text of object 'Object Repository/Products/price_product_2' is: '$9.99'

2023-08-31 12:40:00 - [MESSAGE][PASSED] - Text of object 'Object Repository/Products/price_product_2' is: '$9.99'

2023-08-31 12:40:00 - [TEST_STEP][PASSED] - name_product_list = new java.util.ArrayList(): null

2023-08-31 12:40:00 - [TEST_STEP][PASSED] - name_product_list.add(data.get("name_product")): null

2023-08-31 12:40:00 - [TEST_STEP][PASSED] - name_product_list.add(name_product_2): null

2023-08-31 12:40:00 - [TEST_STEP][PASSED] - description_product_list = new java.util.ArrayList(): null

2023-08-31 12:40:00 - [TEST_STEP][PASSED] - description_product_list.add(data.get("description_product")): null

2023-08-31 12:40:00 - [TEST_STEP][PASSED] - description_product_list.add(description_product_2): null

2023-08-31 12:40:00 - [TEST_STEP][PASSED] - price_product_list = new java.util.ArrayList(): null

2023-08-31 12:40:00 - [TEST_STEP][PASSED] - price_product_list.add(data.get("product_price")): null

2023-08-31 12:40:00 - [TEST_STEP][PASSED] - price_product_list.add(price_product_2): null

2023-08-31 12:40:00 - [TEST_STEP][PASSED] - println(name_product_list): null

2023-08-31 12:40:00 - [TEST_STEP][PASSED] - data.put("name_product_list", name_product_list): null

2023-08-31 12:40:00 - [TEST_STEP][PASSED] - data.put("description_product_list", description_product_list): null

2023-08-31 12:40:00 - [TEST_STEP][PASSED] - data.put("price_product_list", price_product_list): null

2023-08-31 12:40:00 - [TEST_STEP][PASSED] - return data: null]]></system-out>
         <system-err><![CDATA[]]></system-err>
      </testcase>
      <testcase name="Test Cases/Products/TC-Product-RemoveCart-001" time="13.85" classname="Test Cases/Products/TC-Product-RemoveCart-001" status="PASSED">
         <system-out><![CDATA[2023-08-31 12:40:00 - [TEST_CASE][PASSED] - Test Cases/Products/TC-Product-RemoveCart-001: Test Cases/Products/TC-Product-RemoveCart-001

2023-08-31 12:40:01 - [TEST_STEP][PASSED] - callTestCase(findTestCase("Login/TC-Login-Success-001"), [:], STOP_ON_FAILURE): Call Test Case 'Test Cases/Login/TC-Login-Success-001' successfully

2023-08-31 12:40:01 - [TEST_CASE][PASSED] - Test Cases/Login/TC-Login-Success-001: Test Cases/Login/TC-Login-Success-001

2023-08-31 12:40:01 - [TEST_STEP][PASSED] - openBrowser(url): Browser is opened with url: 'https://www.saucedemo.com/'

2023-08-31 12:40:01 - [MESSAGE][WARNING] - A browser is already opened. Closing browser and opening a new one

2023-08-31 12:40:02 - [MESSAGE][INFO] - Starting 'Edge Chromium' driver

2023-08-31 12:40:04 - [MESSAGE][INFO] - Action delay is set to 0 milliseconds

2023-08-31 12:40:07 - [MESSAGE][PASSED] - Browser is opened with url: 'https://www.saucedemo.com/'

2023-08-31 12:40:07 - [TEST_STEP][PASSED] - maximizeWindow(): Current window maximized

2023-08-31 12:40:07 - [MESSAGE][PASSED] - Current window maximized

2023-08-31 12:40:07 - [TEST_STEP][PASSED] - setText(findTestObject("login/input_username"), username): Text 'standard_user' is set on object 'Object Repository/login/input_username'

2023-08-31 12:40:08 - [MESSAGE][PASSED] - Text 'standard_user' is set on object 'Object Repository/login/input_username'

2023-08-31 12:40:08 - [TEST_STEP][PASSED] - setEncryptedText(findTestObject("login/input_password"), password): Text ****** has been set on object 'Object Repository/login/input_password'

2023-08-31 12:40:09 - [MESSAGE][PASSED] - Text ****** has been set on object 'Object Repository/login/input_password'

2023-08-31 12:40:09 - [TEST_STEP][PASSED] - click(findTestObject("login/button_login")): Object: 'Object Repository/login/button_login' is clicked on

2023-08-31 12:40:09 - [MESSAGE][PASSED] - Object: 'Object Repository/login/button_login' is clicked on

2023-08-31 12:40:09 - [TEST_STEP][PASSED] - verifyElementPresent(findTestObject("Products/title_product"), 0): Object 'Object Repository/Products/title_product' is present

2023-08-31 12:40:10 - [MESSAGE][WARNING] - Timeout '0' is invalid. Using default page load timeout: '30'

2023-08-31 12:40:10 - [MESSAGE][PASSED] - Object 'Object Repository/Products/title_product' is present

2023-08-31 12:40:10 - [TEST_STEP][PASSED] - delay(3): Delayed 3 second(s)

2023-08-31 12:40:13 - [MESSAGE][PASSED] - Delayed 3 second(s)

2023-08-31 12:40:13 - [MESSAGE][PASSED] - Call Test Case 'Test Cases/Login/TC-Login-Success-001' successfully

2023-08-31 12:40:13 - [TEST_STEP][PASSED] - click(findTestObject("Products/add_to_chart_produk_1")): Object: 'Object Repository/Products/add_to_chart_produk_1' is clicked on

2023-08-31 12:40:13 - [MESSAGE][PASSED] - Object: 'Object Repository/Products/add_to_chart_produk_1' is clicked on

2023-08-31 12:40:13 - [TEST_STEP][PASSED] - click(findTestObject("Products/remove_button")): Object: 'Object Repository/Products/remove_button' is clicked on

2023-08-31 12:40:14 - [MESSAGE][PASSED] - Object: 'Object Repository/Products/remove_button' is clicked on

2023-08-31 12:40:14 - [TEST_STEP][PASSED] - verifyElementNotPresent(findTestObject("Products/remove_button"), 0): Web element with id: 'Object Repository/Products/remove_button' located by 'By.xpath: //*[@id="remove-sauce-labs-backpack"]' is not present after '30' second(s)

2023-08-31 12:40:14 - [MESSAGE][WARNING] - Timeout '0' is invalid. Using default page load timeout: '30'

2023-08-31 12:40:14 - [MESSAGE][PASSED] - Web element with id: 'Object Repository/Products/remove_button' located by 'By.xpath: //*[@id="remove-sauce-labs-backpack"]' is not present after '30' second(s)]]></system-out>
         <system-err><![CDATA[]]></system-err>
      </testcase>
      <testcase name="Test Cases/Products/TC-Product-Show-001" time="11.586" classname="Test Cases/Products/TC-Product-Show-001" status="PASSED">
         <system-out><![CDATA[2023-08-31 12:40:14 - [TEST_CASE][PASSED] - Test Cases/Products/TC-Product-Show-001: Test Cases/Products/TC-Product-Show-001

2023-08-31 12:40:15 - [TEST_STEP][PASSED] - callTestCase(findTestCase("Login/TC-Login-Success-001"), [:], STOP_ON_FAILURE): Call Test Case 'Test Cases/Login/TC-Login-Success-001' successfully

2023-08-31 12:40:15 - [TEST_CASE][PASSED] - Test Cases/Login/TC-Login-Success-001: Test Cases/Login/TC-Login-Success-001

2023-08-31 12:40:15 - [TEST_STEP][PASSED] - openBrowser(url): Browser is opened with url: 'https://www.saucedemo.com/'

2023-08-31 12:40:15 - [MESSAGE][WARNING] - A browser is already opened. Closing browser and opening a new one

2023-08-31 12:40:15 - [MESSAGE][INFO] - Starting 'Edge Chromium' driver

2023-08-31 12:40:18 - [MESSAGE][INFO] - Action delay is set to 0 milliseconds

2023-08-31 12:40:20 - [MESSAGE][PASSED] - Browser is opened with url: 'https://www.saucedemo.com/'

2023-08-31 12:40:20 - [TEST_STEP][PASSED] - maximizeWindow(): Current window maximized

2023-08-31 12:40:20 - [MESSAGE][PASSED] - Current window maximized

2023-08-31 12:40:20 - [TEST_STEP][PASSED] - setText(findTestObject("login/input_username"), username): Text 'standard_user' is set on object 'Object Repository/login/input_username'

2023-08-31 12:40:21 - [MESSAGE][PASSED] - Text 'standard_user' is set on object 'Object Repository/login/input_username'

2023-08-31 12:40:21 - [TEST_STEP][PASSED] - setEncryptedText(findTestObject("login/input_password"), password): Text ****** has been set on object 'Object Repository/login/input_password'

2023-08-31 12:40:21 - [MESSAGE][PASSED] - Text ****** has been set on object 'Object Repository/login/input_password'

2023-08-31 12:40:21 - [TEST_STEP][PASSED] - click(findTestObject("login/button_login")): Object: 'Object Repository/login/button_login' is clicked on

2023-08-31 12:40:22 - [MESSAGE][PASSED] - Object: 'Object Repository/login/button_login' is clicked on

2023-08-31 12:40:22 - [TEST_STEP][PASSED] - verifyElementPresent(findTestObject("Products/title_product"), 0): Object 'Object Repository/Products/title_product' is present

2023-08-31 12:40:22 - [MESSAGE][WARNING] - Timeout '0' is invalid. Using default page load timeout: '30'

2023-08-31 12:40:22 - [MESSAGE][PASSED] - Object 'Object Repository/Products/title_product' is present

2023-08-31 12:40:22 - [TEST_STEP][PASSED] - delay(3): Delayed 3 second(s)

2023-08-31 12:40:25 - [MESSAGE][PASSED] - Delayed 3 second(s)

2023-08-31 12:40:25 - [MESSAGE][PASSED] - Call Test Case 'Test Cases/Login/TC-Login-Success-001' successfully

2023-08-31 12:40:25 - [TEST_STEP][PASSED] - verifyElementPresent(findTestObject("Products/title_product"), 0): Object 'Object Repository/Products/title_product' is present

2023-08-31 12:40:26 - [MESSAGE][WARNING] - Timeout '0' is invalid. Using default page load timeout: '30'

2023-08-31 12:40:26 - [MESSAGE][PASSED] - Object 'Object Repository/Products/title_product' is present]]></system-out>
         <system-err><![CDATA[]]></system-err>
      </testcase>
      <testcase name="Test Cases/Products/TC-Product-Sort-001" time="12.865" classname="Test Cases/Products/TC-Product-Sort-001" status="PASSED">
         <system-out><![CDATA[2023-08-31 12:40:26 - [TEST_CASE][PASSED] - Test Cases/Products/TC-Product-Sort-001: Test Cases/Products/TC-Product-Sort-001

2023-08-31 12:40:26 - [TEST_STEP][PASSED] - callTestCase(findTestCase("Login/TC-Login-Success-001"), [:], STOP_ON_FAILURE): Call Test Case 'Test Cases/Login/TC-Login-Success-001' successfully

2023-08-31 12:40:26 - [TEST_CASE][PASSED] - Test Cases/Login/TC-Login-Success-001: Test Cases/Login/TC-Login-Success-001

2023-08-31 12:40:26 - [TEST_STEP][PASSED] - openBrowser(url): Browser is opened with url: 'https://www.saucedemo.com/'

2023-08-31 12:40:26 - [MESSAGE][WARNING] - A browser is already opened. Closing browser and opening a new one

2023-08-31 12:40:27 - [MESSAGE][INFO] - Starting 'Edge Chromium' driver

2023-08-31 12:40:29 - [MESSAGE][INFO] - Action delay is set to 0 milliseconds

2023-08-31 12:40:32 - [MESSAGE][PASSED] - Browser is opened with url: 'https://www.saucedemo.com/'

2023-08-31 12:40:32 - [TEST_STEP][PASSED] - maximizeWindow(): Current window maximized

2023-08-31 12:40:32 - [MESSAGE][PASSED] - Current window maximized

2023-08-31 12:40:32 - [TEST_STEP][PASSED] - setText(findTestObject("login/input_username"), username): Text 'standard_user' is set on object 'Object Repository/login/input_username'

2023-08-31 12:40:33 - [MESSAGE][PASSED] - Text 'standard_user' is set on object 'Object Repository/login/input_username'

2023-08-31 12:40:33 - [TEST_STEP][PASSED] - setEncryptedText(findTestObject("login/input_password"), password): Text ****** has been set on object 'Object Repository/login/input_password'

2023-08-31 12:40:33 - [MESSAGE][PASSED] - Text ****** has been set on object 'Object Repository/login/input_password'

2023-08-31 12:40:33 - [TEST_STEP][PASSED] - click(findTestObject("login/button_login")): Object: 'Object Repository/login/button_login' is clicked on

2023-08-31 12:40:34 - [MESSAGE][PASSED] - Object: 'Object Repository/login/button_login' is clicked on

2023-08-31 12:40:34 - [TEST_STEP][PASSED] - verifyElementPresent(findTestObject("Products/title_product"), 0): Object 'Object Repository/Products/title_product' is present

2023-08-31 12:40:34 - [MESSAGE][WARNING] - Timeout '0' is invalid. Using default page load timeout: '30'

2023-08-31 12:40:35 - [MESSAGE][PASSED] - Object 'Object Repository/Products/title_product' is present

2023-08-31 12:40:35 - [TEST_STEP][PASSED] - delay(3): Delayed 3 second(s)

2023-08-31 12:40:38 - [MESSAGE][PASSED] - Delayed 3 second(s)

2023-08-31 12:40:38 - [MESSAGE][PASSED] - Call Test Case 'Test Cases/Login/TC-Login-Success-001' successfully

2023-08-31 12:40:38 - [TEST_STEP][PASSED] - selectOptionByValue(findTestObject("Products/dropdown_menu"), "az", false): All options with value 'az' are selected in object 'Object Repository/Products/dropdown_menu' 

2023-08-31 12:40:38 - [MESSAGE][PASSED] - All options with value 'az' are selected in object 'Object Repository/Products/dropdown_menu' 

2023-08-31 12:40:38 - [TEST_STEP][PASSED] - dataList = findWebElements(findTestObject("Object Repository/Products/list_products"), 10): null

2023-08-31 12:40:39 - [TEST_STEP][PASSED] - arrLastNameOri = []: null

2023-08-31 12:40:39 - [TEST_STEP][PASSED] - arrLastNameSort = []: null

2023-08-31 12:40:39 - [TEST_STEP][PASSED] - for ([i = 0, i < dataList.size(), (i++)]): null

2023-08-31 12:40:39 - [TEST_STEP][PASSED] - text = text: null

2023-08-31 12:40:39 - [TEST_STEP][PASSED] - arrLastNameOri[i] = text: null

2023-08-31 12:40:39 - [TEST_STEP][PASSED] - arrLastNameSort[i] = text: null

2023-08-31 12:40:39 - [TEST_STEP][PASSED] - text = text: null

2023-08-31 12:40:39 - [TEST_STEP][PASSED] - arrLastNameOri[i] = text: null

2023-08-31 12:40:39 - [TEST_STEP][PASSED] - arrLastNameSort[i] = text: null

2023-08-31 12:40:39 - [TEST_STEP][PASSED] - text = text: null

2023-08-31 12:40:39 - [TEST_STEP][PASSED] - arrLastNameOri[i] = text: null

2023-08-31 12:40:39 - [TEST_STEP][PASSED] - arrLastNameSort[i] = text: null

2023-08-31 12:40:39 - [TEST_STEP][PASSED] - text = text: null

2023-08-31 12:40:39 - [TEST_STEP][PASSED] - arrLastNameOri[i] = text: null

2023-08-31 12:40:39 - [TEST_STEP][PASSED] - arrLastNameSort[i] = text: null

2023-08-31 12:40:39 - [TEST_STEP][PASSED] - text = text: null

2023-08-31 12:40:39 - [TEST_STEP][PASSED] - arrLastNameOri[i] = text: null

2023-08-31 12:40:39 - [TEST_STEP][PASSED] - arrLastNameSort[i] = text: null

2023-08-31 12:40:39 - [TEST_STEP][PASSED] - text = text: null

2023-08-31 12:40:39 - [TEST_STEP][PASSED] - arrLastNameOri[i] = text: null

2023-08-31 12:40:39 - [TEST_STEP][PASSED] - arrLastNameSort[i] = text: null

2023-08-31 12:40:39 - [TEST_STEP][PASSED] - println(arrLastNameOri): null

2023-08-31 12:40:39 - [TEST_STEP][PASSED] - println(arrLastNameSort): null

2023-08-31 12:40:39 - [TEST_STEP][PASSED] - Arrays.sort(arrLastNameSort): null

2023-08-31 12:40:39 - [TEST_STEP][PASSED] - assert arrLastNameOri == arrLastNameSort: null]]></system-out>
         <system-err><![CDATA[]]></system-err>
      </testcase>
      <testcase name="Test Cases/Products/TC-Product-Sort-002" time="13.23" classname="Test Cases/Products/TC-Product-Sort-002" status="PASSED">
         <system-out><![CDATA[2023-08-31 12:40:39 - [TEST_CASE][PASSED] - Test Cases/Products/TC-Product-Sort-002: Test Cases/Products/TC-Product-Sort-002

2023-08-31 12:40:39 - [TEST_STEP][PASSED] - callTestCase(findTestCase("Login/TC-Login-Success-001"), [:], STOP_ON_FAILURE): Call Test Case 'Test Cases/Login/TC-Login-Success-001' successfully

2023-08-31 12:40:39 - [TEST_CASE][PASSED] - Test Cases/Login/TC-Login-Success-001: Test Cases/Login/TC-Login-Success-001

2023-08-31 12:40:39 - [TEST_STEP][PASSED] - openBrowser(url): Browser is opened with url: 'https://www.saucedemo.com/'

2023-08-31 12:40:39 - [MESSAGE][WARNING] - A browser is already opened. Closing browser and opening a new one

2023-08-31 12:40:40 - [MESSAGE][INFO] - Starting 'Edge Chromium' driver

2023-08-31 12:40:42 - [MESSAGE][INFO] - Action delay is set to 0 milliseconds

2023-08-31 12:40:45 - [MESSAGE][PASSED] - Browser is opened with url: 'https://www.saucedemo.com/'

2023-08-31 12:40:45 - [TEST_STEP][PASSED] - maximizeWindow(): Current window maximized

2023-08-31 12:40:45 - [MESSAGE][PASSED] - Current window maximized

2023-08-31 12:40:45 - [TEST_STEP][PASSED] - setText(findTestObject("login/input_username"), username): Text 'standard_user' is set on object 'Object Repository/login/input_username'

2023-08-31 12:40:46 - [MESSAGE][PASSED] - Text 'standard_user' is set on object 'Object Repository/login/input_username'

2023-08-31 12:40:46 - [TEST_STEP][PASSED] - setEncryptedText(findTestObject("login/input_password"), password): Text ****** has been set on object 'Object Repository/login/input_password'

2023-08-31 12:40:46 - [MESSAGE][PASSED] - Text ****** has been set on object 'Object Repository/login/input_password'

2023-08-31 12:40:46 - [TEST_STEP][PASSED] - click(findTestObject("login/button_login")): Object: 'Object Repository/login/button_login' is clicked on

2023-08-31 12:40:47 - [MESSAGE][PASSED] - Object: 'Object Repository/login/button_login' is clicked on

2023-08-31 12:40:47 - [TEST_STEP][PASSED] - verifyElementPresent(findTestObject("Products/title_product"), 0): Object 'Object Repository/Products/title_product' is present

2023-08-31 12:40:47 - [MESSAGE][WARNING] - Timeout '0' is invalid. Using default page load timeout: '30'

2023-08-31 12:40:48 - [MESSAGE][PASSED] - Object 'Object Repository/Products/title_product' is present

2023-08-31 12:40:48 - [TEST_STEP][PASSED] - delay(3): Delayed 3 second(s)

2023-08-31 12:40:51 - [MESSAGE][PASSED] - Delayed 3 second(s)

2023-08-31 12:40:51 - [MESSAGE][PASSED] - Call Test Case 'Test Cases/Login/TC-Login-Success-001' successfully

2023-08-31 12:40:51 - [TEST_STEP][PASSED] - selectOptionByValue(findTestObject("Products/dropdown_menu"), "za", false): All options with value 'za' are selected in object 'Object Repository/Products/dropdown_menu' 

2023-08-31 12:40:51 - [MESSAGE][PASSED] - All options with value 'za' are selected in object 'Object Repository/Products/dropdown_menu' 

2023-08-31 12:40:51 - [TEST_STEP][PASSED] - dataList = findWebElements(findTestObject("Object Repository/Products/list_products"), 10): null

2023-08-31 12:40:52 - [TEST_STEP][PASSED] - arrLastNameOri = []: null

2023-08-31 12:40:52 - [TEST_STEP][PASSED] - arrLastNameSort = []: null

2023-08-31 12:40:52 - [TEST_STEP][PASSED] - for ([i = 0, i < dataList.size(), (i++)]): null

2023-08-31 12:40:52 - [TEST_STEP][PASSED] - text = text: null

2023-08-31 12:40:52 - [TEST_STEP][PASSED] - arrLastNameOri[i] = text: null

2023-08-31 12:40:52 - [TEST_STEP][PASSED] - arrLastNameSort[i] = text: null

2023-08-31 12:40:52 - [TEST_STEP][PASSED] - text = text: null

2023-08-31 12:40:52 - [TEST_STEP][PASSED] - arrLastNameOri[i] = text: null

2023-08-31 12:40:52 - [TEST_STEP][PASSED] - arrLastNameSort[i] = text: null

2023-08-31 12:40:52 - [TEST_STEP][PASSED] - text = text: null

2023-08-31 12:40:52 - [TEST_STEP][PASSED] - arrLastNameOri[i] = text: null

2023-08-31 12:40:52 - [TEST_STEP][PASSED] - arrLastNameSort[i] = text: null

2023-08-31 12:40:52 - [TEST_STEP][PASSED] - text = text: null

2023-08-31 12:40:52 - [TEST_STEP][PASSED] - arrLastNameOri[i] = text: null

2023-08-31 12:40:52 - [TEST_STEP][PASSED] - arrLastNameSort[i] = text: null

2023-08-31 12:40:52 - [TEST_STEP][PASSED] - text = text: null

2023-08-31 12:40:52 - [TEST_STEP][PASSED] - arrLastNameOri[i] = text: null

2023-08-31 12:40:52 - [TEST_STEP][PASSED] - arrLastNameSort[i] = text: null

2023-08-31 12:40:52 - [TEST_STEP][PASSED] - text = text: null

2023-08-31 12:40:52 - [TEST_STEP][PASSED] - arrLastNameOri[i] = text: null

2023-08-31 12:40:52 - [TEST_STEP][PASSED] - arrLastNameSort[i] = text: null

2023-08-31 12:40:52 - [TEST_STEP][PASSED] - println(arrLastNameOri): null

2023-08-31 12:40:52 - [TEST_STEP][PASSED] - println(arrLastNameSort): null

2023-08-31 12:40:52 - [TEST_STEP][PASSED] - Arrays.sort(arrLastNameSort, Collections.reverseOrder()): null

2023-08-31 12:40:52 - [TEST_STEP][PASSED] - assert arrLastNameOri == arrLastNameSort: null]]></system-out>
         <system-err><![CDATA[]]></system-err>
      </testcase>
      <testcase name="Test Cases/Products/TC-Product-Sort-003" time="13.906" classname="Test Cases/Products/TC-Product-Sort-003" status="PASSED">
         <system-out><![CDATA[2023-08-31 12:40:52 - [TEST_CASE][PASSED] - Test Cases/Products/TC-Product-Sort-003: Test Cases/Products/TC-Product-Sort-003

2023-08-31 12:40:52 - [TEST_STEP][PASSED] - callTestCase(findTestCase("Login/TC-Login-Success-001"), [:], STOP_ON_FAILURE): Call Test Case 'Test Cases/Login/TC-Login-Success-001' successfully

2023-08-31 12:40:52 - [TEST_CASE][PASSED] - Test Cases/Login/TC-Login-Success-001: Test Cases/Login/TC-Login-Success-001

2023-08-31 12:40:52 - [TEST_STEP][PASSED] - openBrowser(url): Browser is opened with url: 'https://www.saucedemo.com/'

2023-08-31 12:40:52 - [MESSAGE][WARNING] - A browser is already opened. Closing browser and opening a new one

2023-08-31 12:40:53 - [MESSAGE][INFO] - Starting 'Edge Chromium' driver

2023-08-31 12:40:55 - [MESSAGE][INFO] - Action delay is set to 0 milliseconds

2023-08-31 12:40:59 - [MESSAGE][PASSED] - Browser is opened with url: 'https://www.saucedemo.com/'

2023-08-31 12:40:59 - [TEST_STEP][PASSED] - maximizeWindow(): Current window maximized

2023-08-31 12:40:59 - [MESSAGE][PASSED] - Current window maximized

2023-08-31 12:40:59 - [TEST_STEP][PASSED] - setText(findTestObject("login/input_username"), username): Text 'standard_user' is set on object 'Object Repository/login/input_username'

2023-08-31 12:41:00 - [MESSAGE][PASSED] - Text 'standard_user' is set on object 'Object Repository/login/input_username'

2023-08-31 12:41:00 - [TEST_STEP][PASSED] - setEncryptedText(findTestObject("login/input_password"), password): Text ****** has been set on object 'Object Repository/login/input_password'

2023-08-31 12:41:00 - [MESSAGE][PASSED] - Text ****** has been set on object 'Object Repository/login/input_password'

2023-08-31 12:41:00 - [TEST_STEP][PASSED] - click(findTestObject("login/button_login")): Object: 'Object Repository/login/button_login' is clicked on

2023-08-31 12:41:01 - [MESSAGE][PASSED] - Object: 'Object Repository/login/button_login' is clicked on

2023-08-31 12:41:01 - [TEST_STEP][PASSED] - verifyElementPresent(findTestObject("Products/title_product"), 0): Object 'Object Repository/Products/title_product' is present

2023-08-31 12:41:01 - [MESSAGE][WARNING] - Timeout '0' is invalid. Using default page load timeout: '30'

2023-08-31 12:41:02 - [MESSAGE][PASSED] - Object 'Object Repository/Products/title_product' is present

2023-08-31 12:41:02 - [TEST_STEP][PASSED] - delay(3): Delayed 3 second(s)

2023-08-31 12:41:05 - [MESSAGE][PASSED] - Delayed 3 second(s)

2023-08-31 12:41:05 - [MESSAGE][PASSED] - Call Test Case 'Test Cases/Login/TC-Login-Success-001' successfully

2023-08-31 12:41:05 - [TEST_STEP][PASSED] - selectOptionByValue(findTestObject("Products/dropdown_menu"), "lohi", false): All options with value 'lohi' are selected in object 'Object Repository/Products/dropdown_menu' 

2023-08-31 12:41:05 - [MESSAGE][PASSED] - All options with value 'lohi' are selected in object 'Object Repository/Products/dropdown_menu' 

2023-08-31 12:41:05 - [TEST_STEP][PASSED] - dataList = findWebElements(findTestObject("Object Repository/Products/list_price"), 10): null

2023-08-31 12:41:06 - [TEST_STEP][PASSED] - arrLastNameOri = []: null

2023-08-31 12:41:06 - [TEST_STEP][PASSED] - arrLastNameSort = []: null

2023-08-31 12:41:06 - [TEST_STEP][PASSED] - for ([i = 0, i < dataList.size(), (i++)]): null

2023-08-31 12:41:06 - [TEST_STEP][PASSED] - text = text: null

2023-08-31 12:41:06 - [TEST_STEP][PASSED] - textRep = text.replace("$", ""): null

2023-08-31 12:41:06 - [TEST_STEP][PASSED] - textRepParse = Double.parseDouble(textRep): null

2023-08-31 12:41:06 - [TEST_STEP][PASSED] - arrLastNameOri[i] = textRepParse: null

2023-08-31 12:41:06 - [TEST_STEP][PASSED] - arrLastNameSort[i] = textRepParse: null

2023-08-31 12:41:06 - [TEST_STEP][PASSED] - text = text: null

2023-08-31 12:41:06 - [TEST_STEP][PASSED] - textRep = text.replace("$", ""): null

2023-08-31 12:41:06 - [TEST_STEP][PASSED] - textRepParse = Double.parseDouble(textRep): null

2023-08-31 12:41:06 - [TEST_STEP][PASSED] - arrLastNameOri[i] = textRepParse: null

2023-08-31 12:41:06 - [TEST_STEP][PASSED] - arrLastNameSort[i] = textRepParse: null

2023-08-31 12:41:06 - [TEST_STEP][PASSED] - text = text: null

2023-08-31 12:41:06 - [TEST_STEP][PASSED] - textRep = text.replace("$", ""): null

2023-08-31 12:41:06 - [TEST_STEP][PASSED] - textRepParse = Double.parseDouble(textRep): null

2023-08-31 12:41:06 - [TEST_STEP][PASSED] - arrLastNameOri[i] = textRepParse: null

2023-08-31 12:41:06 - [TEST_STEP][PASSED] - arrLastNameSort[i] = textRepParse: null

2023-08-31 12:41:06 - [TEST_STEP][PASSED] - text = text: null

2023-08-31 12:41:06 - [TEST_STEP][PASSED] - textRep = text.replace("$", ""): null

2023-08-31 12:41:06 - [TEST_STEP][PASSED] - textRepParse = Double.parseDouble(textRep): null

2023-08-31 12:41:06 - [TEST_STEP][PASSED] - arrLastNameOri[i] = textRepParse: null

2023-08-31 12:41:06 - [TEST_STEP][PASSED] - arrLastNameSort[i] = textRepParse: null

2023-08-31 12:41:06 - [TEST_STEP][PASSED] - text = text: null

2023-08-31 12:41:06 - [TEST_STEP][PASSED] - textRep = text.replace("$", ""): null

2023-08-31 12:41:06 - [TEST_STEP][PASSED] - textRepParse = Double.parseDouble(textRep): null

2023-08-31 12:41:06 - [TEST_STEP][PASSED] - arrLastNameOri[i] = textRepParse: null

2023-08-31 12:41:06 - [TEST_STEP][PASSED] - arrLastNameSort[i] = textRepParse: null

2023-08-31 12:41:06 - [TEST_STEP][PASSED] - text = text: null

2023-08-31 12:41:06 - [TEST_STEP][PASSED] - textRep = text.replace("$", ""): null

2023-08-31 12:41:06 - [TEST_STEP][PASSED] - textRepParse = Double.parseDouble(textRep): null

2023-08-31 12:41:06 - [TEST_STEP][PASSED] - arrLastNameOri[i] = textRepParse: null

2023-08-31 12:41:06 - [TEST_STEP][PASSED] - arrLastNameSort[i] = textRepParse: null

2023-08-31 12:41:06 - [TEST_STEP][PASSED] - println(arrLastNameSort): null

2023-08-31 12:41:06 - [TEST_STEP][PASSED] - println(arrLastNameOri): null

2023-08-31 12:41:06 - [TEST_STEP][PASSED] - Arrays.sort(arrLastNameSort): null

2023-08-31 12:41:06 - [TEST_STEP][PASSED] - assert arrLastNameOri == arrLastNameSort: null]]></system-out>
         <system-err><![CDATA[]]></system-err>
      </testcase>
      <testcase name="Test Cases/Products/TC-Product-Sort-004" time="13.665" classname="Test Cases/Products/TC-Product-Sort-004" status="PASSED">
         <system-out><![CDATA[2023-08-31 12:41:06 - [TEST_CASE][PASSED] - Test Cases/Products/TC-Product-Sort-004: Test Cases/Products/TC-Product-Sort-004

2023-08-31 12:41:06 - [TEST_STEP][PASSED] - callTestCase(findTestCase("Login/TC-Login-Success-001"), [:], STOP_ON_FAILURE): Call Test Case 'Test Cases/Login/TC-Login-Success-001' successfully

2023-08-31 12:41:06 - [TEST_CASE][PASSED] - Test Cases/Login/TC-Login-Success-001: Test Cases/Login/TC-Login-Success-001

2023-08-31 12:41:06 - [TEST_STEP][PASSED] - openBrowser(url): Browser is opened with url: 'https://www.saucedemo.com/'

2023-08-31 12:41:06 - [MESSAGE][WARNING] - A browser is already opened. Closing browser and opening a new one

2023-08-31 12:41:07 - [MESSAGE][INFO] - Starting 'Edge Chromium' driver

2023-08-31 12:41:09 - [MESSAGE][INFO] - Action delay is set to 0 milliseconds

2023-08-31 12:41:13 - [MESSAGE][PASSED] - Browser is opened with url: 'https://www.saucedemo.com/'

2023-08-31 12:41:13 - [TEST_STEP][PASSED] - maximizeWindow(): Current window maximized

2023-08-31 12:41:13 - [MESSAGE][PASSED] - Current window maximized

2023-08-31 12:41:13 - [TEST_STEP][PASSED] - setText(findTestObject("login/input_username"), username): Text 'standard_user' is set on object 'Object Repository/login/input_username'

2023-08-31 12:41:14 - [MESSAGE][PASSED] - Text 'standard_user' is set on object 'Object Repository/login/input_username'

2023-08-31 12:41:14 - [TEST_STEP][PASSED] - setEncryptedText(findTestObject("login/input_password"), password): Text ****** has been set on object 'Object Repository/login/input_password'

2023-08-31 12:41:14 - [MESSAGE][PASSED] - Text ****** has been set on object 'Object Repository/login/input_password'

2023-08-31 12:41:14 - [TEST_STEP][PASSED] - click(findTestObject("login/button_login")): Object: 'Object Repository/login/button_login' is clicked on

2023-08-31 12:41:15 - [MESSAGE][PASSED] - Object: 'Object Repository/login/button_login' is clicked on

2023-08-31 12:41:15 - [TEST_STEP][PASSED] - verifyElementPresent(findTestObject("Products/title_product"), 0): Object 'Object Repository/Products/title_product' is present

2023-08-31 12:41:15 - [MESSAGE][WARNING] - Timeout '0' is invalid. Using default page load timeout: '30'

2023-08-31 12:41:15 - [MESSAGE][PASSED] - Object 'Object Repository/Products/title_product' is present

2023-08-31 12:41:15 - [TEST_STEP][PASSED] - delay(3): Delayed 3 second(s)

2023-08-31 12:41:18 - [MESSAGE][PASSED] - Delayed 3 second(s)

2023-08-31 12:41:18 - [MESSAGE][PASSED] - Call Test Case 'Test Cases/Login/TC-Login-Success-001' successfully

2023-08-31 12:41:18 - [TEST_STEP][PASSED] - selectOptionByValue(findTestObject("Products/dropdown_menu"), "hilo", false): All options with value 'hilo' are selected in object 'Object Repository/Products/dropdown_menu' 

2023-08-31 12:41:19 - [MESSAGE][PASSED] - All options with value 'hilo' are selected in object 'Object Repository/Products/dropdown_menu' 

2023-08-31 12:41:19 - [TEST_STEP][PASSED] - dataList = findWebElements(findTestObject("Object Repository/Products/list_price"), 10): null

2023-08-31 12:41:19 - [TEST_STEP][PASSED] - arrLastNameOri = []: null

2023-08-31 12:41:19 - [TEST_STEP][PASSED] - arrLastNameSort = []: null

2023-08-31 12:41:19 - [TEST_STEP][PASSED] - for ([i = 0, i < dataList.size(), (i++)]): null

2023-08-31 12:41:19 - [TEST_STEP][PASSED] - text = text: null

2023-08-31 12:41:19 - [TEST_STEP][PASSED] - textRep = text.replace("$", ""): null

2023-08-31 12:41:19 - [TEST_STEP][PASSED] - textRepParse = Double.parseDouble(textRep): null

2023-08-31 12:41:19 - [TEST_STEP][PASSED] - arrLastNameOri[i] = textRepParse: null

2023-08-31 12:41:19 - [TEST_STEP][PASSED] - arrLastNameSort[i] = textRepParse: null

2023-08-31 12:41:19 - [TEST_STEP][PASSED] - text = text: null

2023-08-31 12:41:19 - [TEST_STEP][PASSED] - textRep = text.replace("$", ""): null

2023-08-31 12:41:19 - [TEST_STEP][PASSED] - textRepParse = Double.parseDouble(textRep): null

2023-08-31 12:41:19 - [TEST_STEP][PASSED] - arrLastNameOri[i] = textRepParse: null

2023-08-31 12:41:19 - [TEST_STEP][PASSED] - arrLastNameSort[i] = textRepParse: null

2023-08-31 12:41:19 - [TEST_STEP][PASSED] - text = text: null

2023-08-31 12:41:20 - [TEST_STEP][PASSED] - textRep = text.replace("$", ""): null

2023-08-31 12:41:20 - [TEST_STEP][PASSED] - textRepParse = Double.parseDouble(textRep): null

2023-08-31 12:41:20 - [TEST_STEP][PASSED] - arrLastNameOri[i] = textRepParse: null

2023-08-31 12:41:20 - [TEST_STEP][PASSED] - arrLastNameSort[i] = textRepParse: null

2023-08-31 12:41:20 - [TEST_STEP][PASSED] - text = text: null

2023-08-31 12:41:20 - [TEST_STEP][PASSED] - textRep = text.replace("$", ""): null

2023-08-31 12:41:20 - [TEST_STEP][PASSED] - textRepParse = Double.parseDouble(textRep): null

2023-08-31 12:41:20 - [TEST_STEP][PASSED] - arrLastNameOri[i] = textRepParse: null

2023-08-31 12:41:20 - [TEST_STEP][PASSED] - arrLastNameSort[i] = textRepParse: null

2023-08-31 12:41:20 - [TEST_STEP][PASSED] - text = text: null

2023-08-31 12:41:20 - [TEST_STEP][PASSED] - textRep = text.replace("$", ""): null

2023-08-31 12:41:20 - [TEST_STEP][PASSED] - textRepParse = Double.parseDouble(textRep): null

2023-08-31 12:41:20 - [TEST_STEP][PASSED] - arrLastNameOri[i] = textRepParse: null

2023-08-31 12:41:20 - [TEST_STEP][PASSED] - arrLastNameSort[i] = textRepParse: null

2023-08-31 12:41:20 - [TEST_STEP][PASSED] - text = text: null

2023-08-31 12:41:20 - [TEST_STEP][PASSED] - textRep = text.replace("$", ""): null

2023-08-31 12:41:20 - [TEST_STEP][PASSED] - textRepParse = Double.parseDouble(textRep): null

2023-08-31 12:41:20 - [TEST_STEP][PASSED] - arrLastNameOri[i] = textRepParse: null

2023-08-31 12:41:20 - [TEST_STEP][PASSED] - arrLastNameSort[i] = textRepParse: null

2023-08-31 12:41:20 - [TEST_STEP][PASSED] - println(arrLastNameSort): null

2023-08-31 12:41:20 - [TEST_STEP][PASSED] - println(arrLastNameOri): null

2023-08-31 12:41:20 - [TEST_STEP][PASSED] - Arrays.sort(arrLastNameSort, Collections.reverseOrder()): null

2023-08-31 12:41:20 - [TEST_STEP][PASSED] - assert arrLastNameOri == arrLastNameSort: null]]></system-out>
         <system-err><![CDATA[]]></system-err>
      </testcase>
      <testcase name="Test Cases/Detail Product/TC-DetailProduct-AddCart-001" time="15.907" classname="Test Cases/Detail Product/TC-DetailProduct-AddCart-001" status="PASSED">
         <system-out><![CDATA[2023-08-31 12:41:20 - [TEST_CASE][PASSED] - Test Cases/Detail Product/TC-DetailProduct-AddCart-001: Test Cases/Detail Product/TC-DetailProduct-AddCart-001

2023-08-31 12:41:20 - [TEST_STEP][PASSED] - callTestCase(findTestCase("Detail Product/TC-DetailProduct-Show-001"), [:], STOP_ON_FAILURE): Call Test Case 'Test Cases/Detail Product/TC-DetailProduct-Show-001' successfully

2023-08-31 12:41:20 - [TEST_CASE][PASSED] - Test Cases/Detail Product/TC-DetailProduct-Show-001: Test Cases/Detail Product/TC-DetailProduct-Show-001

2023-08-31 12:41:20 - [TEST_STEP][PASSED] - callTestCase(findTestCase("Login/TC-Login-Success-001"), [:], STOP_ON_FAILURE): Call Test Case 'Test Cases/Login/TC-Login-Success-001' successfully

2023-08-31 12:41:20 - [TEST_CASE][PASSED] - Test Cases/Login/TC-Login-Success-001: Test Cases/Login/TC-Login-Success-001

2023-08-31 12:41:20 - [TEST_STEP][PASSED] - openBrowser(url): Browser is opened with url: 'https://www.saucedemo.com/'

2023-08-31 12:41:20 - [MESSAGE][WARNING] - A browser is already opened. Closing browser and opening a new one

2023-08-31 12:41:21 - [MESSAGE][INFO] - Starting 'Edge Chromium' driver

2023-08-31 12:41:23 - [MESSAGE][INFO] - Action delay is set to 0 milliseconds

2023-08-31 12:41:26 - [MESSAGE][PASSED] - Browser is opened with url: 'https://www.saucedemo.com/'

2023-08-31 12:41:26 - [TEST_STEP][PASSED] - maximizeWindow(): Current window maximized

2023-08-31 12:41:26 - [MESSAGE][PASSED] - Current window maximized

2023-08-31 12:41:26 - [TEST_STEP][PASSED] - setText(findTestObject("login/input_username"), username): Text 'standard_user' is set on object 'Object Repository/login/input_username'

2023-08-31 12:41:27 - [MESSAGE][PASSED] - Text 'standard_user' is set on object 'Object Repository/login/input_username'

2023-08-31 12:41:27 - [TEST_STEP][PASSED] - setEncryptedText(findTestObject("login/input_password"), password): Text ****** has been set on object 'Object Repository/login/input_password'

2023-08-31 12:41:27 - [MESSAGE][PASSED] - Text ****** has been set on object 'Object Repository/login/input_password'

2023-08-31 12:41:27 - [TEST_STEP][PASSED] - click(findTestObject("login/button_login")): Object: 'Object Repository/login/button_login' is clicked on

2023-08-31 12:41:28 - [MESSAGE][PASSED] - Object: 'Object Repository/login/button_login' is clicked on

2023-08-31 12:41:28 - [TEST_STEP][PASSED] - verifyElementPresent(findTestObject("Products/title_product"), 0): Object 'Object Repository/Products/title_product' is present

2023-08-31 12:41:28 - [MESSAGE][WARNING] - Timeout '0' is invalid. Using default page load timeout: '30'

2023-08-31 12:41:28 - [MESSAGE][PASSED] - Object 'Object Repository/Products/title_product' is present

2023-08-31 12:41:28 - [TEST_STEP][PASSED] - delay(3): Delayed 3 second(s)

2023-08-31 12:41:31 - [MESSAGE][PASSED] - Delayed 3 second(s)

2023-08-31 12:41:31 - [MESSAGE][PASSED] - Call Test Case 'Test Cases/Login/TC-Login-Success-001' successfully

2023-08-31 12:41:31 - [TEST_STEP][PASSED] - name_product = getText(findTestObject("Keranjang/title_product")): Text of object 'Object Repository/Keranjang/title_product' is: 'Sauce Labs Backpack'

2023-08-31 12:41:32 - [MESSAGE][PASSED] - Text of object 'Object Repository/Keranjang/title_product' is: 'Sauce Labs Backpack'

2023-08-31 12:41:32 - [TEST_STEP][PASSED] - product_price = getText(findTestObject("Products/products_price")): Text of object 'Object Repository/Products/products_price' is: '$29.99'

2023-08-31 12:41:32 - [MESSAGE][PASSED] - Text of object 'Object Repository/Products/products_price' is: '$29.99'

2023-08-31 12:41:32 - [TEST_STEP][PASSED] - description_product = getText(findTestObject("Products/description_product")): Text of object 'Object Repository/Products/description_product' is: 'carry.allTheThings() with the sleek, streamlined Sly Pack that melds uncompromising style with unequaled laptop and tablet protection.'

2023-08-31 12:41:33 - [MESSAGE][PASSED] - Text of object 'Object Repository/Products/description_product' is: 'carry.allTheThings() with the sleek, streamlined Sly Pack that melds uncompromising style with unequaled laptop and tablet protection.'

2023-08-31 12:41:33 - [TEST_STEP][PASSED] - click(findTestObject("Detail Product/title_product")): Object: 'Object Repository/Detail Product/title_product' is clicked on

2023-08-31 12:41:33 - [MESSAGE][PASSED] - Object: 'Object Repository/Detail Product/title_product' is clicked on

2023-08-31 12:41:33 - [TEST_STEP][PASSED] - detail_name_product = getText(findTestObject("Detail Product/detail_name_product")): Text of object 'Object Repository/Detail Product/detail_name_product' is: 'Sauce Labs Backpack'

2023-08-31 12:41:34 - [MESSAGE][PASSED] - Text of object 'Object Repository/Detail Product/detail_name_product' is: 'Sauce Labs Backpack'

2023-08-31 12:41:34 - [TEST_STEP][PASSED] - detail_product_price = getText(findTestObject("Products/detail_product_price")): Text of object 'Object Repository/Products/detail_product_price' is: '$29.99'

2023-08-31 12:41:34 - [MESSAGE][PASSED] - Text of object 'Object Repository/Products/detail_product_price' is: '$29.99'

2023-08-31 12:41:34 - [TEST_STEP][PASSED] - detail_description_product = getText(findTestObject("Products/detail_description_product")): Text of object 'Object Repository/Products/detail_description_product' is: 'carry.allTheThings() with the sleek, streamlined Sly Pack that melds uncompromising style with unequaled laptop and tablet protection.'

2023-08-31 12:41:34 - [MESSAGE][PASSED] - Text of object 'Object Repository/Products/detail_description_product' is: 'carry.allTheThings() with the sleek, streamlined Sly Pack that melds uncompromising style with unequaled laptop and tablet protection.'

2023-08-31 12:41:34 - [TEST_STEP][PASSED] - verifyMatch(detail_name_product, name_product, false): Actual text 'Sauce Labs Backpack' and expected text 'Sauce Labs Backpack' are matched 

2023-08-31 12:41:34 - [MESSAGE][PASSED] - Actual text 'Sauce Labs Backpack' and expected text 'Sauce Labs Backpack' are matched 

2023-08-31 12:41:34 - [TEST_STEP][PASSED] - verifyMatch(detail_product_price, product_price, false): Actual text '$29.99' and expected text '$29.99' are matched 

2023-08-31 12:41:34 - [MESSAGE][PASSED] - Actual text '$29.99' and expected text '$29.99' are matched 

2023-08-31 12:41:34 - [TEST_STEP][PASSED] - verifyMatch(detail_description_product, description_product, false): Actual text 'carry.allTheThings() with the sleek, streamlined Sly Pack that melds uncompromising style with unequaled laptop and tablet protection.' and expected text 'carry.allTheThings() with the sleek, streamlined Sly Pack that melds uncompromising style with unequaled laptop and tablet protection.' are matched 

2023-08-31 12:41:34 - [MESSAGE][PASSED] - Actual text 'carry.allTheThings() with the sleek, streamlined Sly Pack that melds uncompromising style with unequaled laptop and tablet protection.' and expected text 'carry.allTheThings() with the sleek, streamlined Sly Pack that melds uncompromising style with unequaled laptop and tablet protection.' are matched 

2023-08-31 12:41:34 - [MESSAGE][PASSED] - Call Test Case 'Test Cases/Detail Product/TC-DetailProduct-Show-001' successfully

2023-08-31 12:41:34 - [TEST_STEP][PASSED] - click(findTestObject("Detail Product/button_add_to_chart_from_pdp")): Object: 'Object Repository/Detail Product/button_add_to_chart_from_pdp' is clicked on

2023-08-31 12:41:35 - [MESSAGE][PASSED] - Object: 'Object Repository/Detail Product/button_add_to_chart_from_pdp' is clicked on

2023-08-31 12:41:35 - [TEST_STEP][PASSED] - verifyElementNotPresent(findTestObject("Detail Product/button_add_to_chart_from_pdp"), 3): Web element with id: 'Object Repository/Detail Product/button_add_to_chart_from_pdp' located by 'By.xpath: //*[@id="add-to-cart-sauce-labs-backpack"]' is not present after '3' second(s)

2023-08-31 12:41:35 - [MESSAGE][PASSED] - Web element with id: 'Object Repository/Detail Product/button_add_to_chart_from_pdp' located by 'By.xpath: //*[@id="add-to-cart-sauce-labs-backpack"]' is not present after '3' second(s)

2023-08-31 12:41:35 - [TEST_STEP][PASSED] - notif = getText(findTestObject("Products/cart_notif")): Text of object 'Object Repository/Products/cart_notif' is: '1'

2023-08-31 12:41:35 - [MESSAGE][PASSED] - Text of object 'Object Repository/Products/cart_notif' is: '1'

2023-08-31 12:41:35 - [TEST_STEP][PASSED] - println(notif): null

2023-08-31 12:41:35 - [TEST_STEP][PASSED] - verifyMatch("1", notif, false): Actual text '1' and expected text '1' are matched 

2023-08-31 12:41:35 - [MESSAGE][PASSED] - Actual text '1' and expected text '1' are matched]]></system-out>
         <system-err><![CDATA[]]></system-err>
      </testcase>
      <testcase name="Test Cases/Detail Product/TC-DetailProduct-Nav-001" time="16.621" classname="Test Cases/Detail Product/TC-DetailProduct-Nav-001" status="PASSED">
         <system-out><![CDATA[2023-08-31 12:41:35 - [TEST_CASE][PASSED] - Test Cases/Detail Product/TC-DetailProduct-Nav-001: Test Cases/Detail Product/TC-DetailProduct-Nav-001

2023-08-31 12:41:36 - [TEST_STEP][PASSED] - callTestCase(findTestCase("Detail Product/TC-DetailProduct-Show-001"), [:], STOP_ON_FAILURE): Call Test Case 'Test Cases/Detail Product/TC-DetailProduct-Show-001' successfully

2023-08-31 12:41:36 - [TEST_CASE][PASSED] - Test Cases/Detail Product/TC-DetailProduct-Show-001: Test Cases/Detail Product/TC-DetailProduct-Show-001

2023-08-31 12:41:36 - [TEST_STEP][PASSED] - callTestCase(findTestCase("Login/TC-Login-Success-001"), [:], STOP_ON_FAILURE): Call Test Case 'Test Cases/Login/TC-Login-Success-001' successfully

2023-08-31 12:41:36 - [TEST_CASE][PASSED] - Test Cases/Login/TC-Login-Success-001: Test Cases/Login/TC-Login-Success-001

2023-08-31 12:41:36 - [TEST_STEP][PASSED] - openBrowser(url): Browser is opened with url: 'https://www.saucedemo.com/'

2023-08-31 12:41:36 - [MESSAGE][WARNING] - A browser is already opened. Closing browser and opening a new one

2023-08-31 12:41:37 - [MESSAGE][INFO] - Starting 'Edge Chromium' driver

2023-08-31 12:41:39 - [MESSAGE][INFO] - Action delay is set to 0 milliseconds

2023-08-31 12:41:43 - [MESSAGE][PASSED] - Browser is opened with url: 'https://www.saucedemo.com/'

2023-08-31 12:41:43 - [TEST_STEP][PASSED] - maximizeWindow(): Current window maximized

2023-08-31 12:41:43 - [MESSAGE][PASSED] - Current window maximized

2023-08-31 12:41:43 - [TEST_STEP][PASSED] - setText(findTestObject("login/input_username"), username): Text 'standard_user' is set on object 'Object Repository/login/input_username'

2023-08-31 12:41:44 - [MESSAGE][PASSED] - Text 'standard_user' is set on object 'Object Repository/login/input_username'

2023-08-31 12:41:44 - [TEST_STEP][PASSED] - setEncryptedText(findTestObject("login/input_password"), password): Text ****** has been set on object 'Object Repository/login/input_password'

2023-08-31 12:41:44 - [MESSAGE][PASSED] - Text ****** has been set on object 'Object Repository/login/input_password'

2023-08-31 12:41:44 - [TEST_STEP][PASSED] - click(findTestObject("login/button_login")): Object: 'Object Repository/login/button_login' is clicked on

2023-08-31 12:41:45 - [MESSAGE][PASSED] - Object: 'Object Repository/login/button_login' is clicked on

2023-08-31 12:41:45 - [TEST_STEP][PASSED] - verifyElementPresent(findTestObject("Products/title_product"), 0): Object 'Object Repository/Products/title_product' is present

2023-08-31 12:41:45 - [MESSAGE][WARNING] - Timeout '0' is invalid. Using default page load timeout: '30'

2023-08-31 12:41:45 - [MESSAGE][PASSED] - Object 'Object Repository/Products/title_product' is present

2023-08-31 12:41:45 - [TEST_STEP][PASSED] - delay(3): Delayed 3 second(s)

2023-08-31 12:41:48 - [MESSAGE][PASSED] - Delayed 3 second(s)

2023-08-31 12:41:48 - [MESSAGE][PASSED] - Call Test Case 'Test Cases/Login/TC-Login-Success-001' successfully

2023-08-31 12:41:48 - [TEST_STEP][PASSED] - name_product = getText(findTestObject("Keranjang/title_product")): Text of object 'Object Repository/Keranjang/title_product' is: 'Sauce Labs Backpack'

2023-08-31 12:41:49 - [MESSAGE][PASSED] - Text of object 'Object Repository/Keranjang/title_product' is: 'Sauce Labs Backpack'

2023-08-31 12:41:49 - [TEST_STEP][PASSED] - product_price = getText(findTestObject("Products/products_price")): Text of object 'Object Repository/Products/products_price' is: '$29.99'

2023-08-31 12:41:49 - [MESSAGE][PASSED] - Text of object 'Object Repository/Products/products_price' is: '$29.99'

2023-08-31 12:41:49 - [TEST_STEP][PASSED] - description_product = getText(findTestObject("Products/description_product")): Text of object 'Object Repository/Products/description_product' is: 'carry.allTheThings() with the sleek, streamlined Sly Pack that melds uncompromising style with unequaled laptop and tablet protection.'

2023-08-31 12:41:49 - [MESSAGE][PASSED] - Text of object 'Object Repository/Products/description_product' is: 'carry.allTheThings() with the sleek, streamlined Sly Pack that melds uncompromising style with unequaled laptop and tablet protection.'

2023-08-31 12:41:49 - [TEST_STEP][PASSED] - click(findTestObject("Detail Product/title_product")): Object: 'Object Repository/Detail Product/title_product' is clicked on

2023-08-31 12:41:50 - [MESSAGE][PASSED] - Object: 'Object Repository/Detail Product/title_product' is clicked on

2023-08-31 12:41:50 - [TEST_STEP][PASSED] - detail_name_product = getText(findTestObject("Detail Product/detail_name_product")): Text of object 'Object Repository/Detail Product/detail_name_product' is: 'Sauce Labs Backpack'

2023-08-31 12:41:50 - [MESSAGE][PASSED] - Text of object 'Object Repository/Detail Product/detail_name_product' is: 'Sauce Labs Backpack'

2023-08-31 12:41:50 - [TEST_STEP][PASSED] - detail_product_price = getText(findTestObject("Products/detail_product_price")): Text of object 'Object Repository/Products/detail_product_price' is: '$29.99'

2023-08-31 12:41:51 - [MESSAGE][PASSED] - Text of object 'Object Repository/Products/detail_product_price' is: '$29.99'

2023-08-31 12:41:51 - [TEST_STEP][PASSED] - detail_description_product = getText(findTestObject("Products/detail_description_product")): Text of object 'Object Repository/Products/detail_description_product' is: 'carry.allTheThings() with the sleek, streamlined Sly Pack that melds uncompromising style with unequaled laptop and tablet protection.'

2023-08-31 12:41:51 - [MESSAGE][PASSED] - Text of object 'Object Repository/Products/detail_description_product' is: 'carry.allTheThings() with the sleek, streamlined Sly Pack that melds uncompromising style with unequaled laptop and tablet protection.'

2023-08-31 12:41:51 - [TEST_STEP][PASSED] - verifyMatch(detail_name_product, name_product, false): Actual text 'Sauce Labs Backpack' and expected text 'Sauce Labs Backpack' are matched 

2023-08-31 12:41:51 - [MESSAGE][PASSED] - Actual text 'Sauce Labs Backpack' and expected text 'Sauce Labs Backpack' are matched 

2023-08-31 12:41:51 - [TEST_STEP][PASSED] - verifyMatch(detail_product_price, product_price, false): Actual text '$29.99' and expected text '$29.99' are matched 

2023-08-31 12:41:51 - [MESSAGE][PASSED] - Actual text '$29.99' and expected text '$29.99' are matched 

2023-08-31 12:41:51 - [TEST_STEP][PASSED] - verifyMatch(detail_description_product, description_product, false): Actual text 'carry.allTheThings() with the sleek, streamlined Sly Pack that melds uncompromising style with unequaled laptop and tablet protection.' and expected text 'carry.allTheThings() with the sleek, streamlined Sly Pack that melds uncompromising style with unequaled laptop and tablet protection.' are matched 

2023-08-31 12:41:51 - [MESSAGE][PASSED] - Actual text 'carry.allTheThings() with the sleek, streamlined Sly Pack that melds uncompromising style with unequaled laptop and tablet protection.' and expected text 'carry.allTheThings() with the sleek, streamlined Sly Pack that melds uncompromising style with unequaled laptop and tablet protection.' are matched 

2023-08-31 12:41:51 - [MESSAGE][PASSED] - Call Test Case 'Test Cases/Detail Product/TC-DetailProduct-Show-001' successfully

2023-08-31 12:41:51 - [TEST_STEP][PASSED] - click(findTestObject("Detail Product/button_back_to_products")): Object: 'Object Repository/Detail Product/button_back_to_products' is clicked on

2023-08-31 12:41:52 - [MESSAGE][PASSED] - Object: 'Object Repository/Detail Product/button_back_to_products' is clicked on

2023-08-31 12:41:52 - [TEST_STEP][PASSED] - verifyElementVisible(findTestObject("Products/title_product")): Object 'Object Repository/Products/title_product' is visible

2023-08-31 12:41:52 - [MESSAGE][PASSED] - Object 'Object Repository/Products/title_product' is visible]]></system-out>
         <system-err><![CDATA[]]></system-err>
      </testcase>
      <testcase name="Test Cases/Detail Product/TC-DetailProduct-Remove-001" time="18.668" classname="Test Cases/Detail Product/TC-DetailProduct-Remove-001" status="PASSED">
         <system-out><![CDATA[2023-08-31 12:41:52 - [TEST_CASE][PASSED] - Test Cases/Detail Product/TC-DetailProduct-Remove-001: Test Cases/Detail Product/TC-DetailProduct-Remove-001

2023-08-31 12:41:52 - [TEST_STEP][PASSED] - callTestCase(findTestCase("Detail Product/TC-DetailProduct-AddCart-001"), [:], STOP_ON_FAILURE): Call Test Case 'Test Cases/Detail Product/TC-DetailProduct-AddCart-001' successfully

2023-08-31 12:41:52 - [TEST_CASE][PASSED] - Test Cases/Detail Product/TC-DetailProduct-AddCart-001: Test Cases/Detail Product/TC-DetailProduct-AddCart-001

2023-08-31 12:41:52 - [TEST_STEP][PASSED] - callTestCase(findTestCase("Detail Product/TC-DetailProduct-Show-001"), [:], STOP_ON_FAILURE): Call Test Case 'Test Cases/Detail Product/TC-DetailProduct-Show-001' successfully

2023-08-31 12:41:52 - [TEST_CASE][PASSED] - Test Cases/Detail Product/TC-DetailProduct-Show-001: Test Cases/Detail Product/TC-DetailProduct-Show-001

2023-08-31 12:41:53 - [TEST_STEP][PASSED] - callTestCase(findTestCase("Login/TC-Login-Success-001"), [:], STOP_ON_FAILURE): Call Test Case 'Test Cases/Login/TC-Login-Success-001' successfully

2023-08-31 12:41:53 - [TEST_CASE][PASSED] - Test Cases/Login/TC-Login-Success-001: Test Cases/Login/TC-Login-Success-001

2023-08-31 12:41:53 - [TEST_STEP][PASSED] - openBrowser(url): Browser is opened with url: 'https://www.saucedemo.com/'

2023-08-31 12:41:53 - [MESSAGE][WARNING] - A browser is already opened. Closing browser and opening a new one

2023-08-31 12:41:53 - [MESSAGE][INFO] - Starting 'Edge Chromium' driver

2023-08-31 12:41:56 - [MESSAGE][INFO] - Action delay is set to 0 milliseconds

2023-08-31 12:42:00 - [MESSAGE][PASSED] - Browser is opened with url: 'https://www.saucedemo.com/'

2023-08-31 12:42:00 - [TEST_STEP][PASSED] - maximizeWindow(): Current window maximized

2023-08-31 12:42:01 - [MESSAGE][PASSED] - Current window maximized

2023-08-31 12:42:01 - [TEST_STEP][PASSED] - setText(findTestObject("login/input_username"), username): Text 'standard_user' is set on object 'Object Repository/login/input_username'

2023-08-31 12:42:01 - [MESSAGE][PASSED] - Text 'standard_user' is set on object 'Object Repository/login/input_username'

2023-08-31 12:42:01 - [TEST_STEP][PASSED] - setEncryptedText(findTestObject("login/input_password"), password): Text ****** has been set on object 'Object Repository/login/input_password'

2023-08-31 12:42:02 - [MESSAGE][PASSED] - Text ****** has been set on object 'Object Repository/login/input_password'

2023-08-31 12:42:02 - [TEST_STEP][PASSED] - click(findTestObject("login/button_login")): Object: 'Object Repository/login/button_login' is clicked on

2023-08-31 12:42:03 - [MESSAGE][PASSED] - Object: 'Object Repository/login/button_login' is clicked on

2023-08-31 12:42:03 - [TEST_STEP][PASSED] - verifyElementPresent(findTestObject("Products/title_product"), 0): Object 'Object Repository/Products/title_product' is present

2023-08-31 12:42:03 - [MESSAGE][WARNING] - Timeout '0' is invalid. Using default page load timeout: '30'

2023-08-31 12:42:03 - [MESSAGE][PASSED] - Object 'Object Repository/Products/title_product' is present

2023-08-31 12:42:03 - [TEST_STEP][PASSED] - delay(3): Delayed 3 second(s)

2023-08-31 12:42:06 - [MESSAGE][PASSED] - Delayed 3 second(s)

2023-08-31 12:42:06 - [MESSAGE][PASSED] - Call Test Case 'Test Cases/Login/TC-Login-Success-001' successfully

2023-08-31 12:42:06 - [TEST_STEP][PASSED] - name_product = getText(findTestObject("Keranjang/title_product")): Text of object 'Object Repository/Keranjang/title_product' is: 'Sauce Labs Backpack'

2023-08-31 12:42:06 - [MESSAGE][PASSED] - Text of object 'Object Repository/Keranjang/title_product' is: 'Sauce Labs Backpack'

2023-08-31 12:42:06 - [TEST_STEP][PASSED] - product_price = getText(findTestObject("Products/products_price")): Text of object 'Object Repository/Products/products_price' is: '$29.99'

2023-08-31 12:42:07 - [MESSAGE][PASSED] - Text of object 'Object Repository/Products/products_price' is: '$29.99'

2023-08-31 12:42:07 - [TEST_STEP][PASSED] - description_product = getText(findTestObject("Products/description_product")): Text of object 'Object Repository/Products/description_product' is: 'carry.allTheThings() with the sleek, streamlined Sly Pack that melds uncompromising style with unequaled laptop and tablet protection.'

2023-08-31 12:42:07 - [MESSAGE][PASSED] - Text of object 'Object Repository/Products/description_product' is: 'carry.allTheThings() with the sleek, streamlined Sly Pack that melds uncompromising style with unequaled laptop and tablet protection.'

2023-08-31 12:42:07 - [TEST_STEP][PASSED] - click(findTestObject("Detail Product/title_product")): Object: 'Object Repository/Detail Product/title_product' is clicked on

2023-08-31 12:42:07 - [MESSAGE][PASSED] - Object: 'Object Repository/Detail Product/title_product' is clicked on

2023-08-31 12:42:07 - [TEST_STEP][PASSED] - detail_name_product = getText(findTestObject("Detail Product/detail_name_product")): Text of object 'Object Repository/Detail Product/detail_name_product' is: 'Sauce Labs Backpack'

2023-08-31 12:42:08 - [MESSAGE][PASSED] - Text of object 'Object Repository/Detail Product/detail_name_product' is: 'Sauce Labs Backpack'

2023-08-31 12:42:08 - [TEST_STEP][PASSED] - detail_product_price = getText(findTestObject("Products/detail_product_price")): Text of object 'Object Repository/Products/detail_product_price' is: '$29.99'

2023-08-31 12:42:08 - [MESSAGE][PASSED] - Text of object 'Object Repository/Products/detail_product_price' is: '$29.99'

2023-08-31 12:42:08 - [TEST_STEP][PASSED] - detail_description_product = getText(findTestObject("Products/detail_description_product")): Text of object 'Object Repository/Products/detail_description_product' is: 'carry.allTheThings() with the sleek, streamlined Sly Pack that melds uncompromising style with unequaled laptop and tablet protection.'

2023-08-31 12:42:09 - [MESSAGE][PASSED] - Text of object 'Object Repository/Products/detail_description_product' is: 'carry.allTheThings() with the sleek, streamlined Sly Pack that melds uncompromising style with unequaled laptop and tablet protection.'

2023-08-31 12:42:09 - [TEST_STEP][PASSED] - verifyMatch(detail_name_product, name_product, false): Actual text 'Sauce Labs Backpack' and expected text 'Sauce Labs Backpack' are matched 

2023-08-31 12:42:09 - [MESSAGE][PASSED] - Actual text 'Sauce Labs Backpack' and expected text 'Sauce Labs Backpack' are matched 

2023-08-31 12:42:09 - [TEST_STEP][PASSED] - verifyMatch(detail_product_price, product_price, false): Actual text '$29.99' and expected text '$29.99' are matched 

2023-08-31 12:42:09 - [MESSAGE][PASSED] - Actual text '$29.99' and expected text '$29.99' are matched 

2023-08-31 12:42:09 - [TEST_STEP][PASSED] - verifyMatch(detail_description_product, description_product, false): Actual text 'carry.allTheThings() with the sleek, streamlined Sly Pack that melds uncompromising style with unequaled laptop and tablet protection.' and expected text 'carry.allTheThings() with the sleek, streamlined Sly Pack that melds uncompromising style with unequaled laptop and tablet protection.' are matched 

2023-08-31 12:42:09 - [MESSAGE][PASSED] - Actual text 'carry.allTheThings() with the sleek, streamlined Sly Pack that melds uncompromising style with unequaled laptop and tablet protection.' and expected text 'carry.allTheThings() with the sleek, streamlined Sly Pack that melds uncompromising style with unequaled laptop and tablet protection.' are matched 

2023-08-31 12:42:09 - [MESSAGE][PASSED] - Call Test Case 'Test Cases/Detail Product/TC-DetailProduct-Show-001' successfully

2023-08-31 12:42:09 - [TEST_STEP][PASSED] - click(findTestObject("Detail Product/button_add_to_chart_from_pdp")): Object: 'Object Repository/Detail Product/button_add_to_chart_from_pdp' is clicked on

2023-08-31 12:42:09 - [MESSAGE][PASSED] - Object: 'Object Repository/Detail Product/button_add_to_chart_from_pdp' is clicked on

2023-08-31 12:42:09 - [TEST_STEP][PASSED] - verifyElementNotPresent(findTestObject("Detail Product/button_add_to_chart_from_pdp"), 3): Web element with id: 'Object Repository/Detail Product/button_add_to_chart_from_pdp' located by 'By.xpath: //*[@id="add-to-cart-sauce-labs-backpack"]' is not present after '3' second(s)

2023-08-31 12:42:10 - [MESSAGE][PASSED] - Web element with id: 'Object Repository/Detail Product/button_add_to_chart_from_pdp' located by 'By.xpath: //*[@id="add-to-cart-sauce-labs-backpack"]' is not present after '3' second(s)

2023-08-31 12:42:10 - [TEST_STEP][PASSED] - notif = getText(findTestObject("Products/cart_notif")): Text of object 'Object Repository/Products/cart_notif' is: '1'

2023-08-31 12:42:10 - [MESSAGE][PASSED] - Text of object 'Object Repository/Products/cart_notif' is: '1'

2023-08-31 12:42:10 - [TEST_STEP][PASSED] - println(notif): null

2023-08-31 12:42:10 - [TEST_STEP][PASSED] - verifyMatch("1", notif, false): Actual text '1' and expected text '1' are matched 

2023-08-31 12:42:10 - [MESSAGE][PASSED] - Actual text '1' and expected text '1' are matched 

2023-08-31 12:42:10 - [MESSAGE][PASSED] - Call Test Case 'Test Cases/Detail Product/TC-DetailProduct-AddCart-001' successfully

2023-08-31 12:42:10 - [TEST_STEP][PASSED] - click(findTestObject("Detail Product/button_remove_from_pdp")): Object: 'Object Repository/Detail Product/button_remove_from_pdp' is clicked on

2023-08-31 12:42:10 - [MESSAGE][PASSED] - Object: 'Object Repository/Detail Product/button_remove_from_pdp' is clicked on

2023-08-31 12:42:10 - [TEST_STEP][PASSED] - verifyElementNotPresent(findTestObject("Detail Product/button_remove_from_pdp"), 0): Web element with id: 'Object Repository/Detail Product/button_remove_from_pdp' located by 'By.xpath: //*[@id="remove-sauce-labs-backpack"]' is not present after '30' second(s)

2023-08-31 12:42:10 - [MESSAGE][WARNING] - Timeout '0' is invalid. Using default page load timeout: '30'

2023-08-31 12:42:11 - [MESSAGE][PASSED] - Web element with id: 'Object Repository/Detail Product/button_remove_from_pdp' located by 'By.xpath: //*[@id="remove-sauce-labs-backpack"]' is not present after '30' second(s)]]></system-out>
         <system-err><![CDATA[]]></system-err>
      </testcase>
      <testcase name="Test Cases/Detail Product/TC-DetailProduct-Show-001" time="12.773" classname="Test Cases/Detail Product/TC-DetailProduct-Show-001" status="PASSED">
         <system-out><![CDATA[2023-08-31 12:42:11 - [TEST_CASE][PASSED] - Test Cases/Detail Product/TC-DetailProduct-Show-001: Test Cases/Detail Product/TC-DetailProduct-Show-001

2023-08-31 12:42:11 - [TEST_STEP][PASSED] - callTestCase(findTestCase("Login/TC-Login-Success-001"), [:], STOP_ON_FAILURE): Call Test Case 'Test Cases/Login/TC-Login-Success-001' successfully

2023-08-31 12:42:11 - [TEST_CASE][PASSED] - Test Cases/Login/TC-Login-Success-001: Test Cases/Login/TC-Login-Success-001

2023-08-31 12:42:11 - [TEST_STEP][PASSED] - openBrowser(url): Browser is opened with url: 'https://www.saucedemo.com/'

2023-08-31 12:42:11 - [MESSAGE][WARNING] - A browser is already opened. Closing browser and opening a new one

2023-08-31 12:42:12 - [MESSAGE][INFO] - Starting 'Edge Chromium' driver

2023-08-31 12:42:14 - [MESSAGE][INFO] - Action delay is set to 0 milliseconds

2023-08-31 12:42:15 - [MESSAGE][PASSED] - Browser is opened with url: 'https://www.saucedemo.com/'

2023-08-31 12:42:15 - [TEST_STEP][PASSED] - maximizeWindow(): Current window maximized

2023-08-31 12:42:15 - [MESSAGE][PASSED] - Current window maximized

2023-08-31 12:42:15 - [TEST_STEP][PASSED] - setText(findTestObject("login/input_username"), username): Text 'standard_user' is set on object 'Object Repository/login/input_username'

2023-08-31 12:42:16 - [MESSAGE][PASSED] - Text 'standard_user' is set on object 'Object Repository/login/input_username'

2023-08-31 12:42:16 - [TEST_STEP][PASSED] - setEncryptedText(findTestObject("login/input_password"), password): Text ****** has been set on object 'Object Repository/login/input_password'

2023-08-31 12:42:17 - [MESSAGE][PASSED] - Text ****** has been set on object 'Object Repository/login/input_password'

2023-08-31 12:42:17 - [TEST_STEP][PASSED] - click(findTestObject("login/button_login")): Object: 'Object Repository/login/button_login' is clicked on

2023-08-31 12:42:17 - [MESSAGE][PASSED] - Object: 'Object Repository/login/button_login' is clicked on

2023-08-31 12:42:17 - [TEST_STEP][PASSED] - verifyElementPresent(findTestObject("Products/title_product"), 0): Object 'Object Repository/Products/title_product' is present

2023-08-31 12:42:17 - [MESSAGE][WARNING] - Timeout '0' is invalid. Using default page load timeout: '30'

2023-08-31 12:42:18 - [MESSAGE][PASSED] - Object 'Object Repository/Products/title_product' is present

2023-08-31 12:42:18 - [TEST_STEP][PASSED] - delay(3): Delayed 3 second(s)

2023-08-31 12:42:21 - [MESSAGE][PASSED] - Delayed 3 second(s)

2023-08-31 12:42:21 - [MESSAGE][PASSED] - Call Test Case 'Test Cases/Login/TC-Login-Success-001' successfully

2023-08-31 12:42:21 - [TEST_STEP][PASSED] - name_product = getText(findTestObject("Keranjang/title_product")): Text of object 'Object Repository/Keranjang/title_product' is: 'Sauce Labs Backpack'

2023-08-31 12:42:21 - [MESSAGE][PASSED] - Text of object 'Object Repository/Keranjang/title_product' is: 'Sauce Labs Backpack'

2023-08-31 12:42:21 - [TEST_STEP][PASSED] - product_price = getText(findTestObject("Products/products_price")): Text of object 'Object Repository/Products/products_price' is: '$29.99'

2023-08-31 12:42:22 - [MESSAGE][PASSED] - Text of object 'Object Repository/Products/products_price' is: '$29.99'

2023-08-31 12:42:22 - [TEST_STEP][PASSED] - description_product = getText(findTestObject("Products/description_product")): Text of object 'Object Repository/Products/description_product' is: 'carry.allTheThings() with the sleek, streamlined Sly Pack that melds uncompromising style with unequaled laptop and tablet protection.'

2023-08-31 12:42:22 - [MESSAGE][PASSED] - Text of object 'Object Repository/Products/description_product' is: 'carry.allTheThings() with the sleek, streamlined Sly Pack that melds uncompromising style with unequaled laptop and tablet protection.'

2023-08-31 12:42:22 - [TEST_STEP][PASSED] - click(findTestObject("Detail Product/title_product")): Object: 'Object Repository/Detail Product/title_product' is clicked on

2023-08-31 12:42:22 - [MESSAGE][PASSED] - Object: 'Object Repository/Detail Product/title_product' is clicked on

2023-08-31 12:42:22 - [TEST_STEP][PASSED] - detail_name_product = getText(findTestObject("Detail Product/detail_name_product")): Text of object 'Object Repository/Detail Product/detail_name_product' is: 'Sauce Labs Backpack'

2023-08-31 12:42:23 - [MESSAGE][PASSED] - Text of object 'Object Repository/Detail Product/detail_name_product' is: 'Sauce Labs Backpack'

2023-08-31 12:42:23 - [TEST_STEP][PASSED] - detail_product_price = getText(findTestObject("Products/detail_product_price")): Text of object 'Object Repository/Products/detail_product_price' is: '$29.99'

2023-08-31 12:42:23 - [MESSAGE][PASSED] - Text of object 'Object Repository/Products/detail_product_price' is: '$29.99'

2023-08-31 12:42:23 - [TEST_STEP][PASSED] - detail_description_product = getText(findTestObject("Products/detail_description_product")): Text of object 'Object Repository/Products/detail_description_product' is: 'carry.allTheThings() with the sleek, streamlined Sly Pack that melds uncompromising style with unequaled laptop and tablet protection.'

2023-08-31 12:42:24 - [MESSAGE][PASSED] - Text of object 'Object Repository/Products/detail_description_product' is: 'carry.allTheThings() with the sleek, streamlined Sly Pack that melds uncompromising style with unequaled laptop and tablet protection.'

2023-08-31 12:42:24 - [TEST_STEP][PASSED] - verifyMatch(detail_name_product, name_product, false): Actual text 'Sauce Labs Backpack' and expected text 'Sauce Labs Backpack' are matched 

2023-08-31 12:42:24 - [MESSAGE][PASSED] - Actual text 'Sauce Labs Backpack' and expected text 'Sauce Labs Backpack' are matched 

2023-08-31 12:42:24 - [TEST_STEP][PASSED] - verifyMatch(detail_product_price, product_price, false): Actual text '$29.99' and expected text '$29.99' are matched 

2023-08-31 12:42:24 - [MESSAGE][PASSED] - Actual text '$29.99' and expected text '$29.99' are matched 

2023-08-31 12:42:24 - [TEST_STEP][PASSED] - verifyMatch(detail_description_product, description_product, false): Actual text 'carry.allTheThings() with the sleek, streamlined Sly Pack that melds uncompromising style with unequaled laptop and tablet protection.' and expected text 'carry.allTheThings() with the sleek, streamlined Sly Pack that melds uncompromising style with unequaled laptop and tablet protection.' are matched 

2023-08-31 12:42:24 - [MESSAGE][PASSED] - Actual text 'carry.allTheThings() with the sleek, streamlined Sly Pack that melds uncompromising style with unequaled laptop and tablet protection.' and expected text 'carry.allTheThings() with the sleek, streamlined Sly Pack that melds uncompromising style with unequaled laptop and tablet protection.' are matched]]></system-out>
         <system-err><![CDATA[]]></system-err>
      </testcase>
      <testcase name="Test Cases/Keranjang/TC-Cart-Nav-001" time="16.661" classname="Test Cases/Keranjang/TC-Cart-Nav-001" status="PASSED">
         <system-out><![CDATA[2023-08-31 12:42:24 - [TEST_CASE][PASSED] - Test Cases/Keranjang/TC-Cart-Nav-001: Test Cases/Keranjang/TC-Cart-Nav-001

2023-08-31 12:42:24 - [TEST_STEP][PASSED] - callTestCase(findTestCase("Keranjang/TC-Cart-Show-002"), [:], STOP_ON_FAILURE): Call Test Case 'Test Cases/Keranjang/TC-Cart-Show-002' successfully

2023-08-31 12:42:24 - [TEST_CASE][PASSED] - Test Cases/Keranjang/TC-Cart-Show-002: Test Cases/Keranjang/TC-Cart-Show-002

2023-08-31 12:42:24 - [TEST_STEP][PASSED] - data_cart = callTestCase(findTestCase("Products/TC-Product-AddCart-001"), [:], STOP_ON_FAILURE): Call Test Case 'Test Cases/Products/TC-Product-AddCart-001' successfully

2023-08-31 12:42:24 - [TEST_CASE][PASSED] - Test Cases/Products/TC-Product-AddCart-001: Test Cases/Products/TC-Product-AddCart-001

2023-08-31 12:42:24 - [TEST_STEP][PASSED] - callTestCase(findTestCase("Login/TC-Login-Success-001"), [:], STOP_ON_FAILURE): Call Test Case 'Test Cases/Login/TC-Login-Success-001' successfully

2023-08-31 12:42:24 - [TEST_CASE][PASSED] - Test Cases/Login/TC-Login-Success-001: Test Cases/Login/TC-Login-Success-001

2023-08-31 12:42:24 - [TEST_STEP][PASSED] - openBrowser(url): Browser is opened with url: 'https://www.saucedemo.com/'

2023-08-31 12:42:24 - [MESSAGE][WARNING] - A browser is already opened. Closing browser and opening a new one

2023-08-31 12:42:25 - [MESSAGE][INFO] - Starting 'Edge Chromium' driver

2023-08-31 12:42:27 - [MESSAGE][INFO] - Action delay is set to 0 milliseconds

2023-08-31 12:42:30 - [MESSAGE][PASSED] - Browser is opened with url: 'https://www.saucedemo.com/'

2023-08-31 12:42:30 - [TEST_STEP][PASSED] - maximizeWindow(): Current window maximized

2023-08-31 12:42:30 - [MESSAGE][PASSED] - Current window maximized

2023-08-31 12:42:30 - [TEST_STEP][PASSED] - setText(findTestObject("login/input_username"), username): Text 'standard_user' is set on object 'Object Repository/login/input_username'

2023-08-31 12:42:31 - [MESSAGE][PASSED] - Text 'standard_user' is set on object 'Object Repository/login/input_username'

2023-08-31 12:42:31 - [TEST_STEP][PASSED] - setEncryptedText(findTestObject("login/input_password"), password): Text ****** has been set on object 'Object Repository/login/input_password'

2023-08-31 12:42:31 - [MESSAGE][PASSED] - Text ****** has been set on object 'Object Repository/login/input_password'

2023-08-31 12:42:31 - [TEST_STEP][PASSED] - click(findTestObject("login/button_login")): Object: 'Object Repository/login/button_login' is clicked on

2023-08-31 12:42:32 - [MESSAGE][PASSED] - Object: 'Object Repository/login/button_login' is clicked on

2023-08-31 12:42:32 - [TEST_STEP][PASSED] - verifyElementPresent(findTestObject("Products/title_product"), 0): Object 'Object Repository/Products/title_product' is present

2023-08-31 12:42:32 - [MESSAGE][WARNING] - Timeout '0' is invalid. Using default page load timeout: '30'

2023-08-31 12:42:32 - [MESSAGE][PASSED] - Object 'Object Repository/Products/title_product' is present

2023-08-31 12:42:32 - [TEST_STEP][PASSED] - delay(3): Delayed 3 second(s)

2023-08-31 12:42:35 - [MESSAGE][PASSED] - Delayed 3 second(s)

2023-08-31 12:42:35 - [MESSAGE][PASSED] - Call Test Case 'Test Cases/Login/TC-Login-Success-001' successfully

2023-08-31 12:42:35 - [TEST_STEP][PASSED] - click(findTestObject("Products/add_to_chart_produk_1")): Object: 'Object Repository/Products/add_to_chart_produk_1' is clicked on

2023-08-31 12:42:36 - [MESSAGE][PASSED] - Object: 'Object Repository/Products/add_to_chart_produk_1' is clicked on

2023-08-31 12:42:36 - [TEST_STEP][PASSED] - verifyElementVisible(findTestObject("Keranjang/alert_icon"), STOP_ON_FAILURE): Object 'Object Repository/Keranjang/alert_icon' is visible

2023-08-31 12:42:36 - [MESSAGE][PASSED] - Object 'Object Repository/Keranjang/alert_icon' is visible

2023-08-31 12:42:36 - [TEST_STEP][PASSED] - verifyElementNotPresent(findTestObject("Products/add_to_chart_produk_1"), 0): Web element with id: 'Object Repository/Products/add_to_chart_produk_1' located by 'By.xpath: //*[@id="add-to-cart-sauce-labs-backpack"]' is not present after '30' second(s)

2023-08-31 12:42:36 - [MESSAGE][WARNING] - Timeout '0' is invalid. Using default page load timeout: '30'

2023-08-31 12:42:37 - [MESSAGE][PASSED] - Web element with id: 'Object Repository/Products/add_to_chart_produk_1' located by 'By.xpath: //*[@id="add-to-cart-sauce-labs-backpack"]' is not present after '30' second(s)

2023-08-31 12:42:37 - [TEST_STEP][PASSED] - name_product = getText(findTestObject("Detail Product/title_product")): Text of object 'Object Repository/Detail Product/title_product' is: 'Sauce Labs Backpack'

2023-08-31 12:42:37 - [MESSAGE][PASSED] - Text of object 'Object Repository/Detail Product/title_product' is: 'Sauce Labs Backpack'

2023-08-31 12:42:37 - [TEST_STEP][PASSED] - description_product = getText(findTestObject("Products/description_product")): Text of object 'Object Repository/Products/description_product' is: 'carry.allTheThings() with the sleek, streamlined Sly Pack that melds uncompromising style with unequaled laptop and tablet protection.'

2023-08-31 12:42:37 - [MESSAGE][PASSED] - Text of object 'Object Repository/Products/description_product' is: 'carry.allTheThings() with the sleek, streamlined Sly Pack that melds uncompromising style with unequaled laptop and tablet protection.'

2023-08-31 12:42:37 - [TEST_STEP][PASSED] - product_price = getText(findTestObject("Products/products_price")): Text of object 'Object Repository/Products/products_price' is: '$29.99'

2023-08-31 12:42:38 - [MESSAGE][PASSED] - Text of object 'Object Repository/Products/products_price' is: '$29.99'

2023-08-31 12:42:38 - [TEST_STEP][PASSED] - data = new java.util.HashMap(): null

2023-08-31 12:42:38 - [TEST_STEP][PASSED] - data.put("name_product", name_product): null

2023-08-31 12:42:38 - [TEST_STEP][PASSED] - data.put("description_product", description_product): null

2023-08-31 12:42:38 - [TEST_STEP][PASSED] - data.put("product_price", product_price): null

2023-08-31 12:42:38 - [TEST_STEP][PASSED] - return data: null

2023-08-31 12:42:38 - [MESSAGE][PASSED] - Call Test Case 'Test Cases/Products/TC-Product-AddCart-001' successfully

2023-08-31 12:42:38 - [TEST_STEP][PASSED] - click(findTestObject("Keranjang/icon_cart")): Object: 'Object Repository/Keranjang/icon_cart' is clicked on

2023-08-31 12:42:38 - [MESSAGE][PASSED] - Object: 'Object Repository/Keranjang/icon_cart' is clicked on

2023-08-31 12:42:38 - [TEST_STEP][PASSED] - name_product_cart = getText(findTestObject("Keranjang/name_product_cart")): Text of object 'Object Repository/Keranjang/name_product_cart' is: 'Sauce Labs Backpack'

2023-08-31 12:42:39 - [MESSAGE][PASSED] - Text of object 'Object Repository/Keranjang/name_product_cart' is: 'Sauce Labs Backpack'

2023-08-31 12:42:39 - [TEST_STEP][PASSED] - description_product_cart = getText(findTestObject("Keranjang/description_product_cart")): Text of object 'Object Repository/Keranjang/description_product_cart' is: 'carry.allTheThings() with the sleek, streamlined Sly Pack that melds uncompromising style with unequaled laptop and tablet protection.'

2023-08-31 12:42:39 - [MESSAGE][PASSED] - Text of object 'Object Repository/Keranjang/description_product_cart' is: 'carry.allTheThings() with the sleek, streamlined Sly Pack that melds uncompromising style with unequaled laptop and tablet protection.'

2023-08-31 12:42:39 - [TEST_STEP][PASSED] - product_price_cart = getText(findTestObject("Keranjang/product_price_cart")): Text of object 'Object Repository/Keranjang/product_price_cart' is: '$29.99'

2023-08-31 12:42:39 - [MESSAGE][PASSED] - Text of object 'Object Repository/Keranjang/product_price_cart' is: '$29.99'

2023-08-31 12:42:39 - [TEST_STEP][PASSED] - nama_product = data_cart.get("name_product"): null

2023-08-31 12:42:39 - [TEST_STEP][PASSED] - deskripsi_produk = data_cart.get("description_product"): null

2023-08-31 12:42:39 - [TEST_STEP][PASSED] - harga_produk = data_cart.get("product_price"): null

2023-08-31 12:42:39 - [TEST_STEP][PASSED] - verifyMatch(name_product_cart, nama_product, false): Actual text 'Sauce Labs Backpack' and expected text 'Sauce Labs Backpack' are matched 

2023-08-31 12:42:39 - [MESSAGE][PASSED] - Actual text 'Sauce Labs Backpack' and expected text 'Sauce Labs Backpack' are matched 

2023-08-31 12:42:39 - [TEST_STEP][PASSED] - verifyMatch(description_product_cart, deskripsi_produk, false): Actual text 'carry.allTheThings() with the sleek, streamlined Sly Pack that melds uncompromising style with unequaled laptop and tablet protection.' and expected text 'carry.allTheThings() with the sleek, streamlined Sly Pack that melds uncompromising style with unequaled laptop and tablet protection.' are matched 

2023-08-31 12:42:39 - [MESSAGE][PASSED] - Actual text 'carry.allTheThings() with the sleek, streamlined Sly Pack that melds uncompromising style with unequaled laptop and tablet protection.' and expected text 'carry.allTheThings() with the sleek, streamlined Sly Pack that melds uncompromising style with unequaled laptop and tablet protection.' are matched 

2023-08-31 12:42:39 - [TEST_STEP][PASSED] - verifyMatch(product_price_cart, harga_produk, false): Actual text '$29.99' and expected text '$29.99' are matched 

2023-08-31 12:42:39 - [MESSAGE][PASSED] - Actual text '$29.99' and expected text '$29.99' are matched 

2023-08-31 12:42:39 - [TEST_STEP][PASSED] - return data_cart: null

2023-08-31 12:42:39 - [MESSAGE][PASSED] - Call Test Case 'Test Cases/Keranjang/TC-Cart-Show-002' successfully

2023-08-31 12:42:39 - [TEST_STEP][PASSED] - click(findTestObject("Keranjang/button_continue_shopping")): Object: 'Object Repository/Keranjang/button_continue_shopping' is clicked on

2023-08-31 12:42:40 - [MESSAGE][PASSED] - Object: 'Object Repository/Keranjang/button_continue_shopping' is clicked on

2023-08-31 12:42:40 - [TEST_STEP][PASSED] - verifyElementPresent(findTestObject("Products/title_product"), 0): Object 'Object Repository/Products/title_product' is present

2023-08-31 12:42:40 - [MESSAGE][WARNING] - Timeout '0' is invalid. Using default page load timeout: '30'

2023-08-31 12:42:40 - [MESSAGE][PASSED] - Object 'Object Repository/Products/title_product' is present]]></system-out>
         <system-err><![CDATA[]]></system-err>
      </testcase>
      <testcase name="Test Cases/Keranjang/TC-Cart-Nav-002" time="17.302" classname="Test Cases/Keranjang/TC-Cart-Nav-002" status="PASSED">
         <system-out><![CDATA[2023-08-31 12:42:40 - [TEST_CASE][PASSED] - Test Cases/Keranjang/TC-Cart-Nav-002: Test Cases/Keranjang/TC-Cart-Nav-002

2023-08-31 12:42:40 - [TEST_STEP][PASSED] - data = callTestCase(findTestCase("Keranjang/TC-Cart-Show-002"), [:], STOP_ON_FAILURE): Call Test Case 'Test Cases/Keranjang/TC-Cart-Show-002' successfully

2023-08-31 12:42:41 - [TEST_CASE][PASSED] - Test Cases/Keranjang/TC-Cart-Show-002: Test Cases/Keranjang/TC-Cart-Show-002

2023-08-31 12:42:41 - [TEST_STEP][PASSED] - data_cart = callTestCase(findTestCase("Products/TC-Product-AddCart-001"), [:], STOP_ON_FAILURE): Call Test Case 'Test Cases/Products/TC-Product-AddCart-001' successfully

2023-08-31 12:42:41 - [TEST_CASE][PASSED] - Test Cases/Products/TC-Product-AddCart-001: Test Cases/Products/TC-Product-AddCart-001

2023-08-31 12:42:41 - [TEST_STEP][PASSED] - callTestCase(findTestCase("Login/TC-Login-Success-001"), [:], STOP_ON_FAILURE): Call Test Case 'Test Cases/Login/TC-Login-Success-001' successfully

2023-08-31 12:42:41 - [TEST_CASE][PASSED] - Test Cases/Login/TC-Login-Success-001: Test Cases/Login/TC-Login-Success-001

2023-08-31 12:42:41 - [TEST_STEP][PASSED] - openBrowser(url): Browser is opened with url: 'https://www.saucedemo.com/'

2023-08-31 12:42:41 - [MESSAGE][WARNING] - A browser is already opened. Closing browser and opening a new one

2023-08-31 12:42:42 - [MESSAGE][INFO] - Starting 'Edge Chromium' driver

2023-08-31 12:42:44 - [MESSAGE][INFO] - Action delay is set to 0 milliseconds

2023-08-31 12:42:46 - [MESSAGE][PASSED] - Browser is opened with url: 'https://www.saucedemo.com/'

2023-08-31 12:42:46 - [TEST_STEP][PASSED] - maximizeWindow(): Current window maximized

2023-08-31 12:42:46 - [MESSAGE][PASSED] - Current window maximized

2023-08-31 12:42:46 - [TEST_STEP][PASSED] - setText(findTestObject("login/input_username"), username): Text 'standard_user' is set on object 'Object Repository/login/input_username'

2023-08-31 12:42:47 - [MESSAGE][PASSED] - Text 'standard_user' is set on object 'Object Repository/login/input_username'

2023-08-31 12:42:47 - [TEST_STEP][PASSED] - setEncryptedText(findTestObject("login/input_password"), password): Text ****** has been set on object 'Object Repository/login/input_password'

2023-08-31 12:42:48 - [MESSAGE][PASSED] - Text ****** has been set on object 'Object Repository/login/input_password'

2023-08-31 12:42:48 - [TEST_STEP][PASSED] - click(findTestObject("login/button_login")): Object: 'Object Repository/login/button_login' is clicked on

2023-08-31 12:42:49 - [MESSAGE][PASSED] - Object: 'Object Repository/login/button_login' is clicked on

2023-08-31 12:42:49 - [TEST_STEP][PASSED] - verifyElementPresent(findTestObject("Products/title_product"), 0): Object 'Object Repository/Products/title_product' is present

2023-08-31 12:42:49 - [MESSAGE][WARNING] - Timeout '0' is invalid. Using default page load timeout: '30'

2023-08-31 12:42:49 - [MESSAGE][PASSED] - Object 'Object Repository/Products/title_product' is present

2023-08-31 12:42:49 - [TEST_STEP][PASSED] - delay(3): Delayed 3 second(s)

2023-08-31 12:42:52 - [MESSAGE][PASSED] - Delayed 3 second(s)

2023-08-31 12:42:52 - [MESSAGE][PASSED] - Call Test Case 'Test Cases/Login/TC-Login-Success-001' successfully

2023-08-31 12:42:52 - [TEST_STEP][PASSED] - click(findTestObject("Products/add_to_chart_produk_1")): Object: 'Object Repository/Products/add_to_chart_produk_1' is clicked on

2023-08-31 12:42:52 - [MESSAGE][PASSED] - Object: 'Object Repository/Products/add_to_chart_produk_1' is clicked on

2023-08-31 12:42:52 - [TEST_STEP][PASSED] - verifyElementVisible(findTestObject("Keranjang/alert_icon"), STOP_ON_FAILURE): Object 'Object Repository/Keranjang/alert_icon' is visible

2023-08-31 12:42:53 - [MESSAGE][PASSED] - Object 'Object Repository/Keranjang/alert_icon' is visible

2023-08-31 12:42:53 - [TEST_STEP][PASSED] - verifyElementNotPresent(findTestObject("Products/add_to_chart_produk_1"), 0): Web element with id: 'Object Repository/Products/add_to_chart_produk_1' located by 'By.xpath: //*[@id="add-to-cart-sauce-labs-backpack"]' is not present after '30' second(s)

2023-08-31 12:42:53 - [MESSAGE][WARNING] - Timeout '0' is invalid. Using default page load timeout: '30'

2023-08-31 12:42:53 - [MESSAGE][PASSED] - Web element with id: 'Object Repository/Products/add_to_chart_produk_1' located by 'By.xpath: //*[@id="add-to-cart-sauce-labs-backpack"]' is not present after '30' second(s)

2023-08-31 12:42:53 - [TEST_STEP][PASSED] - name_product = getText(findTestObject("Detail Product/title_product")): Text of object 'Object Repository/Detail Product/title_product' is: 'Sauce Labs Backpack'

2023-08-31 12:42:54 - [MESSAGE][PASSED] - Text of object 'Object Repository/Detail Product/title_product' is: 'Sauce Labs Backpack'

2023-08-31 12:42:54 - [TEST_STEP][PASSED] - description_product = getText(findTestObject("Products/description_product")): Text of object 'Object Repository/Products/description_product' is: 'carry.allTheThings() with the sleek, streamlined Sly Pack that melds uncompromising style with unequaled laptop and tablet protection.'

2023-08-31 12:42:54 - [MESSAGE][PASSED] - Text of object 'Object Repository/Products/description_product' is: 'carry.allTheThings() with the sleek, streamlined Sly Pack that melds uncompromising style with unequaled laptop and tablet protection.'

2023-08-31 12:42:54 - [TEST_STEP][PASSED] - product_price = getText(findTestObject("Products/products_price")): Text of object 'Object Repository/Products/products_price' is: '$29.99'

2023-08-31 12:42:54 - [MESSAGE][PASSED] - Text of object 'Object Repository/Products/products_price' is: '$29.99'

2023-08-31 12:42:54 - [TEST_STEP][PASSED] - data = new java.util.HashMap(): null

2023-08-31 12:42:54 - [TEST_STEP][PASSED] - data.put("name_product", name_product): null

2023-08-31 12:42:54 - [TEST_STEP][PASSED] - data.put("description_product", description_product): null

2023-08-31 12:42:54 - [TEST_STEP][PASSED] - data.put("product_price", product_price): null

2023-08-31 12:42:54 - [TEST_STEP][PASSED] - return data: null

2023-08-31 12:42:54 - [MESSAGE][PASSED] - Call Test Case 'Test Cases/Products/TC-Product-AddCart-001' successfully

2023-08-31 12:42:54 - [TEST_STEP][PASSED] - click(findTestObject("Keranjang/icon_cart")): Object: 'Object Repository/Keranjang/icon_cart' is clicked on

2023-08-31 12:42:55 - [MESSAGE][PASSED] - Object: 'Object Repository/Keranjang/icon_cart' is clicked on

2023-08-31 12:42:55 - [TEST_STEP][PASSED] - name_product_cart = getText(findTestObject("Keranjang/name_product_cart")): Text of object 'Object Repository/Keranjang/name_product_cart' is: 'Sauce Labs Backpack'

2023-08-31 12:42:55 - [MESSAGE][PASSED] - Text of object 'Object Repository/Keranjang/name_product_cart' is: 'Sauce Labs Backpack'

2023-08-31 12:42:55 - [TEST_STEP][PASSED] - description_product_cart = getText(findTestObject("Keranjang/description_product_cart")): Text of object 'Object Repository/Keranjang/description_product_cart' is: 'carry.allTheThings() with the sleek, streamlined Sly Pack that melds uncompromising style with unequaled laptop and tablet protection.'

2023-08-31 12:42:56 - [MESSAGE][PASSED] - Text of object 'Object Repository/Keranjang/description_product_cart' is: 'carry.allTheThings() with the sleek, streamlined Sly Pack that melds uncompromising style with unequaled laptop and tablet protection.'

2023-08-31 12:42:56 - [TEST_STEP][PASSED] - product_price_cart = getText(findTestObject("Keranjang/product_price_cart")): Text of object 'Object Repository/Keranjang/product_price_cart' is: '$29.99'

2023-08-31 12:42:56 - [MESSAGE][PASSED] - Text of object 'Object Repository/Keranjang/product_price_cart' is: '$29.99'

2023-08-31 12:42:56 - [TEST_STEP][PASSED] - nama_product = data_cart.get("name_product"): null

2023-08-31 12:42:56 - [TEST_STEP][PASSED] - deskripsi_produk = data_cart.get("description_product"): null

2023-08-31 12:42:56 - [TEST_STEP][PASSED] - harga_produk = data_cart.get("product_price"): null

2023-08-31 12:42:56 - [TEST_STEP][PASSED] - verifyMatch(name_product_cart, nama_product, false): Actual text 'Sauce Labs Backpack' and expected text 'Sauce Labs Backpack' are matched 

2023-08-31 12:42:56 - [MESSAGE][PASSED] - Actual text 'Sauce Labs Backpack' and expected text 'Sauce Labs Backpack' are matched 

2023-08-31 12:42:56 - [TEST_STEP][PASSED] - verifyMatch(description_product_cart, deskripsi_produk, false): Actual text 'carry.allTheThings() with the sleek, streamlined Sly Pack that melds uncompromising style with unequaled laptop and tablet protection.' and expected text 'carry.allTheThings() with the sleek, streamlined Sly Pack that melds uncompromising style with unequaled laptop and tablet protection.' are matched 

2023-08-31 12:42:56 - [MESSAGE][PASSED] - Actual text 'carry.allTheThings() with the sleek, streamlined Sly Pack that melds uncompromising style with unequaled laptop and tablet protection.' and expected text 'carry.allTheThings() with the sleek, streamlined Sly Pack that melds uncompromising style with unequaled laptop and tablet protection.' are matched 

2023-08-31 12:42:56 - [TEST_STEP][PASSED] - verifyMatch(product_price_cart, harga_produk, false): Actual text '$29.99' and expected text '$29.99' are matched 

2023-08-31 12:42:56 - [MESSAGE][PASSED] - Actual text '$29.99' and expected text '$29.99' are matched 

2023-08-31 12:42:56 - [TEST_STEP][PASSED] - return data_cart: null

2023-08-31 12:42:56 - [MESSAGE][PASSED] - Call Test Case 'Test Cases/Keranjang/TC-Cart-Show-002' successfully

2023-08-31 12:42:56 - [TEST_STEP][PASSED] - name_product_cart = data.get("name_product"): null

2023-08-31 12:42:56 - [TEST_STEP][PASSED] - description_product_cart = data.get("description_product"): null

2023-08-31 12:42:56 - [TEST_STEP][PASSED] - price_product_cart = data.get("product_price"): null

2023-08-31 12:42:56 - [TEST_STEP][PASSED] - click(findTestObject("Keranjang/title_product")): Object: 'Object Repository/Keranjang/title_product' is clicked on

2023-08-31 12:42:56 - [MESSAGE][PASSED] - Object: 'Object Repository/Keranjang/title_product' is clicked on

2023-08-31 12:42:56 - [TEST_STEP][PASSED] - detail_name_product = getText(findTestObject("Detail Product/detail_name_product")): Text of object 'Object Repository/Detail Product/detail_name_product' is: 'Sauce Labs Backpack'

2023-08-31 12:42:57 - [MESSAGE][PASSED] - Text of object 'Object Repository/Detail Product/detail_name_product' is: 'Sauce Labs Backpack'

2023-08-31 12:42:57 - [TEST_STEP][PASSED] - detail_description_product = getText(findTestObject("Products/detail_description_product")): Text of object 'Object Repository/Products/detail_description_product' is: 'carry.allTheThings() with the sleek, streamlined Sly Pack that melds uncompromising style with unequaled laptop and tablet protection.'

2023-08-31 12:42:57 - [MESSAGE][PASSED] - Text of object 'Object Repository/Products/detail_description_product' is: 'carry.allTheThings() with the sleek, streamlined Sly Pack that melds uncompromising style with unequaled laptop and tablet protection.'

2023-08-31 12:42:57 - [TEST_STEP][PASSED] - detail_price_product = getText(findTestObject("Products/detail_product_price")): Text of object 'Object Repository/Products/detail_product_price' is: '$29.99'

2023-08-31 12:42:58 - [MESSAGE][PASSED] - Text of object 'Object Repository/Products/detail_product_price' is: '$29.99'

2023-08-31 12:42:58 - [TEST_STEP][PASSED] - verifyMatch(detail_name_product, name_product_cart, false): Actual text 'Sauce Labs Backpack' and expected text 'Sauce Labs Backpack' are matched 

2023-08-31 12:42:58 - [MESSAGE][PASSED] - Actual text 'Sauce Labs Backpack' and expected text 'Sauce Labs Backpack' are matched 

2023-08-31 12:42:58 - [TEST_STEP][PASSED] - verifyMatch(detail_description_product, description_product_cart, false): Actual text 'carry.allTheThings() with the sleek, streamlined Sly Pack that melds uncompromising style with unequaled laptop and tablet protection.' and expected text 'carry.allTheThings() with the sleek, streamlined Sly Pack that melds uncompromising style with unequaled laptop and tablet protection.' are matched 

2023-08-31 12:42:58 - [MESSAGE][PASSED] - Actual text 'carry.allTheThings() with the sleek, streamlined Sly Pack that melds uncompromising style with unequaled laptop and tablet protection.' and expected text 'carry.allTheThings() with the sleek, streamlined Sly Pack that melds uncompromising style with unequaled laptop and tablet protection.' are matched 

2023-08-31 12:42:58 - [TEST_STEP][PASSED] - verifyMatch(detail_price_product, price_product_cart, false): Actual text '$29.99' and expected text '$29.99' are matched 

2023-08-31 12:42:58 - [MESSAGE][PASSED] - Actual text '$29.99' and expected text '$29.99' are matched]]></system-out>
         <system-err><![CDATA[]]></system-err>
      </testcase>
      <testcase name="Test Cases/Keranjang/TC-Cart-Show-001" time="12.977" classname="Test Cases/Keranjang/TC-Cart-Show-001" status="PASSED">
         <system-out><![CDATA[2023-08-31 12:42:58 - [TEST_CASE][PASSED] - Test Cases/Keranjang/TC-Cart-Show-001: Test Cases/Keranjang/TC-Cart-Show-001

2023-08-31 12:42:58 - [TEST_STEP][PASSED] - callTestCase(findTestCase("Login/TC-Login-Success-001"), [:], STOP_ON_FAILURE): Call Test Case 'Test Cases/Login/TC-Login-Success-001' successfully

2023-08-31 12:42:58 - [TEST_CASE][PASSED] - Test Cases/Login/TC-Login-Success-001: Test Cases/Login/TC-Login-Success-001

2023-08-31 12:42:58 - [TEST_STEP][PASSED] - openBrowser(url): Browser is opened with url: 'https://www.saucedemo.com/'

2023-08-31 12:42:58 - [MESSAGE][WARNING] - A browser is already opened. Closing browser and opening a new one

2023-08-31 12:42:59 - [MESSAGE][INFO] - Starting 'Edge Chromium' driver

2023-08-31 12:43:01 - [MESSAGE][INFO] - Action delay is set to 0 milliseconds

2023-08-31 12:43:04 - [MESSAGE][PASSED] - Browser is opened with url: 'https://www.saucedemo.com/'

2023-08-31 12:43:04 - [TEST_STEP][PASSED] - maximizeWindow(): Current window maximized

2023-08-31 12:43:04 - [MESSAGE][PASSED] - Current window maximized

2023-08-31 12:43:04 - [TEST_STEP][PASSED] - setText(findTestObject("login/input_username"), username): Text 'standard_user' is set on object 'Object Repository/login/input_username'

2023-08-31 12:43:05 - [MESSAGE][PASSED] - Text 'standard_user' is set on object 'Object Repository/login/input_username'

2023-08-31 12:43:05 - [TEST_STEP][PASSED] - setEncryptedText(findTestObject("login/input_password"), password): Text ****** has been set on object 'Object Repository/login/input_password'

2023-08-31 12:43:05 - [MESSAGE][PASSED] - Text ****** has been set on object 'Object Repository/login/input_password'

2023-08-31 12:43:05 - [TEST_STEP][PASSED] - click(findTestObject("login/button_login")): Object: 'Object Repository/login/button_login' is clicked on

2023-08-31 12:43:06 - [MESSAGE][PASSED] - Object: 'Object Repository/login/button_login' is clicked on

2023-08-31 12:43:06 - [TEST_STEP][PASSED] - verifyElementPresent(findTestObject("Products/title_product"), 0): Object 'Object Repository/Products/title_product' is present

2023-08-31 12:43:06 - [MESSAGE][WARNING] - Timeout '0' is invalid. Using default page load timeout: '30'

2023-08-31 12:43:06 - [MESSAGE][PASSED] - Object 'Object Repository/Products/title_product' is present

2023-08-31 12:43:06 - [TEST_STEP][PASSED] - delay(3): Delayed 3 second(s)

2023-08-31 12:43:09 - [MESSAGE][PASSED] - Delayed 3 second(s)

2023-08-31 12:43:09 - [MESSAGE][PASSED] - Call Test Case 'Test Cases/Login/TC-Login-Success-001' successfully

2023-08-31 12:43:09 - [TEST_STEP][PASSED] - click(findTestObject("Keranjang/icon_cart")): Object: 'Object Repository/Keranjang/icon_cart' is clicked on

2023-08-31 12:43:10 - [MESSAGE][PASSED] - Object: 'Object Repository/Keranjang/icon_cart' is clicked on

2023-08-31 12:43:10 - [TEST_STEP][PASSED] - verifyElementVisible(findTestObject("Checkout/button_checkout")): Object 'Object Repository/Checkout/button_checkout' is visible

2023-08-31 12:43:10 - [MESSAGE][PASSED] - Object 'Object Repository/Checkout/button_checkout' is visible

2023-08-31 12:43:10 - [TEST_STEP][PASSED] - verifyElementVisible(findTestObject("Keranjang/button_continue_shopping")): Object 'Object Repository/Keranjang/button_continue_shopping' is visible

2023-08-31 12:43:10 - [MESSAGE][PASSED] - Object 'Object Repository/Keranjang/button_continue_shopping' is visible]]></system-out>
         <system-err><![CDATA[]]></system-err>
      </testcase>
      <testcase name="Test Cases/Keranjang/TC-Cart-Show-002" time="15.663" classname="Test Cases/Keranjang/TC-Cart-Show-002" status="PASSED">
         <system-out><![CDATA[2023-08-31 12:43:10 - [TEST_CASE][PASSED] - Test Cases/Keranjang/TC-Cart-Show-002: Test Cases/Keranjang/TC-Cart-Show-002

2023-08-31 12:43:11 - [TEST_STEP][PASSED] - data_cart = callTestCase(findTestCase("Products/TC-Product-AddCart-001"), [:], STOP_ON_FAILURE): Call Test Case 'Test Cases/Products/TC-Product-AddCart-001' successfully

2023-08-31 12:43:11 - [TEST_CASE][PASSED] - Test Cases/Products/TC-Product-AddCart-001: Test Cases/Products/TC-Product-AddCart-001

2023-08-31 12:43:11 - [TEST_STEP][PASSED] - callTestCase(findTestCase("Login/TC-Login-Success-001"), [:], STOP_ON_FAILURE): Call Test Case 'Test Cases/Login/TC-Login-Success-001' successfully

2023-08-31 12:43:11 - [TEST_CASE][PASSED] - Test Cases/Login/TC-Login-Success-001: Test Cases/Login/TC-Login-Success-001

2023-08-31 12:43:11 - [TEST_STEP][PASSED] - openBrowser(url): Browser is opened with url: 'https://www.saucedemo.com/'

2023-08-31 12:43:11 - [MESSAGE][WARNING] - A browser is already opened. Closing browser and opening a new one

2023-08-31 12:43:12 - [MESSAGE][INFO] - Starting 'Edge Chromium' driver

2023-08-31 12:43:14 - [MESSAGE][INFO] - Action delay is set to 0 milliseconds

2023-08-31 12:43:16 - [MESSAGE][PASSED] - Browser is opened with url: 'https://www.saucedemo.com/'

2023-08-31 12:43:16 - [TEST_STEP][PASSED] - maximizeWindow(): Current window maximized

2023-08-31 12:43:16 - [MESSAGE][PASSED] - Current window maximized

2023-08-31 12:43:16 - [TEST_STEP][PASSED] - setText(findTestObject("login/input_username"), username): Text 'standard_user' is set on object 'Object Repository/login/input_username'

2023-08-31 12:43:17 - [MESSAGE][PASSED] - Text 'standard_user' is set on object 'Object Repository/login/input_username'

2023-08-31 12:43:17 - [TEST_STEP][PASSED] - setEncryptedText(findTestObject("login/input_password"), password): Text ****** has been set on object 'Object Repository/login/input_password'

2023-08-31 12:43:18 - [MESSAGE][PASSED] - Text ****** has been set on object 'Object Repository/login/input_password'

2023-08-31 12:43:18 - [TEST_STEP][PASSED] - click(findTestObject("login/button_login")): Object: 'Object Repository/login/button_login' is clicked on

2023-08-31 12:43:18 - [MESSAGE][PASSED] - Object: 'Object Repository/login/button_login' is clicked on

2023-08-31 12:43:18 - [TEST_STEP][PASSED] - verifyElementPresent(findTestObject("Products/title_product"), 0): Object 'Object Repository/Products/title_product' is present

2023-08-31 12:43:18 - [MESSAGE][WARNING] - Timeout '0' is invalid. Using default page load timeout: '30'

2023-08-31 12:43:19 - [MESSAGE][PASSED] - Object 'Object Repository/Products/title_product' is present

2023-08-31 12:43:19 - [TEST_STEP][PASSED] - delay(3): Delayed 3 second(s)

2023-08-31 12:43:22 - [MESSAGE][PASSED] - Delayed 3 second(s)

2023-08-31 12:43:22 - [MESSAGE][PASSED] - Call Test Case 'Test Cases/Login/TC-Login-Success-001' successfully

2023-08-31 12:43:22 - [TEST_STEP][PASSED] - click(findTestObject("Products/add_to_chart_produk_1")): Object: 'Object Repository/Products/add_to_chart_produk_1' is clicked on

2023-08-31 12:43:23 - [MESSAGE][PASSED] - Object: 'Object Repository/Products/add_to_chart_produk_1' is clicked on

2023-08-31 12:43:23 - [TEST_STEP][PASSED] - verifyElementVisible(findTestObject("Keranjang/alert_icon"), STOP_ON_FAILURE): Object 'Object Repository/Keranjang/alert_icon' is visible

2023-08-31 12:43:23 - [MESSAGE][PASSED] - Object 'Object Repository/Keranjang/alert_icon' is visible

2023-08-31 12:43:23 - [TEST_STEP][PASSED] - verifyElementNotPresent(findTestObject("Products/add_to_chart_produk_1"), 0): Web element with id: 'Object Repository/Products/add_to_chart_produk_1' located by 'By.xpath: //*[@id="add-to-cart-sauce-labs-backpack"]' is not present after '30' second(s)

2023-08-31 12:43:23 - [MESSAGE][WARNING] - Timeout '0' is invalid. Using default page load timeout: '30'

2023-08-31 12:43:23 - [MESSAGE][PASSED] - Web element with id: 'Object Repository/Products/add_to_chart_produk_1' located by 'By.xpath: //*[@id="add-to-cart-sauce-labs-backpack"]' is not present after '30' second(s)

2023-08-31 12:43:23 - [TEST_STEP][PASSED] - name_product = getText(findTestObject("Detail Product/title_product")): Text of object 'Object Repository/Detail Product/title_product' is: 'Sauce Labs Backpack'

2023-08-31 12:43:24 - [MESSAGE][PASSED] - Text of object 'Object Repository/Detail Product/title_product' is: 'Sauce Labs Backpack'

2023-08-31 12:43:24 - [TEST_STEP][PASSED] - description_product = getText(findTestObject("Products/description_product")): Text of object 'Object Repository/Products/description_product' is: 'carry.allTheThings() with the sleek, streamlined Sly Pack that melds uncompromising style with unequaled laptop and tablet protection.'

2023-08-31 12:43:24 - [MESSAGE][PASSED] - Text of object 'Object Repository/Products/description_product' is: 'carry.allTheThings() with the sleek, streamlined Sly Pack that melds uncompromising style with unequaled laptop and tablet protection.'

2023-08-31 12:43:24 - [TEST_STEP][PASSED] - product_price = getText(findTestObject("Products/products_price")): Text of object 'Object Repository/Products/products_price' is: '$29.99'

2023-08-31 12:43:24 - [MESSAGE][PASSED] - Text of object 'Object Repository/Products/products_price' is: '$29.99'

2023-08-31 12:43:24 - [TEST_STEP][PASSED] - data = new java.util.HashMap(): null

2023-08-31 12:43:24 - [TEST_STEP][PASSED] - data.put("name_product", name_product): null

2023-08-31 12:43:24 - [TEST_STEP][PASSED] - data.put("description_product", description_product): null

2023-08-31 12:43:24 - [TEST_STEP][PASSED] - data.put("product_price", product_price): null

2023-08-31 12:43:24 - [TEST_STEP][PASSED] - return data: null

2023-08-31 12:43:24 - [MESSAGE][PASSED] - Call Test Case 'Test Cases/Products/TC-Product-AddCart-001' successfully

2023-08-31 12:43:24 - [TEST_STEP][PASSED] - click(findTestObject("Keranjang/icon_cart")): Object: 'Object Repository/Keranjang/icon_cart' is clicked on

2023-08-31 12:43:25 - [MESSAGE][PASSED] - Object: 'Object Repository/Keranjang/icon_cart' is clicked on

2023-08-31 12:43:25 - [TEST_STEP][PASSED] - name_product_cart = getText(findTestObject("Keranjang/name_product_cart")): Text of object 'Object Repository/Keranjang/name_product_cart' is: 'Sauce Labs Backpack'

2023-08-31 12:43:25 - [MESSAGE][PASSED] - Text of object 'Object Repository/Keranjang/name_product_cart' is: 'Sauce Labs Backpack'

2023-08-31 12:43:25 - [TEST_STEP][PASSED] - description_product_cart = getText(findTestObject("Keranjang/description_product_cart")): Text of object 'Object Repository/Keranjang/description_product_cart' is: 'carry.allTheThings() with the sleek, streamlined Sly Pack that melds uncompromising style with unequaled laptop and tablet protection.'

2023-08-31 12:43:26 - [MESSAGE][PASSED] - Text of object 'Object Repository/Keranjang/description_product_cart' is: 'carry.allTheThings() with the sleek, streamlined Sly Pack that melds uncompromising style with unequaled laptop and tablet protection.'

2023-08-31 12:43:26 - [TEST_STEP][PASSED] - product_price_cart = getText(findTestObject("Keranjang/product_price_cart")): Text of object 'Object Repository/Keranjang/product_price_cart' is: '$29.99'

2023-08-31 12:43:26 - [MESSAGE][PASSED] - Text of object 'Object Repository/Keranjang/product_price_cart' is: '$29.99'

2023-08-31 12:43:26 - [TEST_STEP][PASSED] - nama_product = data_cart.get("name_product"): null

2023-08-31 12:43:26 - [TEST_STEP][PASSED] - deskripsi_produk = data_cart.get("description_product"): null

2023-08-31 12:43:26 - [TEST_STEP][PASSED] - harga_produk = data_cart.get("product_price"): null

2023-08-31 12:43:26 - [TEST_STEP][PASSED] - verifyMatch(name_product_cart, nama_product, false): Actual text 'Sauce Labs Backpack' and expected text 'Sauce Labs Backpack' are matched 

2023-08-31 12:43:26 - [MESSAGE][PASSED] - Actual text 'Sauce Labs Backpack' and expected text 'Sauce Labs Backpack' are matched 

2023-08-31 12:43:26 - [TEST_STEP][PASSED] - verifyMatch(description_product_cart, deskripsi_produk, false): Actual text 'carry.allTheThings() with the sleek, streamlined Sly Pack that melds uncompromising style with unequaled laptop and tablet protection.' and expected text 'carry.allTheThings() with the sleek, streamlined Sly Pack that melds uncompromising style with unequaled laptop and tablet protection.' are matched 

2023-08-31 12:43:26 - [MESSAGE][PASSED] - Actual text 'carry.allTheThings() with the sleek, streamlined Sly Pack that melds uncompromising style with unequaled laptop and tablet protection.' and expected text 'carry.allTheThings() with the sleek, streamlined Sly Pack that melds uncompromising style with unequaled laptop and tablet protection.' are matched 

2023-08-31 12:43:26 - [TEST_STEP][PASSED] - verifyMatch(product_price_cart, harga_produk, false): Actual text '$29.99' and expected text '$29.99' are matched 

2023-08-31 12:43:26 - [MESSAGE][PASSED] - Actual text '$29.99' and expected text '$29.99' are matched 

2023-08-31 12:43:26 - [TEST_STEP][PASSED] - return data_cart: null]]></system-out>
         <system-err><![CDATA[]]></system-err>
      </testcase>
      <testcase name="Test Cases/Keranjang/TC-Cart-Show-003" time="17.202" classname="Test Cases/Keranjang/TC-Cart-Show-003" status="PASSED">
         <system-out><![CDATA[2023-08-31 12:43:26 - [TEST_CASE][PASSED] - Test Cases/Keranjang/TC-Cart-Show-003: Test Cases/Keranjang/TC-Cart-Show-003

2023-08-31 12:43:27 - [TEST_STEP][PASSED] - data = callTestCase(findTestCase("Products/TC-Product-AddCart-002"), [:], STOP_ON_FAILURE): Call Test Case 'Test Cases/Products/TC-Product-AddCart-002' successfully

2023-08-31 12:43:27 - [TEST_CASE][PASSED] - Test Cases/Products/TC-Product-AddCart-002: Test Cases/Products/TC-Product-AddCart-002

2023-08-31 12:43:27 - [TEST_STEP][PASSED] - data = callTestCase(findTestCase("Products/TC-Product-AddCart-001"), [:], STOP_ON_FAILURE): Call Test Case 'Test Cases/Products/TC-Product-AddCart-001' successfully

2023-08-31 12:43:27 - [TEST_CASE][PASSED] - Test Cases/Products/TC-Product-AddCart-001: Test Cases/Products/TC-Product-AddCart-001

2023-08-31 12:43:27 - [TEST_STEP][PASSED] - callTestCase(findTestCase("Login/TC-Login-Success-001"), [:], STOP_ON_FAILURE): Call Test Case 'Test Cases/Login/TC-Login-Success-001' successfully

2023-08-31 12:43:27 - [TEST_CASE][PASSED] - Test Cases/Login/TC-Login-Success-001: Test Cases/Login/TC-Login-Success-001

2023-08-31 12:43:27 - [TEST_STEP][PASSED] - openBrowser(url): Browser is opened with url: 'https://www.saucedemo.com/'

2023-08-31 12:43:27 - [MESSAGE][WARNING] - A browser is already opened. Closing browser and opening a new one

2023-08-31 12:43:28 - [MESSAGE][INFO] - Starting 'Edge Chromium' driver

2023-08-31 12:43:30 - [MESSAGE][INFO] - Action delay is set to 0 milliseconds

2023-08-31 12:43:32 - [MESSAGE][PASSED] - Browser is opened with url: 'https://www.saucedemo.com/'

2023-08-31 12:43:32 - [TEST_STEP][PASSED] - maximizeWindow(): Current window maximized

2023-08-31 12:43:32 - [MESSAGE][PASSED] - Current window maximized

2023-08-31 12:43:32 - [TEST_STEP][PASSED] - setText(findTestObject("login/input_username"), username): Text 'standard_user' is set on object 'Object Repository/login/input_username'

2023-08-31 12:43:33 - [MESSAGE][PASSED] - Text 'standard_user' is set on object 'Object Repository/login/input_username'

2023-08-31 12:43:33 - [TEST_STEP][PASSED] - setEncryptedText(findTestObject("login/input_password"), password): Text ****** has been set on object 'Object Repository/login/input_password'

2023-08-31 12:43:34 - [MESSAGE][PASSED] - Text ****** has been set on object 'Object Repository/login/input_password'

2023-08-31 12:43:34 - [TEST_STEP][PASSED] - click(findTestObject("login/button_login")): Object: 'Object Repository/login/button_login' is clicked on

2023-08-31 12:43:34 - [MESSAGE][PASSED] - Object: 'Object Repository/login/button_login' is clicked on

2023-08-31 12:43:34 - [TEST_STEP][PASSED] - verifyElementPresent(findTestObject("Products/title_product"), 0): Object 'Object Repository/Products/title_product' is present

2023-08-31 12:43:34 - [MESSAGE][WARNING] - Timeout '0' is invalid. Using default page load timeout: '30'

2023-08-31 12:43:35 - [MESSAGE][PASSED] - Object 'Object Repository/Products/title_product' is present

2023-08-31 12:43:35 - [TEST_STEP][PASSED] - delay(3): Delayed 3 second(s)

2023-08-31 12:43:38 - [MESSAGE][PASSED] - Delayed 3 second(s)

2023-08-31 12:43:38 - [MESSAGE][PASSED] - Call Test Case 'Test Cases/Login/TC-Login-Success-001' successfully

2023-08-31 12:43:38 - [TEST_STEP][PASSED] - click(findTestObject("Products/add_to_chart_produk_1")): Object: 'Object Repository/Products/add_to_chart_produk_1' is clicked on

2023-08-31 12:43:38 - [MESSAGE][PASSED] - Object: 'Object Repository/Products/add_to_chart_produk_1' is clicked on

2023-08-31 12:43:38 - [TEST_STEP][PASSED] - verifyElementVisible(findTestObject("Keranjang/alert_icon"), STOP_ON_FAILURE): Object 'Object Repository/Keranjang/alert_icon' is visible

2023-08-31 12:43:39 - [MESSAGE][PASSED] - Object 'Object Repository/Keranjang/alert_icon' is visible

2023-08-31 12:43:39 - [TEST_STEP][PASSED] - verifyElementNotPresent(findTestObject("Products/add_to_chart_produk_1"), 0): Web element with id: 'Object Repository/Products/add_to_chart_produk_1' located by 'By.xpath: //*[@id="add-to-cart-sauce-labs-backpack"]' is not present after '30' second(s)

2023-08-31 12:43:39 - [MESSAGE][WARNING] - Timeout '0' is invalid. Using default page load timeout: '30'

2023-08-31 12:43:39 - [MESSAGE][PASSED] - Web element with id: 'Object Repository/Products/add_to_chart_produk_1' located by 'By.xpath: //*[@id="add-to-cart-sauce-labs-backpack"]' is not present after '30' second(s)

2023-08-31 12:43:39 - [TEST_STEP][PASSED] - name_product = getText(findTestObject("Detail Product/title_product")): Text of object 'Object Repository/Detail Product/title_product' is: 'Sauce Labs Backpack'

2023-08-31 12:43:39 - [MESSAGE][PASSED] - Text of object 'Object Repository/Detail Product/title_product' is: 'Sauce Labs Backpack'

2023-08-31 12:43:39 - [TEST_STEP][PASSED] - description_product = getText(findTestObject("Products/description_product")): Text of object 'Object Repository/Products/description_product' is: 'carry.allTheThings() with the sleek, streamlined Sly Pack that melds uncompromising style with unequaled laptop and tablet protection.'

2023-08-31 12:43:40 - [MESSAGE][PASSED] - Text of object 'Object Repository/Products/description_product' is: 'carry.allTheThings() with the sleek, streamlined Sly Pack that melds uncompromising style with unequaled laptop and tablet protection.'

2023-08-31 12:43:40 - [TEST_STEP][PASSED] - product_price = getText(findTestObject("Products/products_price")): Text of object 'Object Repository/Products/products_price' is: '$29.99'

2023-08-31 12:43:40 - [MESSAGE][PASSED] - Text of object 'Object Repository/Products/products_price' is: '$29.99'

2023-08-31 12:43:40 - [TEST_STEP][PASSED] - data = new java.util.HashMap(): null

2023-08-31 12:43:40 - [TEST_STEP][PASSED] - data.put("name_product", name_product): null

2023-08-31 12:43:40 - [TEST_STEP][PASSED] - data.put("description_product", description_product): null

2023-08-31 12:43:40 - [TEST_STEP][PASSED] - data.put("product_price", product_price): null

2023-08-31 12:43:40 - [TEST_STEP][PASSED] - return data: null

2023-08-31 12:43:40 - [MESSAGE][PASSED] - Call Test Case 'Test Cases/Products/TC-Product-AddCart-001' successfully

2023-08-31 12:43:40 - [TEST_STEP][PASSED] - click(findTestObject("Products/add_to_chart_product_2")): Object: 'Object Repository/Products/add_to_chart_product_2' is clicked on

2023-08-31 12:43:41 - [MESSAGE][PASSED] - Object: 'Object Repository/Products/add_to_chart_product_2' is clicked on

2023-08-31 12:43:41 - [TEST_STEP][PASSED] - name_product_2 = getText(findTestObject("Products/name_product_2")): Text of object 'Object Repository/Products/name_product_2' is: 'Sauce Labs Bike Light'

2023-08-31 12:43:41 - [MESSAGE][PASSED] - Text of object 'Object Repository/Products/name_product_2' is: 'Sauce Labs Bike Light'

2023-08-31 12:43:41 - [TEST_STEP][PASSED] - description_product_2 = getText(findTestObject("Products/description_product_2")): Text of object 'Object Repository/Products/description_product_2' is: 'A red light isn't the desired state in testing but it sure helps when riding your bike at night. Water-resistant with 3 lighting modes, 1 AAA battery included.'

2023-08-31 12:43:41 - [MESSAGE][PASSED] - Text of object 'Object Repository/Products/description_product_2' is: 'A red light isn't the desired state in testing but it sure helps when riding your bike at night. Water-resistant with 3 lighting modes, 1 AAA battery included.'

2023-08-31 12:43:41 - [TEST_STEP][PASSED] - price_product_2 = getText(findTestObject("Products/price_product_2")): Text of object 'Object Repository/Products/price_product_2' is: '$9.99'

2023-08-31 12:43:42 - [MESSAGE][PASSED] - Text of object 'Object Repository/Products/price_product_2' is: '$9.99'

2023-08-31 12:43:42 - [TEST_STEP][PASSED] - name_product_list = new java.util.ArrayList(): null

2023-08-31 12:43:42 - [TEST_STEP][PASSED] - name_product_list.add(data.get("name_product")): null

2023-08-31 12:43:42 - [TEST_STEP][PASSED] - name_product_list.add(name_product_2): null

2023-08-31 12:43:42 - [TEST_STEP][PASSED] - description_product_list = new java.util.ArrayList(): null

2023-08-31 12:43:42 - [TEST_STEP][PASSED] - description_product_list.add(data.get("description_product")): null

2023-08-31 12:43:42 - [TEST_STEP][PASSED] - description_product_list.add(description_product_2): null

2023-08-31 12:43:42 - [TEST_STEP][PASSED] - price_product_list = new java.util.ArrayList(): null

2023-08-31 12:43:42 - [TEST_STEP][PASSED] - price_product_list.add(data.get("product_price")): null

2023-08-31 12:43:42 - [TEST_STEP][PASSED] - price_product_list.add(price_product_2): null

2023-08-31 12:43:42 - [TEST_STEP][PASSED] - println(name_product_list): null

2023-08-31 12:43:42 - [TEST_STEP][PASSED] - data.put("name_product_list", name_product_list): null

2023-08-31 12:43:42 - [TEST_STEP][PASSED] - data.put("description_product_list", description_product_list): null

2023-08-31 12:43:42 - [TEST_STEP][PASSED] - data.put("price_product_list", price_product_list): null

2023-08-31 12:43:42 - [TEST_STEP][PASSED] - return data: null

2023-08-31 12:43:42 - [MESSAGE][PASSED] - Call Test Case 'Test Cases/Products/TC-Product-AddCart-002' successfully

2023-08-31 12:43:42 - [TEST_STEP][PASSED] - click(findTestObject("Keranjang/icon_cart")): Object: 'Object Repository/Keranjang/icon_cart' is clicked on

2023-08-31 12:43:42 - [MESSAGE][PASSED] - Object: 'Object Repository/Keranjang/icon_cart' is clicked on

2023-08-31 12:43:42 - [TEST_STEP][PASSED] - name_product_list = findWebElements(findTestObject("Object Repository/Keranjang/product_list_cart"), 10): null

2023-08-31 12:43:43 - [TEST_STEP][PASSED] - description_product_list = findWebElements(findTestObject("Object Repository/Keranjang/description_product_list"), 10): null

2023-08-31 12:43:43 - [TEST_STEP][PASSED] - price_product_list = findWebElements(findTestObject("Object Repository/Keranjang/price_product_price"), 10): null

2023-08-31 12:43:43 - [TEST_STEP][PASSED] - defult_name_product_list = new java.util.ArrayList(): null

2023-08-31 12:43:43 - [TEST_STEP][PASSED] - defult_description_product_list = new java.util.ArrayList(): null

2023-08-31 12:43:43 - [TEST_STEP][PASSED] - defult_price_product_list = new java.util.ArrayList(): null

2023-08-31 12:43:43 - [TEST_STEP][PASSED] - for ([i = 0, i < name_product_list.size(), (i++)]): null

2023-08-31 12:43:43 - [TEST_STEP][PASSED] - text_name_product = text.trim(): null

2023-08-31 12:43:43 - [TEST_STEP][PASSED] - text_decription_product = text.trim(): null

2023-08-31 12:43:43 - [TEST_STEP][PASSED] - text_price_product = text.trim(): null

2023-08-31 12:43:43 - [TEST_STEP][PASSED] - defult_name_product_list.add(text_name_product): null

2023-08-31 12:43:43 - [TEST_STEP][PASSED] - defult_description_product_list.add(text_decription_product): null

2023-08-31 12:43:43 - [TEST_STEP][PASSED] - defult_price_product_list.add(text_price_product): null

2023-08-31 12:43:43 - [TEST_STEP][PASSED] - text_name_product = text.trim(): null

2023-08-31 12:43:43 - [TEST_STEP][PASSED] - text_decription_product = text.trim(): null

2023-08-31 12:43:43 - [TEST_STEP][PASSED] - text_price_product = text.trim(): null

2023-08-31 12:43:43 - [TEST_STEP][PASSED] - defult_name_product_list.add(text_name_product): null

2023-08-31 12:43:43 - [TEST_STEP][PASSED] - defult_description_product_list.add(text_decription_product): null

2023-08-31 12:43:43 - [TEST_STEP][PASSED] - defult_price_product_list.add(text_price_product): null

2023-08-31 12:43:43 - [TEST_STEP][PASSED] - assert data.get("name_product_list") == defult_name_product_list: null

2023-08-31 12:43:43 - [TEST_STEP][PASSED] - assert data.get("description_product_list") == defult_description_product_list: null

2023-08-31 12:43:43 - [TEST_STEP][PASSED] - assert data.get("price_product_list") == defult_price_product_list: null

2023-08-31 12:43:43 - [TEST_STEP][PASSED] - return data: null]]></system-out>
         <system-err><![CDATA[]]></system-err>
      </testcase>
      <testcase name="Test Cases/Keranjang/TC-Cart-Remove-001" time="16.902" classname="Test Cases/Keranjang/TC-Cart-Remove-001" status="PASSED">
         <system-out><![CDATA[2023-08-31 12:43:43 - [TEST_CASE][PASSED] - Test Cases/Keranjang/TC-Cart-Remove-001: Test Cases/Keranjang/TC-Cart-Remove-001

2023-08-31 12:43:44 - [TEST_STEP][PASSED] - callTestCase(findTestCase("Keranjang/TC-Cart-Show-002"), [:], STOP_ON_FAILURE): Call Test Case 'Test Cases/Keranjang/TC-Cart-Show-002' successfully

2023-08-31 12:43:44 - [TEST_CASE][PASSED] - Test Cases/Keranjang/TC-Cart-Show-002: Test Cases/Keranjang/TC-Cart-Show-002

2023-08-31 12:43:44 - [TEST_STEP][PASSED] - data_cart = callTestCase(findTestCase("Products/TC-Product-AddCart-001"), [:], STOP_ON_FAILURE): Call Test Case 'Test Cases/Products/TC-Product-AddCart-001' successfully

2023-08-31 12:43:44 - [TEST_CASE][PASSED] - Test Cases/Products/TC-Product-AddCart-001: Test Cases/Products/TC-Product-AddCart-001

2023-08-31 12:43:44 - [TEST_STEP][PASSED] - callTestCase(findTestCase("Login/TC-Login-Success-001"), [:], STOP_ON_FAILURE): Call Test Case 'Test Cases/Login/TC-Login-Success-001' successfully

2023-08-31 12:43:44 - [TEST_CASE][PASSED] - Test Cases/Login/TC-Login-Success-001: Test Cases/Login/TC-Login-Success-001

2023-08-31 12:43:44 - [TEST_STEP][PASSED] - openBrowser(url): Browser is opened with url: 'https://www.saucedemo.com/'

2023-08-31 12:43:44 - [MESSAGE][WARNING] - A browser is already opened. Closing browser and opening a new one

2023-08-31 12:43:45 - [MESSAGE][INFO] - Starting 'Edge Chromium' driver

2023-08-31 12:43:47 - [MESSAGE][INFO] - Action delay is set to 0 milliseconds

2023-08-31 12:43:50 - [MESSAGE][PASSED] - Browser is opened with url: 'https://www.saucedemo.com/'

2023-08-31 12:43:50 - [TEST_STEP][PASSED] - maximizeWindow(): Current window maximized

2023-08-31 12:43:51 - [MESSAGE][PASSED] - Current window maximized

2023-08-31 12:43:51 - [TEST_STEP][PASSED] - setText(findTestObject("login/input_username"), username): Text 'standard_user' is set on object 'Object Repository/login/input_username'

2023-08-31 12:43:51 - [MESSAGE][PASSED] - Text 'standard_user' is set on object 'Object Repository/login/input_username'

2023-08-31 12:43:51 - [TEST_STEP][PASSED] - setEncryptedText(findTestObject("login/input_password"), password): Text ****** has been set on object 'Object Repository/login/input_password'

2023-08-31 12:43:52 - [MESSAGE][PASSED] - Text ****** has been set on object 'Object Repository/login/input_password'

2023-08-31 12:43:52 - [TEST_STEP][PASSED] - click(findTestObject("login/button_login")): Object: 'Object Repository/login/button_login' is clicked on

2023-08-31 12:43:53 - [MESSAGE][PASSED] - Object: 'Object Repository/login/button_login' is clicked on

2023-08-31 12:43:53 - [TEST_STEP][PASSED] - verifyElementPresent(findTestObject("Products/title_product"), 0): Object 'Object Repository/Products/title_product' is present

2023-08-31 12:43:53 - [MESSAGE][WARNING] - Timeout '0' is invalid. Using default page load timeout: '30'

2023-08-31 12:43:53 - [MESSAGE][PASSED] - Object 'Object Repository/Products/title_product' is present

2023-08-31 12:43:53 - [TEST_STEP][PASSED] - delay(3): Delayed 3 second(s)

2023-08-31 12:43:56 - [MESSAGE][PASSED] - Delayed 3 second(s)

2023-08-31 12:43:56 - [MESSAGE][PASSED] - Call Test Case 'Test Cases/Login/TC-Login-Success-001' successfully

2023-08-31 12:43:56 - [TEST_STEP][PASSED] - click(findTestObject("Products/add_to_chart_produk_1")): Object: 'Object Repository/Products/add_to_chart_produk_1' is clicked on

2023-08-31 12:43:56 - [MESSAGE][PASSED] - Object: 'Object Repository/Products/add_to_chart_produk_1' is clicked on

2023-08-31 12:43:56 - [TEST_STEP][PASSED] - verifyElementVisible(findTestObject("Keranjang/alert_icon"), STOP_ON_FAILURE): Object 'Object Repository/Keranjang/alert_icon' is visible

2023-08-31 12:43:57 - [MESSAGE][PASSED] - Object 'Object Repository/Keranjang/alert_icon' is visible

2023-08-31 12:43:57 - [TEST_STEP][PASSED] - verifyElementNotPresent(findTestObject("Products/add_to_chart_produk_1"), 0): Web element with id: 'Object Repository/Products/add_to_chart_produk_1' located by 'By.xpath: //*[@id="add-to-cart-sauce-labs-backpack"]' is not present after '30' second(s)

2023-08-31 12:43:57 - [MESSAGE][WARNING] - Timeout '0' is invalid. Using default page load timeout: '30'

2023-08-31 12:43:57 - [MESSAGE][PASSED] - Web element with id: 'Object Repository/Products/add_to_chart_produk_1' located by 'By.xpath: //*[@id="add-to-cart-sauce-labs-backpack"]' is not present after '30' second(s)

2023-08-31 12:43:57 - [TEST_STEP][PASSED] - name_product = getText(findTestObject("Detail Product/title_product")): Text of object 'Object Repository/Detail Product/title_product' is: 'Sauce Labs Backpack'

2023-08-31 12:43:58 - [MESSAGE][PASSED] - Text of object 'Object Repository/Detail Product/title_product' is: 'Sauce Labs Backpack'

2023-08-31 12:43:58 - [TEST_STEP][PASSED] - description_product = getText(findTestObject("Products/description_product")): Text of object 'Object Repository/Products/description_product' is: 'carry.allTheThings() with the sleek, streamlined Sly Pack that melds uncompromising style with unequaled laptop and tablet protection.'

2023-08-31 12:43:58 - [MESSAGE][PASSED] - Text of object 'Object Repository/Products/description_product' is: 'carry.allTheThings() with the sleek, streamlined Sly Pack that melds uncompromising style with unequaled laptop and tablet protection.'

2023-08-31 12:43:58 - [TEST_STEP][PASSED] - product_price = getText(findTestObject("Products/products_price")): Text of object 'Object Repository/Products/products_price' is: '$29.99'

2023-08-31 12:43:58 - [MESSAGE][PASSED] - Text of object 'Object Repository/Products/products_price' is: '$29.99'

2023-08-31 12:43:58 - [TEST_STEP][PASSED] - data = new java.util.HashMap(): null

2023-08-31 12:43:58 - [TEST_STEP][PASSED] - data.put("name_product", name_product): null

2023-08-31 12:43:58 - [TEST_STEP][PASSED] - data.put("description_product", description_product): null

2023-08-31 12:43:58 - [TEST_STEP][PASSED] - data.put("product_price", product_price): null

2023-08-31 12:43:58 - [TEST_STEP][PASSED] - return data: null

2023-08-31 12:43:58 - [MESSAGE][PASSED] - Call Test Case 'Test Cases/Products/TC-Product-AddCart-001' successfully

2023-08-31 12:43:58 - [TEST_STEP][PASSED] - click(findTestObject("Keranjang/icon_cart")): Object: 'Object Repository/Keranjang/icon_cart' is clicked on

2023-08-31 12:43:59 - [MESSAGE][PASSED] - Object: 'Object Repository/Keranjang/icon_cart' is clicked on

2023-08-31 12:43:59 - [TEST_STEP][PASSED] - name_product_cart = getText(findTestObject("Keranjang/name_product_cart")): Text of object 'Object Repository/Keranjang/name_product_cart' is: 'Sauce Labs Backpack'

2023-08-31 12:43:59 - [MESSAGE][PASSED] - Text of object 'Object Repository/Keranjang/name_product_cart' is: 'Sauce Labs Backpack'

2023-08-31 12:43:59 - [TEST_STEP][PASSED] - description_product_cart = getText(findTestObject("Keranjang/description_product_cart")): Text of object 'Object Repository/Keranjang/description_product_cart' is: 'carry.allTheThings() with the sleek, streamlined Sly Pack that melds uncompromising style with unequaled laptop and tablet protection.'

2023-08-31 12:44:00 - [MESSAGE][PASSED] - Text of object 'Object Repository/Keranjang/description_product_cart' is: 'carry.allTheThings() with the sleek, streamlined Sly Pack that melds uncompromising style with unequaled laptop and tablet protection.'

2023-08-31 12:44:00 - [TEST_STEP][PASSED] - product_price_cart = getText(findTestObject("Keranjang/product_price_cart")): Text of object 'Object Repository/Keranjang/product_price_cart' is: '$29.99'

2023-08-31 12:44:00 - [MESSAGE][PASSED] - Text of object 'Object Repository/Keranjang/product_price_cart' is: '$29.99'

2023-08-31 12:44:00 - [TEST_STEP][PASSED] - nama_product = data_cart.get("name_product"): null

2023-08-31 12:44:00 - [TEST_STEP][PASSED] - deskripsi_produk = data_cart.get("description_product"): null

2023-08-31 12:44:00 - [TEST_STEP][PASSED] - harga_produk = data_cart.get("product_price"): null

2023-08-31 12:44:00 - [TEST_STEP][PASSED] - verifyMatch(name_product_cart, nama_product, false): Actual text 'Sauce Labs Backpack' and expected text 'Sauce Labs Backpack' are matched 

2023-08-31 12:44:00 - [MESSAGE][PASSED] - Actual text 'Sauce Labs Backpack' and expected text 'Sauce Labs Backpack' are matched 

2023-08-31 12:44:00 - [TEST_STEP][PASSED] - verifyMatch(description_product_cart, deskripsi_produk, false): Actual text 'carry.allTheThings() with the sleek, streamlined Sly Pack that melds uncompromising style with unequaled laptop and tablet protection.' and expected text 'carry.allTheThings() with the sleek, streamlined Sly Pack that melds uncompromising style with unequaled laptop and tablet protection.' are matched 

2023-08-31 12:44:00 - [MESSAGE][PASSED] - Actual text 'carry.allTheThings() with the sleek, streamlined Sly Pack that melds uncompromising style with unequaled laptop and tablet protection.' and expected text 'carry.allTheThings() with the sleek, streamlined Sly Pack that melds uncompromising style with unequaled laptop and tablet protection.' are matched 

2023-08-31 12:44:00 - [TEST_STEP][PASSED] - verifyMatch(product_price_cart, harga_produk, false): Actual text '$29.99' and expected text '$29.99' are matched 

2023-08-31 12:44:00 - [MESSAGE][PASSED] - Actual text '$29.99' and expected text '$29.99' are matched 

2023-08-31 12:44:00 - [TEST_STEP][PASSED] - return data_cart: null

2023-08-31 12:44:00 - [MESSAGE][PASSED] - Call Test Case 'Test Cases/Keranjang/TC-Cart-Show-002' successfully

2023-08-31 12:44:00 - [TEST_STEP][PASSED] - click(findTestObject("Keranjang/remove_button_from_cart")): Object: 'Object Repository/Keranjang/remove_button_from_cart' is clicked on

2023-08-31 12:44:00 - [MESSAGE][PASSED] - Object: 'Object Repository/Keranjang/remove_button_from_cart' is clicked on]]></system-out>
         <system-err><![CDATA[]]></system-err>
      </testcase>
      <testcase name="Test Cases/Chcekout/TC-Checkout-Success-001" time="20.74" classname="Test Cases/Chcekout/TC-Checkout-Success-001" status="PASSED">
         <system-out><![CDATA[2023-08-31 12:44:00 - [TEST_CASE][PASSED] - Test Cases/Chcekout/TC-Checkout-Success-001: Test Cases/Chcekout/TC-Checkout-Success-001

2023-08-31 12:44:01 - [TEST_STEP][PASSED] - data = callTestCase(findTestCase("Products/TC-Product-AddCart-001"), [:], STOP_ON_FAILURE): Call Test Case 'Test Cases/Products/TC-Product-AddCart-001' successfully

2023-08-31 12:44:01 - [TEST_CASE][PASSED] - Test Cases/Products/TC-Product-AddCart-001: Test Cases/Products/TC-Product-AddCart-001

2023-08-31 12:44:01 - [TEST_STEP][PASSED] - callTestCase(findTestCase("Login/TC-Login-Success-001"), [:], STOP_ON_FAILURE): Call Test Case 'Test Cases/Login/TC-Login-Success-001' successfully

2023-08-31 12:44:01 - [TEST_CASE][PASSED] - Test Cases/Login/TC-Login-Success-001: Test Cases/Login/TC-Login-Success-001

2023-08-31 12:44:01 - [TEST_STEP][PASSED] - openBrowser(url): Browser is opened with url: 'https://www.saucedemo.com/'

2023-08-31 12:44:01 - [MESSAGE][WARNING] - A browser is already opened. Closing browser and opening a new one

2023-08-31 12:44:02 - [MESSAGE][INFO] - Starting 'Edge Chromium' driver

2023-08-31 12:44:04 - [MESSAGE][INFO] - Action delay is set to 0 milliseconds

2023-08-31 12:44:06 - [MESSAGE][PASSED] - Browser is opened with url: 'https://www.saucedemo.com/'

2023-08-31 12:44:06 - [TEST_STEP][PASSED] - maximizeWindow(): Current window maximized

2023-08-31 12:44:07 - [MESSAGE][PASSED] - Current window maximized

2023-08-31 12:44:07 - [TEST_STEP][PASSED] - setText(findTestObject("login/input_username"), username): Text 'standard_user' is set on object 'Object Repository/login/input_username'

2023-08-31 12:44:07 - [MESSAGE][PASSED] - Text 'standard_user' is set on object 'Object Repository/login/input_username'

2023-08-31 12:44:07 - [TEST_STEP][PASSED] - setEncryptedText(findTestObject("login/input_password"), password): Text ****** has been set on object 'Object Repository/login/input_password'

2023-08-31 12:44:08 - [MESSAGE][PASSED] - Text ****** has been set on object 'Object Repository/login/input_password'

2023-08-31 12:44:08 - [TEST_STEP][PASSED] - click(findTestObject("login/button_login")): Object: 'Object Repository/login/button_login' is clicked on

2023-08-31 12:44:09 - [MESSAGE][PASSED] - Object: 'Object Repository/login/button_login' is clicked on

2023-08-31 12:44:09 - [TEST_STEP][PASSED] - verifyElementPresent(findTestObject("Products/title_product"), 0): Object 'Object Repository/Products/title_product' is present

2023-08-31 12:44:09 - [MESSAGE][WARNING] - Timeout '0' is invalid. Using default page load timeout: '30'

2023-08-31 12:44:09 - [MESSAGE][PASSED] - Object 'Object Repository/Products/title_product' is present

2023-08-31 12:44:09 - [TEST_STEP][PASSED] - delay(3): Delayed 3 second(s)

2023-08-31 12:44:12 - [MESSAGE][PASSED] - Delayed 3 second(s)

2023-08-31 12:44:12 - [MESSAGE][PASSED] - Call Test Case 'Test Cases/Login/TC-Login-Success-001' successfully

2023-08-31 12:44:12 - [TEST_STEP][PASSED] - click(findTestObject("Products/add_to_chart_produk_1")): Object: 'Object Repository/Products/add_to_chart_produk_1' is clicked on

2023-08-31 12:44:12 - [MESSAGE][PASSED] - Object: 'Object Repository/Products/add_to_chart_produk_1' is clicked on

2023-08-31 12:44:12 - [TEST_STEP][PASSED] - verifyElementVisible(findTestObject("Keranjang/alert_icon"), STOP_ON_FAILURE): Object 'Object Repository/Keranjang/alert_icon' is visible

2023-08-31 12:44:13 - [MESSAGE][PASSED] - Object 'Object Repository/Keranjang/alert_icon' is visible

2023-08-31 12:44:13 - [TEST_STEP][PASSED] - verifyElementNotPresent(findTestObject("Products/add_to_chart_produk_1"), 0): Web element with id: 'Object Repository/Products/add_to_chart_produk_1' located by 'By.xpath: //*[@id="add-to-cart-sauce-labs-backpack"]' is not present after '30' second(s)

2023-08-31 12:44:13 - [MESSAGE][WARNING] - Timeout '0' is invalid. Using default page load timeout: '30'

2023-08-31 12:44:13 - [MESSAGE][PASSED] - Web element with id: 'Object Repository/Products/add_to_chart_produk_1' located by 'By.xpath: //*[@id="add-to-cart-sauce-labs-backpack"]' is not present after '30' second(s)

2023-08-31 12:44:13 - [TEST_STEP][PASSED] - name_product = getText(findTestObject("Detail Product/title_product")): Text of object 'Object Repository/Detail Product/title_product' is: 'Sauce Labs Backpack'

2023-08-31 12:44:14 - [MESSAGE][PASSED] - Text of object 'Object Repository/Detail Product/title_product' is: 'Sauce Labs Backpack'

2023-08-31 12:44:14 - [TEST_STEP][PASSED] - description_product = getText(findTestObject("Products/description_product")): Text of object 'Object Repository/Products/description_product' is: 'carry.allTheThings() with the sleek, streamlined Sly Pack that melds uncompromising style with unequaled laptop and tablet protection.'

2023-08-31 12:44:14 - [MESSAGE][PASSED] - Text of object 'Object Repository/Products/description_product' is: 'carry.allTheThings() with the sleek, streamlined Sly Pack that melds uncompromising style with unequaled laptop and tablet protection.'

2023-08-31 12:44:14 - [TEST_STEP][PASSED] - product_price = getText(findTestObject("Products/products_price")): Text of object 'Object Repository/Products/products_price' is: '$29.99'

2023-08-31 12:44:14 - [MESSAGE][PASSED] - Text of object 'Object Repository/Products/products_price' is: '$29.99'

2023-08-31 12:44:14 - [TEST_STEP][PASSED] - data = new java.util.HashMap(): null

2023-08-31 12:44:14 - [TEST_STEP][PASSED] - data.put("name_product", name_product): null

2023-08-31 12:44:14 - [TEST_STEP][PASSED] - data.put("description_product", description_product): null

2023-08-31 12:44:14 - [TEST_STEP][PASSED] - data.put("product_price", product_price): null

2023-08-31 12:44:14 - [TEST_STEP][PASSED] - return data: null

2023-08-31 12:44:14 - [MESSAGE][PASSED] - Call Test Case 'Test Cases/Products/TC-Product-AddCart-001' successfully

2023-08-31 12:44:14 - [TEST_STEP][PASSED] - click(findTestObject("Keranjang/icon_cart")): Object: 'Object Repository/Keranjang/icon_cart' is clicked on

2023-08-31 12:44:15 - [MESSAGE][PASSED] - Object: 'Object Repository/Keranjang/icon_cart' is clicked on

2023-08-31 12:44:15 - [TEST_STEP][PASSED] - name_product_cart = data.get("name_product"): null

2023-08-31 12:44:15 - [TEST_STEP][PASSED] - description_product_cart = data.get("description_product"): null

2023-08-31 12:44:15 - [TEST_STEP][PASSED] - price_product_cart = data.get("product_price"): null

2023-08-31 12:44:15 - [TEST_STEP][PASSED] - click(findTestObject("Checkout/button_checkout")): Object: 'Object Repository/Checkout/button_checkout' is clicked on

2023-08-31 12:44:15 - [MESSAGE][PASSED] - Object: 'Object Repository/Checkout/button_checkout' is clicked on

2023-08-31 12:44:15 - [TEST_STEP][PASSED] - setText(findTestObject("Checkout/input_Checkout Your Information_firstName"), "nama depan pembeli"): Text 'nama depan pembeli' is set on object 'Object Repository/Checkout/input_Checkout Your Information_firstName'

2023-08-31 12:44:16 - [MESSAGE][PASSED] - Text 'nama depan pembeli' is set on object 'Object Repository/Checkout/input_Checkout Your Information_firstName'

2023-08-31 12:44:16 - [TEST_STEP][PASSED] - setText(findTestObject("Checkout/input_Checkout Your Information_lastName"), "nama belakang pembeli"): Text 'nama belakang pembeli' is set on object 'Object Repository/Checkout/input_Checkout Your Information_lastName'

2023-08-31 12:44:17 - [MESSAGE][PASSED] - Text 'nama belakang pembeli' is set on object 'Object Repository/Checkout/input_Checkout Your Information_lastName'

2023-08-31 12:44:17 - [TEST_STEP][PASSED] - setText(findTestObject("Checkout/input_Checkout Your Information_postalCode"), "alamat pos"): Text 'alamat pos' is set on object 'Object Repository/Checkout/input_Checkout Your Information_postalCode'

2023-08-31 12:44:18 - [MESSAGE][PASSED] - Text 'alamat pos' is set on object 'Object Repository/Checkout/input_Checkout Your Information_postalCode'

2023-08-31 12:44:18 - [TEST_STEP][PASSED] - click(findTestObject("Checkout/input_continue")): Object: 'Object Repository/Checkout/input_continue' is clicked on

2023-08-31 12:44:18 - [MESSAGE][PASSED] - Object: 'Object Repository/Checkout/input_continue' is clicked on

2023-08-31 12:44:18 - [TEST_STEP][PASSED] - name_overview = getText(findTestObject("Checkout/name_overview")): Text of object 'Object Repository/Checkout/name_overview' is: 'Sauce Labs Backpack'

2023-08-31 12:44:19 - [MESSAGE][PASSED] - Text of object 'Object Repository/Checkout/name_overview' is: 'Sauce Labs Backpack'

2023-08-31 12:44:19 - [TEST_STEP][PASSED] - description_overview = getText(findTestObject("Checkout/description_overview")): Text of object 'Object Repository/Checkout/description_overview' is: 'carry.allTheThings() with the sleek, streamlined Sly Pack that melds uncompromising style with unequaled laptop and tablet protection.'

2023-08-31 12:44:19 - [MESSAGE][PASSED] - Text of object 'Object Repository/Checkout/description_overview' is: 'carry.allTheThings() with the sleek, streamlined Sly Pack that melds uncompromising style with unequaled laptop and tablet protection.'

2023-08-31 12:44:19 - [TEST_STEP][PASSED] - price_overview = getText(findTestObject("Checkout/price_overview")): Text of object 'Object Repository/Checkout/price_overview' is: '$29.99'

2023-08-31 12:44:20 - [MESSAGE][PASSED] - Text of object 'Object Repository/Checkout/price_overview' is: '$29.99'

2023-08-31 12:44:20 - [TEST_STEP][PASSED] - price_overview_rep = price_overview.replace("$", ""): null

2023-08-31 12:44:20 - [TEST_STEP][PASSED] - harga_barang = Double.parseDouble(price_overview_rep): null

2023-08-31 12:44:20 - [TEST_STEP][PASSED] - println(price_overview_rep): null

2023-08-31 12:44:20 - [TEST_STEP][PASSED] - verifyMatch(name_overview, name_product_cart, false): Actual text 'Sauce Labs Backpack' and expected text 'Sauce Labs Backpack' are matched 

2023-08-31 12:44:20 - [MESSAGE][PASSED] - Actual text 'Sauce Labs Backpack' and expected text 'Sauce Labs Backpack' are matched 

2023-08-31 12:44:20 - [TEST_STEP][PASSED] - verifyMatch(description_overview, description_product_cart, false): Actual text 'carry.allTheThings() with the sleek, streamlined Sly Pack that melds uncompromising style with unequaled laptop and tablet protection.' and expected text 'carry.allTheThings() with the sleek, streamlined Sly Pack that melds uncompromising style with unequaled laptop and tablet protection.' are matched 

2023-08-31 12:44:20 - [MESSAGE][PASSED] - Actual text 'carry.allTheThings() with the sleek, streamlined Sly Pack that melds uncompromising style with unequaled laptop and tablet protection.' and expected text 'carry.allTheThings() with the sleek, streamlined Sly Pack that melds uncompromising style with unequaled laptop and tablet protection.' are matched 

2023-08-31 12:44:20 - [TEST_STEP][PASSED] - verifyMatch(price_overview, price_product_cart, false): Actual text '$29.99' and expected text '$29.99' are matched 

2023-08-31 12:44:20 - [MESSAGE][PASSED] - Actual text '$29.99' and expected text '$29.99' are matched 

2023-08-31 12:44:20 - [TEST_STEP][PASSED] - item_total = getText(findTestObject("Checkout/item_total")): Text of object 'Object Repository/Checkout/item_total' is: 'Item total: $29.99'

2023-08-31 12:44:20 - [MESSAGE][PASSED] - Text of object 'Object Repository/Checkout/item_total' is: 'Item total: $29.99'

2023-08-31 12:44:20 - [TEST_STEP][PASSED] - item_total_fix = replace("Item total: $", "").trim(): null

2023-08-31 12:44:20 - [TEST_STEP][PASSED] - price = Double.parseDouble(item_total_fix): null

2023-08-31 12:44:20 - [TEST_STEP][PASSED] - assert price == harga_barang: null

2023-08-31 12:44:20 - [TEST_STEP][PASSED] - tax_ori = getText(findTestObject("Checkout/tax")): Text of object 'Object Repository/Checkout/tax' is: 'Tax: $2.40'

2023-08-31 12:44:20 - [MESSAGE][PASSED] - Text of object 'Object Repository/Checkout/tax' is: 'Tax: $2.40'

2023-08-31 12:44:20 - [TEST_STEP][PASSED] - tax_rep = replace("Tax: $", "").trim(): null

2023-08-31 12:44:20 - [TEST_STEP][PASSED] - pajak = Double.parseDouble(tax_rep): null

2023-08-31 12:44:20 - [TEST_STEP][PASSED] - tax = Math.round(price * 0.08 * 100) / 100: null

2023-08-31 12:44:20 - [TEST_STEP][PASSED] - println(tax): null

2023-08-31 12:44:20 - [TEST_STEP][PASSED] - assert pajak == tax: null

2023-08-31 12:44:20 - [TEST_STEP][PASSED] - total = price + pajak: null

2023-08-31 12:44:20 - [TEST_STEP][PASSED] - println(total): null

2023-08-31 12:44:20 - [TEST_STEP][PASSED] - total_price = getText(findTestObject("Checkout/total_harga")): Text of object 'Object Repository/Checkout/total_harga' is: 'Total: $32.39'

2023-08-31 12:44:21 - [MESSAGE][PASSED] - Text of object 'Object Repository/Checkout/total_harga' is: 'Total: $32.39'

2023-08-31 12:44:21 - [TEST_STEP][PASSED] - total_price_rep = replace("Total: $", "").trim(): null

2023-08-31 12:44:21 - [TEST_STEP][PASSED] - total_price_double = Double.parseDouble(total_price_rep): null

2023-08-31 12:44:21 - [TEST_STEP][PASSED] - assert total == total_price_double: null

2023-08-31 12:44:21 - [TEST_STEP][PASSED] - click(findTestObject("Checkout/button_Finish")): Object: 'Object Repository/Checkout/button_Finish' is clicked on

2023-08-31 12:44:21 - [MESSAGE][PASSED] - Object: 'Object Repository/Checkout/button_Finish' is clicked on]]></system-out>
         <system-err><![CDATA[]]></system-err>
      </testcase>
      <testcase name="Test Cases/Chcekout/TC-Checkout-Success-002" time="24.104" classname="Test Cases/Chcekout/TC-Checkout-Success-002" status="PASSED">
         <system-out><![CDATA[2023-08-31 12:44:21 - [TEST_CASE][PASSED] - Test Cases/Chcekout/TC-Checkout-Success-002: Test Cases/Chcekout/TC-Checkout-Success-002

2023-08-31 12:44:21 - [TEST_STEP][PASSED] - data = callTestCase(findTestCase("Products/TC-Product-AddCart-002"), [:], STOP_ON_FAILURE): Call Test Case 'Test Cases/Products/TC-Product-AddCart-002' successfully

2023-08-31 12:44:21 - [TEST_CASE][PASSED] - Test Cases/Products/TC-Product-AddCart-002: Test Cases/Products/TC-Product-AddCart-002

2023-08-31 12:44:21 - [TEST_STEP][PASSED] - data = callTestCase(findTestCase("Products/TC-Product-AddCart-001"), [:], STOP_ON_FAILURE): Call Test Case 'Test Cases/Products/TC-Product-AddCart-001' successfully

2023-08-31 12:44:21 - [TEST_CASE][PASSED] - Test Cases/Products/TC-Product-AddCart-001: Test Cases/Products/TC-Product-AddCart-001

2023-08-31 12:44:21 - [TEST_STEP][PASSED] - callTestCase(findTestCase("Login/TC-Login-Success-001"), [:], STOP_ON_FAILURE): Call Test Case 'Test Cases/Login/TC-Login-Success-001' successfully

2023-08-31 12:44:22 - [TEST_CASE][PASSED] - Test Cases/Login/TC-Login-Success-001: Test Cases/Login/TC-Login-Success-001

2023-08-31 12:44:22 - [TEST_STEP][PASSED] - openBrowser(url): Browser is opened with url: 'https://www.saucedemo.com/'

2023-08-31 12:44:22 - [MESSAGE][WARNING] - A browser is already opened. Closing browser and opening a new one

2023-08-31 12:44:22 - [MESSAGE][INFO] - Starting 'Edge Chromium' driver

2023-08-31 12:44:25 - [MESSAGE][INFO] - Action delay is set to 0 milliseconds

2023-08-31 12:44:28 - [MESSAGE][PASSED] - Browser is opened with url: 'https://www.saucedemo.com/'

2023-08-31 12:44:28 - [TEST_STEP][PASSED] - maximizeWindow(): Current window maximized

2023-08-31 12:44:28 - [MESSAGE][PASSED] - Current window maximized

2023-08-31 12:44:28 - [TEST_STEP][PASSED] - setText(findTestObject("login/input_username"), username): Text 'standard_user' is set on object 'Object Repository/login/input_username'

2023-08-31 12:44:29 - [MESSAGE][PASSED] - Text 'standard_user' is set on object 'Object Repository/login/input_username'

2023-08-31 12:44:29 - [TEST_STEP][PASSED] - setEncryptedText(findTestObject("login/input_password"), password): Text ****** has been set on object 'Object Repository/login/input_password'

2023-08-31 12:44:30 - [MESSAGE][PASSED] - Text ****** has been set on object 'Object Repository/login/input_password'

2023-08-31 12:44:30 - [TEST_STEP][PASSED] - click(findTestObject("login/button_login")): Object: 'Object Repository/login/button_login' is clicked on

2023-08-31 12:44:30 - [MESSAGE][PASSED] - Object: 'Object Repository/login/button_login' is clicked on

2023-08-31 12:44:30 - [TEST_STEP][PASSED] - verifyElementPresent(findTestObject("Products/title_product"), 0): Object 'Object Repository/Products/title_product' is present

2023-08-31 12:44:31 - [MESSAGE][WARNING] - Timeout '0' is invalid. Using default page load timeout: '30'

2023-08-31 12:44:31 - [MESSAGE][PASSED] - Object 'Object Repository/Products/title_product' is present

2023-08-31 12:44:31 - [TEST_STEP][PASSED] - delay(3): Delayed 3 second(s)

2023-08-31 12:44:34 - [MESSAGE][PASSED] - Delayed 3 second(s)

2023-08-31 12:44:34 - [MESSAGE][PASSED] - Call Test Case 'Test Cases/Login/TC-Login-Success-001' successfully

2023-08-31 12:44:34 - [TEST_STEP][PASSED] - click(findTestObject("Products/add_to_chart_produk_1")): Object: 'Object Repository/Products/add_to_chart_produk_1' is clicked on

2023-08-31 12:44:34 - [MESSAGE][PASSED] - Object: 'Object Repository/Products/add_to_chart_produk_1' is clicked on

2023-08-31 12:44:34 - [TEST_STEP][PASSED] - verifyElementVisible(findTestObject("Keranjang/alert_icon"), STOP_ON_FAILURE): Object 'Object Repository/Keranjang/alert_icon' is visible

2023-08-31 12:44:35 - [MESSAGE][PASSED] - Object 'Object Repository/Keranjang/alert_icon' is visible

2023-08-31 12:44:35 - [TEST_STEP][PASSED] - verifyElementNotPresent(findTestObject("Products/add_to_chart_produk_1"), 0): Web element with id: 'Object Repository/Products/add_to_chart_produk_1' located by 'By.xpath: //*[@id="add-to-cart-sauce-labs-backpack"]' is not present after '30' second(s)

2023-08-31 12:44:35 - [MESSAGE][WARNING] - Timeout '0' is invalid. Using default page load timeout: '30'

2023-08-31 12:44:35 - [MESSAGE][PASSED] - Web element with id: 'Object Repository/Products/add_to_chart_produk_1' located by 'By.xpath: //*[@id="add-to-cart-sauce-labs-backpack"]' is not present after '30' second(s)

2023-08-31 12:44:35 - [TEST_STEP][PASSED] - name_product = getText(findTestObject("Detail Product/title_product")): Text of object 'Object Repository/Detail Product/title_product' is: 'Sauce Labs Backpack'

2023-08-31 12:44:36 - [MESSAGE][PASSED] - Text of object 'Object Repository/Detail Product/title_product' is: 'Sauce Labs Backpack'

2023-08-31 12:44:36 - [TEST_STEP][PASSED] - description_product = getText(findTestObject("Products/description_product")): Text of object 'Object Repository/Products/description_product' is: 'carry.allTheThings() with the sleek, streamlined Sly Pack that melds uncompromising style with unequaled laptop and tablet protection.'

2023-08-31 12:44:36 - [MESSAGE][PASSED] - Text of object 'Object Repository/Products/description_product' is: 'carry.allTheThings() with the sleek, streamlined Sly Pack that melds uncompromising style with unequaled laptop and tablet protection.'

2023-08-31 12:44:36 - [TEST_STEP][PASSED] - product_price = getText(findTestObject("Products/products_price")): Text of object 'Object Repository/Products/products_price' is: '$29.99'

2023-08-31 12:44:36 - [MESSAGE][PASSED] - Text of object 'Object Repository/Products/products_price' is: '$29.99'

2023-08-31 12:44:36 - [TEST_STEP][PASSED] - data = new java.util.HashMap(): null

2023-08-31 12:44:36 - [TEST_STEP][PASSED] - data.put("name_product", name_product): null

2023-08-31 12:44:36 - [TEST_STEP][PASSED] - data.put("description_product", description_product): null

2023-08-31 12:44:36 - [TEST_STEP][PASSED] - data.put("product_price", product_price): null

2023-08-31 12:44:36 - [TEST_STEP][PASSED] - return data: null

2023-08-31 12:44:36 - [MESSAGE][PASSED] - Call Test Case 'Test Cases/Products/TC-Product-AddCart-001' successfully

2023-08-31 12:44:36 - [TEST_STEP][PASSED] - click(findTestObject("Products/add_to_chart_product_2")): Object: 'Object Repository/Products/add_to_chart_product_2' is clicked on

2023-08-31 12:44:37 - [MESSAGE][PASSED] - Object: 'Object Repository/Products/add_to_chart_product_2' is clicked on

2023-08-31 12:44:37 - [TEST_STEP][PASSED] - name_product_2 = getText(findTestObject("Products/name_product_2")): Text of object 'Object Repository/Products/name_product_2' is: 'Sauce Labs Bike Light'

2023-08-31 12:44:37 - [MESSAGE][PASSED] - Text of object 'Object Repository/Products/name_product_2' is: 'Sauce Labs Bike Light'

2023-08-31 12:44:37 - [TEST_STEP][PASSED] - description_product_2 = getText(findTestObject("Products/description_product_2")): Text of object 'Object Repository/Products/description_product_2' is: 'A red light isn't the desired state in testing but it sure helps when riding your bike at night. Water-resistant with 3 lighting modes, 1 AAA battery included.'

2023-08-31 12:44:37 - [MESSAGE][PASSED] - Text of object 'Object Repository/Products/description_product_2' is: 'A red light isn't the desired state in testing but it sure helps when riding your bike at night. Water-resistant with 3 lighting modes, 1 AAA battery included.'

2023-08-31 12:44:37 - [TEST_STEP][PASSED] - price_product_2 = getText(findTestObject("Products/price_product_2")): Text of object 'Object Repository/Products/price_product_2' is: '$9.99'

2023-08-31 12:44:38 - [MESSAGE][PASSED] - Text of object 'Object Repository/Products/price_product_2' is: '$9.99'

2023-08-31 12:44:38 - [TEST_STEP][PASSED] - name_product_list = new java.util.ArrayList(): null

2023-08-31 12:44:38 - [TEST_STEP][PASSED] - name_product_list.add(data.get("name_product")): null

2023-08-31 12:44:38 - [TEST_STEP][PASSED] - name_product_list.add(name_product_2): null

2023-08-31 12:44:38 - [TEST_STEP][PASSED] - description_product_list = new java.util.ArrayList(): null

2023-08-31 12:44:38 - [TEST_STEP][PASSED] - description_product_list.add(data.get("description_product")): null

2023-08-31 12:44:38 - [TEST_STEP][PASSED] - description_product_list.add(description_product_2): null

2023-08-31 12:44:38 - [TEST_STEP][PASSED] - price_product_list = new java.util.ArrayList(): null

2023-08-31 12:44:38 - [TEST_STEP][PASSED] - price_product_list.add(data.get("product_price")): null

2023-08-31 12:44:38 - [TEST_STEP][PASSED] - price_product_list.add(price_product_2): null

2023-08-31 12:44:38 - [TEST_STEP][PASSED] - println(name_product_list): null

2023-08-31 12:44:38 - [TEST_STEP][PASSED] - data.put("name_product_list", name_product_list): null

2023-08-31 12:44:38 - [TEST_STEP][PASSED] - data.put("description_product_list", description_product_list): null

2023-08-31 12:44:38 - [TEST_STEP][PASSED] - data.put("price_product_list", price_product_list): null

2023-08-31 12:44:38 - [TEST_STEP][PASSED] - return data: null

2023-08-31 12:44:38 - [MESSAGE][PASSED] - Call Test Case 'Test Cases/Products/TC-Product-AddCart-002' successfully

2023-08-31 12:44:38 - [TEST_STEP][PASSED] - click(findTestObject("Keranjang/icon_cart")): Object: 'Object Repository/Keranjang/icon_cart' is clicked on

2023-08-31 12:44:38 - [MESSAGE][PASSED] - Object: 'Object Repository/Keranjang/icon_cart' is clicked on

2023-08-31 12:44:38 - [TEST_STEP][PASSED] - click(findTestObject("Checkout/button_checkout")): Object: 'Object Repository/Checkout/button_checkout' is clicked on

2023-08-31 12:44:39 - [MESSAGE][PASSED] - Object: 'Object Repository/Checkout/button_checkout' is clicked on

2023-08-31 12:44:39 - [TEST_STEP][PASSED] - setText(findTestObject("Checkout/input_Checkout Your Information_firstName"), "nama depan pembeli"): Text 'nama depan pembeli' is set on object 'Object Repository/Checkout/input_Checkout Your Information_firstName'

2023-08-31 12:44:40 - [MESSAGE][PASSED] - Text 'nama depan pembeli' is set on object 'Object Repository/Checkout/input_Checkout Your Information_firstName'

2023-08-31 12:44:40 - [TEST_STEP][PASSED] - setText(findTestObject("Checkout/input_Checkout Your Information_lastName"), "nama belakang pembeli"): Text 'nama belakang pembeli' is set on object 'Object Repository/Checkout/input_Checkout Your Information_lastName'

2023-08-31 12:44:41 - [MESSAGE][PASSED] - Text 'nama belakang pembeli' is set on object 'Object Repository/Checkout/input_Checkout Your Information_lastName'

2023-08-31 12:44:41 - [TEST_STEP][PASSED] - setText(findTestObject("Checkout/input_Checkout Your Information_postalCode"), "alamat pos"): Text 'alamat pos' is set on object 'Object Repository/Checkout/input_Checkout Your Information_postalCode'

2023-08-31 12:44:41 - [MESSAGE][PASSED] - Text 'alamat pos' is set on object 'Object Repository/Checkout/input_Checkout Your Information_postalCode'

2023-08-31 12:44:41 - [TEST_STEP][PASSED] - click(findTestObject("Checkout/input_continue")): Object: 'Object Repository/Checkout/input_continue' is clicked on

2023-08-31 12:44:42 - [MESSAGE][PASSED] - Object: 'Object Repository/Checkout/input_continue' is clicked on

2023-08-31 12:44:42 - [TEST_STEP][PASSED] - name_list = findWebElements(findTestObject("Object Repository/Checkout/name_list"), 10): null

2023-08-31 12:44:42 - [TEST_STEP][PASSED] - desc_list = findWebElements(findTestObject("Object Repository/Checkout/desc_list"), 10): null

2023-08-31 12:44:43 - [TEST_STEP][PASSED] - price_list = findWebElements(findTestObject("Object Repository/Checkout/price_list"), 10): null

2023-08-31 12:44:43 - [TEST_STEP][PASSED] - defult_name_product_list = new java.util.ArrayList(): null

2023-08-31 12:44:43 - [TEST_STEP][PASSED] - defult_description_product_list = new java.util.ArrayList(): null

2023-08-31 12:44:43 - [TEST_STEP][PASSED] - defult_price_product_list = new java.util.ArrayList(): null

2023-08-31 12:44:43 - [TEST_STEP][PASSED] - total_harga = 0.0: null

2023-08-31 12:44:43 - [TEST_STEP][PASSED] - for ([i = 0, i < name_list.size(), (i++)]): null

2023-08-31 12:44:43 - [TEST_STEP][PASSED] - text_name_product = text.trim(): null

2023-08-31 12:44:43 - [TEST_STEP][PASSED] - text_decription_product = text.trim(): null

2023-08-31 12:44:43 - [TEST_STEP][PASSED] - text_price_product = text.trim(): null

2023-08-31 12:44:43 - [TEST_STEP][PASSED] - defult_name_product_list.add(text_name_product): null

2023-08-31 12:44:43 - [TEST_STEP][PASSED] - defult_description_product_list.add(text_decription_product): null

2023-08-31 12:44:43 - [TEST_STEP][PASSED] - defult_price_product_list.add(text_price_product): null

2023-08-31 12:44:43 - [TEST_STEP][PASSED] - price_product_rep = replace("$", "").trim(): null

2023-08-31 12:44:43 - [TEST_STEP][PASSED] - text_price_product_double = Double.parseDouble(price_product_rep): null

2023-08-31 12:44:43 - [TEST_STEP][PASSED] - total_harga = total_harga + text_price_product_double: null

2023-08-31 12:44:43 - [TEST_STEP][PASSED] - text_name_product = text.trim(): null

2023-08-31 12:44:43 - [TEST_STEP][PASSED] - text_decription_product = text.trim(): null

2023-08-31 12:44:43 - [TEST_STEP][PASSED] - text_price_product = text.trim(): null

2023-08-31 12:44:43 - [TEST_STEP][PASSED] - defult_name_product_list.add(text_name_product): null

2023-08-31 12:44:43 - [TEST_STEP][PASSED] - defult_description_product_list.add(text_decription_product): null

2023-08-31 12:44:43 - [TEST_STEP][PASSED] - defult_price_product_list.add(text_price_product): null

2023-08-31 12:44:43 - [TEST_STEP][PASSED] - price_product_rep = replace("$", "").trim(): null

2023-08-31 12:44:43 - [TEST_STEP][PASSED] - text_price_product_double = Double.parseDouble(price_product_rep): null

2023-08-31 12:44:43 - [TEST_STEP][PASSED] - total_harga = total_harga + text_price_product_double: null

2023-08-31 12:44:43 - [TEST_STEP][PASSED] - println(total_harga): null

2023-08-31 12:44:43 - [TEST_STEP][PASSED] - price = getText(findTestObject("Checkout/item_total")): Text of object 'Object Repository/Checkout/item_total' is: 'Item total: $39.98'

2023-08-31 12:44:44 - [MESSAGE][PASSED] - Text of object 'Object Repository/Checkout/item_total' is: 'Item total: $39.98'

2023-08-31 12:44:44 - [TEST_STEP][PASSED] - price_rep = replace("Item total: $", "").trim(): null

2023-08-31 12:44:44 - [TEST_STEP][PASSED] - price_double = Double.parseDouble(price_rep): null

2023-08-31 12:44:44 - [TEST_STEP][PASSED] - assert total_harga == price_double: null

2023-08-31 12:44:44 - [TEST_STEP][PASSED] - tax = Math.round(price_double * 0.08 * 100) / 100: null

2023-08-31 12:44:44 - [TEST_STEP][PASSED] - tax_ori = getText(findTestObject("Checkout/tax")): Text of object 'Object Repository/Checkout/tax' is: 'Tax: $3.20'

2023-08-31 12:44:44 - [MESSAGE][PASSED] - Text of object 'Object Repository/Checkout/tax' is: 'Tax: $3.20'

2023-08-31 12:44:44 - [TEST_STEP][PASSED] - tax_rep = replace("Tax: $", "").trim(): null

2023-08-31 12:44:44 - [TEST_STEP][PASSED] - tax_double = Double.parseDouble(tax_rep): null

2023-08-31 12:44:44 - [TEST_STEP][PASSED] - assert tax == tax_double: null

2023-08-31 12:44:44 - [TEST_STEP][PASSED] - total_harga_semua = getText(findTestObject("Checkout/total_harga")): Text of object 'Object Repository/Checkout/total_harga' is: 'Total: $43.18'

2023-08-31 12:44:44 - [MESSAGE][PASSED] - Text of object 'Object Repository/Checkout/total_harga' is: 'Total: $43.18'

2023-08-31 12:44:44 - [TEST_STEP][PASSED] - total_harga_rep = replace("Total: $", "").trim(): null

2023-08-31 12:44:44 - [TEST_STEP][PASSED] - total_double = Double.parseDouble(total_harga_rep): null

2023-08-31 12:44:44 - [TEST_STEP][PASSED] - total_harga_total = total_harga + tax: null

2023-08-31 12:44:44 - [TEST_STEP][PASSED] - assert total_harga_total == total_double: null

2023-08-31 12:44:44 - [TEST_STEP][PASSED] - assert data.get("name_product_list") == defult_name_product_list: null

2023-08-31 12:44:44 - [TEST_STEP][PASSED] - assert data.get("description_product_list") == defult_description_product_list: null

2023-08-31 12:44:44 - [TEST_STEP][PASSED] - assert data.get("price_product_list") == defult_price_product_list: null

2023-08-31 12:44:44 - [TEST_STEP][PASSED] - mouseOver(findTestObject("Checkout/button_Finish")): Object: 'Object Repository/Checkout/button_Finish' is hovered

2023-08-31 12:44:45 - [MESSAGE][PASSED] - Object: 'Object Repository/Checkout/button_Finish' is hovered

2023-08-31 12:44:45 - [TEST_STEP][PASSED] - click(findTestObject("Checkout/button_Finish")): Object: 'Object Repository/Checkout/button_Finish' is clicked on

2023-08-31 12:44:45 - [MESSAGE][PASSED] - Object: 'Object Repository/Checkout/button_Finish' is clicked on

2023-08-31 12:44:45 - [TEST_STEP][PASSED] - return data: null]]></system-out>
         <system-err><![CDATA[]]></system-err>
      </testcase>
      <testcase name="Test Cases/Chcekout/TC-Checkout-Error-001" time="19.149" classname="Test Cases/Chcekout/TC-Checkout-Error-001" status="PASSED">
         <system-out><![CDATA[2023-08-31 12:44:45 - [TEST_CASE][PASSED] - Test Cases/Chcekout/TC-Checkout-Error-001: Test Cases/Chcekout/TC-Checkout-Error-001

2023-08-31 12:44:45 - [TEST_STEP][PASSED] - callTestCase(findTestCase("Products/TC-Product-AddCart-002"), [:], STOP_ON_FAILURE): Call Test Case 'Test Cases/Products/TC-Product-AddCart-002' successfully

2023-08-31 12:44:46 - [TEST_CASE][PASSED] - Test Cases/Products/TC-Product-AddCart-002: Test Cases/Products/TC-Product-AddCart-002

2023-08-31 12:44:46 - [TEST_STEP][PASSED] - data = callTestCase(findTestCase("Products/TC-Product-AddCart-001"), [:], STOP_ON_FAILURE): Call Test Case 'Test Cases/Products/TC-Product-AddCart-001' successfully

2023-08-31 12:44:46 - [TEST_CASE][PASSED] - Test Cases/Products/TC-Product-AddCart-001: Test Cases/Products/TC-Product-AddCart-001

2023-08-31 12:44:46 - [TEST_STEP][PASSED] - callTestCase(findTestCase("Login/TC-Login-Success-001"), [:], STOP_ON_FAILURE): Call Test Case 'Test Cases/Login/TC-Login-Success-001' successfully

2023-08-31 12:44:46 - [TEST_CASE][PASSED] - Test Cases/Login/TC-Login-Success-001: Test Cases/Login/TC-Login-Success-001

2023-08-31 12:44:46 - [TEST_STEP][PASSED] - openBrowser(url): Browser is opened with url: 'https://www.saucedemo.com/'

2023-08-31 12:44:46 - [MESSAGE][WARNING] - A browser is already opened. Closing browser and opening a new one

2023-08-31 12:44:47 - [MESSAGE][INFO] - Starting 'Edge Chromium' driver

2023-08-31 12:44:49 - [MESSAGE][INFO] - Action delay is set to 0 milliseconds

2023-08-31 12:44:51 - [MESSAGE][PASSED] - Browser is opened with url: 'https://www.saucedemo.com/'

2023-08-31 12:44:51 - [TEST_STEP][PASSED] - maximizeWindow(): Current window maximized

2023-08-31 12:44:51 - [MESSAGE][PASSED] - Current window maximized

2023-08-31 12:44:51 - [TEST_STEP][PASSED] - setText(findTestObject("login/input_username"), username): Text 'standard_user' is set on object 'Object Repository/login/input_username'

2023-08-31 12:44:52 - [MESSAGE][PASSED] - Text 'standard_user' is set on object 'Object Repository/login/input_username'

2023-08-31 12:44:52 - [TEST_STEP][PASSED] - setEncryptedText(findTestObject("login/input_password"), password): Text ****** has been set on object 'Object Repository/login/input_password'

2023-08-31 12:44:53 - [MESSAGE][PASSED] - Text ****** has been set on object 'Object Repository/login/input_password'

2023-08-31 12:44:53 - [TEST_STEP][PASSED] - click(findTestObject("login/button_login")): Object: 'Object Repository/login/button_login' is clicked on

2023-08-31 12:44:53 - [MESSAGE][PASSED] - Object: 'Object Repository/login/button_login' is clicked on

2023-08-31 12:44:53 - [TEST_STEP][PASSED] - verifyElementPresent(findTestObject("Products/title_product"), 0): Object 'Object Repository/Products/title_product' is present

2023-08-31 12:44:53 - [MESSAGE][WARNING] - Timeout '0' is invalid. Using default page load timeout: '30'

2023-08-31 12:44:54 - [MESSAGE][PASSED] - Object 'Object Repository/Products/title_product' is present

2023-08-31 12:44:54 - [TEST_STEP][PASSED] - delay(3): Delayed 3 second(s)

2023-08-31 12:44:57 - [MESSAGE][PASSED] - Delayed 3 second(s)

2023-08-31 12:44:57 - [MESSAGE][PASSED] - Call Test Case 'Test Cases/Login/TC-Login-Success-001' successfully

2023-08-31 12:44:57 - [TEST_STEP][PASSED] - click(findTestObject("Products/add_to_chart_produk_1")): Object: 'Object Repository/Products/add_to_chart_produk_1' is clicked on

2023-08-31 12:44:57 - [MESSAGE][PASSED] - Object: 'Object Repository/Products/add_to_chart_produk_1' is clicked on

2023-08-31 12:44:57 - [TEST_STEP][PASSED] - verifyElementVisible(findTestObject("Keranjang/alert_icon"), STOP_ON_FAILURE): Object 'Object Repository/Keranjang/alert_icon' is visible

2023-08-31 12:44:58 - [MESSAGE][PASSED] - Object 'Object Repository/Keranjang/alert_icon' is visible

2023-08-31 12:44:58 - [TEST_STEP][PASSED] - verifyElementNotPresent(findTestObject("Products/add_to_chart_produk_1"), 0): Web element with id: 'Object Repository/Products/add_to_chart_produk_1' located by 'By.xpath: //*[@id="add-to-cart-sauce-labs-backpack"]' is not present after '30' second(s)

2023-08-31 12:44:58 - [MESSAGE][WARNING] - Timeout '0' is invalid. Using default page load timeout: '30'

2023-08-31 12:44:58 - [MESSAGE][PASSED] - Web element with id: 'Object Repository/Products/add_to_chart_produk_1' located by 'By.xpath: //*[@id="add-to-cart-sauce-labs-backpack"]' is not present after '30' second(s)

2023-08-31 12:44:58 - [TEST_STEP][PASSED] - name_product = getText(findTestObject("Detail Product/title_product")): Text of object 'Object Repository/Detail Product/title_product' is: 'Sauce Labs Backpack'

2023-08-31 12:44:58 - [MESSAGE][PASSED] - Text of object 'Object Repository/Detail Product/title_product' is: 'Sauce Labs Backpack'

2023-08-31 12:44:58 - [TEST_STEP][PASSED] - description_product = getText(findTestObject("Products/description_product")): Text of object 'Object Repository/Products/description_product' is: 'carry.allTheThings() with the sleek, streamlined Sly Pack that melds uncompromising style with unequaled laptop and tablet protection.'

2023-08-31 12:44:59 - [MESSAGE][PASSED] - Text of object 'Object Repository/Products/description_product' is: 'carry.allTheThings() with the sleek, streamlined Sly Pack that melds uncompromising style with unequaled laptop and tablet protection.'

2023-08-31 12:44:59 - [TEST_STEP][PASSED] - product_price = getText(findTestObject("Products/products_price")): Text of object 'Object Repository/Products/products_price' is: '$29.99'

2023-08-31 12:44:59 - [MESSAGE][PASSED] - Text of object 'Object Repository/Products/products_price' is: '$29.99'

2023-08-31 12:44:59 - [TEST_STEP][PASSED] - data = new java.util.HashMap(): null

2023-08-31 12:44:59 - [TEST_STEP][PASSED] - data.put("name_product", name_product): null

2023-08-31 12:44:59 - [TEST_STEP][PASSED] - data.put("description_product", description_product): null

2023-08-31 12:44:59 - [TEST_STEP][PASSED] - data.put("product_price", product_price): null

2023-08-31 12:44:59 - [TEST_STEP][PASSED] - return data: null

2023-08-31 12:44:59 - [MESSAGE][PASSED] - Call Test Case 'Test Cases/Products/TC-Product-AddCart-001' successfully

2023-08-31 12:44:59 - [TEST_STEP][PASSED] - click(findTestObject("Products/add_to_chart_product_2")): Object: 'Object Repository/Products/add_to_chart_product_2' is clicked on

2023-08-31 12:44:59 - [MESSAGE][PASSED] - Object: 'Object Repository/Products/add_to_chart_product_2' is clicked on

2023-08-31 12:44:59 - [TEST_STEP][PASSED] - name_product_2 = getText(findTestObject("Products/name_product_2")): Text of object 'Object Repository/Products/name_product_2' is: 'Sauce Labs Bike Light'

2023-08-31 12:45:00 - [MESSAGE][PASSED] - Text of object 'Object Repository/Products/name_product_2' is: 'Sauce Labs Bike Light'

2023-08-31 12:45:00 - [TEST_STEP][PASSED] - description_product_2 = getText(findTestObject("Products/description_product_2")): Text of object 'Object Repository/Products/description_product_2' is: 'A red light isn't the desired state in testing but it sure helps when riding your bike at night. Water-resistant with 3 lighting modes, 1 AAA battery included.'

2023-08-31 12:45:00 - [MESSAGE][PASSED] - Text of object 'Object Repository/Products/description_product_2' is: 'A red light isn't the desired state in testing but it sure helps when riding your bike at night. Water-resistant with 3 lighting modes, 1 AAA battery included.'

2023-08-31 12:45:00 - [TEST_STEP][PASSED] - price_product_2 = getText(findTestObject("Products/price_product_2")): Text of object 'Object Repository/Products/price_product_2' is: '$9.99'

2023-08-31 12:45:01 - [MESSAGE][PASSED] - Text of object 'Object Repository/Products/price_product_2' is: '$9.99'

2023-08-31 12:45:01 - [TEST_STEP][PASSED] - name_product_list = new java.util.ArrayList(): null

2023-08-31 12:45:01 - [TEST_STEP][PASSED] - name_product_list.add(data.get("name_product")): null

2023-08-31 12:45:01 - [TEST_STEP][PASSED] - name_product_list.add(name_product_2): null

2023-08-31 12:45:01 - [TEST_STEP][PASSED] - description_product_list = new java.util.ArrayList(): null

2023-08-31 12:45:01 - [TEST_STEP][PASSED] - description_product_list.add(data.get("description_product")): null

2023-08-31 12:45:01 - [TEST_STEP][PASSED] - description_product_list.add(description_product_2): null

2023-08-31 12:45:01 - [TEST_STEP][PASSED] - price_product_list = new java.util.ArrayList(): null

2023-08-31 12:45:01 - [TEST_STEP][PASSED] - price_product_list.add(data.get("product_price")): null

2023-08-31 12:45:01 - [TEST_STEP][PASSED] - price_product_list.add(price_product_2): null

2023-08-31 12:45:01 - [TEST_STEP][PASSED] - println(name_product_list): null

2023-08-31 12:45:01 - [TEST_STEP][PASSED] - data.put("name_product_list", name_product_list): null

2023-08-31 12:45:01 - [TEST_STEP][PASSED] - data.put("description_product_list", description_product_list): null

2023-08-31 12:45:01 - [TEST_STEP][PASSED] - data.put("price_product_list", price_product_list): null

2023-08-31 12:45:01 - [TEST_STEP][PASSED] - return data: null

2023-08-31 12:45:01 - [MESSAGE][PASSED] - Call Test Case 'Test Cases/Products/TC-Product-AddCart-002' successfully

2023-08-31 12:45:01 - [TEST_STEP][PASSED] - click(findTestObject("Keranjang/icon_cart")): Object: 'Object Repository/Keranjang/icon_cart' is clicked on

2023-08-31 12:45:01 - [MESSAGE][PASSED] - Object: 'Object Repository/Keranjang/icon_cart' is clicked on

2023-08-31 12:45:01 - [TEST_STEP][PASSED] - click(findTestObject("Checkout/button_checkout")): Object: 'Object Repository/Checkout/button_checkout' is clicked on

2023-08-31 12:45:02 - [MESSAGE][PASSED] - Object: 'Object Repository/Checkout/button_checkout' is clicked on

2023-08-31 12:45:02 - [TEST_STEP][PASSED] - setText(findTestObject("Checkout/input_Checkout Your Information_lastName"), "sebarang"): Text 'sebarang' is set on object 'Object Repository/Checkout/input_Checkout Your Information_lastName'

2023-08-31 12:45:02 - [MESSAGE][PASSED] - Text 'sebarang' is set on object 'Object Repository/Checkout/input_Checkout Your Information_lastName'

2023-08-31 12:45:02 - [TEST_STEP][PASSED] - setText(findTestObject("Checkout/input_Checkout Your Information_postalCode"), "sebarang"): Text 'sebarang' is set on object 'Object Repository/Checkout/input_Checkout Your Information_postalCode'

2023-08-31 12:45:03 - [MESSAGE][PASSED] - Text 'sebarang' is set on object 'Object Repository/Checkout/input_Checkout Your Information_postalCode'

2023-08-31 12:45:03 - [TEST_STEP][PASSED] - click(findTestObject("Checkout/input_continue")): Object: 'Object Repository/Checkout/input_continue' is clicked on

2023-08-31 12:45:04 - [MESSAGE][PASSED] - Object: 'Object Repository/Checkout/input_continue' is clicked on

2023-08-31 12:45:04 - [TEST_STEP][PASSED] - error = getText(findTestObject("Checkout/error message")): Text of object 'Object Repository/Checkout/error message' is: 'Error: First Name is required'

2023-08-31 12:45:04 - [MESSAGE][PASSED] - Text of object 'Object Repository/Checkout/error message' is: 'Error: First Name is required'

2023-08-31 12:45:04 - [TEST_STEP][PASSED] - verifyMatch(error, "Error: First Name is required", false): Actual text 'Error: First Name is required' and expected text 'Error: First Name is required' are matched 

2023-08-31 12:45:04 - [MESSAGE][PASSED] - Actual text 'Error: First Name is required' and expected text 'Error: First Name is required' are matched]]></system-out>
         <system-err><![CDATA[]]></system-err>
      </testcase>
      <testcase name="Test Cases/Chcekout/TC-Checkout-Nav-001" time="18.677" classname="Test Cases/Chcekout/TC-Checkout-Nav-001" status="PASSED">
         <system-out><![CDATA[2023-08-31 12:45:04 - [TEST_CASE][PASSED] - Test Cases/Chcekout/TC-Checkout-Nav-001: Test Cases/Chcekout/TC-Checkout-Nav-001

2023-08-31 12:45:05 - [TEST_STEP][PASSED] - callTestCase(findTestCase("Products/TC-Product-AddCart-001"), [:], STOP_ON_FAILURE): Call Test Case 'Test Cases/Products/TC-Product-AddCart-001' successfully

2023-08-31 12:45:05 - [TEST_CASE][PASSED] - Test Cases/Products/TC-Product-AddCart-001: Test Cases/Products/TC-Product-AddCart-001

2023-08-31 12:45:05 - [TEST_STEP][PASSED] - callTestCase(findTestCase("Login/TC-Login-Success-001"), [:], STOP_ON_FAILURE): Call Test Case 'Test Cases/Login/TC-Login-Success-001' successfully

2023-08-31 12:45:05 - [TEST_CASE][PASSED] - Test Cases/Login/TC-Login-Success-001: Test Cases/Login/TC-Login-Success-001

2023-08-31 12:45:05 - [TEST_STEP][PASSED] - openBrowser(url): Browser is opened with url: 'https://www.saucedemo.com/'

2023-08-31 12:45:05 - [MESSAGE][WARNING] - A browser is already opened. Closing browser and opening a new one

2023-08-31 12:45:06 - [MESSAGE][INFO] - Starting 'Edge Chromium' driver

2023-08-31 12:45:08 - [MESSAGE][INFO] - Action delay is set to 0 milliseconds

2023-08-31 12:45:10 - [MESSAGE][PASSED] - Browser is opened with url: 'https://www.saucedemo.com/'

2023-08-31 12:45:10 - [TEST_STEP][PASSED] - maximizeWindow(): Current window maximized

2023-08-31 12:45:10 - [MESSAGE][PASSED] - Current window maximized

2023-08-31 12:45:10 - [TEST_STEP][PASSED] - setText(findTestObject("login/input_username"), username): Text 'standard_user' is set on object 'Object Repository/login/input_username'

2023-08-31 12:45:11 - [MESSAGE][PASSED] - Text 'standard_user' is set on object 'Object Repository/login/input_username'

2023-08-31 12:45:11 - [TEST_STEP][PASSED] - setEncryptedText(findTestObject("login/input_password"), password): Text ****** has been set on object 'Object Repository/login/input_password'

2023-08-31 12:45:12 - [MESSAGE][PASSED] - Text ****** has been set on object 'Object Repository/login/input_password'

2023-08-31 12:45:12 - [TEST_STEP][PASSED] - click(findTestObject("login/button_login")): Object: 'Object Repository/login/button_login' is clicked on

2023-08-31 12:45:12 - [MESSAGE][PASSED] - Object: 'Object Repository/login/button_login' is clicked on

2023-08-31 12:45:12 - [TEST_STEP][PASSED] - verifyElementPresent(findTestObject("Products/title_product"), 0): Object 'Object Repository/Products/title_product' is present

2023-08-31 12:45:12 - [MESSAGE][WARNING] - Timeout '0' is invalid. Using default page load timeout: '30'

2023-08-31 12:45:13 - [MESSAGE][PASSED] - Object 'Object Repository/Products/title_product' is present

2023-08-31 12:45:13 - [TEST_STEP][PASSED] - delay(3): Delayed 3 second(s)

2023-08-31 12:45:16 - [MESSAGE][PASSED] - Delayed 3 second(s)

2023-08-31 12:45:16 - [MESSAGE][PASSED] - Call Test Case 'Test Cases/Login/TC-Login-Success-001' successfully

2023-08-31 12:45:16 - [TEST_STEP][PASSED] - click(findTestObject("Products/add_to_chart_produk_1")): Object: 'Object Repository/Products/add_to_chart_produk_1' is clicked on

2023-08-31 12:45:16 - [MESSAGE][PASSED] - Object: 'Object Repository/Products/add_to_chart_produk_1' is clicked on

2023-08-31 12:45:16 - [TEST_STEP][PASSED] - verifyElementVisible(findTestObject("Keranjang/alert_icon"), STOP_ON_FAILURE): Object 'Object Repository/Keranjang/alert_icon' is visible

2023-08-31 12:45:17 - [MESSAGE][PASSED] - Object 'Object Repository/Keranjang/alert_icon' is visible

2023-08-31 12:45:17 - [TEST_STEP][PASSED] - verifyElementNotPresent(findTestObject("Products/add_to_chart_produk_1"), 0): Web element with id: 'Object Repository/Products/add_to_chart_produk_1' located by 'By.xpath: //*[@id="add-to-cart-sauce-labs-backpack"]' is not present after '30' second(s)

2023-08-31 12:45:17 - [MESSAGE][WARNING] - Timeout '0' is invalid. Using default page load timeout: '30'

2023-08-31 12:45:17 - [MESSAGE][PASSED] - Web element with id: 'Object Repository/Products/add_to_chart_produk_1' located by 'By.xpath: //*[@id="add-to-cart-sauce-labs-backpack"]' is not present after '30' second(s)

2023-08-31 12:45:17 - [TEST_STEP][PASSED] - name_product = getText(findTestObject("Detail Product/title_product")): Text of object 'Object Repository/Detail Product/title_product' is: 'Sauce Labs Backpack'

2023-08-31 12:45:17 - [MESSAGE][PASSED] - Text of object 'Object Repository/Detail Product/title_product' is: 'Sauce Labs Backpack'

2023-08-31 12:45:17 - [TEST_STEP][PASSED] - description_product = getText(findTestObject("Products/description_product")): Text of object 'Object Repository/Products/description_product' is: 'carry.allTheThings() with the sleek, streamlined Sly Pack that melds uncompromising style with unequaled laptop and tablet protection.'

2023-08-31 12:45:18 - [MESSAGE][PASSED] - Text of object 'Object Repository/Products/description_product' is: 'carry.allTheThings() with the sleek, streamlined Sly Pack that melds uncompromising style with unequaled laptop and tablet protection.'

2023-08-31 12:45:18 - [TEST_STEP][PASSED] - product_price = getText(findTestObject("Products/products_price")): Text of object 'Object Repository/Products/products_price' is: '$29.99'

2023-08-31 12:45:18 - [MESSAGE][PASSED] - Text of object 'Object Repository/Products/products_price' is: '$29.99'

2023-08-31 12:45:18 - [TEST_STEP][PASSED] - data = new java.util.HashMap(): null

2023-08-31 12:45:18 - [TEST_STEP][PASSED] - data.put("name_product", name_product): null

2023-08-31 12:45:18 - [TEST_STEP][PASSED] - data.put("description_product", description_product): null

2023-08-31 12:45:18 - [TEST_STEP][PASSED] - data.put("product_price", product_price): null

2023-08-31 12:45:18 - [TEST_STEP][PASSED] - return data: null

2023-08-31 12:45:18 - [MESSAGE][PASSED] - Call Test Case 'Test Cases/Products/TC-Product-AddCart-001' successfully

2023-08-31 12:45:18 - [TEST_STEP][PASSED] - click(findTestObject("Keranjang/icon_cart")): Object: 'Object Repository/Keranjang/icon_cart' is clicked on

2023-08-31 12:45:18 - [MESSAGE][PASSED] - Object: 'Object Repository/Keranjang/icon_cart' is clicked on

2023-08-31 12:45:18 - [TEST_STEP][PASSED] - click(findTestObject("Checkout/button_checkout")): Object: 'Object Repository/Checkout/button_checkout' is clicked on

2023-08-31 12:45:19 - [MESSAGE][PASSED] - Object: 'Object Repository/Checkout/button_checkout' is clicked on

2023-08-31 12:45:19 - [TEST_STEP][PASSED] - setText(findTestObject("Checkout/input_Checkout Your Information_firstName"), "rida"): Text 'rida' is set on object 'Object Repository/Checkout/input_Checkout Your Information_firstName'

2023-08-31 12:45:20 - [MESSAGE][PASSED] - Text 'rida' is set on object 'Object Repository/Checkout/input_Checkout Your Information_firstName'

2023-08-31 12:45:20 - [TEST_STEP][PASSED] - setText(findTestObject("Checkout/input_Checkout Your Information_lastName"), "andriani"): Text 'andriani' is set on object 'Object Repository/Checkout/input_Checkout Your Information_lastName'

2023-08-31 12:45:21 - [MESSAGE][PASSED] - Text 'andriani' is set on object 'Object Repository/Checkout/input_Checkout Your Information_lastName'

2023-08-31 12:45:21 - [TEST_STEP][PASSED] - setText(findTestObject("Checkout/input_Checkout Your Information_postalCode"), "1018"): Text '1018' is set on object 'Object Repository/Checkout/input_Checkout Your Information_postalCode'

2023-08-31 12:45:21 - [MESSAGE][PASSED] - Text '1018' is set on object 'Object Repository/Checkout/input_Checkout Your Information_postalCode'

2023-08-31 12:45:21 - [TEST_STEP][PASSED] - click(findTestObject("Checkout/input_continue")): Object: 'Object Repository/Checkout/input_continue' is clicked on

2023-08-31 12:45:22 - [MESSAGE][PASSED] - Object: 'Object Repository/Checkout/input_continue' is clicked on

2023-08-31 12:45:22 - [TEST_STEP][PASSED] - click(findTestObject("Checkout/button_Cancel_overview")): Object: 'Object Repository/Checkout/button_Cancel_overview' is clicked on

2023-08-31 12:45:22 - [MESSAGE][PASSED] - Object: 'Object Repository/Checkout/button_Cancel_overview' is clicked on

2023-08-31 12:45:22 - [TEST_STEP][PASSED] - verifyElementVisible(findTestObject("Products/title_product")): Object 'Object Repository/Products/title_product' is visible

2023-08-31 12:45:23 - [MESSAGE][PASSED] - Object 'Object Repository/Products/title_product' is visible]]></system-out>
         <system-err><![CDATA[]]></system-err>
      </testcase>
      <testcase name="Test Cases/Chcekout/TC-Checkout-Error-002" time="19.217" classname="Test Cases/Chcekout/TC-Checkout-Error-002" status="FAILED">
         <failure type="FAILED" message="Test Cases/Chcekout/TC-Checkout-Error-002 FAILED.
Reason:
com.kms.katalon.core.exception.StepFailedException: Actual text 'Error: Last Name is required' and expected text 'Last Name Required' are not matched
	at com.kms.katalon.core.keyword.builtin.VerifyMatchKeyword$_verifyMatch_closure1.doCall(VerifyMatchKeyword.groovy:57)
	at com.kms.katalon.core.keyword.builtin.VerifyMatchKeyword$_verifyMatch_closure1.call(VerifyMatchKeyword.groovy)
	at com.kms.katalon.core.keyword.internal.KeywordMain.runKeyword(KeywordMain.groovy:75)
	at com.kms.katalon.core.keyword.builtin.VerifyMatchKeyword.verifyMatch(VerifyMatchKeyword.groovy:60)
	at com.kms.katalon.core.keyword.builtin.VerifyMatchKeyword.execute(VerifyMatchKeyword.groovy:45)
	at com.kms.katalon.core.keyword.internal.KeywordExecutor.executeKeywordForPlatform(KeywordExecutor.groovy:74)
	at com.kms.katalon.core.keyword.BuiltinKeywords.verifyMatch(BuiltinKeywords.groovy:78)
	at TC-Checkout-Error-002.run(TC-Checkout-Error-002:34)
	at com.kms.katalon.core.main.ScriptEngine.run(ScriptEngine.java:194)
	at com.kms.katalon.core.main.ScriptEngine.runScriptAsRawText(ScriptEngine.java:119)
	at com.kms.katalon.core.main.TestCaseExecutor.runScript(TestCaseExecutor.java:448)
	at com.kms.katalon.core.main.TestCaseExecutor.doExecute(TestCaseExecutor.java:439)
	at com.kms.katalon.core.main.TestCaseExecutor.processExecutionPhase(TestCaseExecutor.java:418)
	at com.kms.katalon.core.main.TestCaseExecutor.accessMainPhase(TestCaseExecutor.java:410)
	at com.kms.katalon.core.main.TestCaseExecutor.execute(TestCaseExecutor.java:285)
	at com.kms.katalon.core.common.CommonExecutor.accessTestCaseMainPhase(CommonExecutor.java:65)
	at com.kms.katalon.core.main.TestSuiteExecutor.accessTestSuiteMainPhase(TestSuiteExecutor.java:148)
	at com.kms.katalon.core.main.TestSuiteExecutor.execute(TestSuiteExecutor.java:106)
	at com.kms.katalon.core.main.TestCaseMain.startTestSuite(TestCaseMain.java:187)
	at com.kms.katalon.core.main.TestCaseMain$startTestSuite$0.call(Unknown Source)
	at TempTestSuite1693460299626.run(TempTestSuite1693460299626.groovy:36)
"/>
         <system-out><![CDATA[2023-08-31 12:45:23 - [TEST_CASE][FAILED] - Test Cases/Chcekout/TC-Checkout-Error-002: Test Cases/Chcekout/TC-Checkout-Error-002 FAILED.
Reason:
com.kms.katalon.core.exception.StepFailedException: Actual text 'Error: Last Name is required' and expected text 'Last Name Required' are not matched
	at com.kms.katalon.core.keyword.builtin.VerifyMatchKeyword$_verifyMatch_closure1.doCall(VerifyMatchKeyword.groovy:57)
	at com.kms.katalon.core.keyword.builtin.VerifyMatchKeyword$_verifyMatch_closure1.call(VerifyMatchKeyword.groovy)
	at com.kms.katalon.core.keyword.internal.KeywordMain.runKeyword(KeywordMain.groovy:75)
	at com.kms.katalon.core.keyword.builtin.VerifyMatchKeyword.verifyMatch(VerifyMatchKeyword.groovy:60)
	at com.kms.katalon.core.keyword.builtin.VerifyMatchKeyword.execute(VerifyMatchKeyword.groovy:45)
	at com.kms.katalon.core.keyword.internal.KeywordExecutor.executeKeywordForPlatform(KeywordExecutor.groovy:74)
	at com.kms.katalon.core.keyword.BuiltinKeywords.verifyMatch(BuiltinKeywords.groovy:78)
	at TC-Checkout-Error-002.run(TC-Checkout-Error-002:34)
	at com.kms.katalon.core.main.ScriptEngine.run(ScriptEngine.java:194)
	at com.kms.katalon.core.main.ScriptEngine.runScriptAsRawText(ScriptEngine.java:119)
	at com.kms.katalon.core.main.TestCaseExecutor.runScript(TestCaseExecutor.java:448)
	at com.kms.katalon.core.main.TestCaseExecutor.doExecute(TestCaseExecutor.java:439)
	at com.kms.katalon.core.main.TestCaseExecutor.processExecutionPhase(TestCaseExecutor.java:418)
	at com.kms.katalon.core.main.TestCaseExecutor.accessMainPhase(TestCaseExecutor.java:410)
	at com.kms.katalon.core.main.TestCaseExecutor.execute(TestCaseExecutor.java:285)
	at com.kms.katalon.core.common.CommonExecutor.accessTestCaseMainPhase(CommonExecutor.java:65)
	at com.kms.katalon.core.main.TestSuiteExecutor.accessTestSuiteMainPhase(TestSuiteExecutor.java:148)
	at com.kms.katalon.core.main.TestSuiteExecutor.execute(TestSuiteExecutor.java:106)
	at com.kms.katalon.core.main.TestCaseMain.startTestSuite(TestCaseMain.java:187)
	at com.kms.katalon.core.main.TestCaseMain$startTestSuite$0.call(Unknown Source)
	at TempTestSuite1693460299626.run(TempTestSuite1693460299626.groovy:36)


2023-08-31 12:45:23 - [TEST_STEP][PASSED] - callTestCase(findTestCase("Products/TC-Product-AddCart-002"), [:], STOP_ON_FAILURE): Call Test Case 'Test Cases/Products/TC-Product-AddCart-002' successfully

2023-08-31 12:45:23 - [TEST_CASE][PASSED] - Test Cases/Products/TC-Product-AddCart-002: Test Cases/Products/TC-Product-AddCart-002

2023-08-31 12:45:23 - [TEST_STEP][PASSED] - data = callTestCase(findTestCase("Products/TC-Product-AddCart-001"), [:], STOP_ON_FAILURE): Call Test Case 'Test Cases/Products/TC-Product-AddCart-001' successfully

2023-08-31 12:45:23 - [TEST_CASE][PASSED] - Test Cases/Products/TC-Product-AddCart-001: Test Cases/Products/TC-Product-AddCart-001

2023-08-31 12:45:23 - [TEST_STEP][PASSED] - callTestCase(findTestCase("Login/TC-Login-Success-001"), [:], STOP_ON_FAILURE): Call Test Case 'Test Cases/Login/TC-Login-Success-001' successfully

2023-08-31 12:45:23 - [TEST_CASE][PASSED] - Test Cases/Login/TC-Login-Success-001: Test Cases/Login/TC-Login-Success-001

2023-08-31 12:45:23 - [TEST_STEP][PASSED] - openBrowser(url): Browser is opened with url: 'https://www.saucedemo.com/'

2023-08-31 12:45:23 - [MESSAGE][WARNING] - A browser is already opened. Closing browser and opening a new one

2023-08-31 12:45:24 - [MESSAGE][INFO] - Starting 'Edge Chromium' driver

2023-08-31 12:45:27 - [MESSAGE][INFO] - Action delay is set to 0 milliseconds

2023-08-31 12:45:29 - [MESSAGE][PASSED] - Browser is opened with url: 'https://www.saucedemo.com/'

2023-08-31 12:45:29 - [TEST_STEP][PASSED] - maximizeWindow(): Current window maximized

2023-08-31 12:45:29 - [MESSAGE][PASSED] - Current window maximized

2023-08-31 12:45:29 - [TEST_STEP][PASSED] - setText(findTestObject("login/input_username"), username): Text 'standard_user' is set on object 'Object Repository/login/input_username'

2023-08-31 12:45:30 - [MESSAGE][PASSED] - Text 'standard_user' is set on object 'Object Repository/login/input_username'

2023-08-31 12:45:30 - [TEST_STEP][PASSED] - setEncryptedText(findTestObject("login/input_password"), password): Text ****** has been set on object 'Object Repository/login/input_password'

2023-08-31 12:45:31 - [MESSAGE][PASSED] - Text ****** has been set on object 'Object Repository/login/input_password'

2023-08-31 12:45:31 - [TEST_STEP][PASSED] - click(findTestObject("login/button_login")): Object: 'Object Repository/login/button_login' is clicked on

2023-08-31 12:45:31 - [MESSAGE][PASSED] - Object: 'Object Repository/login/button_login' is clicked on

2023-08-31 12:45:31 - [TEST_STEP][PASSED] - verifyElementPresent(findTestObject("Products/title_product"), 0): Object 'Object Repository/Products/title_product' is present

2023-08-31 12:45:31 - [MESSAGE][WARNING] - Timeout '0' is invalid. Using default page load timeout: '30'

2023-08-31 12:45:32 - [MESSAGE][PASSED] - Object 'Object Repository/Products/title_product' is present

2023-08-31 12:45:32 - [TEST_STEP][PASSED] - delay(3): Delayed 3 second(s)

2023-08-31 12:45:35 - [MESSAGE][PASSED] - Delayed 3 second(s)

2023-08-31 12:45:35 - [MESSAGE][PASSED] - Call Test Case 'Test Cases/Login/TC-Login-Success-001' successfully

2023-08-31 12:45:35 - [TEST_STEP][PASSED] - click(findTestObject("Products/add_to_chart_produk_1")): Object: 'Object Repository/Products/add_to_chart_produk_1' is clicked on

2023-08-31 12:45:35 - [MESSAGE][PASSED] - Object: 'Object Repository/Products/add_to_chart_produk_1' is clicked on

2023-08-31 12:45:35 - [TEST_STEP][PASSED] - verifyElementVisible(findTestObject("Keranjang/alert_icon"), STOP_ON_FAILURE): Object 'Object Repository/Keranjang/alert_icon' is visible

2023-08-31 12:45:36 - [MESSAGE][PASSED] - Object 'Object Repository/Keranjang/alert_icon' is visible

2023-08-31 12:45:36 - [TEST_STEP][PASSED] - verifyElementNotPresent(findTestObject("Products/add_to_chart_produk_1"), 0): Web element with id: 'Object Repository/Products/add_to_chart_produk_1' located by 'By.xpath: //*[@id="add-to-cart-sauce-labs-backpack"]' is not present after '30' second(s)

2023-08-31 12:45:36 - [MESSAGE][WARNING] - Timeout '0' is invalid. Using default page load timeout: '30'

2023-08-31 12:45:36 - [MESSAGE][PASSED] - Web element with id: 'Object Repository/Products/add_to_chart_produk_1' located by 'By.xpath: //*[@id="add-to-cart-sauce-labs-backpack"]' is not present after '30' second(s)

2023-08-31 12:45:36 - [TEST_STEP][PASSED] - name_product = getText(findTestObject("Detail Product/title_product")): Text of object 'Object Repository/Detail Product/title_product' is: 'Sauce Labs Backpack'

2023-08-31 12:45:36 - [MESSAGE][PASSED] - Text of object 'Object Repository/Detail Product/title_product' is: 'Sauce Labs Backpack'

2023-08-31 12:45:36 - [TEST_STEP][PASSED] - description_product = getText(findTestObject("Products/description_product")): Text of object 'Object Repository/Products/description_product' is: 'carry.allTheThings() with the sleek, streamlined Sly Pack that melds uncompromising style with unequaled laptop and tablet protection.'

2023-08-31 12:45:37 - [MESSAGE][PASSED] - Text of object 'Object Repository/Products/description_product' is: 'carry.allTheThings() with the sleek, streamlined Sly Pack that melds uncompromising style with unequaled laptop and tablet protection.'

2023-08-31 12:45:37 - [TEST_STEP][PASSED] - product_price = getText(findTestObject("Products/products_price")): Text of object 'Object Repository/Products/products_price' is: '$29.99'

2023-08-31 12:45:37 - [MESSAGE][PASSED] - Text of object 'Object Repository/Products/products_price' is: '$29.99'

2023-08-31 12:45:37 - [TEST_STEP][PASSED] - data = new java.util.HashMap(): null

2023-08-31 12:45:37 - [TEST_STEP][PASSED] - data.put("name_product", name_product): null

2023-08-31 12:45:37 - [TEST_STEP][PASSED] - data.put("description_product", description_product): null

2023-08-31 12:45:37 - [TEST_STEP][PASSED] - data.put("product_price", product_price): null

2023-08-31 12:45:37 - [TEST_STEP][PASSED] - return data: null

2023-08-31 12:45:37 - [MESSAGE][PASSED] - Call Test Case 'Test Cases/Products/TC-Product-AddCart-001' successfully

2023-08-31 12:45:37 - [TEST_STEP][PASSED] - click(findTestObject("Products/add_to_chart_product_2")): Object: 'Object Repository/Products/add_to_chart_product_2' is clicked on

2023-08-31 12:45:37 - [MESSAGE][PASSED] - Object: 'Object Repository/Products/add_to_chart_product_2' is clicked on

2023-08-31 12:45:37 - [TEST_STEP][PASSED] - name_product_2 = getText(findTestObject("Products/name_product_2")): Text of object 'Object Repository/Products/name_product_2' is: 'Sauce Labs Bike Light'

2023-08-31 12:45:38 - [MESSAGE][PASSED] - Text of object 'Object Repository/Products/name_product_2' is: 'Sauce Labs Bike Light'

2023-08-31 12:45:38 - [TEST_STEP][PASSED] - description_product_2 = getText(findTestObject("Products/description_product_2")): Text of object 'Object Repository/Products/description_product_2' is: 'A red light isn't the desired state in testing but it sure helps when riding your bike at night. Water-resistant with 3 lighting modes, 1 AAA battery included.'

2023-08-31 12:45:38 - [MESSAGE][PASSED] - Text of object 'Object Repository/Products/description_product_2' is: 'A red light isn't the desired state in testing but it sure helps when riding your bike at night. Water-resistant with 3 lighting modes, 1 AAA battery included.'

2023-08-31 12:45:38 - [TEST_STEP][PASSED] - price_product_2 = getText(findTestObject("Products/price_product_2")): Text of object 'Object Repository/Products/price_product_2' is: '$9.99'

2023-08-31 12:45:38 - [MESSAGE][PASSED] - Text of object 'Object Repository/Products/price_product_2' is: '$9.99'

2023-08-31 12:45:38 - [TEST_STEP][PASSED] - name_product_list = new java.util.ArrayList(): null

2023-08-31 12:45:38 - [TEST_STEP][PASSED] - name_product_list.add(data.get("name_product")): null

2023-08-31 12:45:38 - [TEST_STEP][PASSED] - name_product_list.add(name_product_2): null

2023-08-31 12:45:38 - [TEST_STEP][PASSED] - description_product_list = new java.util.ArrayList(): null

2023-08-31 12:45:38 - [TEST_STEP][PASSED] - description_product_list.add(data.get("description_product")): null

2023-08-31 12:45:38 - [TEST_STEP][PASSED] - description_product_list.add(description_product_2): null

2023-08-31 12:45:38 - [TEST_STEP][PASSED] - price_product_list = new java.util.ArrayList(): null

2023-08-31 12:45:38 - [TEST_STEP][PASSED] - price_product_list.add(data.get("product_price")): null

2023-08-31 12:45:38 - [TEST_STEP][PASSED] - price_product_list.add(price_product_2): null

2023-08-31 12:45:38 - [TEST_STEP][PASSED] - println(name_product_list): null

2023-08-31 12:45:38 - [TEST_STEP][PASSED] - data.put("name_product_list", name_product_list): null

2023-08-31 12:45:38 - [TEST_STEP][PASSED] - data.put("description_product_list", description_product_list): null

2023-08-31 12:45:38 - [TEST_STEP][PASSED] - data.put("price_product_list", price_product_list): null

2023-08-31 12:45:38 - [TEST_STEP][PASSED] - return data: null

2023-08-31 12:45:38 - [MESSAGE][PASSED] - Call Test Case 'Test Cases/Products/TC-Product-AddCart-002' successfully

2023-08-31 12:45:38 - [TEST_STEP][PASSED] - click(findTestObject("Keranjang/icon_cart")): Object: 'Object Repository/Keranjang/icon_cart' is clicked on

2023-08-31 12:45:39 - [MESSAGE][PASSED] - Object: 'Object Repository/Keranjang/icon_cart' is clicked on

2023-08-31 12:45:39 - [TEST_STEP][PASSED] - click(findTestObject("Checkout/button_checkout")): Object: 'Object Repository/Checkout/button_checkout' is clicked on

2023-08-31 12:45:39 - [MESSAGE][PASSED] - Object: 'Object Repository/Checkout/button_checkout' is clicked on

2023-08-31 12:45:39 - [TEST_STEP][PASSED] - setText(findTestObject("Checkout/input_Checkout Your Information_firstName"), "joko"): Text 'joko' is set on object 'Object Repository/Checkout/input_Checkout Your Information_firstName'

2023-08-31 12:45:40 - [MESSAGE][PASSED] - Text 'joko' is set on object 'Object Repository/Checkout/input_Checkout Your Information_firstName'

2023-08-31 12:45:40 - [TEST_STEP][PASSED] - setText(findTestObject("Checkout/input_Checkout Your Information_postalCode"), "12345"): Text '12345' is set on object 'Object Repository/Checkout/input_Checkout Your Information_postalCode'

2023-08-31 12:45:41 - [MESSAGE][PASSED] - Text '12345' is set on object 'Object Repository/Checkout/input_Checkout Your Information_postalCode'

2023-08-31 12:45:41 - [TEST_STEP][PASSED] - click(findTestObject("Checkout/input_continue")): Object: 'Object Repository/Checkout/input_continue' is clicked on

2023-08-31 12:45:42 - [MESSAGE][PASSED] - Object: 'Object Repository/Checkout/input_continue' is clicked on

2023-08-31 12:45:42 - [TEST_STEP][PASSED] - error = getText(findTestObject("Checkout/error message")): Text of object 'Object Repository/Checkout/error message' is: 'Error: Last Name is required'

2023-08-31 12:45:42 - [MESSAGE][PASSED] - Text of object 'Object Repository/Checkout/error message' is: 'Error: Last Name is required'

2023-08-31 12:45:42 - [TEST_STEP][FAILED] - verifyMatch(error, "Last Name Required", false): Unable to verify match between actual text 'Error: Last Name is required' and expected text 'Last Name Required' (Root cause: com.kms.katalon.core.exception.StepFailedException: Actual text 'Error: Last Name is required' and expected text 'Last Name Required' are not matched
	at com.kms.katalon.core.keyword.builtin.VerifyMatchKeyword$_verifyMatch_closure1.doCall(VerifyMatchKeyword.groovy:57)
	at com.kms.katalon.core.keyword.builtin.VerifyMatchKeyword$_verifyMatch_closure1.call(VerifyMatchKeyword.groovy)
	at com.kms.katalon.core.keyword.internal.KeywordMain.runKeyword(KeywordMain.groovy:75)
	at com.kms.katalon.core.keyword.builtin.VerifyMatchKeyword.verifyMatch(VerifyMatchKeyword.groovy:60)
	at com.kms.katalon.core.keyword.builtin.VerifyMatchKeyword.execute(VerifyMatchKeyword.groovy:45)
	at com.kms.katalon.core.keyword.internal.KeywordExecutor.executeKeywordForPlatform(KeywordExecutor.groovy:74)
	at com.kms.katalon.core.keyword.BuiltinKeywords.verifyMatch(BuiltinKeywords.groovy:78)
	at TC-Checkout-Error-002.run(TC-Checkout-Error-002:34)
	at com.kms.katalon.core.main.ScriptEngine.run(ScriptEngine.java:194)
	at com.kms.katalon.core.main.ScriptEngine.runScriptAsRawText(ScriptEngine.java:119)
	at com.kms.katalon.core.main.TestCaseExecutor.runScript(TestCaseExecutor.java:448)
	at com.kms.katalon.core.main.TestCaseExecutor.doExecute(TestCaseExecutor.java:439)
	at com.kms.katalon.core.main.TestCaseExecutor.processExecutionPhase(TestCaseExecutor.java:418)
	at com.kms.katalon.core.main.TestCaseExecutor.accessMainPhase(TestCaseExecutor.java:410)
	at com.kms.katalon.core.main.TestCaseExecutor.execute(TestCaseExecutor.java:285)
	at com.kms.katalon.core.common.CommonExecutor.accessTestCaseMainPhase(CommonExecutor.java:65)
	at com.kms.katalon.core.main.TestSuiteExecutor.accessTestSuiteMainPhase(TestSuiteExecutor.java:148)
	at com.kms.katalon.core.main.TestSuiteExecutor.execute(TestSuiteExecutor.java:106)
	at com.kms.katalon.core.main.TestCaseMain.startTestSuite(TestCaseMain.java:187)
	at com.kms.katalon.core.main.TestCaseMain$startTestSuite$0.call(Unknown Source)
	at TempTestSuite1693460299626.run(TempTestSuite1693460299626.groovy:36)
)

2023-08-31 12:45:42 - [MESSAGE][FAILED] - Unable to verify match between actual text 'Error: Last Name is required' and expected text 'Last Name Required' (Root cause: com.kms.katalon.core.exception.StepFailedException: Actual text 'Error: Last Name is required' and expected text 'Last Name Required' are not matched
	at com.kms.katalon.core.keyword.builtin.VerifyMatchKeyword$_verifyMatch_closure1.doCall(VerifyMatchKeyword.groovy:57)
	at com.kms.katalon.core.keyword.builtin.VerifyMatchKeyword$_verifyMatch_closure1.call(VerifyMatchKeyword.groovy)
	at com.kms.katalon.core.keyword.internal.KeywordMain.runKeyword(KeywordMain.groovy:75)
	at com.kms.katalon.core.keyword.builtin.VerifyMatchKeyword.verifyMatch(VerifyMatchKeyword.groovy:60)
	at com.kms.katalon.core.keyword.builtin.VerifyMatchKeyword.execute(VerifyMatchKeyword.groovy:45)
	at com.kms.katalon.core.keyword.internal.KeywordExecutor.executeKeywordForPlatform(KeywordExecutor.groovy:74)
	at com.kms.katalon.core.keyword.BuiltinKeywords.verifyMatch(BuiltinKeywords.groovy:78)
	at TC-Checkout-Error-002.run(TC-Checkout-Error-002:34)
	at com.kms.katalon.core.main.ScriptEngine.run(ScriptEngine.java:194)
	at com.kms.katalon.core.main.ScriptEngine.runScriptAsRawText(ScriptEngine.java:119)
	at com.kms.katalon.core.main.TestCaseExecutor.runScript(TestCaseExecutor.java:448)
	at com.kms.katalon.core.main.TestCaseExecutor.doExecute(TestCaseExecutor.java:439)
	at com.kms.katalon.core.main.TestCaseExecutor.processExecutionPhase(TestCaseExecutor.java:418)
	at com.kms.katalon.core.main.TestCaseExecutor.accessMainPhase(TestCaseExecutor.java:410)
	at com.kms.katalon.core.main.TestCaseExecutor.execute(TestCaseExecutor.java:285)
	at com.kms.katalon.core.common.CommonExecutor.accessTestCaseMainPhase(CommonExecutor.java:65)
	at com.kms.katalon.core.main.TestSuiteExecutor.accessTestSuiteMainPhase(TestSuiteExecutor.java:148)
	at com.kms.katalon.core.main.TestSuiteExecutor.execute(TestSuiteExecutor.java:106)
	at com.kms.katalon.core.main.TestCaseMain.startTestSuite(TestCaseMain.java:187)
	at com.kms.katalon.core.main.TestCaseMain$startTestSuite$0.call(Unknown Source)
	at TempTestSuite1693460299626.run(TempTestSuite1693460299626.groovy:36)
)]]></system-out>
         <system-err><![CDATA[2023-08-31 12:45:23 - [TEST_CASE][FAILED] - Test Cases/Chcekout/TC-Checkout-Error-002: Test Cases/Chcekout/TC-Checkout-Error-002 FAILED.
Reason:
com.kms.katalon.core.exception.StepFailedException: Actual text 'Error: Last Name is required' and expected text 'Last Name Required' are not matched
	at com.kms.katalon.core.keyword.builtin.VerifyMatchKeyword$_verifyMatch_closure1.doCall(VerifyMatchKeyword.groovy:57)
	at com.kms.katalon.core.keyword.builtin.VerifyMatchKeyword$_verifyMatch_closure1.call(VerifyMatchKeyword.groovy)
	at com.kms.katalon.core.keyword.internal.KeywordMain.runKeyword(KeywordMain.groovy:75)
	at com.kms.katalon.core.keyword.builtin.VerifyMatchKeyword.verifyMatch(VerifyMatchKeyword.groovy:60)
	at com.kms.katalon.core.keyword.builtin.VerifyMatchKeyword.execute(VerifyMatchKeyword.groovy:45)
	at com.kms.katalon.core.keyword.internal.KeywordExecutor.executeKeywordForPlatform(KeywordExecutor.groovy:74)
	at com.kms.katalon.core.keyword.BuiltinKeywords.verifyMatch(BuiltinKeywords.groovy:78)
	at TC-Checkout-Error-002.run(TC-Checkout-Error-002:34)
	at com.kms.katalon.core.main.ScriptEngine.run(ScriptEngine.java:194)
	at com.kms.katalon.core.main.ScriptEngine.runScriptAsRawText(ScriptEngine.java:119)
	at com.kms.katalon.core.main.TestCaseExecutor.runScript(TestCaseExecutor.java:448)
	at com.kms.katalon.core.main.TestCaseExecutor.doExecute(TestCaseExecutor.java:439)
	at com.kms.katalon.core.main.TestCaseExecutor.processExecutionPhase(TestCaseExecutor.java:418)
	at com.kms.katalon.core.main.TestCaseExecutor.accessMainPhase(TestCaseExecutor.java:410)
	at com.kms.katalon.core.main.TestCaseExecutor.execute(TestCaseExecutor.java:285)
	at com.kms.katalon.core.common.CommonExecutor.accessTestCaseMainPhase(CommonExecutor.java:65)
	at com.kms.katalon.core.main.TestSuiteExecutor.accessTestSuiteMainPhase(TestSuiteExecutor.java:148)
	at com.kms.katalon.core.main.TestSuiteExecutor.execute(TestSuiteExecutor.java:106)
	at com.kms.katalon.core.main.TestCaseMain.startTestSuite(TestCaseMain.java:187)
	at com.kms.katalon.core.main.TestCaseMain$startTestSuite$0.call(Unknown Source)
	at TempTestSuite1693460299626.run(TempTestSuite1693460299626.groovy:36)]]></system-err>
      </testcase>
      <testcase name="Test Cases/Chcekout/TC-Checkout-Error-003" time="19.141" classname="Test Cases/Chcekout/TC-Checkout-Error-003" status="PASSED">
         <system-out><![CDATA[2023-08-31 12:45:42 - [TEST_CASE][PASSED] - Test Cases/Chcekout/TC-Checkout-Error-003: Test Cases/Chcekout/TC-Checkout-Error-003

2023-08-31 12:45:42 - [TEST_STEP][PASSED] - callTestCase(findTestCase("Products/TC-Product-AddCart-002"), [:], STOP_ON_FAILURE): Call Test Case 'Test Cases/Products/TC-Product-AddCart-002' successfully

2023-08-31 12:45:43 - [TEST_CASE][PASSED] - Test Cases/Products/TC-Product-AddCart-002: Test Cases/Products/TC-Product-AddCart-002

2023-08-31 12:45:43 - [TEST_STEP][PASSED] - data = callTestCase(findTestCase("Products/TC-Product-AddCart-001"), [:], STOP_ON_FAILURE): Call Test Case 'Test Cases/Products/TC-Product-AddCart-001' successfully

2023-08-31 12:45:43 - [TEST_CASE][PASSED] - Test Cases/Products/TC-Product-AddCart-001: Test Cases/Products/TC-Product-AddCart-001

2023-08-31 12:45:43 - [TEST_STEP][PASSED] - callTestCase(findTestCase("Login/TC-Login-Success-001"), [:], STOP_ON_FAILURE): Call Test Case 'Test Cases/Login/TC-Login-Success-001' successfully

2023-08-31 12:45:43 - [TEST_CASE][PASSED] - Test Cases/Login/TC-Login-Success-001: Test Cases/Login/TC-Login-Success-001

2023-08-31 12:45:43 - [TEST_STEP][PASSED] - openBrowser(url): Browser is opened with url: 'https://www.saucedemo.com/'

2023-08-31 12:45:43 - [MESSAGE][WARNING] - A browser is already opened. Closing browser and opening a new one

2023-08-31 12:45:44 - [MESSAGE][INFO] - Starting 'Edge Chromium' driver

2023-08-31 12:45:46 - [MESSAGE][INFO] - Action delay is set to 0 milliseconds

2023-08-31 12:45:48 - [MESSAGE][PASSED] - Browser is opened with url: 'https://www.saucedemo.com/'

2023-08-31 12:45:48 - [TEST_STEP][PASSED] - maximizeWindow(): Current window maximized

2023-08-31 12:45:49 - [MESSAGE][PASSED] - Current window maximized

2023-08-31 12:45:49 - [TEST_STEP][PASSED] - setText(findTestObject("login/input_username"), username): Text 'standard_user' is set on object 'Object Repository/login/input_username'

2023-08-31 12:45:49 - [MESSAGE][PASSED] - Text 'standard_user' is set on object 'Object Repository/login/input_username'

2023-08-31 12:45:49 - [TEST_STEP][PASSED] - setEncryptedText(findTestObject("login/input_password"), password): Text ****** has been set on object 'Object Repository/login/input_password'

2023-08-31 12:45:50 - [MESSAGE][PASSED] - Text ****** has been set on object 'Object Repository/login/input_password'

2023-08-31 12:45:50 - [TEST_STEP][PASSED] - click(findTestObject("login/button_login")): Object: 'Object Repository/login/button_login' is clicked on

2023-08-31 12:45:50 - [MESSAGE][PASSED] - Object: 'Object Repository/login/button_login' is clicked on

2023-08-31 12:45:50 - [TEST_STEP][PASSED] - verifyElementPresent(findTestObject("Products/title_product"), 0): Object 'Object Repository/Products/title_product' is present

2023-08-31 12:45:50 - [MESSAGE][WARNING] - Timeout '0' is invalid. Using default page load timeout: '30'

2023-08-31 12:45:51 - [MESSAGE][PASSED] - Object 'Object Repository/Products/title_product' is present

2023-08-31 12:45:51 - [TEST_STEP][PASSED] - delay(3): Delayed 3 second(s)

2023-08-31 12:45:54 - [MESSAGE][PASSED] - Delayed 3 second(s)

2023-08-31 12:45:54 - [MESSAGE][PASSED] - Call Test Case 'Test Cases/Login/TC-Login-Success-001' successfully

2023-08-31 12:45:54 - [TEST_STEP][PASSED] - click(findTestObject("Products/add_to_chart_produk_1")): Object: 'Object Repository/Products/add_to_chart_produk_1' is clicked on

2023-08-31 12:45:54 - [MESSAGE][PASSED] - Object: 'Object Repository/Products/add_to_chart_produk_1' is clicked on

2023-08-31 12:45:54 - [TEST_STEP][PASSED] - verifyElementVisible(findTestObject("Keranjang/alert_icon"), STOP_ON_FAILURE): Object 'Object Repository/Keranjang/alert_icon' is visible

2023-08-31 12:45:55 - [MESSAGE][PASSED] - Object 'Object Repository/Keranjang/alert_icon' is visible

2023-08-31 12:45:55 - [TEST_STEP][PASSED] - verifyElementNotPresent(findTestObject("Products/add_to_chart_produk_1"), 0): Web element with id: 'Object Repository/Products/add_to_chart_produk_1' located by 'By.xpath: //*[@id="add-to-cart-sauce-labs-backpack"]' is not present after '30' second(s)

2023-08-31 12:45:55 - [MESSAGE][WARNING] - Timeout '0' is invalid. Using default page load timeout: '30'

2023-08-31 12:45:55 - [MESSAGE][PASSED] - Web element with id: 'Object Repository/Products/add_to_chart_produk_1' located by 'By.xpath: //*[@id="add-to-cart-sauce-labs-backpack"]' is not present after '30' second(s)

2023-08-31 12:45:55 - [TEST_STEP][PASSED] - name_product = getText(findTestObject("Detail Product/title_product")): Text of object 'Object Repository/Detail Product/title_product' is: 'Sauce Labs Backpack'

2023-08-31 12:45:55 - [MESSAGE][PASSED] - Text of object 'Object Repository/Detail Product/title_product' is: 'Sauce Labs Backpack'

2023-08-31 12:45:55 - [TEST_STEP][PASSED] - description_product = getText(findTestObject("Products/description_product")): Text of object 'Object Repository/Products/description_product' is: 'carry.allTheThings() with the sleek, streamlined Sly Pack that melds uncompromising style with unequaled laptop and tablet protection.'

2023-08-31 12:45:56 - [MESSAGE][PASSED] - Text of object 'Object Repository/Products/description_product' is: 'carry.allTheThings() with the sleek, streamlined Sly Pack that melds uncompromising style with unequaled laptop and tablet protection.'

2023-08-31 12:45:56 - [TEST_STEP][PASSED] - product_price = getText(findTestObject("Products/products_price")): Text of object 'Object Repository/Products/products_price' is: '$29.99'

2023-08-31 12:45:56 - [MESSAGE][PASSED] - Text of object 'Object Repository/Products/products_price' is: '$29.99'

2023-08-31 12:45:56 - [TEST_STEP][PASSED] - data = new java.util.HashMap(): null

2023-08-31 12:45:56 - [TEST_STEP][PASSED] - data.put("name_product", name_product): null

2023-08-31 12:45:56 - [TEST_STEP][PASSED] - data.put("description_product", description_product): null

2023-08-31 12:45:56 - [TEST_STEP][PASSED] - data.put("product_price", product_price): null

2023-08-31 12:45:56 - [TEST_STEP][PASSED] - return data: null

2023-08-31 12:45:56 - [MESSAGE][PASSED] - Call Test Case 'Test Cases/Products/TC-Product-AddCart-001' successfully

2023-08-31 12:45:56 - [TEST_STEP][PASSED] - click(findTestObject("Products/add_to_chart_product_2")): Object: 'Object Repository/Products/add_to_chart_product_2' is clicked on

2023-08-31 12:45:56 - [MESSAGE][PASSED] - Object: 'Object Repository/Products/add_to_chart_product_2' is clicked on

2023-08-31 12:45:56 - [TEST_STEP][PASSED] - name_product_2 = getText(findTestObject("Products/name_product_2")): Text of object 'Object Repository/Products/name_product_2' is: 'Sauce Labs Bike Light'

2023-08-31 12:45:57 - [MESSAGE][PASSED] - Text of object 'Object Repository/Products/name_product_2' is: 'Sauce Labs Bike Light'

2023-08-31 12:45:57 - [TEST_STEP][PASSED] - description_product_2 = getText(findTestObject("Products/description_product_2")): Text of object 'Object Repository/Products/description_product_2' is: 'A red light isn't the desired state in testing but it sure helps when riding your bike at night. Water-resistant with 3 lighting modes, 1 AAA battery included.'

2023-08-31 12:45:57 - [MESSAGE][PASSED] - Text of object 'Object Repository/Products/description_product_2' is: 'A red light isn't the desired state in testing but it sure helps when riding your bike at night. Water-resistant with 3 lighting modes, 1 AAA battery included.'

2023-08-31 12:45:57 - [TEST_STEP][PASSED] - price_product_2 = getText(findTestObject("Products/price_product_2")): Text of object 'Object Repository/Products/price_product_2' is: '$9.99'

2023-08-31 12:45:58 - [MESSAGE][PASSED] - Text of object 'Object Repository/Products/price_product_2' is: '$9.99'

2023-08-31 12:45:58 - [TEST_STEP][PASSED] - name_product_list = new java.util.ArrayList(): null

2023-08-31 12:45:58 - [TEST_STEP][PASSED] - name_product_list.add(data.get("name_product")): null

2023-08-31 12:45:58 - [TEST_STEP][PASSED] - name_product_list.add(name_product_2): null

2023-08-31 12:45:58 - [TEST_STEP][PASSED] - description_product_list = new java.util.ArrayList(): null

2023-08-31 12:45:58 - [TEST_STEP][PASSED] - description_product_list.add(data.get("description_product")): null

2023-08-31 12:45:58 - [TEST_STEP][PASSED] - description_product_list.add(description_product_2): null

2023-08-31 12:45:58 - [TEST_STEP][PASSED] - price_product_list = new java.util.ArrayList(): null

2023-08-31 12:45:58 - [TEST_STEP][PASSED] - price_product_list.add(data.get("product_price")): null

2023-08-31 12:45:58 - [TEST_STEP][PASSED] - price_product_list.add(price_product_2): null

2023-08-31 12:45:58 - [TEST_STEP][PASSED] - println(name_product_list): null

2023-08-31 12:45:58 - [TEST_STEP][PASSED] - data.put("name_product_list", name_product_list): null

2023-08-31 12:45:58 - [TEST_STEP][PASSED] - data.put("description_product_list", description_product_list): null

2023-08-31 12:45:58 - [TEST_STEP][PASSED] - data.put("price_product_list", price_product_list): null

2023-08-31 12:45:58 - [TEST_STEP][PASSED] - return data: null

2023-08-31 12:45:58 - [MESSAGE][PASSED] - Call Test Case 'Test Cases/Products/TC-Product-AddCart-002' successfully

2023-08-31 12:45:58 - [TEST_STEP][PASSED] - click(findTestObject("Keranjang/icon_cart")): Object: 'Object Repository/Keranjang/icon_cart' is clicked on

2023-08-31 12:45:58 - [MESSAGE][PASSED] - Object: 'Object Repository/Keranjang/icon_cart' is clicked on

2023-08-31 12:45:58 - [TEST_STEP][PASSED] - click(findTestObject("Checkout/button_checkout")): Object: 'Object Repository/Checkout/button_checkout' is clicked on

2023-08-31 12:45:59 - [MESSAGE][PASSED] - Object: 'Object Repository/Checkout/button_checkout' is clicked on

2023-08-31 12:45:59 - [TEST_STEP][PASSED] - setText(findTestObject("Checkout/input_Checkout Your Information_firstName"), "joko"): Text 'joko' is set on object 'Object Repository/Checkout/input_Checkout Your Information_firstName'

2023-08-31 12:45:59 - [MESSAGE][PASSED] - Text 'joko' is set on object 'Object Repository/Checkout/input_Checkout Your Information_firstName'

2023-08-31 12:45:59 - [TEST_STEP][PASSED] - setText(findTestObject("Checkout/input_Checkout Your Information_lastName"), "widodo"): Text 'widodo' is set on object 'Object Repository/Checkout/input_Checkout Your Information_lastName'

2023-08-31 12:46:00 - [MESSAGE][PASSED] - Text 'widodo' is set on object 'Object Repository/Checkout/input_Checkout Your Information_lastName'

2023-08-31 12:46:00 - [TEST_STEP][PASSED] - click(findTestObject("Checkout/input_continue")): Object: 'Object Repository/Checkout/input_continue' is clicked on

2023-08-31 12:46:01 - [MESSAGE][PASSED] - Object: 'Object Repository/Checkout/input_continue' is clicked on

2023-08-31 12:46:01 - [TEST_STEP][PASSED] - error = getText(findTestObject("Checkout/error message")): Text of object 'Object Repository/Checkout/error message' is: 'Error: Postal Code is required'

2023-08-31 12:46:01 - [MESSAGE][PASSED] - Text of object 'Object Repository/Checkout/error message' is: 'Error: Postal Code is required'

2023-08-31 12:46:01 - [TEST_STEP][PASSED] - verifyMatch(error, "Error: Postal Code is required", false): Actual text 'Error: Postal Code is required' and expected text 'Error: Postal Code is required' are matched 

2023-08-31 12:46:01 - [MESSAGE][PASSED] - Actual text 'Error: Postal Code is required' and expected text 'Error: Postal Code is required' are matched]]></system-out>
         <system-err><![CDATA[]]></system-err>
      </testcase>
      <testcase name="Test Cases/Logout/logout" time="13.459" classname="Test Cases/Logout/logout" status="PASSED">
         <system-out><![CDATA[2023-08-31 12:46:01 - [TEST_CASE][PASSED] - Test Cases/Logout/logout: Test Cases/Logout/logout

2023-08-31 12:46:01 - [TEST_STEP][PASSED] - callTestCase(findTestCase("Login/TC-Login-Success-001"), [:], STOP_ON_FAILURE): Call Test Case 'Test Cases/Login/TC-Login-Success-001' successfully

2023-08-31 12:46:01 - [TEST_CASE][PASSED] - Test Cases/Login/TC-Login-Success-001: Test Cases/Login/TC-Login-Success-001

2023-08-31 12:46:01 - [TEST_STEP][PASSED] - openBrowser(url): Browser is opened with url: 'https://www.saucedemo.com/'

2023-08-31 12:46:01 - [MESSAGE][WARNING] - A browser is already opened. Closing browser and opening a new one

2023-08-31 12:46:02 - [MESSAGE][INFO] - Starting 'Edge Chromium' driver

2023-08-31 12:46:04 - [MESSAGE][INFO] - Action delay is set to 0 milliseconds

2023-08-31 12:46:08 - [MESSAGE][PASSED] - Browser is opened with url: 'https://www.saucedemo.com/'

2023-08-31 12:46:08 - [TEST_STEP][PASSED] - maximizeWindow(): Current window maximized

2023-08-31 12:46:08 - [MESSAGE][PASSED] - Current window maximized

2023-08-31 12:46:08 - [TEST_STEP][PASSED] - setText(findTestObject("login/input_username"), username): Text 'standard_user' is set on object 'Object Repository/login/input_username'

2023-08-31 12:46:09 - [MESSAGE][PASSED] - Text 'standard_user' is set on object 'Object Repository/login/input_username'

2023-08-31 12:46:09 - [TEST_STEP][PASSED] - setEncryptedText(findTestObject("login/input_password"), password): Text ****** has been set on object 'Object Repository/login/input_password'

2023-08-31 12:46:09 - [MESSAGE][PASSED] - Text ****** has been set on object 'Object Repository/login/input_password'

2023-08-31 12:46:09 - [TEST_STEP][PASSED] - click(findTestObject("login/button_login")): Object: 'Object Repository/login/button_login' is clicked on

2023-08-31 12:46:10 - [MESSAGE][PASSED] - Object: 'Object Repository/login/button_login' is clicked on

2023-08-31 12:46:10 - [TEST_STEP][PASSED] - verifyElementPresent(findTestObject("Products/title_product"), 0): Object 'Object Repository/Products/title_product' is present

2023-08-31 12:46:10 - [MESSAGE][WARNING] - Timeout '0' is invalid. Using default page load timeout: '30'

2023-08-31 12:46:10 - [MESSAGE][PASSED] - Object 'Object Repository/Products/title_product' is present

2023-08-31 12:46:10 - [TEST_STEP][PASSED] - delay(3): Delayed 3 second(s)

2023-08-31 12:46:13 - [MESSAGE][PASSED] - Delayed 3 second(s)

2023-08-31 12:46:13 - [MESSAGE][PASSED] - Call Test Case 'Test Cases/Login/TC-Login-Success-001' successfully

2023-08-31 12:46:13 - [TEST_STEP][PASSED] - click(findTestObject("Logout/button_burger")): Object: 'Object Repository/Logout/button_burger' is clicked on

2023-08-31 12:46:14 - [MESSAGE][PASSED] - Object: 'Object Repository/Logout/button_burger' is clicked on

2023-08-31 12:46:14 - [TEST_STEP][PASSED] - click(findTestObject("Logout/button_logout")): Object: 'Object Repository/Logout/button_logout' is clicked on

2023-08-31 12:46:14 - [MESSAGE][PASSED] - Object: 'Object Repository/Logout/button_logout' is clicked on

2023-08-31 12:46:14 - [TEST_STEP][PASSED] - verifyElementPresent(findTestObject("login/button_login"), 0): Object 'Object Repository/login/button_login' is present

2023-08-31 12:46:14 - [MESSAGE][WARNING] - Timeout '0' is invalid. Using default page load timeout: '30'

2023-08-31 12:46:15 - [MESSAGE][PASSED] - Object 'Object Repository/login/button_login' is present]]></system-out>
         <system-err><![CDATA[]]></system-err>
      </testcase>
      <system-out><![CDATA[2023-08-31 12:38:31 - [TEST_SUITE][FAILED] - Tes Suite Sauce Demo: Test Cases/Login/TC-Login-Failed-002 FAILED.
Reason:
com.kms.katalon.core.exception.StepFailedException: Verify element text of test object 'Object Repository/login/error_message_' FAILED.
	at com.kms.katalon.core.webui.keyword.internal.WebUIKeywordMain.stepFailed(WebUIKeywordMain.groovy:64)
	at com.kms.katalon.core.webui.keyword.internal.WebUIKeywordMain.runKeyword(WebUIKeywordMain.groovy:26)
	at com.kms.katalon.core.webui.keyword.builtin.VerifyElementTextKeyword.verifyElementText(VerifyElementTextKeyword.groovy:72)
	at com.kms.katalon.core.webui.keyword.builtin.VerifyElementTextKeyword.execute(VerifyElementTextKeyword.groovy:40)
	at com.kms.katalon.core.keyword.internal.KeywordExecutor.executeKeywordForPlatform(KeywordExecutor.groovy:74)
	at com.kms.katalon.core.webui.keyword.WebUiBuiltInKeywords.verifyElementText(WebUiBuiltInKeywords.groovy:4749)
	at com.kms.katalon.core.webui.keyword.WebUiBuiltInKeywords$verifyElementText$5.call(Unknown Source)
	at TC-Login-Failed-002.run(TC-Login-Failed-002:28)
	at com.kms.katalon.core.main.ScriptEngine.run(ScriptEngine.java:194)
	at com.kms.katalon.core.main.ScriptEngine.runScriptAsRawText(ScriptEngine.java:119)
	at com.kms.katalon.core.main.TestCaseExecutor.runScript(TestCaseExecutor.java:448)
	at com.kms.katalon.core.main.TestCaseExecutor.doExecute(TestCaseExecutor.java:439)
	at com.kms.katalon.core.main.TestCaseExecutor.processExecutionPhase(TestCaseExecutor.java:418)
	at com.kms.katalon.core.main.TestCaseExecutor.accessMainPhase(TestCaseExecutor.java:410)
	at com.kms.katalon.core.main.TestCaseExecutor.execute(TestCaseExecutor.java:285)
	at com.kms.katalon.core.common.CommonExecutor.accessTestCaseMainPhase(CommonExecutor.java:65)
	at com.kms.katalon.core.main.TestSuiteExecutor.accessTestSuiteMainPhase(TestSuiteExecutor.java:148)
	at com.kms.katalon.core.main.TestSuiteExecutor.execute(TestSuiteExecutor.java:106)
	at com.kms.katalon.core.main.TestCaseMain.startTestSuite(TestCaseMain.java:187)
	at com.kms.katalon.core.main.TestCaseMain$startTestSuite$0.call(Unknown Source)
	at TempTestSuite1693460299626.run(TempTestSuite1693460299626.groovy:36)
Caused by: com.kms.katalon.core.exception.StepFailedException: Actual text 'Epic sadface: Password is required' and expected text 'Login failed! Please ensure the password are valid.' of test object 'Object Repository/login/error_message_' are NOT matched.
	at com.kms.katalon.core.webui.keyword.internal.WebUIKeywordMain.stepFailed(WebUIKeywordMain.groovy:64)
	at com.kms.katalon.core.webui.keyword.builtin.VerifyElementTextKeyword$_verifyElementText_closure1.doCall(VerifyElementTextKeyword.groovy:57)
	at com.kms.katalon.core.webui.keyword.builtin.VerifyElementTextKeyword$_verifyElementText_closure1.call(VerifyElementTextKeyword.groovy)
	at com.kms.katalon.core.webui.keyword.internal.WebUIKeywordMain.runKeyword(WebUIKeywordMain.groovy:20)
	... 19 more]]></system-out>
      <system-err><![CDATA[2023-08-31 12:38:31 - [TEST_SUITE][FAILED] - Tes Suite Sauce Demo: Test Cases/Login/TC-Login-Failed-002 FAILED.
Reason:
com.kms.katalon.core.exception.StepFailedException: Verify element text of test object 'Object Repository/login/error_message_' FAILED.
	at com.kms.katalon.core.webui.keyword.internal.WebUIKeywordMain.stepFailed(WebUIKeywordMain.groovy:64)
	at com.kms.katalon.core.webui.keyword.internal.WebUIKeywordMain.runKeyword(WebUIKeywordMain.groovy:26)
	at com.kms.katalon.core.webui.keyword.builtin.VerifyElementTextKeyword.verifyElementText(VerifyElementTextKeyword.groovy:72)
	at com.kms.katalon.core.webui.keyword.builtin.VerifyElementTextKeyword.execute(VerifyElementTextKeyword.groovy:40)
	at com.kms.katalon.core.keyword.internal.KeywordExecutor.executeKeywordForPlatform(KeywordExecutor.groovy:74)
	at com.kms.katalon.core.webui.keyword.WebUiBuiltInKeywords.verifyElementText(WebUiBuiltInKeywords.groovy:4749)
	at com.kms.katalon.core.webui.keyword.WebUiBuiltInKeywords$verifyElementText$5.call(Unknown Source)
	at TC-Login-Failed-002.run(TC-Login-Failed-002:28)
	at com.kms.katalon.core.main.ScriptEngine.run(ScriptEngine.java:194)
	at com.kms.katalon.core.main.ScriptEngine.runScriptAsRawText(ScriptEngine.java:119)
	at com.kms.katalon.core.main.TestCaseExecutor.runScript(TestCaseExecutor.java:448)
	at com.kms.katalon.core.main.TestCaseExecutor.doExecute(TestCaseExecutor.java:439)
	at com.kms.katalon.core.main.TestCaseExecutor.processExecutionPhase(TestCaseExecutor.java:418)
	at com.kms.katalon.core.main.TestCaseExecutor.accessMainPhase(TestCaseExecutor.java:410)
	at com.kms.katalon.core.main.TestCaseExecutor.execute(TestCaseExecutor.java:285)
	at com.kms.katalon.core.common.CommonExecutor.accessTestCaseMainPhase(CommonExecutor.java:65)
	at com.kms.katalon.core.main.TestSuiteExecutor.accessTestSuiteMainPhase(TestSuiteExecutor.java:148)
	at com.kms.katalon.core.main.TestSuiteExecutor.execute(TestSuiteExecutor.java:106)
	at com.kms.katalon.core.main.TestCaseMain.startTestSuite(TestCaseMain.java:187)
	at com.kms.katalon.core.main.TestCaseMain$startTestSuite$0.call(Unknown Source)
	at TempTestSuite1693460299626.run(TempTestSuite1693460299626.groovy:36)
Caused by: com.kms.katalon.core.exception.StepFailedException: Actual text 'Epic sadface: Password is required' and expected text 'Login failed! Please ensure the password are valid.' of test object 'Object Repository/login/error_message_' are NOT matched.
	at com.kms.katalon.core.webui.keyword.internal.WebUIKeywordMain.stepFailed(WebUIKeywordMain.groovy:64)
	at com.kms.katalon.core.webui.keyword.builtin.VerifyElementTextKeyword$_verifyElementText_closure1.doCall(VerifyElementTextKeyword.groovy:57)
	at com.kms.katalon.core.webui.keyword.builtin.VerifyElementTextKeyword$_verifyElementText_closure1.call(VerifyElementTextKeyword.groovy)
	at com.kms.katalon.core.webui.keyword.internal.WebUIKeywordMain.runKeyword(WebUIKeywordMain.groovy:20)
	... 19 more]]></system-err>
   </testsuite>
</testsuites>
