<?xml version="1.0" encoding="UTF-8"?>
<testsuites name="Test Suite APPOINTMENT" time="65.111" tests="3" failures="0" errors="0">
   <testsuite name="Test Suite APPOINTMENT" tests="3" failures="0" errors="0" time="65.111" skipped="0" timestamp="2023-08-25 10:23:48" hostname="HP - LAPTOP-ILLI02GO" id="Test Suites/Test Suite APPOINTMENT">
      <properties>
         <property name="deviceName" value=""/>
         <property name="devicePlatform" value=""/>
         <property name="logFolder" value="D:\\XSIS MITRA UTAMA\\batch-324-qa\\Danty\\Cura Heroku App\\Reports\\20230825_102344\\Test Suite APPOINTMENT\\20230825_102345"/>
         <property name="logFiles" value="D:\\XSIS MITRA UTAMA\\batch-324-qa\\Danty\\Cura Heroku App\\Reports\\20230825_102344\\Test Suite APPOINTMENT\\20230825_102345\\execution0.log"/>
         <property name="attachments" value=""/>
         <property name="hostName" value="HP - LAPTOP-ILLI02GO"/>
         <property name="os" value="Windows 11 64bit"/>
         <property name="katalonVersion" value="8.6.5.208"/>
         <property name="browser" value="Edge Chromium 115"/>
         <property name="hostAddress" value="10.9.2.36"/>
         <property name="sessionId" value="b946600c052a75dd52c26edab3902104"/>
         <property name="seleniumVersion" value="3.141.59"/>
         <property name="proxyInformation" value="ProxyInformation { proxyOption=NO_PROXY, proxyServerType=HTTP, username=, password=********, proxyServerAddress=, proxyServerPort=0, executionList=&quot;&quot;, isApplyToDesiredCapabilities=true }"/>
         <property name="platform" value="Windows 11"/>
      </properties>
      <testcase name="Test Cases/Appointment/Test Case 2.1 (Versi Dinamis)" time="23.044" classname="Test Cases/Appointment/Test Case 2.1 (Versi Dinamis)" status="PASSED">
         <system-out><![CDATA[2023-08-25 10:23:48 - [TEST_CASE][PASSED] - Test Cases/Appointment/Test Case 2.1 (Versi Dinamis): Test Cases/Appointment/Test Case 2.1 (Versi Dinamis)

2023-08-25 10:23:49 - [TEST_STEP][PASSED] - callTestCase(findTestCase("Login/Test Case 1.1 (Manual)"), ["Username":username, "Password":password], STOP_ON_FAILURE): Call Test Case 'Test Cases/Login/Test Case 1.1 (Manual)' successfully

2023-08-25 10:23:49 - [TEST_CASE][PASSED] - Test Cases/Login/Test Case 1.1 (Manual): Test Cases/Login/Test Case 1.1 (Manual)

2023-08-25 10:23:49 - [TEST_STEP][PASSED] - openBrowser(WEB_URL): Browser is opened with url: 'https://katalon-demo-cura.herokuapp.com/'

2023-08-25 10:23:49 - [MESSAGE][INFO] - Starting 'Edge Chromium' driver

2023-08-25 10:23:52 - [MESSAGE][INFO] - Action delay is set to 0 milliseconds

2023-08-25 10:23:58 - [MESSAGE][PASSED] - Browser is opened with url: 'https://katalon-demo-cura.herokuapp.com/'

2023-08-25 10:23:58 - [TEST_STEP][PASSED] - verifyElementPresent(findTestObject("Login/Title Home Page"), 10): Object 'Object Repository/Login/Title Home Page' is present

2023-08-25 10:23:58 - [MESSAGE][PASSED] - Object 'Object Repository/Login/Title Home Page' is present

2023-08-25 10:23:58 - [TEST_STEP][PASSED] - click(findTestObject("Login/Menu Burger")): Object: 'Object Repository/Login/Menu Burger' is clicked on

2023-08-25 10:23:59 - [MESSAGE][PASSED] - Object: 'Object Repository/Login/Menu Burger' is clicked on

2023-08-25 10:23:59 - [TEST_STEP][PASSED] - click(findTestObject("Login/Menu Login")): Object: 'Object Repository/Login/Menu Login' is clicked on

2023-08-25 10:24:00 - [MESSAGE][PASSED] - Object: 'Object Repository/Login/Menu Login' is clicked on

2023-08-25 10:24:00 - [TEST_STEP][PASSED] - verifyElementPresent(findTestObject("Login/Title Login"), 10): Object 'Object Repository/Login/Title Login' is present

2023-08-25 10:24:01 - [MESSAGE][PASSED] - Object 'Object Repository/Login/Title Login' is present

2023-08-25 10:24:01 - [TEST_STEP][PASSED] - setText(findTestObject("Login/input_Username"), Username): Text 'John Doe' is set on object 'Object Repository/Login/input_Username'

2023-08-25 10:24:02 - [MESSAGE][PASSED] - Text 'John Doe' is set on object 'Object Repository/Login/input_Username'

2023-08-25 10:24:02 - [TEST_STEP][PASSED] - setEncryptedText(findTestObject("Login/input_Password"), Password): Text ****** has been set on object 'Object Repository/Login/input_Password'

2023-08-25 10:24:02 - [MESSAGE][PASSED] - Text ****** has been set on object 'Object Repository/Login/input_Password'

2023-08-25 10:24:02 - [TEST_STEP][PASSED] - click(findTestObject("Login/button_Login")): Object: 'Object Repository/Login/button_Login' is clicked on

2023-08-25 10:24:03 - [MESSAGE][PASSED] - Object: 'Object Repository/Login/button_Login' is clicked on

2023-08-25 10:24:03 - [TEST_STEP][PASSED] - verifyElementPresent(findTestObject("Login/Title_Make Appointment"), 10): Object 'Object Repository/Login/Title_Make Appointment' is present

2023-08-25 10:24:04 - [MESSAGE][PASSED] - Object 'Object Repository/Login/Title_Make Appointment' is present

2023-08-25 10:24:04 - [MESSAGE][PASSED] - Call Test Case 'Test Cases/Login/Test Case 1.1 (Manual)' successfully

2023-08-25 10:24:04 - [TEST_STEP][PASSED] - selectOptionByValue(findTestObject("Make Appointment/select dropdown"), facility, false): All options with value 'Tokyo CURA Healthcare Center' are selected in object 'Object Repository/Make Appointment/select dropdown' 

2023-08-25 10:24:05 - [MESSAGE][PASSED] - All options with value 'Tokyo CURA Healthcare Center' are selected in object 'Object Repository/Make Appointment/select dropdown' 

2023-08-25 10:24:05 - [TEST_STEP][PASSED] - if (toString().equalsIgnoreCase("yes")): Object 'Object Repository/Make Appointment/Check Box Readmission' is checked

2023-08-25 10:24:05 - [TEST_STEP][PASSED] - check(findTestObject("Make Appointment/Check Box Readmission")): Object 'Object Repository/Make Appointment/Check Box Readmission' is checked

2023-08-25 10:24:05 - [MESSAGE][PASSED] - Object 'Object Repository/Make Appointment/Check Box Readmission' is checked

2023-08-25 10:24:05 - [TEST_STEP][PASSED] - if (toString().equalsIgnoreCase("medicare")): Object 'Object Repository/Make Appointment/input_Medicare_programs' is checked

2023-08-25 10:24:05 - [TEST_STEP][PASSED] - check(findTestObject("Object Repository/Make Appointment/input_Medicare_programs")): Object 'Object Repository/Make Appointment/input_Medicare_programs' is checked

2023-08-25 10:24:05 - [MESSAGE][PASSED] - Object 'Object Repository/Make Appointment/input_Medicare_programs' is checked

2023-08-25 10:24:05 - [TEST_STEP][PASSED] - setText(findTestObject("Make Appointment/input_Visit Date"), visit_date): Text '23/08/2023' is set on object 'Object Repository/Make Appointment/input_Visit Date'

2023-08-25 10:24:06 - [MESSAGE][PASSED] - Text '23/08/2023' is set on object 'Object Repository/Make Appointment/input_Visit Date'

2023-08-25 10:24:06 - [TEST_STEP][PASSED] - setText(findTestObject("Make Appointment/Comment"), comment): Text 'You have' is set on object 'Object Repository/Make Appointment/Comment'

2023-08-25 10:24:07 - [MESSAGE][PASSED] - Text 'You have' is set on object 'Object Repository/Make Appointment/Comment'

2023-08-25 10:24:07 - [TEST_STEP][PASSED] - click(findTestObject("Make Appointment/button_Book Appointment")): Object: 'Object Repository/Make Appointment/button_Book Appointment' is clicked on

2023-08-25 10:24:09 - [MESSAGE][PASSED] - Object: 'Object Repository/Make Appointment/button_Book Appointment' is clicked on

2023-08-25 10:24:09 - [TEST_STEP][PASSED] - verifyElementPresent(findTestObject("Make Appointment/Appointment Confirmation"), 10): Object 'Object Repository/Make Appointment/Appointment Confirmation' is present

2023-08-25 10:24:09 - [MESSAGE][PASSED] - Object 'Object Repository/Make Appointment/Appointment Confirmation' is present

2023-08-25 10:24:09 - [TEST_STEP][PASSED] - hasilFacility = getText(findTestObject("Object Repository/Make Appointment/Facility")): Text of object 'Object Repository/Make Appointment/Facility' is: 'Tokyo CURA Healthcare Center'

2023-08-25 10:24:10 - [MESSAGE][PASSED] - Text of object 'Object Repository/Make Appointment/Facility' is: 'Tokyo CURA Healthcare Center'

2023-08-25 10:24:10 - [TEST_STEP][PASSED] - hasilReadmission = getText(findTestObject("Make Appointment/Apply Readmission")): Text of object 'Object Repository/Make Appointment/Apply Readmission' is: 'Yes'

2023-08-25 10:24:10 - [MESSAGE][PASSED] - Text of object 'Object Repository/Make Appointment/Apply Readmission' is: 'Yes'

2023-08-25 10:24:10 - [TEST_STEP][PASSED] - hasilHealthPro = getText(findTestObject("Make Appointment/Program Healthcare")): Text of object 'Object Repository/Make Appointment/Program Healthcare' is: 'Medicare'

2023-08-25 10:24:10 - [MESSAGE][PASSED] - Text of object 'Object Repository/Make Appointment/Program Healthcare' is: 'Medicare'

2023-08-25 10:24:10 - [TEST_STEP][PASSED] - hasilVisitDate = getText(findTestObject("Make Appointment/Visit_Date")): Text of object 'Object Repository/Make Appointment/Visit_Date' is: '23/08/2023'

2023-08-25 10:24:11 - [MESSAGE][PASSED] - Text of object 'Object Repository/Make Appointment/Visit_Date' is: '23/08/2023'

2023-08-25 10:24:11 - [TEST_STEP][PASSED] - hasilComment = getText(findTestObject("Make Appointment/isi comment")): Text of object 'Object Repository/Make Appointment/isi comment' is: 'You have'

2023-08-25 10:24:11 - [MESSAGE][PASSED] - Text of object 'Object Repository/Make Appointment/isi comment' is: 'You have'

2023-08-25 10:24:11 - [TEST_STEP][PASSED] - assert trim().equalsIgnoreCase(facility.trim()): null

2023-08-25 10:24:11 - [TEST_STEP][PASSED] - assert trim().equalsIgnoreCase(hospital_readmission.trim()): null

2023-08-25 10:24:11 - [TEST_STEP][PASSED] - assert trim().equalsIgnoreCase(healthcare_program.trim()): null

2023-08-25 10:24:11 - [TEST_STEP][PASSED] - assert trim().equalsIgnoreCase(visit_date.trim()): null

2023-08-25 10:24:11 - [TEST_STEP][PASSED] - assert trim().equalsIgnoreCase(comment.trim()): null]]></system-out>
         <system-err><![CDATA[]]></system-err>
      </testcase>
      <testcase name="Test Cases/Appointment/Test Case 2.1 (Versi Dinamis)" time="21.579" classname="Test Cases/Appointment/Test Case 2.1 (Versi Dinamis)" status="PASSED">
         <system-out><![CDATA[2023-08-25 10:24:11 - [TEST_CASE][PASSED] - Test Cases/Appointment/Test Case 2.1 (Versi Dinamis): Test Cases/Appointment/Test Case 2.1 (Versi Dinamis)

2023-08-25 10:24:11 - [TEST_STEP][PASSED] - callTestCase(findTestCase("Login/Test Case 1.1 (Manual)"), ["Username":username, "Password":password], STOP_ON_FAILURE): Call Test Case 'Test Cases/Login/Test Case 1.1 (Manual)' successfully

2023-08-25 10:24:12 - [TEST_CASE][PASSED] - Test Cases/Login/Test Case 1.1 (Manual): Test Cases/Login/Test Case 1.1 (Manual)

2023-08-25 10:24:12 - [TEST_STEP][PASSED] - openBrowser(WEB_URL): Browser is opened with url: 'https://katalon-demo-cura.herokuapp.com/'

2023-08-25 10:24:12 - [MESSAGE][WARNING] - A browser is already opened. Closing browser and opening a new one

2023-08-25 10:24:12 - [MESSAGE][INFO] - Starting 'Edge Chromium' driver

2023-08-25 10:24:15 - [MESSAGE][INFO] - Action delay is set to 0 milliseconds

2023-08-25 10:24:21 - [MESSAGE][PASSED] - Browser is opened with url: 'https://katalon-demo-cura.herokuapp.com/'

2023-08-25 10:24:21 - [TEST_STEP][PASSED] - verifyElementPresent(findTestObject("Login/Title Home Page"), 10): Object 'Object Repository/Login/Title Home Page' is present

2023-08-25 10:24:21 - [MESSAGE][PASSED] - Object 'Object Repository/Login/Title Home Page' is present

2023-08-25 10:24:21 - [TEST_STEP][PASSED] - click(findTestObject("Login/Menu Burger")): Object: 'Object Repository/Login/Menu Burger' is clicked on

2023-08-25 10:24:22 - [MESSAGE][PASSED] - Object: 'Object Repository/Login/Menu Burger' is clicked on

2023-08-25 10:24:22 - [TEST_STEP][PASSED] - click(findTestObject("Login/Menu Login")): Object: 'Object Repository/Login/Menu Login' is clicked on

2023-08-25 10:24:23 - [MESSAGE][PASSED] - Object: 'Object Repository/Login/Menu Login' is clicked on

2023-08-25 10:24:23 - [TEST_STEP][PASSED] - verifyElementPresent(findTestObject("Login/Title Login"), 10): Object 'Object Repository/Login/Title Login' is present

2023-08-25 10:24:23 - [MESSAGE][PASSED] - Object 'Object Repository/Login/Title Login' is present

2023-08-25 10:24:23 - [TEST_STEP][PASSED] - setText(findTestObject("Login/input_Username"), Username): Text 'John Doe' is set on object 'Object Repository/Login/input_Username'

2023-08-25 10:24:24 - [MESSAGE][PASSED] - Text 'John Doe' is set on object 'Object Repository/Login/input_Username'

2023-08-25 10:24:24 - [TEST_STEP][PASSED] - setEncryptedText(findTestObject("Login/input_Password"), Password): Text ****** has been set on object 'Object Repository/Login/input_Password'

2023-08-25 10:24:25 - [MESSAGE][PASSED] - Text ****** has been set on object 'Object Repository/Login/input_Password'

2023-08-25 10:24:25 - [TEST_STEP][PASSED] - click(findTestObject("Login/button_Login")): Object: 'Object Repository/Login/button_Login' is clicked on

2023-08-25 10:24:26 - [MESSAGE][PASSED] - Object: 'Object Repository/Login/button_Login' is clicked on

2023-08-25 10:24:26 - [TEST_STEP][PASSED] - verifyElementPresent(findTestObject("Login/Title_Make Appointment"), 10): Object 'Object Repository/Login/Title_Make Appointment' is present

2023-08-25 10:24:27 - [MESSAGE][PASSED] - Object 'Object Repository/Login/Title_Make Appointment' is present

2023-08-25 10:24:27 - [MESSAGE][PASSED] - Call Test Case 'Test Cases/Login/Test Case 1.1 (Manual)' successfully

2023-08-25 10:24:27 - [TEST_STEP][PASSED] - selectOptionByValue(findTestObject("Make Appointment/select dropdown"), facility, false): All options with value 'Hongkong CURA Healthcare Center' are selected in object 'Object Repository/Make Appointment/select dropdown' 

2023-08-25 10:24:27 - [MESSAGE][PASSED] - All options with value 'Hongkong CURA Healthcare Center' are selected in object 'Object Repository/Make Appointment/select dropdown' 

2023-08-25 10:24:27 - [TEST_STEP][PASSED] - if (toString().equalsIgnoreCase("yes")): null

2023-08-25 10:24:27 - [TEST_STEP][PASSED] - if (toString().equalsIgnoreCase("medicare")): null

2023-08-25 10:24:27 - [TEST_STEP][PASSED] - else if (toString().equalsIgnoreCase("medicaid")): Object 'Object Repository/Make Appointment/input_Medicaid_programs' is checked

2023-08-25 10:24:27 - [TEST_STEP][PASSED] - check(findTestObject("Object Repository/Make Appointment/input_Medicaid_programs")): Object 'Object Repository/Make Appointment/input_Medicaid_programs' is checked

2023-08-25 10:24:28 - [MESSAGE][PASSED] - Object 'Object Repository/Make Appointment/input_Medicaid_programs' is checked

2023-08-25 10:24:28 - [TEST_STEP][PASSED] - setText(findTestObject("Make Appointment/input_Visit Date"), visit_date): Text '23/08/2023' is set on object 'Object Repository/Make Appointment/input_Visit Date'

2023-08-25 10:24:29 - [MESSAGE][PASSED] - Text '23/08/2023' is set on object 'Object Repository/Make Appointment/input_Visit Date'

2023-08-25 10:24:29 - [TEST_STEP][PASSED] - setText(findTestObject("Make Appointment/Comment"), comment): Text 'done' is set on object 'Object Repository/Make Appointment/Comment'

2023-08-25 10:24:30 - [MESSAGE][PASSED] - Text 'done' is set on object 'Object Repository/Make Appointment/Comment'

2023-08-25 10:24:30 - [TEST_STEP][PASSED] - click(findTestObject("Make Appointment/button_Book Appointment")): Object: 'Object Repository/Make Appointment/button_Book Appointment' is clicked on

2023-08-25 10:24:30 - [MESSAGE][PASSED] - Object: 'Object Repository/Make Appointment/button_Book Appointment' is clicked on

2023-08-25 10:24:30 - [TEST_STEP][PASSED] - verifyElementPresent(findTestObject("Make Appointment/Appointment Confirmation"), 10): Object 'Object Repository/Make Appointment/Appointment Confirmation' is present

2023-08-25 10:24:31 - [MESSAGE][PASSED] - Object 'Object Repository/Make Appointment/Appointment Confirmation' is present

2023-08-25 10:24:31 - [TEST_STEP][PASSED] - hasilFacility = getText(findTestObject("Object Repository/Make Appointment/Facility")): Text of object 'Object Repository/Make Appointment/Facility' is: 'Hongkong CURA Healthcare Center'

2023-08-25 10:24:31 - [MESSAGE][PASSED] - Text of object 'Object Repository/Make Appointment/Facility' is: 'Hongkong CURA Healthcare Center'

2023-08-25 10:24:31 - [TEST_STEP][PASSED] - hasilReadmission = getText(findTestObject("Make Appointment/Apply Readmission")): Text of object 'Object Repository/Make Appointment/Apply Readmission' is: 'No'

2023-08-25 10:24:32 - [MESSAGE][PASSED] - Text of object 'Object Repository/Make Appointment/Apply Readmission' is: 'No'

2023-08-25 10:24:32 - [TEST_STEP][PASSED] - hasilHealthPro = getText(findTestObject("Make Appointment/Program Healthcare")): Text of object 'Object Repository/Make Appointment/Program Healthcare' is: 'Medicaid'

2023-08-25 10:24:32 - [MESSAGE][PASSED] - Text of object 'Object Repository/Make Appointment/Program Healthcare' is: 'Medicaid'

2023-08-25 10:24:32 - [TEST_STEP][PASSED] - hasilVisitDate = getText(findTestObject("Make Appointment/Visit_Date")): Text of object 'Object Repository/Make Appointment/Visit_Date' is: '23/08/2023'

2023-08-25 10:24:33 - [MESSAGE][PASSED] - Text of object 'Object Repository/Make Appointment/Visit_Date' is: '23/08/2023'

2023-08-25 10:24:33 - [TEST_STEP][PASSED] - hasilComment = getText(findTestObject("Make Appointment/isi comment")): Text of object 'Object Repository/Make Appointment/isi comment' is: 'done'

2023-08-25 10:24:33 - [MESSAGE][PASSED] - Text of object 'Object Repository/Make Appointment/isi comment' is: 'done'

2023-08-25 10:24:33 - [TEST_STEP][PASSED] - assert trim().equalsIgnoreCase(facility.trim()): null

2023-08-25 10:24:33 - [TEST_STEP][PASSED] - assert trim().equalsIgnoreCase(hospital_readmission.trim()): null

2023-08-25 10:24:33 - [TEST_STEP][PASSED] - assert trim().equalsIgnoreCase(healthcare_program.trim()): null

2023-08-25 10:24:33 - [TEST_STEP][PASSED] - assert trim().equalsIgnoreCase(visit_date.trim()): null

2023-08-25 10:24:33 - [TEST_STEP][PASSED] - assert trim().equalsIgnoreCase(comment.trim()): null]]></system-out>
         <system-err><![CDATA[]]></system-err>
      </testcase>
      <testcase name="Test Cases/Appointment/Test Case 2.1 (Versi Dinamis)" time="19.898" classname="Test Cases/Appointment/Test Case 2.1 (Versi Dinamis)" status="PASSED">
         <system-out><![CDATA[2023-08-25 10:24:33 - [TEST_CASE][PASSED] - Test Cases/Appointment/Test Case 2.1 (Versi Dinamis): Test Cases/Appointment/Test Case 2.1 (Versi Dinamis)

2023-08-25 10:24:33 - [TEST_STEP][PASSED] - callTestCase(findTestCase("Login/Test Case 1.1 (Manual)"), ["Username":username, "Password":password], STOP_ON_FAILURE): Call Test Case 'Test Cases/Login/Test Case 1.1 (Manual)' successfully

2023-08-25 10:24:33 - [TEST_CASE][PASSED] - Test Cases/Login/Test Case 1.1 (Manual): Test Cases/Login/Test Case 1.1 (Manual)

2023-08-25 10:24:33 - [TEST_STEP][PASSED] - openBrowser(WEB_URL): Browser is opened with url: 'https://katalon-demo-cura.herokuapp.com/'

2023-08-25 10:24:33 - [MESSAGE][WARNING] - A browser is already opened. Closing browser and opening a new one

2023-08-25 10:24:34 - [MESSAGE][INFO] - Starting 'Edge Chromium' driver

2023-08-25 10:24:36 - [MESSAGE][INFO] - Action delay is set to 0 milliseconds

2023-08-25 10:24:40 - [MESSAGE][PASSED] - Browser is opened with url: 'https://katalon-demo-cura.herokuapp.com/'

2023-08-25 10:24:40 - [TEST_STEP][PASSED] - verifyElementPresent(findTestObject("Login/Title Home Page"), 10): Object 'Object Repository/Login/Title Home Page' is present

2023-08-25 10:24:41 - [MESSAGE][PASSED] - Object 'Object Repository/Login/Title Home Page' is present

2023-08-25 10:24:41 - [TEST_STEP][PASSED] - click(findTestObject("Login/Menu Burger")): Object: 'Object Repository/Login/Menu Burger' is clicked on

2023-08-25 10:24:41 - [MESSAGE][PASSED] - Object: 'Object Repository/Login/Menu Burger' is clicked on

2023-08-25 10:24:41 - [TEST_STEP][PASSED] - click(findTestObject("Login/Menu Login")): Object: 'Object Repository/Login/Menu Login' is clicked on

2023-08-25 10:24:42 - [MESSAGE][PASSED] - Object: 'Object Repository/Login/Menu Login' is clicked on

2023-08-25 10:24:42 - [TEST_STEP][PASSED] - verifyElementPresent(findTestObject("Login/Title Login"), 10): Object 'Object Repository/Login/Title Login' is present

2023-08-25 10:24:43 - [MESSAGE][PASSED] - Object 'Object Repository/Login/Title Login' is present

2023-08-25 10:24:43 - [TEST_STEP][PASSED] - setText(findTestObject("Login/input_Username"), Username): Text 'John Doe' is set on object 'Object Repository/Login/input_Username'

2023-08-25 10:24:44 - [MESSAGE][PASSED] - Text 'John Doe' is set on object 'Object Repository/Login/input_Username'

2023-08-25 10:24:44 - [TEST_STEP][PASSED] - setEncryptedText(findTestObject("Login/input_Password"), Password): Text ****** has been set on object 'Object Repository/Login/input_Password'

2023-08-25 10:24:44 - [MESSAGE][PASSED] - Text ****** has been set on object 'Object Repository/Login/input_Password'

2023-08-25 10:24:44 - [TEST_STEP][PASSED] - click(findTestObject("Login/button_Login")): Object: 'Object Repository/Login/button_Login' is clicked on

2023-08-25 10:24:45 - [MESSAGE][PASSED] - Object: 'Object Repository/Login/button_Login' is clicked on

2023-08-25 10:24:45 - [TEST_STEP][PASSED] - verifyElementPresent(findTestObject("Login/Title_Make Appointment"), 10): Object 'Object Repository/Login/Title_Make Appointment' is present

2023-08-25 10:24:45 - [MESSAGE][PASSED] - Object 'Object Repository/Login/Title_Make Appointment' is present

2023-08-25 10:24:45 - [MESSAGE][PASSED] - Call Test Case 'Test Cases/Login/Test Case 1.1 (Manual)' successfully

2023-08-25 10:24:45 - [TEST_STEP][PASSED] - selectOptionByValue(findTestObject("Make Appointment/select dropdown"), facility, false): All options with value 'Seoul CURA Healthcare Center' are selected in object 'Object Repository/Make Appointment/select dropdown' 

2023-08-25 10:24:46 - [MESSAGE][PASSED] - All options with value 'Seoul CURA Healthcare Center' are selected in object 'Object Repository/Make Appointment/select dropdown' 

2023-08-25 10:24:46 - [TEST_STEP][PASSED] - if (toString().equalsIgnoreCase("yes")): Object 'Object Repository/Make Appointment/Check Box Readmission' is checked

2023-08-25 10:24:46 - [TEST_STEP][PASSED] - check(findTestObject("Make Appointment/Check Box Readmission")): Object 'Object Repository/Make Appointment/Check Box Readmission' is checked

2023-08-25 10:24:47 - [MESSAGE][PASSED] - Object 'Object Repository/Make Appointment/Check Box Readmission' is checked

2023-08-25 10:24:47 - [TEST_STEP][PASSED] - if (toString().equalsIgnoreCase("medicare")): null

2023-08-25 10:24:47 - [TEST_STEP][PASSED] - else if (toString().equalsIgnoreCase("medicaid")): null

2023-08-25 10:24:47 - [TEST_STEP][PASSED] - else: Object 'Object Repository/Make Appointment/input_None_programs' is checked

2023-08-25 10:24:47 - [TEST_STEP][PASSED] - check(findTestObject("Object Repository/Make Appointment/input_None_programs")): Object 'Object Repository/Make Appointment/input_None_programs' is checked

2023-08-25 10:24:47 - [MESSAGE][PASSED] - Object 'Object Repository/Make Appointment/input_None_programs' is checked

2023-08-25 10:24:47 - [TEST_STEP][PASSED] - setText(findTestObject("Make Appointment/input_Visit Date"), visit_date): Text '23/08/2023' is set on object 'Object Repository/Make Appointment/input_Visit Date'

2023-08-25 10:24:48 - [MESSAGE][PASSED] - Text '23/08/2023' is set on object 'Object Repository/Make Appointment/input_Visit Date'

2023-08-25 10:24:48 - [TEST_STEP][PASSED] - setText(findTestObject("Make Appointment/Comment"), comment): Text 'a Great Job' is set on object 'Object Repository/Make Appointment/Comment'

2023-08-25 10:24:49 - [MESSAGE][PASSED] - Text 'a Great Job' is set on object 'Object Repository/Make Appointment/Comment'

2023-08-25 10:24:49 - [TEST_STEP][PASSED] - click(findTestObject("Make Appointment/button_Book Appointment")): Object: 'Object Repository/Make Appointment/button_Book Appointment' is clicked on

2023-08-25 10:24:50 - [MESSAGE][PASSED] - Object: 'Object Repository/Make Appointment/button_Book Appointment' is clicked on

2023-08-25 10:24:50 - [TEST_STEP][PASSED] - verifyElementPresent(findTestObject("Make Appointment/Appointment Confirmation"), 10): Object 'Object Repository/Make Appointment/Appointment Confirmation' is present

2023-08-25 10:24:51 - [MESSAGE][PASSED] - Object 'Object Repository/Make Appointment/Appointment Confirmation' is present

2023-08-25 10:24:51 - [TEST_STEP][PASSED] - hasilFacility = getText(findTestObject("Object Repository/Make Appointment/Facility")): Text of object 'Object Repository/Make Appointment/Facility' is: 'Seoul CURA Healthcare Center'

2023-08-25 10:24:51 - [MESSAGE][PASSED] - Text of object 'Object Repository/Make Appointment/Facility' is: 'Seoul CURA Healthcare Center'

2023-08-25 10:24:51 - [TEST_STEP][PASSED] - hasilReadmission = getText(findTestObject("Make Appointment/Apply Readmission")): Text of object 'Object Repository/Make Appointment/Apply Readmission' is: 'Yes'

2023-08-25 10:24:52 - [MESSAGE][PASSED] - Text of object 'Object Repository/Make Appointment/Apply Readmission' is: 'Yes'

2023-08-25 10:24:52 - [TEST_STEP][PASSED] - hasilHealthPro = getText(findTestObject("Make Appointment/Program Healthcare")): Text of object 'Object Repository/Make Appointment/Program Healthcare' is: 'None'

2023-08-25 10:24:52 - [MESSAGE][PASSED] - Text of object 'Object Repository/Make Appointment/Program Healthcare' is: 'None'

2023-08-25 10:24:52 - [TEST_STEP][PASSED] - hasilVisitDate = getText(findTestObject("Make Appointment/Visit_Date")): Text of object 'Object Repository/Make Appointment/Visit_Date' is: '23/08/2023'

2023-08-25 10:24:53 - [MESSAGE][PASSED] - Text of object 'Object Repository/Make Appointment/Visit_Date' is: '23/08/2023'

2023-08-25 10:24:53 - [TEST_STEP][PASSED] - hasilComment = getText(findTestObject("Make Appointment/isi comment")): Text of object 'Object Repository/Make Appointment/isi comment' is: 'a Great Job'

2023-08-25 10:24:53 - [MESSAGE][PASSED] - Text of object 'Object Repository/Make Appointment/isi comment' is: 'a Great Job'

2023-08-25 10:24:53 - [TEST_STEP][PASSED] - assert trim().equalsIgnoreCase(facility.trim()): null

2023-08-25 10:24:53 - [TEST_STEP][PASSED] - assert trim().equalsIgnoreCase(hospital_readmission.trim()): null

2023-08-25 10:24:53 - [TEST_STEP][PASSED] - assert trim().equalsIgnoreCase(healthcare_program.trim()): null

2023-08-25 10:24:53 - [TEST_STEP][PASSED] - assert trim().equalsIgnoreCase(visit_date.trim()): null

2023-08-25 10:24:53 - [TEST_STEP][PASSED] - assert trim().equalsIgnoreCase(comment.trim()): null]]></system-out>
         <system-err><![CDATA[]]></system-err>
      </testcase>
      <system-out><![CDATA[2023-08-25 10:23:48 - [TEST_SUITE][PASSED] - Test Suite APPOINTMENT: Test Cases/Appointment/Test Case 2.1 (Versi Dinamis)]]></system-out>
      <system-err><![CDATA[]]></system-err>
   </testsuite>
</testsuites>
