<?xml version="1.0" encoding="UTF-8"?>
<testsuites name="Test Suite Login" time="31.839" tests="2" failures="0" errors="0">
   <testsuite name="Test Suite Login" tests="2" failures="0" errors="0" time="31.839" skipped="0" timestamp="2023-08-25 09:15:23" hostname="Admin - Riswandha" id="Test Suites/Test Suite Login">
      <properties>
         <property name="deviceName" value=""/>
         <property name="devicePlatform" value=""/>
         <property name="logFolder" value="G:\\Project Xsis\\batch-324-qa\\Riswan\\Cura Heroku App\\Reports\\20230825_091513\\Test Suite Login\\20230825_091513"/>
         <property name="logFiles" value="G:\\Project Xsis\\batch-324-qa\\Riswan\\Cura Heroku App\\Reports\\20230825_091513\\Test Suite Login\\20230825_091513\\execution0.log"/>
         <property name="attachments" value=""/>
         <property name="hostName" value="Admin - Riswandha"/>
         <property name="os" value="Windows 10 64bit"/>
         <property name="katalonVersion" value="8.6.5.208"/>
         <property name="browser" value="Edge Chromium 115"/>
         <property name="hostAddress" value="192.168.62.31"/>
         <property name="sessionId" value="740a48444f18c11e0f55e8108795a60a"/>
         <property name="seleniumVersion" value="3.141.59"/>
         <property name="proxyInformation" value="ProxyInformation { proxyOption=NO_PROXY, proxyServerType=HTTP, username=, password=********, proxyServerAddress=, proxyServerPort=0, executionList=&quot;&quot;, isApplyToDesiredCapabilities=true }"/>
         <property name="platform" value="Windows 10"/>
      </properties>
      <testcase name="Test Cases/Login/Test Case 1.1(Manual)" time="13.746" classname="Test Cases/Login/Test Case 1.1(Manual)" status="PASSED">
         <system-out><![CDATA[2023-08-25 09:15:23 - [TEST_CASE][PASSED] - Test Cases/Login/Test Case 1.1(Manual): Test Cases/Login/Test Case 1.1(Manual)

2023-08-25 09:15:23 - [TEST_STEP][PASSED] - openBrowser(WEB_URL): Browser is opened with url: 'https://katalon-demo-cura.herokuapp.com/'

2023-08-25 09:15:24 - [MESSAGE][INFO] - Starting 'Edge Chromium' driver

2023-08-25 09:15:26 - [MESSAGE][INFO] - Action delay is set to 0 milliseconds

2023-08-25 09:15:32 - [MESSAGE][PASSED] - Browser is opened with url: 'https://katalon-demo-cura.herokuapp.com/'

2023-08-25 09:15:32 - [TEST_STEP][PASSED] - verifyElementPresent(findTestObject("Login/Title_Home_Page"), 10): Object 'Object Repository/Login/Title_Home_Page' is present

2023-08-25 09:15:32 - [MESSAGE][PASSED] - Object 'Object Repository/Login/Title_Home_Page' is present

2023-08-25 09:15:32 - [TEST_STEP][PASSED] - click(findTestObject("Login/Menu Burger")): Object: 'Object Repository/Login/Menu Burger' is clicked on

2023-08-25 09:15:33 - [MESSAGE][PASSED] - Object: 'Object Repository/Login/Menu Burger' is clicked on

2023-08-25 09:15:33 - [TEST_STEP][PASSED] - click(findTestObject("Login/Menu Login")): Object: 'Object Repository/Login/Menu Login' is clicked on

2023-08-25 09:15:34 - [MESSAGE][PASSED] - Object: 'Object Repository/Login/Menu Login' is clicked on

2023-08-25 09:15:34 - [TEST_STEP][PASSED] - verifyElementPresent(findTestObject("Login/Title Login"), 10): Object 'Object Repository/Login/Title Login' is present

2023-08-25 09:15:34 - [MESSAGE][PASSED] - Object 'Object Repository/Login/Title Login' is present

2023-08-25 09:15:34 - [TEST_STEP][PASSED] - setText(findTestObject("Login/input_Username_Login"), username): Text 'John Doe' is set on object 'Object Repository/Login/input_Username_Login'

2023-08-25 09:15:35 - [MESSAGE][PASSED] - Text 'John Doe' is set on object 'Object Repository/Login/input_Username_Login'

2023-08-25 09:15:35 - [TEST_STEP][PASSED] - setEncryptedText(findTestObject("Login/input_Password_Login"), password): Text ****** has been set on object 'Object Repository/Login/input_Password_Login'

2023-08-25 09:15:35 - [MESSAGE][PASSED] - Text ****** has been set on object 'Object Repository/Login/input_Password_Login'

2023-08-25 09:15:35 - [TEST_STEP][PASSED] - click(findTestObject("Login/button_Login")): Object: 'Object Repository/Login/button_Login' is clicked on

2023-08-25 09:15:36 - [MESSAGE][PASSED] - Object: 'Object Repository/Login/button_Login' is clicked on

2023-08-25 09:15:36 - [TEST_STEP][PASSED] - verifyElementPresent(findTestObject("Login/Title_Make Appointment"), 10): Object 'Object Repository/Login/Title_Make Appointment' is present

2023-08-25 09:15:37 - [MESSAGE][PASSED] - Object 'Object Repository/Login/Title_Make Appointment' is present]]></system-out>
         <system-err><![CDATA[]]></system-err>
      </testcase>
      <testcase name="Test Cases/Login/Test Case 1.2" time="17.803" classname="Test Cases/Login/Test Case 1.2" status="PASSED">
         <system-out><![CDATA[2023-08-25 09:15:37 - [TEST_CASE][PASSED] - Test Cases/Login/Test Case 1.2: Test Cases/Login/Test Case 1.2

2023-08-25 09:15:37 - [TEST_STEP][PASSED] - openBrowser(WEB_URL): Browser is opened with url: 'https://katalon-demo-cura.herokuapp.com/'

2023-08-25 09:15:37 - [MESSAGE][WARNING] - A browser is already opened. Closing browser and opening a new one

2023-08-25 09:15:38 - [MESSAGE][INFO] - Starting 'Edge Chromium' driver

2023-08-25 09:15:40 - [MESSAGE][INFO] - Action delay is set to 0 milliseconds

2023-08-25 09:15:44 - [MESSAGE][PASSED] - Browser is opened with url: 'https://katalon-demo-cura.herokuapp.com/'

2023-08-25 09:15:44 - [TEST_STEP][PASSED] - maximizeWindow(): Current window maximized

2023-08-25 09:15:44 - [MESSAGE][PASSED] - Current window maximized

2023-08-25 09:15:44 - [TEST_STEP][PASSED] - verifyElementPresent(findTestObject("Login/Title_Home_Page"), 10): Object 'Object Repository/Login/Title_Home_Page' is present

2023-08-25 09:15:44 - [MESSAGE][PASSED] - Object 'Object Repository/Login/Title_Home_Page' is present

2023-08-25 09:15:44 - [TEST_STEP][PASSED] - click(findTestObject("Login/Menu Burger")): Object: 'Object Repository/Login/Menu Burger' is clicked on

2023-08-25 09:15:45 - [MESSAGE][PASSED] - Object: 'Object Repository/Login/Menu Burger' is clicked on

2023-08-25 09:15:45 - [TEST_STEP][PASSED] - click(findTestObject("Login/Menu Login")): Object: 'Object Repository/Login/Menu Login' is clicked on

2023-08-25 09:15:46 - [MESSAGE][PASSED] - Object: 'Object Repository/Login/Menu Login' is clicked on

2023-08-25 09:15:46 - [TEST_STEP][PASSED] - verifyElementPresent(findTestObject("Login/Title Login"), 10): Object 'Object Repository/Login/Title Login' is present

2023-08-25 09:15:46 - [MESSAGE][PASSED] - Object 'Object Repository/Login/Title Login' is present

2023-08-25 09:15:46 - [TEST_STEP][PASSED] - setText(findTestObject("Login/input_Username_Login"), username): Text 'username' is set on object 'Object Repository/Login/input_Username_Login'

2023-08-25 09:15:47 - [MESSAGE][PASSED] - Text 'username' is set on object 'Object Repository/Login/input_Username_Login'

2023-08-25 09:15:47 - [TEST_STEP][PASSED] - setEncryptedText(findTestObject("Login/input_Password_Login"), password): Text ****** has been set on object 'Object Repository/Login/input_Password_Login'

2023-08-25 09:15:47 - [MESSAGE][PASSED] - Text ****** has been set on object 'Object Repository/Login/input_Password_Login'

2023-08-25 09:15:47 - [TEST_STEP][PASSED] - click(findTestObject("Login/button_Login")): Object: 'Object Repository/Login/button_Login' is clicked on

2023-08-25 09:15:48 - [MESSAGE][PASSED] - Object: 'Object Repository/Login/button_Login' is clicked on

2023-08-25 09:15:48 - [TEST_STEP][PASSED] - verifyElementText(findTestObject("Login/Login Failed"), "Login failed! Please ensure the username and password are valid."): Actual text and expected text of test object 'Object Repository/Login/Login Failed' are matched.

2023-08-25 09:15:49 - [MESSAGE][PASSED] - Actual text and expected text of test object 'Object Repository/Login/Login Failed' are matched.

2023-08-25 09:15:49 - [TEST_STEP][PASSED] - delay(5): Delayed 5 second(s)

2023-08-25 09:15:54 - [MESSAGE][PASSED] - Delayed 5 second(s)

2023-08-25 09:15:54 - [TEST_STEP][PASSED] - closeBrowser(): Browser is closed

2023-08-25 09:15:55 - [MESSAGE][PASSED] - Browser is closed]]></system-out>
         <system-err><![CDATA[]]></system-err>
      </testcase>
      <system-out><![CDATA[2023-08-25 09:15:23 - [TEST_SUITE][PASSED] - Test Suite Login: Test Cases/Login/Test Case 1.2]]></system-out>
      <system-err><![CDATA[]]></system-err>
   </testsuite>
</testsuites>
