<?xml version="1.0" encoding="UTF-8"?>
<testsuites name="Test Suite Login" time="37.7" tests="2" failures="0" errors="0">
   <testsuite name="Test Suite Login" tests="2" failures="0" errors="0" time="37.7" skipped="0" timestamp="2023-08-25 09:15:26" hostname="Aslamadin Alvian Haz - DESKTOP-L5FUI4E" id="Test Suites/Test Suite Login">
      <properties>
         <property name="deviceName" value=""/>
         <property name="devicePlatform" value=""/>
         <property name="logFolder" value="C:\\Users\\Aslamadin Alvian Haz\\Documents\\Batch 324 QA XSIS Academy\\batch-324-qa\\Alvin\\New folder\\CuraHerokuApp\\Reports\\20230825_091514\\Test Suite Login\\20230825_091514"/>
         <property name="logFiles" value="C:\\Users\\Aslamadin Alvian Haz\\Documents\\Batch 324 QA XSIS Academy\\batch-324-qa\\Alvin\\New folder\\CuraHerokuApp\\Reports\\20230825_091514\\Test Suite Login\\20230825_091514\\execution0.log"/>
         <property name="attachments" value=""/>
         <property name="hostName" value="Aslamadin Alvian Haz - DESKTOP-L5FUI4E"/>
         <property name="os" value="Windows 10 64bit"/>
         <property name="katalonVersion" value="8.6.5.208"/>
         <property name="browser" value="Edge Chromium 116"/>
         <property name="hostAddress" value="192.168.137.64"/>
         <property name="sessionId" value="328f706b562aeb157cce9f0f6c4d2584"/>
         <property name="seleniumVersion" value="3.141.59"/>
         <property name="proxyInformation" value="ProxyInformation { proxyOption=NO_PROXY, proxyServerType=HTTP, username=, password=********, proxyServerAddress=, proxyServerPort=0, executionList=&quot;&quot;, isApplyToDesiredCapabilities=true }"/>
         <property name="platform" value="Windows 10"/>
      </properties>
      <testcase name="Test Cases/Login/Test Case 1.1 (Script)" time="21.166" classname="Test Cases/Login/Test Case 1.1 (Script)" status="PASSED">
         <system-out><![CDATA[2023-08-25 09:15:27 - [TEST_CASE][PASSED] - Test Cases/Login/Test Case 1.1 (Script): Test Cases/Login/Test Case 1.1 (Script)

2023-08-25 09:15:28 - [TEST_STEP][PASSED] - openBrowser("https://katalon-demo-cura.herokuapp.com/"): Browser is opened with url: 'https://katalon-demo-cura.herokuapp.com/'

2023-08-25 09:15:29 - [MESSAGE][INFO] - Starting 'Edge Chromium' driver

2023-08-25 09:15:32 - [MESSAGE][INFO] - Action delay is set to 0 milliseconds

2023-08-25 09:15:40 - [MESSAGE][PASSED] - Browser is opened with url: 'https://katalon-demo-cura.herokuapp.com/'

2023-08-25 09:15:40 - [TEST_STEP][PASSED] - maximizeWindow(): Current window maximized

2023-08-25 09:15:40 - [MESSAGE][PASSED] - Current window maximized

2023-08-25 09:15:40 - [TEST_STEP][PASSED] - verifyElementPresent(findTestObject("Object Repository/Objek untuk login/title_homepage"), 10): Object 'Object Repository/Objek untuk login/title_homepage' is present

2023-08-25 09:15:40 - [MESSAGE][PASSED] - Object 'Object Repository/Objek untuk login/title_homepage' is present

2023-08-25 09:15:40 - [TEST_STEP][PASSED] - click(findTestObject("Object Repository/Objek untuk login/menu_burger")): Object: 'Object Repository/Objek untuk login/menu_burger' is clicked on

2023-08-25 09:15:41 - [MESSAGE][PASSED] - Object: 'Object Repository/Objek untuk login/menu_burger' is clicked on

2023-08-25 09:15:41 - [TEST_STEP][PASSED] - click(findTestObject("Object Repository/Objek untuk login/menu_login")): Object: 'Object Repository/Objek untuk login/menu_login' is clicked on

2023-08-25 09:15:43 - [MESSAGE][PASSED] - Object: 'Object Repository/Objek untuk login/menu_login' is clicked on

2023-08-25 09:15:43 - [TEST_STEP][PASSED] - verifyElementPresent(findTestObject("Object Repository/Objek untuk login/verifikasi_masuk_halaman_login"), 10): Object 'Object Repository/Objek untuk login/verifikasi_masuk_halaman_login' is present

2023-08-25 09:15:43 - [MESSAGE][PASSED] - Object 'Object Repository/Objek untuk login/verifikasi_masuk_halaman_login' is present

2023-08-25 09:15:43 - [TEST_STEP][PASSED] - setText(findTestObject("Object Repository/Objek untuk login/input_form_username"), username): Text 'John Doe' is set on object 'Object Repository/Objek untuk login/input_form_username'

2023-08-25 09:15:44 - [MESSAGE][PASSED] - Text 'John Doe' is set on object 'Object Repository/Objek untuk login/input_form_username'

2023-08-25 09:15:44 - [TEST_STEP][PASSED] - setEncryptedText(findTestObject("Object Repository/Objek untuk login/input_form_password"), password): Text ****** has been set on object 'Object Repository/Objek untuk login/input_form_password'

2023-08-25 09:15:45 - [MESSAGE][PASSED] - Text ****** has been set on object 'Object Repository/Objek untuk login/input_form_password'

2023-08-25 09:15:45 - [TEST_STEP][PASSED] - click(findTestObject("Object Repository/Objek untuk login/button_form_Login")): Object: 'Object Repository/Objek untuk login/button_form_Login' is clicked on

2023-08-25 09:15:48 - [MESSAGE][PASSED] - Object: 'Object Repository/Objek untuk login/button_form_Login' is clicked on

2023-08-25 09:15:48 - [TEST_STEP][PASSED] - verifyElementPresent(findTestObject("Object Repository/Objek untuk login/title_make _appointment"), 10): Object 'Object Repository/Objek untuk login/title_make _appointment' is present

2023-08-25 09:15:48 - [MESSAGE][PASSED] - Object 'Object Repository/Objek untuk login/title_make _appointment' is present]]></system-out>
         <system-err><![CDATA[]]></system-err>
      </testcase>
      <testcase name="Test Cases/Login/Test Case 1.2 (Script)" time="15.84" classname="Test Cases/Login/Test Case 1.2 (Script)" status="PASSED">
         <system-out><![CDATA[2023-08-25 09:15:48 - [TEST_CASE][PASSED] - Test Cases/Login/Test Case 1.2 (Script): Test Cases/Login/Test Case 1.2 (Script)

2023-08-25 09:15:49 - [TEST_STEP][PASSED] - openBrowser(WEB_URL): Browser is opened with url: 'https://katalon-demo-cura.herokuapp.com/'

2023-08-25 09:15:49 - [MESSAGE][WARNING] - A browser is already opened. Closing browser and opening a new one

2023-08-25 09:15:50 - [MESSAGE][INFO] - Starting 'Edge Chromium' driver

2023-08-25 09:15:52 - [MESSAGE][INFO] - Action delay is set to 0 milliseconds

2023-08-25 09:15:57 - [MESSAGE][PASSED] - Browser is opened with url: 'https://katalon-demo-cura.herokuapp.com/'

2023-08-25 09:15:57 - [TEST_STEP][PASSED] - verifyElementPresent(findTestObject("Object Repository/Objek untuk login/title_homepage"), 10): Object 'Object Repository/Objek untuk login/title_homepage' is present

2023-08-25 09:15:58 - [MESSAGE][PASSED] - Object 'Object Repository/Objek untuk login/title_homepage' is present

2023-08-25 09:15:58 - [TEST_STEP][PASSED] - click(findTestObject("Object Repository/Objek untuk login/menu_burger")): Object: 'Object Repository/Objek untuk login/menu_burger' is clicked on

2023-08-25 09:15:58 - [MESSAGE][PASSED] - Object: 'Object Repository/Objek untuk login/menu_burger' is clicked on

2023-08-25 09:15:58 - [TEST_STEP][PASSED] - click(findTestObject("Object Repository/Objek untuk login/menu_login")): Object: 'Object Repository/Objek untuk login/menu_login' is clicked on

2023-08-25 09:16:00 - [MESSAGE][PASSED] - Object: 'Object Repository/Objek untuk login/menu_login' is clicked on

2023-08-25 09:16:00 - [TEST_STEP][PASSED] - verifyElementPresent(findTestObject("Object Repository/Objek untuk login/verifikasi_masuk_halaman_login"), 10): Object 'Object Repository/Objek untuk login/verifikasi_masuk_halaman_login' is present

2023-08-25 09:16:00 - [MESSAGE][PASSED] - Object 'Object Repository/Objek untuk login/verifikasi_masuk_halaman_login' is present

2023-08-25 09:16:00 - [TEST_STEP][PASSED] - setText(findTestObject("Object Repository/Objek untuk login/input_form_username"), username): Text 'John Doe' is set on object 'Object Repository/Objek untuk login/input_form_username'

2023-08-25 09:16:01 - [MESSAGE][PASSED] - Text 'John Doe' is set on object 'Object Repository/Objek untuk login/input_form_username'

2023-08-25 09:16:01 - [TEST_STEP][PASSED] - setEncryptedText(findTestObject("Object Repository/Objek untuk login/input_form_password"), password): Text ****** has been set on object 'Object Repository/Objek untuk login/input_form_password'

2023-08-25 09:16:02 - [MESSAGE][PASSED] - Text ****** has been set on object 'Object Repository/Objek untuk login/input_form_password'

2023-08-25 09:16:02 - [TEST_STEP][PASSED] - click(findTestObject("Object Repository/Objek untuk login/button_form_Login")): Object: 'Object Repository/Objek untuk login/button_form_Login' is clicked on

2023-08-25 09:16:03 - [MESSAGE][PASSED] - Object: 'Object Repository/Objek untuk login/button_form_Login' is clicked on

2023-08-25 09:16:03 - [TEST_STEP][PASSED] - verifyElementText(findTestObject("Object Repository/Objek untuk login/verifikasi_error_message_login"), error_message): Actual text and expected text of test object 'Object Repository/Objek untuk login/verifikasi_error_message_login' are matched.

2023-08-25 09:16:04 - [MESSAGE][PASSED] - Actual text and expected text of test object 'Object Repository/Objek untuk login/verifikasi_error_message_login' are matched.]]></system-out>
         <system-err><![CDATA[]]></system-err>
      </testcase>
      <system-out><![CDATA[2023-08-25 09:15:26 - [TEST_SUITE][PASSED] - Test Suite Login: Test Cases/Login/Test Case 1.2 (Script)]]></system-out>
      <system-err><![CDATA[]]></system-err>
   </testsuite>
</testsuites>
