<?xml version="1.0" encoding="UTF-8"?>
<testsuites name="Test Suite All TC" time="370.261" tests="31" failures="3" errors="0">
   <testsuite name="Test Suite All TC" tests="31" failures="3" errors="0" time="370.261" skipped="0" timestamp="2023-08-31 08:29:51" hostname="youha - LAPTOP-H03M84CI" id="Test Suites/Test Suite All TC">
      <properties>
         <property name="deviceName" value=""/>
         <property name="devicePlatform" value=""/>
         <property name="logFolder" value="C:\\Users\\youha\\OneDrive\\Desktop\\Batch 324\\Workspace\\batch-324-qa\\Trainer\\Sauce Demo\\Reports\\20230831_082945\\Test Suite All TC\\20230831_082945"/>
         <property name="logFiles" value="C:\\Users\\youha\\OneDrive\\Desktop\\Batch 324\\Workspace\\batch-324-qa\\Trainer\\Sauce Demo\\Reports\\20230831_082945\\Test Suite All TC\\20230831_082945\\execution0.log"/>
         <property name="attachments" value="C:\\Users\\youha\\OneDrive\\Desktop\\Batch 324\\Workspace\\batch-324-qa\\Trainer\\Sauce Demo\\Reports\\20230831_082945\\Test Suite All TC\\20230831_082945\\1693445406516.png, C:\\Users\\youha\\OneDrive\\Desktop\\Batch 324\\Workspace\\batch-324-qa\\Trainer\\Sauce Demo\\Reports\\20230831_082945\\Test Suite All TC\\20230831_082945\\1693445406632.png, C:\\Users\\youha\\OneDrive\\Desktop\\Batch 324\\Workspace\\batch-324-qa\\Trainer\\Sauce Demo\\Reports\\20230831_082945\\Test Suite All TC\\20230831_082945\\1693445480962.png, C:\\Users\\youha\\OneDrive\\Desktop\\Batch 324\\Workspace\\batch-324-qa\\Trainer\\Sauce Demo\\Reports\\20230831_082945\\Test Suite All TC\\20230831_082945\\1693445481073.png, C:\\Users\\youha\\OneDrive\\Desktop\\Batch 324\\Workspace\\batch-324-qa\\Trainer\\Sauce Demo\\Reports\\20230831_082945\\Test Suite All TC\\20230831_082945\\1693445680060.png, C:\\Users\\youha\\OneDrive\\Desktop\\Batch 324\\Workspace\\batch-324-qa\\Trainer\\Sauce Demo\\Reports\\20230831_082945\\Test Suite All TC\\20230831_082945\\1693445680156.png"/>
         <property name="hostName" value="youha - LAPTOP-H03M84CI"/>
         <property name="os" value="Windows 11 64bit"/>
         <property name="katalonVersion" value="8.6.5.208"/>
         <property name="browser" value="Edge Chromium 116"/>
         <property name="hostAddress" value="10.9.2.15"/>
         <property name="sessionId" value="03cbedc5ae70767c8b9863dd6a629565"/>
         <property name="seleniumVersion" value="3.141.59"/>
         <property name="proxyInformation" value="ProxyInformation { proxyOption=NO_PROXY, proxyServerType=HTTP, username=, password=********, proxyServerAddress=, proxyServerPort=0, executionList=&quot;&quot;, isApplyToDesiredCapabilities=true }"/>
         <property name="platform" value="Windows 11"/>
      </properties>
      <testcase name="Test Cases/Login/TC-Login-Failed-001" time="7.657" classname="Test Cases/Login/TC-Login-Failed-001" status="PASSED">
         <system-out><![CDATA[2023-08-31 08:29:52 - [TEST_CASE][PASSED] - Test Cases/Login/TC-Login-Failed-001: Test Cases/Login/TC-Login-Failed-001

2023-08-31 08:29:52 - [TEST_STEP][PASSED] - openBrowser(WEB_URL): Browser is opened with url: 'https://www.saucedemo.com/'

2023-08-31 08:29:52 - [MESSAGE][INFO] - Starting 'Edge Chromium' driver

2023-08-31 08:29:54 - [MESSAGE][INFO] - Action delay is set to 0 milliseconds

2023-08-31 08:29:57 - [MESSAGE][PASSED] - Browser is opened with url: 'https://www.saucedemo.com/'

2023-08-31 08:29:57 - [TEST_STEP][PASSED] - verifyElementPresent(findTestObject("Login Title Text"), 10): Object 'Object Repository/Login Title Text' is present

2023-08-31 08:29:57 - [MESSAGE][PASSED] - Object 'Object Repository/Login Title Text' is present

2023-08-31 08:29:57 - [TEST_STEP][PASSED] - setText(findTestObject("Login Input Username"), username): Text 'dianty' is set on object 'Object Repository/Login Input Username'

2023-08-31 08:29:58 - [MESSAGE][PASSED] - Text 'dianty' is set on object 'Object Repository/Login Input Username'

2023-08-31 08:29:58 - [TEST_STEP][PASSED] - setEncryptedText(findTestObject("Login Input Password"), password): Text ****** has been set on object 'Object Repository/Login Input Password'

2023-08-31 08:29:58 - [MESSAGE][PASSED] - Text ****** has been set on object 'Object Repository/Login Input Password'

2023-08-31 08:29:58 - [TEST_STEP][PASSED] - click(findTestObject("Login Button")): Object: 'Object Repository/Login Button' is clicked on

2023-08-31 08:29:59 - [MESSAGE][PASSED] - Object: 'Object Repository/Login Button' is clicked on

2023-08-31 08:29:59 - [TEST_STEP][PASSED] - verifyElementText(findTestObject("Login Error Message"), "Epic sadface: Username and password do not match any user in this service"): Actual text and expected text of test object 'Object Repository/Login Error Message' are matched.

2023-08-31 08:29:59 - [MESSAGE][PASSED] - Actual text and expected text of test object 'Object Repository/Login Error Message' are matched.]]></system-out>
         <system-err><![CDATA[]]></system-err>
      </testcase>
      <testcase name="Test Cases/Login/TC-Login-Failed-002" time="6.906" classname="Test Cases/Login/TC-Login-Failed-002" status="FAILED">
         <failure type="FAILED" message="Test Cases/Login/TC-Login-Failed-002 FAILED.
Reason:
com.kms.katalon.core.exception.StepFailedException: Verify element text of test object 'Object Repository/Login Error Message' FAILED.
	at com.kms.katalon.core.webui.keyword.internal.WebUIKeywordMain.stepFailed(WebUIKeywordMain.groovy:64)
	at com.kms.katalon.core.webui.keyword.internal.WebUIKeywordMain.runKeyword(WebUIKeywordMain.groovy:26)
	at com.kms.katalon.core.webui.keyword.builtin.VerifyElementTextKeyword.verifyElementText(VerifyElementTextKeyword.groovy:72)
	at com.kms.katalon.core.webui.keyword.builtin.VerifyElementTextKeyword.execute(VerifyElementTextKeyword.groovy:40)
	at com.kms.katalon.core.keyword.internal.KeywordExecutor.executeKeywordForPlatform(KeywordExecutor.groovy:74)
	at com.kms.katalon.core.webui.keyword.WebUiBuiltInKeywords.verifyElementText(WebUiBuiltInKeywords.groovy:4749)
	at com.kms.katalon.core.webui.keyword.WebUiBuiltInKeywords$verifyElementText$4.call(Unknown Source)
	at TC-Login-Failed-002.run(TC-Login-Failed-002:26)
	at com.kms.katalon.core.main.ScriptEngine.run(ScriptEngine.java:194)
	at com.kms.katalon.core.main.ScriptEngine.runScriptAsRawText(ScriptEngine.java:119)
	at com.kms.katalon.core.main.TestCaseExecutor.runScript(TestCaseExecutor.java:448)
	at com.kms.katalon.core.main.TestCaseExecutor.doExecute(TestCaseExecutor.java:439)
	at com.kms.katalon.core.main.TestCaseExecutor.processExecutionPhase(TestCaseExecutor.java:418)
	at com.kms.katalon.core.main.TestCaseExecutor.accessMainPhase(TestCaseExecutor.java:410)
	at com.kms.katalon.core.main.TestCaseExecutor.execute(TestCaseExecutor.java:285)
	at com.kms.katalon.core.common.CommonExecutor.accessTestCaseMainPhase(CommonExecutor.java:65)
	at com.kms.katalon.core.main.TestSuiteExecutor.accessTestSuiteMainPhase(TestSuiteExecutor.java:148)
	at com.kms.katalon.core.main.TestSuiteExecutor.execute(TestSuiteExecutor.java:106)
	at com.kms.katalon.core.main.TestCaseMain.startTestSuite(TestCaseMain.java:187)
	at com.kms.katalon.core.main.TestCaseMain$startTestSuite$0.call(Unknown Source)
	at TempTestSuite1693445385268.run(TempTestSuite1693445385268.groovy:36)
Caused by: com.kms.katalon.core.exception.StepFailedException: Actual text 'Epic sadface: Password is required' and expected text 'Login failed! Please ensure the password are valid.' of test object 'Object Repository/Login Error Message' are NOT matched.
	at com.kms.katalon.core.webui.keyword.internal.WebUIKeywordMain.stepFailed(WebUIKeywordMain.groovy:64)
	at com.kms.katalon.core.webui.keyword.builtin.VerifyElementTextKeyword$_verifyElementText_closure1.doCall(VerifyElementTextKeyword.groovy:57)
	at com.kms.katalon.core.webui.keyword.builtin.VerifyElementTextKeyword$_verifyElementText_closure1.call(VerifyElementTextKeyword.groovy)
	at com.kms.katalon.core.webui.keyword.internal.WebUIKeywordMain.runKeyword(WebUIKeywordMain.groovy:20)
	... 19 more
"/>
         <system-out><![CDATA[2023-08-31 08:29:59 - [TEST_CASE][FAILED] - Test Cases/Login/TC-Login-Failed-002: Test Cases/Login/TC-Login-Failed-002 FAILED.
Reason:
com.kms.katalon.core.exception.StepFailedException: Verify element text of test object 'Object Repository/Login Error Message' FAILED.
	at com.kms.katalon.core.webui.keyword.internal.WebUIKeywordMain.stepFailed(WebUIKeywordMain.groovy:64)
	at com.kms.katalon.core.webui.keyword.internal.WebUIKeywordMain.runKeyword(WebUIKeywordMain.groovy:26)
	at com.kms.katalon.core.webui.keyword.builtin.VerifyElementTextKeyword.verifyElementText(VerifyElementTextKeyword.groovy:72)
	at com.kms.katalon.core.webui.keyword.builtin.VerifyElementTextKeyword.execute(VerifyElementTextKeyword.groovy:40)
	at com.kms.katalon.core.keyword.internal.KeywordExecutor.executeKeywordForPlatform(KeywordExecutor.groovy:74)
	at com.kms.katalon.core.webui.keyword.WebUiBuiltInKeywords.verifyElementText(WebUiBuiltInKeywords.groovy:4749)
	at com.kms.katalon.core.webui.keyword.WebUiBuiltInKeywords$verifyElementText$4.call(Unknown Source)
	at TC-Login-Failed-002.run(TC-Login-Failed-002:26)
	at com.kms.katalon.core.main.ScriptEngine.run(ScriptEngine.java:194)
	at com.kms.katalon.core.main.ScriptEngine.runScriptAsRawText(ScriptEngine.java:119)
	at com.kms.katalon.core.main.TestCaseExecutor.runScript(TestCaseExecutor.java:448)
	at com.kms.katalon.core.main.TestCaseExecutor.doExecute(TestCaseExecutor.java:439)
	at com.kms.katalon.core.main.TestCaseExecutor.processExecutionPhase(TestCaseExecutor.java:418)
	at com.kms.katalon.core.main.TestCaseExecutor.accessMainPhase(TestCaseExecutor.java:410)
	at com.kms.katalon.core.main.TestCaseExecutor.execute(TestCaseExecutor.java:285)
	at com.kms.katalon.core.common.CommonExecutor.accessTestCaseMainPhase(CommonExecutor.java:65)
	at com.kms.katalon.core.main.TestSuiteExecutor.accessTestSuiteMainPhase(TestSuiteExecutor.java:148)
	at com.kms.katalon.core.main.TestSuiteExecutor.execute(TestSuiteExecutor.java:106)
	at com.kms.katalon.core.main.TestCaseMain.startTestSuite(TestCaseMain.java:187)
	at com.kms.katalon.core.main.TestCaseMain$startTestSuite$0.call(Unknown Source)
	at TempTestSuite1693445385268.run(TempTestSuite1693445385268.groovy:36)
Caused by: com.kms.katalon.core.exception.StepFailedException: Actual text 'Epic sadface: Password is required' and expected text 'Login failed! Please ensure the password are valid.' of test object 'Object Repository/Login Error Message' are NOT matched.
	at com.kms.katalon.core.webui.keyword.internal.WebUIKeywordMain.stepFailed(WebUIKeywordMain.groovy:64)
	at com.kms.katalon.core.webui.keyword.builtin.VerifyElementTextKeyword$_verifyElementText_closure1.doCall(VerifyElementTextKeyword.groovy:57)
	at com.kms.katalon.core.webui.keyword.builtin.VerifyElementTextKeyword$_verifyElementText_closure1.call(VerifyElementTextKeyword.groovy)
	at com.kms.katalon.core.webui.keyword.internal.WebUIKeywordMain.runKeyword(WebUIKeywordMain.groovy:20)
	... 19 more


2023-08-31 08:29:59 - [TEST_STEP][PASSED] - openBrowser(WEB_URL): Browser is opened with url: 'https://www.saucedemo.com/'

2023-08-31 08:30:00 - [MESSAGE][WARNING] - A browser is already opened. Closing browser and opening a new one

2023-08-31 08:30:00 - [MESSAGE][INFO] - Starting 'Edge Chromium' driver

2023-08-31 08:30:02 - [MESSAGE][INFO] - Action delay is set to 0 milliseconds

2023-08-31 08:30:04 - [MESSAGE][PASSED] - Browser is opened with url: 'https://www.saucedemo.com/'

2023-08-31 08:30:04 - [TEST_STEP][PASSED] - setText(findTestObject("Login Input Username"), username): Text 'locked_out_user' is set on object 'Object Repository/Login Input Username'

2023-08-31 08:30:05 - [MESSAGE][PASSED] - Text 'locked_out_user' is set on object 'Object Repository/Login Input Username'

2023-08-31 08:30:05 - [TEST_STEP][PASSED] - click(findTestObject("Login Button")): Object: 'Object Repository/Login Button' is clicked on

2023-08-31 08:30:05 - [MESSAGE][PASSED] - Object: 'Object Repository/Login Button' is clicked on

2023-08-31 08:30:05 - [TEST_STEP][FAILED] - verifyElementText(findTestObject("Login Error Message"), "Login failed! Please ensure the password are valid."): Verify element text of test object 'Object Repository/Login Error Message' FAILED. (Root cause: com.kms.katalon.core.exception.StepFailedException: Verify element text of test object 'Object Repository/Login Error Message' FAILED.
	at com.kms.katalon.core.webui.keyword.internal.WebUIKeywordMain.stepFailed(WebUIKeywordMain.groovy:64)
	at com.kms.katalon.core.webui.keyword.internal.WebUIKeywordMain.runKeyword(WebUIKeywordMain.groovy:26)
	at com.kms.katalon.core.webui.keyword.builtin.VerifyElementTextKeyword.verifyElementText(VerifyElementTextKeyword.groovy:72)
	at com.kms.katalon.core.webui.keyword.builtin.VerifyElementTextKeyword.execute(VerifyElementTextKeyword.groovy:40)
	at com.kms.katalon.core.keyword.internal.KeywordExecutor.executeKeywordForPlatform(KeywordExecutor.groovy:74)
	at com.kms.katalon.core.webui.keyword.WebUiBuiltInKeywords.verifyElementText(WebUiBuiltInKeywords.groovy:4749)
	at com.kms.katalon.core.webui.keyword.WebUiBuiltInKeywords$verifyElementText$4.call(Unknown Source)
	at TC-Login-Failed-002.run(TC-Login-Failed-002:26)
	at com.kms.katalon.core.main.ScriptEngine.run(ScriptEngine.java:194)
	at com.kms.katalon.core.main.ScriptEngine.runScriptAsRawText(ScriptEngine.java:119)
	at com.kms.katalon.core.main.TestCaseExecutor.runScript(TestCaseExecutor.java:448)
	at com.kms.katalon.core.main.TestCaseExecutor.doExecute(TestCaseExecutor.java:439)
	at com.kms.katalon.core.main.TestCaseExecutor.processExecutionPhase(TestCaseExecutor.java:418)
	at com.kms.katalon.core.main.TestCaseExecutor.accessMainPhase(TestCaseExecutor.java:410)
	at com.kms.katalon.core.main.TestCaseExecutor.execute(TestCaseExecutor.java:285)
	at com.kms.katalon.core.common.CommonExecutor.accessTestCaseMainPhase(CommonExecutor.java:65)
	at com.kms.katalon.core.main.TestSuiteExecutor.accessTestSuiteMainPhase(TestSuiteExecutor.java:148)
	at com.kms.katalon.core.main.TestSuiteExecutor.execute(TestSuiteExecutor.java:106)
	at com.kms.katalon.core.main.TestCaseMain.startTestSuite(TestCaseMain.java:187)
	at com.kms.katalon.core.main.TestCaseMain$startTestSuite$0.call(Unknown Source)
	at TempTestSuite1693445385268.run(TempTestSuite1693445385268.groovy:36)
Caused by: com.kms.katalon.core.exception.StepFailedException: Actual text 'Epic sadface: Password is required' and expected text 'Login failed! Please ensure the password are valid.' of test object 'Object Repository/Login Error Message' are NOT matched.
	at com.kms.katalon.core.webui.keyword.internal.WebUIKeywordMain.stepFailed(WebUIKeywordMain.groovy:64)
	at com.kms.katalon.core.webui.keyword.builtin.VerifyElementTextKeyword$_verifyElementText_closure1.doCall(VerifyElementTextKeyword.groovy:57)
	at com.kms.katalon.core.webui.keyword.builtin.VerifyElementTextKeyword$_verifyElementText_closure1.call(VerifyElementTextKeyword.groovy)
	at com.kms.katalon.core.webui.keyword.internal.WebUIKeywordMain.runKeyword(WebUIKeywordMain.groovy:20)
	... 19 more
)

2023-08-31 08:30:06 - [MESSAGE][FAILED] - Actual text 'Epic sadface: Password is required' and expected text 'Login failed! Please ensure the password are valid.' of test object 'Object Repository/Login Error Message' are NOT matched. (Root cause: com.kms.katalon.core.exception.StepFailedException: Actual text 'Epic sadface: Password is required' and expected text 'Login failed! Please ensure the password are valid.' of test object 'Object Repository/Login Error Message' are NOT matched.
	at com.kms.katalon.core.webui.keyword.internal.WebUIKeywordMain.stepFailed(WebUIKeywordMain.groovy:64)
	at com.kms.katalon.core.webui.keyword.builtin.VerifyElementTextKeyword$_verifyElementText_closure1.doCall(VerifyElementTextKeyword.groovy:57)
	at com.kms.katalon.core.webui.keyword.builtin.VerifyElementTextKeyword$_verifyElementText_closure1.call(VerifyElementTextKeyword.groovy)
	at com.kms.katalon.core.webui.keyword.internal.WebUIKeywordMain.runKeyword(WebUIKeywordMain.groovy:20)
	at com.kms.katalon.core.webui.keyword.builtin.VerifyElementTextKeyword.verifyElementText(VerifyElementTextKeyword.groovy:72)
	at com.kms.katalon.core.webui.keyword.builtin.VerifyElementTextKeyword.execute(VerifyElementTextKeyword.groovy:40)
	at com.kms.katalon.core.keyword.internal.KeywordExecutor.executeKeywordForPlatform(KeywordExecutor.groovy:74)
	at com.kms.katalon.core.webui.keyword.WebUiBuiltInKeywords.verifyElementText(WebUiBuiltInKeywords.groovy:4749)
	at com.kms.katalon.core.webui.keyword.WebUiBuiltInKeywords$verifyElementText$4.call(Unknown Source)
	at TC-Login-Failed-002.run(TC-Login-Failed-002:26)
	at com.kms.katalon.core.main.ScriptEngine.run(ScriptEngine.java:194)
	at com.kms.katalon.core.main.ScriptEngine.runScriptAsRawText(ScriptEngine.java:119)
	at com.kms.katalon.core.main.TestCaseExecutor.runScript(TestCaseExecutor.java:448)
	at com.kms.katalon.core.main.TestCaseExecutor.doExecute(TestCaseExecutor.java:439)
	at com.kms.katalon.core.main.TestCaseExecutor.processExecutionPhase(TestCaseExecutor.java:418)
	at com.kms.katalon.core.main.TestCaseExecutor.accessMainPhase(TestCaseExecutor.java:410)
	at com.kms.katalon.core.main.TestCaseExecutor.execute(TestCaseExecutor.java:285)
	at com.kms.katalon.core.common.CommonExecutor.accessTestCaseMainPhase(CommonExecutor.java:65)
	at com.kms.katalon.core.main.TestSuiteExecutor.accessTestSuiteMainPhase(TestSuiteExecutor.java:148)
	at com.kms.katalon.core.main.TestSuiteExecutor.execute(TestSuiteExecutor.java:106)
	at com.kms.katalon.core.main.TestCaseMain.startTestSuite(TestCaseMain.java:187)
	at com.kms.katalon.core.main.TestCaseMain$startTestSuite$0.call(Unknown Source)
	at TempTestSuite1693445385268.run(TempTestSuite1693445385268.groovy:36)
)
[[ATTACHMENT|C:\\Users\\youha\\OneDrive\\Desktop\\Batch 324\\Workspace\\batch-324-qa\\Trainer\\Sauce Demo\\Reports\\20230831_082945\\Test Suite All TC\\20230831_082945\\1693445406516.png]]

2023-08-31 08:30:06 - [MESSAGE][FAILED] - Verify element text of test object 'Object Repository/Login Error Message' FAILED. (Root cause: com.kms.katalon.core.exception.StepFailedException: Verify element text of test object 'Object Repository/Login Error Message' FAILED.
	at com.kms.katalon.core.webui.keyword.internal.WebUIKeywordMain.stepFailed(WebUIKeywordMain.groovy:64)
	at com.kms.katalon.core.webui.keyword.internal.WebUIKeywordMain.runKeyword(WebUIKeywordMain.groovy:26)
	at com.kms.katalon.core.webui.keyword.builtin.VerifyElementTextKeyword.verifyElementText(VerifyElementTextKeyword.groovy:72)
	at com.kms.katalon.core.webui.keyword.builtin.VerifyElementTextKeyword.execute(VerifyElementTextKeyword.groovy:40)
	at com.kms.katalon.core.keyword.internal.KeywordExecutor.executeKeywordForPlatform(KeywordExecutor.groovy:74)
	at com.kms.katalon.core.webui.keyword.WebUiBuiltInKeywords.verifyElementText(WebUiBuiltInKeywords.groovy:4749)
	at com.kms.katalon.core.webui.keyword.WebUiBuiltInKeywords$verifyElementText$4.call(Unknown Source)
	at TC-Login-Failed-002.run(TC-Login-Failed-002:26)
	at com.kms.katalon.core.main.ScriptEngine.run(ScriptEngine.java:194)
	at com.kms.katalon.core.main.ScriptEngine.runScriptAsRawText(ScriptEngine.java:119)
	at com.kms.katalon.core.main.TestCaseExecutor.runScript(TestCaseExecutor.java:448)
	at com.kms.katalon.core.main.TestCaseExecutor.doExecute(TestCaseExecutor.java:439)
	at com.kms.katalon.core.main.TestCaseExecutor.processExecutionPhase(TestCaseExecutor.java:418)
	at com.kms.katalon.core.main.TestCaseExecutor.accessMainPhase(TestCaseExecutor.java:410)
	at com.kms.katalon.core.main.TestCaseExecutor.execute(TestCaseExecutor.java:285)
	at com.kms.katalon.core.common.CommonExecutor.accessTestCaseMainPhase(CommonExecutor.java:65)
	at com.kms.katalon.core.main.TestSuiteExecutor.accessTestSuiteMainPhase(TestSuiteExecutor.java:148)
	at com.kms.katalon.core.main.TestSuiteExecutor.execute(TestSuiteExecutor.java:106)
	at com.kms.katalon.core.main.TestCaseMain.startTestSuite(TestCaseMain.java:187)
	at com.kms.katalon.core.main.TestCaseMain$startTestSuite$0.call(Unknown Source)
	at TempTestSuite1693445385268.run(TempTestSuite1693445385268.groovy:36)
Caused by: com.kms.katalon.core.exception.StepFailedException: Actual text 'Epic sadface: Password is required' and expected text 'Login failed! Please ensure the password are valid.' of test object 'Object Repository/Login Error Message' are NOT matched.
	at com.kms.katalon.core.webui.keyword.internal.WebUIKeywordMain.stepFailed(WebUIKeywordMain.groovy:64)
	at com.kms.katalon.core.webui.keyword.builtin.VerifyElementTextKeyword$_verifyElementText_closure1.doCall(VerifyElementTextKeyword.groovy:57)
	at com.kms.katalon.core.webui.keyword.builtin.VerifyElementTextKeyword$_verifyElementText_closure1.call(VerifyElementTextKeyword.groovy)
	at com.kms.katalon.core.webui.keyword.internal.WebUIKeywordMain.runKeyword(WebUIKeywordMain.groovy:20)
	... 19 more
)
[[ATTACHMENT|C:\\Users\\youha\\OneDrive\\Desktop\\Batch 324\\Workspace\\batch-324-qa\\Trainer\\Sauce Demo\\Reports\\20230831_082945\\Test Suite All TC\\20230831_082945\\1693445406632.png]]]]></system-out>
         <system-err><![CDATA[2023-08-31 08:29:59 - [TEST_CASE][FAILED] - Test Cases/Login/TC-Login-Failed-002: Test Cases/Login/TC-Login-Failed-002 FAILED.
Reason:
com.kms.katalon.core.exception.StepFailedException: Verify element text of test object 'Object Repository/Login Error Message' FAILED.
	at com.kms.katalon.core.webui.keyword.internal.WebUIKeywordMain.stepFailed(WebUIKeywordMain.groovy:64)
	at com.kms.katalon.core.webui.keyword.internal.WebUIKeywordMain.runKeyword(WebUIKeywordMain.groovy:26)
	at com.kms.katalon.core.webui.keyword.builtin.VerifyElementTextKeyword.verifyElementText(VerifyElementTextKeyword.groovy:72)
	at com.kms.katalon.core.webui.keyword.builtin.VerifyElementTextKeyword.execute(VerifyElementTextKeyword.groovy:40)
	at com.kms.katalon.core.keyword.internal.KeywordExecutor.executeKeywordForPlatform(KeywordExecutor.groovy:74)
	at com.kms.katalon.core.webui.keyword.WebUiBuiltInKeywords.verifyElementText(WebUiBuiltInKeywords.groovy:4749)
	at com.kms.katalon.core.webui.keyword.WebUiBuiltInKeywords$verifyElementText$4.call(Unknown Source)
	at TC-Login-Failed-002.run(TC-Login-Failed-002:26)
	at com.kms.katalon.core.main.ScriptEngine.run(ScriptEngine.java:194)
	at com.kms.katalon.core.main.ScriptEngine.runScriptAsRawText(ScriptEngine.java:119)
	at com.kms.katalon.core.main.TestCaseExecutor.runScript(TestCaseExecutor.java:448)
	at com.kms.katalon.core.main.TestCaseExecutor.doExecute(TestCaseExecutor.java:439)
	at com.kms.katalon.core.main.TestCaseExecutor.processExecutionPhase(TestCaseExecutor.java:418)
	at com.kms.katalon.core.main.TestCaseExecutor.accessMainPhase(TestCaseExecutor.java:410)
	at com.kms.katalon.core.main.TestCaseExecutor.execute(TestCaseExecutor.java:285)
	at com.kms.katalon.core.common.CommonExecutor.accessTestCaseMainPhase(CommonExecutor.java:65)
	at com.kms.katalon.core.main.TestSuiteExecutor.accessTestSuiteMainPhase(TestSuiteExecutor.java:148)
	at com.kms.katalon.core.main.TestSuiteExecutor.execute(TestSuiteExecutor.java:106)
	at com.kms.katalon.core.main.TestCaseMain.startTestSuite(TestCaseMain.java:187)
	at com.kms.katalon.core.main.TestCaseMain$startTestSuite$0.call(Unknown Source)
	at TempTestSuite1693445385268.run(TempTestSuite1693445385268.groovy:36)
Caused by: com.kms.katalon.core.exception.StepFailedException: Actual text 'Epic sadface: Password is required' and expected text 'Login failed! Please ensure the password are valid.' of test object 'Object Repository/Login Error Message' are NOT matched.
	at com.kms.katalon.core.webui.keyword.internal.WebUIKeywordMain.stepFailed(WebUIKeywordMain.groovy:64)
	at com.kms.katalon.core.webui.keyword.builtin.VerifyElementTextKeyword$_verifyElementText_closure1.doCall(VerifyElementTextKeyword.groovy:57)
	at com.kms.katalon.core.webui.keyword.builtin.VerifyElementTextKeyword$_verifyElementText_closure1.call(VerifyElementTextKeyword.groovy)
	at com.kms.katalon.core.webui.keyword.internal.WebUIKeywordMain.runKeyword(WebUIKeywordMain.groovy:20)
	... 19 more]]></system-err>
      </testcase>
      <testcase name="Test Cases/Login/TC-Login-Failed-003" time="7.035" classname="Test Cases/Login/TC-Login-Failed-003" status="PASSED">
         <system-out><![CDATA[2023-08-31 08:30:06 - [TEST_CASE][PASSED] - Test Cases/Login/TC-Login-Failed-003: Test Cases/Login/TC-Login-Failed-003

2023-08-31 08:30:06 - [TEST_STEP][PASSED] - openBrowser(WEB_URL): Browser is opened with url: 'https://www.saucedemo.com/'

2023-08-31 08:30:06 - [MESSAGE][WARNING] - A browser is already opened. Closing browser and opening a new one

2023-08-31 08:30:07 - [MESSAGE][INFO] - Starting 'Edge Chromium' driver

2023-08-31 08:30:09 - [MESSAGE][INFO] - Action delay is set to 0 milliseconds

2023-08-31 08:30:12 - [MESSAGE][PASSED] - Browser is opened with url: 'https://www.saucedemo.com/'

2023-08-31 08:30:12 - [TEST_STEP][PASSED] - verifyElementPresent(findTestObject("Login Title Text"), 10): Object 'Object Repository/Login Title Text' is present

2023-08-31 08:30:12 - [MESSAGE][PASSED] - Object 'Object Repository/Login Title Text' is present

2023-08-31 08:30:12 - [TEST_STEP][PASSED] - setEncryptedText(findTestObject("Login Input Password"), password): Text ****** has been set on object 'Object Repository/Login Input Password'

2023-08-31 08:30:12 - [MESSAGE][PASSED] - Text ****** has been set on object 'Object Repository/Login Input Password'

2023-08-31 08:30:12 - [TEST_STEP][PASSED] - click(findTestObject("Login Button")): Object: 'Object Repository/Login Button' is clicked on

2023-08-31 08:30:13 - [MESSAGE][PASSED] - Object: 'Object Repository/Login Button' is clicked on

2023-08-31 08:30:13 - [TEST_STEP][PASSED] - verifyElementText(findTestObject("Login Error Message"), "Epic sadface: Username is required"): Actual text and expected text of test object 'Object Repository/Login Error Message' are matched.

2023-08-31 08:30:13 - [MESSAGE][PASSED] - Actual text and expected text of test object 'Object Repository/Login Error Message' are matched.]]></system-out>
         <system-err><![CDATA[]]></system-err>
      </testcase>
      <testcase name="Test Cases/Login/TC-Login-Failed-004" time="6.304" classname="Test Cases/Login/TC-Login-Failed-004" status="PASSED">
         <system-out><![CDATA[2023-08-31 08:30:13 - [TEST_CASE][PASSED] - Test Cases/Login/TC-Login-Failed-004: Test Cases/Login/TC-Login-Failed-004

2023-08-31 08:30:14 - [TEST_STEP][PASSED] - openBrowser(WEB_URL): Browser is opened with url: 'https://www.saucedemo.com/'

2023-08-31 08:30:14 - [MESSAGE][WARNING] - A browser is already opened. Closing browser and opening a new one

2023-08-31 08:30:14 - [MESSAGE][INFO] - Starting 'Edge Chromium' driver

2023-08-31 08:30:16 - [MESSAGE][INFO] - Action delay is set to 0 milliseconds

2023-08-31 08:30:18 - [MESSAGE][PASSED] - Browser is opened with url: 'https://www.saucedemo.com/'

2023-08-31 08:30:18 - [TEST_STEP][PASSED] - verifyElementPresent(findTestObject("Login Title Text"), 10): Object 'Object Repository/Login Title Text' is present

2023-08-31 08:30:19 - [MESSAGE][PASSED] - Object 'Object Repository/Login Title Text' is present

2023-08-31 08:30:19 - [TEST_STEP][PASSED] - click(findTestObject("Login Button")): Object: 'Object Repository/Login Button' is clicked on

2023-08-31 08:30:19 - [MESSAGE][PASSED] - Object: 'Object Repository/Login Button' is clicked on

2023-08-31 08:30:19 - [TEST_STEP][PASSED] - verifyElementText(findTestObject("Login Error Message"), "Epic sadface: Username is required"): Actual text and expected text of test object 'Object Repository/Login Error Message' are matched.

2023-08-31 08:30:20 - [MESSAGE][PASSED] - Actual text and expected text of test object 'Object Repository/Login Error Message' are matched.]]></system-out>
         <system-err><![CDATA[]]></system-err>
      </testcase>
      <testcase name="Test Cases/Login/TC-Login-Locked-001" time="7.432" classname="Test Cases/Login/TC-Login-Locked-001" status="PASSED">
         <system-out><![CDATA[2023-08-31 08:30:20 - [TEST_CASE][PASSED] - Test Cases/Login/TC-Login-Locked-001: Test Cases/Login/TC-Login-Locked-001

2023-08-31 08:30:20 - [TEST_STEP][PASSED] - openBrowser(WEB_URL): Browser is opened with url: 'https://www.saucedemo.com/'

2023-08-31 08:30:20 - [MESSAGE][WARNING] - A browser is already opened. Closing browser and opening a new one

2023-08-31 08:30:20 - [MESSAGE][INFO] - Starting 'Edge Chromium' driver

2023-08-31 08:30:23 - [MESSAGE][INFO] - Action delay is set to 0 milliseconds

2023-08-31 08:30:25 - [MESSAGE][PASSED] - Browser is opened with url: 'https://www.saucedemo.com/'

2023-08-31 08:30:25 - [TEST_STEP][PASSED] - verifyElementPresent(findTestObject("Login Title Text"), 0): Object 'Object Repository/Login Title Text' is present

2023-08-31 08:30:25 - [MESSAGE][WARNING] - Timeout '0' is invalid. Using default page load timeout: '30'

2023-08-31 08:30:25 - [MESSAGE][PASSED] - Object 'Object Repository/Login Title Text' is present

2023-08-31 08:30:25 - [TEST_STEP][PASSED] - setText(findTestObject("Login Input Username"), username): Text 'locked_out_user' is set on object 'Object Repository/Login Input Username'

2023-08-31 08:30:26 - [MESSAGE][PASSED] - Text 'locked_out_user' is set on object 'Object Repository/Login Input Username'

2023-08-31 08:30:26 - [TEST_STEP][PASSED] - setEncryptedText(findTestObject("Login Input Password"), password): Text ****** has been set on object 'Object Repository/Login Input Password'

2023-08-31 08:30:26 - [MESSAGE][PASSED] - Text ****** has been set on object 'Object Repository/Login Input Password'

2023-08-31 08:30:26 - [TEST_STEP][PASSED] - click(findTestObject("Login Button")): Object: 'Object Repository/Login Button' is clicked on

2023-08-31 08:30:27 - [MESSAGE][PASSED] - Object: 'Object Repository/Login Button' is clicked on

2023-08-31 08:30:27 - [TEST_STEP][PASSED] - verifyElementText(findTestObject("Login Error Message"), "Epic sadface: Sorry, this user has been locked out."): Actual text and expected text of test object 'Object Repository/Login Error Message' are matched.

2023-08-31 08:30:27 - [MESSAGE][PASSED] - Actual text and expected text of test object 'Object Repository/Login Error Message' are matched.]]></system-out>
         <system-err><![CDATA[]]></system-err>
      </testcase>
      <testcase name="Test Cases/Login/TC-Login-Success-001" time="7.507" classname="Test Cases/Login/TC-Login-Success-001" status="PASSED">
         <system-out><![CDATA[2023-08-31 08:30:27 - [TEST_CASE][PASSED] - Test Cases/Login/TC-Login-Success-001: Test Cases/Login/TC-Login-Success-001

2023-08-31 08:30:27 - [TEST_STEP][PASSED] - openBrowser(WEB_URL): Browser is opened with url: 'https://www.saucedemo.com/'

2023-08-31 08:30:27 - [MESSAGE][WARNING] - A browser is already opened. Closing browser and opening a new one

2023-08-31 08:30:28 - [MESSAGE][INFO] - Starting 'Edge Chromium' driver

2023-08-31 08:30:30 - [MESSAGE][INFO] - Action delay is set to 0 milliseconds

2023-08-31 08:30:32 - [MESSAGE][PASSED] - Browser is opened with url: 'https://www.saucedemo.com/'

2023-08-31 08:30:32 - [TEST_STEP][PASSED] - verifyElementPresent(findTestObject("Login Title Text"), 10): Object 'Object Repository/Login Title Text' is present

2023-08-31 08:30:33 - [MESSAGE][PASSED] - Object 'Object Repository/Login Title Text' is present

2023-08-31 08:30:33 - [TEST_STEP][PASSED] - setText(findTestObject("Login Input Username"), username): Text 'standard_user' is set on object 'Object Repository/Login Input Username'

2023-08-31 08:30:33 - [MESSAGE][PASSED] - Text 'standard_user' is set on object 'Object Repository/Login Input Username'

2023-08-31 08:30:33 - [TEST_STEP][PASSED] - setEncryptedText(findTestObject("Login Input Password"), password): Text ****** has been set on object 'Object Repository/Login Input Password'

2023-08-31 08:30:34 - [MESSAGE][PASSED] - Text ****** has been set on object 'Object Repository/Login Input Password'

2023-08-31 08:30:34 - [TEST_STEP][PASSED] - click(findTestObject("Login Button")): Object: 'Object Repository/Login Button' is clicked on

2023-08-31 08:30:34 - [MESSAGE][PASSED] - Object: 'Object Repository/Login Button' is clicked on

2023-08-31 08:30:34 - [TEST_STEP][PASSED] - verifyElementPresent(findTestObject("Product Title Text"), 10): Object 'Object Repository/Product Title Text' is present

2023-08-31 08:30:34 - [MESSAGE][PASSED] - Object 'Object Repository/Product Title Text' is present]]></system-out>
         <system-err><![CDATA[]]></system-err>
      </testcase>
      <testcase name="Test Cases/Products/TC-Product-AddCart-001" time="10.47" classname="Test Cases/Products/TC-Product-AddCart-001" status="PASSED">
         <system-out><![CDATA[2023-08-31 08:30:34 - [TEST_CASE][PASSED] - Test Cases/Products/TC-Product-AddCart-001: Test Cases/Products/TC-Product-AddCart-001

2023-08-31 08:30:35 - [TEST_STEP][PASSED] - callTestCase(findTestCase("Products/TC-Product-Show-001"), [:], STOP_ON_FAILURE): Call Test Case 'Test Cases/Products/TC-Product-Show-001' successfully

2023-08-31 08:30:35 - [TEST_CASE][PASSED] - Test Cases/Products/TC-Product-Show-001: Test Cases/Products/TC-Product-Show-001

2023-08-31 08:30:35 - [TEST_STEP][PASSED] - callTestCase(findTestCase("Login/TC-Login-Success-001"), ["username":"standard_user", "password":"qcu24s4901FyWDTwXGr6XA=="], STOP_ON_FAILURE): Call Test Case 'Test Cases/Login/TC-Login-Success-001' successfully

2023-08-31 08:30:35 - [TEST_CASE][PASSED] - Test Cases/Login/TC-Login-Success-001: Test Cases/Login/TC-Login-Success-001

2023-08-31 08:30:35 - [TEST_STEP][PASSED] - openBrowser(WEB_URL): Browser is opened with url: 'https://www.saucedemo.com/'

2023-08-31 08:30:35 - [MESSAGE][WARNING] - A browser is already opened. Closing browser and opening a new one

2023-08-31 08:30:36 - [MESSAGE][INFO] - Starting 'Edge Chromium' driver

2023-08-31 08:30:38 - [MESSAGE][INFO] - Action delay is set to 0 milliseconds

2023-08-31 08:30:40 - [MESSAGE][PASSED] - Browser is opened with url: 'https://www.saucedemo.com/'

2023-08-31 08:30:40 - [TEST_STEP][PASSED] - verifyElementPresent(findTestObject("Login Title Text"), 10): Object 'Object Repository/Login Title Text' is present

2023-08-31 08:30:40 - [MESSAGE][PASSED] - Object 'Object Repository/Login Title Text' is present

2023-08-31 08:30:40 - [TEST_STEP][PASSED] - setText(findTestObject("Login Input Username"), username): Text 'standard_user' is set on object 'Object Repository/Login Input Username'

2023-08-31 08:30:41 - [MESSAGE][PASSED] - Text 'standard_user' is set on object 'Object Repository/Login Input Username'

2023-08-31 08:30:41 - [TEST_STEP][PASSED] - setEncryptedText(findTestObject("Login Input Password"), password): Text ****** has been set on object 'Object Repository/Login Input Password'

2023-08-31 08:30:41 - [MESSAGE][PASSED] - Text ****** has been set on object 'Object Repository/Login Input Password'

2023-08-31 08:30:41 - [TEST_STEP][PASSED] - click(findTestObject("Login Button")): Object: 'Object Repository/Login Button' is clicked on

2023-08-31 08:30:42 - [MESSAGE][PASSED] - Object: 'Object Repository/Login Button' is clicked on

2023-08-31 08:30:42 - [TEST_STEP][PASSED] - verifyElementPresent(findTestObject("Product Title Text"), 10): Object 'Object Repository/Product Title Text' is present

2023-08-31 08:30:42 - [MESSAGE][PASSED] - Object 'Object Repository/Product Title Text' is present

2023-08-31 08:30:42 - [MESSAGE][PASSED] - Call Test Case 'Test Cases/Login/TC-Login-Success-001' successfully

2023-08-31 08:30:42 - [TEST_STEP][PASSED] - verifyElementPresent(findTestObject("Product Title Text"), 10): Object 'Object Repository/Product Title Text' is present

2023-08-31 08:30:43 - [MESSAGE][PASSED] - Object 'Object Repository/Product Title Text' is present

2023-08-31 08:30:43 - [MESSAGE][PASSED] - Call Test Case 'Test Cases/Products/TC-Product-Show-001' successfully

2023-08-31 08:30:43 - [TEST_STEP][PASSED] - click(findTestObject("Product Button ATC Product 1")): Object: 'Object Repository/Product Button ATC Product 1' is clicked on

2023-08-31 08:30:43 - [MESSAGE][PASSED] - Object: 'Object Repository/Product Button ATC Product 1' is clicked on

2023-08-31 08:30:43 - [TEST_STEP][PASSED] - verifyElementText(findTestObject("Product Button Remove Product 1"), "Remove"): Actual text and expected text of test object 'Object Repository/Product Button Remove Product 1' are matched.

2023-08-31 08:30:44 - [MESSAGE][PASSED] - Actual text and expected text of test object 'Object Repository/Product Button Remove Product 1' are matched.

2023-08-31 08:30:44 - [TEST_STEP][PASSED] - verifyElementText(findTestObject("Product Label Icon Cart"), "1"): Actual text and expected text of test object 'Object Repository/Product Label Icon Cart' are matched.

2023-08-31 08:30:44 - [MESSAGE][PASSED] - Actual text and expected text of test object 'Object Repository/Product Label Icon Cart' are matched.

2023-08-31 08:30:44 - [TEST_STEP][PASSED] - name = getText(findTestObject("Product Text Name Product 1")): Text of object 'Object Repository/Product Text Name Product 1' is: 'Sauce Labs Backpack'

2023-08-31 08:30:44 - [MESSAGE][PASSED] - Text of object 'Object Repository/Product Text Name Product 1' is: 'Sauce Labs Backpack'

2023-08-31 08:30:44 - [TEST_STEP][PASSED] - desc = getText(findTestObject("Product Text Desc Product 1")): Text of object 'Object Repository/Product Text Desc Product 1' is: 'carry.allTheThings() with the sleek, streamlined Sly Pack that melds uncompromising style with unequaled laptop and tablet protection.'

2023-08-31 08:30:45 - [MESSAGE][PASSED] - Text of object 'Object Repository/Product Text Desc Product 1' is: 'carry.allTheThings() with the sleek, streamlined Sly Pack that melds uncompromising style with unequaled laptop and tablet protection.'

2023-08-31 08:30:45 - [TEST_STEP][PASSED] - prize = getText(findTestObject("Product Text Price Product 1")): Text of object 'Object Repository/Product Text Price Product 1' is: '$29.99'

2023-08-31 08:30:45 - [MESSAGE][PASSED] - Text of object 'Object Repository/Product Text Price Product 1' is: '$29.99'

2023-08-31 08:30:45 - [TEST_STEP][PASSED] - data = new java.util.HashMap(): null

2023-08-31 08:30:45 - [TEST_STEP][PASSED] - data.put("product_name", name): null

2023-08-31 08:30:45 - [TEST_STEP][PASSED] - data.put("product_desc", desc): null

2023-08-31 08:30:45 - [TEST_STEP][PASSED] - data.put("product_price", prize): null

2023-08-31 08:30:45 - [TEST_STEP][PASSED] - return data: null]]></system-out>
         <system-err><![CDATA[]]></system-err>
      </testcase>
      <testcase name="Test Cases/Products/TC-Product-AddCart-002" time="13.207" classname="Test Cases/Products/TC-Product-AddCart-002" status="PASSED">
         <system-out><![CDATA[2023-08-31 08:30:45 - [TEST_CASE][PASSED] - Test Cases/Products/TC-Product-AddCart-002: Test Cases/Products/TC-Product-AddCart-002

2023-08-31 08:30:45 - [TEST_STEP][PASSED] - data = callTestCase(findTestCase("Products/TC-Product-AddCart-001"), [:], STOP_ON_FAILURE): Call Test Case 'Test Cases/Products/TC-Product-AddCart-001' successfully

2023-08-31 08:30:45 - [TEST_CASE][PASSED] - Test Cases/Products/TC-Product-AddCart-001: Test Cases/Products/TC-Product-AddCart-001

2023-08-31 08:30:45 - [TEST_STEP][PASSED] - callTestCase(findTestCase("Products/TC-Product-Show-001"), [:], STOP_ON_FAILURE): Call Test Case 'Test Cases/Products/TC-Product-Show-001' successfully

2023-08-31 08:30:45 - [TEST_CASE][PASSED] - Test Cases/Products/TC-Product-Show-001: Test Cases/Products/TC-Product-Show-001

2023-08-31 08:30:45 - [TEST_STEP][PASSED] - callTestCase(findTestCase("Login/TC-Login-Success-001"), ["username":"standard_user", "password":"qcu24s4901FyWDTwXGr6XA=="], STOP_ON_FAILURE): Call Test Case 'Test Cases/Login/TC-Login-Success-001' successfully

2023-08-31 08:30:45 - [TEST_CASE][PASSED] - Test Cases/Login/TC-Login-Success-001: Test Cases/Login/TC-Login-Success-001

2023-08-31 08:30:45 - [TEST_STEP][PASSED] - openBrowser(WEB_URL): Browser is opened with url: 'https://www.saucedemo.com/'

2023-08-31 08:30:45 - [MESSAGE][WARNING] - A browser is already opened. Closing browser and opening a new one

2023-08-31 08:30:46 - [MESSAGE][INFO] - Starting 'Edge Chromium' driver

2023-08-31 08:30:48 - [MESSAGE][INFO] - Action delay is set to 0 milliseconds

2023-08-31 08:30:51 - [MESSAGE][PASSED] - Browser is opened with url: 'https://www.saucedemo.com/'

2023-08-31 08:30:51 - [TEST_STEP][PASSED] - verifyElementPresent(findTestObject("Login Title Text"), 10): Object 'Object Repository/Login Title Text' is present

2023-08-31 08:30:52 - [MESSAGE][PASSED] - Object 'Object Repository/Login Title Text' is present

2023-08-31 08:30:52 - [TEST_STEP][PASSED] - setText(findTestObject("Login Input Username"), username): Text 'standard_user' is set on object 'Object Repository/Login Input Username'

2023-08-31 08:30:52 - [MESSAGE][PASSED] - Text 'standard_user' is set on object 'Object Repository/Login Input Username'

2023-08-31 08:30:52 - [TEST_STEP][PASSED] - setEncryptedText(findTestObject("Login Input Password"), password): Text ****** has been set on object 'Object Repository/Login Input Password'

2023-08-31 08:30:53 - [MESSAGE][PASSED] - Text ****** has been set on object 'Object Repository/Login Input Password'

2023-08-31 08:30:53 - [TEST_STEP][PASSED] - click(findTestObject("Login Button")): Object: 'Object Repository/Login Button' is clicked on

2023-08-31 08:30:53 - [MESSAGE][PASSED] - Object: 'Object Repository/Login Button' is clicked on

2023-08-31 08:30:53 - [TEST_STEP][PASSED] - verifyElementPresent(findTestObject("Product Title Text"), 10): Object 'Object Repository/Product Title Text' is present

2023-08-31 08:30:53 - [MESSAGE][PASSED] - Object 'Object Repository/Product Title Text' is present

2023-08-31 08:30:53 - [MESSAGE][PASSED] - Call Test Case 'Test Cases/Login/TC-Login-Success-001' successfully

2023-08-31 08:30:53 - [TEST_STEP][PASSED] - verifyElementPresent(findTestObject("Product Title Text"), 10): Object 'Object Repository/Product Title Text' is present

2023-08-31 08:30:54 - [MESSAGE][PASSED] - Object 'Object Repository/Product Title Text' is present

2023-08-31 08:30:54 - [MESSAGE][PASSED] - Call Test Case 'Test Cases/Products/TC-Product-Show-001' successfully

2023-08-31 08:30:54 - [TEST_STEP][PASSED] - click(findTestObject("Product Button ATC Product 1")): Object: 'Object Repository/Product Button ATC Product 1' is clicked on

2023-08-31 08:30:54 - [MESSAGE][PASSED] - Object: 'Object Repository/Product Button ATC Product 1' is clicked on

2023-08-31 08:30:54 - [TEST_STEP][PASSED] - verifyElementText(findTestObject("Product Button Remove Product 1"), "Remove"): Actual text and expected text of test object 'Object Repository/Product Button Remove Product 1' are matched.

2023-08-31 08:30:55 - [MESSAGE][PASSED] - Actual text and expected text of test object 'Object Repository/Product Button Remove Product 1' are matched.

2023-08-31 08:30:55 - [TEST_STEP][PASSED] - verifyElementText(findTestObject("Product Label Icon Cart"), "1"): Actual text and expected text of test object 'Object Repository/Product Label Icon Cart' are matched.

2023-08-31 08:30:55 - [MESSAGE][PASSED] - Actual text and expected text of test object 'Object Repository/Product Label Icon Cart' are matched.

2023-08-31 08:30:55 - [TEST_STEP][PASSED] - name = getText(findTestObject("Product Text Name Product 1")): Text of object 'Object Repository/Product Text Name Product 1' is: 'Sauce Labs Backpack'

2023-08-31 08:30:55 - [MESSAGE][PASSED] - Text of object 'Object Repository/Product Text Name Product 1' is: 'Sauce Labs Backpack'

2023-08-31 08:30:55 - [TEST_STEP][PASSED] - desc = getText(findTestObject("Product Text Desc Product 1")): Text of object 'Object Repository/Product Text Desc Product 1' is: 'carry.allTheThings() with the sleek, streamlined Sly Pack that melds uncompromising style with unequaled laptop and tablet protection.'

2023-08-31 08:30:56 - [MESSAGE][PASSED] - Text of object 'Object Repository/Product Text Desc Product 1' is: 'carry.allTheThings() with the sleek, streamlined Sly Pack that melds uncompromising style with unequaled laptop and tablet protection.'

2023-08-31 08:30:56 - [TEST_STEP][PASSED] - prize = getText(findTestObject("Product Text Price Product 1")): Text of object 'Object Repository/Product Text Price Product 1' is: '$29.99'

2023-08-31 08:30:56 - [MESSAGE][PASSED] - Text of object 'Object Repository/Product Text Price Product 1' is: '$29.99'

2023-08-31 08:30:56 - [TEST_STEP][PASSED] - data = new java.util.HashMap(): null

2023-08-31 08:30:56 - [TEST_STEP][PASSED] - data.put("product_name", name): null

2023-08-31 08:30:56 - [TEST_STEP][PASSED] - data.put("product_desc", desc): null

2023-08-31 08:30:56 - [TEST_STEP][PASSED] - data.put("product_price", prize): null

2023-08-31 08:30:56 - [TEST_STEP][PASSED] - return data: null

2023-08-31 08:30:56 - [MESSAGE][PASSED] - Call Test Case 'Test Cases/Products/TC-Product-AddCart-001' successfully

2023-08-31 08:30:56 - [TEST_STEP][PASSED] - click(findTestObject("Product Button ATC Product 2")): Object: 'Object Repository/Product Button ATC Product 2' is clicked on

2023-08-31 08:30:56 - [MESSAGE][PASSED] - Object: 'Object Repository/Product Button ATC Product 2' is clicked on

2023-08-31 08:30:56 - [TEST_STEP][PASSED] - verifyElementText(findTestObject("Product Button Remove Product 2"), "Remove"): Actual text and expected text of test object 'Object Repository/Product Button Remove Product 2' are matched.

2023-08-31 08:30:57 - [MESSAGE][PASSED] - Actual text and expected text of test object 'Object Repository/Product Button Remove Product 2' are matched.

2023-08-31 08:30:57 - [TEST_STEP][PASSED] - verifyElementText(findTestObject("Product Label Icon Cart"), "2"): Actual text and expected text of test object 'Object Repository/Product Label Icon Cart' are matched.

2023-08-31 08:30:57 - [MESSAGE][PASSED] - Actual text and expected text of test object 'Object Repository/Product Label Icon Cart' are matched.

2023-08-31 08:30:57 - [TEST_STEP][PASSED] - name = getText(findTestObject("Product Text Name Product 2")): Text of object 'Object Repository/Product Text Name Product 2' is: 'Sauce Labs Bike Light'

2023-08-31 08:30:58 - [MESSAGE][PASSED] - Text of object 'Object Repository/Product Text Name Product 2' is: 'Sauce Labs Bike Light'

2023-08-31 08:30:58 - [TEST_STEP][PASSED] - desc = getText(findTestObject("Product Text Desc Product 2")): Text of object 'Object Repository/Product Text Desc Product 2' is: 'A red light isn't the desired state in testing but it sure helps when riding your bike at night. Water-resistant with 3 lighting modes, 1 AAA battery included.'

2023-08-31 08:30:58 - [MESSAGE][PASSED] - Text of object 'Object Repository/Product Text Desc Product 2' is: 'A red light isn't the desired state in testing but it sure helps when riding your bike at night. Water-resistant with 3 lighting modes, 1 AAA battery included.'

2023-08-31 08:30:58 - [TEST_STEP][PASSED] - price = getText(findTestObject("Product Text Price Product 2")): Text of object 'Object Repository/Product Text Price Product 2' is: '$9.99'

2023-08-31 08:30:58 - [MESSAGE][PASSED] - Text of object 'Object Repository/Product Text Price Product 2' is: '$9.99'

2023-08-31 08:30:58 - [TEST_STEP][PASSED] - nameProductList = new java.util.ArrayList(): null

2023-08-31 08:30:58 - [TEST_STEP][PASSED] - nameProductList.add(data.get("product_name")): null

2023-08-31 08:30:58 - [TEST_STEP][PASSED] - nameProductList.add(name): null

2023-08-31 08:30:58 - [TEST_STEP][PASSED] - println(nameProductList.get(0)): null

2023-08-31 08:30:58 - [TEST_STEP][PASSED] - descProductList = new java.util.ArrayList(): null

2023-08-31 08:30:58 - [TEST_STEP][PASSED] - descProductList.add(data.get("product_desc")): null

2023-08-31 08:30:58 - [TEST_STEP][PASSED] - descProductList.add(desc): null

2023-08-31 08:30:58 - [TEST_STEP][PASSED] - priceProductList = new java.util.ArrayList(): null

2023-08-31 08:30:58 - [TEST_STEP][PASSED] - priceProductList.add(data.get("product_price")): null

2023-08-31 08:30:58 - [TEST_STEP][PASSED] - priceProductList.add(price): null

2023-08-31 08:30:58 - [TEST_STEP][PASSED] - data.put("product_name_list", nameProductList): null

2023-08-31 08:30:58 - [TEST_STEP][PASSED] - data.put("product_desc_list", descProductList): null

2023-08-31 08:30:58 - [TEST_STEP][PASSED] - data.put("product_price_list", priceProductList): null

2023-08-31 08:30:58 - [TEST_STEP][PASSED] - return data: null]]></system-out>
         <system-err><![CDATA[]]></system-err>
      </testcase>
      <testcase name="Test Cases/Products/TC-Product-RemoveCart-001" time="22.495" classname="Test Cases/Products/TC-Product-RemoveCart-001" status="FAILED">
         <failure type="FAILED" message="Test Cases/Products/TC-Product-RemoveCart-001 FAILED.
Reason:
com.kms.katalon.core.exception.StepFailedException: Unable to verify object 'Object Repository/Product Label Icon Cart' is present
	at com.kms.katalon.core.webui.keyword.internal.WebUIKeywordMain.stepFailed(WebUIKeywordMain.groovy:64)
	at com.kms.katalon.core.webui.keyword.internal.WebUIKeywordMain.runKeyword(WebUIKeywordMain.groovy:26)
	at com.kms.katalon.core.webui.keyword.builtin.VerifyElementPresentKeyword.verifyElementPresent(VerifyElementPresentKeyword.groovy:92)
	at com.kms.katalon.core.webui.keyword.builtin.VerifyElementPresentKeyword.execute(VerifyElementPresentKeyword.groovy:68)
	at com.kms.katalon.core.keyword.internal.KeywordExecutor.executeKeywordForPlatform(KeywordExecutor.groovy:74)
	at com.kms.katalon.core.webui.keyword.WebUiBuiltInKeywords.verifyElementPresent(WebUiBuiltInKeywords.groovy:1464)
	at com.kms.katalon.core.webui.keyword.WebUiBuiltInKeywords$verifyElementPresent$0.call(Unknown Source)
	at TC-Product-RemoveCart-001.run(TC-Product-RemoveCart-001:26)
	at com.kms.katalon.core.main.ScriptEngine.run(ScriptEngine.java:194)
	at com.kms.katalon.core.main.ScriptEngine.runScriptAsRawText(ScriptEngine.java:119)
	at com.kms.katalon.core.main.TestCaseExecutor.runScript(TestCaseExecutor.java:448)
	at com.kms.katalon.core.main.TestCaseExecutor.doExecute(TestCaseExecutor.java:439)
	at com.kms.katalon.core.main.TestCaseExecutor.processExecutionPhase(TestCaseExecutor.java:418)
	at com.kms.katalon.core.main.TestCaseExecutor.accessMainPhase(TestCaseExecutor.java:410)
	at com.kms.katalon.core.main.TestCaseExecutor.execute(TestCaseExecutor.java:285)
	at com.kms.katalon.core.common.CommonExecutor.accessTestCaseMainPhase(CommonExecutor.java:65)
	at com.kms.katalon.core.main.TestSuiteExecutor.accessTestSuiteMainPhase(TestSuiteExecutor.java:148)
	at com.kms.katalon.core.main.TestSuiteExecutor.execute(TestSuiteExecutor.java:106)
	at com.kms.katalon.core.main.TestCaseMain.startTestSuite(TestCaseMain.java:187)
	at com.kms.katalon.core.main.TestCaseMain$startTestSuite$0.call(Unknown Source)
	at TempTestSuite1693445385268.run(TempTestSuite1693445385268.groovy:36)
Caused by: com.kms.katalon.core.exception.StepFailedException: com.kms.katalon.core.webui.exception.WebElementNotFoundException: Web element with id: 'Object Repository/Product Label Icon Cart' located by '//div[@id='shopping_cart_container']/a/span' not found
	at com.kms.katalon.core.webui.keyword.internal.WebUIKeywordMain.stepFailed(WebUIKeywordMain.groovy:64)
	at com.kms.katalon.core.webui.keyword.builtin.VerifyElementPresentKeyword$_verifyElementPresent_closure1.doCall(VerifyElementPresentKeyword.groovy:85)
	at com.kms.katalon.core.webui.keyword.builtin.VerifyElementPresentKeyword$_verifyElementPresent_closure1.call(VerifyElementPresentKeyword.groovy)
	at com.kms.katalon.core.webui.keyword.internal.WebUIKeywordMain.runKeyword(WebUIKeywordMain.groovy:20)
	... 19 more
"/>
         <system-out><![CDATA[2023-08-31 08:30:58 - [TEST_CASE][FAILED] - Test Cases/Products/TC-Product-RemoveCart-001: Test Cases/Products/TC-Product-RemoveCart-001 FAILED.
Reason:
com.kms.katalon.core.exception.StepFailedException: Unable to verify object 'Object Repository/Product Label Icon Cart' is present
	at com.kms.katalon.core.webui.keyword.internal.WebUIKeywordMain.stepFailed(WebUIKeywordMain.groovy:64)
	at com.kms.katalon.core.webui.keyword.internal.WebUIKeywordMain.runKeyword(WebUIKeywordMain.groovy:26)
	at com.kms.katalon.core.webui.keyword.builtin.VerifyElementPresentKeyword.verifyElementPresent(VerifyElementPresentKeyword.groovy:92)
	at com.kms.katalon.core.webui.keyword.builtin.VerifyElementPresentKeyword.execute(VerifyElementPresentKeyword.groovy:68)
	at com.kms.katalon.core.keyword.internal.KeywordExecutor.executeKeywordForPlatform(KeywordExecutor.groovy:74)
	at com.kms.katalon.core.webui.keyword.WebUiBuiltInKeywords.verifyElementPresent(WebUiBuiltInKeywords.groovy:1464)
	at com.kms.katalon.core.webui.keyword.WebUiBuiltInKeywords$verifyElementPresent$0.call(Unknown Source)
	at TC-Product-RemoveCart-001.run(TC-Product-RemoveCart-001:26)
	at com.kms.katalon.core.main.ScriptEngine.run(ScriptEngine.java:194)
	at com.kms.katalon.core.main.ScriptEngine.runScriptAsRawText(ScriptEngine.java:119)
	at com.kms.katalon.core.main.TestCaseExecutor.runScript(TestCaseExecutor.java:448)
	at com.kms.katalon.core.main.TestCaseExecutor.doExecute(TestCaseExecutor.java:439)
	at com.kms.katalon.core.main.TestCaseExecutor.processExecutionPhase(TestCaseExecutor.java:418)
	at com.kms.katalon.core.main.TestCaseExecutor.accessMainPhase(TestCaseExecutor.java:410)
	at com.kms.katalon.core.main.TestCaseExecutor.execute(TestCaseExecutor.java:285)
	at com.kms.katalon.core.common.CommonExecutor.accessTestCaseMainPhase(CommonExecutor.java:65)
	at com.kms.katalon.core.main.TestSuiteExecutor.accessTestSuiteMainPhase(TestSuiteExecutor.java:148)
	at com.kms.katalon.core.main.TestSuiteExecutor.execute(TestSuiteExecutor.java:106)
	at com.kms.katalon.core.main.TestCaseMain.startTestSuite(TestCaseMain.java:187)
	at com.kms.katalon.core.main.TestCaseMain$startTestSuite$0.call(Unknown Source)
	at TempTestSuite1693445385268.run(TempTestSuite1693445385268.groovy:36)
Caused by: com.kms.katalon.core.exception.StepFailedException: com.kms.katalon.core.webui.exception.WebElementNotFoundException: Web element with id: 'Object Repository/Product Label Icon Cart' located by '//div[@id='shopping_cart_container']/a/span' not found
	at com.kms.katalon.core.webui.keyword.internal.WebUIKeywordMain.stepFailed(WebUIKeywordMain.groovy:64)
	at com.kms.katalon.core.webui.keyword.builtin.VerifyElementPresentKeyword$_verifyElementPresent_closure1.doCall(VerifyElementPresentKeyword.groovy:85)
	at com.kms.katalon.core.webui.keyword.builtin.VerifyElementPresentKeyword$_verifyElementPresent_closure1.call(VerifyElementPresentKeyword.groovy)
	at com.kms.katalon.core.webui.keyword.internal.WebUIKeywordMain.runKeyword(WebUIKeywordMain.groovy:20)
	... 19 more


2023-08-31 08:30:58 - [TEST_STEP][PASSED] - callTestCase(findTestCase("Products/TC-Product-AddCart-001"), [:], STOP_ON_FAILURE): Call Test Case 'Test Cases/Products/TC-Product-AddCart-001' successfully

2023-08-31 08:30:58 - [TEST_CASE][PASSED] - Test Cases/Products/TC-Product-AddCart-001: Test Cases/Products/TC-Product-AddCart-001

2023-08-31 08:30:58 - [TEST_STEP][PASSED] - callTestCase(findTestCase("Products/TC-Product-Show-001"), [:], STOP_ON_FAILURE): Call Test Case 'Test Cases/Products/TC-Product-Show-001' successfully

2023-08-31 08:30:59 - [TEST_CASE][PASSED] - Test Cases/Products/TC-Product-Show-001: Test Cases/Products/TC-Product-Show-001

2023-08-31 08:30:59 - [TEST_STEP][PASSED] - callTestCase(findTestCase("Login/TC-Login-Success-001"), ["username":"standard_user", "password":"qcu24s4901FyWDTwXGr6XA=="], STOP_ON_FAILURE): Call Test Case 'Test Cases/Login/TC-Login-Success-001' successfully

2023-08-31 08:30:59 - [TEST_CASE][PASSED] - Test Cases/Login/TC-Login-Success-001: Test Cases/Login/TC-Login-Success-001

2023-08-31 08:30:59 - [TEST_STEP][PASSED] - openBrowser(WEB_URL): Browser is opened with url: 'https://www.saucedemo.com/'

2023-08-31 08:30:59 - [MESSAGE][WARNING] - A browser is already opened. Closing browser and opening a new one

2023-08-31 08:30:59 - [MESSAGE][INFO] - Starting 'Edge Chromium' driver

2023-08-31 08:31:02 - [MESSAGE][INFO] - Action delay is set to 0 milliseconds

2023-08-31 08:31:04 - [MESSAGE][PASSED] - Browser is opened with url: 'https://www.saucedemo.com/'

2023-08-31 08:31:04 - [TEST_STEP][PASSED] - verifyElementPresent(findTestObject("Login Title Text"), 10): Object 'Object Repository/Login Title Text' is present

2023-08-31 08:31:04 - [MESSAGE][PASSED] - Object 'Object Repository/Login Title Text' is present

2023-08-31 08:31:04 - [TEST_STEP][PASSED] - setText(findTestObject("Login Input Username"), username): Text 'standard_user' is set on object 'Object Repository/Login Input Username'

2023-08-31 08:31:05 - [MESSAGE][PASSED] - Text 'standard_user' is set on object 'Object Repository/Login Input Username'

2023-08-31 08:31:05 - [TEST_STEP][PASSED] - setEncryptedText(findTestObject("Login Input Password"), password): Text ****** has been set on object 'Object Repository/Login Input Password'

2023-08-31 08:31:05 - [MESSAGE][PASSED] - Text ****** has been set on object 'Object Repository/Login Input Password'

2023-08-31 08:31:05 - [TEST_STEP][PASSED] - click(findTestObject("Login Button")): Object: 'Object Repository/Login Button' is clicked on

2023-08-31 08:31:05 - [MESSAGE][PASSED] - Object: 'Object Repository/Login Button' is clicked on

2023-08-31 08:31:05 - [TEST_STEP][PASSED] - verifyElementPresent(findTestObject("Product Title Text"), 10): Object 'Object Repository/Product Title Text' is present

2023-08-31 08:31:06 - [MESSAGE][PASSED] - Object 'Object Repository/Product Title Text' is present

2023-08-31 08:31:06 - [MESSAGE][PASSED] - Call Test Case 'Test Cases/Login/TC-Login-Success-001' successfully

2023-08-31 08:31:06 - [TEST_STEP][PASSED] - verifyElementPresent(findTestObject("Product Title Text"), 10): Object 'Object Repository/Product Title Text' is present

2023-08-31 08:31:06 - [MESSAGE][PASSED] - Object 'Object Repository/Product Title Text' is present

2023-08-31 08:31:06 - [MESSAGE][PASSED] - Call Test Case 'Test Cases/Products/TC-Product-Show-001' successfully

2023-08-31 08:31:06 - [TEST_STEP][PASSED] - click(findTestObject("Product Button ATC Product 1")): Object: 'Object Repository/Product Button ATC Product 1' is clicked on

2023-08-31 08:31:07 - [MESSAGE][PASSED] - Object: 'Object Repository/Product Button ATC Product 1' is clicked on

2023-08-31 08:31:07 - [TEST_STEP][PASSED] - verifyElementText(findTestObject("Product Button Remove Product 1"), "Remove"): Actual text and expected text of test object 'Object Repository/Product Button Remove Product 1' are matched.

2023-08-31 08:31:07 - [MESSAGE][PASSED] - Actual text and expected text of test object 'Object Repository/Product Button Remove Product 1' are matched.

2023-08-31 08:31:07 - [TEST_STEP][PASSED] - verifyElementText(findTestObject("Product Label Icon Cart"), "1"): Actual text and expected text of test object 'Object Repository/Product Label Icon Cart' are matched.

2023-08-31 08:31:07 - [MESSAGE][PASSED] - Actual text and expected text of test object 'Object Repository/Product Label Icon Cart' are matched.

2023-08-31 08:31:07 - [TEST_STEP][PASSED] - name = getText(findTestObject("Product Text Name Product 1")): Text of object 'Object Repository/Product Text Name Product 1' is: 'Sauce Labs Backpack'

2023-08-31 08:31:08 - [MESSAGE][PASSED] - Text of object 'Object Repository/Product Text Name Product 1' is: 'Sauce Labs Backpack'

2023-08-31 08:31:08 - [TEST_STEP][PASSED] - desc = getText(findTestObject("Product Text Desc Product 1")): Text of object 'Object Repository/Product Text Desc Product 1' is: 'carry.allTheThings() with the sleek, streamlined Sly Pack that melds uncompromising style with unequaled laptop and tablet protection.'

2023-08-31 08:31:08 - [MESSAGE][PASSED] - Text of object 'Object Repository/Product Text Desc Product 1' is: 'carry.allTheThings() with the sleek, streamlined Sly Pack that melds uncompromising style with unequaled laptop and tablet protection.'

2023-08-31 08:31:08 - [TEST_STEP][PASSED] - prize = getText(findTestObject("Product Text Price Product 1")): Text of object 'Object Repository/Product Text Price Product 1' is: '$29.99'

2023-08-31 08:31:08 - [MESSAGE][PASSED] - Text of object 'Object Repository/Product Text Price Product 1' is: '$29.99'

2023-08-31 08:31:08 - [TEST_STEP][PASSED] - data = new java.util.HashMap(): null

2023-08-31 08:31:08 - [TEST_STEP][PASSED] - data.put("product_name", name): null

2023-08-31 08:31:08 - [TEST_STEP][PASSED] - data.put("product_desc", desc): null

2023-08-31 08:31:08 - [TEST_STEP][PASSED] - data.put("product_price", prize): null

2023-08-31 08:31:08 - [TEST_STEP][PASSED] - return data: null

2023-08-31 08:31:08 - [MESSAGE][PASSED] - Call Test Case 'Test Cases/Products/TC-Product-AddCart-001' successfully

2023-08-31 08:31:08 - [TEST_STEP][PASSED] - click(findTestObject("Product Button Remove Product 1")): Object: 'Object Repository/Product Button Remove Product 1' is clicked on

2023-08-31 08:31:09 - [MESSAGE][PASSED] - Object: 'Object Repository/Product Button Remove Product 1' is clicked on

2023-08-31 08:31:09 - [TEST_STEP][PASSED] - verifyElementText(findTestObject("Product Button ATC Product 1"), "Add to cart"): Actual text and expected text of test object 'Object Repository/Product Button ATC Product 1' are matched.

2023-08-31 08:31:09 - [MESSAGE][PASSED] - Actual text and expected text of test object 'Object Repository/Product Button ATC Product 1' are matched.

2023-08-31 08:31:09 - [TEST_STEP][FAILED] - verifyElementPresent(findTestObject("Product Label Icon Cart"), 10): Unable to verify object 'Object Repository/Product Label Icon Cart' is present (Root cause: com.kms.katalon.core.exception.StepFailedException: Unable to verify object 'Object Repository/Product Label Icon Cart' is present
	at com.kms.katalon.core.webui.keyword.internal.WebUIKeywordMain.stepFailed(WebUIKeywordMain.groovy:64)
	at com.kms.katalon.core.webui.keyword.internal.WebUIKeywordMain.runKeyword(WebUIKeywordMain.groovy:26)
	at com.kms.katalon.core.webui.keyword.builtin.VerifyElementPresentKeyword.verifyElementPresent(VerifyElementPresentKeyword.groovy:92)
	at com.kms.katalon.core.webui.keyword.builtin.VerifyElementPresentKeyword.execute(VerifyElementPresentKeyword.groovy:68)
	at com.kms.katalon.core.keyword.internal.KeywordExecutor.executeKeywordForPlatform(KeywordExecutor.groovy:74)
	at com.kms.katalon.core.webui.keyword.WebUiBuiltInKeywords.verifyElementPresent(WebUiBuiltInKeywords.groovy:1464)
	at com.kms.katalon.core.webui.keyword.WebUiBuiltInKeywords$verifyElementPresent$0.call(Unknown Source)
	at TC-Product-RemoveCart-001.run(TC-Product-RemoveCart-001:26)
	at com.kms.katalon.core.main.ScriptEngine.run(ScriptEngine.java:194)
	at com.kms.katalon.core.main.ScriptEngine.runScriptAsRawText(ScriptEngine.java:119)
	at com.kms.katalon.core.main.TestCaseExecutor.runScript(TestCaseExecutor.java:448)
	at com.kms.katalon.core.main.TestCaseExecutor.doExecute(TestCaseExecutor.java:439)
	at com.kms.katalon.core.main.TestCaseExecutor.processExecutionPhase(TestCaseExecutor.java:418)
	at com.kms.katalon.core.main.TestCaseExecutor.accessMainPhase(TestCaseExecutor.java:410)
	at com.kms.katalon.core.main.TestCaseExecutor.execute(TestCaseExecutor.java:285)
	at com.kms.katalon.core.common.CommonExecutor.accessTestCaseMainPhase(CommonExecutor.java:65)
	at com.kms.katalon.core.main.TestSuiteExecutor.accessTestSuiteMainPhase(TestSuiteExecutor.java:148)
	at com.kms.katalon.core.main.TestSuiteExecutor.execute(TestSuiteExecutor.java:106)
	at com.kms.katalon.core.main.TestCaseMain.startTestSuite(TestCaseMain.java:187)
	at com.kms.katalon.core.main.TestCaseMain$startTestSuite$0.call(Unknown Source)
	at TempTestSuite1693445385268.run(TempTestSuite1693445385268.groovy:36)
Caused by: com.kms.katalon.core.exception.StepFailedException: com.kms.katalon.core.webui.exception.WebElementNotFoundException: Web element with id: 'Object Repository/Product Label Icon Cart' located by '//div[@id='shopping_cart_container']/a/span' not found
	at com.kms.katalon.core.webui.keyword.internal.WebUIKeywordMain.stepFailed(WebUIKeywordMain.groovy:64)
	at com.kms.katalon.core.webui.keyword.builtin.VerifyElementPresentKeyword$_verifyElementPresent_closure1.doCall(VerifyElementPresentKeyword.groovy:85)
	at com.kms.katalon.core.webui.keyword.builtin.VerifyElementPresentKeyword$_verifyElementPresent_closure1.call(VerifyElementPresentKeyword.groovy)
	at com.kms.katalon.core.webui.keyword.internal.WebUIKeywordMain.runKeyword(WebUIKeywordMain.groovy:20)
	... 19 more
)

2023-08-31 08:31:20 - [MESSAGE][INFO] - Unable to find the element located by 'By.xpath: //div[@id='shopping_cart_container']/a/span'. Please recheck the objects properties to make sure the desired element is located. 

2023-08-31 08:31:21 - [MESSAGE][FAILED] - com.kms.katalon.core.webui.exception.WebElementNotFoundException: Web element with id: 'Object Repository/Product Label Icon Cart' located by '//div[@id='shopping_cart_container']/a/span' not found (Root cause: com.kms.katalon.core.exception.StepFailedException: com.kms.katalon.core.webui.exception.WebElementNotFoundException: Web element with id: 'Object Repository/Product Label Icon Cart' located by '//div[@id='shopping_cart_container']/a/span' not found
	at com.kms.katalon.core.webui.keyword.internal.WebUIKeywordMain.stepFailed(WebUIKeywordMain.groovy:64)
	at com.kms.katalon.core.webui.keyword.builtin.VerifyElementPresentKeyword$_verifyElementPresent_closure1.doCall(VerifyElementPresentKeyword.groovy:85)
	at com.kms.katalon.core.webui.keyword.builtin.VerifyElementPresentKeyword$_verifyElementPresent_closure1.call(VerifyElementPresentKeyword.groovy)
	at com.kms.katalon.core.webui.keyword.internal.WebUIKeywordMain.runKeyword(WebUIKeywordMain.groovy:20)
	at com.kms.katalon.core.webui.keyword.builtin.VerifyElementPresentKeyword.verifyElementPresent(VerifyElementPresentKeyword.groovy:92)
	at com.kms.katalon.core.webui.keyword.builtin.VerifyElementPresentKeyword.execute(VerifyElementPresentKeyword.groovy:68)
	at com.kms.katalon.core.keyword.internal.KeywordExecutor.executeKeywordForPlatform(KeywordExecutor.groovy:74)
	at com.kms.katalon.core.webui.keyword.WebUiBuiltInKeywords.verifyElementPresent(WebUiBuiltInKeywords.groovy:1464)
	at com.kms.katalon.core.webui.keyword.WebUiBuiltInKeywords$verifyElementPresent$0.call(Unknown Source)
	at TC-Product-RemoveCart-001.run(TC-Product-RemoveCart-001:26)
	at com.kms.katalon.core.main.ScriptEngine.run(ScriptEngine.java:194)
	at com.kms.katalon.core.main.ScriptEngine.runScriptAsRawText(ScriptEngine.java:119)
	at com.kms.katalon.core.main.TestCaseExecutor.runScript(TestCaseExecutor.java:448)
	at com.kms.katalon.core.main.TestCaseExecutor.doExecute(TestCaseExecutor.java:439)
	at com.kms.katalon.core.main.TestCaseExecutor.processExecutionPhase(TestCaseExecutor.java:418)
	at com.kms.katalon.core.main.TestCaseExecutor.accessMainPhase(TestCaseExecutor.java:410)
	at com.kms.katalon.core.main.TestCaseExecutor.execute(TestCaseExecutor.java:285)
	at com.kms.katalon.core.common.CommonExecutor.accessTestCaseMainPhase(CommonExecutor.java:65)
	at com.kms.katalon.core.main.TestSuiteExecutor.accessTestSuiteMainPhase(TestSuiteExecutor.java:148)
	at com.kms.katalon.core.main.TestSuiteExecutor.execute(TestSuiteExecutor.java:106)
	at com.kms.katalon.core.main.TestCaseMain.startTestSuite(TestCaseMain.java:187)
	at com.kms.katalon.core.main.TestCaseMain$startTestSuite$0.call(Unknown Source)
	at TempTestSuite1693445385268.run(TempTestSuite1693445385268.groovy:36)
)
[[ATTACHMENT|C:\\Users\\youha\\OneDrive\\Desktop\\Batch 324\\Workspace\\batch-324-qa\\Trainer\\Sauce Demo\\Reports\\20230831_082945\\Test Suite All TC\\20230831_082945\\1693445480962.png]]

2023-08-31 08:31:21 - [MESSAGE][FAILED] - Unable to verify object 'Object Repository/Product Label Icon Cart' is present (Root cause: com.kms.katalon.core.exception.StepFailedException: Unable to verify object 'Object Repository/Product Label Icon Cart' is present
	at com.kms.katalon.core.webui.keyword.internal.WebUIKeywordMain.stepFailed(WebUIKeywordMain.groovy:64)
	at com.kms.katalon.core.webui.keyword.internal.WebUIKeywordMain.runKeyword(WebUIKeywordMain.groovy:26)
	at com.kms.katalon.core.webui.keyword.builtin.VerifyElementPresentKeyword.verifyElementPresent(VerifyElementPresentKeyword.groovy:92)
	at com.kms.katalon.core.webui.keyword.builtin.VerifyElementPresentKeyword.execute(VerifyElementPresentKeyword.groovy:68)
	at com.kms.katalon.core.keyword.internal.KeywordExecutor.executeKeywordForPlatform(KeywordExecutor.groovy:74)
	at com.kms.katalon.core.webui.keyword.WebUiBuiltInKeywords.verifyElementPresent(WebUiBuiltInKeywords.groovy:1464)
	at com.kms.katalon.core.webui.keyword.WebUiBuiltInKeywords$verifyElementPresent$0.call(Unknown Source)
	at TC-Product-RemoveCart-001.run(TC-Product-RemoveCart-001:26)
	at com.kms.katalon.core.main.ScriptEngine.run(ScriptEngine.java:194)
	at com.kms.katalon.core.main.ScriptEngine.runScriptAsRawText(ScriptEngine.java:119)
	at com.kms.katalon.core.main.TestCaseExecutor.runScript(TestCaseExecutor.java:448)
	at com.kms.katalon.core.main.TestCaseExecutor.doExecute(TestCaseExecutor.java:439)
	at com.kms.katalon.core.main.TestCaseExecutor.processExecutionPhase(TestCaseExecutor.java:418)
	at com.kms.katalon.core.main.TestCaseExecutor.accessMainPhase(TestCaseExecutor.java:410)
	at com.kms.katalon.core.main.TestCaseExecutor.execute(TestCaseExecutor.java:285)
	at com.kms.katalon.core.common.CommonExecutor.accessTestCaseMainPhase(CommonExecutor.java:65)
	at com.kms.katalon.core.main.TestSuiteExecutor.accessTestSuiteMainPhase(TestSuiteExecutor.java:148)
	at com.kms.katalon.core.main.TestSuiteExecutor.execute(TestSuiteExecutor.java:106)
	at com.kms.katalon.core.main.TestCaseMain.startTestSuite(TestCaseMain.java:187)
	at com.kms.katalon.core.main.TestCaseMain$startTestSuite$0.call(Unknown Source)
	at TempTestSuite1693445385268.run(TempTestSuite1693445385268.groovy:36)
Caused by: com.kms.katalon.core.exception.StepFailedException: com.kms.katalon.core.webui.exception.WebElementNotFoundException: Web element with id: 'Object Repository/Product Label Icon Cart' located by '//div[@id='shopping_cart_container']/a/span' not found
	at com.kms.katalon.core.webui.keyword.internal.WebUIKeywordMain.stepFailed(WebUIKeywordMain.groovy:64)
	at com.kms.katalon.core.webui.keyword.builtin.VerifyElementPresentKeyword$_verifyElementPresent_closure1.doCall(VerifyElementPresentKeyword.groovy:85)
	at com.kms.katalon.core.webui.keyword.builtin.VerifyElementPresentKeyword$_verifyElementPresent_closure1.call(VerifyElementPresentKeyword.groovy)
	at com.kms.katalon.core.webui.keyword.internal.WebUIKeywordMain.runKeyword(WebUIKeywordMain.groovy:20)
	... 19 more
)
[[ATTACHMENT|C:\\Users\\youha\\OneDrive\\Desktop\\Batch 324\\Workspace\\batch-324-qa\\Trainer\\Sauce Demo\\Reports\\20230831_082945\\Test Suite All TC\\20230831_082945\\1693445481073.png]]]]></system-out>
         <system-err><![CDATA[2023-08-31 08:30:58 - [TEST_CASE][FAILED] - Test Cases/Products/TC-Product-RemoveCart-001: Test Cases/Products/TC-Product-RemoveCart-001 FAILED.
Reason:
com.kms.katalon.core.exception.StepFailedException: Unable to verify object 'Object Repository/Product Label Icon Cart' is present
	at com.kms.katalon.core.webui.keyword.internal.WebUIKeywordMain.stepFailed(WebUIKeywordMain.groovy:64)
	at com.kms.katalon.core.webui.keyword.internal.WebUIKeywordMain.runKeyword(WebUIKeywordMain.groovy:26)
	at com.kms.katalon.core.webui.keyword.builtin.VerifyElementPresentKeyword.verifyElementPresent(VerifyElementPresentKeyword.groovy:92)
	at com.kms.katalon.core.webui.keyword.builtin.VerifyElementPresentKeyword.execute(VerifyElementPresentKeyword.groovy:68)
	at com.kms.katalon.core.keyword.internal.KeywordExecutor.executeKeywordForPlatform(KeywordExecutor.groovy:74)
	at com.kms.katalon.core.webui.keyword.WebUiBuiltInKeywords.verifyElementPresent(WebUiBuiltInKeywords.groovy:1464)
	at com.kms.katalon.core.webui.keyword.WebUiBuiltInKeywords$verifyElementPresent$0.call(Unknown Source)
	at TC-Product-RemoveCart-001.run(TC-Product-RemoveCart-001:26)
	at com.kms.katalon.core.main.ScriptEngine.run(ScriptEngine.java:194)
	at com.kms.katalon.core.main.ScriptEngine.runScriptAsRawText(ScriptEngine.java:119)
	at com.kms.katalon.core.main.TestCaseExecutor.runScript(TestCaseExecutor.java:448)
	at com.kms.katalon.core.main.TestCaseExecutor.doExecute(TestCaseExecutor.java:439)
	at com.kms.katalon.core.main.TestCaseExecutor.processExecutionPhase(TestCaseExecutor.java:418)
	at com.kms.katalon.core.main.TestCaseExecutor.accessMainPhase(TestCaseExecutor.java:410)
	at com.kms.katalon.core.main.TestCaseExecutor.execute(TestCaseExecutor.java:285)
	at com.kms.katalon.core.common.CommonExecutor.accessTestCaseMainPhase(CommonExecutor.java:65)
	at com.kms.katalon.core.main.TestSuiteExecutor.accessTestSuiteMainPhase(TestSuiteExecutor.java:148)
	at com.kms.katalon.core.main.TestSuiteExecutor.execute(TestSuiteExecutor.java:106)
	at com.kms.katalon.core.main.TestCaseMain.startTestSuite(TestCaseMain.java:187)
	at com.kms.katalon.core.main.TestCaseMain$startTestSuite$0.call(Unknown Source)
	at TempTestSuite1693445385268.run(TempTestSuite1693445385268.groovy:36)
Caused by: com.kms.katalon.core.exception.StepFailedException: com.kms.katalon.core.webui.exception.WebElementNotFoundException: Web element with id: 'Object Repository/Product Label Icon Cart' located by '//div[@id='shopping_cart_container']/a/span' not found
	at com.kms.katalon.core.webui.keyword.internal.WebUIKeywordMain.stepFailed(WebUIKeywordMain.groovy:64)
	at com.kms.katalon.core.webui.keyword.builtin.VerifyElementPresentKeyword$_verifyElementPresent_closure1.doCall(VerifyElementPresentKeyword.groovy:85)
	at com.kms.katalon.core.webui.keyword.builtin.VerifyElementPresentKeyword$_verifyElementPresent_closure1.call(VerifyElementPresentKeyword.groovy)
	at com.kms.katalon.core.webui.keyword.internal.WebUIKeywordMain.runKeyword(WebUIKeywordMain.groovy:20)
	... 19 more]]></system-err>
      </testcase>
      <testcase name="Test Cases/Products/TC-Product-Show-001" time="7.807" classname="Test Cases/Products/TC-Product-Show-001" status="PASSED">
         <system-out><![CDATA[2023-08-31 08:31:21 - [TEST_CASE][PASSED] - Test Cases/Products/TC-Product-Show-001: Test Cases/Products/TC-Product-Show-001

2023-08-31 08:31:21 - [TEST_STEP][PASSED] - callTestCase(findTestCase("Login/TC-Login-Success-001"), ["username":"standard_user", "password":"qcu24s4901FyWDTwXGr6XA=="], STOP_ON_FAILURE): Call Test Case 'Test Cases/Login/TC-Login-Success-001' successfully

2023-08-31 08:31:21 - [TEST_CASE][PASSED] - Test Cases/Login/TC-Login-Success-001: Test Cases/Login/TC-Login-Success-001

2023-08-31 08:31:21 - [TEST_STEP][PASSED] - openBrowser(WEB_URL): Browser is opened with url: 'https://www.saucedemo.com/'

2023-08-31 08:31:21 - [MESSAGE][WARNING] - A browser is already opened. Closing browser and opening a new one

2023-08-31 08:31:21 - [MESSAGE][INFO] - Starting 'Edge Chromium' driver

2023-08-31 08:31:24 - [MESSAGE][INFO] - Action delay is set to 0 milliseconds

2023-08-31 08:31:26 - [MESSAGE][PASSED] - Browser is opened with url: 'https://www.saucedemo.com/'

2023-08-31 08:31:26 - [TEST_STEP][PASSED] - verifyElementPresent(findTestObject("Login Title Text"), 10): Object 'Object Repository/Login Title Text' is present

2023-08-31 08:31:26 - [MESSAGE][PASSED] - Object 'Object Repository/Login Title Text' is present

2023-08-31 08:31:26 - [TEST_STEP][PASSED] - setText(findTestObject("Login Input Username"), username): Text 'standard_user' is set on object 'Object Repository/Login Input Username'

2023-08-31 08:31:27 - [MESSAGE][PASSED] - Text 'standard_user' is set on object 'Object Repository/Login Input Username'

2023-08-31 08:31:27 - [TEST_STEP][PASSED] - setEncryptedText(findTestObject("Login Input Password"), password): Text ****** has been set on object 'Object Repository/Login Input Password'

2023-08-31 08:31:27 - [MESSAGE][PASSED] - Text ****** has been set on object 'Object Repository/Login Input Password'

2023-08-31 08:31:27 - [TEST_STEP][PASSED] - click(findTestObject("Login Button")): Object: 'Object Repository/Login Button' is clicked on

2023-08-31 08:31:28 - [MESSAGE][PASSED] - Object: 'Object Repository/Login Button' is clicked on

2023-08-31 08:31:28 - [TEST_STEP][PASSED] - verifyElementPresent(findTestObject("Product Title Text"), 10): Object 'Object Repository/Product Title Text' is present

2023-08-31 08:31:28 - [MESSAGE][PASSED] - Object 'Object Repository/Product Title Text' is present

2023-08-31 08:31:28 - [MESSAGE][PASSED] - Call Test Case 'Test Cases/Login/TC-Login-Success-001' successfully

2023-08-31 08:31:28 - [TEST_STEP][PASSED] - verifyElementPresent(findTestObject("Product Title Text"), 10): Object 'Object Repository/Product Title Text' is present

2023-08-31 08:31:28 - [MESSAGE][PASSED] - Object 'Object Repository/Product Title Text' is present]]></system-out>
         <system-err><![CDATA[]]></system-err>
      </testcase>
      <testcase name="Test Cases/Products/TC-Product-Sort-001" time="9.178" classname="Test Cases/Products/TC-Product-Sort-001" status="PASSED">
         <system-out><![CDATA[2023-08-31 08:31:28 - [TEST_CASE][PASSED] - Test Cases/Products/TC-Product-Sort-001: Test Cases/Products/TC-Product-Sort-001

2023-08-31 08:31:29 - [TEST_STEP][PASSED] - callTestCase(findTestCase("Products/TC-Product-Show-001"), [:], STOP_ON_FAILURE): Call Test Case 'Test Cases/Products/TC-Product-Show-001' successfully

2023-08-31 08:31:29 - [TEST_CASE][PASSED] - Test Cases/Products/TC-Product-Show-001: Test Cases/Products/TC-Product-Show-001

2023-08-31 08:31:29 - [TEST_STEP][PASSED] - callTestCase(findTestCase("Login/TC-Login-Success-001"), ["username":"standard_user", "password":"qcu24s4901FyWDTwXGr6XA=="], STOP_ON_FAILURE): Call Test Case 'Test Cases/Login/TC-Login-Success-001' successfully

2023-08-31 08:31:29 - [TEST_CASE][PASSED] - Test Cases/Login/TC-Login-Success-001: Test Cases/Login/TC-Login-Success-001

2023-08-31 08:31:29 - [TEST_STEP][PASSED] - openBrowser(WEB_URL): Browser is opened with url: 'https://www.saucedemo.com/'

2023-08-31 08:31:29 - [MESSAGE][WARNING] - A browser is already opened. Closing browser and opening a new one

2023-08-31 08:31:30 - [MESSAGE][INFO] - Starting 'Edge Chromium' driver

2023-08-31 08:31:32 - [MESSAGE][INFO] - Action delay is set to 0 milliseconds

2023-08-31 08:31:34 - [MESSAGE][PASSED] - Browser is opened with url: 'https://www.saucedemo.com/'

2023-08-31 08:31:34 - [TEST_STEP][PASSED] - verifyElementPresent(findTestObject("Login Title Text"), 10): Object 'Object Repository/Login Title Text' is present

2023-08-31 08:31:34 - [MESSAGE][PASSED] - Object 'Object Repository/Login Title Text' is present

2023-08-31 08:31:34 - [TEST_STEP][PASSED] - setText(findTestObject("Login Input Username"), username): Text 'standard_user' is set on object 'Object Repository/Login Input Username'

2023-08-31 08:31:35 - [MESSAGE][PASSED] - Text 'standard_user' is set on object 'Object Repository/Login Input Username'

2023-08-31 08:31:35 - [TEST_STEP][PASSED] - setEncryptedText(findTestObject("Login Input Password"), password): Text ****** has been set on object 'Object Repository/Login Input Password'

2023-08-31 08:31:35 - [MESSAGE][PASSED] - Text ****** has been set on object 'Object Repository/Login Input Password'

2023-08-31 08:31:35 - [TEST_STEP][PASSED] - click(findTestObject("Login Button")): Object: 'Object Repository/Login Button' is clicked on

2023-08-31 08:31:36 - [MESSAGE][PASSED] - Object: 'Object Repository/Login Button' is clicked on

2023-08-31 08:31:36 - [TEST_STEP][PASSED] - verifyElementPresent(findTestObject("Product Title Text"), 10): Object 'Object Repository/Product Title Text' is present

2023-08-31 08:31:36 - [MESSAGE][PASSED] - Object 'Object Repository/Product Title Text' is present

2023-08-31 08:31:36 - [MESSAGE][PASSED] - Call Test Case 'Test Cases/Login/TC-Login-Success-001' successfully

2023-08-31 08:31:36 - [TEST_STEP][PASSED] - verifyElementPresent(findTestObject("Product Title Text"), 10): Object 'Object Repository/Product Title Text' is present

2023-08-31 08:31:37 - [MESSAGE][PASSED] - Object 'Object Repository/Product Title Text' is present

2023-08-31 08:31:37 - [MESSAGE][PASSED] - Call Test Case 'Test Cases/Products/TC-Product-Show-001' successfully

2023-08-31 08:31:37 - [TEST_STEP][PASSED] - selectOptionByValue(findTestObject("Product Dropdown Sort"), "az", false): All options with value 'az' are selected in object 'Object Repository/Product Dropdown Sort' 

2023-08-31 08:31:37 - [MESSAGE][PASSED] - All options with value 'az' are selected in object 'Object Repository/Product Dropdown Sort' 

2023-08-31 08:31:37 - [TEST_STEP][PASSED] - dataList = findWebElements(findTestObject("Object Repository/Product Name List"), 10): null

2023-08-31 08:31:38 - [TEST_STEP][PASSED] - arrOri = []: null

2023-08-31 08:31:38 - [TEST_STEP][PASSED] - arrSort = []: null

2023-08-31 08:31:38 - [TEST_STEP][PASSED] - for ([i = 0, i < dataList.size(), (i++)]): null

2023-08-31 08:31:38 - [TEST_STEP][PASSED] - text = text: null

2023-08-31 08:31:38 - [TEST_STEP][PASSED] - arrOri[i] = text: null

2023-08-31 08:31:38 - [TEST_STEP][PASSED] - arrSort[i] = text: null

2023-08-31 08:31:38 - [TEST_STEP][PASSED] - text = text: null

2023-08-31 08:31:38 - [TEST_STEP][PASSED] - arrOri[i] = text: null

2023-08-31 08:31:38 - [TEST_STEP][PASSED] - arrSort[i] = text: null

2023-08-31 08:31:38 - [TEST_STEP][PASSED] - text = text: null

2023-08-31 08:31:38 - [TEST_STEP][PASSED] - arrOri[i] = text: null

2023-08-31 08:31:38 - [TEST_STEP][PASSED] - arrSort[i] = text: null

2023-08-31 08:31:38 - [TEST_STEP][PASSED] - text = text: null

2023-08-31 08:31:38 - [TEST_STEP][PASSED] - arrOri[i] = text: null

2023-08-31 08:31:38 - [TEST_STEP][PASSED] - arrSort[i] = text: null

2023-08-31 08:31:38 - [TEST_STEP][PASSED] - text = text: null

2023-08-31 08:31:38 - [TEST_STEP][PASSED] - arrOri[i] = text: null

2023-08-31 08:31:38 - [TEST_STEP][PASSED] - arrSort[i] = text: null

2023-08-31 08:31:38 - [TEST_STEP][PASSED] - text = text: null

2023-08-31 08:31:38 - [TEST_STEP][PASSED] - arrOri[i] = text: null

2023-08-31 08:31:38 - [TEST_STEP][PASSED] - arrSort[i] = text: null

2023-08-31 08:31:38 - [TEST_STEP][PASSED] - Arrays.sort(arrSort): null

2023-08-31 08:31:38 - [TEST_STEP][PASSED] - assert arrOri == arrSort: null]]></system-out>
         <system-err><![CDATA[]]></system-err>
      </testcase>
      <testcase name="Test Cases/Products/TC-Product-Sort-002" time="9.502" classname="Test Cases/Products/TC-Product-Sort-002" status="PASSED">
         <system-out><![CDATA[2023-08-31 08:31:38 - [TEST_CASE][PASSED] - Test Cases/Products/TC-Product-Sort-002: Test Cases/Products/TC-Product-Sort-002

2023-08-31 08:31:38 - [TEST_STEP][PASSED] - callTestCase(findTestCase("Products/TC-Product-Show-001"), [:], STOP_ON_FAILURE): Call Test Case 'Test Cases/Products/TC-Product-Show-001' successfully

2023-08-31 08:31:38 - [TEST_CASE][PASSED] - Test Cases/Products/TC-Product-Show-001: Test Cases/Products/TC-Product-Show-001

2023-08-31 08:31:38 - [TEST_STEP][PASSED] - callTestCase(findTestCase("Login/TC-Login-Success-001"), ["username":"standard_user", "password":"qcu24s4901FyWDTwXGr6XA=="], STOP_ON_FAILURE): Call Test Case 'Test Cases/Login/TC-Login-Success-001' successfully

2023-08-31 08:31:38 - [TEST_CASE][PASSED] - Test Cases/Login/TC-Login-Success-001: Test Cases/Login/TC-Login-Success-001

2023-08-31 08:31:38 - [TEST_STEP][PASSED] - openBrowser(WEB_URL): Browser is opened with url: 'https://www.saucedemo.com/'

2023-08-31 08:31:38 - [MESSAGE][WARNING] - A browser is already opened. Closing browser and opening a new one

2023-08-31 08:31:39 - [MESSAGE][INFO] - Starting 'Edge Chromium' driver

2023-08-31 08:31:41 - [MESSAGE][INFO] - Action delay is set to 0 milliseconds

2023-08-31 08:31:43 - [MESSAGE][PASSED] - Browser is opened with url: 'https://www.saucedemo.com/'

2023-08-31 08:31:43 - [TEST_STEP][PASSED] - verifyElementPresent(findTestObject("Login Title Text"), 10): Object 'Object Repository/Login Title Text' is present

2023-08-31 08:31:43 - [MESSAGE][PASSED] - Object 'Object Repository/Login Title Text' is present

2023-08-31 08:31:43 - [TEST_STEP][PASSED] - setText(findTestObject("Login Input Username"), username): Text 'standard_user' is set on object 'Object Repository/Login Input Username'

2023-08-31 08:31:44 - [MESSAGE][PASSED] - Text 'standard_user' is set on object 'Object Repository/Login Input Username'

2023-08-31 08:31:44 - [TEST_STEP][PASSED] - setEncryptedText(findTestObject("Login Input Password"), password): Text ****** has been set on object 'Object Repository/Login Input Password'

2023-08-31 08:31:45 - [MESSAGE][PASSED] - Text ****** has been set on object 'Object Repository/Login Input Password'

2023-08-31 08:31:45 - [TEST_STEP][PASSED] - click(findTestObject("Login Button")): Object: 'Object Repository/Login Button' is clicked on

2023-08-31 08:31:45 - [MESSAGE][PASSED] - Object: 'Object Repository/Login Button' is clicked on

2023-08-31 08:31:45 - [TEST_STEP][PASSED] - verifyElementPresent(findTestObject("Product Title Text"), 10): Object 'Object Repository/Product Title Text' is present

2023-08-31 08:31:45 - [MESSAGE][PASSED] - Object 'Object Repository/Product Title Text' is present

2023-08-31 08:31:45 - [MESSAGE][PASSED] - Call Test Case 'Test Cases/Login/TC-Login-Success-001' successfully

2023-08-31 08:31:45 - [TEST_STEP][PASSED] - verifyElementPresent(findTestObject("Product Title Text"), 10): Object 'Object Repository/Product Title Text' is present

2023-08-31 08:31:46 - [MESSAGE][PASSED] - Object 'Object Repository/Product Title Text' is present

2023-08-31 08:31:46 - [MESSAGE][PASSED] - Call Test Case 'Test Cases/Products/TC-Product-Show-001' successfully

2023-08-31 08:31:46 - [TEST_STEP][PASSED] - selectOptionByValue(findTestObject("Product Dropdown Sort"), "za", false): All options with value 'za' are selected in object 'Object Repository/Product Dropdown Sort' 

2023-08-31 08:31:47 - [MESSAGE][PASSED] - All options with value 'za' are selected in object 'Object Repository/Product Dropdown Sort' 

2023-08-31 08:31:47 - [TEST_STEP][PASSED] - dataList = findWebElements(findTestObject("Object Repository/Product Name List"), 10): null

2023-08-31 08:31:47 - [TEST_STEP][PASSED] - arrOri = []: null

2023-08-31 08:31:47 - [TEST_STEP][PASSED] - arrSort = []: null

2023-08-31 08:31:47 - [TEST_STEP][PASSED] - for ([i = 0, i < dataList.size(), (i++)]): null

2023-08-31 08:31:47 - [TEST_STEP][PASSED] - text = text: null

2023-08-31 08:31:47 - [TEST_STEP][PASSED] - arrOri[i] = text: null

2023-08-31 08:31:47 - [TEST_STEP][PASSED] - arrSort[i] = text: null

2023-08-31 08:31:47 - [TEST_STEP][PASSED] - text = text: null

2023-08-31 08:31:47 - [TEST_STEP][PASSED] - arrOri[i] = text: null

2023-08-31 08:31:47 - [TEST_STEP][PASSED] - arrSort[i] = text: null

2023-08-31 08:31:47 - [TEST_STEP][PASSED] - text = text: null

2023-08-31 08:31:47 - [TEST_STEP][PASSED] - arrOri[i] = text: null

2023-08-31 08:31:47 - [TEST_STEP][PASSED] - arrSort[i] = text: null

2023-08-31 08:31:47 - [TEST_STEP][PASSED] - text = text: null

2023-08-31 08:31:47 - [TEST_STEP][PASSED] - arrOri[i] = text: null

2023-08-31 08:31:47 - [TEST_STEP][PASSED] - arrSort[i] = text: null

2023-08-31 08:31:47 - [TEST_STEP][PASSED] - text = text: null

2023-08-31 08:31:47 - [TEST_STEP][PASSED] - arrOri[i] = text: null

2023-08-31 08:31:47 - [TEST_STEP][PASSED] - arrSort[i] = text: null

2023-08-31 08:31:47 - [TEST_STEP][PASSED] - text = text: null

2023-08-31 08:31:47 - [TEST_STEP][PASSED] - arrOri[i] = text: null

2023-08-31 08:31:47 - [TEST_STEP][PASSED] - arrSort[i] = text: null

2023-08-31 08:31:47 - [TEST_STEP][PASSED] - Arrays.sort(arrSort, Collections.reverseOrder()): null

2023-08-31 08:31:47 - [TEST_STEP][PASSED] - assert arrOri == arrSort: null]]></system-out>
         <system-err><![CDATA[]]></system-err>
      </testcase>
      <testcase name="Test Cases/Products/TC-Product-Sort-003" time="9.185" classname="Test Cases/Products/TC-Product-Sort-003" status="PASSED">
         <system-out><![CDATA[2023-08-31 08:31:47 - [TEST_CASE][PASSED] - Test Cases/Products/TC-Product-Sort-003: Test Cases/Products/TC-Product-Sort-003

2023-08-31 08:31:47 - [TEST_STEP][PASSED] - callTestCase(findTestCase("Products/TC-Product-Show-001"), [:], STOP_ON_FAILURE): Call Test Case 'Test Cases/Products/TC-Product-Show-001' successfully

2023-08-31 08:31:48 - [TEST_CASE][PASSED] - Test Cases/Products/TC-Product-Show-001: Test Cases/Products/TC-Product-Show-001

2023-08-31 08:31:48 - [TEST_STEP][PASSED] - callTestCase(findTestCase("Login/TC-Login-Success-001"), ["username":"standard_user", "password":"qcu24s4901FyWDTwXGr6XA=="], STOP_ON_FAILURE): Call Test Case 'Test Cases/Login/TC-Login-Success-001' successfully

2023-08-31 08:31:48 - [TEST_CASE][PASSED] - Test Cases/Login/TC-Login-Success-001: Test Cases/Login/TC-Login-Success-001

2023-08-31 08:31:48 - [TEST_STEP][PASSED] - openBrowser(WEB_URL): Browser is opened with url: 'https://www.saucedemo.com/'

2023-08-31 08:31:48 - [MESSAGE][WARNING] - A browser is already opened. Closing browser and opening a new one

2023-08-31 08:31:48 - [MESSAGE][INFO] - Starting 'Edge Chromium' driver

2023-08-31 08:31:51 - [MESSAGE][INFO] - Action delay is set to 0 milliseconds

2023-08-31 08:31:52 - [MESSAGE][PASSED] - Browser is opened with url: 'https://www.saucedemo.com/'

2023-08-31 08:31:52 - [TEST_STEP][PASSED] - verifyElementPresent(findTestObject("Login Title Text"), 10): Object 'Object Repository/Login Title Text' is present

2023-08-31 08:31:53 - [MESSAGE][PASSED] - Object 'Object Repository/Login Title Text' is present

2023-08-31 08:31:53 - [TEST_STEP][PASSED] - setText(findTestObject("Login Input Username"), username): Text 'standard_user' is set on object 'Object Repository/Login Input Username'

2023-08-31 08:31:53 - [MESSAGE][PASSED] - Text 'standard_user' is set on object 'Object Repository/Login Input Username'

2023-08-31 08:31:53 - [TEST_STEP][PASSED] - setEncryptedText(findTestObject("Login Input Password"), password): Text ****** has been set on object 'Object Repository/Login Input Password'

2023-08-31 08:31:54 - [MESSAGE][PASSED] - Text ****** has been set on object 'Object Repository/Login Input Password'

2023-08-31 08:31:54 - [TEST_STEP][PASSED] - click(findTestObject("Login Button")): Object: 'Object Repository/Login Button' is clicked on

2023-08-31 08:31:54 - [MESSAGE][PASSED] - Object: 'Object Repository/Login Button' is clicked on

2023-08-31 08:31:54 - [TEST_STEP][PASSED] - verifyElementPresent(findTestObject("Product Title Text"), 10): Object 'Object Repository/Product Title Text' is present

2023-08-31 08:31:55 - [MESSAGE][PASSED] - Object 'Object Repository/Product Title Text' is present

2023-08-31 08:31:55 - [MESSAGE][PASSED] - Call Test Case 'Test Cases/Login/TC-Login-Success-001' successfully

2023-08-31 08:31:55 - [TEST_STEP][PASSED] - verifyElementPresent(findTestObject("Product Title Text"), 10): Object 'Object Repository/Product Title Text' is present

2023-08-31 08:31:55 - [MESSAGE][PASSED] - Object 'Object Repository/Product Title Text' is present

2023-08-31 08:31:55 - [MESSAGE][PASSED] - Call Test Case 'Test Cases/Products/TC-Product-Show-001' successfully

2023-08-31 08:31:55 - [TEST_STEP][PASSED] - selectOptionByValue(findTestObject("Product Dropdown Sort"), "lohi", false): All options with value 'lohi' are selected in object 'Object Repository/Product Dropdown Sort' 

2023-08-31 08:31:56 - [MESSAGE][PASSED] - All options with value 'lohi' are selected in object 'Object Repository/Product Dropdown Sort' 

2023-08-31 08:31:56 - [TEST_STEP][PASSED] - dataList = findWebElements(findTestObject("Object Repository/Product Price List"), 10): null

2023-08-31 08:31:56 - [TEST_STEP][PASSED] - arrOri = []: null

2023-08-31 08:31:56 - [TEST_STEP][PASSED] - arrSort = []: null

2023-08-31 08:31:56 - [TEST_STEP][PASSED] - for ([i = 0, i < dataList.size(), (i++)]): null

2023-08-31 08:31:56 - [TEST_STEP][PASSED] - text = Double.parseDouble(text.replace("$", "")): null

2023-08-31 08:31:56 - [TEST_STEP][PASSED] - arrOri[i] = text: null

2023-08-31 08:31:56 - [TEST_STEP][PASSED] - arrSort[i] = text: null

2023-08-31 08:31:56 - [TEST_STEP][PASSED] - text = Double.parseDouble(text.replace("$", "")): null

2023-08-31 08:31:56 - [TEST_STEP][PASSED] - arrOri[i] = text: null

2023-08-31 08:31:56 - [TEST_STEP][PASSED] - arrSort[i] = text: null

2023-08-31 08:31:56 - [TEST_STEP][PASSED] - text = Double.parseDouble(text.replace("$", "")): null

2023-08-31 08:31:56 - [TEST_STEP][PASSED] - arrOri[i] = text: null

2023-08-31 08:31:56 - [TEST_STEP][PASSED] - arrSort[i] = text: null

2023-08-31 08:31:56 - [TEST_STEP][PASSED] - text = Double.parseDouble(text.replace("$", "")): null

2023-08-31 08:31:56 - [TEST_STEP][PASSED] - arrOri[i] = text: null

2023-08-31 08:31:56 - [TEST_STEP][PASSED] - arrSort[i] = text: null

2023-08-31 08:31:56 - [TEST_STEP][PASSED] - text = Double.parseDouble(text.replace("$", "")): null

2023-08-31 08:31:56 - [TEST_STEP][PASSED] - arrOri[i] = text: null

2023-08-31 08:31:56 - [TEST_STEP][PASSED] - arrSort[i] = text: null

2023-08-31 08:31:56 - [TEST_STEP][PASSED] - text = Double.parseDouble(text.replace("$", "")): null

2023-08-31 08:31:56 - [TEST_STEP][PASSED] - arrOri[i] = text: null

2023-08-31 08:31:56 - [TEST_STEP][PASSED] - arrSort[i] = text: null

2023-08-31 08:31:56 - [TEST_STEP][PASSED] - Arrays.sort(arrSort): null

2023-08-31 08:31:56 - [TEST_STEP][PASSED] - assert arrOri == arrSort: null]]></system-out>
         <system-err><![CDATA[]]></system-err>
      </testcase>
      <testcase name="Test Cases/Products/TC-Product-Sort-004" time="9.224" classname="Test Cases/Products/TC-Product-Sort-004" status="PASSED">
         <system-out><![CDATA[2023-08-31 08:31:56 - [TEST_CASE][PASSED] - Test Cases/Products/TC-Product-Sort-004: Test Cases/Products/TC-Product-Sort-004

2023-08-31 08:31:57 - [TEST_STEP][PASSED] - callTestCase(findTestCase("Products/TC-Product-Show-001"), [:], STOP_ON_FAILURE): Call Test Case 'Test Cases/Products/TC-Product-Show-001' successfully

2023-08-31 08:31:57 - [TEST_CASE][PASSED] - Test Cases/Products/TC-Product-Show-001: Test Cases/Products/TC-Product-Show-001

2023-08-31 08:31:57 - [TEST_STEP][PASSED] - callTestCase(findTestCase("Login/TC-Login-Success-001"), ["username":"standard_user", "password":"qcu24s4901FyWDTwXGr6XA=="], STOP_ON_FAILURE): Call Test Case 'Test Cases/Login/TC-Login-Success-001' successfully

2023-08-31 08:31:57 - [TEST_CASE][PASSED] - Test Cases/Login/TC-Login-Success-001: Test Cases/Login/TC-Login-Success-001

2023-08-31 08:31:57 - [TEST_STEP][PASSED] - openBrowser(WEB_URL): Browser is opened with url: 'https://www.saucedemo.com/'

2023-08-31 08:31:57 - [MESSAGE][WARNING] - A browser is already opened. Closing browser and opening a new one

2023-08-31 08:31:57 - [MESSAGE][INFO] - Starting 'Edge Chromium' driver

2023-08-31 08:32:00 - [MESSAGE][INFO] - Action delay is set to 0 milliseconds

2023-08-31 08:32:02 - [MESSAGE][PASSED] - Browser is opened with url: 'https://www.saucedemo.com/'

2023-08-31 08:32:02 - [TEST_STEP][PASSED] - verifyElementPresent(findTestObject("Login Title Text"), 10): Object 'Object Repository/Login Title Text' is present

2023-08-31 08:32:02 - [MESSAGE][PASSED] - Object 'Object Repository/Login Title Text' is present

2023-08-31 08:32:02 - [TEST_STEP][PASSED] - setText(findTestObject("Login Input Username"), username): Text 'standard_user' is set on object 'Object Repository/Login Input Username'

2023-08-31 08:32:03 - [MESSAGE][PASSED] - Text 'standard_user' is set on object 'Object Repository/Login Input Username'

2023-08-31 08:32:03 - [TEST_STEP][PASSED] - setEncryptedText(findTestObject("Login Input Password"), password): Text ****** has been set on object 'Object Repository/Login Input Password'

2023-08-31 08:32:03 - [MESSAGE][PASSED] - Text ****** has been set on object 'Object Repository/Login Input Password'

2023-08-31 08:32:03 - [TEST_STEP][PASSED] - click(findTestObject("Login Button")): Object: 'Object Repository/Login Button' is clicked on

2023-08-31 08:32:03 - [MESSAGE][PASSED] - Object: 'Object Repository/Login Button' is clicked on

2023-08-31 08:32:03 - [TEST_STEP][PASSED] - verifyElementPresent(findTestObject("Product Title Text"), 10): Object 'Object Repository/Product Title Text' is present

2023-08-31 08:32:04 - [MESSAGE][PASSED] - Object 'Object Repository/Product Title Text' is present

2023-08-31 08:32:04 - [MESSAGE][PASSED] - Call Test Case 'Test Cases/Login/TC-Login-Success-001' successfully

2023-08-31 08:32:04 - [TEST_STEP][PASSED] - verifyElementPresent(findTestObject("Product Title Text"), 10): Object 'Object Repository/Product Title Text' is present

2023-08-31 08:32:04 - [MESSAGE][PASSED] - Object 'Object Repository/Product Title Text' is present

2023-08-31 08:32:04 - [MESSAGE][PASSED] - Call Test Case 'Test Cases/Products/TC-Product-Show-001' successfully

2023-08-31 08:32:04 - [TEST_STEP][PASSED] - selectOptionByValue(findTestObject("Product Dropdown Sort"), "hilo", false): All options with value 'hilo' are selected in object 'Object Repository/Product Dropdown Sort' 

2023-08-31 08:32:05 - [MESSAGE][PASSED] - All options with value 'hilo' are selected in object 'Object Repository/Product Dropdown Sort' 

2023-08-31 08:32:05 - [TEST_STEP][PASSED] - dataList = findWebElements(findTestObject("Object Repository/Product Price List"), 10): null

2023-08-31 08:32:06 - [TEST_STEP][PASSED] - arrOri = []: null

2023-08-31 08:32:06 - [TEST_STEP][PASSED] - arrSort = []: null

2023-08-31 08:32:06 - [TEST_STEP][PASSED] - for ([i = 0, i < dataList.size(), (i++)]): null

2023-08-31 08:32:06 - [TEST_STEP][PASSED] - text = Double.parseDouble(text.replace("$", "")): null

2023-08-31 08:32:06 - [TEST_STEP][PASSED] - arrOri[i] = text: null

2023-08-31 08:32:06 - [TEST_STEP][PASSED] - arrSort[i] = text: null

2023-08-31 08:32:06 - [TEST_STEP][PASSED] - text = Double.parseDouble(text.replace("$", "")): null

2023-08-31 08:32:06 - [TEST_STEP][PASSED] - arrOri[i] = text: null

2023-08-31 08:32:06 - [TEST_STEP][PASSED] - arrSort[i] = text: null

2023-08-31 08:32:06 - [TEST_STEP][PASSED] - text = Double.parseDouble(text.replace("$", "")): null

2023-08-31 08:32:06 - [TEST_STEP][PASSED] - arrOri[i] = text: null

2023-08-31 08:32:06 - [TEST_STEP][PASSED] - arrSort[i] = text: null

2023-08-31 08:32:06 - [TEST_STEP][PASSED] - text = Double.parseDouble(text.replace("$", "")): null

2023-08-31 08:32:06 - [TEST_STEP][PASSED] - arrOri[i] = text: null

2023-08-31 08:32:06 - [TEST_STEP][PASSED] - arrSort[i] = text: null

2023-08-31 08:32:06 - [TEST_STEP][PASSED] - text = Double.parseDouble(text.replace("$", "")): null

2023-08-31 08:32:06 - [TEST_STEP][PASSED] - arrOri[i] = text: null

2023-08-31 08:32:06 - [TEST_STEP][PASSED] - arrSort[i] = text: null

2023-08-31 08:32:06 - [TEST_STEP][PASSED] - text = Double.parseDouble(text.replace("$", "")): null

2023-08-31 08:32:06 - [TEST_STEP][PASSED] - arrOri[i] = text: null

2023-08-31 08:32:06 - [TEST_STEP][PASSED] - arrSort[i] = text: null

2023-08-31 08:32:06 - [TEST_STEP][PASSED] - Arrays.sort(arrSort, Collections.reverseOrder()): null

2023-08-31 08:32:06 - [TEST_STEP][PASSED] - assert arrOri == arrSort: null]]></system-out>
         <system-err><![CDATA[]]></system-err>
      </testcase>
      <testcase name="Test Cases/Detail Product/TC-DetailProduct-AddCart-001" time="11.444" classname="Test Cases/Detail Product/TC-DetailProduct-AddCart-001" status="PASSED">
         <system-out><![CDATA[2023-08-31 08:32:06 - [TEST_CASE][PASSED] - Test Cases/Detail Product/TC-DetailProduct-AddCart-001: Test Cases/Detail Product/TC-DetailProduct-AddCart-001

2023-08-31 08:32:06 - [TEST_STEP][PASSED] - callTestCase(findTestCase("Detail Product/TC-DetailProduct-Show-001"), [:], STOP_ON_FAILURE): Call Test Case 'Test Cases/Detail Product/TC-DetailProduct-Show-001' successfully

2023-08-31 08:32:06 - [TEST_CASE][PASSED] - Test Cases/Detail Product/TC-DetailProduct-Show-001: Test Cases/Detail Product/TC-DetailProduct-Show-001

2023-08-31 08:32:06 - [TEST_STEP][PASSED] - callTestCase(findTestCase("Login/TC-Login-Success-001"), ["username":"standard_user", "password":"qcu24s4901FyWDTwXGr6XA=="], STOP_ON_FAILURE): Call Test Case 'Test Cases/Login/TC-Login-Success-001' successfully

2023-08-31 08:32:06 - [TEST_CASE][PASSED] - Test Cases/Login/TC-Login-Success-001: Test Cases/Login/TC-Login-Success-001

2023-08-31 08:32:06 - [TEST_STEP][PASSED] - openBrowser(WEB_URL): Browser is opened with url: 'https://www.saucedemo.com/'

2023-08-31 08:32:06 - [MESSAGE][WARNING] - A browser is already opened. Closing browser and opening a new one

2023-08-31 08:32:07 - [MESSAGE][INFO] - Starting 'Edge Chromium' driver

2023-08-31 08:32:09 - [MESSAGE][INFO] - Action delay is set to 0 milliseconds

2023-08-31 08:32:11 - [MESSAGE][PASSED] - Browser is opened with url: 'https://www.saucedemo.com/'

2023-08-31 08:32:11 - [TEST_STEP][PASSED] - verifyElementPresent(findTestObject("Login Title Text"), 10): Object 'Object Repository/Login Title Text' is present

2023-08-31 08:32:11 - [MESSAGE][PASSED] - Object 'Object Repository/Login Title Text' is present

2023-08-31 08:32:11 - [TEST_STEP][PASSED] - setText(findTestObject("Login Input Username"), username): Text 'standard_user' is set on object 'Object Repository/Login Input Username'

2023-08-31 08:32:12 - [MESSAGE][PASSED] - Text 'standard_user' is set on object 'Object Repository/Login Input Username'

2023-08-31 08:32:12 - [TEST_STEP][PASSED] - setEncryptedText(findTestObject("Login Input Password"), password): Text ****** has been set on object 'Object Repository/Login Input Password'

2023-08-31 08:32:12 - [MESSAGE][PASSED] - Text ****** has been set on object 'Object Repository/Login Input Password'

2023-08-31 08:32:12 - [TEST_STEP][PASSED] - click(findTestObject("Login Button")): Object: 'Object Repository/Login Button' is clicked on

2023-08-31 08:32:13 - [MESSAGE][PASSED] - Object: 'Object Repository/Login Button' is clicked on

2023-08-31 08:32:13 - [TEST_STEP][PASSED] - verifyElementPresent(findTestObject("Product Title Text"), 10): Object 'Object Repository/Product Title Text' is present

2023-08-31 08:32:13 - [MESSAGE][PASSED] - Object 'Object Repository/Product Title Text' is present

2023-08-31 08:32:13 - [MESSAGE][PASSED] - Call Test Case 'Test Cases/Login/TC-Login-Success-001' successfully

2023-08-31 08:32:13 - [TEST_STEP][PASSED] - name = getText(findTestObject("Product Text Name Product 1")): Text of object 'Object Repository/Product Text Name Product 1' is: 'Sauce Labs Backpack'

2023-08-31 08:32:14 - [MESSAGE][PASSED] - Text of object 'Object Repository/Product Text Name Product 1' is: 'Sauce Labs Backpack'

2023-08-31 08:32:14 - [TEST_STEP][PASSED] - desc = getText(findTestObject("Product Text Desc Product 1")): Text of object 'Object Repository/Product Text Desc Product 1' is: 'carry.allTheThings() with the sleek, streamlined Sly Pack that melds uncompromising style with unequaled laptop and tablet protection.'

2023-08-31 08:32:14 - [MESSAGE][PASSED] - Text of object 'Object Repository/Product Text Desc Product 1' is: 'carry.allTheThings() with the sleek, streamlined Sly Pack that melds uncompromising style with unequaled laptop and tablet protection.'

2023-08-31 08:32:14 - [TEST_STEP][PASSED] - price = getText(findTestObject("Product Text Price Product 1")): Text of object 'Object Repository/Product Text Price Product 1' is: '$29.99'

2023-08-31 08:32:14 - [MESSAGE][PASSED] - Text of object 'Object Repository/Product Text Price Product 1' is: '$29.99'

2023-08-31 08:32:14 - [TEST_STEP][PASSED] - click(findTestObject("Product Text Product 1")): Object: 'Object Repository/Product Text Product 1' is clicked on

2023-08-31 08:32:15 - [MESSAGE][PASSED] - Object: 'Object Repository/Product Text Product 1' is clicked on

2023-08-31 08:32:15 - [TEST_STEP][PASSED] - verifyElementText(findTestObject("Detail Product Text Name Product 1"), name): Actual text and expected text of test object 'Object Repository/Detail Product Text Name Product 1' are matched.

2023-08-31 08:32:15 - [MESSAGE][PASSED] - Actual text and expected text of test object 'Object Repository/Detail Product Text Name Product 1' are matched.

2023-08-31 08:32:15 - [TEST_STEP][PASSED] - verifyElementText(findTestObject("Detail Product Text Desc Product 1"), desc): Actual text and expected text of test object 'Object Repository/Detail Product Text Desc Product 1' are matched.

2023-08-31 08:32:16 - [MESSAGE][PASSED] - Actual text and expected text of test object 'Object Repository/Detail Product Text Desc Product 1' are matched.

2023-08-31 08:32:16 - [TEST_STEP][PASSED] - verifyElementText(findTestObject("Detail Product Text Price Product 1"), price): Actual text and expected text of test object 'Object Repository/Detail Product Text Price Product 1' are matched.

2023-08-31 08:32:16 - [MESSAGE][PASSED] - Actual text and expected text of test object 'Object Repository/Detail Product Text Price Product 1' are matched.

2023-08-31 08:32:16 - [MESSAGE][PASSED] - Call Test Case 'Test Cases/Detail Product/TC-DetailProduct-Show-001' successfully

2023-08-31 08:32:16 - [TEST_STEP][PASSED] - click(findTestObject("Detail Product Button ATC Product 1")): Object: 'Object Repository/Detail Product Button ATC Product 1' is clicked on

2023-08-31 08:32:16 - [MESSAGE][PASSED] - Object: 'Object Repository/Detail Product Button ATC Product 1' is clicked on

2023-08-31 08:32:16 - [TEST_STEP][PASSED] - verifyElementText(findTestObject("Detail Product Button Remove Product 1"), "Remove"): Actual text and expected text of test object 'Object Repository/Detail Product Button Remove Product 1' are matched.

2023-08-31 08:32:17 - [MESSAGE][PASSED] - Actual text and expected text of test object 'Object Repository/Detail Product Button Remove Product 1' are matched.

2023-08-31 08:32:17 - [TEST_STEP][PASSED] - verifyElementText(findTestObject("Product Label Icon Cart"), "1"): Actual text and expected text of test object 'Object Repository/Product Label Icon Cart' are matched.

2023-08-31 08:32:17 - [MESSAGE][PASSED] - Actual text and expected text of test object 'Object Repository/Product Label Icon Cart' are matched.]]></system-out>
         <system-err><![CDATA[]]></system-err>
      </testcase>
      <testcase name="Test Cases/Detail Product/TC-DetailProduct-Nav-001" time="10.982" classname="Test Cases/Detail Product/TC-DetailProduct-Nav-001" status="PASSED">
         <system-out><![CDATA[2023-08-31 08:32:17 - [TEST_CASE][PASSED] - Test Cases/Detail Product/TC-DetailProduct-Nav-001: Test Cases/Detail Product/TC-DetailProduct-Nav-001

2023-08-31 08:32:17 - [TEST_STEP][PASSED] - callTestCase(findTestCase("Detail Product/TC-DetailProduct-Show-001"), [:], STOP_ON_FAILURE): Call Test Case 'Test Cases/Detail Product/TC-DetailProduct-Show-001' successfully

2023-08-31 08:32:17 - [TEST_CASE][PASSED] - Test Cases/Detail Product/TC-DetailProduct-Show-001: Test Cases/Detail Product/TC-DetailProduct-Show-001

2023-08-31 08:32:17 - [TEST_STEP][PASSED] - callTestCase(findTestCase("Login/TC-Login-Success-001"), ["username":"standard_user", "password":"qcu24s4901FyWDTwXGr6XA=="], STOP_ON_FAILURE): Call Test Case 'Test Cases/Login/TC-Login-Success-001' successfully

2023-08-31 08:32:17 - [TEST_CASE][PASSED] - Test Cases/Login/TC-Login-Success-001: Test Cases/Login/TC-Login-Success-001

2023-08-31 08:32:17 - [TEST_STEP][PASSED] - openBrowser(WEB_URL): Browser is opened with url: 'https://www.saucedemo.com/'

2023-08-31 08:32:17 - [MESSAGE][WARNING] - A browser is already opened. Closing browser and opening a new one

2023-08-31 08:32:18 - [MESSAGE][INFO] - Starting 'Edge Chromium' driver

2023-08-31 08:32:20 - [MESSAGE][INFO] - Action delay is set to 0 milliseconds

2023-08-31 08:32:22 - [MESSAGE][PASSED] - Browser is opened with url: 'https://www.saucedemo.com/'

2023-08-31 08:32:22 - [TEST_STEP][PASSED] - verifyElementPresent(findTestObject("Login Title Text"), 10): Object 'Object Repository/Login Title Text' is present

2023-08-31 08:32:23 - [MESSAGE][PASSED] - Object 'Object Repository/Login Title Text' is present

2023-08-31 08:32:23 - [TEST_STEP][PASSED] - setText(findTestObject("Login Input Username"), username): Text 'standard_user' is set on object 'Object Repository/Login Input Username'

2023-08-31 08:32:23 - [MESSAGE][PASSED] - Text 'standard_user' is set on object 'Object Repository/Login Input Username'

2023-08-31 08:32:23 - [TEST_STEP][PASSED] - setEncryptedText(findTestObject("Login Input Password"), password): Text ****** has been set on object 'Object Repository/Login Input Password'

2023-08-31 08:32:24 - [MESSAGE][PASSED] - Text ****** has been set on object 'Object Repository/Login Input Password'

2023-08-31 08:32:24 - [TEST_STEP][PASSED] - click(findTestObject("Login Button")): Object: 'Object Repository/Login Button' is clicked on

2023-08-31 08:32:24 - [MESSAGE][PASSED] - Object: 'Object Repository/Login Button' is clicked on

2023-08-31 08:32:24 - [TEST_STEP][PASSED] - verifyElementPresent(findTestObject("Product Title Text"), 10): Object 'Object Repository/Product Title Text' is present

2023-08-31 08:32:25 - [MESSAGE][PASSED] - Object 'Object Repository/Product Title Text' is present

2023-08-31 08:32:25 - [MESSAGE][PASSED] - Call Test Case 'Test Cases/Login/TC-Login-Success-001' successfully

2023-08-31 08:32:25 - [TEST_STEP][PASSED] - name = getText(findTestObject("Product Text Name Product 1")): Text of object 'Object Repository/Product Text Name Product 1' is: 'Sauce Labs Backpack'

2023-08-31 08:32:25 - [MESSAGE][PASSED] - Text of object 'Object Repository/Product Text Name Product 1' is: 'Sauce Labs Backpack'

2023-08-31 08:32:25 - [TEST_STEP][PASSED] - desc = getText(findTestObject("Product Text Desc Product 1")): Text of object 'Object Repository/Product Text Desc Product 1' is: 'carry.allTheThings() with the sleek, streamlined Sly Pack that melds uncompromising style with unequaled laptop and tablet protection.'

2023-08-31 08:32:25 - [MESSAGE][PASSED] - Text of object 'Object Repository/Product Text Desc Product 1' is: 'carry.allTheThings() with the sleek, streamlined Sly Pack that melds uncompromising style with unequaled laptop and tablet protection.'

2023-08-31 08:32:25 - [TEST_STEP][PASSED] - price = getText(findTestObject("Product Text Price Product 1")): Text of object 'Object Repository/Product Text Price Product 1' is: '$29.99'

2023-08-31 08:32:26 - [MESSAGE][PASSED] - Text of object 'Object Repository/Product Text Price Product 1' is: '$29.99'

2023-08-31 08:32:26 - [TEST_STEP][PASSED] - click(findTestObject("Product Text Product 1")): Object: 'Object Repository/Product Text Product 1' is clicked on

2023-08-31 08:32:26 - [MESSAGE][PASSED] - Object: 'Object Repository/Product Text Product 1' is clicked on

2023-08-31 08:32:26 - [TEST_STEP][PASSED] - verifyElementText(findTestObject("Detail Product Text Name Product 1"), name): Actual text and expected text of test object 'Object Repository/Detail Product Text Name Product 1' are matched.

2023-08-31 08:32:26 - [MESSAGE][PASSED] - Actual text and expected text of test object 'Object Repository/Detail Product Text Name Product 1' are matched.

2023-08-31 08:32:26 - [TEST_STEP][PASSED] - verifyElementText(findTestObject("Detail Product Text Desc Product 1"), desc): Actual text and expected text of test object 'Object Repository/Detail Product Text Desc Product 1' are matched.

2023-08-31 08:32:27 - [MESSAGE][PASSED] - Actual text and expected text of test object 'Object Repository/Detail Product Text Desc Product 1' are matched.

2023-08-31 08:32:27 - [TEST_STEP][PASSED] - verifyElementText(findTestObject("Detail Product Text Price Product 1"), price): Actual text and expected text of test object 'Object Repository/Detail Product Text Price Product 1' are matched.

2023-08-31 08:32:27 - [MESSAGE][PASSED] - Actual text and expected text of test object 'Object Repository/Detail Product Text Price Product 1' are matched.

2023-08-31 08:32:27 - [MESSAGE][PASSED] - Call Test Case 'Test Cases/Detail Product/TC-DetailProduct-Show-001' successfully

2023-08-31 08:32:27 - [TEST_STEP][PASSED] - click(findTestObject("Detail Product Button Back To Product")): Object: 'Object Repository/Detail Product Button Back To Product' is clicked on

2023-08-31 08:32:27 - [MESSAGE][PASSED] - Object: 'Object Repository/Detail Product Button Back To Product' is clicked on

2023-08-31 08:32:27 - [TEST_STEP][PASSED] - verifyElementPresent(findTestObject("Product Title Text"), 10): Object 'Object Repository/Product Title Text' is present

2023-08-31 08:32:28 - [MESSAGE][PASSED] - Object 'Object Repository/Product Title Text' is present]]></system-out>
         <system-err><![CDATA[]]></system-err>
      </testcase>
      <testcase name="Test Cases/Detail Product/TC-DetailProduct-RemoveCart-001" time="12.517" classname="Test Cases/Detail Product/TC-DetailProduct-RemoveCart-001" status="PASSED">
         <system-out><![CDATA[2023-08-31 08:32:28 - [TEST_CASE][PASSED] - Test Cases/Detail Product/TC-DetailProduct-RemoveCart-001: Test Cases/Detail Product/TC-DetailProduct-RemoveCart-001

2023-08-31 08:32:28 - [TEST_STEP][PASSED] - callTestCase(findTestCase("Detail Product/TC-DetailProduct-AddCart-001"), [:], STOP_ON_FAILURE): Call Test Case 'Test Cases/Detail Product/TC-DetailProduct-AddCart-001' successfully

2023-08-31 08:32:28 - [TEST_CASE][PASSED] - Test Cases/Detail Product/TC-DetailProduct-AddCart-001: Test Cases/Detail Product/TC-DetailProduct-AddCart-001

2023-08-31 08:32:28 - [TEST_STEP][PASSED] - callTestCase(findTestCase("Detail Product/TC-DetailProduct-Show-001"), [:], STOP_ON_FAILURE): Call Test Case 'Test Cases/Detail Product/TC-DetailProduct-Show-001' successfully

2023-08-31 08:32:28 - [TEST_CASE][PASSED] - Test Cases/Detail Product/TC-DetailProduct-Show-001: Test Cases/Detail Product/TC-DetailProduct-Show-001

2023-08-31 08:32:28 - [TEST_STEP][PASSED] - callTestCase(findTestCase("Login/TC-Login-Success-001"), ["username":"standard_user", "password":"qcu24s4901FyWDTwXGr6XA=="], STOP_ON_FAILURE): Call Test Case 'Test Cases/Login/TC-Login-Success-001' successfully

2023-08-31 08:32:28 - [TEST_CASE][PASSED] - Test Cases/Login/TC-Login-Success-001: Test Cases/Login/TC-Login-Success-001

2023-08-31 08:32:28 - [TEST_STEP][PASSED] - openBrowser(WEB_URL): Browser is opened with url: 'https://www.saucedemo.com/'

2023-08-31 08:32:28 - [MESSAGE][WARNING] - A browser is already opened. Closing browser and opening a new one

2023-08-31 08:32:29 - [MESSAGE][INFO] - Starting 'Edge Chromium' driver

2023-08-31 08:32:31 - [MESSAGE][INFO] - Action delay is set to 0 milliseconds

2023-08-31 08:32:33 - [MESSAGE][PASSED] - Browser is opened with url: 'https://www.saucedemo.com/'

2023-08-31 08:32:33 - [TEST_STEP][PASSED] - verifyElementPresent(findTestObject("Login Title Text"), 10): Object 'Object Repository/Login Title Text' is present

2023-08-31 08:32:34 - [MESSAGE][PASSED] - Object 'Object Repository/Login Title Text' is present

2023-08-31 08:32:34 - [TEST_STEP][PASSED] - setText(findTestObject("Login Input Username"), username): Text 'standard_user' is set on object 'Object Repository/Login Input Username'

2023-08-31 08:32:34 - [MESSAGE][PASSED] - Text 'standard_user' is set on object 'Object Repository/Login Input Username'

2023-08-31 08:32:34 - [TEST_STEP][PASSED] - setEncryptedText(findTestObject("Login Input Password"), password): Text ****** has been set on object 'Object Repository/Login Input Password'

2023-08-31 08:32:35 - [MESSAGE][PASSED] - Text ****** has been set on object 'Object Repository/Login Input Password'

2023-08-31 08:32:35 - [TEST_STEP][PASSED] - click(findTestObject("Login Button")): Object: 'Object Repository/Login Button' is clicked on

2023-08-31 08:32:35 - [MESSAGE][PASSED] - Object: 'Object Repository/Login Button' is clicked on

2023-08-31 08:32:35 - [TEST_STEP][PASSED] - verifyElementPresent(findTestObject("Product Title Text"), 10): Object 'Object Repository/Product Title Text' is present

2023-08-31 08:32:36 - [MESSAGE][PASSED] - Object 'Object Repository/Product Title Text' is present

2023-08-31 08:32:36 - [MESSAGE][PASSED] - Call Test Case 'Test Cases/Login/TC-Login-Success-001' successfully

2023-08-31 08:32:36 - [TEST_STEP][PASSED] - name = getText(findTestObject("Product Text Name Product 1")): Text of object 'Object Repository/Product Text Name Product 1' is: 'Sauce Labs Backpack'

2023-08-31 08:32:36 - [MESSAGE][PASSED] - Text of object 'Object Repository/Product Text Name Product 1' is: 'Sauce Labs Backpack'

2023-08-31 08:32:36 - [TEST_STEP][PASSED] - desc = getText(findTestObject("Product Text Desc Product 1")): Text of object 'Object Repository/Product Text Desc Product 1' is: 'carry.allTheThings() with the sleek, streamlined Sly Pack that melds uncompromising style with unequaled laptop and tablet protection.'

2023-08-31 08:32:37 - [MESSAGE][PASSED] - Text of object 'Object Repository/Product Text Desc Product 1' is: 'carry.allTheThings() with the sleek, streamlined Sly Pack that melds uncompromising style with unequaled laptop and tablet protection.'

2023-08-31 08:32:37 - [TEST_STEP][PASSED] - price = getText(findTestObject("Product Text Price Product 1")): Text of object 'Object Repository/Product Text Price Product 1' is: '$29.99'

2023-08-31 08:32:37 - [MESSAGE][PASSED] - Text of object 'Object Repository/Product Text Price Product 1' is: '$29.99'

2023-08-31 08:32:37 - [TEST_STEP][PASSED] - click(findTestObject("Product Text Product 1")): Object: 'Object Repository/Product Text Product 1' is clicked on

2023-08-31 08:32:37 - [MESSAGE][PASSED] - Object: 'Object Repository/Product Text Product 1' is clicked on

2023-08-31 08:32:37 - [TEST_STEP][PASSED] - verifyElementText(findTestObject("Detail Product Text Name Product 1"), name): Actual text and expected text of test object 'Object Repository/Detail Product Text Name Product 1' are matched.

2023-08-31 08:32:38 - [MESSAGE][PASSED] - Actual text and expected text of test object 'Object Repository/Detail Product Text Name Product 1' are matched.

2023-08-31 08:32:38 - [TEST_STEP][PASSED] - verifyElementText(findTestObject("Detail Product Text Desc Product 1"), desc): Actual text and expected text of test object 'Object Repository/Detail Product Text Desc Product 1' are matched.

2023-08-31 08:32:38 - [MESSAGE][PASSED] - Actual text and expected text of test object 'Object Repository/Detail Product Text Desc Product 1' are matched.

2023-08-31 08:32:38 - [TEST_STEP][PASSED] - verifyElementText(findTestObject("Detail Product Text Price Product 1"), price): Actual text and expected text of test object 'Object Repository/Detail Product Text Price Product 1' are matched.

2023-08-31 08:32:38 - [MESSAGE][PASSED] - Actual text and expected text of test object 'Object Repository/Detail Product Text Price Product 1' are matched.

2023-08-31 08:32:38 - [MESSAGE][PASSED] - Call Test Case 'Test Cases/Detail Product/TC-DetailProduct-Show-001' successfully

2023-08-31 08:32:38 - [TEST_STEP][PASSED] - click(findTestObject("Detail Product Button ATC Product 1")): Object: 'Object Repository/Detail Product Button ATC Product 1' is clicked on

2023-08-31 08:32:39 - [MESSAGE][PASSED] - Object: 'Object Repository/Detail Product Button ATC Product 1' is clicked on

2023-08-31 08:32:39 - [TEST_STEP][PASSED] - verifyElementText(findTestObject("Detail Product Button Remove Product 1"), "Remove"): Actual text and expected text of test object 'Object Repository/Detail Product Button Remove Product 1' are matched.

2023-08-31 08:32:39 - [MESSAGE][PASSED] - Actual text and expected text of test object 'Object Repository/Detail Product Button Remove Product 1' are matched.

2023-08-31 08:32:39 - [TEST_STEP][PASSED] - verifyElementText(findTestObject("Product Label Icon Cart"), "1"): Actual text and expected text of test object 'Object Repository/Product Label Icon Cart' are matched.

2023-08-31 08:32:39 - [MESSAGE][PASSED] - Actual text and expected text of test object 'Object Repository/Product Label Icon Cart' are matched.

2023-08-31 08:32:39 - [MESSAGE][PASSED] - Call Test Case 'Test Cases/Detail Product/TC-DetailProduct-AddCart-001' successfully

2023-08-31 08:32:39 - [TEST_STEP][PASSED] - click(findTestObject("Detail Product Button Remove Product 1")): Object: 'Object Repository/Detail Product Button Remove Product 1' is clicked on

2023-08-31 08:32:40 - [MESSAGE][PASSED] - Object: 'Object Repository/Detail Product Button Remove Product 1' is clicked on

2023-08-31 08:32:40 - [TEST_STEP][PASSED] - verifyElementText(findTestObject("Detail Product Button ATC Product 1"), "Add to cart"): Actual text and expected text of test object 'Object Repository/Detail Product Button ATC Product 1' are matched.

2023-08-31 08:32:40 - [MESSAGE][PASSED] - Actual text and expected text of test object 'Object Repository/Detail Product Button ATC Product 1' are matched.

2023-08-31 08:32:40 - [TEST_STEP][PASSED] - verifyElementNotPresent(findTestObject("Product Label Icon Cart"), 10): Web element with id: 'Object Repository/Product Label Icon Cart' located by 'By.xpath: //div[@id='shopping_cart_container']/a/span' is not present after '10' second(s)

2023-08-31 08:32:41 - [MESSAGE][PASSED] - Web element with id: 'Object Repository/Product Label Icon Cart' located by 'By.xpath: //div[@id='shopping_cart_container']/a/span' is not present after '10' second(s)]]></system-out>
         <system-err><![CDATA[]]></system-err>
      </testcase>
      <testcase name="Test Cases/Detail Product/TC-DetailProduct-Show-001" time="9.894" classname="Test Cases/Detail Product/TC-DetailProduct-Show-001" status="PASSED">
         <system-out><![CDATA[2023-08-31 08:32:41 - [TEST_CASE][PASSED] - Test Cases/Detail Product/TC-DetailProduct-Show-001: Test Cases/Detail Product/TC-DetailProduct-Show-001

2023-08-31 08:32:41 - [TEST_STEP][PASSED] - callTestCase(findTestCase("Login/TC-Login-Success-001"), ["username":"standard_user", "password":"qcu24s4901FyWDTwXGr6XA=="], STOP_ON_FAILURE): Call Test Case 'Test Cases/Login/TC-Login-Success-001' successfully

2023-08-31 08:32:41 - [TEST_CASE][PASSED] - Test Cases/Login/TC-Login-Success-001: Test Cases/Login/TC-Login-Success-001

2023-08-31 08:32:41 - [TEST_STEP][PASSED] - openBrowser(WEB_URL): Browser is opened with url: 'https://www.saucedemo.com/'

2023-08-31 08:32:41 - [MESSAGE][WARNING] - A browser is already opened. Closing browser and opening a new one

2023-08-31 08:32:41 - [MESSAGE][INFO] - Starting 'Edge Chromium' driver

2023-08-31 08:32:43 - [MESSAGE][INFO] - Action delay is set to 0 milliseconds

2023-08-31 08:32:46 - [MESSAGE][PASSED] - Browser is opened with url: 'https://www.saucedemo.com/'

2023-08-31 08:32:46 - [TEST_STEP][PASSED] - verifyElementPresent(findTestObject("Login Title Text"), 10): Object 'Object Repository/Login Title Text' is present

2023-08-31 08:32:46 - [MESSAGE][PASSED] - Object 'Object Repository/Login Title Text' is present

2023-08-31 08:32:46 - [TEST_STEP][PASSED] - setText(findTestObject("Login Input Username"), username): Text 'standard_user' is set on object 'Object Repository/Login Input Username'

2023-08-31 08:32:46 - [MESSAGE][PASSED] - Text 'standard_user' is set on object 'Object Repository/Login Input Username'

2023-08-31 08:32:46 - [TEST_STEP][PASSED] - setEncryptedText(findTestObject("Login Input Password"), password): Text ****** has been set on object 'Object Repository/Login Input Password'

2023-08-31 08:32:47 - [MESSAGE][PASSED] - Text ****** has been set on object 'Object Repository/Login Input Password'

2023-08-31 08:32:47 - [TEST_STEP][PASSED] - click(findTestObject("Login Button")): Object: 'Object Repository/Login Button' is clicked on

2023-08-31 08:32:47 - [MESSAGE][PASSED] - Object: 'Object Repository/Login Button' is clicked on

2023-08-31 08:32:47 - [TEST_STEP][PASSED] - verifyElementPresent(findTestObject("Product Title Text"), 10): Object 'Object Repository/Product Title Text' is present

2023-08-31 08:32:48 - [MESSAGE][PASSED] - Object 'Object Repository/Product Title Text' is present

2023-08-31 08:32:48 - [MESSAGE][PASSED] - Call Test Case 'Test Cases/Login/TC-Login-Success-001' successfully

2023-08-31 08:32:48 - [TEST_STEP][PASSED] - name = getText(findTestObject("Product Text Name Product 1")): Text of object 'Object Repository/Product Text Name Product 1' is: 'Sauce Labs Backpack'

2023-08-31 08:32:48 - [MESSAGE][PASSED] - Text of object 'Object Repository/Product Text Name Product 1' is: 'Sauce Labs Backpack'

2023-08-31 08:32:48 - [TEST_STEP][PASSED] - desc = getText(findTestObject("Product Text Desc Product 1")): Text of object 'Object Repository/Product Text Desc Product 1' is: 'carry.allTheThings() with the sleek, streamlined Sly Pack that melds uncompromising style with unequaled laptop and tablet protection.'

2023-08-31 08:32:49 - [MESSAGE][PASSED] - Text of object 'Object Repository/Product Text Desc Product 1' is: 'carry.allTheThings() with the sleek, streamlined Sly Pack that melds uncompromising style with unequaled laptop and tablet protection.'

2023-08-31 08:32:49 - [TEST_STEP][PASSED] - price = getText(findTestObject("Product Text Price Product 1")): Text of object 'Object Repository/Product Text Price Product 1' is: '$29.99'

2023-08-31 08:32:49 - [MESSAGE][PASSED] - Text of object 'Object Repository/Product Text Price Product 1' is: '$29.99'

2023-08-31 08:32:49 - [TEST_STEP][PASSED] - click(findTestObject("Product Text Product 1")): Object: 'Object Repository/Product Text Product 1' is clicked on

2023-08-31 08:32:49 - [MESSAGE][PASSED] - Object: 'Object Repository/Product Text Product 1' is clicked on

2023-08-31 08:32:49 - [TEST_STEP][PASSED] - verifyElementText(findTestObject("Detail Product Text Name Product 1"), name): Actual text and expected text of test object 'Object Repository/Detail Product Text Name Product 1' are matched.

2023-08-31 08:32:50 - [MESSAGE][PASSED] - Actual text and expected text of test object 'Object Repository/Detail Product Text Name Product 1' are matched.

2023-08-31 08:32:50 - [TEST_STEP][PASSED] - verifyElementText(findTestObject("Detail Product Text Desc Product 1"), desc): Actual text and expected text of test object 'Object Repository/Detail Product Text Desc Product 1' are matched.

2023-08-31 08:32:50 - [MESSAGE][PASSED] - Actual text and expected text of test object 'Object Repository/Detail Product Text Desc Product 1' are matched.

2023-08-31 08:32:50 - [TEST_STEP][PASSED] - verifyElementText(findTestObject("Detail Product Text Price Product 1"), price): Actual text and expected text of test object 'Object Repository/Detail Product Text Price Product 1' are matched.

2023-08-31 08:32:50 - [MESSAGE][PASSED] - Actual text and expected text of test object 'Object Repository/Detail Product Text Price Product 1' are matched.]]></system-out>
         <system-err><![CDATA[]]></system-err>
      </testcase>
      <testcase name="Test Cases/Keranjang/TC-Cart-Nav-001" time="13.583" classname="Test Cases/Keranjang/TC-Cart-Nav-001" status="PASSED">
         <system-out><![CDATA[2023-08-31 08:32:50 - [TEST_CASE][PASSED] - Test Cases/Keranjang/TC-Cart-Nav-001: Test Cases/Keranjang/TC-Cart-Nav-001

2023-08-31 08:32:51 - [TEST_STEP][PASSED] - callTestCase(findTestCase("Keranjang/TC-Cart-Show-002"), [:], STOP_ON_FAILURE): Call Test Case 'Test Cases/Keranjang/TC-Cart-Show-002' successfully

2023-08-31 08:32:51 - [TEST_CASE][PASSED] - Test Cases/Keranjang/TC-Cart-Show-002: Test Cases/Keranjang/TC-Cart-Show-002

2023-08-31 08:32:51 - [TEST_STEP][PASSED] - data = callTestCase(findTestCase("Products/TC-Product-AddCart-001"), [:], STOP_ON_FAILURE): Call Test Case 'Test Cases/Products/TC-Product-AddCart-001' successfully

2023-08-31 08:32:51 - [TEST_CASE][PASSED] - Test Cases/Products/TC-Product-AddCart-001: Test Cases/Products/TC-Product-AddCart-001

2023-08-31 08:32:51 - [TEST_STEP][PASSED] - callTestCase(findTestCase("Products/TC-Product-Show-001"), [:], STOP_ON_FAILURE): Call Test Case 'Test Cases/Products/TC-Product-Show-001' successfully

2023-08-31 08:32:51 - [TEST_CASE][PASSED] - Test Cases/Products/TC-Product-Show-001: Test Cases/Products/TC-Product-Show-001

2023-08-31 08:32:51 - [TEST_STEP][PASSED] - callTestCase(findTestCase("Login/TC-Login-Success-001"), ["username":"standard_user", "password":"qcu24s4901FyWDTwXGr6XA=="], STOP_ON_FAILURE): Call Test Case 'Test Cases/Login/TC-Login-Success-001' successfully

2023-08-31 08:32:51 - [TEST_CASE][PASSED] - Test Cases/Login/TC-Login-Success-001: Test Cases/Login/TC-Login-Success-001

2023-08-31 08:32:51 - [TEST_STEP][PASSED] - openBrowser(WEB_URL): Browser is opened with url: 'https://www.saucedemo.com/'

2023-08-31 08:32:51 - [MESSAGE][WARNING] - A browser is already opened. Closing browser and opening a new one

2023-08-31 08:32:52 - [MESSAGE][INFO] - Starting 'Edge Chromium' driver

2023-08-31 08:32:54 - [MESSAGE][INFO] - Action delay is set to 0 milliseconds

2023-08-31 08:32:56 - [MESSAGE][PASSED] - Browser is opened with url: 'https://www.saucedemo.com/'

2023-08-31 08:32:56 - [TEST_STEP][PASSED] - verifyElementPresent(findTestObject("Login Title Text"), 10): Object 'Object Repository/Login Title Text' is present

2023-08-31 08:32:57 - [MESSAGE][PASSED] - Object 'Object Repository/Login Title Text' is present

2023-08-31 08:32:57 - [TEST_STEP][PASSED] - setText(findTestObject("Login Input Username"), username): Text 'standard_user' is set on object 'Object Repository/Login Input Username'

2023-08-31 08:32:57 - [MESSAGE][PASSED] - Text 'standard_user' is set on object 'Object Repository/Login Input Username'

2023-08-31 08:32:57 - [TEST_STEP][PASSED] - setEncryptedText(findTestObject("Login Input Password"), password): Text ****** has been set on object 'Object Repository/Login Input Password'

2023-08-31 08:32:58 - [MESSAGE][PASSED] - Text ****** has been set on object 'Object Repository/Login Input Password'

2023-08-31 08:32:58 - [TEST_STEP][PASSED] - click(findTestObject("Login Button")): Object: 'Object Repository/Login Button' is clicked on

2023-08-31 08:32:58 - [MESSAGE][PASSED] - Object: 'Object Repository/Login Button' is clicked on

2023-08-31 08:32:58 - [TEST_STEP][PASSED] - verifyElementPresent(findTestObject("Product Title Text"), 10): Object 'Object Repository/Product Title Text' is present

2023-08-31 08:32:59 - [MESSAGE][PASSED] - Object 'Object Repository/Product Title Text' is present

2023-08-31 08:32:59 - [MESSAGE][PASSED] - Call Test Case 'Test Cases/Login/TC-Login-Success-001' successfully

2023-08-31 08:32:59 - [TEST_STEP][PASSED] - verifyElementPresent(findTestObject("Product Title Text"), 10): Object 'Object Repository/Product Title Text' is present

2023-08-31 08:32:59 - [MESSAGE][PASSED] - Object 'Object Repository/Product Title Text' is present

2023-08-31 08:32:59 - [MESSAGE][PASSED] - Call Test Case 'Test Cases/Products/TC-Product-Show-001' successfully

2023-08-31 08:32:59 - [TEST_STEP][PASSED] - click(findTestObject("Product Button ATC Product 1")): Object: 'Object Repository/Product Button ATC Product 1' is clicked on

2023-08-31 08:32:59 - [MESSAGE][PASSED] - Object: 'Object Repository/Product Button ATC Product 1' is clicked on

2023-08-31 08:32:59 - [TEST_STEP][PASSED] - verifyElementText(findTestObject("Product Button Remove Product 1"), "Remove"): Actual text and expected text of test object 'Object Repository/Product Button Remove Product 1' are matched.

2023-08-31 08:33:00 - [MESSAGE][PASSED] - Actual text and expected text of test object 'Object Repository/Product Button Remove Product 1' are matched.

2023-08-31 08:33:00 - [TEST_STEP][PASSED] - verifyElementText(findTestObject("Product Label Icon Cart"), "1"): Actual text and expected text of test object 'Object Repository/Product Label Icon Cart' are matched.

2023-08-31 08:33:00 - [MESSAGE][PASSED] - Actual text and expected text of test object 'Object Repository/Product Label Icon Cart' are matched.

2023-08-31 08:33:00 - [TEST_STEP][PASSED] - name = getText(findTestObject("Product Text Name Product 1")): Text of object 'Object Repository/Product Text Name Product 1' is: 'Sauce Labs Backpack'

2023-08-31 08:33:01 - [MESSAGE][PASSED] - Text of object 'Object Repository/Product Text Name Product 1' is: 'Sauce Labs Backpack'

2023-08-31 08:33:01 - [TEST_STEP][PASSED] - desc = getText(findTestObject("Product Text Desc Product 1")): Text of object 'Object Repository/Product Text Desc Product 1' is: 'carry.allTheThings() with the sleek, streamlined Sly Pack that melds uncompromising style with unequaled laptop and tablet protection.'

2023-08-31 08:33:01 - [MESSAGE][PASSED] - Text of object 'Object Repository/Product Text Desc Product 1' is: 'carry.allTheThings() with the sleek, streamlined Sly Pack that melds uncompromising style with unequaled laptop and tablet protection.'

2023-08-31 08:33:01 - [TEST_STEP][PASSED] - prize = getText(findTestObject("Product Text Price Product 1")): Text of object 'Object Repository/Product Text Price Product 1' is: '$29.99'

2023-08-31 08:33:01 - [MESSAGE][PASSED] - Text of object 'Object Repository/Product Text Price Product 1' is: '$29.99'

2023-08-31 08:33:01 - [TEST_STEP][PASSED] - data = new java.util.HashMap(): null

2023-08-31 08:33:01 - [TEST_STEP][PASSED] - data.put("product_name", name): null

2023-08-31 08:33:01 - [TEST_STEP][PASSED] - data.put("product_desc", desc): null

2023-08-31 08:33:01 - [TEST_STEP][PASSED] - data.put("product_price", prize): null

2023-08-31 08:33:01 - [TEST_STEP][PASSED] - return data: null

2023-08-31 08:33:01 - [MESSAGE][PASSED] - Call Test Case 'Test Cases/Products/TC-Product-AddCart-001' successfully

2023-08-31 08:33:01 - [TEST_STEP][PASSED] - click(findTestObject("Product Icon Cart")): Object: 'Object Repository/Product Icon Cart' is clicked on

2023-08-31 08:33:02 - [MESSAGE][PASSED] - Object: 'Object Repository/Product Icon Cart' is clicked on

2023-08-31 08:33:02 - [TEST_STEP][PASSED] - verifyElementPresent(findTestObject("Cart Title Text"), 10): Object 'Object Repository/Cart Title Text' is present

2023-08-31 08:33:02 - [MESSAGE][PASSED] - Object 'Object Repository/Cart Title Text' is present

2023-08-31 08:33:02 - [TEST_STEP][PASSED] - name = getText(findTestObject("Cart Text Product 1 Title")): Text of object 'Object Repository/Cart Text Product 1 Title' is: 'Sauce Labs Backpack'

2023-08-31 08:33:03 - [MESSAGE][PASSED] - Text of object 'Object Repository/Cart Text Product 1 Title' is: 'Sauce Labs Backpack'

2023-08-31 08:33:03 - [TEST_STEP][PASSED] - desc = getText(findTestObject("Cart Text Product 1 Desc")): Text of object 'Object Repository/Cart Text Product 1 Desc' is: 'carry.allTheThings() with the sleek, streamlined Sly Pack that melds uncompromising style with unequaled laptop and tablet protection.'

2023-08-31 08:33:03 - [MESSAGE][PASSED] - Text of object 'Object Repository/Cart Text Product 1 Desc' is: 'carry.allTheThings() with the sleek, streamlined Sly Pack that melds uncompromising style with unequaled laptop and tablet protection.'

2023-08-31 08:33:03 - [TEST_STEP][PASSED] - price = getText(findTestObject("Cart Text Product 1 Price")): Text of object 'Object Repository/Cart Text Product 1 Price' is: '$29.99'

2023-08-31 08:33:03 - [MESSAGE][PASSED] - Text of object 'Object Repository/Cart Text Product 1 Price' is: '$29.99'

2023-08-31 08:33:03 - [TEST_STEP][PASSED] - assert name == data.get("product_name"): null

2023-08-31 08:33:03 - [TEST_STEP][PASSED] - assert desc == data.get("product_desc"): null

2023-08-31 08:33:03 - [TEST_STEP][PASSED] - assert price == data.get("product_price"): null

2023-08-31 08:33:03 - [TEST_STEP][PASSED] - return data: null

2023-08-31 08:33:03 - [MESSAGE][PASSED] - Call Test Case 'Test Cases/Keranjang/TC-Cart-Show-002' successfully

2023-08-31 08:33:03 - [TEST_STEP][PASSED] - click(findTestObject("Cart Button Continue Shopping")): Object: 'Object Repository/Cart Button Continue Shopping' is clicked on

2023-08-31 08:33:03 - [MESSAGE][PASSED] - Object: 'Object Repository/Cart Button Continue Shopping' is clicked on

2023-08-31 08:33:03 - [TEST_STEP][PASSED] - verifyElementPresent(findTestObject("Product Title Text"), 10): Object 'Object Repository/Product Title Text' is present

2023-08-31 08:33:04 - [MESSAGE][PASSED] - Object 'Object Repository/Product Title Text' is present]]></system-out>
         <system-err><![CDATA[]]></system-err>
      </testcase>
      <testcase name="Test Cases/Keranjang/TC-Cart-Nav-002" time="14.485" classname="Test Cases/Keranjang/TC-Cart-Nav-002" status="PASSED">
         <system-out><![CDATA[2023-08-31 08:33:04 - [TEST_CASE][PASSED] - Test Cases/Keranjang/TC-Cart-Nav-002: Test Cases/Keranjang/TC-Cart-Nav-002

2023-08-31 08:33:04 - [TEST_STEP][PASSED] - callTestCase(findTestCase("Keranjang/TC-Cart-Show-002"), [:], STOP_ON_FAILURE): Call Test Case 'Test Cases/Keranjang/TC-Cart-Show-002' successfully

2023-08-31 08:33:04 - [TEST_CASE][PASSED] - Test Cases/Keranjang/TC-Cart-Show-002: Test Cases/Keranjang/TC-Cart-Show-002

2023-08-31 08:33:04 - [TEST_STEP][PASSED] - data = callTestCase(findTestCase("Products/TC-Product-AddCart-001"), [:], STOP_ON_FAILURE): Call Test Case 'Test Cases/Products/TC-Product-AddCart-001' successfully

2023-08-31 08:33:04 - [TEST_CASE][PASSED] - Test Cases/Products/TC-Product-AddCart-001: Test Cases/Products/TC-Product-AddCart-001

2023-08-31 08:33:04 - [TEST_STEP][PASSED] - callTestCase(findTestCase("Products/TC-Product-Show-001"), [:], STOP_ON_FAILURE): Call Test Case 'Test Cases/Products/TC-Product-Show-001' successfully

2023-08-31 08:33:04 - [TEST_CASE][PASSED] - Test Cases/Products/TC-Product-Show-001: Test Cases/Products/TC-Product-Show-001

2023-08-31 08:33:04 - [TEST_STEP][PASSED] - callTestCase(findTestCase("Login/TC-Login-Success-001"), ["username":"standard_user", "password":"qcu24s4901FyWDTwXGr6XA=="], STOP_ON_FAILURE): Call Test Case 'Test Cases/Login/TC-Login-Success-001' successfully

2023-08-31 08:33:04 - [TEST_CASE][PASSED] - Test Cases/Login/TC-Login-Success-001: Test Cases/Login/TC-Login-Success-001

2023-08-31 08:33:04 - [TEST_STEP][PASSED] - openBrowser(WEB_URL): Browser is opened with url: 'https://www.saucedemo.com/'

2023-08-31 08:33:04 - [MESSAGE][WARNING] - A browser is already opened. Closing browser and opening a new one

2023-08-31 08:33:05 - [MESSAGE][INFO] - Starting 'Edge Chromium' driver

2023-08-31 08:33:07 - [MESSAGE][INFO] - Action delay is set to 0 milliseconds

2023-08-31 08:33:09 - [MESSAGE][PASSED] - Browser is opened with url: 'https://www.saucedemo.com/'

2023-08-31 08:33:09 - [TEST_STEP][PASSED] - verifyElementPresent(findTestObject("Login Title Text"), 10): Object 'Object Repository/Login Title Text' is present

2023-08-31 08:33:10 - [MESSAGE][PASSED] - Object 'Object Repository/Login Title Text' is present

2023-08-31 08:33:10 - [TEST_STEP][PASSED] - setText(findTestObject("Login Input Username"), username): Text 'standard_user' is set on object 'Object Repository/Login Input Username'

2023-08-31 08:33:10 - [MESSAGE][PASSED] - Text 'standard_user' is set on object 'Object Repository/Login Input Username'

2023-08-31 08:33:10 - [TEST_STEP][PASSED] - setEncryptedText(findTestObject("Login Input Password"), password): Text ****** has been set on object 'Object Repository/Login Input Password'

2023-08-31 08:33:11 - [MESSAGE][PASSED] - Text ****** has been set on object 'Object Repository/Login Input Password'

2023-08-31 08:33:11 - [TEST_STEP][PASSED] - click(findTestObject("Login Button")): Object: 'Object Repository/Login Button' is clicked on

2023-08-31 08:33:11 - [MESSAGE][PASSED] - Object: 'Object Repository/Login Button' is clicked on

2023-08-31 08:33:11 - [TEST_STEP][PASSED] - verifyElementPresent(findTestObject("Product Title Text"), 10): Object 'Object Repository/Product Title Text' is present

2023-08-31 08:33:12 - [MESSAGE][PASSED] - Object 'Object Repository/Product Title Text' is present

2023-08-31 08:33:12 - [MESSAGE][PASSED] - Call Test Case 'Test Cases/Login/TC-Login-Success-001' successfully

2023-08-31 08:33:12 - [TEST_STEP][PASSED] - verifyElementPresent(findTestObject("Product Title Text"), 10): Object 'Object Repository/Product Title Text' is present

2023-08-31 08:33:12 - [MESSAGE][PASSED] - Object 'Object Repository/Product Title Text' is present

2023-08-31 08:33:12 - [MESSAGE][PASSED] - Call Test Case 'Test Cases/Products/TC-Product-Show-001' successfully

2023-08-31 08:33:12 - [TEST_STEP][PASSED] - click(findTestObject("Product Button ATC Product 1")): Object: 'Object Repository/Product Button ATC Product 1' is clicked on

2023-08-31 08:33:13 - [MESSAGE][PASSED] - Object: 'Object Repository/Product Button ATC Product 1' is clicked on

2023-08-31 08:33:13 - [TEST_STEP][PASSED] - verifyElementText(findTestObject("Product Button Remove Product 1"), "Remove"): Actual text and expected text of test object 'Object Repository/Product Button Remove Product 1' are matched.

2023-08-31 08:33:13 - [MESSAGE][PASSED] - Actual text and expected text of test object 'Object Repository/Product Button Remove Product 1' are matched.

2023-08-31 08:33:13 - [TEST_STEP][PASSED] - verifyElementText(findTestObject("Product Label Icon Cart"), "1"): Actual text and expected text of test object 'Object Repository/Product Label Icon Cart' are matched.

2023-08-31 08:33:13 - [MESSAGE][PASSED] - Actual text and expected text of test object 'Object Repository/Product Label Icon Cart' are matched.

2023-08-31 08:33:13 - [TEST_STEP][PASSED] - name = getText(findTestObject("Product Text Name Product 1")): Text of object 'Object Repository/Product Text Name Product 1' is: 'Sauce Labs Backpack'

2023-08-31 08:33:14 - [MESSAGE][PASSED] - Text of object 'Object Repository/Product Text Name Product 1' is: 'Sauce Labs Backpack'

2023-08-31 08:33:14 - [TEST_STEP][PASSED] - desc = getText(findTestObject("Product Text Desc Product 1")): Text of object 'Object Repository/Product Text Desc Product 1' is: 'carry.allTheThings() with the sleek, streamlined Sly Pack that melds uncompromising style with unequaled laptop and tablet protection.'

2023-08-31 08:33:14 - [MESSAGE][PASSED] - Text of object 'Object Repository/Product Text Desc Product 1' is: 'carry.allTheThings() with the sleek, streamlined Sly Pack that melds uncompromising style with unequaled laptop and tablet protection.'

2023-08-31 08:33:14 - [TEST_STEP][PASSED] - prize = getText(findTestObject("Product Text Price Product 1")): Text of object 'Object Repository/Product Text Price Product 1' is: '$29.99'

2023-08-31 08:33:14 - [MESSAGE][PASSED] - Text of object 'Object Repository/Product Text Price Product 1' is: '$29.99'

2023-08-31 08:33:14 - [TEST_STEP][PASSED] - data = new java.util.HashMap(): null

2023-08-31 08:33:14 - [TEST_STEP][PASSED] - data.put("product_name", name): null

2023-08-31 08:33:14 - [TEST_STEP][PASSED] - data.put("product_desc", desc): null

2023-08-31 08:33:14 - [TEST_STEP][PASSED] - data.put("product_price", prize): null

2023-08-31 08:33:14 - [TEST_STEP][PASSED] - return data: null

2023-08-31 08:33:14 - [MESSAGE][PASSED] - Call Test Case 'Test Cases/Products/TC-Product-AddCart-001' successfully

2023-08-31 08:33:14 - [TEST_STEP][PASSED] - click(findTestObject("Product Icon Cart")): Object: 'Object Repository/Product Icon Cart' is clicked on

2023-08-31 08:33:15 - [MESSAGE][PASSED] - Object: 'Object Repository/Product Icon Cart' is clicked on

2023-08-31 08:33:15 - [TEST_STEP][PASSED] - verifyElementPresent(findTestObject("Cart Title Text"), 10): Object 'Object Repository/Cart Title Text' is present

2023-08-31 08:33:15 - [MESSAGE][PASSED] - Object 'Object Repository/Cart Title Text' is present

2023-08-31 08:33:15 - [TEST_STEP][PASSED] - name = getText(findTestObject("Cart Text Product 1 Title")): Text of object 'Object Repository/Cart Text Product 1 Title' is: 'Sauce Labs Backpack'

2023-08-31 08:33:15 - [MESSAGE][PASSED] - Text of object 'Object Repository/Cart Text Product 1 Title' is: 'Sauce Labs Backpack'

2023-08-31 08:33:15 - [TEST_STEP][PASSED] - desc = getText(findTestObject("Cart Text Product 1 Desc")): Text of object 'Object Repository/Cart Text Product 1 Desc' is: 'carry.allTheThings() with the sleek, streamlined Sly Pack that melds uncompromising style with unequaled laptop and tablet protection.'

2023-08-31 08:33:16 - [MESSAGE][PASSED] - Text of object 'Object Repository/Cart Text Product 1 Desc' is: 'carry.allTheThings() with the sleek, streamlined Sly Pack that melds uncompromising style with unequaled laptop and tablet protection.'

2023-08-31 08:33:16 - [TEST_STEP][PASSED] - price = getText(findTestObject("Cart Text Product 1 Price")): Text of object 'Object Repository/Cart Text Product 1 Price' is: '$29.99'

2023-08-31 08:33:16 - [MESSAGE][PASSED] - Text of object 'Object Repository/Cart Text Product 1 Price' is: '$29.99'

2023-08-31 08:33:16 - [TEST_STEP][PASSED] - assert name == data.get("product_name"): null

2023-08-31 08:33:16 - [TEST_STEP][PASSED] - assert desc == data.get("product_desc"): null

2023-08-31 08:33:16 - [TEST_STEP][PASSED] - assert price == data.get("product_price"): null

2023-08-31 08:33:16 - [TEST_STEP][PASSED] - return data: null

2023-08-31 08:33:16 - [MESSAGE][PASSED] - Call Test Case 'Test Cases/Keranjang/TC-Cart-Show-002' successfully

2023-08-31 08:33:16 - [TEST_STEP][PASSED] - title = getText(findTestObject("Cart Text Product 1 Title")): Text of object 'Object Repository/Cart Text Product 1 Title' is: 'Sauce Labs Backpack'

2023-08-31 08:33:16 - [MESSAGE][PASSED] - Text of object 'Object Repository/Cart Text Product 1 Title' is: 'Sauce Labs Backpack'

2023-08-31 08:33:16 - [TEST_STEP][PASSED] - desc = getText(findTestObject("Cart Text Product 1 Desc")): Text of object 'Object Repository/Cart Text Product 1 Desc' is: 'carry.allTheThings() with the sleek, streamlined Sly Pack that melds uncompromising style with unequaled laptop and tablet protection.'

2023-08-31 08:33:17 - [MESSAGE][PASSED] - Text of object 'Object Repository/Cart Text Product 1 Desc' is: 'carry.allTheThings() with the sleek, streamlined Sly Pack that melds uncompromising style with unequaled laptop and tablet protection.'

2023-08-31 08:33:17 - [TEST_STEP][PASSED] - price = getText(findTestObject("Cart Text Product 1 Price")).replace("Remove", ""): Text of object 'Object Repository/Cart Text Product 1 Price' is: '$29.99'

2023-08-31 08:33:17 - [MESSAGE][PASSED] - Text of object 'Object Repository/Cart Text Product 1 Price' is: '$29.99'

2023-08-31 08:33:17 - [TEST_STEP][PASSED] - click(findTestObject("Cart Text Product 1")): Object: 'Object Repository/Cart Text Product 1' is clicked on

2023-08-31 08:33:17 - [MESSAGE][PASSED] - Object: 'Object Repository/Cart Text Product 1' is clicked on

2023-08-31 08:33:17 - [TEST_STEP][PASSED] - verifyElementText(findTestObject("Detail Product Text Name Product 1"), title): Actual text and expected text of test object 'Object Repository/Detail Product Text Name Product 1' are matched.

2023-08-31 08:33:18 - [MESSAGE][PASSED] - Actual text and expected text of test object 'Object Repository/Detail Product Text Name Product 1' are matched.

2023-08-31 08:33:18 - [TEST_STEP][PASSED] - verifyElementText(findTestObject("Detail Product Text Desc Product 1"), desc): Actual text and expected text of test object 'Object Repository/Detail Product Text Desc Product 1' are matched.

2023-08-31 08:33:18 - [MESSAGE][PASSED] - Actual text and expected text of test object 'Object Repository/Detail Product Text Desc Product 1' are matched.

2023-08-31 08:33:18 - [TEST_STEP][PASSED] - verifyElementText(findTestObject("Detail Product Text Price Product 1"), price): Actual text and expected text of test object 'Object Repository/Detail Product Text Price Product 1' are matched.

2023-08-31 08:33:18 - [MESSAGE][PASSED] - Actual text and expected text of test object 'Object Repository/Detail Product Text Price Product 1' are matched.]]></system-out>
         <system-err><![CDATA[]]></system-err>
      </testcase>
      <testcase name="Test Cases/Keranjang/TC-Cart-Remove-001" time="12.68" classname="Test Cases/Keranjang/TC-Cart-Remove-001" status="PASSED">
         <system-out><![CDATA[2023-08-31 08:33:18 - [TEST_CASE][PASSED] - Test Cases/Keranjang/TC-Cart-Remove-001: Test Cases/Keranjang/TC-Cart-Remove-001

2023-08-31 08:33:19 - [TEST_STEP][PASSED] - callTestCase(findTestCase("Keranjang/TC-Cart-Show-002"), [:], STOP_ON_FAILURE): Call Test Case 'Test Cases/Keranjang/TC-Cart-Show-002' successfully

2023-08-31 08:33:19 - [TEST_CASE][PASSED] - Test Cases/Keranjang/TC-Cart-Show-002: Test Cases/Keranjang/TC-Cart-Show-002

2023-08-31 08:33:19 - [TEST_STEP][PASSED] - data = callTestCase(findTestCase("Products/TC-Product-AddCart-001"), [:], STOP_ON_FAILURE): Call Test Case 'Test Cases/Products/TC-Product-AddCart-001' successfully

2023-08-31 08:33:19 - [TEST_CASE][PASSED] - Test Cases/Products/TC-Product-AddCart-001: Test Cases/Products/TC-Product-AddCart-001

2023-08-31 08:33:19 - [TEST_STEP][PASSED] - callTestCase(findTestCase("Products/TC-Product-Show-001"), [:], STOP_ON_FAILURE): Call Test Case 'Test Cases/Products/TC-Product-Show-001' successfully

2023-08-31 08:33:19 - [TEST_CASE][PASSED] - Test Cases/Products/TC-Product-Show-001: Test Cases/Products/TC-Product-Show-001

2023-08-31 08:33:19 - [TEST_STEP][PASSED] - callTestCase(findTestCase("Login/TC-Login-Success-001"), ["username":"standard_user", "password":"qcu24s4901FyWDTwXGr6XA=="], STOP_ON_FAILURE): Call Test Case 'Test Cases/Login/TC-Login-Success-001' successfully

2023-08-31 08:33:19 - [TEST_CASE][PASSED] - Test Cases/Login/TC-Login-Success-001: Test Cases/Login/TC-Login-Success-001

2023-08-31 08:33:19 - [TEST_STEP][PASSED] - openBrowser(WEB_URL): Browser is opened with url: 'https://www.saucedemo.com/'

2023-08-31 08:33:19 - [MESSAGE][WARNING] - A browser is already opened. Closing browser and opening a new one

2023-08-31 08:33:20 - [MESSAGE][INFO] - Starting 'Edge Chromium' driver

2023-08-31 08:33:22 - [MESSAGE][INFO] - Action delay is set to 0 milliseconds

2023-08-31 08:33:24 - [MESSAGE][PASSED] - Browser is opened with url: 'https://www.saucedemo.com/'

2023-08-31 08:33:24 - [TEST_STEP][PASSED] - verifyElementPresent(findTestObject("Login Title Text"), 10): Object 'Object Repository/Login Title Text' is present

2023-08-31 08:33:24 - [MESSAGE][PASSED] - Object 'Object Repository/Login Title Text' is present

2023-08-31 08:33:24 - [TEST_STEP][PASSED] - setText(findTestObject("Login Input Username"), username): Text 'standard_user' is set on object 'Object Repository/Login Input Username'

2023-08-31 08:33:25 - [MESSAGE][PASSED] - Text 'standard_user' is set on object 'Object Repository/Login Input Username'

2023-08-31 08:33:25 - [TEST_STEP][PASSED] - setEncryptedText(findTestObject("Login Input Password"), password): Text ****** has been set on object 'Object Repository/Login Input Password'

2023-08-31 08:33:25 - [MESSAGE][PASSED] - Text ****** has been set on object 'Object Repository/Login Input Password'

2023-08-31 08:33:25 - [TEST_STEP][PASSED] - click(findTestObject("Login Button")): Object: 'Object Repository/Login Button' is clicked on

2023-08-31 08:33:26 - [MESSAGE][PASSED] - Object: 'Object Repository/Login Button' is clicked on

2023-08-31 08:33:26 - [TEST_STEP][PASSED] - verifyElementPresent(findTestObject("Product Title Text"), 10): Object 'Object Repository/Product Title Text' is present

2023-08-31 08:33:26 - [MESSAGE][PASSED] - Object 'Object Repository/Product Title Text' is present

2023-08-31 08:33:26 - [MESSAGE][PASSED] - Call Test Case 'Test Cases/Login/TC-Login-Success-001' successfully

2023-08-31 08:33:26 - [TEST_STEP][PASSED] - verifyElementPresent(findTestObject("Product Title Text"), 10): Object 'Object Repository/Product Title Text' is present

2023-08-31 08:33:27 - [MESSAGE][PASSED] - Object 'Object Repository/Product Title Text' is present

2023-08-31 08:33:27 - [MESSAGE][PASSED] - Call Test Case 'Test Cases/Products/TC-Product-Show-001' successfully

2023-08-31 08:33:27 - [TEST_STEP][PASSED] - click(findTestObject("Product Button ATC Product 1")): Object: 'Object Repository/Product Button ATC Product 1' is clicked on

2023-08-31 08:33:27 - [MESSAGE][PASSED] - Object: 'Object Repository/Product Button ATC Product 1' is clicked on

2023-08-31 08:33:27 - [TEST_STEP][PASSED] - verifyElementText(findTestObject("Product Button Remove Product 1"), "Remove"): Actual text and expected text of test object 'Object Repository/Product Button Remove Product 1' are matched.

2023-08-31 08:33:27 - [MESSAGE][PASSED] - Actual text and expected text of test object 'Object Repository/Product Button Remove Product 1' are matched.

2023-08-31 08:33:27 - [TEST_STEP][PASSED] - verifyElementText(findTestObject("Product Label Icon Cart"), "1"): Actual text and expected text of test object 'Object Repository/Product Label Icon Cart' are matched.

2023-08-31 08:33:28 - [MESSAGE][PASSED] - Actual text and expected text of test object 'Object Repository/Product Label Icon Cart' are matched.

2023-08-31 08:33:28 - [TEST_STEP][PASSED] - name = getText(findTestObject("Product Text Name Product 1")): Text of object 'Object Repository/Product Text Name Product 1' is: 'Sauce Labs Backpack'

2023-08-31 08:33:28 - [MESSAGE][PASSED] - Text of object 'Object Repository/Product Text Name Product 1' is: 'Sauce Labs Backpack'

2023-08-31 08:33:28 - [TEST_STEP][PASSED] - desc = getText(findTestObject("Product Text Desc Product 1")): Text of object 'Object Repository/Product Text Desc Product 1' is: 'carry.allTheThings() with the sleek, streamlined Sly Pack that melds uncompromising style with unequaled laptop and tablet protection.'

2023-08-31 08:33:28 - [MESSAGE][PASSED] - Text of object 'Object Repository/Product Text Desc Product 1' is: 'carry.allTheThings() with the sleek, streamlined Sly Pack that melds uncompromising style with unequaled laptop and tablet protection.'

2023-08-31 08:33:28 - [TEST_STEP][PASSED] - prize = getText(findTestObject("Product Text Price Product 1")): Text of object 'Object Repository/Product Text Price Product 1' is: '$29.99'

2023-08-31 08:33:29 - [MESSAGE][PASSED] - Text of object 'Object Repository/Product Text Price Product 1' is: '$29.99'

2023-08-31 08:33:29 - [TEST_STEP][PASSED] - data = new java.util.HashMap(): null

2023-08-31 08:33:29 - [TEST_STEP][PASSED] - data.put("product_name", name): null

2023-08-31 08:33:29 - [TEST_STEP][PASSED] - data.put("product_desc", desc): null

2023-08-31 08:33:29 - [TEST_STEP][PASSED] - data.put("product_price", prize): null

2023-08-31 08:33:29 - [TEST_STEP][PASSED] - return data: null

2023-08-31 08:33:29 - [MESSAGE][PASSED] - Call Test Case 'Test Cases/Products/TC-Product-AddCart-001' successfully

2023-08-31 08:33:29 - [TEST_STEP][PASSED] - click(findTestObject("Product Icon Cart")): Object: 'Object Repository/Product Icon Cart' is clicked on

2023-08-31 08:33:29 - [MESSAGE][PASSED] - Object: 'Object Repository/Product Icon Cart' is clicked on

2023-08-31 08:33:29 - [TEST_STEP][PASSED] - verifyElementPresent(findTestObject("Cart Title Text"), 10): Object 'Object Repository/Cart Title Text' is present

2023-08-31 08:33:29 - [MESSAGE][PASSED] - Object 'Object Repository/Cart Title Text' is present

2023-08-31 08:33:29 - [TEST_STEP][PASSED] - name = getText(findTestObject("Cart Text Product 1 Title")): Text of object 'Object Repository/Cart Text Product 1 Title' is: 'Sauce Labs Backpack'

2023-08-31 08:33:30 - [MESSAGE][PASSED] - Text of object 'Object Repository/Cart Text Product 1 Title' is: 'Sauce Labs Backpack'

2023-08-31 08:33:30 - [TEST_STEP][PASSED] - desc = getText(findTestObject("Cart Text Product 1 Desc")): Text of object 'Object Repository/Cart Text Product 1 Desc' is: 'carry.allTheThings() with the sleek, streamlined Sly Pack that melds uncompromising style with unequaled laptop and tablet protection.'

2023-08-31 08:33:30 - [MESSAGE][PASSED] - Text of object 'Object Repository/Cart Text Product 1 Desc' is: 'carry.allTheThings() with the sleek, streamlined Sly Pack that melds uncompromising style with unequaled laptop and tablet protection.'

2023-08-31 08:33:30 - [TEST_STEP][PASSED] - price = getText(findTestObject("Cart Text Product 1 Price")): Text of object 'Object Repository/Cart Text Product 1 Price' is: '$29.99'

2023-08-31 08:33:30 - [MESSAGE][PASSED] - Text of object 'Object Repository/Cart Text Product 1 Price' is: '$29.99'

2023-08-31 08:33:30 - [TEST_STEP][PASSED] - assert name == data.get("product_name"): null

2023-08-31 08:33:30 - [TEST_STEP][PASSED] - assert desc == data.get("product_desc"): null

2023-08-31 08:33:30 - [TEST_STEP][PASSED] - assert price == data.get("product_price"): null

2023-08-31 08:33:30 - [TEST_STEP][PASSED] - return data: null

2023-08-31 08:33:30 - [MESSAGE][PASSED] - Call Test Case 'Test Cases/Keranjang/TC-Cart-Show-002' successfully

2023-08-31 08:33:30 - [TEST_STEP][PASSED] - click(findTestObject("Cart Button Remove Product 1")): Object: 'Object Repository/Cart Button Remove Product 1' is clicked on

2023-08-31 08:33:31 - [MESSAGE][PASSED] - Object: 'Object Repository/Cart Button Remove Product 1' is clicked on

2023-08-31 08:33:31 - [TEST_STEP][PASSED] - verifyElementNotPresent(findTestObject("Cart Text Product 1 Title"), 10): Web element with id: 'Object Repository/Cart Text Product 1 Title' located by 'By.xpath: //a[@id='item_4_title_link']/div' is not present after '10' second(s)

2023-08-31 08:33:31 - [MESSAGE][PASSED] - Web element with id: 'Object Repository/Cart Text Product 1 Title' located by 'By.xpath: //a[@id='item_4_title_link']/div' is not present after '10' second(s)]]></system-out>
         <system-err><![CDATA[]]></system-err>
      </testcase>
      <testcase name="Test Cases/Keranjang/TC-Cart-Show-001" time="8.53" classname="Test Cases/Keranjang/TC-Cart-Show-001" status="PASSED">
         <system-out><![CDATA[2023-08-31 08:33:31 - [TEST_CASE][PASSED] - Test Cases/Keranjang/TC-Cart-Show-001: Test Cases/Keranjang/TC-Cart-Show-001

2023-08-31 08:33:31 - [TEST_STEP][PASSED] - callTestCase(findTestCase("Login/TC-Login-Success-001"), ["username":"standard_user", "password":"qcu24s4901FyWDTwXGr6XA=="], STOP_ON_FAILURE): Call Test Case 'Test Cases/Login/TC-Login-Success-001' successfully

2023-08-31 08:33:31 - [TEST_CASE][PASSED] - Test Cases/Login/TC-Login-Success-001: Test Cases/Login/TC-Login-Success-001

2023-08-31 08:33:31 - [TEST_STEP][PASSED] - openBrowser(WEB_URL): Browser is opened with url: 'https://www.saucedemo.com/'

2023-08-31 08:33:31 - [MESSAGE][WARNING] - A browser is already opened. Closing browser and opening a new one

2023-08-31 08:33:32 - [MESSAGE][INFO] - Starting 'Edge Chromium' driver

2023-08-31 08:33:34 - [MESSAGE][INFO] - Action delay is set to 0 milliseconds

2023-08-31 08:33:36 - [MESSAGE][PASSED] - Browser is opened with url: 'https://www.saucedemo.com/'

2023-08-31 08:33:36 - [TEST_STEP][PASSED] - verifyElementPresent(findTestObject("Login Title Text"), 10): Object 'Object Repository/Login Title Text' is present

2023-08-31 08:33:37 - [MESSAGE][PASSED] - Object 'Object Repository/Login Title Text' is present

2023-08-31 08:33:37 - [TEST_STEP][PASSED] - setText(findTestObject("Login Input Username"), username): Text 'standard_user' is set on object 'Object Repository/Login Input Username'

2023-08-31 08:33:37 - [MESSAGE][PASSED] - Text 'standard_user' is set on object 'Object Repository/Login Input Username'

2023-08-31 08:33:37 - [TEST_STEP][PASSED] - setEncryptedText(findTestObject("Login Input Password"), password): Text ****** has been set on object 'Object Repository/Login Input Password'

2023-08-31 08:33:38 - [MESSAGE][PASSED] - Text ****** has been set on object 'Object Repository/Login Input Password'

2023-08-31 08:33:38 - [TEST_STEP][PASSED] - click(findTestObject("Login Button")): Object: 'Object Repository/Login Button' is clicked on

2023-08-31 08:33:38 - [MESSAGE][PASSED] - Object: 'Object Repository/Login Button' is clicked on

2023-08-31 08:33:38 - [TEST_STEP][PASSED] - verifyElementPresent(findTestObject("Product Title Text"), 10): Object 'Object Repository/Product Title Text' is present

2023-08-31 08:33:39 - [MESSAGE][PASSED] - Object 'Object Repository/Product Title Text' is present

2023-08-31 08:33:39 - [MESSAGE][PASSED] - Call Test Case 'Test Cases/Login/TC-Login-Success-001' successfully

2023-08-31 08:33:39 - [TEST_STEP][PASSED] - click(findTestObject("Product Icon Cart")): Object: 'Object Repository/Product Icon Cart' is clicked on

2023-08-31 08:33:39 - [MESSAGE][PASSED] - Object: 'Object Repository/Product Icon Cart' is clicked on

2023-08-31 08:33:39 - [TEST_STEP][PASSED] - verifyElementPresent(findTestObject("Cart Title Text"), 10): Object 'Object Repository/Cart Title Text' is present

2023-08-31 08:33:40 - [MESSAGE][PASSED] - Object 'Object Repository/Cart Title Text' is present]]></system-out>
         <system-err><![CDATA[]]></system-err>
      </testcase>
      <testcase name="Test Cases/Keranjang/TC-Cart-Show-002" time="11.86" classname="Test Cases/Keranjang/TC-Cart-Show-002" status="PASSED">
         <system-out><![CDATA[2023-08-31 08:33:40 - [TEST_CASE][PASSED] - Test Cases/Keranjang/TC-Cart-Show-002: Test Cases/Keranjang/TC-Cart-Show-002

2023-08-31 08:33:40 - [TEST_STEP][PASSED] - data = callTestCase(findTestCase("Products/TC-Product-AddCart-001"), [:], STOP_ON_FAILURE): Call Test Case 'Test Cases/Products/TC-Product-AddCart-001' successfully

2023-08-31 08:33:40 - [TEST_CASE][PASSED] - Test Cases/Products/TC-Product-AddCart-001: Test Cases/Products/TC-Product-AddCart-001

2023-08-31 08:33:40 - [TEST_STEP][PASSED] - callTestCase(findTestCase("Products/TC-Product-Show-001"), [:], STOP_ON_FAILURE): Call Test Case 'Test Cases/Products/TC-Product-Show-001' successfully

2023-08-31 08:33:40 - [TEST_CASE][PASSED] - Test Cases/Products/TC-Product-Show-001: Test Cases/Products/TC-Product-Show-001

2023-08-31 08:33:40 - [TEST_STEP][PASSED] - callTestCase(findTestCase("Login/TC-Login-Success-001"), ["username":"standard_user", "password":"qcu24s4901FyWDTwXGr6XA=="], STOP_ON_FAILURE): Call Test Case 'Test Cases/Login/TC-Login-Success-001' successfully

2023-08-31 08:33:40 - [TEST_CASE][PASSED] - Test Cases/Login/TC-Login-Success-001: Test Cases/Login/TC-Login-Success-001

2023-08-31 08:33:40 - [TEST_STEP][PASSED] - openBrowser(WEB_URL): Browser is opened with url: 'https://www.saucedemo.com/'

2023-08-31 08:33:40 - [MESSAGE][WARNING] - A browser is already opened. Closing browser and opening a new one

2023-08-31 08:33:41 - [MESSAGE][INFO] - Starting 'Edge Chromium' driver

2023-08-31 08:33:43 - [MESSAGE][INFO] - Action delay is set to 0 milliseconds

2023-08-31 08:33:45 - [MESSAGE][PASSED] - Browser is opened with url: 'https://www.saucedemo.com/'

2023-08-31 08:33:45 - [TEST_STEP][PASSED] - verifyElementPresent(findTestObject("Login Title Text"), 10): Object 'Object Repository/Login Title Text' is present

2023-08-31 08:33:45 - [MESSAGE][PASSED] - Object 'Object Repository/Login Title Text' is present

2023-08-31 08:33:45 - [TEST_STEP][PASSED] - setText(findTestObject("Login Input Username"), username): Text 'standard_user' is set on object 'Object Repository/Login Input Username'

2023-08-31 08:33:46 - [MESSAGE][PASSED] - Text 'standard_user' is set on object 'Object Repository/Login Input Username'

2023-08-31 08:33:46 - [TEST_STEP][PASSED] - setEncryptedText(findTestObject("Login Input Password"), password): Text ****** has been set on object 'Object Repository/Login Input Password'

2023-08-31 08:33:46 - [MESSAGE][PASSED] - Text ****** has been set on object 'Object Repository/Login Input Password'

2023-08-31 08:33:46 - [TEST_STEP][PASSED] - click(findTestObject("Login Button")): Object: 'Object Repository/Login Button' is clicked on

2023-08-31 08:33:47 - [MESSAGE][PASSED] - Object: 'Object Repository/Login Button' is clicked on

2023-08-31 08:33:47 - [TEST_STEP][PASSED] - verifyElementPresent(findTestObject("Product Title Text"), 10): Object 'Object Repository/Product Title Text' is present

2023-08-31 08:33:47 - [MESSAGE][PASSED] - Object 'Object Repository/Product Title Text' is present

2023-08-31 08:33:47 - [MESSAGE][PASSED] - Call Test Case 'Test Cases/Login/TC-Login-Success-001' successfully

2023-08-31 08:33:47 - [TEST_STEP][PASSED] - verifyElementPresent(findTestObject("Product Title Text"), 10): Object 'Object Repository/Product Title Text' is present

2023-08-31 08:33:48 - [MESSAGE][PASSED] - Object 'Object Repository/Product Title Text' is present

2023-08-31 08:33:48 - [MESSAGE][PASSED] - Call Test Case 'Test Cases/Products/TC-Product-Show-001' successfully

2023-08-31 08:33:48 - [TEST_STEP][PASSED] - click(findTestObject("Product Button ATC Product 1")): Object: 'Object Repository/Product Button ATC Product 1' is clicked on

2023-08-31 08:33:48 - [MESSAGE][PASSED] - Object: 'Object Repository/Product Button ATC Product 1' is clicked on

2023-08-31 08:33:48 - [TEST_STEP][PASSED] - verifyElementText(findTestObject("Product Button Remove Product 1"), "Remove"): Actual text and expected text of test object 'Object Repository/Product Button Remove Product 1' are matched.

2023-08-31 08:33:48 - [MESSAGE][PASSED] - Actual text and expected text of test object 'Object Repository/Product Button Remove Product 1' are matched.

2023-08-31 08:33:48 - [TEST_STEP][PASSED] - verifyElementText(findTestObject("Product Label Icon Cart"), "1"): Actual text and expected text of test object 'Object Repository/Product Label Icon Cart' are matched.

2023-08-31 08:33:49 - [MESSAGE][PASSED] - Actual text and expected text of test object 'Object Repository/Product Label Icon Cart' are matched.

2023-08-31 08:33:49 - [TEST_STEP][PASSED] - name = getText(findTestObject("Product Text Name Product 1")): Text of object 'Object Repository/Product Text Name Product 1' is: 'Sauce Labs Backpack'

2023-08-31 08:33:49 - [MESSAGE][PASSED] - Text of object 'Object Repository/Product Text Name Product 1' is: 'Sauce Labs Backpack'

2023-08-31 08:33:49 - [TEST_STEP][PASSED] - desc = getText(findTestObject("Product Text Desc Product 1")): Text of object 'Object Repository/Product Text Desc Product 1' is: 'carry.allTheThings() with the sleek, streamlined Sly Pack that melds uncompromising style with unequaled laptop and tablet protection.'

2023-08-31 08:33:49 - [MESSAGE][PASSED] - Text of object 'Object Repository/Product Text Desc Product 1' is: 'carry.allTheThings() with the sleek, streamlined Sly Pack that melds uncompromising style with unequaled laptop and tablet protection.'

2023-08-31 08:33:49 - [TEST_STEP][PASSED] - prize = getText(findTestObject("Product Text Price Product 1")): Text of object 'Object Repository/Product Text Price Product 1' is: '$29.99'

2023-08-31 08:33:50 - [MESSAGE][PASSED] - Text of object 'Object Repository/Product Text Price Product 1' is: '$29.99'

2023-08-31 08:33:50 - [TEST_STEP][PASSED] - data = new java.util.HashMap(): null

2023-08-31 08:33:50 - [TEST_STEP][PASSED] - data.put("product_name", name): null

2023-08-31 08:33:50 - [TEST_STEP][PASSED] - data.put("product_desc", desc): null

2023-08-31 08:33:50 - [TEST_STEP][PASSED] - data.put("product_price", prize): null

2023-08-31 08:33:50 - [TEST_STEP][PASSED] - return data: null

2023-08-31 08:33:50 - [MESSAGE][PASSED] - Call Test Case 'Test Cases/Products/TC-Product-AddCart-001' successfully

2023-08-31 08:33:50 - [TEST_STEP][PASSED] - click(findTestObject("Product Icon Cart")): Object: 'Object Repository/Product Icon Cart' is clicked on

2023-08-31 08:33:50 - [MESSAGE][PASSED] - Object: 'Object Repository/Product Icon Cart' is clicked on

2023-08-31 08:33:50 - [TEST_STEP][PASSED] - verifyElementPresent(findTestObject("Cart Title Text"), 10): Object 'Object Repository/Cart Title Text' is present

2023-08-31 08:33:51 - [MESSAGE][PASSED] - Object 'Object Repository/Cart Title Text' is present

2023-08-31 08:33:51 - [TEST_STEP][PASSED] - name = getText(findTestObject("Cart Text Product 1 Title")): Text of object 'Object Repository/Cart Text Product 1 Title' is: 'Sauce Labs Backpack'

2023-08-31 08:33:51 - [MESSAGE][PASSED] - Text of object 'Object Repository/Cart Text Product 1 Title' is: 'Sauce Labs Backpack'

2023-08-31 08:33:51 - [TEST_STEP][PASSED] - desc = getText(findTestObject("Cart Text Product 1 Desc")): Text of object 'Object Repository/Cart Text Product 1 Desc' is: 'carry.allTheThings() with the sleek, streamlined Sly Pack that melds uncompromising style with unequaled laptop and tablet protection.'

2023-08-31 08:33:51 - [MESSAGE][PASSED] - Text of object 'Object Repository/Cart Text Product 1 Desc' is: 'carry.allTheThings() with the sleek, streamlined Sly Pack that melds uncompromising style with unequaled laptop and tablet protection.'

2023-08-31 08:33:51 - [TEST_STEP][PASSED] - price = getText(findTestObject("Cart Text Product 1 Price")): Text of object 'Object Repository/Cart Text Product 1 Price' is: '$29.99'

2023-08-31 08:33:52 - [MESSAGE][PASSED] - Text of object 'Object Repository/Cart Text Product 1 Price' is: '$29.99'

2023-08-31 08:33:52 - [TEST_STEP][PASSED] - assert name == data.get("product_name"): null

2023-08-31 08:33:52 - [TEST_STEP][PASSED] - assert desc == data.get("product_desc"): null

2023-08-31 08:33:52 - [TEST_STEP][PASSED] - assert price == data.get("product_price"): null

2023-08-31 08:33:52 - [TEST_STEP][PASSED] - return data: null]]></system-out>
         <system-err><![CDATA[]]></system-err>
      </testcase>
      <testcase name="Test Cases/Keranjang/TC-Cart-Show-003" time="14.909" classname="Test Cases/Keranjang/TC-Cart-Show-003" status="PASSED">
         <system-out><![CDATA[2023-08-31 08:33:52 - [TEST_CASE][PASSED] - Test Cases/Keranjang/TC-Cart-Show-003: Test Cases/Keranjang/TC-Cart-Show-003

2023-08-31 08:33:52 - [TEST_STEP][PASSED] - data = callTestCase(findTestCase("Products/TC-Product-AddCart-002"), [:], STOP_ON_FAILURE): Call Test Case 'Test Cases/Products/TC-Product-AddCart-002' successfully

2023-08-31 08:33:52 - [TEST_CASE][PASSED] - Test Cases/Products/TC-Product-AddCart-002: Test Cases/Products/TC-Product-AddCart-002

2023-08-31 08:33:52 - [TEST_STEP][PASSED] - data = callTestCase(findTestCase("Products/TC-Product-AddCart-001"), [:], STOP_ON_FAILURE): Call Test Case 'Test Cases/Products/TC-Product-AddCart-001' successfully

2023-08-31 08:33:52 - [TEST_CASE][PASSED] - Test Cases/Products/TC-Product-AddCart-001: Test Cases/Products/TC-Product-AddCart-001

2023-08-31 08:33:52 - [TEST_STEP][PASSED] - callTestCase(findTestCase("Products/TC-Product-Show-001"), [:], STOP_ON_FAILURE): Call Test Case 'Test Cases/Products/TC-Product-Show-001' successfully

2023-08-31 08:33:52 - [TEST_CASE][PASSED] - Test Cases/Products/TC-Product-Show-001: Test Cases/Products/TC-Product-Show-001

2023-08-31 08:33:52 - [TEST_STEP][PASSED] - callTestCase(findTestCase("Login/TC-Login-Success-001"), ["username":"standard_user", "password":"qcu24s4901FyWDTwXGr6XA=="], STOP_ON_FAILURE): Call Test Case 'Test Cases/Login/TC-Login-Success-001' successfully

2023-08-31 08:33:52 - [TEST_CASE][PASSED] - Test Cases/Login/TC-Login-Success-001: Test Cases/Login/TC-Login-Success-001

2023-08-31 08:33:52 - [TEST_STEP][PASSED] - openBrowser(WEB_URL): Browser is opened with url: 'https://www.saucedemo.com/'

2023-08-31 08:33:52 - [MESSAGE][WARNING] - A browser is already opened. Closing browser and opening a new one

2023-08-31 08:33:53 - [MESSAGE][INFO] - Starting 'Edge Chromium' driver

2023-08-31 08:33:55 - [MESSAGE][INFO] - Action delay is set to 0 milliseconds

2023-08-31 08:33:58 - [MESSAGE][PASSED] - Browser is opened with url: 'https://www.saucedemo.com/'

2023-08-31 08:33:58 - [TEST_STEP][PASSED] - verifyElementPresent(findTestObject("Login Title Text"), 10): Object 'Object Repository/Login Title Text' is present

2023-08-31 08:33:59 - [MESSAGE][PASSED] - Object 'Object Repository/Login Title Text' is present

2023-08-31 08:33:59 - [TEST_STEP][PASSED] - setText(findTestObject("Login Input Username"), username): Text 'standard_user' is set on object 'Object Repository/Login Input Username'

2023-08-31 08:33:59 - [MESSAGE][PASSED] - Text 'standard_user' is set on object 'Object Repository/Login Input Username'

2023-08-31 08:33:59 - [TEST_STEP][PASSED] - setEncryptedText(findTestObject("Login Input Password"), password): Text ****** has been set on object 'Object Repository/Login Input Password'

2023-08-31 08:34:00 - [MESSAGE][PASSED] - Text ****** has been set on object 'Object Repository/Login Input Password'

2023-08-31 08:34:00 - [TEST_STEP][PASSED] - click(findTestObject("Login Button")): Object: 'Object Repository/Login Button' is clicked on

2023-08-31 08:34:00 - [MESSAGE][PASSED] - Object: 'Object Repository/Login Button' is clicked on

2023-08-31 08:34:00 - [TEST_STEP][PASSED] - verifyElementPresent(findTestObject("Product Title Text"), 10): Object 'Object Repository/Product Title Text' is present

2023-08-31 08:34:00 - [MESSAGE][PASSED] - Object 'Object Repository/Product Title Text' is present

2023-08-31 08:34:00 - [MESSAGE][PASSED] - Call Test Case 'Test Cases/Login/TC-Login-Success-001' successfully

2023-08-31 08:34:00 - [TEST_STEP][PASSED] - verifyElementPresent(findTestObject("Product Title Text"), 10): Object 'Object Repository/Product Title Text' is present

2023-08-31 08:34:01 - [MESSAGE][PASSED] - Object 'Object Repository/Product Title Text' is present

2023-08-31 08:34:01 - [MESSAGE][PASSED] - Call Test Case 'Test Cases/Products/TC-Product-Show-001' successfully

2023-08-31 08:34:01 - [TEST_STEP][PASSED] - click(findTestObject("Product Button ATC Product 1")): Object: 'Object Repository/Product Button ATC Product 1' is clicked on

2023-08-31 08:34:01 - [MESSAGE][PASSED] - Object: 'Object Repository/Product Button ATC Product 1' is clicked on

2023-08-31 08:34:01 - [TEST_STEP][PASSED] - verifyElementText(findTestObject("Product Button Remove Product 1"), "Remove"): Actual text and expected text of test object 'Object Repository/Product Button Remove Product 1' are matched.

2023-08-31 08:34:02 - [MESSAGE][PASSED] - Actual text and expected text of test object 'Object Repository/Product Button Remove Product 1' are matched.

2023-08-31 08:34:02 - [TEST_STEP][PASSED] - verifyElementText(findTestObject("Product Label Icon Cart"), "1"): Actual text and expected text of test object 'Object Repository/Product Label Icon Cart' are matched.

2023-08-31 08:34:02 - [MESSAGE][PASSED] - Actual text and expected text of test object 'Object Repository/Product Label Icon Cart' are matched.

2023-08-31 08:34:02 - [TEST_STEP][PASSED] - name = getText(findTestObject("Product Text Name Product 1")): Text of object 'Object Repository/Product Text Name Product 1' is: 'Sauce Labs Backpack'

2023-08-31 08:34:02 - [MESSAGE][PASSED] - Text of object 'Object Repository/Product Text Name Product 1' is: 'Sauce Labs Backpack'

2023-08-31 08:34:02 - [TEST_STEP][PASSED] - desc = getText(findTestObject("Product Text Desc Product 1")): Text of object 'Object Repository/Product Text Desc Product 1' is: 'carry.allTheThings() with the sleek, streamlined Sly Pack that melds uncompromising style with unequaled laptop and tablet protection.'

2023-08-31 08:34:03 - [MESSAGE][PASSED] - Text of object 'Object Repository/Product Text Desc Product 1' is: 'carry.allTheThings() with the sleek, streamlined Sly Pack that melds uncompromising style with unequaled laptop and tablet protection.'

2023-08-31 08:34:03 - [TEST_STEP][PASSED] - prize = getText(findTestObject("Product Text Price Product 1")): Text of object 'Object Repository/Product Text Price Product 1' is: '$29.99'

2023-08-31 08:34:03 - [MESSAGE][PASSED] - Text of object 'Object Repository/Product Text Price Product 1' is: '$29.99'

2023-08-31 08:34:03 - [TEST_STEP][PASSED] - data = new java.util.HashMap(): null

2023-08-31 08:34:03 - [TEST_STEP][PASSED] - data.put("product_name", name): null

2023-08-31 08:34:03 - [TEST_STEP][PASSED] - data.put("product_desc", desc): null

2023-08-31 08:34:03 - [TEST_STEP][PASSED] - data.put("product_price", prize): null

2023-08-31 08:34:03 - [TEST_STEP][PASSED] - return data: null

2023-08-31 08:34:03 - [MESSAGE][PASSED] - Call Test Case 'Test Cases/Products/TC-Product-AddCart-001' successfully

2023-08-31 08:34:03 - [TEST_STEP][PASSED] - click(findTestObject("Product Button ATC Product 2")): Object: 'Object Repository/Product Button ATC Product 2' is clicked on

2023-08-31 08:34:03 - [MESSAGE][PASSED] - Object: 'Object Repository/Product Button ATC Product 2' is clicked on

2023-08-31 08:34:03 - [TEST_STEP][PASSED] - verifyElementText(findTestObject("Product Button Remove Product 2"), "Remove"): Actual text and expected text of test object 'Object Repository/Product Button Remove Product 2' are matched.

2023-08-31 08:34:04 - [MESSAGE][PASSED] - Actual text and expected text of test object 'Object Repository/Product Button Remove Product 2' are matched.

2023-08-31 08:34:04 - [TEST_STEP][PASSED] - verifyElementText(findTestObject("Product Label Icon Cart"), "2"): Actual text and expected text of test object 'Object Repository/Product Label Icon Cart' are matched.

2023-08-31 08:34:04 - [MESSAGE][PASSED] - Actual text and expected text of test object 'Object Repository/Product Label Icon Cart' are matched.

2023-08-31 08:34:04 - [TEST_STEP][PASSED] - name = getText(findTestObject("Product Text Name Product 2")): Text of object 'Object Repository/Product Text Name Product 2' is: 'Sauce Labs Bike Light'

2023-08-31 08:34:04 - [MESSAGE][PASSED] - Text of object 'Object Repository/Product Text Name Product 2' is: 'Sauce Labs Bike Light'

2023-08-31 08:34:04 - [TEST_STEP][PASSED] - desc = getText(findTestObject("Product Text Desc Product 2")): Text of object 'Object Repository/Product Text Desc Product 2' is: 'A red light isn't the desired state in testing but it sure helps when riding your bike at night. Water-resistant with 3 lighting modes, 1 AAA battery included.'

2023-08-31 08:34:05 - [MESSAGE][PASSED] - Text of object 'Object Repository/Product Text Desc Product 2' is: 'A red light isn't the desired state in testing but it sure helps when riding your bike at night. Water-resistant with 3 lighting modes, 1 AAA battery included.'

2023-08-31 08:34:05 - [TEST_STEP][PASSED] - price = getText(findTestObject("Product Text Price Product 2")): Text of object 'Object Repository/Product Text Price Product 2' is: '$9.99'

2023-08-31 08:34:05 - [MESSAGE][PASSED] - Text of object 'Object Repository/Product Text Price Product 2' is: '$9.99'

2023-08-31 08:34:05 - [TEST_STEP][PASSED] - nameProductList = new java.util.ArrayList(): null

2023-08-31 08:34:05 - [TEST_STEP][PASSED] - nameProductList.add(data.get("product_name")): null

2023-08-31 08:34:05 - [TEST_STEP][PASSED] - nameProductList.add(name): null

2023-08-31 08:34:05 - [TEST_STEP][PASSED] - println(nameProductList.get(0)): null

2023-08-31 08:34:05 - [TEST_STEP][PASSED] - descProductList = new java.util.ArrayList(): null

2023-08-31 08:34:05 - [TEST_STEP][PASSED] - descProductList.add(data.get("product_desc")): null

2023-08-31 08:34:05 - [TEST_STEP][PASSED] - descProductList.add(desc): null

2023-08-31 08:34:05 - [TEST_STEP][PASSED] - priceProductList = new java.util.ArrayList(): null

2023-08-31 08:34:05 - [TEST_STEP][PASSED] - priceProductList.add(data.get("product_price")): null

2023-08-31 08:34:05 - [TEST_STEP][PASSED] - priceProductList.add(price): null

2023-08-31 08:34:05 - [TEST_STEP][PASSED] - data.put("product_name_list", nameProductList): null

2023-08-31 08:34:05 - [TEST_STEP][PASSED] - data.put("product_desc_list", descProductList): null

2023-08-31 08:34:05 - [TEST_STEP][PASSED] - data.put("product_price_list", priceProductList): null

2023-08-31 08:34:05 - [TEST_STEP][PASSED] - return data: null

2023-08-31 08:34:05 - [MESSAGE][PASSED] - Call Test Case 'Test Cases/Products/TC-Product-AddCart-002' successfully

2023-08-31 08:34:05 - [TEST_STEP][PASSED] - click(findTestObject("Product Icon Cart")): Object: 'Object Repository/Product Icon Cart' is clicked on

2023-08-31 08:34:05 - [MESSAGE][PASSED] - Object: 'Object Repository/Product Icon Cart' is clicked on

2023-08-31 08:34:05 - [TEST_STEP][PASSED] - sourceProductTitleList = findWebElements(findTestObject("Object Repository/Cart Product Title List"), 10): null

2023-08-31 08:34:06 - [TEST_STEP][PASSED] - sourceProductDescList = findWebElements(findTestObject("Object Repository/Cart Product Desc List"), 10): null

2023-08-31 08:34:06 - [TEST_STEP][PASSED] - sourceProductPriceList = findWebElements(findTestObject("Object Repository/Cart Product Price List"), 10): null

2023-08-31 08:34:06 - [TEST_STEP][PASSED] - oriProductTitleList = new java.util.ArrayList(): null

2023-08-31 08:34:06 - [TEST_STEP][PASSED] - oriProductDescList = new java.util.ArrayList(): null

2023-08-31 08:34:06 - [TEST_STEP][PASSED] - oriProductPriceList = new java.util.ArrayList(): null

2023-08-31 08:34:06 - [TEST_STEP][PASSED] - for ([i = 0, i < sourceProductTitleList.size(), (i++)]): null

2023-08-31 08:34:06 - [TEST_STEP][PASSED] - productTitleText = text.trim(): null

2023-08-31 08:34:06 - [TEST_STEP][PASSED] - productDescText = text.trim(): null

2023-08-31 08:34:06 - [TEST_STEP][PASSED] - productPriceText = replace("Remove", "").trim(): null

2023-08-31 08:34:06 - [TEST_STEP][PASSED] - oriProductTitleList.add(productTitleText): null

2023-08-31 08:34:06 - [TEST_STEP][PASSED] - oriProductDescList.add(productDescText): null

2023-08-31 08:34:06 - [TEST_STEP][PASSED] - oriProductPriceList.add(productPriceText): null

2023-08-31 08:34:06 - [TEST_STEP][PASSED] - productTitleText = text.trim(): null

2023-08-31 08:34:06 - [TEST_STEP][PASSED] - productDescText = text.trim(): null

2023-08-31 08:34:06 - [TEST_STEP][PASSED] - productPriceText = replace("Remove", "").trim(): null

2023-08-31 08:34:06 - [TEST_STEP][PASSED] - oriProductTitleList.add(productTitleText): null

2023-08-31 08:34:06 - [TEST_STEP][PASSED] - oriProductDescList.add(productDescText): null

2023-08-31 08:34:06 - [TEST_STEP][PASSED] - oriProductPriceList.add(productPriceText): null

2023-08-31 08:34:06 - [TEST_STEP][PASSED] - assert data.get("product_name_list") == oriProductTitleList: null

2023-08-31 08:34:06 - [TEST_STEP][PASSED] - assert data.get("product_desc_list") == oriProductDescList: null

2023-08-31 08:34:06 - [TEST_STEP][PASSED] - assert data.get("product_price_list") == oriProductPriceList: null

2023-08-31 08:34:06 - [TEST_STEP][PASSED] - return data: null]]></system-out>
         <system-err><![CDATA[]]></system-err>
      </testcase>
      <testcase name="Test Cases/Checkout/TC-Checkout-Error-001" time="17.512" classname="Test Cases/Checkout/TC-Checkout-Error-001" status="PASSED">
         <system-out><![CDATA[2023-08-31 08:34:06 - [TEST_CASE][PASSED] - Test Cases/Checkout/TC-Checkout-Error-001: Test Cases/Checkout/TC-Checkout-Error-001

2023-08-31 08:34:07 - [TEST_STEP][PASSED] - callTestCase(findTestCase("Keranjang/TC-Cart-Show-003"), [:], STOP_ON_FAILURE): Call Test Case 'Test Cases/Keranjang/TC-Cart-Show-003' successfully

2023-08-31 08:34:07 - [TEST_CASE][PASSED] - Test Cases/Keranjang/TC-Cart-Show-003: Test Cases/Keranjang/TC-Cart-Show-003

2023-08-31 08:34:07 - [TEST_STEP][PASSED] - data = callTestCase(findTestCase("Products/TC-Product-AddCart-002"), [:], STOP_ON_FAILURE): Call Test Case 'Test Cases/Products/TC-Product-AddCart-002' successfully

2023-08-31 08:34:07 - [TEST_CASE][PASSED] - Test Cases/Products/TC-Product-AddCart-002: Test Cases/Products/TC-Product-AddCart-002

2023-08-31 08:34:07 - [TEST_STEP][PASSED] - data = callTestCase(findTestCase("Products/TC-Product-AddCart-001"), [:], STOP_ON_FAILURE): Call Test Case 'Test Cases/Products/TC-Product-AddCart-001' successfully

2023-08-31 08:34:07 - [TEST_CASE][PASSED] - Test Cases/Products/TC-Product-AddCart-001: Test Cases/Products/TC-Product-AddCart-001

2023-08-31 08:34:07 - [TEST_STEP][PASSED] - callTestCase(findTestCase("Products/TC-Product-Show-001"), [:], STOP_ON_FAILURE): Call Test Case 'Test Cases/Products/TC-Product-Show-001' successfully

2023-08-31 08:34:07 - [TEST_CASE][PASSED] - Test Cases/Products/TC-Product-Show-001: Test Cases/Products/TC-Product-Show-001

2023-08-31 08:34:07 - [TEST_STEP][PASSED] - callTestCase(findTestCase("Login/TC-Login-Success-001"), ["username":"standard_user", "password":"qcu24s4901FyWDTwXGr6XA=="], STOP_ON_FAILURE): Call Test Case 'Test Cases/Login/TC-Login-Success-001' successfully

2023-08-31 08:34:07 - [TEST_CASE][PASSED] - Test Cases/Login/TC-Login-Success-001: Test Cases/Login/TC-Login-Success-001

2023-08-31 08:34:07 - [TEST_STEP][PASSED] - openBrowser(WEB_URL): Browser is opened with url: 'https://www.saucedemo.com/'

2023-08-31 08:34:07 - [MESSAGE][WARNING] - A browser is already opened. Closing browser and opening a new one

2023-08-31 08:34:08 - [MESSAGE][INFO] - Starting 'Edge Chromium' driver

2023-08-31 08:34:10 - [MESSAGE][INFO] - Action delay is set to 0 milliseconds

2023-08-31 08:34:12 - [MESSAGE][PASSED] - Browser is opened with url: 'https://www.saucedemo.com/'

2023-08-31 08:34:12 - [TEST_STEP][PASSED] - verifyElementPresent(findTestObject("Login Title Text"), 10): Object 'Object Repository/Login Title Text' is present

2023-08-31 08:34:12 - [MESSAGE][PASSED] - Object 'Object Repository/Login Title Text' is present

2023-08-31 08:34:12 - [TEST_STEP][PASSED] - setText(findTestObject("Login Input Username"), username): Text 'standard_user' is set on object 'Object Repository/Login Input Username'

2023-08-31 08:34:13 - [MESSAGE][PASSED] - Text 'standard_user' is set on object 'Object Repository/Login Input Username'

2023-08-31 08:34:13 - [TEST_STEP][PASSED] - setEncryptedText(findTestObject("Login Input Password"), password): Text ****** has been set on object 'Object Repository/Login Input Password'

2023-08-31 08:34:13 - [MESSAGE][PASSED] - Text ****** has been set on object 'Object Repository/Login Input Password'

2023-08-31 08:34:13 - [TEST_STEP][PASSED] - click(findTestObject("Login Button")): Object: 'Object Repository/Login Button' is clicked on

2023-08-31 08:34:14 - [MESSAGE][PASSED] - Object: 'Object Repository/Login Button' is clicked on

2023-08-31 08:34:14 - [TEST_STEP][PASSED] - verifyElementPresent(findTestObject("Product Title Text"), 10): Object 'Object Repository/Product Title Text' is present

2023-08-31 08:34:14 - [MESSAGE][PASSED] - Object 'Object Repository/Product Title Text' is present

2023-08-31 08:34:14 - [MESSAGE][PASSED] - Call Test Case 'Test Cases/Login/TC-Login-Success-001' successfully

2023-08-31 08:34:14 - [TEST_STEP][PASSED] - verifyElementPresent(findTestObject("Product Title Text"), 10): Object 'Object Repository/Product Title Text' is present

2023-08-31 08:34:15 - [MESSAGE][PASSED] - Object 'Object Repository/Product Title Text' is present

2023-08-31 08:34:15 - [MESSAGE][PASSED] - Call Test Case 'Test Cases/Products/TC-Product-Show-001' successfully

2023-08-31 08:34:15 - [TEST_STEP][PASSED] - click(findTestObject("Product Button ATC Product 1")): Object: 'Object Repository/Product Button ATC Product 1' is clicked on

2023-08-31 08:34:15 - [MESSAGE][PASSED] - Object: 'Object Repository/Product Button ATC Product 1' is clicked on

2023-08-31 08:34:15 - [TEST_STEP][PASSED] - verifyElementText(findTestObject("Product Button Remove Product 1"), "Remove"): Actual text and expected text of test object 'Object Repository/Product Button Remove Product 1' are matched.

2023-08-31 08:34:16 - [MESSAGE][PASSED] - Actual text and expected text of test object 'Object Repository/Product Button Remove Product 1' are matched.

2023-08-31 08:34:16 - [TEST_STEP][PASSED] - verifyElementText(findTestObject("Product Label Icon Cart"), "1"): Actual text and expected text of test object 'Object Repository/Product Label Icon Cart' are matched.

2023-08-31 08:34:16 - [MESSAGE][PASSED] - Actual text and expected text of test object 'Object Repository/Product Label Icon Cart' are matched.

2023-08-31 08:34:16 - [TEST_STEP][PASSED] - name = getText(findTestObject("Product Text Name Product 1")): Text of object 'Object Repository/Product Text Name Product 1' is: 'Sauce Labs Backpack'

2023-08-31 08:34:16 - [MESSAGE][PASSED] - Text of object 'Object Repository/Product Text Name Product 1' is: 'Sauce Labs Backpack'

2023-08-31 08:34:16 - [TEST_STEP][PASSED] - desc = getText(findTestObject("Product Text Desc Product 1")): Text of object 'Object Repository/Product Text Desc Product 1' is: 'carry.allTheThings() with the sleek, streamlined Sly Pack that melds uncompromising style with unequaled laptop and tablet protection.'

2023-08-31 08:34:17 - [MESSAGE][PASSED] - Text of object 'Object Repository/Product Text Desc Product 1' is: 'carry.allTheThings() with the sleek, streamlined Sly Pack that melds uncompromising style with unequaled laptop and tablet protection.'

2023-08-31 08:34:17 - [TEST_STEP][PASSED] - prize = getText(findTestObject("Product Text Price Product 1")): Text of object 'Object Repository/Product Text Price Product 1' is: '$29.99'

2023-08-31 08:34:17 - [MESSAGE][PASSED] - Text of object 'Object Repository/Product Text Price Product 1' is: '$29.99'

2023-08-31 08:34:17 - [TEST_STEP][PASSED] - data = new java.util.HashMap(): null

2023-08-31 08:34:17 - [TEST_STEP][PASSED] - data.put("product_name", name): null

2023-08-31 08:34:17 - [TEST_STEP][PASSED] - data.put("product_desc", desc): null

2023-08-31 08:34:17 - [TEST_STEP][PASSED] - data.put("product_price", prize): null

2023-08-31 08:34:17 - [TEST_STEP][PASSED] - return data: null

2023-08-31 08:34:17 - [MESSAGE][PASSED] - Call Test Case 'Test Cases/Products/TC-Product-AddCart-001' successfully

2023-08-31 08:34:17 - [TEST_STEP][PASSED] - click(findTestObject("Product Button ATC Product 2")): Object: 'Object Repository/Product Button ATC Product 2' is clicked on

2023-08-31 08:34:17 - [MESSAGE][PASSED] - Object: 'Object Repository/Product Button ATC Product 2' is clicked on

2023-08-31 08:34:17 - [TEST_STEP][PASSED] - verifyElementText(findTestObject("Product Button Remove Product 2"), "Remove"): Actual text and expected text of test object 'Object Repository/Product Button Remove Product 2' are matched.

2023-08-31 08:34:18 - [MESSAGE][PASSED] - Actual text and expected text of test object 'Object Repository/Product Button Remove Product 2' are matched.

2023-08-31 08:34:18 - [TEST_STEP][PASSED] - verifyElementText(findTestObject("Product Label Icon Cart"), "2"): Actual text and expected text of test object 'Object Repository/Product Label Icon Cart' are matched.

2023-08-31 08:34:18 - [MESSAGE][PASSED] - Actual text and expected text of test object 'Object Repository/Product Label Icon Cart' are matched.

2023-08-31 08:34:18 - [TEST_STEP][PASSED] - name = getText(findTestObject("Product Text Name Product 2")): Text of object 'Object Repository/Product Text Name Product 2' is: 'Sauce Labs Bike Light'

2023-08-31 08:34:18 - [MESSAGE][PASSED] - Text of object 'Object Repository/Product Text Name Product 2' is: 'Sauce Labs Bike Light'

2023-08-31 08:34:18 - [TEST_STEP][PASSED] - desc = getText(findTestObject("Product Text Desc Product 2")): Text of object 'Object Repository/Product Text Desc Product 2' is: 'A red light isn't the desired state in testing but it sure helps when riding your bike at night. Water-resistant with 3 lighting modes, 1 AAA battery included.'

2023-08-31 08:34:19 - [MESSAGE][PASSED] - Text of object 'Object Repository/Product Text Desc Product 2' is: 'A red light isn't the desired state in testing but it sure helps when riding your bike at night. Water-resistant with 3 lighting modes, 1 AAA battery included.'

2023-08-31 08:34:19 - [TEST_STEP][PASSED] - price = getText(findTestObject("Product Text Price Product 2")): Text of object 'Object Repository/Product Text Price Product 2' is: '$9.99'

2023-08-31 08:34:19 - [MESSAGE][PASSED] - Text of object 'Object Repository/Product Text Price Product 2' is: '$9.99'

2023-08-31 08:34:19 - [TEST_STEP][PASSED] - nameProductList = new java.util.ArrayList(): null

2023-08-31 08:34:19 - [TEST_STEP][PASSED] - nameProductList.add(data.get("product_name")): null

2023-08-31 08:34:19 - [TEST_STEP][PASSED] - nameProductList.add(name): null

2023-08-31 08:34:19 - [TEST_STEP][PASSED] - println(nameProductList.get(0)): null

2023-08-31 08:34:19 - [TEST_STEP][PASSED] - descProductList = new java.util.ArrayList(): null

2023-08-31 08:34:19 - [TEST_STEP][PASSED] - descProductList.add(data.get("product_desc")): null

2023-08-31 08:34:19 - [TEST_STEP][PASSED] - descProductList.add(desc): null

2023-08-31 08:34:19 - [TEST_STEP][PASSED] - priceProductList = new java.util.ArrayList(): null

2023-08-31 08:34:19 - [TEST_STEP][PASSED] - priceProductList.add(data.get("product_price")): null

2023-08-31 08:34:19 - [TEST_STEP][PASSED] - priceProductList.add(price): null

2023-08-31 08:34:19 - [TEST_STEP][PASSED] - data.put("product_name_list", nameProductList): null

2023-08-31 08:34:19 - [TEST_STEP][PASSED] - data.put("product_desc_list", descProductList): null

2023-08-31 08:34:19 - [TEST_STEP][PASSED] - data.put("product_price_list", priceProductList): null

2023-08-31 08:34:19 - [TEST_STEP][PASSED] - return data: null

2023-08-31 08:34:19 - [MESSAGE][PASSED] - Call Test Case 'Test Cases/Products/TC-Product-AddCart-002' successfully

2023-08-31 08:34:19 - [TEST_STEP][PASSED] - click(findTestObject("Product Icon Cart")): Object: 'Object Repository/Product Icon Cart' is clicked on

2023-08-31 08:34:19 - [MESSAGE][PASSED] - Object: 'Object Repository/Product Icon Cart' is clicked on

2023-08-31 08:34:19 - [TEST_STEP][PASSED] - sourceProductTitleList = findWebElements(findTestObject("Object Repository/Cart Product Title List"), 10): null

2023-08-31 08:34:20 - [TEST_STEP][PASSED] - sourceProductDescList = findWebElements(findTestObject("Object Repository/Cart Product Desc List"), 10): null

2023-08-31 08:34:20 - [TEST_STEP][PASSED] - sourceProductPriceList = findWebElements(findTestObject("Object Repository/Cart Product Price List"), 10): null

2023-08-31 08:34:20 - [TEST_STEP][PASSED] - oriProductTitleList = new java.util.ArrayList(): null

2023-08-31 08:34:20 - [TEST_STEP][PASSED] - oriProductDescList = new java.util.ArrayList(): null

2023-08-31 08:34:20 - [TEST_STEP][PASSED] - oriProductPriceList = new java.util.ArrayList(): null

2023-08-31 08:34:20 - [TEST_STEP][PASSED] - for ([i = 0, i < sourceProductTitleList.size(), (i++)]): null

2023-08-31 08:34:20 - [TEST_STEP][PASSED] - productTitleText = text.trim(): null

2023-08-31 08:34:20 - [TEST_STEP][PASSED] - productDescText = text.trim(): null

2023-08-31 08:34:20 - [TEST_STEP][PASSED] - productPriceText = replace("Remove", "").trim(): null

2023-08-31 08:34:21 - [TEST_STEP][PASSED] - oriProductTitleList.add(productTitleText): null

2023-08-31 08:34:21 - [TEST_STEP][PASSED] - oriProductDescList.add(productDescText): null

2023-08-31 08:34:21 - [TEST_STEP][PASSED] - oriProductPriceList.add(productPriceText): null

2023-08-31 08:34:21 - [TEST_STEP][PASSED] - productTitleText = text.trim(): null

2023-08-31 08:34:21 - [TEST_STEP][PASSED] - productDescText = text.trim(): null

2023-08-31 08:34:21 - [TEST_STEP][PASSED] - productPriceText = replace("Remove", "").trim(): null

2023-08-31 08:34:21 - [TEST_STEP][PASSED] - oriProductTitleList.add(productTitleText): null

2023-08-31 08:34:21 - [TEST_STEP][PASSED] - oriProductDescList.add(productDescText): null

2023-08-31 08:34:21 - [TEST_STEP][PASSED] - oriProductPriceList.add(productPriceText): null

2023-08-31 08:34:21 - [TEST_STEP][PASSED] - assert data.get("product_name_list") == oriProductTitleList: null

2023-08-31 08:34:21 - [TEST_STEP][PASSED] - assert data.get("product_desc_list") == oriProductDescList: null

2023-08-31 08:34:21 - [TEST_STEP][PASSED] - assert data.get("product_price_list") == oriProductPriceList: null

2023-08-31 08:34:21 - [TEST_STEP][PASSED] - return data: null

2023-08-31 08:34:21 - [MESSAGE][PASSED] - Call Test Case 'Test Cases/Keranjang/TC-Cart-Show-003' successfully

2023-08-31 08:34:21 - [TEST_STEP][PASSED] - click(findTestObject("Cart Button Checkout")): Object: 'Object Repository/Cart Button Checkout' is clicked on

2023-08-31 08:34:21 - [MESSAGE][PASSED] - Object: 'Object Repository/Cart Button Checkout' is clicked on

2023-08-31 08:34:21 - [TEST_STEP][PASSED] - verifyElementPresent(findTestObject("Checkout Step 1 Title"), 0): Object 'Object Repository/Checkout Step 1 Title' is present

2023-08-31 08:34:21 - [MESSAGE][WARNING] - Timeout '0' is invalid. Using default page load timeout: '30'

2023-08-31 08:34:21 - [MESSAGE][PASSED] - Object 'Object Repository/Checkout Step 1 Title' is present

2023-08-31 08:34:21 - [TEST_STEP][PASSED] - setText(findTestObject("Checkout Input Last Name"), last_name): Text 'Nanda' is set on object 'Object Repository/Checkout Input Last Name'

2023-08-31 08:34:22 - [MESSAGE][PASSED] - Text 'Nanda' is set on object 'Object Repository/Checkout Input Last Name'

2023-08-31 08:34:22 - [TEST_STEP][PASSED] - setText(findTestObject("Checkout Input Postal Code"), postal_code): Text '55293' is set on object 'Object Repository/Checkout Input Postal Code'

2023-08-31 08:34:23 - [MESSAGE][PASSED] - Text '55293' is set on object 'Object Repository/Checkout Input Postal Code'

2023-08-31 08:34:23 - [TEST_STEP][PASSED] - click(findTestObject("Checkout Button Continue")): Object: 'Object Repository/Checkout Button Continue' is clicked on

2023-08-31 08:34:23 - [MESSAGE][PASSED] - Object: 'Object Repository/Checkout Button Continue' is clicked on

2023-08-31 08:34:23 - [TEST_STEP][PASSED] - verifyElementText(findTestObject("Checkout Error Message"), "Error: First Name is required"): Actual text and expected text of test object 'Object Repository/Checkout Error Message' are matched.

2023-08-31 08:34:24 - [MESSAGE][PASSED] - Actual text and expected text of test object 'Object Repository/Checkout Error Message' are matched.]]></system-out>
         <system-err><![CDATA[]]></system-err>
      </testcase>
      <testcase name="Test Cases/Checkout/TC-Checkout-Error-002" time="15.731" classname="Test Cases/Checkout/TC-Checkout-Error-002" status="FAILED">
         <failure type="FAILED" message="Test Cases/Checkout/TC-Checkout-Error-002 FAILED.
Reason:
com.kms.katalon.core.exception.StepFailedException: Verify element text of test object 'Object Repository/Checkout Error Message' FAILED.
	at com.kms.katalon.core.webui.keyword.internal.WebUIKeywordMain.stepFailed(WebUIKeywordMain.groovy:64)
	at com.kms.katalon.core.webui.keyword.internal.WebUIKeywordMain.runKeyword(WebUIKeywordMain.groovy:26)
	at com.kms.katalon.core.webui.keyword.builtin.VerifyElementTextKeyword.verifyElementText(VerifyElementTextKeyword.groovy:72)
	at com.kms.katalon.core.webui.keyword.builtin.VerifyElementTextKeyword.execute(VerifyElementTextKeyword.groovy:40)
	at com.kms.katalon.core.keyword.internal.KeywordExecutor.executeKeywordForPlatform(KeywordExecutor.groovy:74)
	at com.kms.katalon.core.webui.keyword.WebUiBuiltInKeywords.verifyElementText(WebUiBuiltInKeywords.groovy:4749)
	at com.kms.katalon.core.webui.keyword.WebUiBuiltInKeywords$verifyElementText$4.call(Unknown Source)
	at TC-Checkout-Error-002.run(TC-Checkout-Error-002:32)
	at com.kms.katalon.core.main.ScriptEngine.run(ScriptEngine.java:194)
	at com.kms.katalon.core.main.ScriptEngine.runScriptAsRawText(ScriptEngine.java:119)
	at com.kms.katalon.core.main.TestCaseExecutor.runScript(TestCaseExecutor.java:448)
	at com.kms.katalon.core.main.TestCaseExecutor.doExecute(TestCaseExecutor.java:439)
	at com.kms.katalon.core.main.TestCaseExecutor.processExecutionPhase(TestCaseExecutor.java:418)
	at com.kms.katalon.core.main.TestCaseExecutor.accessMainPhase(TestCaseExecutor.java:410)
	at com.kms.katalon.core.main.TestCaseExecutor.execute(TestCaseExecutor.java:285)
	at com.kms.katalon.core.common.CommonExecutor.accessTestCaseMainPhase(CommonExecutor.java:65)
	at com.kms.katalon.core.main.TestSuiteExecutor.accessTestSuiteMainPhase(TestSuiteExecutor.java:148)
	at com.kms.katalon.core.main.TestSuiteExecutor.execute(TestSuiteExecutor.java:106)
	at com.kms.katalon.core.main.TestCaseMain.startTestSuite(TestCaseMain.java:187)
	at com.kms.katalon.core.main.TestCaseMain$startTestSuite$0.call(Unknown Source)
	at TempTestSuite1693445385268.run(TempTestSuite1693445385268.groovy:36)
Caused by: com.kms.katalon.core.exception.StepFailedException: Actual text 'Error: Last Name is required' and expected text 'Last Name Required' of test object 'Object Repository/Checkout Error Message' are NOT matched.
	at com.kms.katalon.core.webui.keyword.internal.WebUIKeywordMain.stepFailed(WebUIKeywordMain.groovy:64)
	at com.kms.katalon.core.webui.keyword.builtin.VerifyElementTextKeyword$_verifyElementText_closure1.doCall(VerifyElementTextKeyword.groovy:57)
	at com.kms.katalon.core.webui.keyword.builtin.VerifyElementTextKeyword$_verifyElementText_closure1.call(VerifyElementTextKeyword.groovy)
	at com.kms.katalon.core.webui.keyword.internal.WebUIKeywordMain.runKeyword(WebUIKeywordMain.groovy:20)
	... 19 more
"/>
         <system-out><![CDATA[2023-08-31 08:34:24 - [TEST_CASE][FAILED] - Test Cases/Checkout/TC-Checkout-Error-002: Test Cases/Checkout/TC-Checkout-Error-002 FAILED.
Reason:
com.kms.katalon.core.exception.StepFailedException: Verify element text of test object 'Object Repository/Checkout Error Message' FAILED.
	at com.kms.katalon.core.webui.keyword.internal.WebUIKeywordMain.stepFailed(WebUIKeywordMain.groovy:64)
	at com.kms.katalon.core.webui.keyword.internal.WebUIKeywordMain.runKeyword(WebUIKeywordMain.groovy:26)
	at com.kms.katalon.core.webui.keyword.builtin.VerifyElementTextKeyword.verifyElementText(VerifyElementTextKeyword.groovy:72)
	at com.kms.katalon.core.webui.keyword.builtin.VerifyElementTextKeyword.execute(VerifyElementTextKeyword.groovy:40)
	at com.kms.katalon.core.keyword.internal.KeywordExecutor.executeKeywordForPlatform(KeywordExecutor.groovy:74)
	at com.kms.katalon.core.webui.keyword.WebUiBuiltInKeywords.verifyElementText(WebUiBuiltInKeywords.groovy:4749)
	at com.kms.katalon.core.webui.keyword.WebUiBuiltInKeywords$verifyElementText$4.call(Unknown Source)
	at TC-Checkout-Error-002.run(TC-Checkout-Error-002:32)
	at com.kms.katalon.core.main.ScriptEngine.run(ScriptEngine.java:194)
	at com.kms.katalon.core.main.ScriptEngine.runScriptAsRawText(ScriptEngine.java:119)
	at com.kms.katalon.core.main.TestCaseExecutor.runScript(TestCaseExecutor.java:448)
	at com.kms.katalon.core.main.TestCaseExecutor.doExecute(TestCaseExecutor.java:439)
	at com.kms.katalon.core.main.TestCaseExecutor.processExecutionPhase(TestCaseExecutor.java:418)
	at com.kms.katalon.core.main.TestCaseExecutor.accessMainPhase(TestCaseExecutor.java:410)
	at com.kms.katalon.core.main.TestCaseExecutor.execute(TestCaseExecutor.java:285)
	at com.kms.katalon.core.common.CommonExecutor.accessTestCaseMainPhase(CommonExecutor.java:65)
	at com.kms.katalon.core.main.TestSuiteExecutor.accessTestSuiteMainPhase(TestSuiteExecutor.java:148)
	at com.kms.katalon.core.main.TestSuiteExecutor.execute(TestSuiteExecutor.java:106)
	at com.kms.katalon.core.main.TestCaseMain.startTestSuite(TestCaseMain.java:187)
	at com.kms.katalon.core.main.TestCaseMain$startTestSuite$0.call(Unknown Source)
	at TempTestSuite1693445385268.run(TempTestSuite1693445385268.groovy:36)
Caused by: com.kms.katalon.core.exception.StepFailedException: Actual text 'Error: Last Name is required' and expected text 'Last Name Required' of test object 'Object Repository/Checkout Error Message' are NOT matched.
	at com.kms.katalon.core.webui.keyword.internal.WebUIKeywordMain.stepFailed(WebUIKeywordMain.groovy:64)
	at com.kms.katalon.core.webui.keyword.builtin.VerifyElementTextKeyword$_verifyElementText_closure1.doCall(VerifyElementTextKeyword.groovy:57)
	at com.kms.katalon.core.webui.keyword.builtin.VerifyElementTextKeyword$_verifyElementText_closure1.call(VerifyElementTextKeyword.groovy)
	at com.kms.katalon.core.webui.keyword.internal.WebUIKeywordMain.runKeyword(WebUIKeywordMain.groovy:20)
	... 19 more


2023-08-31 08:34:24 - [TEST_STEP][PASSED] - callTestCase(findTestCase("Keranjang/TC-Cart-Show-002"), [:], STOP_ON_FAILURE): Call Test Case 'Test Cases/Keranjang/TC-Cart-Show-002' successfully

2023-08-31 08:34:24 - [TEST_CASE][PASSED] - Test Cases/Keranjang/TC-Cart-Show-002: Test Cases/Keranjang/TC-Cart-Show-002

2023-08-31 08:34:24 - [TEST_STEP][PASSED] - data = callTestCase(findTestCase("Products/TC-Product-AddCart-001"), [:], STOP_ON_FAILURE): Call Test Case 'Test Cases/Products/TC-Product-AddCart-001' successfully

2023-08-31 08:34:24 - [TEST_CASE][PASSED] - Test Cases/Products/TC-Product-AddCart-001: Test Cases/Products/TC-Product-AddCart-001

2023-08-31 08:34:24 - [TEST_STEP][PASSED] - callTestCase(findTestCase("Products/TC-Product-Show-001"), [:], STOP_ON_FAILURE): Call Test Case 'Test Cases/Products/TC-Product-Show-001' successfully

2023-08-31 08:34:24 - [TEST_CASE][PASSED] - Test Cases/Products/TC-Product-Show-001: Test Cases/Products/TC-Product-Show-001

2023-08-31 08:34:24 - [TEST_STEP][PASSED] - callTestCase(findTestCase("Login/TC-Login-Success-001"), ["username":"standard_user", "password":"qcu24s4901FyWDTwXGr6XA=="], STOP_ON_FAILURE): Call Test Case 'Test Cases/Login/TC-Login-Success-001' successfully

2023-08-31 08:34:24 - [TEST_CASE][PASSED] - Test Cases/Login/TC-Login-Success-001: Test Cases/Login/TC-Login-Success-001

2023-08-31 08:34:24 - [TEST_STEP][PASSED] - openBrowser(WEB_URL): Browser is opened with url: 'https://www.saucedemo.com/'

2023-08-31 08:34:24 - [MESSAGE][WARNING] - A browser is already opened. Closing browser and opening a new one

2023-08-31 08:34:25 - [MESSAGE][INFO] - Starting 'Edge Chromium' driver

2023-08-31 08:34:27 - [MESSAGE][INFO] - Action delay is set to 0 milliseconds

2023-08-31 08:34:29 - [MESSAGE][PASSED] - Browser is opened with url: 'https://www.saucedemo.com/'

2023-08-31 08:34:29 - [TEST_STEP][PASSED] - verifyElementPresent(findTestObject("Login Title Text"), 10): Object 'Object Repository/Login Title Text' is present

2023-08-31 08:34:30 - [MESSAGE][PASSED] - Object 'Object Repository/Login Title Text' is present

2023-08-31 08:34:30 - [TEST_STEP][PASSED] - setText(findTestObject("Login Input Username"), username): Text 'standard_user' is set on object 'Object Repository/Login Input Username'

2023-08-31 08:34:30 - [MESSAGE][PASSED] - Text 'standard_user' is set on object 'Object Repository/Login Input Username'

2023-08-31 08:34:30 - [TEST_STEP][PASSED] - setEncryptedText(findTestObject("Login Input Password"), password): Text ****** has been set on object 'Object Repository/Login Input Password'

2023-08-31 08:34:31 - [MESSAGE][PASSED] - Text ****** has been set on object 'Object Repository/Login Input Password'

2023-08-31 08:34:31 - [TEST_STEP][PASSED] - click(findTestObject("Login Button")): Object: 'Object Repository/Login Button' is clicked on

2023-08-31 08:34:31 - [MESSAGE][PASSED] - Object: 'Object Repository/Login Button' is clicked on

2023-08-31 08:34:31 - [TEST_STEP][PASSED] - verifyElementPresent(findTestObject("Product Title Text"), 10): Object 'Object Repository/Product Title Text' is present

2023-08-31 08:34:32 - [MESSAGE][PASSED] - Object 'Object Repository/Product Title Text' is present

2023-08-31 08:34:32 - [MESSAGE][PASSED] - Call Test Case 'Test Cases/Login/TC-Login-Success-001' successfully

2023-08-31 08:34:32 - [TEST_STEP][PASSED] - verifyElementPresent(findTestObject("Product Title Text"), 10): Object 'Object Repository/Product Title Text' is present

2023-08-31 08:34:32 - [MESSAGE][PASSED] - Object 'Object Repository/Product Title Text' is present

2023-08-31 08:34:32 - [MESSAGE][PASSED] - Call Test Case 'Test Cases/Products/TC-Product-Show-001' successfully

2023-08-31 08:34:32 - [TEST_STEP][PASSED] - click(findTestObject("Product Button ATC Product 1")): Object: 'Object Repository/Product Button ATC Product 1' is clicked on

2023-08-31 08:34:32 - [MESSAGE][PASSED] - Object: 'Object Repository/Product Button ATC Product 1' is clicked on

2023-08-31 08:34:32 - [TEST_STEP][PASSED] - verifyElementText(findTestObject("Product Button Remove Product 1"), "Remove"): Actual text and expected text of test object 'Object Repository/Product Button Remove Product 1' are matched.

2023-08-31 08:34:33 - [MESSAGE][PASSED] - Actual text and expected text of test object 'Object Repository/Product Button Remove Product 1' are matched.

2023-08-31 08:34:33 - [TEST_STEP][PASSED] - verifyElementText(findTestObject("Product Label Icon Cart"), "1"): Actual text and expected text of test object 'Object Repository/Product Label Icon Cart' are matched.

2023-08-31 08:34:33 - [MESSAGE][PASSED] - Actual text and expected text of test object 'Object Repository/Product Label Icon Cart' are matched.

2023-08-31 08:34:33 - [TEST_STEP][PASSED] - name = getText(findTestObject("Product Text Name Product 1")): Text of object 'Object Repository/Product Text Name Product 1' is: 'Sauce Labs Backpack'

2023-08-31 08:34:34 - [MESSAGE][PASSED] - Text of object 'Object Repository/Product Text Name Product 1' is: 'Sauce Labs Backpack'

2023-08-31 08:34:34 - [TEST_STEP][PASSED] - desc = getText(findTestObject("Product Text Desc Product 1")): Text of object 'Object Repository/Product Text Desc Product 1' is: 'carry.allTheThings() with the sleek, streamlined Sly Pack that melds uncompromising style with unequaled laptop and tablet protection.'

2023-08-31 08:34:34 - [MESSAGE][PASSED] - Text of object 'Object Repository/Product Text Desc Product 1' is: 'carry.allTheThings() with the sleek, streamlined Sly Pack that melds uncompromising style with unequaled laptop and tablet protection.'

2023-08-31 08:34:34 - [TEST_STEP][PASSED] - prize = getText(findTestObject("Product Text Price Product 1")): Text of object 'Object Repository/Product Text Price Product 1' is: '$29.99'

2023-08-31 08:34:34 - [MESSAGE][PASSED] - Text of object 'Object Repository/Product Text Price Product 1' is: '$29.99'

2023-08-31 08:34:34 - [TEST_STEP][PASSED] - data = new java.util.HashMap(): null

2023-08-31 08:34:34 - [TEST_STEP][PASSED] - data.put("product_name", name): null

2023-08-31 08:34:34 - [TEST_STEP][PASSED] - data.put("product_desc", desc): null

2023-08-31 08:34:34 - [TEST_STEP][PASSED] - data.put("product_price", prize): null

2023-08-31 08:34:34 - [TEST_STEP][PASSED] - return data: null

2023-08-31 08:34:34 - [MESSAGE][PASSED] - Call Test Case 'Test Cases/Products/TC-Product-AddCart-001' successfully

2023-08-31 08:34:34 - [TEST_STEP][PASSED] - click(findTestObject("Product Icon Cart")): Object: 'Object Repository/Product Icon Cart' is clicked on

2023-08-31 08:34:35 - [MESSAGE][PASSED] - Object: 'Object Repository/Product Icon Cart' is clicked on

2023-08-31 08:34:35 - [TEST_STEP][PASSED] - verifyElementPresent(findTestObject("Cart Title Text"), 10): Object 'Object Repository/Cart Title Text' is present

2023-08-31 08:34:35 - [MESSAGE][PASSED] - Object 'Object Repository/Cart Title Text' is present

2023-08-31 08:34:35 - [TEST_STEP][PASSED] - name = getText(findTestObject("Cart Text Product 1 Title")): Text of object 'Object Repository/Cart Text Product 1 Title' is: 'Sauce Labs Backpack'

2023-08-31 08:34:35 - [MESSAGE][PASSED] - Text of object 'Object Repository/Cart Text Product 1 Title' is: 'Sauce Labs Backpack'

2023-08-31 08:34:35 - [TEST_STEP][PASSED] - desc = getText(findTestObject("Cart Text Product 1 Desc")): Text of object 'Object Repository/Cart Text Product 1 Desc' is: 'carry.allTheThings() with the sleek, streamlined Sly Pack that melds uncompromising style with unequaled laptop and tablet protection.'

2023-08-31 08:34:36 - [MESSAGE][PASSED] - Text of object 'Object Repository/Cart Text Product 1 Desc' is: 'carry.allTheThings() with the sleek, streamlined Sly Pack that melds uncompromising style with unequaled laptop and tablet protection.'

2023-08-31 08:34:36 - [TEST_STEP][PASSED] - price = getText(findTestObject("Cart Text Product 1 Price")): Text of object 'Object Repository/Cart Text Product 1 Price' is: '$29.99'

2023-08-31 08:34:36 - [MESSAGE][PASSED] - Text of object 'Object Repository/Cart Text Product 1 Price' is: '$29.99'

2023-08-31 08:34:36 - [TEST_STEP][PASSED] - assert name == data.get("product_name"): null

2023-08-31 08:34:36 - [TEST_STEP][PASSED] - assert desc == data.get("product_desc"): null

2023-08-31 08:34:36 - [TEST_STEP][PASSED] - assert price == data.get("product_price"): null

2023-08-31 08:34:36 - [TEST_STEP][PASSED] - return data: null

2023-08-31 08:34:36 - [MESSAGE][PASSED] - Call Test Case 'Test Cases/Keranjang/TC-Cart-Show-002' successfully

2023-08-31 08:34:36 - [TEST_STEP][PASSED] - click(findTestObject("Cart Button Checkout")): Object: 'Object Repository/Cart Button Checkout' is clicked on

2023-08-31 08:34:36 - [MESSAGE][PASSED] - Object: 'Object Repository/Cart Button Checkout' is clicked on

2023-08-31 08:34:36 - [TEST_STEP][PASSED] - verifyElementPresent(findTestObject("Checkout Step 1 Title"), 0): Object 'Object Repository/Checkout Step 1 Title' is present

2023-08-31 08:34:36 - [MESSAGE][WARNING] - Timeout '0' is invalid. Using default page load timeout: '30'

2023-08-31 08:34:37 - [MESSAGE][PASSED] - Object 'Object Repository/Checkout Step 1 Title' is present

2023-08-31 08:34:37 - [TEST_STEP][PASSED] - setText(findTestObject("Checkout Input First Name"), first_name): Text 'Yuhan' is set on object 'Object Repository/Checkout Input First Name'

2023-08-31 08:34:38 - [MESSAGE][PASSED] - Text 'Yuhan' is set on object 'Object Repository/Checkout Input First Name'

2023-08-31 08:34:38 - [TEST_STEP][PASSED] - setText(findTestObject("Checkout Input Postal Code"), postal_code): Text '55293' is set on object 'Object Repository/Checkout Input Postal Code'

2023-08-31 08:34:38 - [MESSAGE][PASSED] - Text '55293' is set on object 'Object Repository/Checkout Input Postal Code'

2023-08-31 08:34:38 - [TEST_STEP][PASSED] - click(findTestObject("Checkout Button Continue")): Object: 'Object Repository/Checkout Button Continue' is clicked on

2023-08-31 08:34:39 - [MESSAGE][PASSED] - Object: 'Object Repository/Checkout Button Continue' is clicked on

2023-08-31 08:34:39 - [TEST_STEP][FAILED] - verifyElementText(findTestObject("Checkout Error Message"), "Last Name Required"): Verify element text of test object 'Object Repository/Checkout Error Message' FAILED. (Root cause: com.kms.katalon.core.exception.StepFailedException: Verify element text of test object 'Object Repository/Checkout Error Message' FAILED.
	at com.kms.katalon.core.webui.keyword.internal.WebUIKeywordMain.stepFailed(WebUIKeywordMain.groovy:64)
	at com.kms.katalon.core.webui.keyword.internal.WebUIKeywordMain.runKeyword(WebUIKeywordMain.groovy:26)
	at com.kms.katalon.core.webui.keyword.builtin.VerifyElementTextKeyword.verifyElementText(VerifyElementTextKeyword.groovy:72)
	at com.kms.katalon.core.webui.keyword.builtin.VerifyElementTextKeyword.execute(VerifyElementTextKeyword.groovy:40)
	at com.kms.katalon.core.keyword.internal.KeywordExecutor.executeKeywordForPlatform(KeywordExecutor.groovy:74)
	at com.kms.katalon.core.webui.keyword.WebUiBuiltInKeywords.verifyElementText(WebUiBuiltInKeywords.groovy:4749)
	at com.kms.katalon.core.webui.keyword.WebUiBuiltInKeywords$verifyElementText$4.call(Unknown Source)
	at TC-Checkout-Error-002.run(TC-Checkout-Error-002:32)
	at com.kms.katalon.core.main.ScriptEngine.run(ScriptEngine.java:194)
	at com.kms.katalon.core.main.ScriptEngine.runScriptAsRawText(ScriptEngine.java:119)
	at com.kms.katalon.core.main.TestCaseExecutor.runScript(TestCaseExecutor.java:448)
	at com.kms.katalon.core.main.TestCaseExecutor.doExecute(TestCaseExecutor.java:439)
	at com.kms.katalon.core.main.TestCaseExecutor.processExecutionPhase(TestCaseExecutor.java:418)
	at com.kms.katalon.core.main.TestCaseExecutor.accessMainPhase(TestCaseExecutor.java:410)
	at com.kms.katalon.core.main.TestCaseExecutor.execute(TestCaseExecutor.java:285)
	at com.kms.katalon.core.common.CommonExecutor.accessTestCaseMainPhase(CommonExecutor.java:65)
	at com.kms.katalon.core.main.TestSuiteExecutor.accessTestSuiteMainPhase(TestSuiteExecutor.java:148)
	at com.kms.katalon.core.main.TestSuiteExecutor.execute(TestSuiteExecutor.java:106)
	at com.kms.katalon.core.main.TestCaseMain.startTestSuite(TestCaseMain.java:187)
	at com.kms.katalon.core.main.TestCaseMain$startTestSuite$0.call(Unknown Source)
	at TempTestSuite1693445385268.run(TempTestSuite1693445385268.groovy:36)
Caused by: com.kms.katalon.core.exception.StepFailedException: Actual text 'Error: Last Name is required' and expected text 'Last Name Required' of test object 'Object Repository/Checkout Error Message' are NOT matched.
	at com.kms.katalon.core.webui.keyword.internal.WebUIKeywordMain.stepFailed(WebUIKeywordMain.groovy:64)
	at com.kms.katalon.core.webui.keyword.builtin.VerifyElementTextKeyword$_verifyElementText_closure1.doCall(VerifyElementTextKeyword.groovy:57)
	at com.kms.katalon.core.webui.keyword.builtin.VerifyElementTextKeyword$_verifyElementText_closure1.call(VerifyElementTextKeyword.groovy)
	at com.kms.katalon.core.webui.keyword.internal.WebUIKeywordMain.runKeyword(WebUIKeywordMain.groovy:20)
	... 19 more
)

2023-08-31 08:34:40 - [MESSAGE][FAILED] - Actual text 'Error: Last Name is required' and expected text 'Last Name Required' of test object 'Object Repository/Checkout Error Message' are NOT matched. (Root cause: com.kms.katalon.core.exception.StepFailedException: Actual text 'Error: Last Name is required' and expected text 'Last Name Required' of test object 'Object Repository/Checkout Error Message' are NOT matched.
	at com.kms.katalon.core.webui.keyword.internal.WebUIKeywordMain.stepFailed(WebUIKeywordMain.groovy:64)
	at com.kms.katalon.core.webui.keyword.builtin.VerifyElementTextKeyword$_verifyElementText_closure1.doCall(VerifyElementTextKeyword.groovy:57)
	at com.kms.katalon.core.webui.keyword.builtin.VerifyElementTextKeyword$_verifyElementText_closure1.call(VerifyElementTextKeyword.groovy)
	at com.kms.katalon.core.webui.keyword.internal.WebUIKeywordMain.runKeyword(WebUIKeywordMain.groovy:20)
	at com.kms.katalon.core.webui.keyword.builtin.VerifyElementTextKeyword.verifyElementText(VerifyElementTextKeyword.groovy:72)
	at com.kms.katalon.core.webui.keyword.builtin.VerifyElementTextKeyword.execute(VerifyElementTextKeyword.groovy:40)
	at com.kms.katalon.core.keyword.internal.KeywordExecutor.executeKeywordForPlatform(KeywordExecutor.groovy:74)
	at com.kms.katalon.core.webui.keyword.WebUiBuiltInKeywords.verifyElementText(WebUiBuiltInKeywords.groovy:4749)
	at com.kms.katalon.core.webui.keyword.WebUiBuiltInKeywords$verifyElementText$4.call(Unknown Source)
	at TC-Checkout-Error-002.run(TC-Checkout-Error-002:32)
	at com.kms.katalon.core.main.ScriptEngine.run(ScriptEngine.java:194)
	at com.kms.katalon.core.main.ScriptEngine.runScriptAsRawText(ScriptEngine.java:119)
	at com.kms.katalon.core.main.TestCaseExecutor.runScript(TestCaseExecutor.java:448)
	at com.kms.katalon.core.main.TestCaseExecutor.doExecute(TestCaseExecutor.java:439)
	at com.kms.katalon.core.main.TestCaseExecutor.processExecutionPhase(TestCaseExecutor.java:418)
	at com.kms.katalon.core.main.TestCaseExecutor.accessMainPhase(TestCaseExecutor.java:410)
	at com.kms.katalon.core.main.TestCaseExecutor.execute(TestCaseExecutor.java:285)
	at com.kms.katalon.core.common.CommonExecutor.accessTestCaseMainPhase(CommonExecutor.java:65)
	at com.kms.katalon.core.main.TestSuiteExecutor.accessTestSuiteMainPhase(TestSuiteExecutor.java:148)
	at com.kms.katalon.core.main.TestSuiteExecutor.execute(TestSuiteExecutor.java:106)
	at com.kms.katalon.core.main.TestCaseMain.startTestSuite(TestCaseMain.java:187)
	at com.kms.katalon.core.main.TestCaseMain$startTestSuite$0.call(Unknown Source)
	at TempTestSuite1693445385268.run(TempTestSuite1693445385268.groovy:36)
)
[[ATTACHMENT|C:\\Users\\youha\\OneDrive\\Desktop\\Batch 324\\Workspace\\batch-324-qa\\Trainer\\Sauce Demo\\Reports\\20230831_082945\\Test Suite All TC\\20230831_082945\\1693445680060.png]]

2023-08-31 08:34:40 - [MESSAGE][FAILED] - Verify element text of test object 'Object Repository/Checkout Error Message' FAILED. (Root cause: com.kms.katalon.core.exception.StepFailedException: Verify element text of test object 'Object Repository/Checkout Error Message' FAILED.
	at com.kms.katalon.core.webui.keyword.internal.WebUIKeywordMain.stepFailed(WebUIKeywordMain.groovy:64)
	at com.kms.katalon.core.webui.keyword.internal.WebUIKeywordMain.runKeyword(WebUIKeywordMain.groovy:26)
	at com.kms.katalon.core.webui.keyword.builtin.VerifyElementTextKeyword.verifyElementText(VerifyElementTextKeyword.groovy:72)
	at com.kms.katalon.core.webui.keyword.builtin.VerifyElementTextKeyword.execute(VerifyElementTextKeyword.groovy:40)
	at com.kms.katalon.core.keyword.internal.KeywordExecutor.executeKeywordForPlatform(KeywordExecutor.groovy:74)
	at com.kms.katalon.core.webui.keyword.WebUiBuiltInKeywords.verifyElementText(WebUiBuiltInKeywords.groovy:4749)
	at com.kms.katalon.core.webui.keyword.WebUiBuiltInKeywords$verifyElementText$4.call(Unknown Source)
	at TC-Checkout-Error-002.run(TC-Checkout-Error-002:32)
	at com.kms.katalon.core.main.ScriptEngine.run(ScriptEngine.java:194)
	at com.kms.katalon.core.main.ScriptEngine.runScriptAsRawText(ScriptEngine.java:119)
	at com.kms.katalon.core.main.TestCaseExecutor.runScript(TestCaseExecutor.java:448)
	at com.kms.katalon.core.main.TestCaseExecutor.doExecute(TestCaseExecutor.java:439)
	at com.kms.katalon.core.main.TestCaseExecutor.processExecutionPhase(TestCaseExecutor.java:418)
	at com.kms.katalon.core.main.TestCaseExecutor.accessMainPhase(TestCaseExecutor.java:410)
	at com.kms.katalon.core.main.TestCaseExecutor.execute(TestCaseExecutor.java:285)
	at com.kms.katalon.core.common.CommonExecutor.accessTestCaseMainPhase(CommonExecutor.java:65)
	at com.kms.katalon.core.main.TestSuiteExecutor.accessTestSuiteMainPhase(TestSuiteExecutor.java:148)
	at com.kms.katalon.core.main.TestSuiteExecutor.execute(TestSuiteExecutor.java:106)
	at com.kms.katalon.core.main.TestCaseMain.startTestSuite(TestCaseMain.java:187)
	at com.kms.katalon.core.main.TestCaseMain$startTestSuite$0.call(Unknown Source)
	at TempTestSuite1693445385268.run(TempTestSuite1693445385268.groovy:36)
Caused by: com.kms.katalon.core.exception.StepFailedException: Actual text 'Error: Last Name is required' and expected text 'Last Name Required' of test object 'Object Repository/Checkout Error Message' are NOT matched.
	at com.kms.katalon.core.webui.keyword.internal.WebUIKeywordMain.stepFailed(WebUIKeywordMain.groovy:64)
	at com.kms.katalon.core.webui.keyword.builtin.VerifyElementTextKeyword$_verifyElementText_closure1.doCall(VerifyElementTextKeyword.groovy:57)
	at com.kms.katalon.core.webui.keyword.builtin.VerifyElementTextKeyword$_verifyElementText_closure1.call(VerifyElementTextKeyword.groovy)
	at com.kms.katalon.core.webui.keyword.internal.WebUIKeywordMain.runKeyword(WebUIKeywordMain.groovy:20)
	... 19 more
)
[[ATTACHMENT|C:\\Users\\youha\\OneDrive\\Desktop\\Batch 324\\Workspace\\batch-324-qa\\Trainer\\Sauce Demo\\Reports\\20230831_082945\\Test Suite All TC\\20230831_082945\\1693445680156.png]]]]></system-out>
         <system-err><![CDATA[2023-08-31 08:34:24 - [TEST_CASE][FAILED] - Test Cases/Checkout/TC-Checkout-Error-002: Test Cases/Checkout/TC-Checkout-Error-002 FAILED.
Reason:
com.kms.katalon.core.exception.StepFailedException: Verify element text of test object 'Object Repository/Checkout Error Message' FAILED.
	at com.kms.katalon.core.webui.keyword.internal.WebUIKeywordMain.stepFailed(WebUIKeywordMain.groovy:64)
	at com.kms.katalon.core.webui.keyword.internal.WebUIKeywordMain.runKeyword(WebUIKeywordMain.groovy:26)
	at com.kms.katalon.core.webui.keyword.builtin.VerifyElementTextKeyword.verifyElementText(VerifyElementTextKeyword.groovy:72)
	at com.kms.katalon.core.webui.keyword.builtin.VerifyElementTextKeyword.execute(VerifyElementTextKeyword.groovy:40)
	at com.kms.katalon.core.keyword.internal.KeywordExecutor.executeKeywordForPlatform(KeywordExecutor.groovy:74)
	at com.kms.katalon.core.webui.keyword.WebUiBuiltInKeywords.verifyElementText(WebUiBuiltInKeywords.groovy:4749)
	at com.kms.katalon.core.webui.keyword.WebUiBuiltInKeywords$verifyElementText$4.call(Unknown Source)
	at TC-Checkout-Error-002.run(TC-Checkout-Error-002:32)
	at com.kms.katalon.core.main.ScriptEngine.run(ScriptEngine.java:194)
	at com.kms.katalon.core.main.ScriptEngine.runScriptAsRawText(ScriptEngine.java:119)
	at com.kms.katalon.core.main.TestCaseExecutor.runScript(TestCaseExecutor.java:448)
	at com.kms.katalon.core.main.TestCaseExecutor.doExecute(TestCaseExecutor.java:439)
	at com.kms.katalon.core.main.TestCaseExecutor.processExecutionPhase(TestCaseExecutor.java:418)
	at com.kms.katalon.core.main.TestCaseExecutor.accessMainPhase(TestCaseExecutor.java:410)
	at com.kms.katalon.core.main.TestCaseExecutor.execute(TestCaseExecutor.java:285)
	at com.kms.katalon.core.common.CommonExecutor.accessTestCaseMainPhase(CommonExecutor.java:65)
	at com.kms.katalon.core.main.TestSuiteExecutor.accessTestSuiteMainPhase(TestSuiteExecutor.java:148)
	at com.kms.katalon.core.main.TestSuiteExecutor.execute(TestSuiteExecutor.java:106)
	at com.kms.katalon.core.main.TestCaseMain.startTestSuite(TestCaseMain.java:187)
	at com.kms.katalon.core.main.TestCaseMain$startTestSuite$0.call(Unknown Source)
	at TempTestSuite1693445385268.run(TempTestSuite1693445385268.groovy:36)
Caused by: com.kms.katalon.core.exception.StepFailedException: Actual text 'Error: Last Name is required' and expected text 'Last Name Required' of test object 'Object Repository/Checkout Error Message' are NOT matched.
	at com.kms.katalon.core.webui.keyword.internal.WebUIKeywordMain.stepFailed(WebUIKeywordMain.groovy:64)
	at com.kms.katalon.core.webui.keyword.builtin.VerifyElementTextKeyword$_verifyElementText_closure1.doCall(VerifyElementTextKeyword.groovy:57)
	at com.kms.katalon.core.webui.keyword.builtin.VerifyElementTextKeyword$_verifyElementText_closure1.call(VerifyElementTextKeyword.groovy)
	at com.kms.katalon.core.webui.keyword.internal.WebUIKeywordMain.runKeyword(WebUIKeywordMain.groovy:20)
	... 19 more]]></system-err>
      </testcase>
      <testcase name="Test Cases/Checkout/TC-Checkout-Error-003" time="15.479" classname="Test Cases/Checkout/TC-Checkout-Error-003" status="PASSED">
         <system-out><![CDATA[2023-08-31 08:34:40 - [TEST_CASE][PASSED] - Test Cases/Checkout/TC-Checkout-Error-003: Test Cases/Checkout/TC-Checkout-Error-003

2023-08-31 08:34:40 - [TEST_STEP][PASSED] - callTestCase(findTestCase("Keranjang/TC-Cart-Show-002"), [:], STOP_ON_FAILURE): Call Test Case 'Test Cases/Keranjang/TC-Cart-Show-002' successfully

2023-08-31 08:34:40 - [TEST_CASE][PASSED] - Test Cases/Keranjang/TC-Cart-Show-002: Test Cases/Keranjang/TC-Cart-Show-002

2023-08-31 08:34:40 - [TEST_STEP][PASSED] - data = callTestCase(findTestCase("Products/TC-Product-AddCart-001"), [:], STOP_ON_FAILURE): Call Test Case 'Test Cases/Products/TC-Product-AddCart-001' successfully

2023-08-31 08:34:40 - [TEST_CASE][PASSED] - Test Cases/Products/TC-Product-AddCart-001: Test Cases/Products/TC-Product-AddCart-001

2023-08-31 08:34:40 - [TEST_STEP][PASSED] - callTestCase(findTestCase("Products/TC-Product-Show-001"), [:], STOP_ON_FAILURE): Call Test Case 'Test Cases/Products/TC-Product-Show-001' successfully

2023-08-31 08:34:40 - [TEST_CASE][PASSED] - Test Cases/Products/TC-Product-Show-001: Test Cases/Products/TC-Product-Show-001

2023-08-31 08:34:40 - [TEST_STEP][PASSED] - callTestCase(findTestCase("Login/TC-Login-Success-001"), ["username":"standard_user", "password":"qcu24s4901FyWDTwXGr6XA=="], STOP_ON_FAILURE): Call Test Case 'Test Cases/Login/TC-Login-Success-001' successfully

2023-08-31 08:34:40 - [TEST_CASE][PASSED] - Test Cases/Login/TC-Login-Success-001: Test Cases/Login/TC-Login-Success-001

2023-08-31 08:34:40 - [TEST_STEP][PASSED] - openBrowser(WEB_URL): Browser is opened with url: 'https://www.saucedemo.com/'

2023-08-31 08:34:40 - [MESSAGE][WARNING] - A browser is already opened. Closing browser and opening a new one

2023-08-31 08:34:41 - [MESSAGE][INFO] - Starting 'Edge Chromium' driver

2023-08-31 08:34:43 - [MESSAGE][INFO] - Action delay is set to 0 milliseconds

2023-08-31 08:34:45 - [MESSAGE][PASSED] - Browser is opened with url: 'https://www.saucedemo.com/'

2023-08-31 08:34:45 - [TEST_STEP][PASSED] - verifyElementPresent(findTestObject("Login Title Text"), 10): Object 'Object Repository/Login Title Text' is present

2023-08-31 08:34:46 - [MESSAGE][PASSED] - Object 'Object Repository/Login Title Text' is present

2023-08-31 08:34:46 - [TEST_STEP][PASSED] - setText(findTestObject("Login Input Username"), username): Text 'standard_user' is set on object 'Object Repository/Login Input Username'

2023-08-31 08:34:46 - [MESSAGE][PASSED] - Text 'standard_user' is set on object 'Object Repository/Login Input Username'

2023-08-31 08:34:46 - [TEST_STEP][PASSED] - setEncryptedText(findTestObject("Login Input Password"), password): Text ****** has been set on object 'Object Repository/Login Input Password'

2023-08-31 08:34:47 - [MESSAGE][PASSED] - Text ****** has been set on object 'Object Repository/Login Input Password'

2023-08-31 08:34:47 - [TEST_STEP][PASSED] - click(findTestObject("Login Button")): Object: 'Object Repository/Login Button' is clicked on

2023-08-31 08:34:47 - [MESSAGE][PASSED] - Object: 'Object Repository/Login Button' is clicked on

2023-08-31 08:34:47 - [TEST_STEP][PASSED] - verifyElementPresent(findTestObject("Product Title Text"), 10): Object 'Object Repository/Product Title Text' is present

2023-08-31 08:34:47 - [MESSAGE][PASSED] - Object 'Object Repository/Product Title Text' is present

2023-08-31 08:34:47 - [MESSAGE][PASSED] - Call Test Case 'Test Cases/Login/TC-Login-Success-001' successfully

2023-08-31 08:34:47 - [TEST_STEP][PASSED] - verifyElementPresent(findTestObject("Product Title Text"), 10): Object 'Object Repository/Product Title Text' is present

2023-08-31 08:34:48 - [MESSAGE][PASSED] - Object 'Object Repository/Product Title Text' is present

2023-08-31 08:34:48 - [MESSAGE][PASSED] - Call Test Case 'Test Cases/Products/TC-Product-Show-001' successfully

2023-08-31 08:34:48 - [TEST_STEP][PASSED] - click(findTestObject("Product Button ATC Product 1")): Object: 'Object Repository/Product Button ATC Product 1' is clicked on

2023-08-31 08:34:48 - [MESSAGE][PASSED] - Object: 'Object Repository/Product Button ATC Product 1' is clicked on

2023-08-31 08:34:48 - [TEST_STEP][PASSED] - verifyElementText(findTestObject("Product Button Remove Product 1"), "Remove"): Actual text and expected text of test object 'Object Repository/Product Button Remove Product 1' are matched.

2023-08-31 08:34:49 - [MESSAGE][PASSED] - Actual text and expected text of test object 'Object Repository/Product Button Remove Product 1' are matched.

2023-08-31 08:34:49 - [TEST_STEP][PASSED] - verifyElementText(findTestObject("Product Label Icon Cart"), "1"): Actual text and expected text of test object 'Object Repository/Product Label Icon Cart' are matched.

2023-08-31 08:34:49 - [MESSAGE][PASSED] - Actual text and expected text of test object 'Object Repository/Product Label Icon Cart' are matched.

2023-08-31 08:34:49 - [TEST_STEP][PASSED] - name = getText(findTestObject("Product Text Name Product 1")): Text of object 'Object Repository/Product Text Name Product 1' is: 'Sauce Labs Backpack'

2023-08-31 08:34:49 - [MESSAGE][PASSED] - Text of object 'Object Repository/Product Text Name Product 1' is: 'Sauce Labs Backpack'

2023-08-31 08:34:49 - [TEST_STEP][PASSED] - desc = getText(findTestObject("Product Text Desc Product 1")): Text of object 'Object Repository/Product Text Desc Product 1' is: 'carry.allTheThings() with the sleek, streamlined Sly Pack that melds uncompromising style with unequaled laptop and tablet protection.'

2023-08-31 08:34:50 - [MESSAGE][PASSED] - Text of object 'Object Repository/Product Text Desc Product 1' is: 'carry.allTheThings() with the sleek, streamlined Sly Pack that melds uncompromising style with unequaled laptop and tablet protection.'

2023-08-31 08:34:50 - [TEST_STEP][PASSED] - prize = getText(findTestObject("Product Text Price Product 1")): Text of object 'Object Repository/Product Text Price Product 1' is: '$29.99'

2023-08-31 08:34:50 - [MESSAGE][PASSED] - Text of object 'Object Repository/Product Text Price Product 1' is: '$29.99'

2023-08-31 08:34:50 - [TEST_STEP][PASSED] - data = new java.util.HashMap(): null

2023-08-31 08:34:50 - [TEST_STEP][PASSED] - data.put("product_name", name): null

2023-08-31 08:34:50 - [TEST_STEP][PASSED] - data.put("product_desc", desc): null

2023-08-31 08:34:50 - [TEST_STEP][PASSED] - data.put("product_price", prize): null

2023-08-31 08:34:50 - [TEST_STEP][PASSED] - return data: null

2023-08-31 08:34:50 - [MESSAGE][PASSED] - Call Test Case 'Test Cases/Products/TC-Product-AddCart-001' successfully

2023-08-31 08:34:50 - [TEST_STEP][PASSED] - click(findTestObject("Product Icon Cart")): Object: 'Object Repository/Product Icon Cart' is clicked on

2023-08-31 08:34:50 - [MESSAGE][PASSED] - Object: 'Object Repository/Product Icon Cart' is clicked on

2023-08-31 08:34:50 - [TEST_STEP][PASSED] - verifyElementPresent(findTestObject("Cart Title Text"), 10): Object 'Object Repository/Cart Title Text' is present

2023-08-31 08:34:51 - [MESSAGE][PASSED] - Object 'Object Repository/Cart Title Text' is present

2023-08-31 08:34:51 - [TEST_STEP][PASSED] - name = getText(findTestObject("Cart Text Product 1 Title")): Text of object 'Object Repository/Cart Text Product 1 Title' is: 'Sauce Labs Backpack'

2023-08-31 08:34:51 - [MESSAGE][PASSED] - Text of object 'Object Repository/Cart Text Product 1 Title' is: 'Sauce Labs Backpack'

2023-08-31 08:34:51 - [TEST_STEP][PASSED] - desc = getText(findTestObject("Cart Text Product 1 Desc")): Text of object 'Object Repository/Cart Text Product 1 Desc' is: 'carry.allTheThings() with the sleek, streamlined Sly Pack that melds uncompromising style with unequaled laptop and tablet protection.'

2023-08-31 08:34:52 - [MESSAGE][PASSED] - Text of object 'Object Repository/Cart Text Product 1 Desc' is: 'carry.allTheThings() with the sleek, streamlined Sly Pack that melds uncompromising style with unequaled laptop and tablet protection.'

2023-08-31 08:34:52 - [TEST_STEP][PASSED] - price = getText(findTestObject("Cart Text Product 1 Price")): Text of object 'Object Repository/Cart Text Product 1 Price' is: '$29.99'

2023-08-31 08:34:52 - [MESSAGE][PASSED] - Text of object 'Object Repository/Cart Text Product 1 Price' is: '$29.99'

2023-08-31 08:34:52 - [TEST_STEP][PASSED] - assert name == data.get("product_name"): null

2023-08-31 08:34:52 - [TEST_STEP][PASSED] - assert desc == data.get("product_desc"): null

2023-08-31 08:34:52 - [TEST_STEP][PASSED] - assert price == data.get("product_price"): null

2023-08-31 08:34:52 - [TEST_STEP][PASSED] - return data: null

2023-08-31 08:34:52 - [MESSAGE][PASSED] - Call Test Case 'Test Cases/Keranjang/TC-Cart-Show-002' successfully

2023-08-31 08:34:52 - [TEST_STEP][PASSED] - click(findTestObject("Cart Button Checkout")): Object: 'Object Repository/Cart Button Checkout' is clicked on

2023-08-31 08:34:52 - [MESSAGE][PASSED] - Object: 'Object Repository/Cart Button Checkout' is clicked on

2023-08-31 08:34:52 - [TEST_STEP][PASSED] - verifyElementPresent(findTestObject("Checkout Step 1 Title"), 0): Object 'Object Repository/Checkout Step 1 Title' is present

2023-08-31 08:34:52 - [MESSAGE][WARNING] - Timeout '0' is invalid. Using default page load timeout: '30'

2023-08-31 08:34:53 - [MESSAGE][PASSED] - Object 'Object Repository/Checkout Step 1 Title' is present

2023-08-31 08:34:53 - [TEST_STEP][PASSED] - setText(findTestObject("Checkout Input First Name"), first_name): Text 'Yuhan' is set on object 'Object Repository/Checkout Input First Name'

2023-08-31 08:34:53 - [MESSAGE][PASSED] - Text 'Yuhan' is set on object 'Object Repository/Checkout Input First Name'

2023-08-31 08:34:53 - [TEST_STEP][PASSED] - setText(findTestObject("Checkout Input Last Name"), last_name): Text 'Nanda' is set on object 'Object Repository/Checkout Input Last Name'

2023-08-31 08:34:54 - [MESSAGE][PASSED] - Text 'Nanda' is set on object 'Object Repository/Checkout Input Last Name'

2023-08-31 08:34:54 - [TEST_STEP][PASSED] - click(findTestObject("Checkout Button Continue")): Object: 'Object Repository/Checkout Button Continue' is clicked on

2023-08-31 08:34:55 - [MESSAGE][PASSED] - Object: 'Object Repository/Checkout Button Continue' is clicked on

2023-08-31 08:34:55 - [TEST_STEP][PASSED] - verifyElementText(findTestObject("Checkout Error Message"), "Error: Postal Code is required"): Actual text and expected text of test object 'Object Repository/Checkout Error Message' are matched.

2023-08-31 08:34:55 - [MESSAGE][PASSED] - Actual text and expected text of test object 'Object Repository/Checkout Error Message' are matched.]]></system-out>
         <system-err><![CDATA[]]></system-err>
      </testcase>
      <testcase name="Test Cases/Checkout/TC-Checkout-Nav-001" time="17.043" classname="Test Cases/Checkout/TC-Checkout-Nav-001" status="PASSED">
         <system-out><![CDATA[2023-08-31 08:34:55 - [TEST_CASE][PASSED] - Test Cases/Checkout/TC-Checkout-Nav-001: Test Cases/Checkout/TC-Checkout-Nav-001

2023-08-31 08:34:55 - [TEST_STEP][PASSED] - callTestCase(findTestCase("Keranjang/TC-Cart-Show-002"), [:], STOP_ON_FAILURE): Call Test Case 'Test Cases/Keranjang/TC-Cart-Show-002' successfully

2023-08-31 08:34:55 - [TEST_CASE][PASSED] - Test Cases/Keranjang/TC-Cart-Show-002: Test Cases/Keranjang/TC-Cart-Show-002

2023-08-31 08:34:55 - [TEST_STEP][PASSED] - data = callTestCase(findTestCase("Products/TC-Product-AddCart-001"), [:], STOP_ON_FAILURE): Call Test Case 'Test Cases/Products/TC-Product-AddCart-001' successfully

2023-08-31 08:34:56 - [TEST_CASE][PASSED] - Test Cases/Products/TC-Product-AddCart-001: Test Cases/Products/TC-Product-AddCart-001

2023-08-31 08:34:56 - [TEST_STEP][PASSED] - callTestCase(findTestCase("Products/TC-Product-Show-001"), [:], STOP_ON_FAILURE): Call Test Case 'Test Cases/Products/TC-Product-Show-001' successfully

2023-08-31 08:34:56 - [TEST_CASE][PASSED] - Test Cases/Products/TC-Product-Show-001: Test Cases/Products/TC-Product-Show-001

2023-08-31 08:34:56 - [TEST_STEP][PASSED] - callTestCase(findTestCase("Login/TC-Login-Success-001"), ["username":"standard_user", "password":"qcu24s4901FyWDTwXGr6XA=="], STOP_ON_FAILURE): Call Test Case 'Test Cases/Login/TC-Login-Success-001' successfully

2023-08-31 08:34:56 - [TEST_CASE][PASSED] - Test Cases/Login/TC-Login-Success-001: Test Cases/Login/TC-Login-Success-001

2023-08-31 08:34:56 - [TEST_STEP][PASSED] - openBrowser(WEB_URL): Browser is opened with url: 'https://www.saucedemo.com/'

2023-08-31 08:34:56 - [MESSAGE][WARNING] - A browser is already opened. Closing browser and opening a new one

2023-08-31 08:34:56 - [MESSAGE][INFO] - Starting 'Edge Chromium' driver

2023-08-31 08:34:58 - [MESSAGE][INFO] - Action delay is set to 0 milliseconds

2023-08-31 08:35:01 - [MESSAGE][PASSED] - Browser is opened with url: 'https://www.saucedemo.com/'

2023-08-31 08:35:01 - [TEST_STEP][PASSED] - verifyElementPresent(findTestObject("Login Title Text"), 10): Object 'Object Repository/Login Title Text' is present

2023-08-31 08:35:01 - [MESSAGE][PASSED] - Object 'Object Repository/Login Title Text' is present

2023-08-31 08:35:01 - [TEST_STEP][PASSED] - setText(findTestObject("Login Input Username"), username): Text 'standard_user' is set on object 'Object Repository/Login Input Username'

2023-08-31 08:35:02 - [MESSAGE][PASSED] - Text 'standard_user' is set on object 'Object Repository/Login Input Username'

2023-08-31 08:35:02 - [TEST_STEP][PASSED] - setEncryptedText(findTestObject("Login Input Password"), password): Text ****** has been set on object 'Object Repository/Login Input Password'

2023-08-31 08:35:02 - [MESSAGE][PASSED] - Text ****** has been set on object 'Object Repository/Login Input Password'

2023-08-31 08:35:02 - [TEST_STEP][PASSED] - click(findTestObject("Login Button")): Object: 'Object Repository/Login Button' is clicked on

2023-08-31 08:35:02 - [MESSAGE][PASSED] - Object: 'Object Repository/Login Button' is clicked on

2023-08-31 08:35:02 - [TEST_STEP][PASSED] - verifyElementPresent(findTestObject("Product Title Text"), 10): Object 'Object Repository/Product Title Text' is present

2023-08-31 08:35:03 - [MESSAGE][PASSED] - Object 'Object Repository/Product Title Text' is present

2023-08-31 08:35:03 - [MESSAGE][PASSED] - Call Test Case 'Test Cases/Login/TC-Login-Success-001' successfully

2023-08-31 08:35:03 - [TEST_STEP][PASSED] - verifyElementPresent(findTestObject("Product Title Text"), 10): Object 'Object Repository/Product Title Text' is present

2023-08-31 08:35:03 - [MESSAGE][PASSED] - Object 'Object Repository/Product Title Text' is present

2023-08-31 08:35:03 - [MESSAGE][PASSED] - Call Test Case 'Test Cases/Products/TC-Product-Show-001' successfully

2023-08-31 08:35:03 - [TEST_STEP][PASSED] - click(findTestObject("Product Button ATC Product 1")): Object: 'Object Repository/Product Button ATC Product 1' is clicked on

2023-08-31 08:35:04 - [MESSAGE][PASSED] - Object: 'Object Repository/Product Button ATC Product 1' is clicked on

2023-08-31 08:35:04 - [TEST_STEP][PASSED] - verifyElementText(findTestObject("Product Button Remove Product 1"), "Remove"): Actual text and expected text of test object 'Object Repository/Product Button Remove Product 1' are matched.

2023-08-31 08:35:04 - [MESSAGE][PASSED] - Actual text and expected text of test object 'Object Repository/Product Button Remove Product 1' are matched.

2023-08-31 08:35:04 - [TEST_STEP][PASSED] - verifyElementText(findTestObject("Product Label Icon Cart"), "1"): Actual text and expected text of test object 'Object Repository/Product Label Icon Cart' are matched.

2023-08-31 08:35:05 - [MESSAGE][PASSED] - Actual text and expected text of test object 'Object Repository/Product Label Icon Cart' are matched.

2023-08-31 08:35:05 - [TEST_STEP][PASSED] - name = getText(findTestObject("Product Text Name Product 1")): Text of object 'Object Repository/Product Text Name Product 1' is: 'Sauce Labs Backpack'

2023-08-31 08:35:05 - [MESSAGE][PASSED] - Text of object 'Object Repository/Product Text Name Product 1' is: 'Sauce Labs Backpack'

2023-08-31 08:35:05 - [TEST_STEP][PASSED] - desc = getText(findTestObject("Product Text Desc Product 1")): Text of object 'Object Repository/Product Text Desc Product 1' is: 'carry.allTheThings() with the sleek, streamlined Sly Pack that melds uncompromising style with unequaled laptop and tablet protection.'

2023-08-31 08:35:05 - [MESSAGE][PASSED] - Text of object 'Object Repository/Product Text Desc Product 1' is: 'carry.allTheThings() with the sleek, streamlined Sly Pack that melds uncompromising style with unequaled laptop and tablet protection.'

2023-08-31 08:35:05 - [TEST_STEP][PASSED] - prize = getText(findTestObject("Product Text Price Product 1")): Text of object 'Object Repository/Product Text Price Product 1' is: '$29.99'

2023-08-31 08:35:05 - [MESSAGE][PASSED] - Text of object 'Object Repository/Product Text Price Product 1' is: '$29.99'

2023-08-31 08:35:05 - [TEST_STEP][PASSED] - data = new java.util.HashMap(): null

2023-08-31 08:35:05 - [TEST_STEP][PASSED] - data.put("product_name", name): null

2023-08-31 08:35:05 - [TEST_STEP][PASSED] - data.put("product_desc", desc): null

2023-08-31 08:35:05 - [TEST_STEP][PASSED] - data.put("product_price", prize): null

2023-08-31 08:35:05 - [TEST_STEP][PASSED] - return data: null

2023-08-31 08:35:05 - [MESSAGE][PASSED] - Call Test Case 'Test Cases/Products/TC-Product-AddCart-001' successfully

2023-08-31 08:35:05 - [TEST_STEP][PASSED] - click(findTestObject("Product Icon Cart")): Object: 'Object Repository/Product Icon Cart' is clicked on

2023-08-31 08:35:06 - [MESSAGE][PASSED] - Object: 'Object Repository/Product Icon Cart' is clicked on

2023-08-31 08:35:06 - [TEST_STEP][PASSED] - verifyElementPresent(findTestObject("Cart Title Text"), 10): Object 'Object Repository/Cart Title Text' is present

2023-08-31 08:35:06 - [MESSAGE][PASSED] - Object 'Object Repository/Cart Title Text' is present

2023-08-31 08:35:06 - [TEST_STEP][PASSED] - name = getText(findTestObject("Cart Text Product 1 Title")): Text of object 'Object Repository/Cart Text Product 1 Title' is: 'Sauce Labs Backpack'

2023-08-31 08:35:07 - [MESSAGE][PASSED] - Text of object 'Object Repository/Cart Text Product 1 Title' is: 'Sauce Labs Backpack'

2023-08-31 08:35:07 - [TEST_STEP][PASSED] - desc = getText(findTestObject("Cart Text Product 1 Desc")): Text of object 'Object Repository/Cart Text Product 1 Desc' is: 'carry.allTheThings() with the sleek, streamlined Sly Pack that melds uncompromising style with unequaled laptop and tablet protection.'

2023-08-31 08:35:07 - [MESSAGE][PASSED] - Text of object 'Object Repository/Cart Text Product 1 Desc' is: 'carry.allTheThings() with the sleek, streamlined Sly Pack that melds uncompromising style with unequaled laptop and tablet protection.'

2023-08-31 08:35:07 - [TEST_STEP][PASSED] - price = getText(findTestObject("Cart Text Product 1 Price")): Text of object 'Object Repository/Cart Text Product 1 Price' is: '$29.99'

2023-08-31 08:35:07 - [MESSAGE][PASSED] - Text of object 'Object Repository/Cart Text Product 1 Price' is: '$29.99'

2023-08-31 08:35:07 - [TEST_STEP][PASSED] - assert name == data.get("product_name"): null

2023-08-31 08:35:07 - [TEST_STEP][PASSED] - assert desc == data.get("product_desc"): null

2023-08-31 08:35:07 - [TEST_STEP][PASSED] - assert price == data.get("product_price"): null

2023-08-31 08:35:07 - [TEST_STEP][PASSED] - return data: null

2023-08-31 08:35:07 - [MESSAGE][PASSED] - Call Test Case 'Test Cases/Keranjang/TC-Cart-Show-002' successfully

2023-08-31 08:35:07 - [TEST_STEP][PASSED] - click(findTestObject("Cart Button Checkout")): Object: 'Object Repository/Cart Button Checkout' is clicked on

2023-08-31 08:35:08 - [MESSAGE][PASSED] - Object: 'Object Repository/Cart Button Checkout' is clicked on

2023-08-31 08:35:08 - [TEST_STEP][PASSED] - verifyElementPresent(findTestObject("Checkout Step 1 Title"), 0): Object 'Object Repository/Checkout Step 1 Title' is present

2023-08-31 08:35:08 - [MESSAGE][WARNING] - Timeout '0' is invalid. Using default page load timeout: '30'

2023-08-31 08:35:08 - [MESSAGE][PASSED] - Object 'Object Repository/Checkout Step 1 Title' is present

2023-08-31 08:35:08 - [TEST_STEP][PASSED] - setText(findTestObject("Checkout Input First Name"), first_name): Text 'Yuhan' is set on object 'Object Repository/Checkout Input First Name'

2023-08-31 08:35:09 - [MESSAGE][PASSED] - Text 'Yuhan' is set on object 'Object Repository/Checkout Input First Name'

2023-08-31 08:35:09 - [TEST_STEP][PASSED] - setText(findTestObject("Checkout Input Last Name"), last_name): Text 'Nanda' is set on object 'Object Repository/Checkout Input Last Name'

2023-08-31 08:35:10 - [MESSAGE][PASSED] - Text 'Nanda' is set on object 'Object Repository/Checkout Input Last Name'

2023-08-31 08:35:10 - [TEST_STEP][PASSED] - setText(findTestObject("Checkout Input Postal Code"), postal_code): Text '55293' is set on object 'Object Repository/Checkout Input Postal Code'

2023-08-31 08:35:10 - [MESSAGE][PASSED] - Text '55293' is set on object 'Object Repository/Checkout Input Postal Code'

2023-08-31 08:35:10 - [TEST_STEP][PASSED] - click(findTestObject("Checkout Button Continue")): Object: 'Object Repository/Checkout Button Continue' is clicked on

2023-08-31 08:35:11 - [MESSAGE][PASSED] - Object: 'Object Repository/Checkout Button Continue' is clicked on

2023-08-31 08:35:11 - [TEST_STEP][PASSED] - verifyElementPresent(findTestObject("Checkout Step 2 Title"), 0): Object 'Object Repository/Checkout Step 2 Title' is present

2023-08-31 08:35:11 - [MESSAGE][WARNING] - Timeout '0' is invalid. Using default page load timeout: '30'

2023-08-31 08:35:11 - [MESSAGE][PASSED] - Object 'Object Repository/Checkout Step 2 Title' is present

2023-08-31 08:35:11 - [TEST_STEP][PASSED] - click(findTestObject("Checkout Button Cancel")): Object: 'Object Repository/Checkout Button Cancel' is clicked on

2023-08-31 08:35:12 - [MESSAGE][PASSED] - Object: 'Object Repository/Checkout Button Cancel' is clicked on

2023-08-31 08:35:12 - [TEST_STEP][PASSED] - verifyElementPresent(findTestObject("Product Title Text"), 0): Object 'Object Repository/Product Title Text' is present

2023-08-31 08:35:12 - [MESSAGE][WARNING] - Timeout '0' is invalid. Using default page load timeout: '30'

2023-08-31 08:35:12 - [MESSAGE][PASSED] - Object 'Object Repository/Product Title Text' is present]]></system-out>
         <system-err><![CDATA[]]></system-err>
      </testcase>
      <testcase name="Test Cases/Checkout/TC-Checkout-Success-001" time="19.172" classname="Test Cases/Checkout/TC-Checkout-Success-001" status="PASSED">
         <system-out><![CDATA[2023-08-31 08:35:12 - [TEST_CASE][PASSED] - Test Cases/Checkout/TC-Checkout-Success-001: Test Cases/Checkout/TC-Checkout-Success-001

2023-08-31 08:35:13 - [TEST_STEP][PASSED] - data = callTestCase(findTestCase("Keranjang/TC-Cart-Show-002"), [:], STOP_ON_FAILURE): Call Test Case 'Test Cases/Keranjang/TC-Cart-Show-002' successfully

2023-08-31 08:35:13 - [TEST_CASE][PASSED] - Test Cases/Keranjang/TC-Cart-Show-002: Test Cases/Keranjang/TC-Cart-Show-002

2023-08-31 08:35:13 - [TEST_STEP][PASSED] - data = callTestCase(findTestCase("Products/TC-Product-AddCart-001"), [:], STOP_ON_FAILURE): Call Test Case 'Test Cases/Products/TC-Product-AddCart-001' successfully

2023-08-31 08:35:13 - [TEST_CASE][PASSED] - Test Cases/Products/TC-Product-AddCart-001: Test Cases/Products/TC-Product-AddCart-001

2023-08-31 08:35:13 - [TEST_STEP][PASSED] - callTestCase(findTestCase("Products/TC-Product-Show-001"), [:], STOP_ON_FAILURE): Call Test Case 'Test Cases/Products/TC-Product-Show-001' successfully

2023-08-31 08:35:13 - [TEST_CASE][PASSED] - Test Cases/Products/TC-Product-Show-001: Test Cases/Products/TC-Product-Show-001

2023-08-31 08:35:13 - [TEST_STEP][PASSED] - callTestCase(findTestCase("Login/TC-Login-Success-001"), ["username":"standard_user", "password":"qcu24s4901FyWDTwXGr6XA=="], STOP_ON_FAILURE): Call Test Case 'Test Cases/Login/TC-Login-Success-001' successfully

2023-08-31 08:35:13 - [TEST_CASE][PASSED] - Test Cases/Login/TC-Login-Success-001: Test Cases/Login/TC-Login-Success-001

2023-08-31 08:35:13 - [TEST_STEP][PASSED] - openBrowser(WEB_URL): Browser is opened with url: 'https://www.saucedemo.com/'

2023-08-31 08:35:13 - [MESSAGE][WARNING] - A browser is already opened. Closing browser and opening a new one

2023-08-31 08:35:13 - [MESSAGE][INFO] - Starting 'Edge Chromium' driver

2023-08-31 08:35:16 - [MESSAGE][INFO] - Action delay is set to 0 milliseconds

2023-08-31 08:35:18 - [MESSAGE][PASSED] - Browser is opened with url: 'https://www.saucedemo.com/'

2023-08-31 08:35:18 - [TEST_STEP][PASSED] - verifyElementPresent(findTestObject("Login Title Text"), 10): Object 'Object Repository/Login Title Text' is present

2023-08-31 08:35:18 - [MESSAGE][PASSED] - Object 'Object Repository/Login Title Text' is present

2023-08-31 08:35:18 - [TEST_STEP][PASSED] - setText(findTestObject("Login Input Username"), username): Text 'standard_user' is set on object 'Object Repository/Login Input Username'

2023-08-31 08:35:19 - [MESSAGE][PASSED] - Text 'standard_user' is set on object 'Object Repository/Login Input Username'

2023-08-31 08:35:19 - [TEST_STEP][PASSED] - setEncryptedText(findTestObject("Login Input Password"), password): Text ****** has been set on object 'Object Repository/Login Input Password'

2023-08-31 08:35:19 - [MESSAGE][PASSED] - Text ****** has been set on object 'Object Repository/Login Input Password'

2023-08-31 08:35:19 - [TEST_STEP][PASSED] - click(findTestObject("Login Button")): Object: 'Object Repository/Login Button' is clicked on

2023-08-31 08:35:19 - [MESSAGE][PASSED] - Object: 'Object Repository/Login Button' is clicked on

2023-08-31 08:35:19 - [TEST_STEP][PASSED] - verifyElementPresent(findTestObject("Product Title Text"), 10): Object 'Object Repository/Product Title Text' is present

2023-08-31 08:35:20 - [MESSAGE][PASSED] - Object 'Object Repository/Product Title Text' is present

2023-08-31 08:35:20 - [MESSAGE][PASSED] - Call Test Case 'Test Cases/Login/TC-Login-Success-001' successfully

2023-08-31 08:35:20 - [TEST_STEP][PASSED] - verifyElementPresent(findTestObject("Product Title Text"), 10): Object 'Object Repository/Product Title Text' is present

2023-08-31 08:35:20 - [MESSAGE][PASSED] - Object 'Object Repository/Product Title Text' is present

2023-08-31 08:35:20 - [MESSAGE][PASSED] - Call Test Case 'Test Cases/Products/TC-Product-Show-001' successfully

2023-08-31 08:35:20 - [TEST_STEP][PASSED] - click(findTestObject("Product Button ATC Product 1")): Object: 'Object Repository/Product Button ATC Product 1' is clicked on

2023-08-31 08:35:21 - [MESSAGE][PASSED] - Object: 'Object Repository/Product Button ATC Product 1' is clicked on

2023-08-31 08:35:21 - [TEST_STEP][PASSED] - verifyElementText(findTestObject("Product Button Remove Product 1"), "Remove"): Actual text and expected text of test object 'Object Repository/Product Button Remove Product 1' are matched.

2023-08-31 08:35:21 - [MESSAGE][PASSED] - Actual text and expected text of test object 'Object Repository/Product Button Remove Product 1' are matched.

2023-08-31 08:35:21 - [TEST_STEP][PASSED] - verifyElementText(findTestObject("Product Label Icon Cart"), "1"): Actual text and expected text of test object 'Object Repository/Product Label Icon Cart' are matched.

2023-08-31 08:35:22 - [MESSAGE][PASSED] - Actual text and expected text of test object 'Object Repository/Product Label Icon Cart' are matched.

2023-08-31 08:35:22 - [TEST_STEP][PASSED] - name = getText(findTestObject("Product Text Name Product 1")): Text of object 'Object Repository/Product Text Name Product 1' is: 'Sauce Labs Backpack'

2023-08-31 08:35:22 - [MESSAGE][PASSED] - Text of object 'Object Repository/Product Text Name Product 1' is: 'Sauce Labs Backpack'

2023-08-31 08:35:22 - [TEST_STEP][PASSED] - desc = getText(findTestObject("Product Text Desc Product 1")): Text of object 'Object Repository/Product Text Desc Product 1' is: 'carry.allTheThings() with the sleek, streamlined Sly Pack that melds uncompromising style with unequaled laptop and tablet protection.'

2023-08-31 08:35:22 - [MESSAGE][PASSED] - Text of object 'Object Repository/Product Text Desc Product 1' is: 'carry.allTheThings() with the sleek, streamlined Sly Pack that melds uncompromising style with unequaled laptop and tablet protection.'

2023-08-31 08:35:22 - [TEST_STEP][PASSED] - prize = getText(findTestObject("Product Text Price Product 1")): Text of object 'Object Repository/Product Text Price Product 1' is: '$29.99'

2023-08-31 08:35:23 - [MESSAGE][PASSED] - Text of object 'Object Repository/Product Text Price Product 1' is: '$29.99'

2023-08-31 08:35:23 - [TEST_STEP][PASSED] - data = new java.util.HashMap(): null

2023-08-31 08:35:23 - [TEST_STEP][PASSED] - data.put("product_name", name): null

2023-08-31 08:35:23 - [TEST_STEP][PASSED] - data.put("product_desc", desc): null

2023-08-31 08:35:23 - [TEST_STEP][PASSED] - data.put("product_price", prize): null

2023-08-31 08:35:23 - [TEST_STEP][PASSED] - return data: null

2023-08-31 08:35:23 - [MESSAGE][PASSED] - Call Test Case 'Test Cases/Products/TC-Product-AddCart-001' successfully

2023-08-31 08:35:23 - [TEST_STEP][PASSED] - click(findTestObject("Product Icon Cart")): Object: 'Object Repository/Product Icon Cart' is clicked on

2023-08-31 08:35:23 - [MESSAGE][PASSED] - Object: 'Object Repository/Product Icon Cart' is clicked on

2023-08-31 08:35:23 - [TEST_STEP][PASSED] - verifyElementPresent(findTestObject("Cart Title Text"), 10): Object 'Object Repository/Cart Title Text' is present

2023-08-31 08:35:23 - [MESSAGE][PASSED] - Object 'Object Repository/Cart Title Text' is present

2023-08-31 08:35:23 - [TEST_STEP][PASSED] - name = getText(findTestObject("Cart Text Product 1 Title")): Text of object 'Object Repository/Cart Text Product 1 Title' is: 'Sauce Labs Backpack'

2023-08-31 08:35:24 - [MESSAGE][PASSED] - Text of object 'Object Repository/Cart Text Product 1 Title' is: 'Sauce Labs Backpack'

2023-08-31 08:35:24 - [TEST_STEP][PASSED] - desc = getText(findTestObject("Cart Text Product 1 Desc")): Text of object 'Object Repository/Cart Text Product 1 Desc' is: 'carry.allTheThings() with the sleek, streamlined Sly Pack that melds uncompromising style with unequaled laptop and tablet protection.'

2023-08-31 08:35:24 - [MESSAGE][PASSED] - Text of object 'Object Repository/Cart Text Product 1 Desc' is: 'carry.allTheThings() with the sleek, streamlined Sly Pack that melds uncompromising style with unequaled laptop and tablet protection.'

2023-08-31 08:35:24 - [TEST_STEP][PASSED] - price = getText(findTestObject("Cart Text Product 1 Price")): Text of object 'Object Repository/Cart Text Product 1 Price' is: '$29.99'

2023-08-31 08:35:24 - [MESSAGE][PASSED] - Text of object 'Object Repository/Cart Text Product 1 Price' is: '$29.99'

2023-08-31 08:35:24 - [TEST_STEP][PASSED] - assert name == data.get("product_name"): null

2023-08-31 08:35:24 - [TEST_STEP][PASSED] - assert desc == data.get("product_desc"): null

2023-08-31 08:35:24 - [TEST_STEP][PASSED] - assert price == data.get("product_price"): null

2023-08-31 08:35:24 - [TEST_STEP][PASSED] - return data: null

2023-08-31 08:35:24 - [MESSAGE][PASSED] - Call Test Case 'Test Cases/Keranjang/TC-Cart-Show-002' successfully

2023-08-31 08:35:24 - [TEST_STEP][PASSED] - click(findTestObject("Cart Button Checkout")): Object: 'Object Repository/Cart Button Checkout' is clicked on

2023-08-31 08:35:25 - [MESSAGE][PASSED] - Object: 'Object Repository/Cart Button Checkout' is clicked on

2023-08-31 08:35:25 - [TEST_STEP][PASSED] - verifyElementPresent(findTestObject("Checkout Step 1 Title"), 0): Object 'Object Repository/Checkout Step 1 Title' is present

2023-08-31 08:35:25 - [MESSAGE][WARNING] - Timeout '0' is invalid. Using default page load timeout: '30'

2023-08-31 08:35:25 - [MESSAGE][PASSED] - Object 'Object Repository/Checkout Step 1 Title' is present

2023-08-31 08:35:25 - [TEST_STEP][PASSED] - setText(findTestObject("Checkout Input First Name"), first_name): Text 'Yuhan' is set on object 'Object Repository/Checkout Input First Name'

2023-08-31 08:35:26 - [MESSAGE][PASSED] - Text 'Yuhan' is set on object 'Object Repository/Checkout Input First Name'

2023-08-31 08:35:26 - [TEST_STEP][PASSED] - setText(findTestObject("Checkout Input Last Name"), last_name): Text 'Nanda' is set on object 'Object Repository/Checkout Input Last Name'

2023-08-31 08:35:27 - [MESSAGE][PASSED] - Text 'Nanda' is set on object 'Object Repository/Checkout Input Last Name'

2023-08-31 08:35:27 - [TEST_STEP][PASSED] - setText(findTestObject("Checkout Input Postal Code"), postal_code): Text '55293' is set on object 'Object Repository/Checkout Input Postal Code'

2023-08-31 08:35:27 - [MESSAGE][PASSED] - Text '55293' is set on object 'Object Repository/Checkout Input Postal Code'

2023-08-31 08:35:27 - [TEST_STEP][PASSED] - click(findTestObject("Checkout Button Continue")): Object: 'Object Repository/Checkout Button Continue' is clicked on

2023-08-31 08:35:28 - [MESSAGE][PASSED] - Object: 'Object Repository/Checkout Button Continue' is clicked on

2023-08-31 08:35:28 - [TEST_STEP][PASSED] - verifyElementPresent(findTestObject("Checkout Step 2 Title"), 0): Object 'Object Repository/Checkout Step 2 Title' is present

2023-08-31 08:35:28 - [MESSAGE][WARNING] - Timeout '0' is invalid. Using default page load timeout: '30'

2023-08-31 08:35:28 - [MESSAGE][PASSED] - Object 'Object Repository/Checkout Step 2 Title' is present

2023-08-31 08:35:28 - [TEST_STEP][PASSED] - productTitle = getText(findTestObject("Object Repository/Checkout Title Product 1")): Text of object 'Object Repository/Checkout Title Product 1' is: 'Sauce Labs Backpack'

2023-08-31 08:35:29 - [MESSAGE][PASSED] - Text of object 'Object Repository/Checkout Title Product 1' is: 'Sauce Labs Backpack'

2023-08-31 08:35:29 - [TEST_STEP][PASSED] - productDesc = getText(findTestObject("Object Repository/Checkout Desc Product 1")): Text of object 'Object Repository/Checkout Desc Product 1' is: 'carry.allTheThings() with the sleek, streamlined Sly Pack that melds uncompromising style with unequaled laptop and tablet protection.'

2023-08-31 08:35:29 - [MESSAGE][PASSED] - Text of object 'Object Repository/Checkout Desc Product 1' is: 'carry.allTheThings() with the sleek, streamlined Sly Pack that melds uncompromising style with unequaled laptop and tablet protection.'

2023-08-31 08:35:29 - [TEST_STEP][PASSED] - productPrice = getText(findTestObject("Object Repository/Checkout Price Product 1")): Text of object 'Object Repository/Checkout Price Product 1' is: '$29.99'

2023-08-31 08:35:29 - [MESSAGE][PASSED] - Text of object 'Object Repository/Checkout Price Product 1' is: '$29.99'

2023-08-31 08:35:29 - [TEST_STEP][PASSED] - assert productTitle == data.get("product_name"): null

2023-08-31 08:35:29 - [TEST_STEP][PASSED] - assert productDesc == data.get("product_desc"): null

2023-08-31 08:35:29 - [TEST_STEP][PASSED] - assert productPrice == data.get("product_price"): null

2023-08-31 08:35:29 - [TEST_STEP][PASSED] - price_product = replace("$", "").trim(): Text of object 'Object Repository/Checkout Price Product 1' is: '$29.99'

2023-08-31 08:35:30 - [MESSAGE][PASSED] - Text of object 'Object Repository/Checkout Price Product 1' is: '$29.99'

2023-08-31 08:35:30 - [TEST_STEP][PASSED] - price_product = Double.parseDouble(price_product): null

2023-08-31 08:35:30 - [TEST_STEP][PASSED] - total_price_product = replace("$", "").trim(): Text of object 'Object Repository/Checkout Text Total Product Price' is: 'Item total: $29.99'

2023-08-31 08:35:30 - [MESSAGE][PASSED] - Text of object 'Object Repository/Checkout Text Total Product Price' is: 'Item total: $29.99'

2023-08-31 08:35:30 - [TEST_STEP][PASSED] - total_price_product = Double.parseDouble(total_price_product): null

2023-08-31 08:35:30 - [TEST_STEP][PASSED] - assert price_product == total_price_product: null

2023-08-31 08:35:30 - [TEST_STEP][PASSED] - tax = replace("$", "").trim(): Text of object 'Object Repository/Checkout Text Tax 8 Percent' is: 'Tax: $2.40'

2023-08-31 08:35:30 - [MESSAGE][PASSED] - Text of object 'Object Repository/Checkout Text Tax 8 Percent' is: 'Tax: $2.40'

2023-08-31 08:35:30 - [TEST_STEP][PASSED] - tax = Double.parseDouble(tax): null

2023-08-31 08:35:30 - [TEST_STEP][PASSED] - assert Math.round(tax / total_price_product * 100.0) / 100.0 == 0.08: null

2023-08-31 08:35:30 - [TEST_STEP][PASSED] - total_price_plus_tax = replace("$", "").trim(): Text of object 'Object Repository/Checkout Text Total Price Plus Tax' is: 'Total: $32.39'

2023-08-31 08:35:31 - [MESSAGE][PASSED] - Text of object 'Object Repository/Checkout Text Total Price Plus Tax' is: 'Total: $32.39'

2023-08-31 08:35:31 - [TEST_STEP][PASSED] - total_price_plus_tax = Double.parseDouble(total_price_plus_tax): null

2023-08-31 08:35:31 - [TEST_STEP][PASSED] - assert total_price_plus_tax == total_price_product + tax: null

2023-08-31 08:35:31 - [TEST_STEP][PASSED] - click(findTestObject("Checkout Button Finish")): Object: 'Object Repository/Checkout Button Finish' is clicked on

2023-08-31 08:35:31 - [MESSAGE][PASSED] - Object: 'Object Repository/Checkout Button Finish' is clicked on

2023-08-31 08:35:31 - [TEST_STEP][PASSED] - verifyElementPresent(findTestObject("Checkout Title Complete"), 0): Object 'Object Repository/Checkout Title Complete' is present

2023-08-31 08:35:31 - [MESSAGE][WARNING] - Timeout '0' is invalid. Using default page load timeout: '30'

2023-08-31 08:35:31 - [MESSAGE][PASSED] - Object 'Object Repository/Checkout Title Complete' is present]]></system-out>
         <system-err><![CDATA[]]></system-err>
      </testcase>
      <testcase name="Test Cases/Checkout/TC-Checkout-Success-002" time="20.021" classname="Test Cases/Checkout/TC-Checkout-Success-002" status="PASSED">
         <system-out><![CDATA[2023-08-31 08:35:31 - [TEST_CASE][PASSED] - Test Cases/Checkout/TC-Checkout-Success-002: Test Cases/Checkout/TC-Checkout-Success-002

2023-08-31 08:35:32 - [TEST_STEP][PASSED] - callTestCase(findTestCase("Keranjang/TC-Cart-Show-003"), [:], STOP_ON_FAILURE): Call Test Case 'Test Cases/Keranjang/TC-Cart-Show-003' successfully

2023-08-31 08:35:32 - [TEST_CASE][PASSED] - Test Cases/Keranjang/TC-Cart-Show-003: Test Cases/Keranjang/TC-Cart-Show-003

2023-08-31 08:35:32 - [TEST_STEP][PASSED] - data = callTestCase(findTestCase("Products/TC-Product-AddCart-002"), [:], STOP_ON_FAILURE): Call Test Case 'Test Cases/Products/TC-Product-AddCart-002' successfully

2023-08-31 08:35:32 - [TEST_CASE][PASSED] - Test Cases/Products/TC-Product-AddCart-002: Test Cases/Products/TC-Product-AddCart-002

2023-08-31 08:35:32 - [TEST_STEP][PASSED] - data = callTestCase(findTestCase("Products/TC-Product-AddCart-001"), [:], STOP_ON_FAILURE): Call Test Case 'Test Cases/Products/TC-Product-AddCart-001' successfully

2023-08-31 08:35:32 - [TEST_CASE][PASSED] - Test Cases/Products/TC-Product-AddCart-001: Test Cases/Products/TC-Product-AddCart-001

2023-08-31 08:35:32 - [TEST_STEP][PASSED] - callTestCase(findTestCase("Products/TC-Product-Show-001"), [:], STOP_ON_FAILURE): Call Test Case 'Test Cases/Products/TC-Product-Show-001' successfully

2023-08-31 08:35:32 - [TEST_CASE][PASSED] - Test Cases/Products/TC-Product-Show-001: Test Cases/Products/TC-Product-Show-001

2023-08-31 08:35:32 - [TEST_STEP][PASSED] - callTestCase(findTestCase("Login/TC-Login-Success-001"), ["username":"standard_user", "password":"qcu24s4901FyWDTwXGr6XA=="], STOP_ON_FAILURE): Call Test Case 'Test Cases/Login/TC-Login-Success-001' successfully

2023-08-31 08:35:32 - [TEST_CASE][PASSED] - Test Cases/Login/TC-Login-Success-001: Test Cases/Login/TC-Login-Success-001

2023-08-31 08:35:32 - [TEST_STEP][PASSED] - openBrowser(WEB_URL): Browser is opened with url: 'https://www.saucedemo.com/'

2023-08-31 08:35:32 - [MESSAGE][WARNING] - A browser is already opened. Closing browser and opening a new one

2023-08-31 08:35:33 - [MESSAGE][INFO] - Starting 'Edge Chromium' driver

2023-08-31 08:35:35 - [MESSAGE][INFO] - Action delay is set to 0 milliseconds

2023-08-31 08:35:36 - [MESSAGE][PASSED] - Browser is opened with url: 'https://www.saucedemo.com/'

2023-08-31 08:35:36 - [TEST_STEP][PASSED] - verifyElementPresent(findTestObject("Login Title Text"), 10): Object 'Object Repository/Login Title Text' is present

2023-08-31 08:35:36 - [MESSAGE][PASSED] - Object 'Object Repository/Login Title Text' is present

2023-08-31 08:35:36 - [TEST_STEP][PASSED] - setText(findTestObject("Login Input Username"), username): Text 'standard_user' is set on object 'Object Repository/Login Input Username'

2023-08-31 08:35:37 - [MESSAGE][PASSED] - Text 'standard_user' is set on object 'Object Repository/Login Input Username'

2023-08-31 08:35:37 - [TEST_STEP][PASSED] - setEncryptedText(findTestObject("Login Input Password"), password): Text ****** has been set on object 'Object Repository/Login Input Password'

2023-08-31 08:35:37 - [MESSAGE][PASSED] - Text ****** has been set on object 'Object Repository/Login Input Password'

2023-08-31 08:35:37 - [TEST_STEP][PASSED] - click(findTestObject("Login Button")): Object: 'Object Repository/Login Button' is clicked on

2023-08-31 08:35:38 - [MESSAGE][PASSED] - Object: 'Object Repository/Login Button' is clicked on

2023-08-31 08:35:38 - [TEST_STEP][PASSED] - verifyElementPresent(findTestObject("Product Title Text"), 10): Object 'Object Repository/Product Title Text' is present

2023-08-31 08:35:38 - [MESSAGE][PASSED] - Object 'Object Repository/Product Title Text' is present

2023-08-31 08:35:38 - [MESSAGE][PASSED] - Call Test Case 'Test Cases/Login/TC-Login-Success-001' successfully

2023-08-31 08:35:38 - [TEST_STEP][PASSED] - verifyElementPresent(findTestObject("Product Title Text"), 10): Object 'Object Repository/Product Title Text' is present

2023-08-31 08:35:39 - [MESSAGE][PASSED] - Object 'Object Repository/Product Title Text' is present

2023-08-31 08:35:39 - [MESSAGE][PASSED] - Call Test Case 'Test Cases/Products/TC-Product-Show-001' successfully

2023-08-31 08:35:39 - [TEST_STEP][PASSED] - click(findTestObject("Product Button ATC Product 1")): Object: 'Object Repository/Product Button ATC Product 1' is clicked on

2023-08-31 08:35:39 - [MESSAGE][PASSED] - Object: 'Object Repository/Product Button ATC Product 1' is clicked on

2023-08-31 08:35:39 - [TEST_STEP][PASSED] - verifyElementText(findTestObject("Product Button Remove Product 1"), "Remove"): Actual text and expected text of test object 'Object Repository/Product Button Remove Product 1' are matched.

2023-08-31 08:35:40 - [MESSAGE][PASSED] - Actual text and expected text of test object 'Object Repository/Product Button Remove Product 1' are matched.

2023-08-31 08:35:40 - [TEST_STEP][PASSED] - verifyElementText(findTestObject("Product Label Icon Cart"), "1"): Actual text and expected text of test object 'Object Repository/Product Label Icon Cart' are matched.

2023-08-31 08:35:40 - [MESSAGE][PASSED] - Actual text and expected text of test object 'Object Repository/Product Label Icon Cart' are matched.

2023-08-31 08:35:40 - [TEST_STEP][PASSED] - name = getText(findTestObject("Product Text Name Product 1")): Text of object 'Object Repository/Product Text Name Product 1' is: 'Sauce Labs Backpack'

2023-08-31 08:35:40 - [MESSAGE][PASSED] - Text of object 'Object Repository/Product Text Name Product 1' is: 'Sauce Labs Backpack'

2023-08-31 08:35:40 - [TEST_STEP][PASSED] - desc = getText(findTestObject("Product Text Desc Product 1")): Text of object 'Object Repository/Product Text Desc Product 1' is: 'carry.allTheThings() with the sleek, streamlined Sly Pack that melds uncompromising style with unequaled laptop and tablet protection.'

2023-08-31 08:35:41 - [MESSAGE][PASSED] - Text of object 'Object Repository/Product Text Desc Product 1' is: 'carry.allTheThings() with the sleek, streamlined Sly Pack that melds uncompromising style with unequaled laptop and tablet protection.'

2023-08-31 08:35:41 - [TEST_STEP][PASSED] - prize = getText(findTestObject("Product Text Price Product 1")): Text of object 'Object Repository/Product Text Price Product 1' is: '$29.99'

2023-08-31 08:35:41 - [MESSAGE][PASSED] - Text of object 'Object Repository/Product Text Price Product 1' is: '$29.99'

2023-08-31 08:35:41 - [TEST_STEP][PASSED] - data = new java.util.HashMap(): null

2023-08-31 08:35:41 - [TEST_STEP][PASSED] - data.put("product_name", name): null

2023-08-31 08:35:41 - [TEST_STEP][PASSED] - data.put("product_desc", desc): null

2023-08-31 08:35:41 - [TEST_STEP][PASSED] - data.put("product_price", prize): null

2023-08-31 08:35:41 - [TEST_STEP][PASSED] - return data: null

2023-08-31 08:35:41 - [MESSAGE][PASSED] - Call Test Case 'Test Cases/Products/TC-Product-AddCart-001' successfully

2023-08-31 08:35:41 - [TEST_STEP][PASSED] - click(findTestObject("Product Button ATC Product 2")): Object: 'Object Repository/Product Button ATC Product 2' is clicked on

2023-08-31 08:35:41 - [MESSAGE][PASSED] - Object: 'Object Repository/Product Button ATC Product 2' is clicked on

2023-08-31 08:35:41 - [TEST_STEP][PASSED] - verifyElementText(findTestObject("Product Button Remove Product 2"), "Remove"): Actual text and expected text of test object 'Object Repository/Product Button Remove Product 2' are matched.

2023-08-31 08:35:42 - [MESSAGE][PASSED] - Actual text and expected text of test object 'Object Repository/Product Button Remove Product 2' are matched.

2023-08-31 08:35:42 - [TEST_STEP][PASSED] - verifyElementText(findTestObject("Product Label Icon Cart"), "2"): Actual text and expected text of test object 'Object Repository/Product Label Icon Cart' are matched.

2023-08-31 08:35:42 - [MESSAGE][PASSED] - Actual text and expected text of test object 'Object Repository/Product Label Icon Cart' are matched.

2023-08-31 08:35:42 - [TEST_STEP][PASSED] - name = getText(findTestObject("Product Text Name Product 2")): Text of object 'Object Repository/Product Text Name Product 2' is: 'Sauce Labs Bike Light'

2023-08-31 08:35:42 - [MESSAGE][PASSED] - Text of object 'Object Repository/Product Text Name Product 2' is: 'Sauce Labs Bike Light'

2023-08-31 08:35:42 - [TEST_STEP][PASSED] - desc = getText(findTestObject("Product Text Desc Product 2")): Text of object 'Object Repository/Product Text Desc Product 2' is: 'A red light isn't the desired state in testing but it sure helps when riding your bike at night. Water-resistant with 3 lighting modes, 1 AAA battery included.'

2023-08-31 08:35:43 - [MESSAGE][PASSED] - Text of object 'Object Repository/Product Text Desc Product 2' is: 'A red light isn't the desired state in testing but it sure helps when riding your bike at night. Water-resistant with 3 lighting modes, 1 AAA battery included.'

2023-08-31 08:35:43 - [TEST_STEP][PASSED] - price = getText(findTestObject("Product Text Price Product 2")): Text of object 'Object Repository/Product Text Price Product 2' is: '$9.99'

2023-08-31 08:35:43 - [MESSAGE][PASSED] - Text of object 'Object Repository/Product Text Price Product 2' is: '$9.99'

2023-08-31 08:35:43 - [TEST_STEP][PASSED] - nameProductList = new java.util.ArrayList(): null

2023-08-31 08:35:43 - [TEST_STEP][PASSED] - nameProductList.add(data.get("product_name")): null

2023-08-31 08:35:43 - [TEST_STEP][PASSED] - nameProductList.add(name): null

2023-08-31 08:35:43 - [TEST_STEP][PASSED] - println(nameProductList.get(0)): null

2023-08-31 08:35:43 - [TEST_STEP][PASSED] - descProductList = new java.util.ArrayList(): null

2023-08-31 08:35:43 - [TEST_STEP][PASSED] - descProductList.add(data.get("product_desc")): null

2023-08-31 08:35:43 - [TEST_STEP][PASSED] - descProductList.add(desc): null

2023-08-31 08:35:43 - [TEST_STEP][PASSED] - priceProductList = new java.util.ArrayList(): null

2023-08-31 08:35:43 - [TEST_STEP][PASSED] - priceProductList.add(data.get("product_price")): null

2023-08-31 08:35:43 - [TEST_STEP][PASSED] - priceProductList.add(price): null

2023-08-31 08:35:43 - [TEST_STEP][PASSED] - data.put("product_name_list", nameProductList): null

2023-08-31 08:35:43 - [TEST_STEP][PASSED] - data.put("product_desc_list", descProductList): null

2023-08-31 08:35:43 - [TEST_STEP][PASSED] - data.put("product_price_list", priceProductList): null

2023-08-31 08:35:43 - [TEST_STEP][PASSED] - return data: null

2023-08-31 08:35:43 - [MESSAGE][PASSED] - Call Test Case 'Test Cases/Products/TC-Product-AddCart-002' successfully

2023-08-31 08:35:43 - [TEST_STEP][PASSED] - click(findTestObject("Product Icon Cart")): Object: 'Object Repository/Product Icon Cart' is clicked on

2023-08-31 08:35:43 - [MESSAGE][PASSED] - Object: 'Object Repository/Product Icon Cart' is clicked on

2023-08-31 08:35:43 - [TEST_STEP][PASSED] - sourceProductTitleList = findWebElements(findTestObject("Object Repository/Cart Product Title List"), 10): null

2023-08-31 08:35:44 - [TEST_STEP][PASSED] - sourceProductDescList = findWebElements(findTestObject("Object Repository/Cart Product Desc List"), 10): null

2023-08-31 08:35:44 - [TEST_STEP][PASSED] - sourceProductPriceList = findWebElements(findTestObject("Object Repository/Cart Product Price List"), 10): null

2023-08-31 08:35:44 - [TEST_STEP][PASSED] - oriProductTitleList = new java.util.ArrayList(): null

2023-08-31 08:35:44 - [TEST_STEP][PASSED] - oriProductDescList = new java.util.ArrayList(): null

2023-08-31 08:35:44 - [TEST_STEP][PASSED] - oriProductPriceList = new java.util.ArrayList(): null

2023-08-31 08:35:44 - [TEST_STEP][PASSED] - for ([i = 0, i < sourceProductTitleList.size(), (i++)]): null

2023-08-31 08:35:44 - [TEST_STEP][PASSED] - productTitleText = text.trim(): null

2023-08-31 08:35:44 - [TEST_STEP][PASSED] - productDescText = text.trim(): null

2023-08-31 08:35:44 - [TEST_STEP][PASSED] - productPriceText = replace("Remove", "").trim(): null

2023-08-31 08:35:44 - [TEST_STEP][PASSED] - oriProductTitleList.add(productTitleText): null

2023-08-31 08:35:44 - [TEST_STEP][PASSED] - oriProductDescList.add(productDescText): null

2023-08-31 08:35:44 - [TEST_STEP][PASSED] - oriProductPriceList.add(productPriceText): null

2023-08-31 08:35:44 - [TEST_STEP][PASSED] - productTitleText = text.trim(): null

2023-08-31 08:35:44 - [TEST_STEP][PASSED] - productDescText = text.trim(): null

2023-08-31 08:35:44 - [TEST_STEP][PASSED] - productPriceText = replace("Remove", "").trim(): null

2023-08-31 08:35:44 - [TEST_STEP][PASSED] - oriProductTitleList.add(productTitleText): null

2023-08-31 08:35:44 - [TEST_STEP][PASSED] - oriProductDescList.add(productDescText): null

2023-08-31 08:35:44 - [TEST_STEP][PASSED] - oriProductPriceList.add(productPriceText): null

2023-08-31 08:35:44 - [TEST_STEP][PASSED] - assert data.get("product_name_list") == oriProductTitleList: null

2023-08-31 08:35:44 - [TEST_STEP][PASSED] - assert data.get("product_desc_list") == oriProductDescList: null

2023-08-31 08:35:44 - [TEST_STEP][PASSED] - assert data.get("product_price_list") == oriProductPriceList: null

2023-08-31 08:35:44 - [TEST_STEP][PASSED] - return data: null

2023-08-31 08:35:44 - [MESSAGE][PASSED] - Call Test Case 'Test Cases/Keranjang/TC-Cart-Show-003' successfully

2023-08-31 08:35:44 - [TEST_STEP][PASSED] - click(findTestObject("Cart Button Checkout")): Object: 'Object Repository/Cart Button Checkout' is clicked on

2023-08-31 08:35:45 - [MESSAGE][PASSED] - Object: 'Object Repository/Cart Button Checkout' is clicked on

2023-08-31 08:35:45 - [TEST_STEP][PASSED] - verifyElementPresent(findTestObject("Checkout Step 1 Title"), 0): Object 'Object Repository/Checkout Step 1 Title' is present

2023-08-31 08:35:45 - [MESSAGE][WARNING] - Timeout '0' is invalid. Using default page load timeout: '30'

2023-08-31 08:35:45 - [MESSAGE][PASSED] - Object 'Object Repository/Checkout Step 1 Title' is present

2023-08-31 08:35:45 - [TEST_STEP][PASSED] - setText(findTestObject("Checkout Input First Name"), first_name): Text 'Yuhan' is set on object 'Object Repository/Checkout Input First Name'

2023-08-31 08:35:46 - [MESSAGE][PASSED] - Text 'Yuhan' is set on object 'Object Repository/Checkout Input First Name'

2023-08-31 08:35:46 - [TEST_STEP][PASSED] - setText(findTestObject("Checkout Input Last Name"), last_name): Text 'Nanda' is set on object 'Object Repository/Checkout Input Last Name'

2023-08-31 08:35:47 - [MESSAGE][PASSED] - Text 'Nanda' is set on object 'Object Repository/Checkout Input Last Name'

2023-08-31 08:35:47 - [TEST_STEP][PASSED] - setText(findTestObject("Checkout Input Postal Code"), postal_code): Text '55293' is set on object 'Object Repository/Checkout Input Postal Code'

2023-08-31 08:35:48 - [MESSAGE][PASSED] - Text '55293' is set on object 'Object Repository/Checkout Input Postal Code'

2023-08-31 08:35:48 - [TEST_STEP][PASSED] - click(findTestObject("Checkout Button Continue")): Object: 'Object Repository/Checkout Button Continue' is clicked on

2023-08-31 08:35:48 - [MESSAGE][PASSED] - Object: 'Object Repository/Checkout Button Continue' is clicked on

2023-08-31 08:35:48 - [TEST_STEP][PASSED] - verifyElementPresent(findTestObject("Checkout Step 2 Title"), 0): Object 'Object Repository/Checkout Step 2 Title' is present

2023-08-31 08:35:48 - [MESSAGE][WARNING] - Timeout '0' is invalid. Using default page load timeout: '30'

2023-08-31 08:35:49 - [MESSAGE][PASSED] - Object 'Object Repository/Checkout Step 2 Title' is present

2023-08-31 08:35:49 - [TEST_STEP][PASSED] - sourceTitleList = findWebElements(findTestObject("Object Repository/Checkout Title Product List"), 10): null

2023-08-31 08:35:49 - [TEST_STEP][PASSED] - sourceDescList = findWebElements(findTestObject("Object Repository/Checkout Desc Product List"), 10): null

2023-08-31 08:35:49 - [TEST_STEP][PASSED] - sourcePriceList = findWebElements(findTestObject("Object Repository/Checkout Price Product List"), 10): null

2023-08-31 08:35:50 - [TEST_STEP][PASSED] - oriTitleList = new java.util.ArrayList(): null

2023-08-31 08:35:50 - [TEST_STEP][PASSED] - oriDescList = new java.util.ArrayList(): null

2023-08-31 08:35:50 - [TEST_STEP][PASSED] - oriPriceList = new java.util.ArrayList(): null

2023-08-31 08:35:50 - [TEST_STEP][PASSED] - price_product = 0.0: null

2023-08-31 08:35:50 - [TEST_STEP][PASSED] - for ([i = 0, i < sourceTitleList.size(), (i++)]): null

2023-08-31 08:35:50 - [TEST_STEP][PASSED] - productTitleText = text.trim(): null

2023-08-31 08:35:50 - [TEST_STEP][PASSED] - productDescText = text.trim(): null

2023-08-31 08:35:50 - [TEST_STEP][PASSED] - productPriceText = replace("Remove", "").trim(): null

2023-08-31 08:35:50 - [TEST_STEP][PASSED] - oriTitleList.add(productTitleText): null

2023-08-31 08:35:50 - [TEST_STEP][PASSED] - oriDescList.add(productDescText): null

2023-08-31 08:35:50 - [TEST_STEP][PASSED] - oriPriceList.add(productPriceText): null

2023-08-31 08:35:50 - [TEST_STEP][PASSED] - price_product = price_product + Double.parseDouble(productPriceText.replace("$", "")): null

2023-08-31 08:35:50 - [TEST_STEP][PASSED] - productTitleText = text.trim(): null

2023-08-31 08:35:50 - [TEST_STEP][PASSED] - productDescText = text.trim(): null

2023-08-31 08:35:50 - [TEST_STEP][PASSED] - productPriceText = replace("Remove", "").trim(): null

2023-08-31 08:35:50 - [TEST_STEP][PASSED] - oriTitleList.add(productTitleText): null

2023-08-31 08:35:50 - [TEST_STEP][PASSED] - oriDescList.add(productDescText): null

2023-08-31 08:35:50 - [TEST_STEP][PASSED] - oriPriceList.add(productPriceText): null

2023-08-31 08:35:50 - [TEST_STEP][PASSED] - price_product = price_product + Double.parseDouble(productPriceText.replace("$", "")): null

2023-08-31 08:35:50 - [TEST_STEP][PASSED] - total_price_product = replace("$", "").trim(): Text of object 'Object Repository/Checkout Text Total Product Price' is: 'Item total: $39.98'

2023-08-31 08:35:50 - [MESSAGE][PASSED] - Text of object 'Object Repository/Checkout Text Total Product Price' is: 'Item total: $39.98'

2023-08-31 08:35:50 - [TEST_STEP][PASSED] - total_price_product = Double.parseDouble(total_price_product): null

2023-08-31 08:35:50 - [TEST_STEP][PASSED] - assert price_product == total_price_product: null

2023-08-31 08:35:50 - [TEST_STEP][PASSED] - tax = replace("$", "").trim(): Text of object 'Object Repository/Checkout Text Tax 8 Percent' is: 'Tax: $3.20'

2023-08-31 08:35:50 - [MESSAGE][PASSED] - Text of object 'Object Repository/Checkout Text Tax 8 Percent' is: 'Tax: $3.20'

2023-08-31 08:35:50 - [TEST_STEP][PASSED] - tax = Double.parseDouble(tax): null

2023-08-31 08:35:50 - [TEST_STEP][PASSED] - assert Math.round(tax / total_price_product * 100.0) / 100.0 == 0.08: null

2023-08-31 08:35:50 - [TEST_STEP][PASSED] - total_price_plus_tax = replace("$", "").trim(): Text of object 'Object Repository/Checkout Text Total Price Plus Tax' is: 'Total: $43.18'

2023-08-31 08:35:51 - [MESSAGE][PASSED] - Text of object 'Object Repository/Checkout Text Total Price Plus Tax' is: 'Total: $43.18'

2023-08-31 08:35:51 - [TEST_STEP][PASSED] - total_price_plus_tax = Double.parseDouble(total_price_plus_tax): null

2023-08-31 08:35:51 - [TEST_STEP][PASSED] - assert total_price_plus_tax == total_price_product + tax: null

2023-08-31 08:35:51 - [TEST_STEP][PASSED] - click(findTestObject("Checkout Button Finish")): Object: 'Object Repository/Checkout Button Finish' is clicked on

2023-08-31 08:35:51 - [MESSAGE][PASSED] - Object: 'Object Repository/Checkout Button Finish' is clicked on

2023-08-31 08:35:51 - [TEST_STEP][PASSED] - verifyElementPresent(findTestObject("Checkout Title Complete"), 0): Object 'Object Repository/Checkout Title Complete' is present

2023-08-31 08:35:51 - [MESSAGE][WARNING] - Timeout '0' is invalid. Using default page load timeout: '30'

2023-08-31 08:35:51 - [MESSAGE][PASSED] - Object 'Object Repository/Checkout Title Complete' is present]]></system-out>
         <system-err><![CDATA[]]></system-err>
      </testcase>
      <testcase name="Test Cases/Logout/TC-Logout-Success-001" time="10.288" classname="Test Cases/Logout/TC-Logout-Success-001" status="PASSED">
         <system-out><![CDATA[2023-08-31 08:35:51 - [TEST_CASE][PASSED] - Test Cases/Logout/TC-Logout-Success-001: Test Cases/Logout/TC-Logout-Success-001

2023-08-31 08:35:52 - [TEST_STEP][PASSED] - callTestCase(findTestCase("Login/TC-Login-Success-001"), ["username":"standard_user", "password":"qcu24s4901FyWDTwXGr6XA=="], STOP_ON_FAILURE): Call Test Case 'Test Cases/Login/TC-Login-Success-001' successfully

2023-08-31 08:35:52 - [TEST_CASE][PASSED] - Test Cases/Login/TC-Login-Success-001: Test Cases/Login/TC-Login-Success-001

2023-08-31 08:35:52 - [TEST_STEP][PASSED] - openBrowser(WEB_URL): Browser is opened with url: 'https://www.saucedemo.com/'

2023-08-31 08:35:52 - [MESSAGE][WARNING] - A browser is already opened. Closing browser and opening a new one

2023-08-31 08:35:52 - [MESSAGE][INFO] - Starting 'Edge Chromium' driver

2023-08-31 08:35:55 - [MESSAGE][INFO] - Action delay is set to 0 milliseconds

2023-08-31 08:35:58 - [MESSAGE][PASSED] - Browser is opened with url: 'https://www.saucedemo.com/'

2023-08-31 08:35:58 - [TEST_STEP][PASSED] - verifyElementPresent(findTestObject("Login Title Text"), 10): Object 'Object Repository/Login Title Text' is present

2023-08-31 08:35:58 - [MESSAGE][PASSED] - Object 'Object Repository/Login Title Text' is present

2023-08-31 08:35:58 - [TEST_STEP][PASSED] - setText(findTestObject("Login Input Username"), username): Text 'standard_user' is set on object 'Object Repository/Login Input Username'

2023-08-31 08:35:59 - [MESSAGE][PASSED] - Text 'standard_user' is set on object 'Object Repository/Login Input Username'

2023-08-31 08:35:59 - [TEST_STEP][PASSED] - setEncryptedText(findTestObject("Login Input Password"), password): Text ****** has been set on object 'Object Repository/Login Input Password'

2023-08-31 08:35:59 - [MESSAGE][PASSED] - Text ****** has been set on object 'Object Repository/Login Input Password'

2023-08-31 08:35:59 - [TEST_STEP][PASSED] - click(findTestObject("Login Button")): Object: 'Object Repository/Login Button' is clicked on

2023-08-31 08:36:00 - [MESSAGE][PASSED] - Object: 'Object Repository/Login Button' is clicked on

2023-08-31 08:36:00 - [TEST_STEP][PASSED] - verifyElementPresent(findTestObject("Product Title Text"), 10): Object 'Object Repository/Product Title Text' is present

2023-08-31 08:36:00 - [MESSAGE][PASSED] - Object 'Object Repository/Product Title Text' is present

2023-08-31 08:36:00 - [MESSAGE][PASSED] - Call Test Case 'Test Cases/Login/TC-Login-Success-001' successfully

2023-08-31 08:36:00 - [TEST_STEP][PASSED] - click(findTestObject("Logout Icon Hamburgur")): Object: 'Object Repository/Logout Icon Hamburgur' is clicked on

2023-08-31 08:36:01 - [MESSAGE][PASSED] - Object: 'Object Repository/Logout Icon Hamburgur' is clicked on

2023-08-31 08:36:01 - [TEST_STEP][PASSED] - click(findTestObject("Logout Menu Logout")): Object: 'Object Repository/Logout Menu Logout' is clicked on

2023-08-31 08:36:01 - [MESSAGE][PASSED] - Object: 'Object Repository/Logout Menu Logout' is clicked on

2023-08-31 08:36:01 - [TEST_STEP][PASSED] - verifyElementPresent(findTestObject("Login Title Text"), 0): Object 'Object Repository/Login Title Text' is present

2023-08-31 08:36:01 - [MESSAGE][WARNING] - Timeout '0' is invalid. Using default page load timeout: '30'

2023-08-31 08:36:02 - [MESSAGE][PASSED] - Object 'Object Repository/Login Title Text' is present]]></system-out>
         <system-err><![CDATA[]]></system-err>
      </testcase>
      <system-out><![CDATA[2023-08-31 08:29:51 - [TEST_SUITE][FAILED] - Test Suite All TC: Test Cases/Login/TC-Login-Failed-002 FAILED.
Reason:
com.kms.katalon.core.exception.StepFailedException: Verify element text of test object 'Object Repository/Login Error Message' FAILED.
	at com.kms.katalon.core.webui.keyword.internal.WebUIKeywordMain.stepFailed(WebUIKeywordMain.groovy:64)
	at com.kms.katalon.core.webui.keyword.internal.WebUIKeywordMain.runKeyword(WebUIKeywordMain.groovy:26)
	at com.kms.katalon.core.webui.keyword.builtin.VerifyElementTextKeyword.verifyElementText(VerifyElementTextKeyword.groovy:72)
	at com.kms.katalon.core.webui.keyword.builtin.VerifyElementTextKeyword.execute(VerifyElementTextKeyword.groovy:40)
	at com.kms.katalon.core.keyword.internal.KeywordExecutor.executeKeywordForPlatform(KeywordExecutor.groovy:74)
	at com.kms.katalon.core.webui.keyword.WebUiBuiltInKeywords.verifyElementText(WebUiBuiltInKeywords.groovy:4749)
	at com.kms.katalon.core.webui.keyword.WebUiBuiltInKeywords$verifyElementText$4.call(Unknown Source)
	at TC-Login-Failed-002.run(TC-Login-Failed-002:26)
	at com.kms.katalon.core.main.ScriptEngine.run(ScriptEngine.java:194)
	at com.kms.katalon.core.main.ScriptEngine.runScriptAsRawText(ScriptEngine.java:119)
	at com.kms.katalon.core.main.TestCaseExecutor.runScript(TestCaseExecutor.java:448)
	at com.kms.katalon.core.main.TestCaseExecutor.doExecute(TestCaseExecutor.java:439)
	at com.kms.katalon.core.main.TestCaseExecutor.processExecutionPhase(TestCaseExecutor.java:418)
	at com.kms.katalon.core.main.TestCaseExecutor.accessMainPhase(TestCaseExecutor.java:410)
	at com.kms.katalon.core.main.TestCaseExecutor.execute(TestCaseExecutor.java:285)
	at com.kms.katalon.core.common.CommonExecutor.accessTestCaseMainPhase(CommonExecutor.java:65)
	at com.kms.katalon.core.main.TestSuiteExecutor.accessTestSuiteMainPhase(TestSuiteExecutor.java:148)
	at com.kms.katalon.core.main.TestSuiteExecutor.execute(TestSuiteExecutor.java:106)
	at com.kms.katalon.core.main.TestCaseMain.startTestSuite(TestCaseMain.java:187)
	at com.kms.katalon.core.main.TestCaseMain$startTestSuite$0.call(Unknown Source)
	at TempTestSuite1693445385268.run(TempTestSuite1693445385268.groovy:36)
Caused by: com.kms.katalon.core.exception.StepFailedException: Actual text 'Epic sadface: Password is required' and expected text 'Login failed! Please ensure the password are valid.' of test object 'Object Repository/Login Error Message' are NOT matched.
	at com.kms.katalon.core.webui.keyword.internal.WebUIKeywordMain.stepFailed(WebUIKeywordMain.groovy:64)
	at com.kms.katalon.core.webui.keyword.builtin.VerifyElementTextKeyword$_verifyElementText_closure1.doCall(VerifyElementTextKeyword.groovy:57)
	at com.kms.katalon.core.webui.keyword.builtin.VerifyElementTextKeyword$_verifyElementText_closure1.call(VerifyElementTextKeyword.groovy)
	at com.kms.katalon.core.webui.keyword.internal.WebUIKeywordMain.runKeyword(WebUIKeywordMain.groovy:20)
	... 19 more]]></system-out>
      <system-err><![CDATA[2023-08-31 08:29:51 - [TEST_SUITE][FAILED] - Test Suite All TC: Test Cases/Login/TC-Login-Failed-002 FAILED.
Reason:
com.kms.katalon.core.exception.StepFailedException: Verify element text of test object 'Object Repository/Login Error Message' FAILED.
	at com.kms.katalon.core.webui.keyword.internal.WebUIKeywordMain.stepFailed(WebUIKeywordMain.groovy:64)
	at com.kms.katalon.core.webui.keyword.internal.WebUIKeywordMain.runKeyword(WebUIKeywordMain.groovy:26)
	at com.kms.katalon.core.webui.keyword.builtin.VerifyElementTextKeyword.verifyElementText(VerifyElementTextKeyword.groovy:72)
	at com.kms.katalon.core.webui.keyword.builtin.VerifyElementTextKeyword.execute(VerifyElementTextKeyword.groovy:40)
	at com.kms.katalon.core.keyword.internal.KeywordExecutor.executeKeywordForPlatform(KeywordExecutor.groovy:74)
	at com.kms.katalon.core.webui.keyword.WebUiBuiltInKeywords.verifyElementText(WebUiBuiltInKeywords.groovy:4749)
	at com.kms.katalon.core.webui.keyword.WebUiBuiltInKeywords$verifyElementText$4.call(Unknown Source)
	at TC-Login-Failed-002.run(TC-Login-Failed-002:26)
	at com.kms.katalon.core.main.ScriptEngine.run(ScriptEngine.java:194)
	at com.kms.katalon.core.main.ScriptEngine.runScriptAsRawText(ScriptEngine.java:119)
	at com.kms.katalon.core.main.TestCaseExecutor.runScript(TestCaseExecutor.java:448)
	at com.kms.katalon.core.main.TestCaseExecutor.doExecute(TestCaseExecutor.java:439)
	at com.kms.katalon.core.main.TestCaseExecutor.processExecutionPhase(TestCaseExecutor.java:418)
	at com.kms.katalon.core.main.TestCaseExecutor.accessMainPhase(TestCaseExecutor.java:410)
	at com.kms.katalon.core.main.TestCaseExecutor.execute(TestCaseExecutor.java:285)
	at com.kms.katalon.core.common.CommonExecutor.accessTestCaseMainPhase(CommonExecutor.java:65)
	at com.kms.katalon.core.main.TestSuiteExecutor.accessTestSuiteMainPhase(TestSuiteExecutor.java:148)
	at com.kms.katalon.core.main.TestSuiteExecutor.execute(TestSuiteExecutor.java:106)
	at com.kms.katalon.core.main.TestCaseMain.startTestSuite(TestCaseMain.java:187)
	at com.kms.katalon.core.main.TestCaseMain$startTestSuite$0.call(Unknown Source)
	at TempTestSuite1693445385268.run(TempTestSuite1693445385268.groovy:36)
Caused by: com.kms.katalon.core.exception.StepFailedException: Actual text 'Epic sadface: Password is required' and expected text 'Login failed! Please ensure the password are valid.' of test object 'Object Repository/Login Error Message' are NOT matched.
	at com.kms.katalon.core.webui.keyword.internal.WebUIKeywordMain.stepFailed(WebUIKeywordMain.groovy:64)
	at com.kms.katalon.core.webui.keyword.builtin.VerifyElementTextKeyword$_verifyElementText_closure1.doCall(VerifyElementTextKeyword.groovy:57)
	at com.kms.katalon.core.webui.keyword.builtin.VerifyElementTextKeyword$_verifyElementText_closure1.call(VerifyElementTextKeyword.groovy)
	at com.kms.katalon.core.webui.keyword.internal.WebUIKeywordMain.runKeyword(WebUIKeywordMain.groovy:20)
	... 19 more]]></system-err>
   </testsuite>
</testsuites>
