<?xml version="1.0" encoding="UTF-8"?>
<testsuites name="Test Suites Collection Heroku App" time="85.079" tests="3" failures="0" errors="0">
   <testsuite name="Test Suites Login" tests="2" failures="0" errors="0" time="29.708" skipped="0" timestamp="2023-08-25 09:26:40" hostname="ridaaridaini - 10.9.2.22" id="Test Suites/Test Suites Login">
      <properties>
         <property name="deviceName" value=""/>
         <property name="devicePlatform" value=""/>
         <property name="logFolder" value="/Users/ridaaridaini/Desktop/projectrida/batch-324-qa/rida/Cura Heroku App/Reports/20230825_092625/Test Suites Login/20230825_092627"/>
         <property name="logFiles" value="/Users/ridaaridaini/Desktop/projectrida/batch-324-qa/rida/Cura Heroku App/Reports/20230825_092625/Test Suites Login/20230825_092627/execution0.log"/>
         <property name="attachments" value=""/>
         <property name="hostName" value="ridaaridaini - 10.9.2.22"/>
         <property name="os" value="Mac OS X 64bit"/>
         <property name="katalonVersion" value="8.6.5.208"/>
         <property name="browser" value="Firefox 116.0"/>
         <property name="hostAddress" value="127.0.0.1"/>
         <property name="sessionId" value="bc5c61af-7690-46c6-ac0c-023494234f5a"/>
         <property name="seleniumVersion" value="3.141.59"/>
         <property name="proxyInformation" value="ProxyInformation { proxyOption=NO_PROXY, proxyServerType=HTTP, username=, password=********, proxyServerAddress=, proxyServerPort=0, executionList=&quot;&quot;, isApplyToDesiredCapabilities=true }"/>
         <property name="platform" value="Mac OS X"/>
      </properties>
      <testcase name="Test Cases/Login/Test Case 1.1(Record)" time="13.156" classname="Test Cases/Login/Test Case 1.1(Record)" status="PASSED">
         <system-out><![CDATA[2023-08-25 09:26:40 - [TEST_CASE][PASSED] - Test Cases/Login/Test Case 1.1(Record): Test Cases/Login/Test Case 1.1(Record)

2023-08-25 09:26:41 - [TEST_STEP][PASSED] - openBrowser(""): Browser is opened with url: ''

2023-08-25 09:26:41 - [MESSAGE][INFO] - Starting 'Firefox' driver

2023-08-25 09:26:41 - [MESSAGE][INFO] - Action delay is set to 0 milliseconds

2023-08-25 09:26:46 - [MESSAGE][PASSED] - Browser is opened with url: ''

2023-08-25 09:26:46 - [TEST_STEP][PASSED] - maximizeWindow(): Current window maximized

2023-08-25 09:26:47 - [MESSAGE][PASSED] - Current window maximized

2023-08-25 09:26:47 - [TEST_STEP][PASSED] - navigateToUrl("https://katalon-demo-cura.herokuapp.com/"): Navigate to 'https://katalon-demo-cura.herokuapp.com/' successfully

2023-08-25 09:26:49 - [MESSAGE][PASSED] - Navigate to 'https://katalon-demo-cura.herokuapp.com/' successfully

2023-08-25 09:26:49 - [TEST_STEP][PASSED] - click(findTestObject("Object Repository/h1_CURA Healthcare Service")): Object: 'Object Repository/h1_CURA Healthcare Service' is clicked on

2023-08-25 09:26:50 - [MESSAGE][PASSED] - Object: 'Object Repository/h1_CURA Healthcare Service' is clicked on

2023-08-25 09:26:50 - [TEST_STEP][PASSED] - click(findTestObject("Object Repository/i_CURA Healthcare_fa fa-bars")): Object: 'Object Repository/i_CURA Healthcare_fa fa-bars' is clicked on

2023-08-25 09:26:51 - [MESSAGE][PASSED] - Object: 'Object Repository/i_CURA Healthcare_fa fa-bars' is clicked on

2023-08-25 09:26:51 - [TEST_STEP][PASSED] - click(findTestObject("Object Repository/a_Login")): Object: 'Object Repository/a_Login' is clicked on

2023-08-25 09:26:52 - [MESSAGE][PASSED] - Object: 'Object Repository/a_Login' is clicked on

2023-08-25 09:26:52 - [TEST_STEP][PASSED] - setText(findTestObject("Object Repository/input_Username_username"), username): Text 'John Doe' is set on object 'Object Repository/input_Username_username'

2023-08-25 09:26:52 - [MESSAGE][PASSED] - Text 'John Doe' is set on object 'Object Repository/input_Username_username'

2023-08-25 09:26:52 - [TEST_STEP][PASSED] - setEncryptedText(findTestObject("Object Repository/input_Password_password"), password): Text ****** has been set on object 'Object Repository/input_Password_password'

2023-08-25 09:26:53 - [MESSAGE][PASSED] - Text ****** has been set on object 'Object Repository/input_Password_password'

2023-08-25 09:26:53 - [TEST_STEP][PASSED] - click(findTestObject("Object Repository/button_Login")): Object: 'Object Repository/button_Login' is clicked on

2023-08-25 09:26:53 - [MESSAGE][PASSED] - Object: 'Object Repository/button_Login' is clicked on]]></system-out>
         <system-err><![CDATA[]]></system-err>
      </testcase>
      <testcase name="Test Cases/Login/Test Case 1.2(Manual)" time="16.202" classname="Test Cases/Login/Test Case 1.2(Manual)" status="PASSED">
         <system-out><![CDATA[2023-08-25 09:26:53 - [TEST_CASE][PASSED] - Test Cases/Login/Test Case 1.2(Manual): Test Cases/Login/Test Case 1.2(Manual)

2023-08-25 09:26:54 - [TEST_STEP][PASSED] - openBrowser(WEB_URL): Browser is opened with url: 'https://katalon-demo-cura.herokuapp.com/
'

2023-08-25 09:26:54 - [MESSAGE][WARNING] - A browser is already opened. Closing browser and opening a new one

2023-08-25 09:26:55 - [MESSAGE][INFO] - Starting 'Firefox' driver

2023-08-25 09:26:55 - [MESSAGE][INFO] - Action delay is set to 0 milliseconds

2023-08-25 09:26:59 - [MESSAGE][PASSED] - Browser is opened with url: 'https://katalon-demo-cura.herokuapp.com/
'

2023-08-25 09:26:59 - [TEST_STEP][PASSED] - maximizeWindow(): Current window maximized

2023-08-25 09:27:00 - [MESSAGE][PASSED] - Current window maximized

2023-08-25 09:27:00 - [TEST_STEP][PASSED] - verifyElementPresent(findTestObject("h1_CURA Healthcare Service"), 10): Object 'Object Repository/h1_CURA Healthcare Service' is present

2023-08-25 09:27:00 - [MESSAGE][PASSED] - Object 'Object Repository/h1_CURA Healthcare Service' is present

2023-08-25 09:27:00 - [TEST_STEP][PASSED] - click(findTestObject("i_CURA Healthcare_fa fa-bars")): Object: 'Object Repository/i_CURA Healthcare_fa fa-bars' is clicked on

2023-08-25 09:27:01 - [MESSAGE][PASSED] - Object: 'Object Repository/i_CURA Healthcare_fa fa-bars' is clicked on

2023-08-25 09:27:01 - [TEST_STEP][PASSED] - click(findTestObject("a_Login")): Object: 'Object Repository/a_Login' is clicked on

2023-08-25 09:27:01 - [MESSAGE][PASSED] - Object: 'Object Repository/a_Login' is clicked on

2023-08-25 09:27:01 - [TEST_STEP][PASSED] - click(findTestObject("h2_Login")): Object: 'Object Repository/h2_Login' is clicked on

2023-08-25 09:27:02 - [MESSAGE][PASSED] - Object: 'Object Repository/h2_Login' is clicked on

2023-08-25 09:27:02 - [TEST_STEP][PASSED] - setText(findTestObject("input_Username_username"), Username): Text 'hgytwsjbjsdz
' is set on object 'Object Repository/input_Username_username'

2023-08-25 09:27:03 - [MESSAGE][PASSED] - Text 'hgytwsjbjsdz
' is set on object 'Object Repository/input_Username_username'

2023-08-25 09:27:03 - [TEST_STEP][PASSED] - setEncryptedText(findTestObject("input_Password_password"), Password): Text ****** has been set on object 'Object Repository/input_Password_password'

2023-08-25 09:27:03 - [MESSAGE][PASSED] - Text ****** has been set on object 'Object Repository/input_Password_password'

2023-08-25 09:27:03 - [TEST_STEP][PASSED] - click(findTestObject("button_Login")): Object: 'Object Repository/button_Login' is clicked on

2023-08-25 09:27:04 - [MESSAGE][PASSED] - Object: 'Object Repository/button_Login' is clicked on

2023-08-25 09:27:04 - [TEST_STEP][PASSED] - verifyElementText(findTestObject("Error_massage_Login failed"), "Login failed! Please ensure the username and password are valid."): Actual text and expected text of test object 'Object Repository/Error_massage_Login failed' are matched.

2023-08-25 09:27:04 - [MESSAGE][PASSED] - Actual text and expected text of test object 'Object Repository/Error_massage_Login failed' are matched.

2023-08-25 09:27:04 - [TEST_STEP][PASSED] - delay(5): Delayed 5 second(s)

2023-08-25 09:27:09 - [MESSAGE][PASSED] - Delayed 5 second(s)

2023-08-25 09:27:09 - [TEST_STEP][PASSED] - closeBrowser(): Browser is closed

2023-08-25 09:27:10 - [MESSAGE][PASSED] - Browser is closed]]></system-out>
         <system-err><![CDATA[]]></system-err>
      </testcase>
      <system-out><![CDATA[2023-08-25 09:26:40 - [TEST_SUITE][PASSED] - Test Suites Login: Test Cases/Login/Test Case 1.2(Manual)]]></system-out>
      <system-err><![CDATA[]]></system-err>
   </testsuite>
   <testsuite name="Test Suite Appointment" tests="1" failures="0" errors="0" time="18.912" skipped="0" timestamp="2023-08-25 09:27:29" hostname="ridaaridaini - 10.9.2.22" id="Test Suites/Test Suite Appointment">
      <properties>
         <property name="deviceName" value=""/>
         <property name="devicePlatform" value=""/>
         <property name="logFolder" value="/Users/ridaaridaini/Desktop/projectrida/batch-324-qa/rida/Cura Heroku App/Reports/20230825_092625/Test Suite Appointment/20230825_092629"/>
         <property name="logFiles" value="/Users/ridaaridaini/Desktop/projectrida/batch-324-qa/rida/Cura Heroku App/Reports/20230825_092625/Test Suite Appointment/20230825_092629/execution0.log"/>
         <property name="attachments" value=""/>
         <property name="hostName" value="ridaaridaini - 10.9.2.22"/>
         <property name="os" value="Mac OS X 64bit"/>
         <property name="katalonVersion" value="8.6.5.208"/>
         <property name="browser" value="Firefox 116.0"/>
         <property name="hostAddress" value="127.0.0.1"/>
         <property name="sessionId" value="567e7945-5475-4b9b-b06c-ba278336859d"/>
         <property name="seleniumVersion" value="3.141.59"/>
         <property name="proxyInformation" value="ProxyInformation { proxyOption=NO_PROXY, proxyServerType=HTTP, username=, password=********, proxyServerAddress=, proxyServerPort=0, executionList=&quot;&quot;, isApplyToDesiredCapabilities=true }"/>
         <property name="platform" value="Mac OS X"/>
      </properties>
      <testcase name="Test Cases/Appointment/Test Case 2.1 - dinamis" time="18.575" classname="Test Cases/Appointment/Test Case 2.1 - dinamis" status="PASSED">
         <system-out><![CDATA[2023-08-25 09:27:30 - [TEST_CASE][PASSED] - Test Cases/Appointment/Test Case 2.1 - dinamis: Test Cases/Appointment/Test Case 2.1 - dinamis

2023-08-25 09:27:30 - [TEST_STEP][PASSED] - callTestCase(findTestCase("Login/Test Case 1.1(Record)"), ["username":username, "password":password], STOP_ON_FAILURE): Call Test Case 'Test Cases/Login/Test Case 1.1(Record)' successfully

2023-08-25 09:27:30 - [TEST_CASE][PASSED] - Test Cases/Login/Test Case 1.1(Record): Test Cases/Login/Test Case 1.1(Record)

2023-08-25 09:27:30 - [TEST_STEP][PASSED] - openBrowser(""): Browser is opened with url: ''

2023-08-25 09:27:31 - [MESSAGE][INFO] - Starting 'Firefox' driver

2023-08-25 09:27:31 - [MESSAGE][INFO] - Action delay is set to 0 milliseconds

2023-08-25 09:27:34 - [MESSAGE][PASSED] - Browser is opened with url: ''

2023-08-25 09:27:34 - [TEST_STEP][PASSED] - maximizeWindow(): Current window maximized

2023-08-25 09:27:34 - [MESSAGE][PASSED] - Current window maximized

2023-08-25 09:27:34 - [TEST_STEP][PASSED] - navigateToUrl("https://katalon-demo-cura.herokuapp.com/"): Navigate to 'https://katalon-demo-cura.herokuapp.com/' successfully

2023-08-25 09:27:38 - [MESSAGE][PASSED] - Navigate to 'https://katalon-demo-cura.herokuapp.com/' successfully

2023-08-25 09:27:38 - [TEST_STEP][PASSED] - click(findTestObject("Object Repository/h1_CURA Healthcare Service")): Object: 'Object Repository/h1_CURA Healthcare Service' is clicked on

2023-08-25 09:27:39 - [MESSAGE][PASSED] - Object: 'Object Repository/h1_CURA Healthcare Service' is clicked on

2023-08-25 09:27:39 - [TEST_STEP][PASSED] - click(findTestObject("Object Repository/i_CURA Healthcare_fa fa-bars")): Object: 'Object Repository/i_CURA Healthcare_fa fa-bars' is clicked on

2023-08-25 09:27:39 - [MESSAGE][PASSED] - Object: 'Object Repository/i_CURA Healthcare_fa fa-bars' is clicked on

2023-08-25 09:27:39 - [TEST_STEP][PASSED] - click(findTestObject("Object Repository/a_Login")): Object: 'Object Repository/a_Login' is clicked on

2023-08-25 09:27:40 - [MESSAGE][PASSED] - Object: 'Object Repository/a_Login' is clicked on

2023-08-25 09:27:40 - [TEST_STEP][PASSED] - setText(findTestObject("Object Repository/input_Username_username"), username): Text 'John Doe' is set on object 'Object Repository/input_Username_username'

2023-08-25 09:27:41 - [MESSAGE][PASSED] - Text 'John Doe' is set on object 'Object Repository/input_Username_username'

2023-08-25 09:27:41 - [TEST_STEP][PASSED] - setEncryptedText(findTestObject("Object Repository/input_Password_password"), password): Text ****** has been set on object 'Object Repository/input_Password_password'

2023-08-25 09:27:41 - [MESSAGE][PASSED] - Text ****** has been set on object 'Object Repository/input_Password_password'

2023-08-25 09:27:41 - [TEST_STEP][PASSED] - click(findTestObject("Object Repository/button_Login")): Object: 'Object Repository/button_Login' is clicked on

2023-08-25 09:27:42 - [MESSAGE][PASSED] - Object: 'Object Repository/button_Login' is clicked on

2023-08-25 09:27:42 - [MESSAGE][PASSED] - Call Test Case 'Test Cases/Login/Test Case 1.1(Record)' successfully

2023-08-25 09:27:42 - [TEST_STEP][PASSED] - selectOptionByValue(findTestObject("Make Appointment/dropdown_facility"), facility, false): All options with value 'Tokyo CURA Healthcare Center' are selected in object 'Object Repository/Make Appointment/dropdown_facility' 

2023-08-25 09:27:43 - [MESSAGE][PASSED] - All options with value 'Tokyo CURA Healthcare Center' are selected in object 'Object Repository/Make Appointment/dropdown_facility' 

2023-08-25 09:27:43 - [TEST_STEP][PASSED] - if (toString().equalsIgnoreCase("yes")): Object 'Object Repository/Make Appointment/chk_box' is checked

2023-08-25 09:27:43 - [TEST_STEP][PASSED] - check(findTestObject("Make Appointment/chk_box")): Object 'Object Repository/Make Appointment/chk_box' is checked

2023-08-25 09:27:44 - [MESSAGE][PASSED] - Object 'Object Repository/Make Appointment/chk_box' is checked

2023-08-25 09:27:44 - [TEST_STEP][PASSED] - if (toString().equalsIgnoreCase("Medicare")): null

2023-08-25 09:27:44 - [TEST_STEP][PASSED] - else if (toString().equalsIgnoreCase("Medicaid")): Object 'Object Repository/Make Appointment/Radio_Medicaid_programs' is checked

2023-08-25 09:27:44 - [TEST_STEP][PASSED] - check(findTestObject("Object Repository/Make Appointment/Radio_Medicaid_programs")): Object 'Object Repository/Make Appointment/Radio_Medicaid_programs' is checked

2023-08-25 09:27:44 - [MESSAGE][PASSED] - Object 'Object Repository/Make Appointment/Radio_Medicaid_programs' is checked

2023-08-25 09:27:44 - [TEST_STEP][PASSED] - setText(findTestObject("Make Appointment/input_Visit Date (Required)"), visit_date): Text '23/08/2023' is set on object 'Object Repository/Make Appointment/input_Visit Date (Required)'

2023-08-25 09:27:45 - [MESSAGE][PASSED] - Text '23/08/2023' is set on object 'Object Repository/Make Appointment/input_Visit Date (Required)'

2023-08-25 09:27:45 - [TEST_STEP][PASSED] - setText(findTestObject("Make Appointment/textarea_Comment"), comment): Text 'saya pasien' is set on object 'Object Repository/Make Appointment/textarea_Comment'

2023-08-25 09:27:46 - [MESSAGE][PASSED] - Text 'saya pasien' is set on object 'Object Repository/Make Appointment/textarea_Comment'

2023-08-25 09:27:46 - [TEST_STEP][PASSED] - click(findTestObject("Make Appointment/button_Book Appointment")): Object: 'Object Repository/Make Appointment/button_Book Appointment' is clicked on

2023-08-25 09:27:46 - [MESSAGE][PASSED] - Object: 'Object Repository/Make Appointment/button_Book Appointment' is clicked on

2023-08-25 09:27:46 - [TEST_STEP][PASSED] - verifyElementPresent(findTestObject("Make Appointment/title_Appointment Confirmation"), 0): Object 'Object Repository/Make Appointment/title_Appointment Confirmation' is present

2023-08-25 09:27:46 - [MESSAGE][WARNING] - Timeout '0' is invalid. Using default page load timeout: '10'

2023-08-25 09:27:47 - [MESSAGE][PASSED] - Object 'Object Repository/Make Appointment/title_Appointment Confirmation' is present

2023-08-25 09:27:47 - [TEST_STEP][PASSED] - hasil_facility = getText(findTestObject("Object Repository/Make Appointment/hasil_facility")): Text of object 'Object Repository/Make Appointment/hasil_facility' is: 'Tokyo CURA Healthcare Center'

2023-08-25 09:27:47 - [MESSAGE][PASSED] - Text of object 'Object Repository/Make Appointment/hasil_facility' is: 'Tokyo CURA Healthcare Center'

2023-08-25 09:27:47 - [TEST_STEP][PASSED] - hasil_healthcare_program = getText(findTestObject("Object Repository/Make Appointment/hasil_healtycare_program")): Text of object 'Object Repository/Make Appointment/hasil_healtycare_program' is: 'Medicaid'

2023-08-25 09:27:47 - [MESSAGE][PASSED] - Text of object 'Object Repository/Make Appointment/hasil_healtycare_program' is: 'Medicaid'

2023-08-25 09:27:47 - [TEST_STEP][PASSED] - hasil_visit_date = getText(findTestObject("Object Repository/Make Appointment/hasil_visit_date")): Text of object 'Object Repository/Make Appointment/hasil_visit_date' is: '23/08/2023'

2023-08-25 09:27:48 - [MESSAGE][PASSED] - Text of object 'Object Repository/Make Appointment/hasil_visit_date' is: '23/08/2023'

2023-08-25 09:27:48 - [TEST_STEP][PASSED] - hasil_commend = getText(findTestObject("Object Repository/Make Appointment/hasil_commend")): Text of object 'Object Repository/Make Appointment/hasil_commend' is: 'saya pasien'

2023-08-25 09:27:48 - [MESSAGE][PASSED] - Text of object 'Object Repository/Make Appointment/hasil_commend' is: 'saya pasien'

2023-08-25 09:27:48 - [TEST_STEP][PASSED] - hasil_chkbox = getText(findTestObject("Object Repository/Make Appointment/hasil_chkbox")): Text of object 'Object Repository/Make Appointment/hasil_chkbox' is: 'Yes'

2023-08-25 09:27:48 - [MESSAGE][PASSED] - Text of object 'Object Repository/Make Appointment/hasil_chkbox' is: 'Yes'

2023-08-25 09:27:48 - [TEST_STEP][PASSED] - assert toString().equalsIgnoreCase(facility): null

2023-08-25 09:27:48 - [TEST_STEP][PASSED] - assert toString().equalsIgnoreCase(healthcare_program): null

2023-08-25 09:27:48 - [TEST_STEP][PASSED] - assert toString().equalsIgnoreCase(visit_date): null

2023-08-25 09:27:48 - [TEST_STEP][PASSED] - assert toString().equalsIgnoreCase(comment): null

2023-08-25 09:27:48 - [TEST_STEP][PASSED] - assert toString().equalsIgnoreCase(hospital_readmission): null]]></system-out>
         <system-err><![CDATA[]]></system-err>
      </testcase>
      <system-out><![CDATA[2023-08-25 09:27:29 - [TEST_SUITE][PASSED] - Test Suite Appointment: Test Cases/Appointment/Test Case 2.1 - dinamis]]></system-out>
      <system-err><![CDATA[]]></system-err>
   </testsuite>
</testsuites>
