<?xml version="1.0" encoding="UTF-8"?>
<testsuites name="Test Suite Appointment" time="20.112" tests="1" failures="0" errors="0">
   <testsuite name="Test Suite Appointment" tests="1" failures="0" errors="0" time="20.112" skipped="0" timestamp="2023-08-25 09:27:30" hostname="Admin - Riswandha" id="Test Suites/Test Suite Appointment">
      <properties>
         <property name="deviceName" value=""/>
         <property name="devicePlatform" value=""/>
         <property name="logFolder" value="G:\\Project Xsis\\batch-324-qa\\Riswan\\Cura Heroku App\\Reports\\20230825_092624\\Test Suite Appointment\\20230825_092627"/>
         <property name="logFiles" value="G:\\Project Xsis\\batch-324-qa\\Riswan\\Cura Heroku App\\Reports\\20230825_092624\\Test Suite Appointment\\20230825_092627\\execution0.log"/>
         <property name="attachments" value=""/>
         <property name="hostName" value="Admin - Riswandha"/>
         <property name="os" value="Windows 10 64bit"/>
         <property name="katalonVersion" value="8.6.5.208"/>
         <property name="browser" value="Edge Chromium 115"/>
         <property name="hostAddress" value="192.168.62.31"/>
         <property name="sessionId" value="d7d117cba3207e93329a43c9f0597f51"/>
         <property name="seleniumVersion" value="3.141.59"/>
         <property name="proxyInformation" value="ProxyInformation { proxyOption=NO_PROXY, proxyServerType=HTTP, username=, password=********, proxyServerAddress=, proxyServerPort=0, executionList=&quot;&quot;, isApplyToDesiredCapabilities=true }"/>
         <property name="platform" value="Windows 10"/>
      </properties>
      <testcase name="Test Cases/Appointment/Test Case 2.1(versi dinamis)" time="19.707" classname="Test Cases/Appointment/Test Case 2.1(versi dinamis)" status="PASSED">
         <system-out><![CDATA[2023-08-25 09:27:31 - [TEST_CASE][PASSED] - Test Cases/Appointment/Test Case 2.1(versi dinamis): Test Cases/Appointment/Test Case 2.1(versi dinamis)

2023-08-25 09:27:31 - [TEST_STEP][PASSED] - callTestCase(findTestCase("Login/Test Case 1.1(Manual)"), ["username":username, "password":password], STOP_ON_FAILURE): Call Test Case 'Test Cases/Login/Test Case 1.1(Manual)' successfully

2023-08-25 09:27:32 - [TEST_CASE][PASSED] - Test Cases/Login/Test Case 1.1(Manual): Test Cases/Login/Test Case 1.1(Manual)

2023-08-25 09:27:32 - [TEST_STEP][PASSED] - openBrowser(WEB_URL): Browser is opened with url: 'https://katalon-demo-cura.herokuapp.com/'

2023-08-25 09:27:32 - [MESSAGE][INFO] - Starting 'Edge Chromium' driver

2023-08-25 09:27:35 - [MESSAGE][INFO] - Action delay is set to 0 milliseconds

2023-08-25 09:27:40 - [MESSAGE][PASSED] - Browser is opened with url: 'https://katalon-demo-cura.herokuapp.com/'

2023-08-25 09:27:40 - [TEST_STEP][PASSED] - verifyElementPresent(findTestObject("Login/Title_Home_Page"), 10): Object 'Object Repository/Login/Title_Home_Page' is present

2023-08-25 09:27:40 - [MESSAGE][PASSED] - Object 'Object Repository/Login/Title_Home_Page' is present

2023-08-25 09:27:40 - [TEST_STEP][PASSED] - click(findTestObject("Login/Menu Burger")): Object: 'Object Repository/Login/Menu Burger' is clicked on

2023-08-25 09:27:41 - [MESSAGE][PASSED] - Object: 'Object Repository/Login/Menu Burger' is clicked on

2023-08-25 09:27:41 - [TEST_STEP][PASSED] - click(findTestObject("Login/Menu Login")): Object: 'Object Repository/Login/Menu Login' is clicked on

2023-08-25 09:27:42 - [MESSAGE][PASSED] - Object: 'Object Repository/Login/Menu Login' is clicked on

2023-08-25 09:27:42 - [TEST_STEP][PASSED] - verifyElementPresent(findTestObject("Login/Title Login"), 10): Object 'Object Repository/Login/Title Login' is present

2023-08-25 09:27:42 - [MESSAGE][PASSED] - Object 'Object Repository/Login/Title Login' is present

2023-08-25 09:27:42 - [TEST_STEP][PASSED] - setText(findTestObject("Login/input_Username_Login"), username): Text 'John Doe' is set on object 'Object Repository/Login/input_Username_Login'

2023-08-25 09:27:43 - [MESSAGE][PASSED] - Text 'John Doe' is set on object 'Object Repository/Login/input_Username_Login'

2023-08-25 09:27:43 - [TEST_STEP][PASSED] - setEncryptedText(findTestObject("Login/input_Password_Login"), password): Text ****** has been set on object 'Object Repository/Login/input_Password_Login'

2023-08-25 09:27:43 - [MESSAGE][PASSED] - Text ****** has been set on object 'Object Repository/Login/input_Password_Login'

2023-08-25 09:27:43 - [TEST_STEP][PASSED] - click(findTestObject("Login/button_Login")): Object: 'Object Repository/Login/button_Login' is clicked on

2023-08-25 09:27:44 - [MESSAGE][PASSED] - Object: 'Object Repository/Login/button_Login' is clicked on

2023-08-25 09:27:44 - [TEST_STEP][PASSED] - verifyElementPresent(findTestObject("Login/Title_Make Appointment"), 10): Object 'Object Repository/Login/Title_Make Appointment' is present

2023-08-25 09:27:45 - [MESSAGE][PASSED] - Object 'Object Repository/Login/Title_Make Appointment' is present

2023-08-25 09:27:45 - [MESSAGE][PASSED] - Call Test Case 'Test Cases/Login/Test Case 1.1(Manual)' successfully

2023-08-25 09:27:45 - [TEST_STEP][PASSED] - selectOptionByValue(findTestObject("Make Appointment/Select Drop down Facility"), facility, false): All options with value 'Tokyo CURA Healthcare Center' are selected in object 'Object Repository/Make Appointment/Select Drop down Facility' 

2023-08-25 09:27:45 - [MESSAGE][PASSED] - All options with value 'Tokyo CURA Healthcare Center' are selected in object 'Object Repository/Make Appointment/Select Drop down Facility' 

2023-08-25 09:27:45 - [TEST_STEP][PASSED] - if (toString().equalsIgnoreCase("yes")): Object 'Object Repository/Make Appointment/Checkbox_Apply for hospital readmission' is checked

2023-08-25 09:27:45 - [TEST_STEP][PASSED] - check(findTestObject("Make Appointment/Checkbox_Apply for hospital readmission")): Object 'Object Repository/Make Appointment/Checkbox_Apply for hospital readmission' is checked

2023-08-25 09:27:46 - [MESSAGE][PASSED] - Object 'Object Repository/Make Appointment/Checkbox_Apply for hospital readmission' is checked

2023-08-25 09:27:46 - [TEST_STEP][PASSED] - if (toString().equalsIgnoreCase("medicare")): null

2023-08-25 09:27:46 - [TEST_STEP][PASSED] - else if (toString().equalsIgnoreCase("medicaid")): Object 'Object Repository/Make Appointment/Radio_Medicaid_programs' is checked

2023-08-25 09:27:46 - [TEST_STEP][PASSED] - check(findTestObject("Object Repository/Make Appointment/Radio_Medicaid_programs")): Object 'Object Repository/Make Appointment/Radio_Medicaid_programs' is checked

2023-08-25 09:27:46 - [MESSAGE][PASSED] - Object 'Object Repository/Make Appointment/Radio_Medicaid_programs' is checked

2023-08-25 09:27:46 - [TEST_STEP][PASSED] - setText(findTestObject("Make Appointment/input_Visit Date"), visit_date): Text '23/08/2023' is set on object 'Object Repository/Make Appointment/input_Visit Date'

2023-08-25 09:27:47 - [MESSAGE][PASSED] - Text '23/08/2023' is set on object 'Object Repository/Make Appointment/input_Visit Date'

2023-08-25 09:27:47 - [TEST_STEP][PASSED] - setText(findTestObject("Make Appointment/textarea_Comment"), comment): Text 'Saya Pesan' is set on object 'Object Repository/Make Appointment/textarea_Comment'

2023-08-25 09:27:48 - [MESSAGE][PASSED] - Text 'Saya Pesan' is set on object 'Object Repository/Make Appointment/textarea_Comment'

2023-08-25 09:27:48 - [TEST_STEP][PASSED] - click(findTestObject("Make Appointment/button_Book Appointment")): Object: 'Object Repository/Make Appointment/button_Book Appointment' is clicked on

2023-08-25 09:27:48 - [MESSAGE][PASSED] - Object: 'Object Repository/Make Appointment/button_Book Appointment' is clicked on

2023-08-25 09:27:48 - [TEST_STEP][PASSED] - verifyElementPresent(findTestObject("Make Appointment/Title_Appointment Confirmation"), 0): Object 'Object Repository/Make Appointment/Title_Appointment Confirmation' is present

2023-08-25 09:27:49 - [MESSAGE][WARNING] - Timeout '0' is invalid. Using default page load timeout: '30'

2023-08-25 09:27:49 - [MESSAGE][PASSED] - Object 'Object Repository/Make Appointment/Title_Appointment Confirmation' is present

2023-08-25 09:27:49 - [TEST_STEP][PASSED] - hasilFacility = getText(findTestObject("Make Appointment/Hasil Facility")): Text of object 'Object Repository/Make Appointment/Hasil Facility' is: 'Tokyo CURA Healthcare Center'

2023-08-25 09:27:49 - [MESSAGE][PASSED] - Text of object 'Object Repository/Make Appointment/Hasil Facility' is: 'Tokyo CURA Healthcare Center'

2023-08-25 09:27:49 - [TEST_STEP][PASSED] - hasilReadmission = getText(findTestObject("Make Appointment/Hasil Hospital Readmission")): Text of object 'Object Repository/Make Appointment/Hasil Hospital Readmission' is: 'Yes'

2023-08-25 09:27:50 - [MESSAGE][PASSED] - Text of object 'Object Repository/Make Appointment/Hasil Hospital Readmission' is: 'Yes'

2023-08-25 09:27:50 - [TEST_STEP][PASSED] - hasilHealthCare = getText(findTestObject("Make Appointment/hasil healthcare program")): Text of object 'Object Repository/Make Appointment/hasil healthcare program' is: 'Medicaid'

2023-08-25 09:27:50 - [MESSAGE][PASSED] - Text of object 'Object Repository/Make Appointment/hasil healthcare program' is: 'Medicaid'

2023-08-25 09:27:50 - [TEST_STEP][PASSED] - hasilVisitDate = getText(findTestObject("Make Appointment/Hasil visit date")): Text of object 'Object Repository/Make Appointment/Hasil visit date' is: '23/08/2023'

2023-08-25 09:27:50 - [MESSAGE][PASSED] - Text of object 'Object Repository/Make Appointment/Hasil visit date' is: '23/08/2023'

2023-08-25 09:27:50 - [TEST_STEP][PASSED] - hasilComment = getText(findTestObject("Make Appointment/hasil comment")): Text of object 'Object Repository/Make Appointment/hasil comment' is: 'Saya Pesan'

2023-08-25 09:27:51 - [MESSAGE][PASSED] - Text of object 'Object Repository/Make Appointment/hasil comment' is: 'Saya Pesan'

2023-08-25 09:27:51 - [TEST_STEP][PASSED] - assert toString().equalsIgnoreCase(facility): null

2023-08-25 09:27:51 - [TEST_STEP][PASSED] - assert toString().equalsIgnoreCase(hospital_readmission): null

2023-08-25 09:27:51 - [TEST_STEP][PASSED] - assert toString().equalsIgnoreCase(health_care_program): null

2023-08-25 09:27:51 - [TEST_STEP][PASSED] - assert toString().equalsIgnoreCase(visit_date): null

2023-08-25 09:27:51 - [TEST_STEP][PASSED] - assert toString().equalsIgnoreCase(comment): null]]></system-out>
         <system-err><![CDATA[]]></system-err>
      </testcase>
      <system-out><![CDATA[2023-08-25 09:27:30 - [TEST_SUITE][PASSED] - Test Suite Appointment: Test Cases/Appointment/Test Case 2.1(versi dinamis)]]></system-out>
      <system-err><![CDATA[]]></system-err>
   </testsuite>
</testsuites>
