<?xml version="1.0" encoding="UTF-8"?>
<testsuites name="Checkout Story Test Suite" time="170.288" tests="6" failures="0" errors="0">
   <testsuite name="Checkout Story Test Suite" tests="6" failures="0" errors="0" time="170.288" skipped="0" timestamp="2023-08-31 13:02:24" hostname="Aslamadin Alvian Haz - DESKTOP-L5FUI4E" id="Test Suites/Checkout Story Test Suite">
      <properties>
         <property name="deviceName" value=""/>
         <property name="devicePlatform" value=""/>
         <property name="logFolder" value="C:\\Users\\Aslamadin Alvian Haz\\Documents\\Batch 324 QA XSIS Academy\\batch-324-qa\\Alvin\\Sauce Demo\\Reports\\20230831_130210\\Checkout Story Test Suite\\20230831_130210"/>
         <property name="logFiles" value="C:\\Users\\Aslamadin Alvian Haz\\Documents\\Batch 324 QA XSIS Academy\\batch-324-qa\\Alvin\\Sauce Demo\\Reports\\20230831_130210\\Checkout Story Test Suite\\20230831_130210\\execution0.log"/>
         <property name="attachments" value=""/>
         <property name="hostName" value="Aslamadin Alvian Haz - DESKTOP-L5FUI4E"/>
         <property name="os" value="Windows 10 64bit"/>
         <property name="katalonVersion" value="8.6.5.208"/>
         <property name="browser" value="Edge Chromium 116"/>
         <property name="hostAddress" value="10.9.2.24"/>
         <property name="sessionId" value="5ca3a584b3110988b870fc56810de67d"/>
         <property name="seleniumVersion" value="3.141.59"/>
         <property name="proxyInformation" value="ProxyInformation { proxyOption=NO_PROXY, proxyServerType=HTTP, username=, password=********, proxyServerAddress=, proxyServerPort=0, executionList=&quot;&quot;, isApplyToDesiredCapabilities=true }"/>
         <property name="platform" value="Windows 10"/>
      </properties>
      <testcase name="Test Cases/Checkout/TC-Checkout-Success-001" time="39.717" classname="Test Cases/Checkout/TC-Checkout-Success-001" status="PASSED">
         <system-out><![CDATA[2023-08-31 13:02:25 - [TEST_CASE][PASSED] - Test Cases/Checkout/TC-Checkout-Success-001: Test Cases/Checkout/TC-Checkout-Success-001

2023-08-31 13:02:27 - [TEST_STEP][PASSED] - cartItems = callTestCase(findTestCase("Keranjang/TC-Cart-Show-002"), [:], STOP_ON_FAILURE): Call Test Case 'Test Cases/Keranjang/TC-Cart-Show-002' successfully

2023-08-31 13:02:27 - [TEST_CASE][PASSED] - Test Cases/Keranjang/TC-Cart-Show-002: Test Cases/Keranjang/TC-Cart-Show-002

2023-08-31 13:02:29 - [TEST_STEP][PASSED] - productPage = callTestCase(findTestCase("Product/TC-Product-AddCart-001"), [:], STOP_ON_FAILURE): Call Test Case 'Test Cases/Product/TC-Product-AddCart-001' successfully

2023-08-31 13:02:29 - [TEST_CASE][PASSED] - Test Cases/Product/TC-Product-AddCart-001: Test Cases/Product/TC-Product-AddCart-001

2023-08-31 13:02:30 - [TEST_STEP][PASSED] - callTestCase(findTestCase("Product/TC-Product-Show-001"), [:], STOP_ON_FAILURE): Call Test Case 'Test Cases/Product/TC-Product-Show-001' successfully

2023-08-31 13:02:30 - [TEST_CASE][PASSED] - Test Cases/Product/TC-Product-Show-001: Test Cases/Product/TC-Product-Show-001

2023-08-31 13:02:31 - [TEST_STEP][PASSED] - callTestCase(findTestCase("Login/TC-Login-Success-001"), ["username":"standard_user", "password":"qcu24s4901FyWDTwXGr6XA=="], STOP_ON_FAILURE): Call Test Case 'Test Cases/Login/TC-Login-Success-001' successfully

2023-08-31 13:02:31 - [TEST_CASE][PASSED] - Test Cases/Login/TC-Login-Success-001: Test Cases/Login/TC-Login-Success-001

2023-08-31 13:02:33 - [TEST_STEP][PASSED] - openBrowser(webSauceDemo): Browser is opened with url: 'https://www.saucedemo.com/'

2023-08-31 13:02:34 - [MESSAGE][INFO] - Starting 'Edge Chromium' driver

2023-08-31 13:02:36 - [MESSAGE][INFO] - Action delay is set to 0 milliseconds

2023-08-31 13:02:43 - [MESSAGE][PASSED] - Browser is opened with url: 'https://www.saucedemo.com/'

2023-08-31 13:02:43 - [TEST_STEP][PASSED] - verifyElementPresent(findTestObject("Login Page Object/Swag Labs Text (tanda masuk home)"), 5): Object 'Object Repository/Login Page Object/Swag Labs Text (tanda masuk home)' is present

2023-08-31 13:02:44 - [MESSAGE][PASSED] - Object 'Object Repository/Login Page Object/Swag Labs Text (tanda masuk home)' is present

2023-08-31 13:02:44 - [TEST_STEP][PASSED] - setText(findTestObject("Login Page Object/username login"), username): Text 'standard_user' is set on object 'Object Repository/Login Page Object/username login'

2023-08-31 13:02:46 - [MESSAGE][PASSED] - Text 'standard_user' is set on object 'Object Repository/Login Page Object/username login'

2023-08-31 13:02:46 - [TEST_STEP][PASSED] - setEncryptedText(findTestObject("Login Page Object/password login"), password): Text ****** has been set on object 'Object Repository/Login Page Object/password login'

2023-08-31 13:02:47 - [MESSAGE][PASSED] - Text ****** has been set on object 'Object Repository/Login Page Object/password login'

2023-08-31 13:02:47 - [TEST_STEP][PASSED] - click(findTestObject("Login Page Object/button login")): Object: 'Object Repository/Login Page Object/button login' is clicked on

2023-08-31 13:02:48 - [MESSAGE][PASSED] - Object: 'Object Repository/Login Page Object/button login' is clicked on

2023-08-31 13:02:48 - [TEST_STEP][PASSED] - verifyElementPresent(findTestObject("Product/span_Products"), 5): Object 'Object Repository/Product/span_Products' is present

2023-08-31 13:02:49 - [MESSAGE][PASSED] - Object 'Object Repository/Product/span_Products' is present

2023-08-31 13:02:49 - [TEST_STEP][PASSED] - nameProduct = text: null

2023-08-31 13:02:49 - [TEST_STEP][PASSED] - descProduct = text: null

2023-08-31 13:02:50 - [TEST_STEP][PASSED] - priceProduct = text: null

2023-08-31 13:02:50 - [TEST_STEP][PASSED] - item = new java.util.HashMap(): null

2023-08-31 13:02:50 - [TEST_STEP][PASSED] - item.put("nameProduct", nameProduct): null

2023-08-31 13:02:50 - [TEST_STEP][PASSED] - item.put("descProduct", descProduct): null

2023-08-31 13:02:50 - [TEST_STEP][PASSED] - item.put("priceProduct", priceProduct): null

2023-08-31 13:02:50 - [TEST_STEP][PASSED] - return item: null

2023-08-31 13:02:50 - [MESSAGE][PASSED] - Call Test Case 'Test Cases/Login/TC-Login-Success-001' successfully

2023-08-31 13:02:50 - [MESSAGE][PASSED] - Call Test Case 'Test Cases/Product/TC-Product-Show-001' successfully

2023-08-31 13:02:50 - [TEST_STEP][PASSED] - nameProduct = text: null

2023-08-31 13:02:51 - [TEST_STEP][PASSED] - descProduct = text: null

2023-08-31 13:02:51 - [TEST_STEP][PASSED] - priceProduct = text: null

2023-08-31 13:02:52 - [TEST_STEP][PASSED] - dataProduct = new java.util.HashMap(): null

2023-08-31 13:02:52 - [TEST_STEP][PASSED] - dataProduct.put("nameProduct", nameProduct): null

2023-08-31 13:02:52 - [TEST_STEP][PASSED] - dataProduct.put("descProduct", descProduct): null

2023-08-31 13:02:52 - [TEST_STEP][PASSED] - dataProduct.put("priceProduct", priceProduct): null

2023-08-31 13:02:52 - [TEST_STEP][PASSED] - click(findTestObject("Product/button add to cart backpack")): Object: 'Object Repository/Product/button add to cart backpack' is clicked on

2023-08-31 13:02:52 - [MESSAGE][PASSED] - Object: 'Object Repository/Product/button add to cart backpack' is clicked on

2023-08-31 13:02:52 - [TEST_STEP][PASSED] - verifyElementPresent(findTestObject("selector for verify/button remove item pos 1"), 5): Object 'Object Repository/selector for verify/button remove item pos 1' is present

2023-08-31 13:02:53 - [MESSAGE][PASSED] - Object 'Object Repository/selector for verify/button remove item pos 1' is present

2023-08-31 13:02:53 - [TEST_STEP][PASSED] - verifyElementPresent(findTestObject("selector for verify/verify jumlah item 1 (cart)"), 5): Object 'Object Repository/selector for verify/verify jumlah item 1 (cart)' is present

2023-08-31 13:02:53 - [MESSAGE][PASSED] - Object 'Object Repository/selector for verify/verify jumlah item 1 (cart)' is present

2023-08-31 13:02:53 - [TEST_STEP][PASSED] - return dataProduct: null

2023-08-31 13:02:53 - [MESSAGE][PASSED] - Call Test Case 'Test Cases/Product/TC-Product-AddCart-001' successfully

2023-08-31 13:02:53 - [TEST_STEP][PASSED] - click(findTestObject("Checkout/cart icon")): Object: 'Object Repository/Checkout/cart icon' is clicked on

2023-08-31 13:02:54 - [MESSAGE][PASSED] - Object: 'Object Repository/Checkout/cart icon' is clicked on

2023-08-31 13:02:54 - [TEST_STEP][PASSED] - verifyElementPresent(findTestObject("Checkout/span_Your Cart"), 5): Object 'Object Repository/Checkout/span_Your Cart' is present

2023-08-31 13:02:55 - [MESSAGE][PASSED] - Object 'Object Repository/Checkout/span_Your Cart' is present

2023-08-31 13:02:55 - [TEST_STEP][PASSED] - nameCart = text: null

2023-08-31 13:02:55 - [TEST_STEP][PASSED] - descCart = text: null

2023-08-31 13:02:55 - [TEST_STEP][PASSED] - priceCart = text: null

2023-08-31 13:02:56 - [TEST_STEP][PASSED] - productPage.put("nameCart", nameCart): null

2023-08-31 13:02:56 - [TEST_STEP][PASSED] - productPage.put("descCart", descCart): null

2023-08-31 13:02:56 - [TEST_STEP][PASSED] - productPage.put("priceCart", priceCart): null

2023-08-31 13:02:56 - [TEST_STEP][PASSED] - assert productPage.get("nameProduct") == nameCart: null

2023-08-31 13:02:56 - [TEST_STEP][PASSED] - assert productPage.get("priceProduct") == priceCart: null

2023-08-31 13:02:56 - [TEST_STEP][PASSED] - assert productPage.get("descProduct") == descCart: null

2023-08-31 13:02:56 - [TEST_STEP][PASSED] - return productPage: null

2023-08-31 13:02:56 - [MESSAGE][PASSED] - Call Test Case 'Test Cases/Keranjang/TC-Cart-Show-002' successfully

2023-08-31 13:02:56 - [TEST_STEP][PASSED] - click(findTestObject("Checkout/button_Checkout")): Object: 'Object Repository/Checkout/button_Checkout' is clicked on

2023-08-31 13:02:57 - [MESSAGE][PASSED] - Object: 'Object Repository/Checkout/button_Checkout' is clicked on

2023-08-31 13:02:57 - [TEST_STEP][PASSED] - verifyElementPresent(findTestObject("Checkout/span_Checkout Your Information"), 5): Object 'Object Repository/Checkout/span_Checkout Your Information' is present

2023-08-31 13:02:57 - [MESSAGE][PASSED] - Object 'Object Repository/Checkout/span_Checkout Your Information' is present

2023-08-31 13:02:57 - [TEST_STEP][PASSED] - setText(findTestObject("Checkout/input_Checkout Your Information_firstName"), firstName): Text 'Joko' is set on object 'Object Repository/Checkout/input_Checkout Your Information_firstName'

2023-08-31 13:02:58 - [MESSAGE][PASSED] - Text 'Joko' is set on object 'Object Repository/Checkout/input_Checkout Your Information_firstName'

2023-08-31 13:02:58 - [TEST_STEP][PASSED] - setText(findTestObject("Checkout/input_Checkout Your Information_lastName"), lastName): Text 'Widodo' is set on object 'Object Repository/Checkout/input_Checkout Your Information_lastName'

2023-08-31 13:02:59 - [MESSAGE][PASSED] - Text 'Widodo' is set on object 'Object Repository/Checkout/input_Checkout Your Information_lastName'

2023-08-31 13:02:59 - [TEST_STEP][PASSED] - setText(findTestObject("Checkout/input_Checkout Your Information_postalCode"), postalCode): Text '12345' is set on object 'Object Repository/Checkout/input_Checkout Your Information_postalCode'

2023-08-31 13:03:00 - [MESSAGE][PASSED] - Text '12345' is set on object 'Object Repository/Checkout/input_Checkout Your Information_postalCode'

2023-08-31 13:03:00 - [TEST_STEP][PASSED] - click(findTestObject("Checkout/input_Cancel_continue")): Object: 'Object Repository/Checkout/input_Cancel_continue' is clicked on

2023-08-31 13:03:00 - [MESSAGE][PASSED] - Object: 'Object Repository/Checkout/input_Cancel_continue' is clicked on

2023-08-31 13:03:00 - [TEST_STEP][PASSED] - verifyElementPresent(findTestObject("Checkout/span_Checkout Overview"), 5): Object 'Object Repository/Checkout/span_Checkout Overview' is present

2023-08-31 13:03:01 - [MESSAGE][PASSED] - Object 'Object Repository/Checkout/span_Checkout Overview' is present

2023-08-31 13:03:01 - [TEST_STEP][PASSED] - cartName = text: null

2023-08-31 13:03:01 - [TEST_STEP][PASSED] - cartDesc = text: null

2023-08-31 13:03:02 - [TEST_STEP][PASSED] - cartPrice = text: null

2023-08-31 13:03:02 - [TEST_STEP][PASSED] - taxElement = text: null

2023-08-31 13:03:03 - [TEST_STEP][PASSED] - itemTotalElement = text: null

2023-08-31 13:03:03 - [TEST_STEP][PASSED] - totalElement = text: null

2023-08-31 13:03:04 - [TEST_STEP][PASSED] - assert cartName == cartItems.get("nameProduct"): null

2023-08-31 13:03:04 - [TEST_STEP][PASSED] - assert cartDesc == cartItems.get("descProduct"): null

2023-08-31 13:03:04 - [TEST_STEP][PASSED] - assert cartPrice == cartItems.get("priceProduct"): null

2023-08-31 13:03:04 - [TEST_STEP][PASSED] - assert cartName == cartItems.get("nameCart"): null

2023-08-31 13:03:04 - [TEST_STEP][PASSED] - assert cartDesc == cartItems.get("descCart"): null

2023-08-31 13:03:04 - [TEST_STEP][PASSED] - assert cartPrice == cartItems.get("priceCart"): null

2023-08-31 13:03:04 - [TEST_STEP][PASSED] - tax = Math.round(Double.parseDouble(cartPrice.replace("$", "")) * 0.08 * 100) / 100: null

2023-08-31 13:03:04 - [TEST_STEP][PASSED] - itemTotal = Double.parseDouble(cartPrice.replace("$", "")): null

2023-08-31 13:03:04 - [TEST_STEP][PASSED] - total = tax + itemTotal: null

2023-08-31 13:03:04 - [TEST_STEP][PASSED] - arrItemTotalElement = itemTotalElement.split("\$"): null

2023-08-31 13:03:04 - [TEST_STEP][PASSED] - arrTaxElement = taxElement.split("\$"): null

2023-08-31 13:03:04 - [TEST_STEP][PASSED] - arrTotalElement = totalElement.split("\$"): null

2023-08-31 13:03:04 - [TEST_STEP][PASSED] - assert tax == Double.parseDouble(arrTaxElement[1]): null

2023-08-31 13:03:04 - [TEST_STEP][PASSED] - assert itemTotal == Double.parseDouble(arrItemTotalElement[1]): null

2023-08-31 13:03:04 - [TEST_STEP][PASSED] - assert total == Double.parseDouble(arrTotalElement[1]): null

2023-08-31 13:03:04 - [TEST_STEP][PASSED] - click(findTestObject("Checkout/button_Finish")): Object: 'Object Repository/Checkout/button_Finish' is clicked on

2023-08-31 13:03:04 - [MESSAGE][PASSED] - Object: 'Object Repository/Checkout/button_Finish' is clicked on]]></system-out>
         <system-err><![CDATA[]]></system-err>
      </testcase>
      <testcase name="Test Cases/Checkout/TC-Checkout-Success-002" time="34.536" classname="Test Cases/Checkout/TC-Checkout-Success-002" status="PASSED">
         <system-out><![CDATA[2023-08-31 13:03:04 - [TEST_CASE][PASSED] - Test Cases/Checkout/TC-Checkout-Success-002: Test Cases/Checkout/TC-Checkout-Success-002

2023-08-31 13:03:06 - [TEST_STEP][PASSED] - cartItems = callTestCase(findTestCase("Keranjang/TC-Cart-Show-003"), [:], STOP_ON_FAILURE): Call Test Case 'Test Cases/Keranjang/TC-Cart-Show-003' successfully

2023-08-31 13:03:06 - [TEST_CASE][PASSED] - Test Cases/Keranjang/TC-Cart-Show-003: Test Cases/Keranjang/TC-Cart-Show-003

2023-08-31 13:03:07 - [TEST_STEP][PASSED] - itemProduct = callTestCase(findTestCase("Product/TC-Product-AddCart-002"), [:], STOP_ON_FAILURE): Call Test Case 'Test Cases/Product/TC-Product-AddCart-002' successfully

2023-08-31 13:03:07 - [TEST_CASE][PASSED] - Test Cases/Product/TC-Product-AddCart-002: Test Cases/Product/TC-Product-AddCart-002

2023-08-31 13:03:08 - [TEST_STEP][PASSED] - itemProduct = callTestCase(findTestCase("Product/TC-Product-AddCart-001"), [:], STOP_ON_FAILURE): Call Test Case 'Test Cases/Product/TC-Product-AddCart-001' successfully

2023-08-31 13:03:08 - [TEST_CASE][PASSED] - Test Cases/Product/TC-Product-AddCart-001: Test Cases/Product/TC-Product-AddCart-001

2023-08-31 13:03:08 - [TEST_STEP][PASSED] - callTestCase(findTestCase("Product/TC-Product-Show-001"), [:], STOP_ON_FAILURE): Call Test Case 'Test Cases/Product/TC-Product-Show-001' successfully

2023-08-31 13:03:08 - [TEST_CASE][PASSED] - Test Cases/Product/TC-Product-Show-001: Test Cases/Product/TC-Product-Show-001

2023-08-31 13:03:08 - [TEST_STEP][PASSED] - callTestCase(findTestCase("Login/TC-Login-Success-001"), ["username":"standard_user", "password":"qcu24s4901FyWDTwXGr6XA=="], STOP_ON_FAILURE): Call Test Case 'Test Cases/Login/TC-Login-Success-001' successfully

2023-08-31 13:03:08 - [TEST_CASE][PASSED] - Test Cases/Login/TC-Login-Success-001: Test Cases/Login/TC-Login-Success-001

2023-08-31 13:03:08 - [TEST_STEP][PASSED] - openBrowser(webSauceDemo): Browser is opened with url: 'https://www.saucedemo.com/'

2023-08-31 13:03:08 - [MESSAGE][WARNING] - A browser is already opened. Closing browser and opening a new one

2023-08-31 13:03:09 - [MESSAGE][INFO] - Starting 'Edge Chromium' driver

2023-08-31 13:03:11 - [MESSAGE][INFO] - Action delay is set to 0 milliseconds

2023-08-31 13:03:15 - [MESSAGE][PASSED] - Browser is opened with url: 'https://www.saucedemo.com/'

2023-08-31 13:03:15 - [TEST_STEP][PASSED] - verifyElementPresent(findTestObject("Login Page Object/Swag Labs Text (tanda masuk home)"), 5): Object 'Object Repository/Login Page Object/Swag Labs Text (tanda masuk home)' is present

2023-08-31 13:03:15 - [MESSAGE][PASSED] - Object 'Object Repository/Login Page Object/Swag Labs Text (tanda masuk home)' is present

2023-08-31 13:03:15 - [TEST_STEP][PASSED] - setText(findTestObject("Login Page Object/username login"), username): Text 'standard_user' is set on object 'Object Repository/Login Page Object/username login'

2023-08-31 13:03:17 - [MESSAGE][PASSED] - Text 'standard_user' is set on object 'Object Repository/Login Page Object/username login'

2023-08-31 13:03:17 - [TEST_STEP][PASSED] - setEncryptedText(findTestObject("Login Page Object/password login"), password): Text ****** has been set on object 'Object Repository/Login Page Object/password login'

2023-08-31 13:03:17 - [MESSAGE][PASSED] - Text ****** has been set on object 'Object Repository/Login Page Object/password login'

2023-08-31 13:03:17 - [TEST_STEP][PASSED] - click(findTestObject("Login Page Object/button login")): Object: 'Object Repository/Login Page Object/button login' is clicked on

2023-08-31 13:03:19 - [MESSAGE][PASSED] - Object: 'Object Repository/Login Page Object/button login' is clicked on

2023-08-31 13:03:19 - [TEST_STEP][PASSED] - verifyElementPresent(findTestObject("Product/span_Products"), 5): Object 'Object Repository/Product/span_Products' is present

2023-08-31 13:03:20 - [MESSAGE][PASSED] - Object 'Object Repository/Product/span_Products' is present

2023-08-31 13:03:20 - [TEST_STEP][PASSED] - nameProduct = text: null

2023-08-31 13:03:20 - [TEST_STEP][PASSED] - descProduct = text: null

2023-08-31 13:03:21 - [TEST_STEP][PASSED] - priceProduct = text: null

2023-08-31 13:03:21 - [TEST_STEP][PASSED] - item = new java.util.HashMap(): null

2023-08-31 13:03:21 - [TEST_STEP][PASSED] - item.put("nameProduct", nameProduct): null

2023-08-31 13:03:21 - [TEST_STEP][PASSED] - item.put("descProduct", descProduct): null

2023-08-31 13:03:21 - [TEST_STEP][PASSED] - item.put("priceProduct", priceProduct): null

2023-08-31 13:03:21 - [TEST_STEP][PASSED] - return item: null

2023-08-31 13:03:21 - [MESSAGE][PASSED] - Call Test Case 'Test Cases/Login/TC-Login-Success-001' successfully

2023-08-31 13:03:21 - [MESSAGE][PASSED] - Call Test Case 'Test Cases/Product/TC-Product-Show-001' successfully

2023-08-31 13:03:21 - [TEST_STEP][PASSED] - nameProduct = text: null

2023-08-31 13:03:22 - [TEST_STEP][PASSED] - descProduct = text: null

2023-08-31 13:03:22 - [TEST_STEP][PASSED] - priceProduct = text: null

2023-08-31 13:03:23 - [TEST_STEP][PASSED] - dataProduct = new java.util.HashMap(): null

2023-08-31 13:03:23 - [TEST_STEP][PASSED] - dataProduct.put("nameProduct", nameProduct): null

2023-08-31 13:03:23 - [TEST_STEP][PASSED] - dataProduct.put("descProduct", descProduct): null

2023-08-31 13:03:23 - [TEST_STEP][PASSED] - dataProduct.put("priceProduct", priceProduct): null

2023-08-31 13:03:23 - [TEST_STEP][PASSED] - click(findTestObject("Product/button add to cart backpack")): Object: 'Object Repository/Product/button add to cart backpack' is clicked on

2023-08-31 13:03:23 - [MESSAGE][PASSED] - Object: 'Object Repository/Product/button add to cart backpack' is clicked on

2023-08-31 13:03:23 - [TEST_STEP][PASSED] - verifyElementPresent(findTestObject("selector for verify/button remove item pos 1"), 5): Object 'Object Repository/selector for verify/button remove item pos 1' is present

2023-08-31 13:03:24 - [MESSAGE][PASSED] - Object 'Object Repository/selector for verify/button remove item pos 1' is present

2023-08-31 13:03:24 - [TEST_STEP][PASSED] - verifyElementPresent(findTestObject("selector for verify/verify jumlah item 1 (cart)"), 5): Object 'Object Repository/selector for verify/verify jumlah item 1 (cart)' is present

2023-08-31 13:03:24 - [MESSAGE][PASSED] - Object 'Object Repository/selector for verify/verify jumlah item 1 (cart)' is present

2023-08-31 13:03:24 - [TEST_STEP][PASSED] - return dataProduct: null

2023-08-31 13:03:24 - [MESSAGE][PASSED] - Call Test Case 'Test Cases/Product/TC-Product-AddCart-001' successfully

2023-08-31 13:03:24 - [TEST_STEP][PASSED] - nameProduct = text: null

2023-08-31 13:03:25 - [TEST_STEP][PASSED] - descProduct = text: null

2023-08-31 13:03:25 - [TEST_STEP][PASSED] - priceProduct = text: null

2023-08-31 13:03:26 - [TEST_STEP][PASSED] - nameProductList = new java.util.ArrayList(): null

2023-08-31 13:03:26 - [TEST_STEP][PASSED] - descProductList = new java.util.ArrayList(): null

2023-08-31 13:03:26 - [TEST_STEP][PASSED] - priceProductList = new java.util.ArrayList(): null

2023-08-31 13:03:26 - [TEST_STEP][PASSED] - nameProductList.add(itemProduct.get("nameProduct")): null

2023-08-31 13:03:26 - [TEST_STEP][PASSED] - nameProductList.add(nameProduct): null

2023-08-31 13:03:26 - [TEST_STEP][PASSED] - descProductList.add(itemProduct.get("descProduct")): null

2023-08-31 13:03:26 - [TEST_STEP][PASSED] - descProductList.add(descProduct): null

2023-08-31 13:03:26 - [TEST_STEP][PASSED] - priceProductList.add(itemProduct.get("priceProduct")): null

2023-08-31 13:03:26 - [TEST_STEP][PASSED] - priceProductList.add(priceProduct): null

2023-08-31 13:03:26 - [TEST_STEP][PASSED] - itemProduct.put("listNameProduct", nameProductList): null

2023-08-31 13:03:26 - [TEST_STEP][PASSED] - itemProduct.put("listDescProduct", descProductList): null

2023-08-31 13:03:26 - [TEST_STEP][PASSED] - itemProduct.put("listPriceProduct", priceProductList): null

2023-08-31 13:03:26 - [TEST_STEP][PASSED] - click(findTestObject("Product/button add to cart pos 2")): Object: 'Object Repository/Product/button add to cart pos 2' is clicked on

2023-08-31 13:03:26 - [MESSAGE][PASSED] - Object: 'Object Repository/Product/button add to cart pos 2' is clicked on

2023-08-31 13:03:26 - [TEST_STEP][PASSED] - verifyElementPresent(findTestObject("selector for verify/button remove item pos 2"), 5): Object 'Object Repository/selector for verify/button remove item pos 2' is present

2023-08-31 13:03:27 - [MESSAGE][PASSED] - Object 'Object Repository/selector for verify/button remove item pos 2' is present

2023-08-31 13:03:27 - [TEST_STEP][PASSED] - verifyElementPresent(findTestObject("selector for verify/verify jumlah item 2 (cart)"), 5): Object 'Object Repository/selector for verify/verify jumlah item 2 (cart)' is present

2023-08-31 13:03:27 - [MESSAGE][PASSED] - Object 'Object Repository/selector for verify/verify jumlah item 2 (cart)' is present

2023-08-31 13:03:27 - [TEST_STEP][PASSED] - return itemProduct: null

2023-08-31 13:03:27 - [MESSAGE][PASSED] - Call Test Case 'Test Cases/Product/TC-Product-AddCart-002' successfully

2023-08-31 13:03:27 - [TEST_STEP][PASSED] - click(findTestObject("Checkout/cart icon")): Object: 'Object Repository/Checkout/cart icon' is clicked on

2023-08-31 13:03:28 - [MESSAGE][PASSED] - Object: 'Object Repository/Checkout/cart icon' is clicked on

2023-08-31 13:03:28 - [TEST_STEP][PASSED] - verifyElementPresent(findTestObject("Checkout/span_Your Cart"), 5): Object 'Object Repository/Checkout/span_Your Cart' is present

2023-08-31 13:03:28 - [MESSAGE][PASSED] - Object 'Object Repository/Checkout/span_Your Cart' is present

2023-08-31 13:03:28 - [TEST_STEP][PASSED] - nameCart = findWebElements(findTestObject("Object Repository/selector for verify/cart item pos 1 name"), 5): null

2023-08-31 13:03:29 - [TEST_STEP][PASSED] - descCart = findWebElements(findTestObject("Object Repository/selector for verify/cart item pos 1 desc"), 5): null

2023-08-31 13:03:29 - [TEST_STEP][PASSED] - priceCart = findWebElements(findTestObject("Object Repository/selector for verify/cart item pos 1 price"), 5): null

2023-08-31 13:03:30 - [TEST_STEP][PASSED] - nameProduct = new java.util.ArrayList(): null

2023-08-31 13:03:30 - [TEST_STEP][PASSED] - descProduct = new java.util.ArrayList(): null

2023-08-31 13:03:30 - [TEST_STEP][PASSED] - priceProduct = new java.util.ArrayList(): null

2023-08-31 13:03:30 - [TEST_STEP][PASSED] - for ([i = 0, i < nameCart.size(), (i++)]): null

2023-08-31 13:03:30 - [TEST_STEP][PASSED] - tempNameCart = text: null

2023-08-31 13:03:30 - [TEST_STEP][PASSED] - tempDescCart = text: null

2023-08-31 13:03:30 - [TEST_STEP][PASSED] - tempPriceCart = text: null

2023-08-31 13:03:30 - [TEST_STEP][PASSED] - nameProduct.add(tempNameCart): null

2023-08-31 13:03:30 - [TEST_STEP][PASSED] - descProduct.add(tempDescCart): null

2023-08-31 13:03:30 - [TEST_STEP][PASSED] - priceProduct.add(tempPriceCart): null

2023-08-31 13:03:30 - [TEST_STEP][PASSED] - tempNameCart = text: null

2023-08-31 13:03:30 - [TEST_STEP][PASSED] - tempDescCart = text: null

2023-08-31 13:03:30 - [TEST_STEP][PASSED] - tempPriceCart = text: null

2023-08-31 13:03:30 - [TEST_STEP][PASSED] - nameProduct.add(tempNameCart): null

2023-08-31 13:03:30 - [TEST_STEP][PASSED] - descProduct.add(tempDescCart): null

2023-08-31 13:03:30 - [TEST_STEP][PASSED] - priceProduct.add(tempPriceCart): null

2023-08-31 13:03:30 - [TEST_STEP][PASSED] - println(itemProduct.get("listNameProduct")): null

2023-08-31 13:03:30 - [TEST_STEP][PASSED] - println(nameProduct): null

2023-08-31 13:03:30 - [TEST_STEP][PASSED] - assert itemProduct.get("listNameProduct") == nameProduct: null

2023-08-31 13:03:30 - [TEST_STEP][PASSED] - assert itemProduct.get("listDescProduct") == descProduct: null

2023-08-31 13:03:30 - [TEST_STEP][PASSED] - assert itemProduct.get("listPriceProduct") == priceProduct: null

2023-08-31 13:03:30 - [TEST_STEP][PASSED] - return itemProduct: null

2023-08-31 13:03:30 - [MESSAGE][PASSED] - Call Test Case 'Test Cases/Keranjang/TC-Cart-Show-003' successfully

2023-08-31 13:03:30 - [TEST_STEP][PASSED] - click(findTestObject("Checkout/button_Checkout")): Object: 'Object Repository/Checkout/button_Checkout' is clicked on

2023-08-31 13:03:30 - [MESSAGE][PASSED] - Object: 'Object Repository/Checkout/button_Checkout' is clicked on

2023-08-31 13:03:30 - [TEST_STEP][PASSED] - verifyElementPresent(findTestObject("Checkout/span_Checkout Your Information"), 5): Object 'Object Repository/Checkout/span_Checkout Your Information' is present

2023-08-31 13:03:31 - [MESSAGE][PASSED] - Object 'Object Repository/Checkout/span_Checkout Your Information' is present

2023-08-31 13:03:31 - [TEST_STEP][PASSED] - setText(findTestObject("Checkout/input_Checkout Your Information_firstName"), firstName): Text 'Joko' is set on object 'Object Repository/Checkout/input_Checkout Your Information_firstName'

2023-08-31 13:03:32 - [MESSAGE][PASSED] - Text 'Joko' is set on object 'Object Repository/Checkout/input_Checkout Your Information_firstName'

2023-08-31 13:03:32 - [TEST_STEP][PASSED] - setText(findTestObject("Checkout/input_Checkout Your Information_lastName"), lastName): Text 'Widodo' is set on object 'Object Repository/Checkout/input_Checkout Your Information_lastName'

2023-08-31 13:03:33 - [MESSAGE][PASSED] - Text 'Widodo' is set on object 'Object Repository/Checkout/input_Checkout Your Information_lastName'

2023-08-31 13:03:33 - [TEST_STEP][PASSED] - setText(findTestObject("Checkout/input_Checkout Your Information_postalCode"), postalCode): Text '12345' is set on object 'Object Repository/Checkout/input_Checkout Your Information_postalCode'

2023-08-31 13:03:34 - [MESSAGE][PASSED] - Text '12345' is set on object 'Object Repository/Checkout/input_Checkout Your Information_postalCode'

2023-08-31 13:03:34 - [TEST_STEP][PASSED] - click(findTestObject("Checkout/input_Cancel_continue")): Object: 'Object Repository/Checkout/input_Cancel_continue' is clicked on

2023-08-31 13:03:34 - [MESSAGE][PASSED] - Object: 'Object Repository/Checkout/input_Cancel_continue' is clicked on

2023-08-31 13:03:34 - [TEST_STEP][PASSED] - verifyElementPresent(findTestObject("Checkout/span_Checkout Overview"), 5): Object 'Object Repository/Checkout/span_Checkout Overview' is present

2023-08-31 13:03:35 - [MESSAGE][PASSED] - Object 'Object Repository/Checkout/span_Checkout Overview' is present

2023-08-31 13:03:35 - [TEST_STEP][PASSED] - cartName = findWebElements(findTestObject("Object Repository/Checkout/overview item pos 1 name"), 5): null

2023-08-31 13:03:35 - [TEST_STEP][PASSED] - cartDesc = findWebElements(findTestObject("Object Repository/Checkout/overview item pos 1 desc"), 5): null

2023-08-31 13:03:36 - [TEST_STEP][PASSED] - cartPrice = findWebElements(findTestObject("Object Repository/Checkout/overview item pos 1 price"), 5): null

2023-08-31 13:03:36 - [TEST_STEP][PASSED] - overviewItemTotal = text: null

2023-08-31 13:03:36 - [TEST_STEP][PASSED] - overviewTax = text: null

2023-08-31 13:03:37 - [TEST_STEP][PASSED] - overviewTotal = text: null

2023-08-31 13:03:37 - [TEST_STEP][PASSED] - arrOverviewItemTotal = overviewItemTotal.split("\$"): null

2023-08-31 13:03:37 - [TEST_STEP][PASSED] - arrOverviewTax = overviewTax.split("\$"): null

2023-08-31 13:03:37 - [TEST_STEP][PASSED] - arrOverviewTotal = overviewTotal.split("\$"): null

2023-08-31 13:03:37 - [TEST_STEP][PASSED] - productName = new java.util.ArrayList(): null

2023-08-31 13:03:37 - [TEST_STEP][PASSED] - productDesc = new java.util.ArrayList(): null

2023-08-31 13:03:37 - [TEST_STEP][PASSED] - productPrice = new java.util.ArrayList(): null

2023-08-31 13:03:37 - [TEST_STEP][PASSED] - totalHargaBarang = 0: null

2023-08-31 13:03:37 - [TEST_STEP][PASSED] - for ([i = 0, i < cartName.size(), (i++)]): null

2023-08-31 13:03:37 - [TEST_STEP][PASSED] - tempProductName = text: null

2023-08-31 13:03:37 - [TEST_STEP][PASSED] - tempProductDesc = text: null

2023-08-31 13:03:37 - [TEST_STEP][PASSED] - tempProductPrice = text: null

2023-08-31 13:03:37 - [TEST_STEP][PASSED] - productName.add(tempProductName): null

2023-08-31 13:03:37 - [TEST_STEP][PASSED] - productDesc.add(tempProductDesc): null

2023-08-31 13:03:37 - [TEST_STEP][PASSED] - productPrice.add(tempProductPrice): null

2023-08-31 13:03:37 - [TEST_STEP][PASSED] - totalHargaBarang += Double.parseDouble(text.replace("$", "")): null

2023-08-31 13:03:37 - [TEST_STEP][PASSED] - tempProductName = text: null

2023-08-31 13:03:37 - [TEST_STEP][PASSED] - tempProductDesc = text: null

2023-08-31 13:03:37 - [TEST_STEP][PASSED] - tempProductPrice = text: null

2023-08-31 13:03:37 - [TEST_STEP][PASSED] - productName.add(tempProductName): null

2023-08-31 13:03:37 - [TEST_STEP][PASSED] - productDesc.add(tempProductDesc): null

2023-08-31 13:03:37 - [TEST_STEP][PASSED] - productPrice.add(tempProductPrice): null

2023-08-31 13:03:37 - [TEST_STEP][PASSED] - totalHargaBarang += Double.parseDouble(text.replace("$", "")): null

2023-08-31 13:03:37 - [TEST_STEP][PASSED] - tax = Math.round(totalHargaBarang * 0.08 * 100) / 100: null

2023-08-31 13:03:37 - [TEST_STEP][PASSED] - totals = Math.round(totalHargaBarang + tax * 100) / 100: null

2023-08-31 13:03:37 - [TEST_STEP][PASSED] - assert cartItems.get("listNameProduct") == productName: null

2023-08-31 13:03:37 - [TEST_STEP][PASSED] - assert cartItems.get("listDescProduct") == productDesc: null

2023-08-31 13:03:37 - [TEST_STEP][PASSED] - assert cartItems.get("listPriceProduct") == productPrice: null

2023-08-31 13:03:37 - [TEST_STEP][PASSED] - assert Double.parseDouble(arrOverviewItemTotal[1]) == totalHargaBarang: null

2023-08-31 13:03:37 - [TEST_STEP][PASSED] - assert Double.parseDouble(arrOverviewTax[1]) == tax: null

2023-08-31 13:03:37 - [TEST_STEP][PASSED] - assert Double.parseDouble(arrOverviewTotal[1]) == totals: null

2023-08-31 13:03:37 - [TEST_STEP][PASSED] - click(findTestObject("Checkout/button_Finish")): Object: 'Object Repository/Checkout/button_Finish' is clicked on

2023-08-31 13:03:38 - [MESSAGE][PASSED] - Object: 'Object Repository/Checkout/button_Finish' is clicked on

2023-08-31 13:03:38 - [TEST_STEP][PASSED] - verifyElementPresent(findTestObject("Object Repository/Checkout/span_Checkout Complete"), 5): Object 'Object Repository/Checkout/span_Checkout Complete' is present

2023-08-31 13:03:39 - [MESSAGE][PASSED] - Object 'Object Repository/Checkout/span_Checkout Complete' is present

2023-08-31 13:03:39 - [TEST_STEP][PASSED] - verifyElementPresent(findTestObject("Object Repository/Checkout/present thankyou for your order"), 5): Object 'Object Repository/Checkout/present thankyou for your order' is present

2023-08-31 13:03:39 - [MESSAGE][PASSED] - Object 'Object Repository/Checkout/present thankyou for your order' is present]]></system-out>
         <system-err><![CDATA[]]></system-err>
      </testcase>
      <testcase name="Test Cases/Checkout/TC-Checkout-Nav-001" time="25.472" classname="Test Cases/Checkout/TC-Checkout-Nav-001" status="PASSED">
         <system-out><![CDATA[2023-08-31 13:03:39 - [TEST_CASE][PASSED] - Test Cases/Checkout/TC-Checkout-Nav-001: Test Cases/Checkout/TC-Checkout-Nav-001

2023-08-31 13:03:40 - [TEST_STEP][PASSED] - callTestCase(findTestCase("Keranjang/TC-Cart-Show-002"), [:], STOP_ON_FAILURE): Call Test Case 'Test Cases/Keranjang/TC-Cart-Show-002' successfully

2023-08-31 13:03:40 - [TEST_CASE][PASSED] - Test Cases/Keranjang/TC-Cart-Show-002: Test Cases/Keranjang/TC-Cart-Show-002

2023-08-31 13:03:40 - [TEST_STEP][PASSED] - productPage = callTestCase(findTestCase("Product/TC-Product-AddCart-001"), [:], STOP_ON_FAILURE): Call Test Case 'Test Cases/Product/TC-Product-AddCart-001' successfully

2023-08-31 13:03:40 - [TEST_CASE][PASSED] - Test Cases/Product/TC-Product-AddCart-001: Test Cases/Product/TC-Product-AddCart-001

2023-08-31 13:03:40 - [TEST_STEP][PASSED] - callTestCase(findTestCase("Product/TC-Product-Show-001"), [:], STOP_ON_FAILURE): Call Test Case 'Test Cases/Product/TC-Product-Show-001' successfully

2023-08-31 13:03:40 - [TEST_CASE][PASSED] - Test Cases/Product/TC-Product-Show-001: Test Cases/Product/TC-Product-Show-001

2023-08-31 13:03:40 - [TEST_STEP][PASSED] - callTestCase(findTestCase("Login/TC-Login-Success-001"), ["username":"standard_user", "password":"qcu24s4901FyWDTwXGr6XA=="], STOP_ON_FAILURE): Call Test Case 'Test Cases/Login/TC-Login-Success-001' successfully

2023-08-31 13:03:40 - [TEST_CASE][PASSED] - Test Cases/Login/TC-Login-Success-001: Test Cases/Login/TC-Login-Success-001

2023-08-31 13:03:40 - [TEST_STEP][PASSED] - openBrowser(webSauceDemo): Browser is opened with url: 'https://www.saucedemo.com/'

2023-08-31 13:03:40 - [MESSAGE][WARNING] - A browser is already opened. Closing browser and opening a new one

2023-08-31 13:03:41 - [MESSAGE][INFO] - Starting 'Edge Chromium' driver

2023-08-31 13:03:44 - [MESSAGE][INFO] - Action delay is set to 0 milliseconds

2023-08-31 13:03:47 - [MESSAGE][PASSED] - Browser is opened with url: 'https://www.saucedemo.com/'

2023-08-31 13:03:47 - [TEST_STEP][PASSED] - verifyElementPresent(findTestObject("Login Page Object/Swag Labs Text (tanda masuk home)"), 5): Object 'Object Repository/Login Page Object/Swag Labs Text (tanda masuk home)' is present

2023-08-31 13:03:48 - [MESSAGE][PASSED] - Object 'Object Repository/Login Page Object/Swag Labs Text (tanda masuk home)' is present

2023-08-31 13:03:48 - [TEST_STEP][PASSED] - setText(findTestObject("Login Page Object/username login"), username): Text 'standard_user' is set on object 'Object Repository/Login Page Object/username login'

2023-08-31 13:03:49 - [MESSAGE][PASSED] - Text 'standard_user' is set on object 'Object Repository/Login Page Object/username login'

2023-08-31 13:03:49 - [TEST_STEP][PASSED] - setEncryptedText(findTestObject("Login Page Object/password login"), password): Text ****** has been set on object 'Object Repository/Login Page Object/password login'

2023-08-31 13:03:50 - [MESSAGE][PASSED] - Text ****** has been set on object 'Object Repository/Login Page Object/password login'

2023-08-31 13:03:50 - [TEST_STEP][PASSED] - click(findTestObject("Login Page Object/button login")): Object: 'Object Repository/Login Page Object/button login' is clicked on

2023-08-31 13:03:51 - [MESSAGE][PASSED] - Object: 'Object Repository/Login Page Object/button login' is clicked on

2023-08-31 13:03:51 - [TEST_STEP][PASSED] - verifyElementPresent(findTestObject("Product/span_Products"), 5): Object 'Object Repository/Product/span_Products' is present

2023-08-31 13:03:52 - [MESSAGE][PASSED] - Object 'Object Repository/Product/span_Products' is present

2023-08-31 13:03:52 - [TEST_STEP][PASSED] - nameProduct = text: null

2023-08-31 13:03:52 - [TEST_STEP][PASSED] - descProduct = text: null

2023-08-31 13:03:53 - [TEST_STEP][PASSED] - priceProduct = text: null

2023-08-31 13:03:53 - [TEST_STEP][PASSED] - item = new java.util.HashMap(): null

2023-08-31 13:03:53 - [TEST_STEP][PASSED] - item.put("nameProduct", nameProduct): null

2023-08-31 13:03:53 - [TEST_STEP][PASSED] - item.put("descProduct", descProduct): null

2023-08-31 13:03:53 - [TEST_STEP][PASSED] - item.put("priceProduct", priceProduct): null

2023-08-31 13:03:53 - [TEST_STEP][PASSED] - return item: null

2023-08-31 13:03:53 - [MESSAGE][PASSED] - Call Test Case 'Test Cases/Login/TC-Login-Success-001' successfully

2023-08-31 13:03:53 - [MESSAGE][PASSED] - Call Test Case 'Test Cases/Product/TC-Product-Show-001' successfully

2023-08-31 13:03:53 - [TEST_STEP][PASSED] - nameProduct = text: null

2023-08-31 13:03:54 - [TEST_STEP][PASSED] - descProduct = text: null

2023-08-31 13:03:54 - [TEST_STEP][PASSED] - priceProduct = text: null

2023-08-31 13:03:55 - [TEST_STEP][PASSED] - dataProduct = new java.util.HashMap(): null

2023-08-31 13:03:55 - [TEST_STEP][PASSED] - dataProduct.put("nameProduct", nameProduct): null

2023-08-31 13:03:55 - [TEST_STEP][PASSED] - dataProduct.put("descProduct", descProduct): null

2023-08-31 13:03:55 - [TEST_STEP][PASSED] - dataProduct.put("priceProduct", priceProduct): null

2023-08-31 13:03:55 - [TEST_STEP][PASSED] - click(findTestObject("Product/button add to cart backpack")): Object: 'Object Repository/Product/button add to cart backpack' is clicked on

2023-08-31 13:03:55 - [MESSAGE][PASSED] - Object: 'Object Repository/Product/button add to cart backpack' is clicked on

2023-08-31 13:03:55 - [TEST_STEP][PASSED] - verifyElementPresent(findTestObject("selector for verify/button remove item pos 1"), 5): Object 'Object Repository/selector for verify/button remove item pos 1' is present

2023-08-31 13:03:56 - [MESSAGE][PASSED] - Object 'Object Repository/selector for verify/button remove item pos 1' is present

2023-08-31 13:03:56 - [TEST_STEP][PASSED] - verifyElementPresent(findTestObject("selector for verify/verify jumlah item 1 (cart)"), 5): Object 'Object Repository/selector for verify/verify jumlah item 1 (cart)' is present

2023-08-31 13:03:56 - [MESSAGE][PASSED] - Object 'Object Repository/selector for verify/verify jumlah item 1 (cart)' is present

2023-08-31 13:03:56 - [TEST_STEP][PASSED] - return dataProduct: null

2023-08-31 13:03:56 - [MESSAGE][PASSED] - Call Test Case 'Test Cases/Product/TC-Product-AddCart-001' successfully

2023-08-31 13:03:56 - [TEST_STEP][PASSED] - click(findTestObject("Checkout/cart icon")): Object: 'Object Repository/Checkout/cart icon' is clicked on

2023-08-31 13:03:57 - [MESSAGE][PASSED] - Object: 'Object Repository/Checkout/cart icon' is clicked on

2023-08-31 13:03:57 - [TEST_STEP][PASSED] - verifyElementPresent(findTestObject("Checkout/span_Your Cart"), 5): Object 'Object Repository/Checkout/span_Your Cart' is present

2023-08-31 13:03:57 - [MESSAGE][PASSED] - Object 'Object Repository/Checkout/span_Your Cart' is present

2023-08-31 13:03:57 - [TEST_STEP][PASSED] - nameCart = text: null

2023-08-31 13:03:58 - [TEST_STEP][PASSED] - descCart = text: null

2023-08-31 13:03:58 - [TEST_STEP][PASSED] - priceCart = text: null

2023-08-31 13:03:58 - [TEST_STEP][PASSED] - productPage.put("nameCart", nameCart): null

2023-08-31 13:03:58 - [TEST_STEP][PASSED] - productPage.put("descCart", descCart): null

2023-08-31 13:03:58 - [TEST_STEP][PASSED] - productPage.put("priceCart", priceCart): null

2023-08-31 13:03:58 - [TEST_STEP][PASSED] - assert productPage.get("nameProduct") == nameCart: null

2023-08-31 13:03:58 - [TEST_STEP][PASSED] - assert productPage.get("priceProduct") == priceCart: null

2023-08-31 13:03:58 - [TEST_STEP][PASSED] - assert productPage.get("descProduct") == descCart: null

2023-08-31 13:03:58 - [TEST_STEP][PASSED] - return productPage: null

2023-08-31 13:03:58 - [MESSAGE][PASSED] - Call Test Case 'Test Cases/Keranjang/TC-Cart-Show-002' successfully

2023-08-31 13:03:58 - [TEST_STEP][PASSED] - click(findTestObject("Checkout/button_Checkout")): Object: 'Object Repository/Checkout/button_Checkout' is clicked on

2023-08-31 13:03:59 - [MESSAGE][PASSED] - Object: 'Object Repository/Checkout/button_Checkout' is clicked on

2023-08-31 13:03:59 - [TEST_STEP][PASSED] - verifyElementPresent(findTestObject("Checkout/span_Checkout Your Information"), 5): Object 'Object Repository/Checkout/span_Checkout Your Information' is present

2023-08-31 13:03:59 - [MESSAGE][PASSED] - Object 'Object Repository/Checkout/span_Checkout Your Information' is present

2023-08-31 13:03:59 - [TEST_STEP][PASSED] - setText(findTestObject("Checkout/input_Checkout Your Information_firstName"), firstName): Text 'rida' is set on object 'Object Repository/Checkout/input_Checkout Your Information_firstName'

2023-08-31 13:04:00 - [MESSAGE][PASSED] - Text 'rida' is set on object 'Object Repository/Checkout/input_Checkout Your Information_firstName'

2023-08-31 13:04:00 - [TEST_STEP][PASSED] - setText(findTestObject("Checkout/input_Checkout Your Information_lastName"), lastName): Text 'aridaini' is set on object 'Object Repository/Checkout/input_Checkout Your Information_lastName'

2023-08-31 13:04:01 - [MESSAGE][PASSED] - Text 'aridaini' is set on object 'Object Repository/Checkout/input_Checkout Your Information_lastName'

2023-08-31 13:04:01 - [TEST_STEP][PASSED] - setText(findTestObject("Checkout/input_Checkout Your Information_postalCode"), postalCode): Text '1018' is set on object 'Object Repository/Checkout/input_Checkout Your Information_postalCode'

2023-08-31 13:04:02 - [MESSAGE][PASSED] - Text '1018' is set on object 'Object Repository/Checkout/input_Checkout Your Information_postalCode'

2023-08-31 13:04:02 - [TEST_STEP][PASSED] - click(findTestObject("Checkout/input_Cancel_continue")): Object: 'Object Repository/Checkout/input_Cancel_continue' is clicked on

2023-08-31 13:04:03 - [MESSAGE][PASSED] - Object: 'Object Repository/Checkout/input_Cancel_continue' is clicked on

2023-08-31 13:04:03 - [TEST_STEP][PASSED] - verifyElementPresent(findTestObject("Checkout/span_Checkout Overview"), 5): Object 'Object Repository/Checkout/span_Checkout Overview' is present

2023-08-31 13:04:03 - [MESSAGE][PASSED] - Object 'Object Repository/Checkout/span_Checkout Overview' is present

2023-08-31 13:04:03 - [TEST_STEP][PASSED] - click(findTestObject("Checkout/button_Cancel")): Object: 'Object Repository/Checkout/button_Cancel' is clicked on

2023-08-31 13:04:04 - [MESSAGE][PASSED] - Object: 'Object Repository/Checkout/button_Cancel' is clicked on

2023-08-31 13:04:04 - [TEST_STEP][PASSED] - verifyElementPresent(findTestObject("Product/span_Products"), 5): Object 'Object Repository/Product/span_Products' is present

2023-08-31 13:04:04 - [MESSAGE][PASSED] - Object 'Object Repository/Product/span_Products' is present]]></system-out>
         <system-err><![CDATA[]]></system-err>
      </testcase>
      <testcase name="Test Cases/Checkout/TC-Checkout-Error-001" time="23.794" classname="Test Cases/Checkout/TC-Checkout-Error-001" status="PASSED">
         <system-out><![CDATA[2023-08-31 13:04:05 - [TEST_CASE][PASSED] - Test Cases/Checkout/TC-Checkout-Error-001: Test Cases/Checkout/TC-Checkout-Error-001

2023-08-31 13:04:05 - [TEST_STEP][PASSED] - callTestCase(findTestCase("Keranjang/TC-Cart-Show-002"), [:], STOP_ON_FAILURE): Call Test Case 'Test Cases/Keranjang/TC-Cart-Show-002' successfully

2023-08-31 13:04:05 - [TEST_CASE][PASSED] - Test Cases/Keranjang/TC-Cart-Show-002: Test Cases/Keranjang/TC-Cart-Show-002

2023-08-31 13:04:05 - [TEST_STEP][PASSED] - productPage = callTestCase(findTestCase("Product/TC-Product-AddCart-001"), [:], STOP_ON_FAILURE): Call Test Case 'Test Cases/Product/TC-Product-AddCart-001' successfully

2023-08-31 13:04:05 - [TEST_CASE][PASSED] - Test Cases/Product/TC-Product-AddCart-001: Test Cases/Product/TC-Product-AddCart-001

2023-08-31 13:04:05 - [TEST_STEP][PASSED] - callTestCase(findTestCase("Product/TC-Product-Show-001"), [:], STOP_ON_FAILURE): Call Test Case 'Test Cases/Product/TC-Product-Show-001' successfully

2023-08-31 13:04:06 - [TEST_CASE][PASSED] - Test Cases/Product/TC-Product-Show-001: Test Cases/Product/TC-Product-Show-001

2023-08-31 13:04:06 - [TEST_STEP][PASSED] - callTestCase(findTestCase("Login/TC-Login-Success-001"), ["username":"standard_user", "password":"qcu24s4901FyWDTwXGr6XA=="], STOP_ON_FAILURE): Call Test Case 'Test Cases/Login/TC-Login-Success-001' successfully

2023-08-31 13:04:06 - [TEST_CASE][PASSED] - Test Cases/Login/TC-Login-Success-001: Test Cases/Login/TC-Login-Success-001

2023-08-31 13:04:06 - [TEST_STEP][PASSED] - openBrowser(webSauceDemo): Browser is opened with url: 'https://www.saucedemo.com/'

2023-08-31 13:04:06 - [MESSAGE][WARNING] - A browser is already opened. Closing browser and opening a new one

2023-08-31 13:04:07 - [MESSAGE][INFO] - Starting 'Edge Chromium' driver

2023-08-31 13:04:09 - [MESSAGE][INFO] - Action delay is set to 0 milliseconds

2023-08-31 13:04:13 - [MESSAGE][PASSED] - Browser is opened with url: 'https://www.saucedemo.com/'

2023-08-31 13:04:13 - [TEST_STEP][PASSED] - verifyElementPresent(findTestObject("Login Page Object/Swag Labs Text (tanda masuk home)"), 5): Object 'Object Repository/Login Page Object/Swag Labs Text (tanda masuk home)' is present

2023-08-31 13:04:13 - [MESSAGE][PASSED] - Object 'Object Repository/Login Page Object/Swag Labs Text (tanda masuk home)' is present

2023-08-31 13:04:13 - [TEST_STEP][PASSED] - setText(findTestObject("Login Page Object/username login"), username): Text 'standard_user' is set on object 'Object Repository/Login Page Object/username login'

2023-08-31 13:04:14 - [MESSAGE][PASSED] - Text 'standard_user' is set on object 'Object Repository/Login Page Object/username login'

2023-08-31 13:04:14 - [TEST_STEP][PASSED] - setEncryptedText(findTestObject("Login Page Object/password login"), password): Text ****** has been set on object 'Object Repository/Login Page Object/password login'

2023-08-31 13:04:15 - [MESSAGE][PASSED] - Text ****** has been set on object 'Object Repository/Login Page Object/password login'

2023-08-31 13:04:15 - [TEST_STEP][PASSED] - click(findTestObject("Login Page Object/button login")): Object: 'Object Repository/Login Page Object/button login' is clicked on

2023-08-31 13:04:17 - [MESSAGE][PASSED] - Object: 'Object Repository/Login Page Object/button login' is clicked on

2023-08-31 13:04:17 - [TEST_STEP][PASSED] - verifyElementPresent(findTestObject("Product/span_Products"), 5): Object 'Object Repository/Product/span_Products' is present

2023-08-31 13:04:18 - [MESSAGE][PASSED] - Object 'Object Repository/Product/span_Products' is present

2023-08-31 13:04:18 - [TEST_STEP][PASSED] - nameProduct = text: null

2023-08-31 13:04:18 - [TEST_STEP][PASSED] - descProduct = text: null

2023-08-31 13:04:18 - [TEST_STEP][PASSED] - priceProduct = text: null

2023-08-31 13:04:19 - [TEST_STEP][PASSED] - item = new java.util.HashMap(): null

2023-08-31 13:04:19 - [TEST_STEP][PASSED] - item.put("nameProduct", nameProduct): null

2023-08-31 13:04:19 - [TEST_STEP][PASSED] - item.put("descProduct", descProduct): null

2023-08-31 13:04:19 - [TEST_STEP][PASSED] - item.put("priceProduct", priceProduct): null

2023-08-31 13:04:19 - [TEST_STEP][PASSED] - return item: null

2023-08-31 13:04:19 - [MESSAGE][PASSED] - Call Test Case 'Test Cases/Login/TC-Login-Success-001' successfully

2023-08-31 13:04:19 - [MESSAGE][PASSED] - Call Test Case 'Test Cases/Product/TC-Product-Show-001' successfully

2023-08-31 13:04:19 - [TEST_STEP][PASSED] - nameProduct = text: null

2023-08-31 13:04:19 - [TEST_STEP][PASSED] - descProduct = text: null

2023-08-31 13:04:20 - [TEST_STEP][PASSED] - priceProduct = text: null

2023-08-31 13:04:20 - [TEST_STEP][PASSED] - dataProduct = new java.util.HashMap(): null

2023-08-31 13:04:20 - [TEST_STEP][PASSED] - dataProduct.put("nameProduct", nameProduct): null

2023-08-31 13:04:20 - [TEST_STEP][PASSED] - dataProduct.put("descProduct", descProduct): null

2023-08-31 13:04:20 - [TEST_STEP][PASSED] - dataProduct.put("priceProduct", priceProduct): null

2023-08-31 13:04:20 - [TEST_STEP][PASSED] - click(findTestObject("Product/button add to cart backpack")): Object: 'Object Repository/Product/button add to cart backpack' is clicked on

2023-08-31 13:04:21 - [MESSAGE][PASSED] - Object: 'Object Repository/Product/button add to cart backpack' is clicked on

2023-08-31 13:04:21 - [TEST_STEP][PASSED] - verifyElementPresent(findTestObject("selector for verify/button remove item pos 1"), 5): Object 'Object Repository/selector for verify/button remove item pos 1' is present

2023-08-31 13:04:21 - [MESSAGE][PASSED] - Object 'Object Repository/selector for verify/button remove item pos 1' is present

2023-08-31 13:04:21 - [TEST_STEP][PASSED] - verifyElementPresent(findTestObject("selector for verify/verify jumlah item 1 (cart)"), 5): Object 'Object Repository/selector for verify/verify jumlah item 1 (cart)' is present

2023-08-31 13:04:22 - [MESSAGE][PASSED] - Object 'Object Repository/selector for verify/verify jumlah item 1 (cart)' is present

2023-08-31 13:04:22 - [TEST_STEP][PASSED] - return dataProduct: null

2023-08-31 13:04:22 - [MESSAGE][PASSED] - Call Test Case 'Test Cases/Product/TC-Product-AddCart-001' successfully

2023-08-31 13:04:22 - [TEST_STEP][PASSED] - click(findTestObject("Checkout/cart icon")): Object: 'Object Repository/Checkout/cart icon' is clicked on

2023-08-31 13:04:22 - [MESSAGE][PASSED] - Object: 'Object Repository/Checkout/cart icon' is clicked on

2023-08-31 13:04:22 - [TEST_STEP][PASSED] - verifyElementPresent(findTestObject("Checkout/span_Your Cart"), 5): Object 'Object Repository/Checkout/span_Your Cart' is present

2023-08-31 13:04:23 - [MESSAGE][PASSED] - Object 'Object Repository/Checkout/span_Your Cart' is present

2023-08-31 13:04:23 - [TEST_STEP][PASSED] - nameCart = text: null

2023-08-31 13:04:23 - [TEST_STEP][PASSED] - descCart = text: null

2023-08-31 13:04:24 - [TEST_STEP][PASSED] - priceCart = text: null

2023-08-31 13:04:24 - [TEST_STEP][PASSED] - productPage.put("nameCart", nameCart): null

2023-08-31 13:04:24 - [TEST_STEP][PASSED] - productPage.put("descCart", descCart): null

2023-08-31 13:04:24 - [TEST_STEP][PASSED] - productPage.put("priceCart", priceCart): null

2023-08-31 13:04:24 - [TEST_STEP][PASSED] - assert productPage.get("nameProduct") == nameCart: null

2023-08-31 13:04:24 - [TEST_STEP][PASSED] - assert productPage.get("priceProduct") == priceCart: null

2023-08-31 13:04:24 - [TEST_STEP][PASSED] - assert productPage.get("descProduct") == descCart: null

2023-08-31 13:04:24 - [TEST_STEP][PASSED] - return productPage: null

2023-08-31 13:04:24 - [MESSAGE][PASSED] - Call Test Case 'Test Cases/Keranjang/TC-Cart-Show-002' successfully

2023-08-31 13:04:24 - [TEST_STEP][PASSED] - click(findTestObject("Checkout/button_Checkout")): Object: 'Object Repository/Checkout/button_Checkout' is clicked on

2023-08-31 13:04:25 - [MESSAGE][PASSED] - Object: 'Object Repository/Checkout/button_Checkout' is clicked on

2023-08-31 13:04:25 - [TEST_STEP][PASSED] - verifyElementPresent(findTestObject("Checkout/span_Checkout Your Information"), 5): Object 'Object Repository/Checkout/span_Checkout Your Information' is present

2023-08-31 13:04:25 - [MESSAGE][PASSED] - Object 'Object Repository/Checkout/span_Checkout Your Information' is present

2023-08-31 13:04:25 - [TEST_STEP][PASSED] - setText(findTestObject("Checkout/input_Checkout Your Information_lastName"), lastName): Text 'Alvian' is set on object 'Object Repository/Checkout/input_Checkout Your Information_lastName'

2023-08-31 13:04:26 - [MESSAGE][PASSED] - Text 'Alvian' is set on object 'Object Repository/Checkout/input_Checkout Your Information_lastName'

2023-08-31 13:04:26 - [TEST_STEP][PASSED] - setText(findTestObject("Checkout/input_Checkout Your Information_postalCode"), postalCode): Text '34192' is set on object 'Object Repository/Checkout/input_Checkout Your Information_postalCode'

2023-08-31 13:04:27 - [MESSAGE][PASSED] - Text '34192' is set on object 'Object Repository/Checkout/input_Checkout Your Information_postalCode'

2023-08-31 13:04:27 - [TEST_STEP][PASSED] - click(findTestObject("Checkout/input_Cancel_continue")): Object: 'Object Repository/Checkout/input_Cancel_continue' is clicked on

2023-08-31 13:04:28 - [MESSAGE][PASSED] - Object: 'Object Repository/Checkout/input_Cancel_continue' is clicked on

2023-08-31 13:04:28 - [TEST_STEP][PASSED] - verifyElementPresent(findTestObject("Error message/Overview/Error First Name is required"), 5): Object 'Object Repository/Error message/Overview/Error First Name is required' is present

2023-08-31 13:04:28 - [MESSAGE][PASSED] - Object 'Object Repository/Error message/Overview/Error First Name is required' is present]]></system-out>
         <system-err><![CDATA[]]></system-err>
      </testcase>
      <testcase name="Test Cases/Checkout/TC-Checkout-Error-002" time="22.369" classname="Test Cases/Checkout/TC-Checkout-Error-002" status="PASSED">
         <system-out><![CDATA[2023-08-31 13:04:28 - [TEST_CASE][PASSED] - Test Cases/Checkout/TC-Checkout-Error-002: Test Cases/Checkout/TC-Checkout-Error-002

2023-08-31 13:04:29 - [TEST_STEP][PASSED] - callTestCase(findTestCase("Keranjang/TC-Cart-Show-002"), [:], STOP_ON_FAILURE): Call Test Case 'Test Cases/Keranjang/TC-Cart-Show-002' successfully

2023-08-31 13:04:29 - [TEST_CASE][PASSED] - Test Cases/Keranjang/TC-Cart-Show-002: Test Cases/Keranjang/TC-Cart-Show-002

2023-08-31 13:04:29 - [TEST_STEP][PASSED] - productPage = callTestCase(findTestCase("Product/TC-Product-AddCart-001"), [:], STOP_ON_FAILURE): Call Test Case 'Test Cases/Product/TC-Product-AddCart-001' successfully

2023-08-31 13:04:29 - [TEST_CASE][PASSED] - Test Cases/Product/TC-Product-AddCart-001: Test Cases/Product/TC-Product-AddCart-001

2023-08-31 13:04:29 - [TEST_STEP][PASSED] - callTestCase(findTestCase("Product/TC-Product-Show-001"), [:], STOP_ON_FAILURE): Call Test Case 'Test Cases/Product/TC-Product-Show-001' successfully

2023-08-31 13:04:29 - [TEST_CASE][PASSED] - Test Cases/Product/TC-Product-Show-001: Test Cases/Product/TC-Product-Show-001

2023-08-31 13:04:29 - [TEST_STEP][PASSED] - callTestCase(findTestCase("Login/TC-Login-Success-001"), ["username":"standard_user", "password":"qcu24s4901FyWDTwXGr6XA=="], STOP_ON_FAILURE): Call Test Case 'Test Cases/Login/TC-Login-Success-001' successfully

2023-08-31 13:04:29 - [TEST_CASE][PASSED] - Test Cases/Login/TC-Login-Success-001: Test Cases/Login/TC-Login-Success-001

2023-08-31 13:04:29 - [TEST_STEP][PASSED] - openBrowser(webSauceDemo): Browser is opened with url: 'https://www.saucedemo.com/'

2023-08-31 13:04:29 - [MESSAGE][WARNING] - A browser is already opened. Closing browser and opening a new one

2023-08-31 13:04:30 - [MESSAGE][INFO] - Starting 'Edge Chromium' driver

2023-08-31 13:04:33 - [MESSAGE][INFO] - Action delay is set to 0 milliseconds

2023-08-31 13:04:36 - [MESSAGE][PASSED] - Browser is opened with url: 'https://www.saucedemo.com/'

2023-08-31 13:04:36 - [TEST_STEP][PASSED] - verifyElementPresent(findTestObject("Login Page Object/Swag Labs Text (tanda masuk home)"), 5): Object 'Object Repository/Login Page Object/Swag Labs Text (tanda masuk home)' is present

2023-08-31 13:04:37 - [MESSAGE][PASSED] - Object 'Object Repository/Login Page Object/Swag Labs Text (tanda masuk home)' is present

2023-08-31 13:04:37 - [TEST_STEP][PASSED] - setText(findTestObject("Login Page Object/username login"), username): Text 'standard_user' is set on object 'Object Repository/Login Page Object/username login'

2023-08-31 13:04:38 - [MESSAGE][PASSED] - Text 'standard_user' is set on object 'Object Repository/Login Page Object/username login'

2023-08-31 13:04:38 - [TEST_STEP][PASSED] - setEncryptedText(findTestObject("Login Page Object/password login"), password): Text ****** has been set on object 'Object Repository/Login Page Object/password login'

2023-08-31 13:04:39 - [MESSAGE][PASSED] - Text ****** has been set on object 'Object Repository/Login Page Object/password login'

2023-08-31 13:04:39 - [TEST_STEP][PASSED] - click(findTestObject("Login Page Object/button login")): Object: 'Object Repository/Login Page Object/button login' is clicked on

2023-08-31 13:04:40 - [MESSAGE][PASSED] - Object: 'Object Repository/Login Page Object/button login' is clicked on

2023-08-31 13:04:40 - [TEST_STEP][PASSED] - verifyElementPresent(findTestObject("Product/span_Products"), 5): Object 'Object Repository/Product/span_Products' is present

2023-08-31 13:04:41 - [MESSAGE][PASSED] - Object 'Object Repository/Product/span_Products' is present

2023-08-31 13:04:41 - [TEST_STEP][PASSED] - nameProduct = text: null

2023-08-31 13:04:41 - [TEST_STEP][PASSED] - descProduct = text: null

2023-08-31 13:04:42 - [TEST_STEP][PASSED] - priceProduct = text: null

2023-08-31 13:04:42 - [TEST_STEP][PASSED] - item = new java.util.HashMap(): null

2023-08-31 13:04:42 - [TEST_STEP][PASSED] - item.put("nameProduct", nameProduct): null

2023-08-31 13:04:42 - [TEST_STEP][PASSED] - item.put("descProduct", descProduct): null

2023-08-31 13:04:42 - [TEST_STEP][PASSED] - item.put("priceProduct", priceProduct): null

2023-08-31 13:04:42 - [TEST_STEP][PASSED] - return item: null

2023-08-31 13:04:42 - [MESSAGE][PASSED] - Call Test Case 'Test Cases/Login/TC-Login-Success-001' successfully

2023-08-31 13:04:42 - [MESSAGE][PASSED] - Call Test Case 'Test Cases/Product/TC-Product-Show-001' successfully

2023-08-31 13:04:42 - [TEST_STEP][PASSED] - nameProduct = text: null

2023-08-31 13:04:42 - [TEST_STEP][PASSED] - descProduct = text: null

2023-08-31 13:04:43 - [TEST_STEP][PASSED] - priceProduct = text: null

2023-08-31 13:04:43 - [TEST_STEP][PASSED] - dataProduct = new java.util.HashMap(): null

2023-08-31 13:04:43 - [TEST_STEP][PASSED] - dataProduct.put("nameProduct", nameProduct): null

2023-08-31 13:04:43 - [TEST_STEP][PASSED] - dataProduct.put("descProduct", descProduct): null

2023-08-31 13:04:43 - [TEST_STEP][PASSED] - dataProduct.put("priceProduct", priceProduct): null

2023-08-31 13:04:43 - [TEST_STEP][PASSED] - click(findTestObject("Product/button add to cart backpack")): Object: 'Object Repository/Product/button add to cart backpack' is clicked on

2023-08-31 13:04:44 - [MESSAGE][PASSED] - Object: 'Object Repository/Product/button add to cart backpack' is clicked on

2023-08-31 13:04:44 - [TEST_STEP][PASSED] - verifyElementPresent(findTestObject("selector for verify/button remove item pos 1"), 5): Object 'Object Repository/selector for verify/button remove item pos 1' is present

2023-08-31 13:04:44 - [MESSAGE][PASSED] - Object 'Object Repository/selector for verify/button remove item pos 1' is present

2023-08-31 13:04:44 - [TEST_STEP][PASSED] - verifyElementPresent(findTestObject("selector for verify/verify jumlah item 1 (cart)"), 5): Object 'Object Repository/selector for verify/verify jumlah item 1 (cart)' is present

2023-08-31 13:04:45 - [MESSAGE][PASSED] - Object 'Object Repository/selector for verify/verify jumlah item 1 (cart)' is present

2023-08-31 13:04:45 - [TEST_STEP][PASSED] - return dataProduct: null

2023-08-31 13:04:45 - [MESSAGE][PASSED] - Call Test Case 'Test Cases/Product/TC-Product-AddCart-001' successfully

2023-08-31 13:04:45 - [TEST_STEP][PASSED] - click(findTestObject("Checkout/cart icon")): Object: 'Object Repository/Checkout/cart icon' is clicked on

2023-08-31 13:04:45 - [MESSAGE][PASSED] - Object: 'Object Repository/Checkout/cart icon' is clicked on

2023-08-31 13:04:45 - [TEST_STEP][PASSED] - verifyElementPresent(findTestObject("Checkout/span_Your Cart"), 5): Object 'Object Repository/Checkout/span_Your Cart' is present

2023-08-31 13:04:46 - [MESSAGE][PASSED] - Object 'Object Repository/Checkout/span_Your Cart' is present

2023-08-31 13:04:46 - [TEST_STEP][PASSED] - nameCart = text: null

2023-08-31 13:04:46 - [TEST_STEP][PASSED] - descCart = text: null

2023-08-31 13:04:47 - [TEST_STEP][PASSED] - priceCart = text: null

2023-08-31 13:04:47 - [TEST_STEP][PASSED] - productPage.put("nameCart", nameCart): null

2023-08-31 13:04:47 - [TEST_STEP][PASSED] - productPage.put("descCart", descCart): null

2023-08-31 13:04:47 - [TEST_STEP][PASSED] - productPage.put("priceCart", priceCart): null

2023-08-31 13:04:47 - [TEST_STEP][PASSED] - assert productPage.get("nameProduct") == nameCart: null

2023-08-31 13:04:47 - [TEST_STEP][PASSED] - assert productPage.get("priceProduct") == priceCart: null

2023-08-31 13:04:47 - [TEST_STEP][PASSED] - assert productPage.get("descProduct") == descCart: null

2023-08-31 13:04:47 - [TEST_STEP][PASSED] - return productPage: null

2023-08-31 13:04:47 - [MESSAGE][PASSED] - Call Test Case 'Test Cases/Keranjang/TC-Cart-Show-002' successfully

2023-08-31 13:04:47 - [TEST_STEP][PASSED] - click(findTestObject("Checkout/button_Checkout")): Object: 'Object Repository/Checkout/button_Checkout' is clicked on

2023-08-31 13:04:48 - [MESSAGE][PASSED] - Object: 'Object Repository/Checkout/button_Checkout' is clicked on

2023-08-31 13:04:48 - [TEST_STEP][PASSED] - setText(findTestObject("Checkout/input_Checkout Your Information_firstName"), firstName): Text 'Joko' is set on object 'Object Repository/Checkout/input_Checkout Your Information_firstName'

2023-08-31 13:04:49 - [MESSAGE][PASSED] - Text 'Joko' is set on object 'Object Repository/Checkout/input_Checkout Your Information_firstName'

2023-08-31 13:04:49 - [TEST_STEP][PASSED] - setText(findTestObject("Checkout/input_Checkout Your Information_postalCode"), postalCode): Text '12345' is set on object 'Object Repository/Checkout/input_Checkout Your Information_postalCode'

2023-08-31 13:04:50 - [MESSAGE][PASSED] - Text '12345' is set on object 'Object Repository/Checkout/input_Checkout Your Information_postalCode'

2023-08-31 13:04:50 - [TEST_STEP][PASSED] - click(findTestObject("Checkout/input_Cancel_continue")): Object: 'Object Repository/Checkout/input_Cancel_continue' is clicked on

2023-08-31 13:04:50 - [MESSAGE][PASSED] - Object: 'Object Repository/Checkout/input_Cancel_continue' is clicked on

2023-08-31 13:04:50 - [TEST_STEP][PASSED] - verifyElementPresent(findTestObject("Error message/Overview/Error Last Name is required"), 5): Object 'Object Repository/Error message/Overview/Error Last Name is required' is present

2023-08-31 13:04:51 - [MESSAGE][PASSED] - Object 'Object Repository/Error message/Overview/Error Last Name is required' is present]]></system-out>
         <system-err><![CDATA[]]></system-err>
      </testcase>
      <testcase name="Test Cases/Checkout/TC-Checkout-Error-003" time="23.395" classname="Test Cases/Checkout/TC-Checkout-Error-003" status="PASSED">
         <system-out><![CDATA[2023-08-31 13:04:51 - [TEST_CASE][PASSED] - Test Cases/Checkout/TC-Checkout-Error-003: Test Cases/Checkout/TC-Checkout-Error-003

2023-08-31 13:04:51 - [TEST_STEP][PASSED] - callTestCase(findTestCase("Keranjang/TC-Cart-Show-002"), [:], STOP_ON_FAILURE): Call Test Case 'Test Cases/Keranjang/TC-Cart-Show-002' successfully

2023-08-31 13:04:52 - [TEST_CASE][PASSED] - Test Cases/Keranjang/TC-Cart-Show-002: Test Cases/Keranjang/TC-Cart-Show-002

2023-08-31 13:04:52 - [TEST_STEP][PASSED] - productPage = callTestCase(findTestCase("Product/TC-Product-AddCart-001"), [:], STOP_ON_FAILURE): Call Test Case 'Test Cases/Product/TC-Product-AddCart-001' successfully

2023-08-31 13:04:52 - [TEST_CASE][PASSED] - Test Cases/Product/TC-Product-AddCart-001: Test Cases/Product/TC-Product-AddCart-001

2023-08-31 13:04:52 - [TEST_STEP][PASSED] - callTestCase(findTestCase("Product/TC-Product-Show-001"), [:], STOP_ON_FAILURE): Call Test Case 'Test Cases/Product/TC-Product-Show-001' successfully

2023-08-31 13:04:52 - [TEST_CASE][PASSED] - Test Cases/Product/TC-Product-Show-001: Test Cases/Product/TC-Product-Show-001

2023-08-31 13:04:52 - [TEST_STEP][PASSED] - callTestCase(findTestCase("Login/TC-Login-Success-001"), ["username":"standard_user", "password":"qcu24s4901FyWDTwXGr6XA=="], STOP_ON_FAILURE): Call Test Case 'Test Cases/Login/TC-Login-Success-001' successfully

2023-08-31 13:04:52 - [TEST_CASE][PASSED] - Test Cases/Login/TC-Login-Success-001: Test Cases/Login/TC-Login-Success-001

2023-08-31 13:04:52 - [TEST_STEP][PASSED] - openBrowser(webSauceDemo): Browser is opened with url: 'https://www.saucedemo.com/'

2023-08-31 13:04:52 - [MESSAGE][WARNING] - A browser is already opened. Closing browser and opening a new one

2023-08-31 13:04:53 - [MESSAGE][INFO] - Starting 'Edge Chromium' driver

2023-08-31 13:04:55 - [MESSAGE][INFO] - Action delay is set to 0 milliseconds

2023-08-31 13:04:59 - [MESSAGE][PASSED] - Browser is opened with url: 'https://www.saucedemo.com/'

2023-08-31 13:04:59 - [TEST_STEP][PASSED] - verifyElementPresent(findTestObject("Login Page Object/Swag Labs Text (tanda masuk home)"), 5): Object 'Object Repository/Login Page Object/Swag Labs Text (tanda masuk home)' is present

2023-08-31 13:05:00 - [MESSAGE][PASSED] - Object 'Object Repository/Login Page Object/Swag Labs Text (tanda masuk home)' is present

2023-08-31 13:05:00 - [TEST_STEP][PASSED] - setText(findTestObject("Login Page Object/username login"), username): Text 'standard_user' is set on object 'Object Repository/Login Page Object/username login'

2023-08-31 13:05:01 - [MESSAGE][PASSED] - Text 'standard_user' is set on object 'Object Repository/Login Page Object/username login'

2023-08-31 13:05:01 - [TEST_STEP][PASSED] - setEncryptedText(findTestObject("Login Page Object/password login"), password): Text ****** has been set on object 'Object Repository/Login Page Object/password login'

2023-08-31 13:05:02 - [MESSAGE][PASSED] - Text ****** has been set on object 'Object Repository/Login Page Object/password login'

2023-08-31 13:05:02 - [TEST_STEP][PASSED] - click(findTestObject("Login Page Object/button login")): Object: 'Object Repository/Login Page Object/button login' is clicked on

2023-08-31 13:05:03 - [MESSAGE][PASSED] - Object: 'Object Repository/Login Page Object/button login' is clicked on

2023-08-31 13:05:03 - [TEST_STEP][PASSED] - verifyElementPresent(findTestObject("Product/span_Products"), 5): Object 'Object Repository/Product/span_Products' is present

2023-08-31 13:05:04 - [MESSAGE][PASSED] - Object 'Object Repository/Product/span_Products' is present

2023-08-31 13:05:04 - [TEST_STEP][PASSED] - nameProduct = text: null

2023-08-31 13:05:04 - [TEST_STEP][PASSED] - descProduct = text: null

2023-08-31 13:05:05 - [TEST_STEP][PASSED] - priceProduct = text: null

2023-08-31 13:05:05 - [TEST_STEP][PASSED] - item = new java.util.HashMap(): null

2023-08-31 13:05:05 - [TEST_STEP][PASSED] - item.put("nameProduct", nameProduct): null

2023-08-31 13:05:05 - [TEST_STEP][PASSED] - item.put("descProduct", descProduct): null

2023-08-31 13:05:05 - [TEST_STEP][PASSED] - item.put("priceProduct", priceProduct): null

2023-08-31 13:05:05 - [TEST_STEP][PASSED] - return item: null

2023-08-31 13:05:05 - [MESSAGE][PASSED] - Call Test Case 'Test Cases/Login/TC-Login-Success-001' successfully

2023-08-31 13:05:05 - [MESSAGE][PASSED] - Call Test Case 'Test Cases/Product/TC-Product-Show-001' successfully

2023-08-31 13:05:05 - [TEST_STEP][PASSED] - nameProduct = text: null

2023-08-31 13:05:06 - [TEST_STEP][PASSED] - descProduct = text: null

2023-08-31 13:05:06 - [TEST_STEP][PASSED] - priceProduct = text: null

2023-08-31 13:05:07 - [TEST_STEP][PASSED] - dataProduct = new java.util.HashMap(): null

2023-08-31 13:05:07 - [TEST_STEP][PASSED] - dataProduct.put("nameProduct", nameProduct): null

2023-08-31 13:05:07 - [TEST_STEP][PASSED] - dataProduct.put("descProduct", descProduct): null

2023-08-31 13:05:07 - [TEST_STEP][PASSED] - dataProduct.put("priceProduct", priceProduct): null

2023-08-31 13:05:07 - [TEST_STEP][PASSED] - click(findTestObject("Product/button add to cart backpack")): Object: 'Object Repository/Product/button add to cart backpack' is clicked on

2023-08-31 13:05:07 - [MESSAGE][PASSED] - Object: 'Object Repository/Product/button add to cart backpack' is clicked on

2023-08-31 13:05:07 - [TEST_STEP][PASSED] - verifyElementPresent(findTestObject("selector for verify/button remove item pos 1"), 5): Object 'Object Repository/selector for verify/button remove item pos 1' is present

2023-08-31 13:05:08 - [MESSAGE][PASSED] - Object 'Object Repository/selector for verify/button remove item pos 1' is present

2023-08-31 13:05:08 - [TEST_STEP][PASSED] - verifyElementPresent(findTestObject("selector for verify/verify jumlah item 1 (cart)"), 5): Object 'Object Repository/selector for verify/verify jumlah item 1 (cart)' is present

2023-08-31 13:05:08 - [MESSAGE][PASSED] - Object 'Object Repository/selector for verify/verify jumlah item 1 (cart)' is present

2023-08-31 13:05:08 - [TEST_STEP][PASSED] - return dataProduct: null

2023-08-31 13:05:08 - [MESSAGE][PASSED] - Call Test Case 'Test Cases/Product/TC-Product-AddCart-001' successfully

2023-08-31 13:05:08 - [TEST_STEP][PASSED] - click(findTestObject("Checkout/cart icon")): Object: 'Object Repository/Checkout/cart icon' is clicked on

2023-08-31 13:05:09 - [MESSAGE][PASSED] - Object: 'Object Repository/Checkout/cart icon' is clicked on

2023-08-31 13:05:09 - [TEST_STEP][PASSED] - verifyElementPresent(findTestObject("Checkout/span_Your Cart"), 5): Object 'Object Repository/Checkout/span_Your Cart' is present

2023-08-31 13:05:09 - [MESSAGE][PASSED] - Object 'Object Repository/Checkout/span_Your Cart' is present

2023-08-31 13:05:09 - [TEST_STEP][PASSED] - nameCart = text: null

2023-08-31 13:05:10 - [TEST_STEP][PASSED] - descCart = text: null

2023-08-31 13:05:10 - [TEST_STEP][PASSED] - priceCart = text: null

2023-08-31 13:05:11 - [TEST_STEP][PASSED] - productPage.put("nameCart", nameCart): null

2023-08-31 13:05:11 - [TEST_STEP][PASSED] - productPage.put("descCart", descCart): null

2023-08-31 13:05:11 - [TEST_STEP][PASSED] - productPage.put("priceCart", priceCart): null

2023-08-31 13:05:11 - [TEST_STEP][PASSED] - assert productPage.get("nameProduct") == nameCart: null

2023-08-31 13:05:11 - [TEST_STEP][PASSED] - assert productPage.get("priceProduct") == priceCart: null

2023-08-31 13:05:11 - [TEST_STEP][PASSED] - assert productPage.get("descProduct") == descCart: null

2023-08-31 13:05:11 - [TEST_STEP][PASSED] - return productPage: null

2023-08-31 13:05:11 - [MESSAGE][PASSED] - Call Test Case 'Test Cases/Keranjang/TC-Cart-Show-002' successfully

2023-08-31 13:05:11 - [TEST_STEP][PASSED] - click(findTestObject("Checkout/button_Checkout")): Object: 'Object Repository/Checkout/button_Checkout' is clicked on

2023-08-31 13:05:11 - [MESSAGE][PASSED] - Object: 'Object Repository/Checkout/button_Checkout' is clicked on

2023-08-31 13:05:11 - [TEST_STEP][PASSED] - setText(findTestObject("Checkout/input_Checkout Your Information_firstName"), firstName): Text 'friska' is set on object 'Object Repository/Checkout/input_Checkout Your Information_firstName'

2023-08-31 13:05:12 - [MESSAGE][PASSED] - Text 'friska' is set on object 'Object Repository/Checkout/input_Checkout Your Information_firstName'

2023-08-31 13:05:12 - [TEST_STEP][PASSED] - setText(findTestObject("Checkout/input_Checkout Your Information_lastName"), lastName): Text 'alafanda' is set on object 'Object Repository/Checkout/input_Checkout Your Information_lastName'

2023-08-31 13:05:13 - [MESSAGE][PASSED] - Text 'alafanda' is set on object 'Object Repository/Checkout/input_Checkout Your Information_lastName'

2023-08-31 13:05:13 - [TEST_STEP][PASSED] - click(findTestObject("Checkout/input_Cancel_continue")): Object: 'Object Repository/Checkout/input_Cancel_continue' is clicked on

2023-08-31 13:05:14 - [MESSAGE][PASSED] - Object: 'Object Repository/Checkout/input_Cancel_continue' is clicked on

2023-08-31 13:05:14 - [TEST_STEP][PASSED] - verifyElementPresent(findTestObject("Error message/Overview/Error Postal Code is required"), 5): Object 'Object Repository/Error message/Overview/Error Postal Code is required' is present

2023-08-31 13:05:14 - [MESSAGE][PASSED] - Object 'Object Repository/Error message/Overview/Error Postal Code is required' is present]]></system-out>
         <system-err><![CDATA[]]></system-err>
      </testcase>
      <system-out><![CDATA[2023-08-31 13:02:24 - [TEST_SUITE][PASSED] - Checkout Story Test Suite: Test Cases/Checkout/TC-Checkout-Error-003]]></system-out>
      <system-err><![CDATA[]]></system-err>
   </testsuite>
</testsuites>
