<?xml version="1.0" encoding="UTF-8"?>
<testsuites name="Test Suite Appointment" time="80.686" tests="3" failures="0" errors="0">
   <testsuite name="Test Suite Appointment" tests="3" failures="0" errors="0" time="80.686" skipped="0" timestamp="2023-08-25 10:29:12" hostname="Aslamadin Alvian Haz - DESKTOP-L5FUI4E" id="Test Suites/Test Suite Appointment">
      <properties>
         <property name="deviceName" value=""/>
         <property name="devicePlatform" value=""/>
         <property name="logFolder" value="C:\\Users\\Aslamadin Alvian Haz\\Documents\\Batch 324 QA XSIS Academy\\batch-324-qa\\Alvin\\New folder\\CuraHerokuApp\\Reports\\20230825_102901\\Test Suite Appointment\\20230825_102901"/>
         <property name="logFiles" value="C:\\Users\\Aslamadin Alvian Haz\\Documents\\Batch 324 QA XSIS Academy\\batch-324-qa\\Alvin\\New folder\\CuraHerokuApp\\Reports\\20230825_102901\\Test Suite Appointment\\20230825_102901\\execution0.log"/>
         <property name="attachments" value=""/>
         <property name="hostName" value="Aslamadin Alvian Haz - DESKTOP-L5FUI4E"/>
         <property name="os" value="Windows 10 64bit"/>
         <property name="katalonVersion" value="8.6.5.208"/>
         <property name="browser" value="Edge Chromium 116"/>
         <property name="hostAddress" value="10.9.2.56"/>
         <property name="sessionId" value="378f2cfd7fee06d01c9b4006e94fe4db"/>
         <property name="seleniumVersion" value="3.141.59"/>
         <property name="proxyInformation" value="ProxyInformation { proxyOption=NO_PROXY, proxyServerType=HTTP, username=, password=********, proxyServerAddress=, proxyServerPort=0, executionList=&quot;&quot;, isApplyToDesiredCapabilities=true }"/>
         <property name="platform" value="Windows 10"/>
      </properties>
      <testcase name="Test Cases/Appointment/Test Case 2.1 (dinamis)" time="32.443" classname="Test Cases/Appointment/Test Case 2.1 (dinamis)" status="PASSED">
         <system-out><![CDATA[2023-08-25 10:29:13 - [TEST_CASE][PASSED] - Test Cases/Appointment/Test Case 2.1 (dinamis): Test Cases/Appointment/Test Case 2.1 (dinamis)

2023-08-25 10:29:14 - [TEST_STEP][PASSED] - callTestCase(findTestCase("Login/Test Case 1.1 (Script)"), ["username":username, "password":password], STOP_ON_FAILURE): Call Test Case 'Test Cases/Login/Test Case 1.1 (Script)' successfully

2023-08-25 10:29:14 - [TEST_CASE][PASSED] - Test Cases/Login/Test Case 1.1 (Script): Test Cases/Login/Test Case 1.1 (Script)

2023-08-25 10:29:15 - [TEST_STEP][PASSED] - openBrowser("https://katalon-demo-cura.herokuapp.com/"): Browser is opened with url: 'https://katalon-demo-cura.herokuapp.com/'

2023-08-25 10:29:16 - [MESSAGE][INFO] - Starting 'Edge Chromium' driver

2023-08-25 10:29:19 - [MESSAGE][INFO] - Action delay is set to 0 milliseconds

2023-08-25 10:29:27 - [MESSAGE][PASSED] - Browser is opened with url: 'https://katalon-demo-cura.herokuapp.com/'

2023-08-25 10:29:27 - [TEST_STEP][PASSED] - maximizeWindow(): Current window maximized

2023-08-25 10:29:28 - [MESSAGE][PASSED] - Current window maximized

2023-08-25 10:29:28 - [TEST_STEP][PASSED] - verifyElementPresent(findTestObject("Object Repository/Objek untuk login/title_homepage"), 10): Object 'Object Repository/Objek untuk login/title_homepage' is present

2023-08-25 10:29:28 - [MESSAGE][PASSED] - Object 'Object Repository/Objek untuk login/title_homepage' is present

2023-08-25 10:29:28 - [TEST_STEP][PASSED] - click(findTestObject("Object Repository/Objek untuk login/menu_burger")): Object: 'Object Repository/Objek untuk login/menu_burger' is clicked on

2023-08-25 10:29:30 - [MESSAGE][PASSED] - Object: 'Object Repository/Objek untuk login/menu_burger' is clicked on

2023-08-25 10:29:30 - [TEST_STEP][PASSED] - click(findTestObject("Object Repository/Objek untuk login/menu_login")): Object: 'Object Repository/Objek untuk login/menu_login' is clicked on

2023-08-25 10:29:31 - [MESSAGE][PASSED] - Object: 'Object Repository/Objek untuk login/menu_login' is clicked on

2023-08-25 10:29:31 - [TEST_STEP][PASSED] - verifyElementPresent(findTestObject("Object Repository/Objek untuk login/verifikasi_masuk_halaman_login"), 10): Object 'Object Repository/Objek untuk login/verifikasi_masuk_halaman_login' is present

2023-08-25 10:29:32 - [MESSAGE][PASSED] - Object 'Object Repository/Objek untuk login/verifikasi_masuk_halaman_login' is present

2023-08-25 10:29:32 - [TEST_STEP][PASSED] - setText(findTestObject("Object Repository/Objek untuk login/input_form_username"), username): Text 'John Doe' is set on object 'Object Repository/Objek untuk login/input_form_username'

2023-08-25 10:29:33 - [MESSAGE][PASSED] - Text 'John Doe' is set on object 'Object Repository/Objek untuk login/input_form_username'

2023-08-25 10:29:33 - [TEST_STEP][PASSED] - setEncryptedText(findTestObject("Object Repository/Objek untuk login/input_form_password"), password): Text ****** has been set on object 'Object Repository/Objek untuk login/input_form_password'

2023-08-25 10:29:34 - [MESSAGE][PASSED] - Text ****** has been set on object 'Object Repository/Objek untuk login/input_form_password'

2023-08-25 10:29:34 - [TEST_STEP][PASSED] - click(findTestObject("Object Repository/Objek untuk login/button_form_Login")): Object: 'Object Repository/Objek untuk login/button_form_Login' is clicked on

2023-08-25 10:29:35 - [MESSAGE][PASSED] - Object: 'Object Repository/Objek untuk login/button_form_Login' is clicked on

2023-08-25 10:29:35 - [TEST_STEP][PASSED] - verifyElementPresent(findTestObject("Object Repository/Objek untuk login/title_make _appointment"), 10): Object 'Object Repository/Objek untuk login/title_make _appointment' is present

2023-08-25 10:29:36 - [MESSAGE][PASSED] - Object 'Object Repository/Objek untuk login/title_make _appointment' is present

2023-08-25 10:29:36 - [MESSAGE][PASSED] - Call Test Case 'Test Cases/Login/Test Case 1.1 (Script)' successfully

2023-08-25 10:29:36 - [TEST_STEP][PASSED] - selectOptionByValue(findTestObject("Make Appointment/select_facility"), facility, false): All options with value 'Seoul CURA Healthcare Center' are selected in object 'Object Repository/Make Appointment/select_facility' 

2023-08-25 10:29:37 - [MESSAGE][PASSED] - All options with value 'Seoul CURA Healthcare Center' are selected in object 'Object Repository/Make Appointment/select_facility' 

2023-08-25 10:29:37 - [TEST_STEP][PASSED] - if (toString().equalsIgnoreCase("yes")): Object 'Object Repository/Make Appointment/apply_hospital_readmission' is checked

2023-08-25 10:29:37 - [TEST_STEP][PASSED] - check(findTestObject("Make Appointment/apply_hospital_readmission")): Object 'Object Repository/Make Appointment/apply_hospital_readmission' is checked

2023-08-25 10:29:38 - [MESSAGE][PASSED] - Object 'Object Repository/Make Appointment/apply_hospital_readmission' is checked

2023-08-25 10:29:38 - [TEST_STEP][PASSED] - if (toString().equalsIgnoreCase("medicare")): null

2023-08-25 10:29:38 - [TEST_STEP][PASSED] - else if (toString().equalsIgnoreCase("medicaid")): Object 'Object Repository/Make Appointment/option_medicaid' is checked

2023-08-25 10:29:38 - [TEST_STEP][PASSED] - check(findTestObject("Make Appointment/option_medicaid")): Object 'Object Repository/Make Appointment/option_medicaid' is checked

2023-08-25 10:29:38 - [MESSAGE][PASSED] - Object 'Object Repository/Make Appointment/option_medicaid' is checked

2023-08-25 10:29:38 - [TEST_STEP][PASSED] - setText(findTestObject("Make Appointment/visit_date_appointment"), date): Text '05/05/2021' is set on object 'Object Repository/Make Appointment/visit_date_appointment'

2023-08-25 10:29:39 - [MESSAGE][PASSED] - Text '05/05/2021' is set on object 'Object Repository/Make Appointment/visit_date_appointment'

2023-08-25 10:29:39 - [TEST_STEP][PASSED] - setText(findTestObject("Make Appointment/comment_appointment"), comment): Text 'lorem ipsum der umet umet mumet' is set on object 'Object Repository/Make Appointment/comment_appointment'

2023-08-25 10:29:41 - [MESSAGE][PASSED] - Text 'lorem ipsum der umet umet mumet' is set on object 'Object Repository/Make Appointment/comment_appointment'

2023-08-25 10:29:41 - [TEST_STEP][PASSED] - click(findTestObject("Make Appointment/button_book_appointment")): Object: 'Object Repository/Make Appointment/button_book_appointment' is clicked on

2023-08-25 10:29:42 - [MESSAGE][PASSED] - Object: 'Object Repository/Make Appointment/button_book_appointment' is clicked on

2023-08-25 10:29:42 - [TEST_STEP][PASSED] - verifyElementPresent(findTestObject("Make Appointment/verify_appointment_confirmation"), 10): Object 'Object Repository/Make Appointment/verify_appointment_confirmation' is present

2023-08-25 10:29:42 - [MESSAGE][PASSED] - Object 'Object Repository/Make Appointment/verify_appointment_confirmation' is present

2023-08-25 10:29:42 - [TEST_STEP][PASSED] - hasilFacility = getText(findTestObject("Object Repository/Make Appointment/hasil_facility")): Text of object 'Object Repository/Make Appointment/hasil_facility' is: 'Seoul CURA Healthcare Center'

2023-08-25 10:29:43 - [MESSAGE][PASSED] - Text of object 'Object Repository/Make Appointment/hasil_facility' is: 'Seoul CURA Healthcare Center'

2023-08-25 10:29:43 - [TEST_STEP][PASSED] - hasilReadmission = getText(findTestObject("Object Repository/Make Appointment/hasil_readmission")): Text of object 'Object Repository/Make Appointment/hasil_readmission' is: 'Yes'

2023-08-25 10:29:43 - [MESSAGE][PASSED] - Text of object 'Object Repository/Make Appointment/hasil_readmission' is: 'Yes'

2023-08-25 10:29:43 - [TEST_STEP][PASSED] - hasilProgram = getText(findTestObject("Object Repository/Make Appointment/hasil_program")): Text of object 'Object Repository/Make Appointment/hasil_program' is: 'Medicaid'

2023-08-25 10:29:44 - [MESSAGE][PASSED] - Text of object 'Object Repository/Make Appointment/hasil_program' is: 'Medicaid'

2023-08-25 10:29:44 - [TEST_STEP][PASSED] - hasilDate = getText(findTestObject("Make Appointment/hasil_visit_date")): Text of object 'Object Repository/Make Appointment/hasil_visit_date' is: '05/05/2021'

2023-08-25 10:29:45 - [MESSAGE][PASSED] - Text of object 'Object Repository/Make Appointment/hasil_visit_date' is: '05/05/2021'

2023-08-25 10:29:45 - [TEST_STEP][PASSED] - hasilComment = getText(findTestObject("Make Appointment/hasil_comment")): Text of object 'Object Repository/Make Appointment/hasil_comment' is: 'lorem ipsum der umet umet mumet'

2023-08-25 10:29:45 - [MESSAGE][PASSED] - Text of object 'Object Repository/Make Appointment/hasil_comment' is: 'lorem ipsum der umet umet mumet'

2023-08-25 10:29:45 - [TEST_STEP][PASSED] - assert trim().equalsIgnoreCase(facility.trim()): null

2023-08-25 10:29:45 - [TEST_STEP][PASSED] - assert trim().equalsIgnoreCase(readmission.trim()): null

2023-08-25 10:29:45 - [TEST_STEP][PASSED] - assert trim().equalsIgnoreCase(healthcare_program.trim()): null

2023-08-25 10:29:45 - [TEST_STEP][PASSED] - assert trim().equalsIgnoreCase(date.trim()): null

2023-08-25 10:29:45 - [TEST_STEP][PASSED] - assert trim().equalsIgnoreCase(comment.trim()): null]]></system-out>
         <system-err><![CDATA[]]></system-err>
      </testcase>
      <testcase name="Test Cases/Appointment/Test Case 2.1 (dinamis)" time="23.575" classname="Test Cases/Appointment/Test Case 2.1 (dinamis)" status="PASSED">
         <system-out><![CDATA[2023-08-25 10:29:45 - [TEST_CASE][PASSED] - Test Cases/Appointment/Test Case 2.1 (dinamis): Test Cases/Appointment/Test Case 2.1 (dinamis)

2023-08-25 10:29:45 - [TEST_STEP][PASSED] - callTestCase(findTestCase("Login/Test Case 1.1 (Script)"), ["username":username, "password":password], STOP_ON_FAILURE): Call Test Case 'Test Cases/Login/Test Case 1.1 (Script)' successfully

2023-08-25 10:29:45 - [TEST_CASE][PASSED] - Test Cases/Login/Test Case 1.1 (Script): Test Cases/Login/Test Case 1.1 (Script)

2023-08-25 10:29:45 - [TEST_STEP][PASSED] - openBrowser("https://katalon-demo-cura.herokuapp.com/"): Browser is opened with url: 'https://katalon-demo-cura.herokuapp.com/'

2023-08-25 10:29:45 - [MESSAGE][WARNING] - A browser is already opened. Closing browser and opening a new one

2023-08-25 10:29:46 - [MESSAGE][INFO] - Starting 'Edge Chromium' driver

2023-08-25 10:29:49 - [MESSAGE][INFO] - Action delay is set to 0 milliseconds

2023-08-25 10:29:55 - [MESSAGE][PASSED] - Browser is opened with url: 'https://katalon-demo-cura.herokuapp.com/'

2023-08-25 10:29:55 - [TEST_STEP][PASSED] - maximizeWindow(): Current window maximized

2023-08-25 10:29:55 - [MESSAGE][PASSED] - Current window maximized

2023-08-25 10:29:55 - [TEST_STEP][PASSED] - verifyElementPresent(findTestObject("Object Repository/Objek untuk login/title_homepage"), 10): Object 'Object Repository/Objek untuk login/title_homepage' is present

2023-08-25 10:29:55 - [MESSAGE][PASSED] - Object 'Object Repository/Objek untuk login/title_homepage' is present

2023-08-25 10:29:55 - [TEST_STEP][PASSED] - click(findTestObject("Object Repository/Objek untuk login/menu_burger")): Object: 'Object Repository/Objek untuk login/menu_burger' is clicked on

2023-08-25 10:29:56 - [MESSAGE][PASSED] - Object: 'Object Repository/Objek untuk login/menu_burger' is clicked on

2023-08-25 10:29:56 - [TEST_STEP][PASSED] - click(findTestObject("Object Repository/Objek untuk login/menu_login")): Object: 'Object Repository/Objek untuk login/menu_login' is clicked on

2023-08-25 10:29:58 - [MESSAGE][PASSED] - Object: 'Object Repository/Objek untuk login/menu_login' is clicked on

2023-08-25 10:29:58 - [TEST_STEP][PASSED] - verifyElementPresent(findTestObject("Object Repository/Objek untuk login/verifikasi_masuk_halaman_login"), 10): Object 'Object Repository/Objek untuk login/verifikasi_masuk_halaman_login' is present

2023-08-25 10:29:58 - [MESSAGE][PASSED] - Object 'Object Repository/Objek untuk login/verifikasi_masuk_halaman_login' is present

2023-08-25 10:29:58 - [TEST_STEP][PASSED] - setText(findTestObject("Object Repository/Objek untuk login/input_form_username"), username): Text 'John Doe' is set on object 'Object Repository/Objek untuk login/input_form_username'

2023-08-25 10:29:59 - [MESSAGE][PASSED] - Text 'John Doe' is set on object 'Object Repository/Objek untuk login/input_form_username'

2023-08-25 10:29:59 - [TEST_STEP][PASSED] - setEncryptedText(findTestObject("Object Repository/Objek untuk login/input_form_password"), password): Text ****** has been set on object 'Object Repository/Objek untuk login/input_form_password'

2023-08-25 10:30:00 - [MESSAGE][PASSED] - Text ****** has been set on object 'Object Repository/Objek untuk login/input_form_password'

2023-08-25 10:30:00 - [TEST_STEP][PASSED] - click(findTestObject("Object Repository/Objek untuk login/button_form_Login")): Object: 'Object Repository/Objek untuk login/button_form_Login' is clicked on

2023-08-25 10:30:01 - [MESSAGE][PASSED] - Object: 'Object Repository/Objek untuk login/button_form_Login' is clicked on

2023-08-25 10:30:01 - [TEST_STEP][PASSED] - verifyElementPresent(findTestObject("Object Repository/Objek untuk login/title_make _appointment"), 10): Object 'Object Repository/Objek untuk login/title_make _appointment' is present

2023-08-25 10:30:02 - [MESSAGE][PASSED] - Object 'Object Repository/Objek untuk login/title_make _appointment' is present

2023-08-25 10:30:02 - [MESSAGE][PASSED] - Call Test Case 'Test Cases/Login/Test Case 1.1 (Script)' successfully

2023-08-25 10:30:02 - [TEST_STEP][PASSED] - selectOptionByValue(findTestObject("Make Appointment/select_facility"), facility, false): All options with value 'Tokyo CURA Healthcare Center' are selected in object 'Object Repository/Make Appointment/select_facility' 

2023-08-25 10:30:03 - [MESSAGE][PASSED] - All options with value 'Tokyo CURA Healthcare Center' are selected in object 'Object Repository/Make Appointment/select_facility' 

2023-08-25 10:30:03 - [TEST_STEP][PASSED] - if (toString().equalsIgnoreCase("yes")): null

2023-08-25 10:30:03 - [TEST_STEP][PASSED] - if (toString().equalsIgnoreCase("medicare")): Object 'Object Repository/Make Appointment/option_medicare' is checked

2023-08-25 10:30:03 - [TEST_STEP][PASSED] - check(findTestObject("Object Repository/Make Appointment/option_medicare")): Object 'Object Repository/Make Appointment/option_medicare' is checked

2023-08-25 10:30:03 - [MESSAGE][PASSED] - Object 'Object Repository/Make Appointment/option_medicare' is checked

2023-08-25 10:30:03 - [TEST_STEP][PASSED] - setText(findTestObject("Make Appointment/visit_date_appointment"), date): Text '06/05/2021' is set on object 'Object Repository/Make Appointment/visit_date_appointment'

2023-08-25 10:30:04 - [MESSAGE][PASSED] - Text '06/05/2021' is set on object 'Object Repository/Make Appointment/visit_date_appointment'

2023-08-25 10:30:04 - [TEST_STEP][PASSED] - setText(findTestObject("Make Appointment/comment_appointment"), comment): Text 'gitar kupetik bas kubetot' is set on object 'Object Repository/Make Appointment/comment_appointment'

2023-08-25 10:30:05 - [MESSAGE][PASSED] - Text 'gitar kupetik bas kubetot' is set on object 'Object Repository/Make Appointment/comment_appointment'

2023-08-25 10:30:05 - [TEST_STEP][PASSED] - click(findTestObject("Make Appointment/button_book_appointment")): Object: 'Object Repository/Make Appointment/button_book_appointment' is clicked on

2023-08-25 10:30:06 - [MESSAGE][PASSED] - Object: 'Object Repository/Make Appointment/button_book_appointment' is clicked on

2023-08-25 10:30:06 - [TEST_STEP][PASSED] - verifyElementPresent(findTestObject("Make Appointment/verify_appointment_confirmation"), 10): Object 'Object Repository/Make Appointment/verify_appointment_confirmation' is present

2023-08-25 10:30:07 - [MESSAGE][PASSED] - Object 'Object Repository/Make Appointment/verify_appointment_confirmation' is present

2023-08-25 10:30:07 - [TEST_STEP][PASSED] - hasilFacility = getText(findTestObject("Object Repository/Make Appointment/hasil_facility")): Text of object 'Object Repository/Make Appointment/hasil_facility' is: 'Tokyo CURA Healthcare Center'

2023-08-25 10:30:07 - [MESSAGE][PASSED] - Text of object 'Object Repository/Make Appointment/hasil_facility' is: 'Tokyo CURA Healthcare Center'

2023-08-25 10:30:07 - [TEST_STEP][PASSED] - hasilReadmission = getText(findTestObject("Object Repository/Make Appointment/hasil_readmission")): Text of object 'Object Repository/Make Appointment/hasil_readmission' is: 'No'

2023-08-25 10:30:07 - [MESSAGE][PASSED] - Text of object 'Object Repository/Make Appointment/hasil_readmission' is: 'No'

2023-08-25 10:30:07 - [TEST_STEP][PASSED] - hasilProgram = getText(findTestObject("Object Repository/Make Appointment/hasil_program")): Text of object 'Object Repository/Make Appointment/hasil_program' is: 'Medicare'

2023-08-25 10:30:08 - [MESSAGE][PASSED] - Text of object 'Object Repository/Make Appointment/hasil_program' is: 'Medicare'

2023-08-25 10:30:08 - [TEST_STEP][PASSED] - hasilDate = getText(findTestObject("Make Appointment/hasil_visit_date")): Text of object 'Object Repository/Make Appointment/hasil_visit_date' is: '06/05/2021'

2023-08-25 10:30:08 - [MESSAGE][PASSED] - Text of object 'Object Repository/Make Appointment/hasil_visit_date' is: '06/05/2021'

2023-08-25 10:30:08 - [TEST_STEP][PASSED] - hasilComment = getText(findTestObject("Make Appointment/hasil_comment")): Text of object 'Object Repository/Make Appointment/hasil_comment' is: 'gitar kupetik bas kubetot'

2023-08-25 10:30:09 - [MESSAGE][PASSED] - Text of object 'Object Repository/Make Appointment/hasil_comment' is: 'gitar kupetik bas kubetot'

2023-08-25 10:30:09 - [TEST_STEP][PASSED] - assert trim().equalsIgnoreCase(facility.trim()): null

2023-08-25 10:30:09 - [TEST_STEP][PASSED] - assert trim().equalsIgnoreCase(readmission.trim()): null

2023-08-25 10:30:09 - [TEST_STEP][PASSED] - assert trim().equalsIgnoreCase(healthcare_program.trim()): null

2023-08-25 10:30:09 - [TEST_STEP][PASSED] - assert trim().equalsIgnoreCase(date.trim()): null

2023-08-25 10:30:09 - [TEST_STEP][PASSED] - assert trim().equalsIgnoreCase(comment.trim()): null]]></system-out>
         <system-err><![CDATA[]]></system-err>
      </testcase>
      <testcase name="Test Cases/Appointment/Test Case 2.1 (dinamis)" time="23.262" classname="Test Cases/Appointment/Test Case 2.1 (dinamis)" status="PASSED">
         <system-out><![CDATA[2023-08-25 10:30:09 - [TEST_CASE][PASSED] - Test Cases/Appointment/Test Case 2.1 (dinamis): Test Cases/Appointment/Test Case 2.1 (dinamis)

2023-08-25 10:30:09 - [TEST_STEP][PASSED] - callTestCase(findTestCase("Login/Test Case 1.1 (Script)"), ["username":username, "password":password], STOP_ON_FAILURE): Call Test Case 'Test Cases/Login/Test Case 1.1 (Script)' successfully

2023-08-25 10:30:09 - [TEST_CASE][PASSED] - Test Cases/Login/Test Case 1.1 (Script): Test Cases/Login/Test Case 1.1 (Script)

2023-08-25 10:30:09 - [TEST_STEP][PASSED] - openBrowser("https://katalon-demo-cura.herokuapp.com/"): Browser is opened with url: 'https://katalon-demo-cura.herokuapp.com/'

2023-08-25 10:30:09 - [MESSAGE][WARNING] - A browser is already opened. Closing browser and opening a new one

2023-08-25 10:30:10 - [MESSAGE][INFO] - Starting 'Edge Chromium' driver

2023-08-25 10:30:13 - [MESSAGE][INFO] - Action delay is set to 0 milliseconds

2023-08-25 10:30:18 - [MESSAGE][PASSED] - Browser is opened with url: 'https://katalon-demo-cura.herokuapp.com/'

2023-08-25 10:30:18 - [TEST_STEP][PASSED] - maximizeWindow(): Current window maximized

2023-08-25 10:30:18 - [MESSAGE][PASSED] - Current window maximized

2023-08-25 10:30:18 - [TEST_STEP][PASSED] - verifyElementPresent(findTestObject("Object Repository/Objek untuk login/title_homepage"), 10): Object 'Object Repository/Objek untuk login/title_homepage' is present

2023-08-25 10:30:19 - [MESSAGE][PASSED] - Object 'Object Repository/Objek untuk login/title_homepage' is present

2023-08-25 10:30:19 - [TEST_STEP][PASSED] - click(findTestObject("Object Repository/Objek untuk login/menu_burger")): Object: 'Object Repository/Objek untuk login/menu_burger' is clicked on

2023-08-25 10:30:19 - [MESSAGE][PASSED] - Object: 'Object Repository/Objek untuk login/menu_burger' is clicked on

2023-08-25 10:30:19 - [TEST_STEP][PASSED] - click(findTestObject("Object Repository/Objek untuk login/menu_login")): Object: 'Object Repository/Objek untuk login/menu_login' is clicked on

2023-08-25 10:30:21 - [MESSAGE][PASSED] - Object: 'Object Repository/Objek untuk login/menu_login' is clicked on

2023-08-25 10:30:21 - [TEST_STEP][PASSED] - verifyElementPresent(findTestObject("Object Repository/Objek untuk login/verifikasi_masuk_halaman_login"), 10): Object 'Object Repository/Objek untuk login/verifikasi_masuk_halaman_login' is present

2023-08-25 10:30:22 - [MESSAGE][PASSED] - Object 'Object Repository/Objek untuk login/verifikasi_masuk_halaman_login' is present

2023-08-25 10:30:22 - [TEST_STEP][PASSED] - setText(findTestObject("Object Repository/Objek untuk login/input_form_username"), username): Text 'John Doe' is set on object 'Object Repository/Objek untuk login/input_form_username'

2023-08-25 10:30:23 - [MESSAGE][PASSED] - Text 'John Doe' is set on object 'Object Repository/Objek untuk login/input_form_username'

2023-08-25 10:30:23 - [TEST_STEP][PASSED] - setEncryptedText(findTestObject("Object Repository/Objek untuk login/input_form_password"), password): Text ****** has been set on object 'Object Repository/Objek untuk login/input_form_password'

2023-08-25 10:30:23 - [MESSAGE][PASSED] - Text ****** has been set on object 'Object Repository/Objek untuk login/input_form_password'

2023-08-25 10:30:23 - [TEST_STEP][PASSED] - click(findTestObject("Object Repository/Objek untuk login/button_form_Login")): Object: 'Object Repository/Objek untuk login/button_form_Login' is clicked on

2023-08-25 10:30:25 - [MESSAGE][PASSED] - Object: 'Object Repository/Objek untuk login/button_form_Login' is clicked on

2023-08-25 10:30:25 - [TEST_STEP][PASSED] - verifyElementPresent(findTestObject("Object Repository/Objek untuk login/title_make _appointment"), 10): Object 'Object Repository/Objek untuk login/title_make _appointment' is present

2023-08-25 10:30:25 - [MESSAGE][PASSED] - Object 'Object Repository/Objek untuk login/title_make _appointment' is present

2023-08-25 10:30:25 - [MESSAGE][PASSED] - Call Test Case 'Test Cases/Login/Test Case 1.1 (Script)' successfully

2023-08-25 10:30:25 - [TEST_STEP][PASSED] - selectOptionByValue(findTestObject("Make Appointment/select_facility"), facility, false): All options with value 'Seoul CURA Healthcare Center' are selected in object 'Object Repository/Make Appointment/select_facility' 

2023-08-25 10:30:26 - [MESSAGE][PASSED] - All options with value 'Seoul CURA Healthcare Center' are selected in object 'Object Repository/Make Appointment/select_facility' 

2023-08-25 10:30:26 - [TEST_STEP][PASSED] - if (toString().equalsIgnoreCase("yes")): null

2023-08-25 10:30:26 - [TEST_STEP][PASSED] - if (toString().equalsIgnoreCase("medicare")): Object 'Object Repository/Make Appointment/option_medicare' is checked

2023-08-25 10:30:26 - [TEST_STEP][PASSED] - check(findTestObject("Object Repository/Make Appointment/option_medicare")): Object 'Object Repository/Make Appointment/option_medicare' is checked

2023-08-25 10:30:26 - [MESSAGE][PASSED] - Object 'Object Repository/Make Appointment/option_medicare' is checked

2023-08-25 10:30:26 - [TEST_STEP][PASSED] - setText(findTestObject("Make Appointment/visit_date_appointment"), date): Text '06/05/2021' is set on object 'Object Repository/Make Appointment/visit_date_appointment'

2023-08-25 10:30:27 - [MESSAGE][PASSED] - Text '06/05/2021' is set on object 'Object Repository/Make Appointment/visit_date_appointment'

2023-08-25 10:30:27 - [TEST_STEP][PASSED] - setText(findTestObject("Make Appointment/comment_appointment"), comment): Text 'jalan jalan ke kebun raya, cakeepp' is set on object 'Object Repository/Make Appointment/comment_appointment'

2023-08-25 10:30:29 - [MESSAGE][PASSED] - Text 'jalan jalan ke kebun raya, cakeepp' is set on object 'Object Repository/Make Appointment/comment_appointment'

2023-08-25 10:30:29 - [TEST_STEP][PASSED] - click(findTestObject("Make Appointment/button_book_appointment")): Object: 'Object Repository/Make Appointment/button_book_appointment' is clicked on

2023-08-25 10:30:30 - [MESSAGE][PASSED] - Object: 'Object Repository/Make Appointment/button_book_appointment' is clicked on

2023-08-25 10:30:30 - [TEST_STEP][PASSED] - verifyElementPresent(findTestObject("Make Appointment/verify_appointment_confirmation"), 10): Object 'Object Repository/Make Appointment/verify_appointment_confirmation' is present

2023-08-25 10:30:30 - [MESSAGE][PASSED] - Object 'Object Repository/Make Appointment/verify_appointment_confirmation' is present

2023-08-25 10:30:30 - [TEST_STEP][PASSED] - hasilFacility = getText(findTestObject("Object Repository/Make Appointment/hasil_facility")): Text of object 'Object Repository/Make Appointment/hasil_facility' is: 'Seoul CURA Healthcare Center'

2023-08-25 10:30:31 - [MESSAGE][PASSED] - Text of object 'Object Repository/Make Appointment/hasil_facility' is: 'Seoul CURA Healthcare Center'

2023-08-25 10:30:31 - [TEST_STEP][PASSED] - hasilReadmission = getText(findTestObject("Object Repository/Make Appointment/hasil_readmission")): Text of object 'Object Repository/Make Appointment/hasil_readmission' is: 'No'

2023-08-25 10:30:31 - [MESSAGE][PASSED] - Text of object 'Object Repository/Make Appointment/hasil_readmission' is: 'No'

2023-08-25 10:30:31 - [TEST_STEP][PASSED] - hasilProgram = getText(findTestObject("Object Repository/Make Appointment/hasil_program")): Text of object 'Object Repository/Make Appointment/hasil_program' is: 'Medicare'

2023-08-25 10:30:31 - [MESSAGE][PASSED] - Text of object 'Object Repository/Make Appointment/hasil_program' is: 'Medicare'

2023-08-25 10:30:31 - [TEST_STEP][PASSED] - hasilDate = getText(findTestObject("Make Appointment/hasil_visit_date")): Text of object 'Object Repository/Make Appointment/hasil_visit_date' is: '06/05/2021'

2023-08-25 10:30:32 - [MESSAGE][PASSED] - Text of object 'Object Repository/Make Appointment/hasil_visit_date' is: '06/05/2021'

2023-08-25 10:30:32 - [TEST_STEP][PASSED] - hasilComment = getText(findTestObject("Make Appointment/hasil_comment")): Text of object 'Object Repository/Make Appointment/hasil_comment' is: 'jalan jalan ke kebun raya, cakeepp'

2023-08-25 10:30:32 - [MESSAGE][PASSED] - Text of object 'Object Repository/Make Appointment/hasil_comment' is: 'jalan jalan ke kebun raya, cakeepp'

2023-08-25 10:30:32 - [TEST_STEP][PASSED] - assert trim().equalsIgnoreCase(facility.trim()): null

2023-08-25 10:30:32 - [TEST_STEP][PASSED] - assert trim().equalsIgnoreCase(readmission.trim()): null

2023-08-25 10:30:32 - [TEST_STEP][PASSED] - assert trim().equalsIgnoreCase(healthcare_program.trim()): null

2023-08-25 10:30:32 - [TEST_STEP][PASSED] - assert trim().equalsIgnoreCase(date.trim()): null

2023-08-25 10:30:32 - [TEST_STEP][PASSED] - assert trim().equalsIgnoreCase(comment.trim()): null]]></system-out>
         <system-err><![CDATA[]]></system-err>
      </testcase>
      <system-out><![CDATA[2023-08-25 10:29:12 - [TEST_SUITE][PASSED] - Test Suite Appointment: Test Cases/Appointment/Test Case 2.1 (dinamis)]]></system-out>
      <system-err><![CDATA[]]></system-err>
   </testsuite>
</testsuites>
