<?xml version="1.0" encoding="UTF-8"?>
<testsuites name="Test Suite Appointment" time="340.503" tests="17" failures="0" errors="0">
   <testsuite name="Test Suite Appointment" tests="17" failures="0" errors="0" time="340.503" skipped="0" timestamp="2023-08-25 10:38:51" hostname="ridaaridaini - 10.9.2.22" id="Test Suites/Test Suite Appointment">
      <properties>
         <property name="deviceName" value=""/>
         <property name="devicePlatform" value=""/>
         <property name="logFolder" value="/Users/ridaaridaini/Desktop/projectrida/batch-324-qa/rida/Cura Heroku App/Reports/20230825_103842/Test Suite Appointment/20230825_103842"/>
         <property name="logFiles" value="/Users/ridaaridaini/Desktop/projectrida/batch-324-qa/rida/Cura Heroku App/Reports/20230825_103842/Test Suite Appointment/20230825_103842/execution0.log"/>
         <property name="attachments" value=""/>
         <property name="hostName" value="ridaaridaini - 10.9.2.22"/>
         <property name="os" value="Mac OS X 64bit"/>
         <property name="katalonVersion" value="8.6.5.208"/>
         <property name="browser" value="Firefox 116.0"/>
         <property name="hostAddress" value="127.0.0.1"/>
         <property name="sessionId" value="dde69f5d-1ffe-41b6-b93b-08ee5aaa5b1f"/>
         <property name="seleniumVersion" value="3.141.59"/>
         <property name="proxyInformation" value="ProxyInformation { proxyOption=NO_PROXY, proxyServerType=HTTP, username=, password=********, proxyServerAddress=, proxyServerPort=0, executionList=&quot;&quot;, isApplyToDesiredCapabilities=true }"/>
         <property name="platform" value="Mac OS X"/>
      </properties>
      <testcase name="Test Cases/Appointment/Test Case 2.1 - dinamis" time="20.291" classname="Test Cases/Appointment/Test Case 2.1 - dinamis" status="PASSED">
         <system-out><![CDATA[2023-08-25 10:38:51 - [TEST_CASE][PASSED] - Test Cases/Appointment/Test Case 2.1 - dinamis: Test Cases/Appointment/Test Case 2.1 - dinamis

2023-08-25 10:38:52 - [TEST_STEP][PASSED] - callTestCase(findTestCase("Login/Test Case 1.1(Record)"), ["username":username, "password":password], STOP_ON_FAILURE): Call Test Case 'Test Cases/Login/Test Case 1.1(Record)' successfully

2023-08-25 10:38:52 - [TEST_CASE][PASSED] - Test Cases/Login/Test Case 1.1(Record): Test Cases/Login/Test Case 1.1(Record)

2023-08-25 10:38:52 - [TEST_STEP][PASSED] - openBrowser(""): Browser is opened with url: ''

2023-08-25 10:38:52 - [MESSAGE][INFO] - Starting 'Firefox' driver

2023-08-25 10:38:52 - [MESSAGE][INFO] - Action delay is set to 0 milliseconds

2023-08-25 10:38:57 - [MESSAGE][PASSED] - Browser is opened with url: ''

2023-08-25 10:38:57 - [TEST_STEP][PASSED] - maximizeWindow(): Current window maximized

2023-08-25 10:38:58 - [MESSAGE][PASSED] - Current window maximized

2023-08-25 10:38:58 - [TEST_STEP][PASSED] - navigateToUrl("https://katalon-demo-cura.herokuapp.com/"): Navigate to 'https://katalon-demo-cura.herokuapp.com/' successfully

2023-08-25 10:39:02 - [MESSAGE][PASSED] - Navigate to 'https://katalon-demo-cura.herokuapp.com/' successfully

2023-08-25 10:39:02 - [TEST_STEP][PASSED] - click(findTestObject("Object Repository/h1_CURA Healthcare Service")): Object: 'Object Repository/h1_CURA Healthcare Service' is clicked on

2023-08-25 10:39:02 - [MESSAGE][PASSED] - Object: 'Object Repository/h1_CURA Healthcare Service' is clicked on

2023-08-25 10:39:02 - [TEST_STEP][PASSED] - click(findTestObject("Object Repository/i_CURA Healthcare_fa fa-bars")): Object: 'Object Repository/i_CURA Healthcare_fa fa-bars' is clicked on

2023-08-25 10:39:03 - [MESSAGE][PASSED] - Object: 'Object Repository/i_CURA Healthcare_fa fa-bars' is clicked on

2023-08-25 10:39:03 - [TEST_STEP][PASSED] - click(findTestObject("Object Repository/a_Login")): Object: 'Object Repository/a_Login' is clicked on

2023-08-25 10:39:04 - [MESSAGE][PASSED] - Object: 'Object Repository/a_Login' is clicked on

2023-08-25 10:39:04 - [TEST_STEP][PASSED] - setText(findTestObject("Object Repository/input_Username_username"), username): Text 'John Doe' is set on object 'Object Repository/input_Username_username'

2023-08-25 10:39:04 - [MESSAGE][PASSED] - Text 'John Doe' is set on object 'Object Repository/input_Username_username'

2023-08-25 10:39:04 - [TEST_STEP][PASSED] - setEncryptedText(findTestObject("Object Repository/input_Password_password"), password): Text ****** has been set on object 'Object Repository/input_Password_password'

2023-08-25 10:39:05 - [MESSAGE][PASSED] - Text ****** has been set on object 'Object Repository/input_Password_password'

2023-08-25 10:39:05 - [TEST_STEP][PASSED] - click(findTestObject("Object Repository/button_Login")): Object: 'Object Repository/button_Login' is clicked on

2023-08-25 10:39:06 - [MESSAGE][PASSED] - Object: 'Object Repository/button_Login' is clicked on

2023-08-25 10:39:06 - [MESSAGE][PASSED] - Call Test Case 'Test Cases/Login/Test Case 1.1(Record)' successfully

2023-08-25 10:39:06 - [TEST_STEP][PASSED] - selectOptionByValue(findTestObject("Make Appointment/dropdown_facility"), facility, false): All options with value 'Tokyo CURA Healthcare Center' are selected in object 'Object Repository/Make Appointment/dropdown_facility' 

2023-08-25 10:39:07 - [MESSAGE][PASSED] - All options with value 'Tokyo CURA Healthcare Center' are selected in object 'Object Repository/Make Appointment/dropdown_facility' 

2023-08-25 10:39:07 - [TEST_STEP][PASSED] - if (toString().equalsIgnoreCase("yes")): Object 'Object Repository/Make Appointment/chk_box' is checked

2023-08-25 10:39:07 - [TEST_STEP][PASSED] - check(findTestObject("Make Appointment/chk_box")): Object 'Object Repository/Make Appointment/chk_box' is checked

2023-08-25 10:39:07 - [MESSAGE][PASSED] - Object 'Object Repository/Make Appointment/chk_box' is checked

2023-08-25 10:39:07 - [TEST_STEP][PASSED] - if (toString().equalsIgnoreCase("Medicare")): Object 'Object Repository/Make Appointment/Radio_Medicare_programs' is checked

2023-08-25 10:39:07 - [TEST_STEP][PASSED] - check(findTestObject("Object Repository/Make Appointment/Radio_Medicare_programs")): Object 'Object Repository/Make Appointment/Radio_Medicare_programs' is checked

2023-08-25 10:39:07 - [MESSAGE][PASSED] - Object 'Object Repository/Make Appointment/Radio_Medicare_programs' is checked

2023-08-25 10:39:07 - [TEST_STEP][PASSED] - setText(findTestObject("Make Appointment/input_Visit Date (Required)"), visit_date): Text '23/08/2023' is set on object 'Object Repository/Make Appointment/input_Visit Date (Required)'

2023-08-25 10:39:08 - [MESSAGE][PASSED] - Text '23/08/2023' is set on object 'Object Repository/Make Appointment/input_Visit Date (Required)'

2023-08-25 10:39:08 - [TEST_STEP][PASSED] - setText(findTestObject("Make Appointment/textarea_Comment"), comment): Text 'saya pasien' is set on object 'Object Repository/Make Appointment/textarea_Comment'

2023-08-25 10:39:09 - [MESSAGE][PASSED] - Text 'saya pasien' is set on object 'Object Repository/Make Appointment/textarea_Comment'

2023-08-25 10:39:09 - [TEST_STEP][PASSED] - click(findTestObject("Make Appointment/button_Book Appointment")): Object: 'Object Repository/Make Appointment/button_Book Appointment' is clicked on

2023-08-25 10:39:10 - [MESSAGE][PASSED] - Object: 'Object Repository/Make Appointment/button_Book Appointment' is clicked on

2023-08-25 10:39:10 - [TEST_STEP][PASSED] - verifyElementPresent(findTestObject("Make Appointment/title_Appointment Confirmation"), 0): Object 'Object Repository/Make Appointment/title_Appointment Confirmation' is present

2023-08-25 10:39:10 - [MESSAGE][WARNING] - Timeout '0' is invalid. Using default page load timeout: '10'

2023-08-25 10:39:10 - [MESSAGE][PASSED] - Object 'Object Repository/Make Appointment/title_Appointment Confirmation' is present

2023-08-25 10:39:10 - [TEST_STEP][PASSED] - hasil_facility = getText(findTestObject("Object Repository/Make Appointment/hasil_facility")): Text of object 'Object Repository/Make Appointment/hasil_facility' is: 'Tokyo CURA Healthcare Center'

2023-08-25 10:39:10 - [MESSAGE][PASSED] - Text of object 'Object Repository/Make Appointment/hasil_facility' is: 'Tokyo CURA Healthcare Center'

2023-08-25 10:39:10 - [TEST_STEP][PASSED] - hasil_healthcare_program = getText(findTestObject("Object Repository/Make Appointment/hasil_healtycare_program")): Text of object 'Object Repository/Make Appointment/hasil_healtycare_program' is: 'Medicare'

2023-08-25 10:39:11 - [MESSAGE][PASSED] - Text of object 'Object Repository/Make Appointment/hasil_healtycare_program' is: 'Medicare'

2023-08-25 10:39:11 - [TEST_STEP][PASSED] - hasil_visit_date = getText(findTestObject("Object Repository/Make Appointment/hasil_visit_date")): Text of object 'Object Repository/Make Appointment/hasil_visit_date' is: '23/08/2023'

2023-08-25 10:39:11 - [MESSAGE][PASSED] - Text of object 'Object Repository/Make Appointment/hasil_visit_date' is: '23/08/2023'

2023-08-25 10:39:11 - [TEST_STEP][PASSED] - hasil_commend = getText(findTestObject("Object Repository/Make Appointment/hasil_commend")): Text of object 'Object Repository/Make Appointment/hasil_commend' is: 'saya pasien'

2023-08-25 10:39:11 - [MESSAGE][PASSED] - Text of object 'Object Repository/Make Appointment/hasil_commend' is: 'saya pasien'

2023-08-25 10:39:11 - [TEST_STEP][PASSED] - hasil_chkbox = getText(findTestObject("Object Repository/Make Appointment/hasil_chkbox")): Text of object 'Object Repository/Make Appointment/hasil_chkbox' is: 'Yes'

2023-08-25 10:39:11 - [MESSAGE][PASSED] - Text of object 'Object Repository/Make Appointment/hasil_chkbox' is: 'Yes'

2023-08-25 10:39:11 - [TEST_STEP][PASSED] - assert trim().equalsIgnoreCase(facility.trim()): null

2023-08-25 10:39:12 - [TEST_STEP][PASSED] - assert trim().equalsIgnoreCase(healthcare_program.trim()): null

2023-08-25 10:39:12 - [TEST_STEP][PASSED] - assert trim().equalsIgnoreCase(visit_date.trim()): null

2023-08-25 10:39:12 - [TEST_STEP][PASSED] - assert trim().equalsIgnoreCase(comment.trim()): null

2023-08-25 10:39:12 - [TEST_STEP][PASSED] - assert trim().equalsIgnoreCase(hospital_readmission.trim()): null]]></system-out>
         <system-err><![CDATA[]]></system-err>
      </testcase>
      <testcase name="Test Cases/Appointment/Test Case 2.1 - dinamis" time="15.575" classname="Test Cases/Appointment/Test Case 2.1 - dinamis" status="PASSED">
         <system-out><![CDATA[2023-08-25 10:39:12 - [TEST_CASE][PASSED] - Test Cases/Appointment/Test Case 2.1 - dinamis: Test Cases/Appointment/Test Case 2.1 - dinamis

2023-08-25 10:39:12 - [TEST_STEP][PASSED] - callTestCase(findTestCase("Login/Test Case 1.1(Record)"), ["username":username, "password":password], STOP_ON_FAILURE): Call Test Case 'Test Cases/Login/Test Case 1.1(Record)' successfully

2023-08-25 10:39:12 - [TEST_CASE][PASSED] - Test Cases/Login/Test Case 1.1(Record): Test Cases/Login/Test Case 1.1(Record)

2023-08-25 10:39:12 - [TEST_STEP][PASSED] - openBrowser(""): Browser is opened with url: ''

2023-08-25 10:39:12 - [MESSAGE][WARNING] - A browser is already opened. Closing browser and opening a new one

2023-08-25 10:39:12 - [MESSAGE][INFO] - Starting 'Firefox' driver

2023-08-25 10:39:12 - [MESSAGE][INFO] - Action delay is set to 0 milliseconds

2023-08-25 10:39:14 - [MESSAGE][PASSED] - Browser is opened with url: ''

2023-08-25 10:39:14 - [TEST_STEP][PASSED] - maximizeWindow(): Current window maximized

2023-08-25 10:39:15 - [MESSAGE][PASSED] - Current window maximized

2023-08-25 10:39:15 - [TEST_STEP][PASSED] - navigateToUrl("https://katalon-demo-cura.herokuapp.com/"): Navigate to 'https://katalon-demo-cura.herokuapp.com/' successfully

2023-08-25 10:39:18 - [MESSAGE][PASSED] - Navigate to 'https://katalon-demo-cura.herokuapp.com/' successfully

2023-08-25 10:39:18 - [TEST_STEP][PASSED] - click(findTestObject("Object Repository/h1_CURA Healthcare Service")): Object: 'Object Repository/h1_CURA Healthcare Service' is clicked on

2023-08-25 10:39:18 - [MESSAGE][PASSED] - Object: 'Object Repository/h1_CURA Healthcare Service' is clicked on

2023-08-25 10:39:18 - [TEST_STEP][PASSED] - click(findTestObject("Object Repository/i_CURA Healthcare_fa fa-bars")): Object: 'Object Repository/i_CURA Healthcare_fa fa-bars' is clicked on

2023-08-25 10:39:19 - [MESSAGE][PASSED] - Object: 'Object Repository/i_CURA Healthcare_fa fa-bars' is clicked on

2023-08-25 10:39:19 - [TEST_STEP][PASSED] - click(findTestObject("Object Repository/a_Login")): Object: 'Object Repository/a_Login' is clicked on

2023-08-25 10:39:19 - [MESSAGE][PASSED] - Object: 'Object Repository/a_Login' is clicked on

2023-08-25 10:39:19 - [TEST_STEP][PASSED] - setText(findTestObject("Object Repository/input_Username_username"), username): Text 'John Doe' is set on object 'Object Repository/input_Username_username'

2023-08-25 10:39:20 - [MESSAGE][PASSED] - Text 'John Doe' is set on object 'Object Repository/input_Username_username'

2023-08-25 10:39:20 - [TEST_STEP][PASSED] - setEncryptedText(findTestObject("Object Repository/input_Password_password"), password): Text ****** has been set on object 'Object Repository/input_Password_password'

2023-08-25 10:39:20 - [MESSAGE][PASSED] - Text ****** has been set on object 'Object Repository/input_Password_password'

2023-08-25 10:39:20 - [TEST_STEP][PASSED] - click(findTestObject("Object Repository/button_Login")): Object: 'Object Repository/button_Login' is clicked on

2023-08-25 10:39:21 - [MESSAGE][PASSED] - Object: 'Object Repository/button_Login' is clicked on

2023-08-25 10:39:21 - [MESSAGE][PASSED] - Call Test Case 'Test Cases/Login/Test Case 1.1(Record)' successfully

2023-08-25 10:39:21 - [TEST_STEP][PASSED] - selectOptionByValue(findTestObject("Make Appointment/dropdown_facility"), facility, false): All options with value 'Tokyo CURA Healthcare Center' are selected in object 'Object Repository/Make Appointment/dropdown_facility' 

2023-08-25 10:39:22 - [MESSAGE][PASSED] - All options with value 'Tokyo CURA Healthcare Center' are selected in object 'Object Repository/Make Appointment/dropdown_facility' 

2023-08-25 10:39:22 - [TEST_STEP][PASSED] - if (toString().equalsIgnoreCase("yes")): Object 'Object Repository/Make Appointment/chk_box' is checked

2023-08-25 10:39:22 - [TEST_STEP][PASSED] - check(findTestObject("Make Appointment/chk_box")): Object 'Object Repository/Make Appointment/chk_box' is checked

2023-08-25 10:39:23 - [MESSAGE][PASSED] - Object 'Object Repository/Make Appointment/chk_box' is checked

2023-08-25 10:39:23 - [TEST_STEP][PASSED] - if (toString().equalsIgnoreCase("Medicare")): null

2023-08-25 10:39:23 - [TEST_STEP][PASSED] - else if (toString().equalsIgnoreCase("Medicaid")): Object 'Object Repository/Make Appointment/Radio_Medicaid_programs' is checked

2023-08-25 10:39:23 - [TEST_STEP][PASSED] - check(findTestObject("Object Repository/Make Appointment/Radio_Medicaid_programs")): Object 'Object Repository/Make Appointment/Radio_Medicaid_programs' is checked

2023-08-25 10:39:23 - [MESSAGE][PASSED] - Object 'Object Repository/Make Appointment/Radio_Medicaid_programs' is checked

2023-08-25 10:39:23 - [TEST_STEP][PASSED] - setText(findTestObject("Make Appointment/input_Visit Date (Required)"), visit_date): Text '23/08/2023' is set on object 'Object Repository/Make Appointment/input_Visit Date (Required)'

2023-08-25 10:39:24 - [MESSAGE][PASSED] - Text '23/08/2023' is set on object 'Object Repository/Make Appointment/input_Visit Date (Required)'

2023-08-25 10:39:24 - [TEST_STEP][PASSED] - setText(findTestObject("Make Appointment/textarea_Comment"), comment): Text 'saya pasien' is set on object 'Object Repository/Make Appointment/textarea_Comment'

2023-08-25 10:39:25 - [MESSAGE][PASSED] - Text 'saya pasien' is set on object 'Object Repository/Make Appointment/textarea_Comment'

2023-08-25 10:39:25 - [TEST_STEP][PASSED] - click(findTestObject("Make Appointment/button_Book Appointment")): Object: 'Object Repository/Make Appointment/button_Book Appointment' is clicked on

2023-08-25 10:39:25 - [MESSAGE][PASSED] - Object: 'Object Repository/Make Appointment/button_Book Appointment' is clicked on

2023-08-25 10:39:25 - [TEST_STEP][PASSED] - verifyElementPresent(findTestObject("Make Appointment/title_Appointment Confirmation"), 0): Object 'Object Repository/Make Appointment/title_Appointment Confirmation' is present

2023-08-25 10:39:25 - [MESSAGE][WARNING] - Timeout '0' is invalid. Using default page load timeout: '10'

2023-08-25 10:39:26 - [MESSAGE][PASSED] - Object 'Object Repository/Make Appointment/title_Appointment Confirmation' is present

2023-08-25 10:39:26 - [TEST_STEP][PASSED] - hasil_facility = getText(findTestObject("Object Repository/Make Appointment/hasil_facility")): Text of object 'Object Repository/Make Appointment/hasil_facility' is: 'Tokyo CURA Healthcare Center'

2023-08-25 10:39:26 - [MESSAGE][PASSED] - Text of object 'Object Repository/Make Appointment/hasil_facility' is: 'Tokyo CURA Healthcare Center'

2023-08-25 10:39:26 - [TEST_STEP][PASSED] - hasil_healthcare_program = getText(findTestObject("Object Repository/Make Appointment/hasil_healtycare_program")): Text of object 'Object Repository/Make Appointment/hasil_healtycare_program' is: 'Medicaid'

2023-08-25 10:39:26 - [MESSAGE][PASSED] - Text of object 'Object Repository/Make Appointment/hasil_healtycare_program' is: 'Medicaid'

2023-08-25 10:39:26 - [TEST_STEP][PASSED] - hasil_visit_date = getText(findTestObject("Object Repository/Make Appointment/hasil_visit_date")): Text of object 'Object Repository/Make Appointment/hasil_visit_date' is: '23/08/2023'

2023-08-25 10:39:27 - [MESSAGE][PASSED] - Text of object 'Object Repository/Make Appointment/hasil_visit_date' is: '23/08/2023'

2023-08-25 10:39:27 - [TEST_STEP][PASSED] - hasil_commend = getText(findTestObject("Object Repository/Make Appointment/hasil_commend")): Text of object 'Object Repository/Make Appointment/hasil_commend' is: 'saya pasien'

2023-08-25 10:39:27 - [MESSAGE][PASSED] - Text of object 'Object Repository/Make Appointment/hasil_commend' is: 'saya pasien'

2023-08-25 10:39:27 - [TEST_STEP][PASSED] - hasil_chkbox = getText(findTestObject("Object Repository/Make Appointment/hasil_chkbox")): Text of object 'Object Repository/Make Appointment/hasil_chkbox' is: 'Yes'

2023-08-25 10:39:27 - [MESSAGE][PASSED] - Text of object 'Object Repository/Make Appointment/hasil_chkbox' is: 'Yes'

2023-08-25 10:39:27 - [TEST_STEP][PASSED] - assert trim().equalsIgnoreCase(facility.trim()): null

2023-08-25 10:39:27 - [TEST_STEP][PASSED] - assert trim().equalsIgnoreCase(healthcare_program.trim()): null

2023-08-25 10:39:27 - [TEST_STEP][PASSED] - assert trim().equalsIgnoreCase(visit_date.trim()): null

2023-08-25 10:39:27 - [TEST_STEP][PASSED] - assert trim().equalsIgnoreCase(comment.trim()): null

2023-08-25 10:39:27 - [TEST_STEP][PASSED] - assert trim().equalsIgnoreCase(hospital_readmission.trim()): null]]></system-out>
         <system-err><![CDATA[]]></system-err>
      </testcase>
      <testcase name="Test Cases/Appointment/Test Case 2.1 - dinamis" time="15.518" classname="Test Cases/Appointment/Test Case 2.1 - dinamis" status="PASSED">
         <system-out><![CDATA[2023-08-25 10:39:27 - [TEST_CASE][PASSED] - Test Cases/Appointment/Test Case 2.1 - dinamis: Test Cases/Appointment/Test Case 2.1 - dinamis

2023-08-25 10:39:27 - [TEST_STEP][PASSED] - callTestCase(findTestCase("Login/Test Case 1.1(Record)"), ["username":username, "password":password], STOP_ON_FAILURE): Call Test Case 'Test Cases/Login/Test Case 1.1(Record)' successfully

2023-08-25 10:39:27 - [TEST_CASE][PASSED] - Test Cases/Login/Test Case 1.1(Record): Test Cases/Login/Test Case 1.1(Record)

2023-08-25 10:39:27 - [TEST_STEP][PASSED] - openBrowser(""): Browser is opened with url: ''

2023-08-25 10:39:27 - [MESSAGE][WARNING] - A browser is already opened. Closing browser and opening a new one

2023-08-25 10:39:28 - [MESSAGE][INFO] - Starting 'Firefox' driver

2023-08-25 10:39:28 - [MESSAGE][INFO] - Action delay is set to 0 milliseconds

2023-08-25 10:39:30 - [MESSAGE][PASSED] - Browser is opened with url: ''

2023-08-25 10:39:30 - [TEST_STEP][PASSED] - maximizeWindow(): Current window maximized

2023-08-25 10:39:30 - [MESSAGE][PASSED] - Current window maximized

2023-08-25 10:39:30 - [TEST_STEP][PASSED] - navigateToUrl("https://katalon-demo-cura.herokuapp.com/"): Navigate to 'https://katalon-demo-cura.herokuapp.com/' successfully

2023-08-25 10:39:33 - [MESSAGE][PASSED] - Navigate to 'https://katalon-demo-cura.herokuapp.com/' successfully

2023-08-25 10:39:33 - [TEST_STEP][PASSED] - click(findTestObject("Object Repository/h1_CURA Healthcare Service")): Object: 'Object Repository/h1_CURA Healthcare Service' is clicked on

2023-08-25 10:39:33 - [MESSAGE][PASSED] - Object: 'Object Repository/h1_CURA Healthcare Service' is clicked on

2023-08-25 10:39:33 - [TEST_STEP][PASSED] - click(findTestObject("Object Repository/i_CURA Healthcare_fa fa-bars")): Object: 'Object Repository/i_CURA Healthcare_fa fa-bars' is clicked on

2023-08-25 10:39:34 - [MESSAGE][PASSED] - Object: 'Object Repository/i_CURA Healthcare_fa fa-bars' is clicked on

2023-08-25 10:39:34 - [TEST_STEP][PASSED] - click(findTestObject("Object Repository/a_Login")): Object: 'Object Repository/a_Login' is clicked on

2023-08-25 10:39:35 - [MESSAGE][PASSED] - Object: 'Object Repository/a_Login' is clicked on

2023-08-25 10:39:35 - [TEST_STEP][PASSED] - setText(findTestObject("Object Repository/input_Username_username"), username): Text 'John Doe' is set on object 'Object Repository/input_Username_username'

2023-08-25 10:39:35 - [MESSAGE][PASSED] - Text 'John Doe' is set on object 'Object Repository/input_Username_username'

2023-08-25 10:39:35 - [TEST_STEP][PASSED] - setEncryptedText(findTestObject("Object Repository/input_Password_password"), password): Text ****** has been set on object 'Object Repository/input_Password_password'

2023-08-25 10:39:36 - [MESSAGE][PASSED] - Text ****** has been set on object 'Object Repository/input_Password_password'

2023-08-25 10:39:36 - [TEST_STEP][PASSED] - click(findTestObject("Object Repository/button_Login")): Object: 'Object Repository/button_Login' is clicked on

2023-08-25 10:39:37 - [MESSAGE][PASSED] - Object: 'Object Repository/button_Login' is clicked on

2023-08-25 10:39:37 - [MESSAGE][PASSED] - Call Test Case 'Test Cases/Login/Test Case 1.1(Record)' successfully

2023-08-25 10:39:37 - [TEST_STEP][PASSED] - selectOptionByValue(findTestObject("Make Appointment/dropdown_facility"), facility, false): All options with value 'Tokyo CURA Healthcare Center' are selected in object 'Object Repository/Make Appointment/dropdown_facility' 

2023-08-25 10:39:38 - [MESSAGE][PASSED] - All options with value 'Tokyo CURA Healthcare Center' are selected in object 'Object Repository/Make Appointment/dropdown_facility' 

2023-08-25 10:39:38 - [TEST_STEP][PASSED] - if (toString().equalsIgnoreCase("yes")): Object 'Object Repository/Make Appointment/chk_box' is checked

2023-08-25 10:39:38 - [TEST_STEP][PASSED] - check(findTestObject("Make Appointment/chk_box")): Object 'Object Repository/Make Appointment/chk_box' is checked

2023-08-25 10:39:38 - [MESSAGE][PASSED] - Object 'Object Repository/Make Appointment/chk_box' is checked

2023-08-25 10:39:38 - [TEST_STEP][PASSED] - if (toString().equalsIgnoreCase("Medicare")): null

2023-08-25 10:39:38 - [TEST_STEP][PASSED] - else if (toString().equalsIgnoreCase("Medicaid")): null

2023-08-25 10:39:38 - [TEST_STEP][PASSED] - else: Object 'Object Repository/Make Appointment/Radio_None_programs' is checked

2023-08-25 10:39:38 - [TEST_STEP][PASSED] - check(findTestObject("Object Repository/Make Appointment/Radio_None_programs")): Object 'Object Repository/Make Appointment/Radio_None_programs' is checked

2023-08-25 10:39:39 - [MESSAGE][PASSED] - Object 'Object Repository/Make Appointment/Radio_None_programs' is checked

2023-08-25 10:39:39 - [TEST_STEP][PASSED] - setText(findTestObject("Make Appointment/input_Visit Date (Required)"), visit_date): Text '23/08/2023' is set on object 'Object Repository/Make Appointment/input_Visit Date (Required)'

2023-08-25 10:39:39 - [MESSAGE][PASSED] - Text '23/08/2023' is set on object 'Object Repository/Make Appointment/input_Visit Date (Required)'

2023-08-25 10:39:39 - [TEST_STEP][PASSED] - setText(findTestObject("Make Appointment/textarea_Comment"), comment): Text 'saya pasien' is set on object 'Object Repository/Make Appointment/textarea_Comment'

2023-08-25 10:39:40 - [MESSAGE][PASSED] - Text 'saya pasien' is set on object 'Object Repository/Make Appointment/textarea_Comment'

2023-08-25 10:39:40 - [TEST_STEP][PASSED] - click(findTestObject("Make Appointment/button_Book Appointment")): Object: 'Object Repository/Make Appointment/button_Book Appointment' is clicked on

2023-08-25 10:39:41 - [MESSAGE][PASSED] - Object: 'Object Repository/Make Appointment/button_Book Appointment' is clicked on

2023-08-25 10:39:41 - [TEST_STEP][PASSED] - verifyElementPresent(findTestObject("Make Appointment/title_Appointment Confirmation"), 0): Object 'Object Repository/Make Appointment/title_Appointment Confirmation' is present

2023-08-25 10:39:41 - [MESSAGE][WARNING] - Timeout '0' is invalid. Using default page load timeout: '10'

2023-08-25 10:39:41 - [MESSAGE][PASSED] - Object 'Object Repository/Make Appointment/title_Appointment Confirmation' is present

2023-08-25 10:39:41 - [TEST_STEP][PASSED] - hasil_facility = getText(findTestObject("Object Repository/Make Appointment/hasil_facility")): Text of object 'Object Repository/Make Appointment/hasil_facility' is: 'Tokyo CURA Healthcare Center'

2023-08-25 10:39:42 - [MESSAGE][PASSED] - Text of object 'Object Repository/Make Appointment/hasil_facility' is: 'Tokyo CURA Healthcare Center'

2023-08-25 10:39:42 - [TEST_STEP][PASSED] - hasil_healthcare_program = getText(findTestObject("Object Repository/Make Appointment/hasil_healtycare_program")): Text of object 'Object Repository/Make Appointment/hasil_healtycare_program' is: 'None'

2023-08-25 10:39:42 - [MESSAGE][PASSED] - Text of object 'Object Repository/Make Appointment/hasil_healtycare_program' is: 'None'

2023-08-25 10:39:42 - [TEST_STEP][PASSED] - hasil_visit_date = getText(findTestObject("Object Repository/Make Appointment/hasil_visit_date")): Text of object 'Object Repository/Make Appointment/hasil_visit_date' is: '23/08/2023'

2023-08-25 10:39:42 - [MESSAGE][PASSED] - Text of object 'Object Repository/Make Appointment/hasil_visit_date' is: '23/08/2023'

2023-08-25 10:39:42 - [TEST_STEP][PASSED] - hasil_commend = getText(findTestObject("Object Repository/Make Appointment/hasil_commend")): Text of object 'Object Repository/Make Appointment/hasil_commend' is: 'saya pasien'

2023-08-25 10:39:42 - [MESSAGE][PASSED] - Text of object 'Object Repository/Make Appointment/hasil_commend' is: 'saya pasien'

2023-08-25 10:39:42 - [TEST_STEP][PASSED] - hasil_chkbox = getText(findTestObject("Object Repository/Make Appointment/hasil_chkbox")): Text of object 'Object Repository/Make Appointment/hasil_chkbox' is: 'Yes'

2023-08-25 10:39:43 - [MESSAGE][PASSED] - Text of object 'Object Repository/Make Appointment/hasil_chkbox' is: 'Yes'

2023-08-25 10:39:43 - [TEST_STEP][PASSED] - assert trim().equalsIgnoreCase(facility.trim()): null

2023-08-25 10:39:43 - [TEST_STEP][PASSED] - assert trim().equalsIgnoreCase(healthcare_program.trim()): null

2023-08-25 10:39:43 - [TEST_STEP][PASSED] - assert trim().equalsIgnoreCase(visit_date.trim()): null

2023-08-25 10:39:43 - [TEST_STEP][PASSED] - assert trim().equalsIgnoreCase(comment.trim()): null

2023-08-25 10:39:43 - [TEST_STEP][PASSED] - assert trim().equalsIgnoreCase(hospital_readmission.trim()): null]]></system-out>
         <system-err><![CDATA[]]></system-err>
      </testcase>
      <testcase name="Test Cases/Appointment/Test Case 2.1 - dinamis" time="14.823" classname="Test Cases/Appointment/Test Case 2.1 - dinamis" status="PASSED">
         <system-out><![CDATA[2023-08-25 10:39:43 - [TEST_CASE][PASSED] - Test Cases/Appointment/Test Case 2.1 - dinamis: Test Cases/Appointment/Test Case 2.1 - dinamis

2023-08-25 10:39:43 - [TEST_STEP][PASSED] - callTestCase(findTestCase("Login/Test Case 1.1(Record)"), ["username":username, "password":password], STOP_ON_FAILURE): Call Test Case 'Test Cases/Login/Test Case 1.1(Record)' successfully

2023-08-25 10:39:43 - [TEST_CASE][PASSED] - Test Cases/Login/Test Case 1.1(Record): Test Cases/Login/Test Case 1.1(Record)

2023-08-25 10:39:43 - [TEST_STEP][PASSED] - openBrowser(""): Browser is opened with url: ''

2023-08-25 10:39:43 - [MESSAGE][WARNING] - A browser is already opened. Closing browser and opening a new one

2023-08-25 10:39:44 - [MESSAGE][INFO] - Starting 'Firefox' driver

2023-08-25 10:39:44 - [MESSAGE][INFO] - Action delay is set to 0 milliseconds

2023-08-25 10:39:46 - [MESSAGE][PASSED] - Browser is opened with url: ''

2023-08-25 10:39:46 - [TEST_STEP][PASSED] - maximizeWindow(): Current window maximized

2023-08-25 10:39:46 - [MESSAGE][PASSED] - Current window maximized

2023-08-25 10:39:46 - [TEST_STEP][PASSED] - navigateToUrl("https://katalon-demo-cura.herokuapp.com/"): Navigate to 'https://katalon-demo-cura.herokuapp.com/' successfully

2023-08-25 10:39:49 - [MESSAGE][PASSED] - Navigate to 'https://katalon-demo-cura.herokuapp.com/' successfully

2023-08-25 10:39:49 - [TEST_STEP][PASSED] - click(findTestObject("Object Repository/h1_CURA Healthcare Service")): Object: 'Object Repository/h1_CURA Healthcare Service' is clicked on

2023-08-25 10:39:49 - [MESSAGE][PASSED] - Object: 'Object Repository/h1_CURA Healthcare Service' is clicked on

2023-08-25 10:39:49 - [TEST_STEP][PASSED] - click(findTestObject("Object Repository/i_CURA Healthcare_fa fa-bars")): Object: 'Object Repository/i_CURA Healthcare_fa fa-bars' is clicked on

2023-08-25 10:39:50 - [MESSAGE][PASSED] - Object: 'Object Repository/i_CURA Healthcare_fa fa-bars' is clicked on

2023-08-25 10:39:50 - [TEST_STEP][PASSED] - click(findTestObject("Object Repository/a_Login")): Object: 'Object Repository/a_Login' is clicked on

2023-08-25 10:39:51 - [MESSAGE][PASSED] - Object: 'Object Repository/a_Login' is clicked on

2023-08-25 10:39:51 - [TEST_STEP][PASSED] - setText(findTestObject("Object Repository/input_Username_username"), username): Text 'John Doe' is set on object 'Object Repository/input_Username_username'

2023-08-25 10:39:51 - [MESSAGE][PASSED] - Text 'John Doe' is set on object 'Object Repository/input_Username_username'

2023-08-25 10:39:51 - [TEST_STEP][PASSED] - setEncryptedText(findTestObject("Object Repository/input_Password_password"), password): Text ****** has been set on object 'Object Repository/input_Password_password'

2023-08-25 10:39:52 - [MESSAGE][PASSED] - Text ****** has been set on object 'Object Repository/input_Password_password'

2023-08-25 10:39:52 - [TEST_STEP][PASSED] - click(findTestObject("Object Repository/button_Login")): Object: 'Object Repository/button_Login' is clicked on

2023-08-25 10:39:52 - [MESSAGE][PASSED] - Object: 'Object Repository/button_Login' is clicked on

2023-08-25 10:39:52 - [MESSAGE][PASSED] - Call Test Case 'Test Cases/Login/Test Case 1.1(Record)' successfully

2023-08-25 10:39:52 - [TEST_STEP][PASSED] - selectOptionByValue(findTestObject("Make Appointment/dropdown_facility"), facility, false): All options with value 'Tokyo CURA Healthcare Center' are selected in object 'Object Repository/Make Appointment/dropdown_facility' 

2023-08-25 10:39:53 - [MESSAGE][PASSED] - All options with value 'Tokyo CURA Healthcare Center' are selected in object 'Object Repository/Make Appointment/dropdown_facility' 

2023-08-25 10:39:53 - [TEST_STEP][PASSED] - if (toString().equalsIgnoreCase("yes")): null

2023-08-25 10:39:53 - [TEST_STEP][PASSED] - if (toString().equalsIgnoreCase("Medicare")): Object 'Object Repository/Make Appointment/Radio_Medicare_programs' is checked

2023-08-25 10:39:53 - [TEST_STEP][PASSED] - check(findTestObject("Object Repository/Make Appointment/Radio_Medicare_programs")): Object 'Object Repository/Make Appointment/Radio_Medicare_programs' is checked

2023-08-25 10:39:53 - [MESSAGE][PASSED] - Object 'Object Repository/Make Appointment/Radio_Medicare_programs' is checked

2023-08-25 10:39:53 - [TEST_STEP][PASSED] - setText(findTestObject("Make Appointment/input_Visit Date (Required)"), visit_date): Text '23/08/2023' is set on object 'Object Repository/Make Appointment/input_Visit Date (Required)'

2023-08-25 10:39:54 - [MESSAGE][PASSED] - Text '23/08/2023' is set on object 'Object Repository/Make Appointment/input_Visit Date (Required)'

2023-08-25 10:39:54 - [TEST_STEP][PASSED] - setText(findTestObject("Make Appointment/textarea_Comment"), comment): Text 'saya pasien' is set on object 'Object Repository/Make Appointment/textarea_Comment'

2023-08-25 10:39:55 - [MESSAGE][PASSED] - Text 'saya pasien' is set on object 'Object Repository/Make Appointment/textarea_Comment'

2023-08-25 10:39:55 - [TEST_STEP][PASSED] - click(findTestObject("Make Appointment/button_Book Appointment")): Object: 'Object Repository/Make Appointment/button_Book Appointment' is clicked on

2023-08-25 10:39:56 - [MESSAGE][PASSED] - Object: 'Object Repository/Make Appointment/button_Book Appointment' is clicked on

2023-08-25 10:39:56 - [TEST_STEP][PASSED] - verifyElementPresent(findTestObject("Make Appointment/title_Appointment Confirmation"), 0): Object 'Object Repository/Make Appointment/title_Appointment Confirmation' is present

2023-08-25 10:39:56 - [MESSAGE][WARNING] - Timeout '0' is invalid. Using default page load timeout: '10'

2023-08-25 10:39:56 - [MESSAGE][PASSED] - Object 'Object Repository/Make Appointment/title_Appointment Confirmation' is present

2023-08-25 10:39:56 - [TEST_STEP][PASSED] - hasil_facility = getText(findTestObject("Object Repository/Make Appointment/hasil_facility")): Text of object 'Object Repository/Make Appointment/hasil_facility' is: 'Tokyo CURA Healthcare Center'

2023-08-25 10:39:56 - [MESSAGE][PASSED] - Text of object 'Object Repository/Make Appointment/hasil_facility' is: 'Tokyo CURA Healthcare Center'

2023-08-25 10:39:56 - [TEST_STEP][PASSED] - hasil_healthcare_program = getText(findTestObject("Object Repository/Make Appointment/hasil_healtycare_program")): Text of object 'Object Repository/Make Appointment/hasil_healtycare_program' is: 'Medicare'

2023-08-25 10:39:57 - [MESSAGE][PASSED] - Text of object 'Object Repository/Make Appointment/hasil_healtycare_program' is: 'Medicare'

2023-08-25 10:39:57 - [TEST_STEP][PASSED] - hasil_visit_date = getText(findTestObject("Object Repository/Make Appointment/hasil_visit_date")): Text of object 'Object Repository/Make Appointment/hasil_visit_date' is: '23/08/2023'

2023-08-25 10:39:57 - [MESSAGE][PASSED] - Text of object 'Object Repository/Make Appointment/hasil_visit_date' is: '23/08/2023'

2023-08-25 10:39:57 - [TEST_STEP][PASSED] - hasil_commend = getText(findTestObject("Object Repository/Make Appointment/hasil_commend")): Text of object 'Object Repository/Make Appointment/hasil_commend' is: 'saya pasien'

2023-08-25 10:39:57 - [MESSAGE][PASSED] - Text of object 'Object Repository/Make Appointment/hasil_commend' is: 'saya pasien'

2023-08-25 10:39:57 - [TEST_STEP][PASSED] - hasil_chkbox = getText(findTestObject("Object Repository/Make Appointment/hasil_chkbox")): Text of object 'Object Repository/Make Appointment/hasil_chkbox' is: 'No'

2023-08-25 10:39:58 - [MESSAGE][PASSED] - Text of object 'Object Repository/Make Appointment/hasil_chkbox' is: 'No'

2023-08-25 10:39:58 - [TEST_STEP][PASSED] - assert trim().equalsIgnoreCase(facility.trim()): null

2023-08-25 10:39:58 - [TEST_STEP][PASSED] - assert trim().equalsIgnoreCase(healthcare_program.trim()): null

2023-08-25 10:39:58 - [TEST_STEP][PASSED] - assert trim().equalsIgnoreCase(visit_date.trim()): null

2023-08-25 10:39:58 - [TEST_STEP][PASSED] - assert trim().equalsIgnoreCase(comment.trim()): null

2023-08-25 10:39:58 - [TEST_STEP][PASSED] - assert trim().equalsIgnoreCase(hospital_readmission.trim()): null]]></system-out>
         <system-err><![CDATA[]]></system-err>
      </testcase>
      <testcase name="Test Cases/Appointment/Test Case 2.1 - dinamis" time="16.887" classname="Test Cases/Appointment/Test Case 2.1 - dinamis" status="PASSED">
         <system-out><![CDATA[2023-08-25 10:39:58 - [TEST_CASE][PASSED] - Test Cases/Appointment/Test Case 2.1 - dinamis: Test Cases/Appointment/Test Case 2.1 - dinamis

2023-08-25 10:39:58 - [TEST_STEP][PASSED] - callTestCase(findTestCase("Login/Test Case 1.1(Record)"), ["username":username, "password":password], STOP_ON_FAILURE): Call Test Case 'Test Cases/Login/Test Case 1.1(Record)' successfully

2023-08-25 10:39:58 - [TEST_CASE][PASSED] - Test Cases/Login/Test Case 1.1(Record): Test Cases/Login/Test Case 1.1(Record)

2023-08-25 10:39:58 - [TEST_STEP][PASSED] - openBrowser(""): Browser is opened with url: ''

2023-08-25 10:39:58 - [MESSAGE][WARNING] - A browser is already opened. Closing browser and opening a new one

2023-08-25 10:39:58 - [MESSAGE][INFO] - Starting 'Firefox' driver

2023-08-25 10:39:58 - [MESSAGE][INFO] - Action delay is set to 0 milliseconds

2023-08-25 10:40:00 - [MESSAGE][PASSED] - Browser is opened with url: ''

2023-08-25 10:40:00 - [TEST_STEP][PASSED] - maximizeWindow(): Current window maximized

2023-08-25 10:40:01 - [MESSAGE][PASSED] - Current window maximized

2023-08-25 10:40:01 - [TEST_STEP][PASSED] - navigateToUrl("https://katalon-demo-cura.herokuapp.com/"): Navigate to 'https://katalon-demo-cura.herokuapp.com/' successfully

2023-08-25 10:40:05 - [MESSAGE][PASSED] - Navigate to 'https://katalon-demo-cura.herokuapp.com/' successfully

2023-08-25 10:40:05 - [TEST_STEP][PASSED] - click(findTestObject("Object Repository/h1_CURA Healthcare Service")): Object: 'Object Repository/h1_CURA Healthcare Service' is clicked on

2023-08-25 10:40:06 - [MESSAGE][PASSED] - Object: 'Object Repository/h1_CURA Healthcare Service' is clicked on

2023-08-25 10:40:06 - [TEST_STEP][PASSED] - click(findTestObject("Object Repository/i_CURA Healthcare_fa fa-bars")): Object: 'Object Repository/i_CURA Healthcare_fa fa-bars' is clicked on

2023-08-25 10:40:06 - [MESSAGE][PASSED] - Object: 'Object Repository/i_CURA Healthcare_fa fa-bars' is clicked on

2023-08-25 10:40:06 - [TEST_STEP][PASSED] - click(findTestObject("Object Repository/a_Login")): Object: 'Object Repository/a_Login' is clicked on

2023-08-25 10:40:07 - [MESSAGE][PASSED] - Object: 'Object Repository/a_Login' is clicked on

2023-08-25 10:40:07 - [TEST_STEP][PASSED] - setText(findTestObject("Object Repository/input_Username_username"), username): Text 'John Doe' is set on object 'Object Repository/input_Username_username'

2023-08-25 10:40:08 - [MESSAGE][PASSED] - Text 'John Doe' is set on object 'Object Repository/input_Username_username'

2023-08-25 10:40:08 - [TEST_STEP][PASSED] - setEncryptedText(findTestObject("Object Repository/input_Password_password"), password): Text ****** has been set on object 'Object Repository/input_Password_password'

2023-08-25 10:40:08 - [MESSAGE][PASSED] - Text ****** has been set on object 'Object Repository/input_Password_password'

2023-08-25 10:40:08 - [TEST_STEP][PASSED] - click(findTestObject("Object Repository/button_Login")): Object: 'Object Repository/button_Login' is clicked on

2023-08-25 10:40:09 - [MESSAGE][PASSED] - Object: 'Object Repository/button_Login' is clicked on

2023-08-25 10:40:09 - [MESSAGE][PASSED] - Call Test Case 'Test Cases/Login/Test Case 1.1(Record)' successfully

2023-08-25 10:40:09 - [TEST_STEP][PASSED] - selectOptionByValue(findTestObject("Make Appointment/dropdown_facility"), facility, false): All options with value 'Tokyo CURA Healthcare Center' are selected in object 'Object Repository/Make Appointment/dropdown_facility' 

2023-08-25 10:40:10 - [MESSAGE][PASSED] - All options with value 'Tokyo CURA Healthcare Center' are selected in object 'Object Repository/Make Appointment/dropdown_facility' 

2023-08-25 10:40:10 - [TEST_STEP][PASSED] - if (toString().equalsIgnoreCase("yes")): null

2023-08-25 10:40:10 - [TEST_STEP][PASSED] - if (toString().equalsIgnoreCase("Medicare")): null

2023-08-25 10:40:10 - [TEST_STEP][PASSED] - else if (toString().equalsIgnoreCase("Medicaid")): Object 'Object Repository/Make Appointment/Radio_Medicaid_programs' is checked

2023-08-25 10:40:10 - [TEST_STEP][PASSED] - check(findTestObject("Object Repository/Make Appointment/Radio_Medicaid_programs")): Object 'Object Repository/Make Appointment/Radio_Medicaid_programs' is checked

2023-08-25 10:40:10 - [MESSAGE][PASSED] - Object 'Object Repository/Make Appointment/Radio_Medicaid_programs' is checked

2023-08-25 10:40:10 - [TEST_STEP][PASSED] - setText(findTestObject("Make Appointment/input_Visit Date (Required)"), visit_date): Text '23/08/2023' is set on object 'Object Repository/Make Appointment/input_Visit Date (Required)'

2023-08-25 10:40:11 - [MESSAGE][PASSED] - Text '23/08/2023' is set on object 'Object Repository/Make Appointment/input_Visit Date (Required)'

2023-08-25 10:40:11 - [TEST_STEP][PASSED] - setText(findTestObject("Make Appointment/textarea_Comment"), comment): Text 'saya pasien' is set on object 'Object Repository/Make Appointment/textarea_Comment'

2023-08-25 10:40:12 - [MESSAGE][PASSED] - Text 'saya pasien' is set on object 'Object Repository/Make Appointment/textarea_Comment'

2023-08-25 10:40:12 - [TEST_STEP][PASSED] - click(findTestObject("Make Appointment/button_Book Appointment")): Object: 'Object Repository/Make Appointment/button_Book Appointment' is clicked on

2023-08-25 10:40:13 - [MESSAGE][PASSED] - Object: 'Object Repository/Make Appointment/button_Book Appointment' is clicked on

2023-08-25 10:40:13 - [TEST_STEP][PASSED] - verifyElementPresent(findTestObject("Make Appointment/title_Appointment Confirmation"), 0): Object 'Object Repository/Make Appointment/title_Appointment Confirmation' is present

2023-08-25 10:40:13 - [MESSAGE][WARNING] - Timeout '0' is invalid. Using default page load timeout: '10'

2023-08-25 10:40:13 - [MESSAGE][PASSED] - Object 'Object Repository/Make Appointment/title_Appointment Confirmation' is present

2023-08-25 10:40:13 - [TEST_STEP][PASSED] - hasil_facility = getText(findTestObject("Object Repository/Make Appointment/hasil_facility")): Text of object 'Object Repository/Make Appointment/hasil_facility' is: 'Tokyo CURA Healthcare Center'

2023-08-25 10:40:13 - [MESSAGE][PASSED] - Text of object 'Object Repository/Make Appointment/hasil_facility' is: 'Tokyo CURA Healthcare Center'

2023-08-25 10:40:13 - [TEST_STEP][PASSED] - hasil_healthcare_program = getText(findTestObject("Object Repository/Make Appointment/hasil_healtycare_program")): Text of object 'Object Repository/Make Appointment/hasil_healtycare_program' is: 'Medicaid'

2023-08-25 10:40:14 - [MESSAGE][PASSED] - Text of object 'Object Repository/Make Appointment/hasil_healtycare_program' is: 'Medicaid'

2023-08-25 10:40:14 - [TEST_STEP][PASSED] - hasil_visit_date = getText(findTestObject("Object Repository/Make Appointment/hasil_visit_date")): Text of object 'Object Repository/Make Appointment/hasil_visit_date' is: '23/08/2023'

2023-08-25 10:40:14 - [MESSAGE][PASSED] - Text of object 'Object Repository/Make Appointment/hasil_visit_date' is: '23/08/2023'

2023-08-25 10:40:14 - [TEST_STEP][PASSED] - hasil_commend = getText(findTestObject("Object Repository/Make Appointment/hasil_commend")): Text of object 'Object Repository/Make Appointment/hasil_commend' is: 'saya pasien'

2023-08-25 10:40:14 - [MESSAGE][PASSED] - Text of object 'Object Repository/Make Appointment/hasil_commend' is: 'saya pasien'

2023-08-25 10:40:14 - [TEST_STEP][PASSED] - hasil_chkbox = getText(findTestObject("Object Repository/Make Appointment/hasil_chkbox")): Text of object 'Object Repository/Make Appointment/hasil_chkbox' is: 'No'

2023-08-25 10:40:14 - [MESSAGE][PASSED] - Text of object 'Object Repository/Make Appointment/hasil_chkbox' is: 'No'

2023-08-25 10:40:14 - [TEST_STEP][PASSED] - assert trim().equalsIgnoreCase(facility.trim()): null

2023-08-25 10:40:14 - [TEST_STEP][PASSED] - assert trim().equalsIgnoreCase(healthcare_program.trim()): null

2023-08-25 10:40:14 - [TEST_STEP][PASSED] - assert trim().equalsIgnoreCase(visit_date.trim()): null

2023-08-25 10:40:14 - [TEST_STEP][PASSED] - assert trim().equalsIgnoreCase(comment.trim()): null

2023-08-25 10:40:14 - [TEST_STEP][PASSED] - assert trim().equalsIgnoreCase(hospital_readmission.trim()): null]]></system-out>
         <system-err><![CDATA[]]></system-err>
      </testcase>
      <testcase name="Test Cases/Appointment/Test Case 2.1 - dinamis" time="14.933" classname="Test Cases/Appointment/Test Case 2.1 - dinamis" status="PASSED">
         <system-out><![CDATA[2023-08-25 10:40:15 - [TEST_CASE][PASSED] - Test Cases/Appointment/Test Case 2.1 - dinamis: Test Cases/Appointment/Test Case 2.1 - dinamis

2023-08-25 10:40:15 - [TEST_STEP][PASSED] - callTestCase(findTestCase("Login/Test Case 1.1(Record)"), ["username":username, "password":password], STOP_ON_FAILURE): Call Test Case 'Test Cases/Login/Test Case 1.1(Record)' successfully

2023-08-25 10:40:15 - [TEST_CASE][PASSED] - Test Cases/Login/Test Case 1.1(Record): Test Cases/Login/Test Case 1.1(Record)

2023-08-25 10:40:15 - [TEST_STEP][PASSED] - openBrowser(""): Browser is opened with url: ''

2023-08-25 10:40:15 - [MESSAGE][WARNING] - A browser is already opened. Closing browser and opening a new one

2023-08-25 10:40:15 - [MESSAGE][INFO] - Starting 'Firefox' driver

2023-08-25 10:40:15 - [MESSAGE][INFO] - Action delay is set to 0 milliseconds

2023-08-25 10:40:17 - [MESSAGE][PASSED] - Browser is opened with url: ''

2023-08-25 10:40:17 - [TEST_STEP][PASSED] - maximizeWindow(): Current window maximized

2023-08-25 10:40:18 - [MESSAGE][PASSED] - Current window maximized

2023-08-25 10:40:18 - [TEST_STEP][PASSED] - navigateToUrl("https://katalon-demo-cura.herokuapp.com/"): Navigate to 'https://katalon-demo-cura.herokuapp.com/' successfully

2023-08-25 10:40:20 - [MESSAGE][PASSED] - Navigate to 'https://katalon-demo-cura.herokuapp.com/' successfully

2023-08-25 10:40:20 - [TEST_STEP][PASSED] - click(findTestObject("Object Repository/h1_CURA Healthcare Service")): Object: 'Object Repository/h1_CURA Healthcare Service' is clicked on

2023-08-25 10:40:21 - [MESSAGE][PASSED] - Object: 'Object Repository/h1_CURA Healthcare Service' is clicked on

2023-08-25 10:40:21 - [TEST_STEP][PASSED] - click(findTestObject("Object Repository/i_CURA Healthcare_fa fa-bars")): Object: 'Object Repository/i_CURA Healthcare_fa fa-bars' is clicked on

2023-08-25 10:40:22 - [MESSAGE][PASSED] - Object: 'Object Repository/i_CURA Healthcare_fa fa-bars' is clicked on

2023-08-25 10:40:22 - [TEST_STEP][PASSED] - click(findTestObject("Object Repository/a_Login")): Object: 'Object Repository/a_Login' is clicked on

2023-08-25 10:40:22 - [MESSAGE][PASSED] - Object: 'Object Repository/a_Login' is clicked on

2023-08-25 10:40:22 - [TEST_STEP][PASSED] - setText(findTestObject("Object Repository/input_Username_username"), username): Text 'John Doe' is set on object 'Object Repository/input_Username_username'

2023-08-25 10:40:23 - [MESSAGE][PASSED] - Text 'John Doe' is set on object 'Object Repository/input_Username_username'

2023-08-25 10:40:23 - [TEST_STEP][PASSED] - setEncryptedText(findTestObject("Object Repository/input_Password_password"), password): Text ****** has been set on object 'Object Repository/input_Password_password'

2023-08-25 10:40:23 - [MESSAGE][PASSED] - Text ****** has been set on object 'Object Repository/input_Password_password'

2023-08-25 10:40:23 - [TEST_STEP][PASSED] - click(findTestObject("Object Repository/button_Login")): Object: 'Object Repository/button_Login' is clicked on

2023-08-25 10:40:24 - [MESSAGE][PASSED] - Object: 'Object Repository/button_Login' is clicked on

2023-08-25 10:40:24 - [MESSAGE][PASSED] - Call Test Case 'Test Cases/Login/Test Case 1.1(Record)' successfully

2023-08-25 10:40:24 - [TEST_STEP][PASSED] - selectOptionByValue(findTestObject("Make Appointment/dropdown_facility"), facility, false): All options with value 'Tokyo CURA Healthcare Center' are selected in object 'Object Repository/Make Appointment/dropdown_facility' 

2023-08-25 10:40:25 - [MESSAGE][PASSED] - All options with value 'Tokyo CURA Healthcare Center' are selected in object 'Object Repository/Make Appointment/dropdown_facility' 

2023-08-25 10:40:25 - [TEST_STEP][PASSED] - if (toString().equalsIgnoreCase("yes")): null

2023-08-25 10:40:25 - [TEST_STEP][PASSED] - if (toString().equalsIgnoreCase("Medicare")): null

2023-08-25 10:40:25 - [TEST_STEP][PASSED] - else if (toString().equalsIgnoreCase("Medicaid")): null

2023-08-25 10:40:25 - [TEST_STEP][PASSED] - else: Object 'Object Repository/Make Appointment/Radio_None_programs' is checked

2023-08-25 10:40:25 - [TEST_STEP][PASSED] - check(findTestObject("Object Repository/Make Appointment/Radio_None_programs")): Object 'Object Repository/Make Appointment/Radio_None_programs' is checked

2023-08-25 10:40:25 - [MESSAGE][PASSED] - Object 'Object Repository/Make Appointment/Radio_None_programs' is checked

2023-08-25 10:40:25 - [TEST_STEP][PASSED] - setText(findTestObject("Make Appointment/input_Visit Date (Required)"), visit_date): Text '23/08/2023' is set on object 'Object Repository/Make Appointment/input_Visit Date (Required)'

2023-08-25 10:40:26 - [MESSAGE][PASSED] - Text '23/08/2023' is set on object 'Object Repository/Make Appointment/input_Visit Date (Required)'

2023-08-25 10:40:26 - [TEST_STEP][PASSED] - setText(findTestObject("Make Appointment/textarea_Comment"), comment): Text 'saya pasien' is set on object 'Object Repository/Make Appointment/textarea_Comment'

2023-08-25 10:40:27 - [MESSAGE][PASSED] - Text 'saya pasien' is set on object 'Object Repository/Make Appointment/textarea_Comment'

2023-08-25 10:40:27 - [TEST_STEP][PASSED] - click(findTestObject("Make Appointment/button_Book Appointment")): Object: 'Object Repository/Make Appointment/button_Book Appointment' is clicked on

2023-08-25 10:40:28 - [MESSAGE][PASSED] - Object: 'Object Repository/Make Appointment/button_Book Appointment' is clicked on

2023-08-25 10:40:28 - [TEST_STEP][PASSED] - verifyElementPresent(findTestObject("Make Appointment/title_Appointment Confirmation"), 0): Object 'Object Repository/Make Appointment/title_Appointment Confirmation' is present

2023-08-25 10:40:28 - [MESSAGE][WARNING] - Timeout '0' is invalid. Using default page load timeout: '10'

2023-08-25 10:40:28 - [MESSAGE][PASSED] - Object 'Object Repository/Make Appointment/title_Appointment Confirmation' is present

2023-08-25 10:40:28 - [TEST_STEP][PASSED] - hasil_facility = getText(findTestObject("Object Repository/Make Appointment/hasil_facility")): Text of object 'Object Repository/Make Appointment/hasil_facility' is: 'Tokyo CURA Healthcare Center'

2023-08-25 10:40:28 - [MESSAGE][PASSED] - Text of object 'Object Repository/Make Appointment/hasil_facility' is: 'Tokyo CURA Healthcare Center'

2023-08-25 10:40:28 - [TEST_STEP][PASSED] - hasil_healthcare_program = getText(findTestObject("Object Repository/Make Appointment/hasil_healtycare_program")): Text of object 'Object Repository/Make Appointment/hasil_healtycare_program' is: 'None'

2023-08-25 10:40:29 - [MESSAGE][PASSED] - Text of object 'Object Repository/Make Appointment/hasil_healtycare_program' is: 'None'

2023-08-25 10:40:29 - [TEST_STEP][PASSED] - hasil_visit_date = getText(findTestObject("Object Repository/Make Appointment/hasil_visit_date")): Text of object 'Object Repository/Make Appointment/hasil_visit_date' is: '23/08/2023'

2023-08-25 10:40:29 - [MESSAGE][PASSED] - Text of object 'Object Repository/Make Appointment/hasil_visit_date' is: '23/08/2023'

2023-08-25 10:40:29 - [TEST_STEP][PASSED] - hasil_commend = getText(findTestObject("Object Repository/Make Appointment/hasil_commend")): Text of object 'Object Repository/Make Appointment/hasil_commend' is: 'saya pasien'

2023-08-25 10:40:29 - [MESSAGE][PASSED] - Text of object 'Object Repository/Make Appointment/hasil_commend' is: 'saya pasien'

2023-08-25 10:40:29 - [TEST_STEP][PASSED] - hasil_chkbox = getText(findTestObject("Object Repository/Make Appointment/hasil_chkbox")): Text of object 'Object Repository/Make Appointment/hasil_chkbox' is: 'No'

2023-08-25 10:40:29 - [MESSAGE][PASSED] - Text of object 'Object Repository/Make Appointment/hasil_chkbox' is: 'No'

2023-08-25 10:40:29 - [TEST_STEP][PASSED] - assert trim().equalsIgnoreCase(facility.trim()): null

2023-08-25 10:40:29 - [TEST_STEP][PASSED] - assert trim().equalsIgnoreCase(healthcare_program.trim()): null

2023-08-25 10:40:29 - [TEST_STEP][PASSED] - assert trim().equalsIgnoreCase(visit_date.trim()): null

2023-08-25 10:40:29 - [TEST_STEP][PASSED] - assert trim().equalsIgnoreCase(comment.trim()): null

2023-08-25 10:40:29 - [TEST_STEP][PASSED] - assert trim().equalsIgnoreCase(hospital_readmission.trim()): null]]></system-out>
         <system-err><![CDATA[]]></system-err>
      </testcase>
      <testcase name="Test Cases/Appointment/Test Case 2.1 - dinamis" time="15.286" classname="Test Cases/Appointment/Test Case 2.1 - dinamis" status="PASSED">
         <system-out><![CDATA[2023-08-25 10:40:29 - [TEST_CASE][PASSED] - Test Cases/Appointment/Test Case 2.1 - dinamis: Test Cases/Appointment/Test Case 2.1 - dinamis

2023-08-25 10:40:30 - [TEST_STEP][PASSED] - callTestCase(findTestCase("Login/Test Case 1.1(Record)"), ["username":username, "password":password], STOP_ON_FAILURE): Call Test Case 'Test Cases/Login/Test Case 1.1(Record)' successfully

2023-08-25 10:40:30 - [TEST_CASE][PASSED] - Test Cases/Login/Test Case 1.1(Record): Test Cases/Login/Test Case 1.1(Record)

2023-08-25 10:40:30 - [TEST_STEP][PASSED] - openBrowser(""): Browser is opened with url: ''

2023-08-25 10:40:30 - [MESSAGE][WARNING] - A browser is already opened. Closing browser and opening a new one

2023-08-25 10:40:30 - [MESSAGE][INFO] - Starting 'Firefox' driver

2023-08-25 10:40:30 - [MESSAGE][INFO] - Action delay is set to 0 milliseconds

2023-08-25 10:40:32 - [MESSAGE][PASSED] - Browser is opened with url: ''

2023-08-25 10:40:32 - [TEST_STEP][PASSED] - maximizeWindow(): Current window maximized

2023-08-25 10:40:33 - [MESSAGE][PASSED] - Current window maximized

2023-08-25 10:40:33 - [TEST_STEP][PASSED] - navigateToUrl("https://katalon-demo-cura.herokuapp.com/"): Navigate to 'https://katalon-demo-cura.herokuapp.com/' successfully

2023-08-25 10:40:35 - [MESSAGE][PASSED] - Navigate to 'https://katalon-demo-cura.herokuapp.com/' successfully

2023-08-25 10:40:35 - [TEST_STEP][PASSED] - click(findTestObject("Object Repository/h1_CURA Healthcare Service")): Object: 'Object Repository/h1_CURA Healthcare Service' is clicked on

2023-08-25 10:40:36 - [MESSAGE][PASSED] - Object: 'Object Repository/h1_CURA Healthcare Service' is clicked on

2023-08-25 10:40:36 - [TEST_STEP][PASSED] - click(findTestObject("Object Repository/i_CURA Healthcare_fa fa-bars")): Object: 'Object Repository/i_CURA Healthcare_fa fa-bars' is clicked on

2023-08-25 10:40:36 - [MESSAGE][PASSED] - Object: 'Object Repository/i_CURA Healthcare_fa fa-bars' is clicked on

2023-08-25 10:40:36 - [TEST_STEP][PASSED] - click(findTestObject("Object Repository/a_Login")): Object: 'Object Repository/a_Login' is clicked on

2023-08-25 10:40:37 - [MESSAGE][PASSED] - Object: 'Object Repository/a_Login' is clicked on

2023-08-25 10:40:37 - [TEST_STEP][PASSED] - setText(findTestObject("Object Repository/input_Username_username"), username): Text 'John Doe' is set on object 'Object Repository/input_Username_username'

2023-08-25 10:40:38 - [MESSAGE][PASSED] - Text 'John Doe' is set on object 'Object Repository/input_Username_username'

2023-08-25 10:40:38 - [TEST_STEP][PASSED] - setEncryptedText(findTestObject("Object Repository/input_Password_password"), password): Text ****** has been set on object 'Object Repository/input_Password_password'

2023-08-25 10:40:38 - [MESSAGE][PASSED] - Text ****** has been set on object 'Object Repository/input_Password_password'

2023-08-25 10:40:38 - [TEST_STEP][PASSED] - click(findTestObject("Object Repository/button_Login")): Object: 'Object Repository/button_Login' is clicked on

2023-08-25 10:40:39 - [MESSAGE][PASSED] - Object: 'Object Repository/button_Login' is clicked on

2023-08-25 10:40:39 - [MESSAGE][PASSED] - Call Test Case 'Test Cases/Login/Test Case 1.1(Record)' successfully

2023-08-25 10:40:39 - [TEST_STEP][PASSED] - selectOptionByValue(findTestObject("Make Appointment/dropdown_facility"), facility, false): All options with value 'Hongkong CURA Healthcare Center' are selected in object 'Object Repository/Make Appointment/dropdown_facility' 

2023-08-25 10:40:40 - [MESSAGE][PASSED] - All options with value 'Hongkong CURA Healthcare Center' are selected in object 'Object Repository/Make Appointment/dropdown_facility' 

2023-08-25 10:40:40 - [TEST_STEP][PASSED] - if (toString().equalsIgnoreCase("yes")): Object 'Object Repository/Make Appointment/chk_box' is checked

2023-08-25 10:40:40 - [TEST_STEP][PASSED] - check(findTestObject("Make Appointment/chk_box")): Object 'Object Repository/Make Appointment/chk_box' is checked

2023-08-25 10:40:40 - [MESSAGE][PASSED] - Object 'Object Repository/Make Appointment/chk_box' is checked

2023-08-25 10:40:41 - [TEST_STEP][PASSED] - if (toString().equalsIgnoreCase("Medicare")): Object 'Object Repository/Make Appointment/Radio_Medicare_programs' is checked

2023-08-25 10:40:41 - [TEST_STEP][PASSED] - check(findTestObject("Object Repository/Make Appointment/Radio_Medicare_programs")): Object 'Object Repository/Make Appointment/Radio_Medicare_programs' is checked

2023-08-25 10:40:41 - [MESSAGE][PASSED] - Object 'Object Repository/Make Appointment/Radio_Medicare_programs' is checked

2023-08-25 10:40:41 - [TEST_STEP][PASSED] - setText(findTestObject("Make Appointment/input_Visit Date (Required)"), visit_date): Text '23/08/2023' is set on object 'Object Repository/Make Appointment/input_Visit Date (Required)'

2023-08-25 10:40:42 - [MESSAGE][PASSED] - Text '23/08/2023' is set on object 'Object Repository/Make Appointment/input_Visit Date (Required)'

2023-08-25 10:40:42 - [TEST_STEP][PASSED] - setText(findTestObject("Make Appointment/textarea_Comment"), comment): Text 'saya pasien' is set on object 'Object Repository/Make Appointment/textarea_Comment'

2023-08-25 10:40:42 - [MESSAGE][PASSED] - Text 'saya pasien' is set on object 'Object Repository/Make Appointment/textarea_Comment'

2023-08-25 10:40:42 - [TEST_STEP][PASSED] - click(findTestObject("Make Appointment/button_Book Appointment")): Object: 'Object Repository/Make Appointment/button_Book Appointment' is clicked on

2023-08-25 10:40:43 - [MESSAGE][PASSED] - Object: 'Object Repository/Make Appointment/button_Book Appointment' is clicked on

2023-08-25 10:40:43 - [TEST_STEP][PASSED] - verifyElementPresent(findTestObject("Make Appointment/title_Appointment Confirmation"), 0): Object 'Object Repository/Make Appointment/title_Appointment Confirmation' is present

2023-08-25 10:40:43 - [MESSAGE][WARNING] - Timeout '0' is invalid. Using default page load timeout: '10'

2023-08-25 10:40:43 - [MESSAGE][PASSED] - Object 'Object Repository/Make Appointment/title_Appointment Confirmation' is present

2023-08-25 10:40:43 - [TEST_STEP][PASSED] - hasil_facility = getText(findTestObject("Object Repository/Make Appointment/hasil_facility")): Text of object 'Object Repository/Make Appointment/hasil_facility' is: 'Hongkong CURA Healthcare Center'

2023-08-25 10:40:44 - [MESSAGE][PASSED] - Text of object 'Object Repository/Make Appointment/hasil_facility' is: 'Hongkong CURA Healthcare Center'

2023-08-25 10:40:44 - [TEST_STEP][PASSED] - hasil_healthcare_program = getText(findTestObject("Object Repository/Make Appointment/hasil_healtycare_program")): Text of object 'Object Repository/Make Appointment/hasil_healtycare_program' is: 'Medicare'

2023-08-25 10:40:44 - [MESSAGE][PASSED] - Text of object 'Object Repository/Make Appointment/hasil_healtycare_program' is: 'Medicare'

2023-08-25 10:40:44 - [TEST_STEP][PASSED] - hasil_visit_date = getText(findTestObject("Object Repository/Make Appointment/hasil_visit_date")): Text of object 'Object Repository/Make Appointment/hasil_visit_date' is: '23/08/2023'

2023-08-25 10:40:44 - [MESSAGE][PASSED] - Text of object 'Object Repository/Make Appointment/hasil_visit_date' is: '23/08/2023'

2023-08-25 10:40:44 - [TEST_STEP][PASSED] - hasil_commend = getText(findTestObject("Object Repository/Make Appointment/hasil_commend")): Text of object 'Object Repository/Make Appointment/hasil_commend' is: 'saya pasien'

2023-08-25 10:40:44 - [MESSAGE][PASSED] - Text of object 'Object Repository/Make Appointment/hasil_commend' is: 'saya pasien'

2023-08-25 10:40:44 - [TEST_STEP][PASSED] - hasil_chkbox = getText(findTestObject("Object Repository/Make Appointment/hasil_chkbox")): Text of object 'Object Repository/Make Appointment/hasil_chkbox' is: 'Yes'

2023-08-25 10:40:45 - [MESSAGE][PASSED] - Text of object 'Object Repository/Make Appointment/hasil_chkbox' is: 'Yes'

2023-08-25 10:40:45 - [TEST_STEP][PASSED] - assert trim().equalsIgnoreCase(facility.trim()): null

2023-08-25 10:40:45 - [TEST_STEP][PASSED] - assert trim().equalsIgnoreCase(healthcare_program.trim()): null

2023-08-25 10:40:45 - [TEST_STEP][PASSED] - assert trim().equalsIgnoreCase(visit_date.trim()): null

2023-08-25 10:40:45 - [TEST_STEP][PASSED] - assert trim().equalsIgnoreCase(comment.trim()): null

2023-08-25 10:40:45 - [TEST_STEP][PASSED] - assert trim().equalsIgnoreCase(hospital_readmission.trim()): null]]></system-out>
         <system-err><![CDATA[]]></system-err>
      </testcase>
      <testcase name="Test Cases/Appointment/Test Case 2.1 - dinamis" time="73.829" classname="Test Cases/Appointment/Test Case 2.1 - dinamis" status="PASSED">
         <system-out><![CDATA[2023-08-25 10:40:45 - [TEST_CASE][PASSED] - Test Cases/Appointment/Test Case 2.1 - dinamis: Test Cases/Appointment/Test Case 2.1 - dinamis

2023-08-25 10:40:45 - [TEST_STEP][PASSED] - callTestCase(findTestCase("Login/Test Case 1.1(Record)"), ["username":username, "password":password], STOP_ON_FAILURE): Call Test Case 'Test Cases/Login/Test Case 1.1(Record)' successfully

2023-08-25 10:40:45 - [TEST_CASE][PASSED] - Test Cases/Login/Test Case 1.1(Record): Test Cases/Login/Test Case 1.1(Record)

2023-08-25 10:40:45 - [TEST_STEP][PASSED] - openBrowser(""): Browser is opened with url: ''

2023-08-25 10:40:45 - [MESSAGE][WARNING] - A browser is already opened. Closing browser and opening a new one

2023-08-25 10:40:46 - [MESSAGE][INFO] - Starting 'Firefox' driver

2023-08-25 10:40:46 - [MESSAGE][INFO] - Action delay is set to 0 milliseconds

2023-08-25 10:40:48 - [MESSAGE][PASSED] - Browser is opened with url: ''

2023-08-25 10:40:48 - [TEST_STEP][PASSED] - maximizeWindow(): Current window maximized

2023-08-25 10:40:48 - [MESSAGE][PASSED] - Current window maximized

2023-08-25 10:40:48 - [TEST_STEP][PASSED] - navigateToUrl("https://katalon-demo-cura.herokuapp.com/"): Navigate to 'https://katalon-demo-cura.herokuapp.com/' successfully

2023-08-25 10:40:51 - [MESSAGE][PASSED] - Navigate to 'https://katalon-demo-cura.herokuapp.com/' successfully

2023-08-25 10:40:51 - [TEST_STEP][PASSED] - click(findTestObject("Object Repository/h1_CURA Healthcare Service")): Object: 'Object Repository/h1_CURA Healthcare Service' is clicked on

2023-08-25 10:40:52 - [MESSAGE][PASSED] - Object: 'Object Repository/h1_CURA Healthcare Service' is clicked on

2023-08-25 10:40:52 - [TEST_STEP][PASSED] - click(findTestObject("Object Repository/i_CURA Healthcare_fa fa-bars")): Object: 'Object Repository/i_CURA Healthcare_fa fa-bars' is clicked on

2023-08-25 10:40:53 - [MESSAGE][PASSED] - Object: 'Object Repository/i_CURA Healthcare_fa fa-bars' is clicked on

2023-08-25 10:40:53 - [TEST_STEP][PASSED] - click(findTestObject("Object Repository/a_Login")): Object: 'Object Repository/a_Login' is clicked on

2023-08-25 10:40:54 - [MESSAGE][PASSED] - Object: 'Object Repository/a_Login' is clicked on

2023-08-25 10:40:54 - [TEST_STEP][PASSED] - setText(findTestObject("Object Repository/input_Username_username"), username): Text 'John Doe' is set on object 'Object Repository/input_Username_username'

2023-08-25 10:40:54 - [MESSAGE][PASSED] - Text 'John Doe' is set on object 'Object Repository/input_Username_username'

2023-08-25 10:40:54 - [TEST_STEP][PASSED] - setEncryptedText(findTestObject("Object Repository/input_Password_password"), password): Text ****** has been set on object 'Object Repository/input_Password_password'

2023-08-25 10:40:54 - [MESSAGE][PASSED] - Text ****** has been set on object 'Object Repository/input_Password_password'

2023-08-25 10:40:54 - [TEST_STEP][PASSED] - click(findTestObject("Object Repository/button_Login")): Object: 'Object Repository/button_Login' is clicked on

2023-08-25 10:40:55 - [MESSAGE][PASSED] - Object: 'Object Repository/button_Login' is clicked on

2023-08-25 10:40:55 - [MESSAGE][PASSED] - Call Test Case 'Test Cases/Login/Test Case 1.1(Record)' successfully

2023-08-25 10:40:55 - [TEST_STEP][PASSED] - selectOptionByValue(findTestObject("Make Appointment/dropdown_facility"), facility, false): All options with value 'Hongkong CURA Healthcare Center' are selected in object 'Object Repository/Make Appointment/dropdown_facility' 

2023-08-25 10:40:56 - [MESSAGE][PASSED] - All options with value 'Hongkong CURA Healthcare Center' are selected in object 'Object Repository/Make Appointment/dropdown_facility' 

2023-08-25 10:40:56 - [TEST_STEP][PASSED] - if (toString().equalsIgnoreCase("yes")): Object 'Object Repository/Make Appointment/chk_box' is checked

2023-08-25 10:40:56 - [TEST_STEP][PASSED] - check(findTestObject("Make Appointment/chk_box")): Object 'Object Repository/Make Appointment/chk_box' is checked

2023-08-25 10:41:52 - [MESSAGE][PASSED] - Object 'Object Repository/Make Appointment/chk_box' is checked

2023-08-25 10:41:52 - [TEST_STEP][PASSED] - if (toString().equalsIgnoreCase("Medicare")): null

2023-08-25 10:41:52 - [TEST_STEP][PASSED] - else if (toString().equalsIgnoreCase("Medicaid")): Object 'Object Repository/Make Appointment/Radio_Medicaid_programs' is checked

2023-08-25 10:41:52 - [TEST_STEP][PASSED] - check(findTestObject("Object Repository/Make Appointment/Radio_Medicaid_programs")): Object 'Object Repository/Make Appointment/Radio_Medicaid_programs' is checked

2023-08-25 10:41:52 - [MESSAGE][PASSED] - Object 'Object Repository/Make Appointment/Radio_Medicaid_programs' is checked

2023-08-25 10:41:52 - [TEST_STEP][PASSED] - setText(findTestObject("Make Appointment/input_Visit Date (Required)"), visit_date): Text '23/08/2023' is set on object 'Object Repository/Make Appointment/input_Visit Date (Required)'

2023-08-25 10:41:53 - [MESSAGE][PASSED] - Text '23/08/2023' is set on object 'Object Repository/Make Appointment/input_Visit Date (Required)'

2023-08-25 10:41:53 - [TEST_STEP][PASSED] - setText(findTestObject("Make Appointment/textarea_Comment"), comment): Text 'saya pasien' is set on object 'Object Repository/Make Appointment/textarea_Comment'

2023-08-25 10:41:55 - [MESSAGE][PASSED] - Text 'saya pasien' is set on object 'Object Repository/Make Appointment/textarea_Comment'

2023-08-25 10:41:55 - [TEST_STEP][PASSED] - click(findTestObject("Make Appointment/button_Book Appointment")): Object: 'Object Repository/Make Appointment/button_Book Appointment' is clicked on

2023-08-25 10:41:57 - [MESSAGE][PASSED] - Object: 'Object Repository/Make Appointment/button_Book Appointment' is clicked on

2023-08-25 10:41:57 - [TEST_STEP][PASSED] - verifyElementPresent(findTestObject("Make Appointment/title_Appointment Confirmation"), 0): Object 'Object Repository/Make Appointment/title_Appointment Confirmation' is present

2023-08-25 10:41:57 - [MESSAGE][WARNING] - Timeout '0' is invalid. Using default page load timeout: '10'

2023-08-25 10:41:57 - [MESSAGE][PASSED] - Object 'Object Repository/Make Appointment/title_Appointment Confirmation' is present

2023-08-25 10:41:57 - [TEST_STEP][PASSED] - hasil_facility = getText(findTestObject("Object Repository/Make Appointment/hasil_facility")): Text of object 'Object Repository/Make Appointment/hasil_facility' is: 'Hongkong CURA Healthcare Center'

2023-08-25 10:41:58 - [MESSAGE][PASSED] - Text of object 'Object Repository/Make Appointment/hasil_facility' is: 'Hongkong CURA Healthcare Center'

2023-08-25 10:41:58 - [TEST_STEP][PASSED] - hasil_healthcare_program = getText(findTestObject("Object Repository/Make Appointment/hasil_healtycare_program")): Text of object 'Object Repository/Make Appointment/hasil_healtycare_program' is: 'Medicaid'

2023-08-25 10:41:58 - [MESSAGE][PASSED] - Text of object 'Object Repository/Make Appointment/hasil_healtycare_program' is: 'Medicaid'

2023-08-25 10:41:58 - [TEST_STEP][PASSED] - hasil_visit_date = getText(findTestObject("Object Repository/Make Appointment/hasil_visit_date")): Text of object 'Object Repository/Make Appointment/hasil_visit_date' is: '23/08/2023'

2023-08-25 10:41:58 - [MESSAGE][PASSED] - Text of object 'Object Repository/Make Appointment/hasil_visit_date' is: '23/08/2023'

2023-08-25 10:41:58 - [TEST_STEP][PASSED] - hasil_commend = getText(findTestObject("Object Repository/Make Appointment/hasil_commend")): Text of object 'Object Repository/Make Appointment/hasil_commend' is: 'saya pasien'

2023-08-25 10:41:58 - [MESSAGE][PASSED] - Text of object 'Object Repository/Make Appointment/hasil_commend' is: 'saya pasien'

2023-08-25 10:41:58 - [TEST_STEP][PASSED] - hasil_chkbox = getText(findTestObject("Object Repository/Make Appointment/hasil_chkbox")): Text of object 'Object Repository/Make Appointment/hasil_chkbox' is: 'Yes'

2023-08-25 10:41:59 - [MESSAGE][PASSED] - Text of object 'Object Repository/Make Appointment/hasil_chkbox' is: 'Yes'

2023-08-25 10:41:59 - [TEST_STEP][PASSED] - assert trim().equalsIgnoreCase(facility.trim()): null

2023-08-25 10:41:59 - [TEST_STEP][PASSED] - assert trim().equalsIgnoreCase(healthcare_program.trim()): null

2023-08-25 10:41:59 - [TEST_STEP][PASSED] - assert trim().equalsIgnoreCase(visit_date.trim()): null

2023-08-25 10:41:59 - [TEST_STEP][PASSED] - assert trim().equalsIgnoreCase(comment.trim()): null

2023-08-25 10:41:59 - [TEST_STEP][PASSED] - assert trim().equalsIgnoreCase(hospital_readmission.trim()): null]]></system-out>
         <system-err><![CDATA[]]></system-err>
      </testcase>
      <testcase name="Test Cases/Appointment/Test Case 2.1 - dinamis" time="16.932" classname="Test Cases/Appointment/Test Case 2.1 - dinamis" status="PASSED">
         <system-out><![CDATA[2023-08-25 10:41:59 - [TEST_CASE][PASSED] - Test Cases/Appointment/Test Case 2.1 - dinamis: Test Cases/Appointment/Test Case 2.1 - dinamis

2023-08-25 10:41:59 - [TEST_STEP][PASSED] - callTestCase(findTestCase("Login/Test Case 1.1(Record)"), ["username":username, "password":password], STOP_ON_FAILURE): Call Test Case 'Test Cases/Login/Test Case 1.1(Record)' successfully

2023-08-25 10:41:59 - [TEST_CASE][PASSED] - Test Cases/Login/Test Case 1.1(Record): Test Cases/Login/Test Case 1.1(Record)

2023-08-25 10:41:59 - [TEST_STEP][PASSED] - openBrowser(""): Browser is opened with url: ''

2023-08-25 10:41:59 - [MESSAGE][WARNING] - A browser is already opened. Closing browser and opening a new one

2023-08-25 10:41:59 - [MESSAGE][INFO] - Starting 'Firefox' driver

2023-08-25 10:41:59 - [MESSAGE][INFO] - Action delay is set to 0 milliseconds

2023-08-25 10:42:03 - [MESSAGE][PASSED] - Browser is opened with url: ''

2023-08-25 10:42:03 - [TEST_STEP][PASSED] - maximizeWindow(): Current window maximized

2023-08-25 10:42:03 - [MESSAGE][PASSED] - Current window maximized

2023-08-25 10:42:03 - [TEST_STEP][PASSED] - navigateToUrl("https://katalon-demo-cura.herokuapp.com/"): Navigate to 'https://katalon-demo-cura.herokuapp.com/' successfully

2023-08-25 10:42:06 - [MESSAGE][PASSED] - Navigate to 'https://katalon-demo-cura.herokuapp.com/' successfully

2023-08-25 10:42:06 - [TEST_STEP][PASSED] - click(findTestObject("Object Repository/h1_CURA Healthcare Service")): Object: 'Object Repository/h1_CURA Healthcare Service' is clicked on

2023-08-25 10:42:06 - [MESSAGE][PASSED] - Object: 'Object Repository/h1_CURA Healthcare Service' is clicked on

2023-08-25 10:42:06 - [TEST_STEP][PASSED] - click(findTestObject("Object Repository/i_CURA Healthcare_fa fa-bars")): Object: 'Object Repository/i_CURA Healthcare_fa fa-bars' is clicked on

2023-08-25 10:42:07 - [MESSAGE][PASSED] - Object: 'Object Repository/i_CURA Healthcare_fa fa-bars' is clicked on

2023-08-25 10:42:07 - [TEST_STEP][PASSED] - click(findTestObject("Object Repository/a_Login")): Object: 'Object Repository/a_Login' is clicked on

2023-08-25 10:42:08 - [MESSAGE][PASSED] - Object: 'Object Repository/a_Login' is clicked on

2023-08-25 10:42:08 - [TEST_STEP][PASSED] - setText(findTestObject("Object Repository/input_Username_username"), username): Text 'John Doe' is set on object 'Object Repository/input_Username_username'

2023-08-25 10:42:08 - [MESSAGE][PASSED] - Text 'John Doe' is set on object 'Object Repository/input_Username_username'

2023-08-25 10:42:08 - [TEST_STEP][PASSED] - setEncryptedText(findTestObject("Object Repository/input_Password_password"), password): Text ****** has been set on object 'Object Repository/input_Password_password'

2023-08-25 10:42:08 - [MESSAGE][PASSED] - Text ****** has been set on object 'Object Repository/input_Password_password'

2023-08-25 10:42:08 - [TEST_STEP][PASSED] - click(findTestObject("Object Repository/button_Login")): Object: 'Object Repository/button_Login' is clicked on

2023-08-25 10:42:09 - [MESSAGE][PASSED] - Object: 'Object Repository/button_Login' is clicked on

2023-08-25 10:42:09 - [MESSAGE][PASSED] - Call Test Case 'Test Cases/Login/Test Case 1.1(Record)' successfully

2023-08-25 10:42:09 - [TEST_STEP][PASSED] - selectOptionByValue(findTestObject("Make Appointment/dropdown_facility"), facility, false): All options with value 'Hongkong CURA Healthcare Center' are selected in object 'Object Repository/Make Appointment/dropdown_facility' 

2023-08-25 10:42:10 - [MESSAGE][PASSED] - All options with value 'Hongkong CURA Healthcare Center' are selected in object 'Object Repository/Make Appointment/dropdown_facility' 

2023-08-25 10:42:10 - [TEST_STEP][PASSED] - if (toString().equalsIgnoreCase("yes")): Object 'Object Repository/Make Appointment/chk_box' is checked

2023-08-25 10:42:10 - [TEST_STEP][PASSED] - check(findTestObject("Make Appointment/chk_box")): Object 'Object Repository/Make Appointment/chk_box' is checked

2023-08-25 10:42:11 - [MESSAGE][PASSED] - Object 'Object Repository/Make Appointment/chk_box' is checked

2023-08-25 10:42:11 - [TEST_STEP][PASSED] - if (toString().equalsIgnoreCase("Medicare")): null

2023-08-25 10:42:11 - [TEST_STEP][PASSED] - else if (toString().equalsIgnoreCase("Medicaid")): null

2023-08-25 10:42:11 - [TEST_STEP][PASSED] - else: Object 'Object Repository/Make Appointment/Radio_None_programs' is checked

2023-08-25 10:42:11 - [TEST_STEP][PASSED] - check(findTestObject("Object Repository/Make Appointment/Radio_None_programs")): Object 'Object Repository/Make Appointment/Radio_None_programs' is checked

2023-08-25 10:42:12 - [MESSAGE][PASSED] - Object 'Object Repository/Make Appointment/Radio_None_programs' is checked

2023-08-25 10:42:12 - [TEST_STEP][PASSED] - setText(findTestObject("Make Appointment/input_Visit Date (Required)"), visit_date): Text '23/08/2023' is set on object 'Object Repository/Make Appointment/input_Visit Date (Required)'

2023-08-25 10:42:12 - [MESSAGE][PASSED] - Text '23/08/2023' is set on object 'Object Repository/Make Appointment/input_Visit Date (Required)'

2023-08-25 10:42:12 - [TEST_STEP][PASSED] - setText(findTestObject("Make Appointment/textarea_Comment"), comment): Text 'saya pasien' is set on object 'Object Repository/Make Appointment/textarea_Comment'

2023-08-25 10:42:13 - [MESSAGE][PASSED] - Text 'saya pasien' is set on object 'Object Repository/Make Appointment/textarea_Comment'

2023-08-25 10:42:13 - [TEST_STEP][PASSED] - click(findTestObject("Make Appointment/button_Book Appointment")): Object: 'Object Repository/Make Appointment/button_Book Appointment' is clicked on

2023-08-25 10:42:14 - [MESSAGE][PASSED] - Object: 'Object Repository/Make Appointment/button_Book Appointment' is clicked on

2023-08-25 10:42:14 - [TEST_STEP][PASSED] - verifyElementPresent(findTestObject("Make Appointment/title_Appointment Confirmation"), 0): Object 'Object Repository/Make Appointment/title_Appointment Confirmation' is present

2023-08-25 10:42:14 - [MESSAGE][WARNING] - Timeout '0' is invalid. Using default page load timeout: '10'

2023-08-25 10:42:14 - [MESSAGE][PASSED] - Object 'Object Repository/Make Appointment/title_Appointment Confirmation' is present

2023-08-25 10:42:14 - [TEST_STEP][PASSED] - hasil_facility = getText(findTestObject("Object Repository/Make Appointment/hasil_facility")): Text of object 'Object Repository/Make Appointment/hasil_facility' is: 'Hongkong CURA Healthcare Center'

2023-08-25 10:42:15 - [MESSAGE][PASSED] - Text of object 'Object Repository/Make Appointment/hasil_facility' is: 'Hongkong CURA Healthcare Center'

2023-08-25 10:42:15 - [TEST_STEP][PASSED] - hasil_healthcare_program = getText(findTestObject("Object Repository/Make Appointment/hasil_healtycare_program")): Text of object 'Object Repository/Make Appointment/hasil_healtycare_program' is: 'None'

2023-08-25 10:42:15 - [MESSAGE][PASSED] - Text of object 'Object Repository/Make Appointment/hasil_healtycare_program' is: 'None'

2023-08-25 10:42:15 - [TEST_STEP][PASSED] - hasil_visit_date = getText(findTestObject("Object Repository/Make Appointment/hasil_visit_date")): Text of object 'Object Repository/Make Appointment/hasil_visit_date' is: '23/08/2023'

2023-08-25 10:42:15 - [MESSAGE][PASSED] - Text of object 'Object Repository/Make Appointment/hasil_visit_date' is: '23/08/2023'

2023-08-25 10:42:15 - [TEST_STEP][PASSED] - hasil_commend = getText(findTestObject("Object Repository/Make Appointment/hasil_commend")): Text of object 'Object Repository/Make Appointment/hasil_commend' is: 'saya pasien'

2023-08-25 10:42:15 - [MESSAGE][PASSED] - Text of object 'Object Repository/Make Appointment/hasil_commend' is: 'saya pasien'

2023-08-25 10:42:15 - [TEST_STEP][PASSED] - hasil_chkbox = getText(findTestObject("Object Repository/Make Appointment/hasil_chkbox")): Text of object 'Object Repository/Make Appointment/hasil_chkbox' is: 'Yes'

2023-08-25 10:42:16 - [MESSAGE][PASSED] - Text of object 'Object Repository/Make Appointment/hasil_chkbox' is: 'Yes'

2023-08-25 10:42:16 - [TEST_STEP][PASSED] - assert trim().equalsIgnoreCase(facility.trim()): null

2023-08-25 10:42:16 - [TEST_STEP][PASSED] - assert trim().equalsIgnoreCase(healthcare_program.trim()): null

2023-08-25 10:42:16 - [TEST_STEP][PASSED] - assert trim().equalsIgnoreCase(visit_date.trim()): null

2023-08-25 10:42:16 - [TEST_STEP][PASSED] - assert trim().equalsIgnoreCase(comment.trim()): null

2023-08-25 10:42:16 - [TEST_STEP][PASSED] - assert trim().equalsIgnoreCase(hospital_readmission.trim()): null]]></system-out>
         <system-err><![CDATA[]]></system-err>
      </testcase>
      <testcase name="Test Cases/Appointment/Test Case 2.1 - dinamis" time="14.58" classname="Test Cases/Appointment/Test Case 2.1 - dinamis" status="PASSED">
         <system-out><![CDATA[2023-08-25 10:42:16 - [TEST_CASE][PASSED] - Test Cases/Appointment/Test Case 2.1 - dinamis: Test Cases/Appointment/Test Case 2.1 - dinamis

2023-08-25 10:42:16 - [TEST_STEP][PASSED] - callTestCase(findTestCase("Login/Test Case 1.1(Record)"), ["username":username, "password":password], STOP_ON_FAILURE): Call Test Case 'Test Cases/Login/Test Case 1.1(Record)' successfully

2023-08-25 10:42:16 - [TEST_CASE][PASSED] - Test Cases/Login/Test Case 1.1(Record): Test Cases/Login/Test Case 1.1(Record)

2023-08-25 10:42:16 - [TEST_STEP][PASSED] - openBrowser(""): Browser is opened with url: ''

2023-08-25 10:42:16 - [MESSAGE][WARNING] - A browser is already opened. Closing browser and opening a new one

2023-08-25 10:42:16 - [MESSAGE][INFO] - Starting 'Firefox' driver

2023-08-25 10:42:16 - [MESSAGE][INFO] - Action delay is set to 0 milliseconds

2023-08-25 10:42:18 - [MESSAGE][PASSED] - Browser is opened with url: ''

2023-08-25 10:42:18 - [TEST_STEP][PASSED] - maximizeWindow(): Current window maximized

2023-08-25 10:42:19 - [MESSAGE][PASSED] - Current window maximized

2023-08-25 10:42:19 - [TEST_STEP][PASSED] - navigateToUrl("https://katalon-demo-cura.herokuapp.com/"): Navigate to 'https://katalon-demo-cura.herokuapp.com/' successfully

2023-08-25 10:42:21 - [MESSAGE][PASSED] - Navigate to 'https://katalon-demo-cura.herokuapp.com/' successfully

2023-08-25 10:42:21 - [TEST_STEP][PASSED] - click(findTestObject("Object Repository/h1_CURA Healthcare Service")): Object: 'Object Repository/h1_CURA Healthcare Service' is clicked on

2023-08-25 10:42:22 - [MESSAGE][PASSED] - Object: 'Object Repository/h1_CURA Healthcare Service' is clicked on

2023-08-25 10:42:22 - [TEST_STEP][PASSED] - click(findTestObject("Object Repository/i_CURA Healthcare_fa fa-bars")): Object: 'Object Repository/i_CURA Healthcare_fa fa-bars' is clicked on

2023-08-25 10:42:22 - [MESSAGE][PASSED] - Object: 'Object Repository/i_CURA Healthcare_fa fa-bars' is clicked on

2023-08-25 10:42:22 - [TEST_STEP][PASSED] - click(findTestObject("Object Repository/a_Login")): Object: 'Object Repository/a_Login' is clicked on

2023-08-25 10:42:23 - [MESSAGE][PASSED] - Object: 'Object Repository/a_Login' is clicked on

2023-08-25 10:42:23 - [TEST_STEP][PASSED] - setText(findTestObject("Object Repository/input_Username_username"), username): Text 'John Doe' is set on object 'Object Repository/input_Username_username'

2023-08-25 10:42:24 - [MESSAGE][PASSED] - Text 'John Doe' is set on object 'Object Repository/input_Username_username'

2023-08-25 10:42:24 - [TEST_STEP][PASSED] - setEncryptedText(findTestObject("Object Repository/input_Password_password"), password): Text ****** has been set on object 'Object Repository/input_Password_password'

2023-08-25 10:42:24 - [MESSAGE][PASSED] - Text ****** has been set on object 'Object Repository/input_Password_password'

2023-08-25 10:42:24 - [TEST_STEP][PASSED] - click(findTestObject("Object Repository/button_Login")): Object: 'Object Repository/button_Login' is clicked on

2023-08-25 10:42:25 - [MESSAGE][PASSED] - Object: 'Object Repository/button_Login' is clicked on

2023-08-25 10:42:25 - [MESSAGE][PASSED] - Call Test Case 'Test Cases/Login/Test Case 1.1(Record)' successfully

2023-08-25 10:42:25 - [TEST_STEP][PASSED] - selectOptionByValue(findTestObject("Make Appointment/dropdown_facility"), facility, false): All options with value 'Hongkong CURA Healthcare Center' are selected in object 'Object Repository/Make Appointment/dropdown_facility' 

2023-08-25 10:42:26 - [MESSAGE][PASSED] - All options with value 'Hongkong CURA Healthcare Center' are selected in object 'Object Repository/Make Appointment/dropdown_facility' 

2023-08-25 10:42:26 - [TEST_STEP][PASSED] - if (toString().equalsIgnoreCase("yes")): null

2023-08-25 10:42:26 - [TEST_STEP][PASSED] - if (toString().equalsIgnoreCase("Medicare")): Object 'Object Repository/Make Appointment/Radio_Medicare_programs' is checked

2023-08-25 10:42:26 - [TEST_STEP][PASSED] - check(findTestObject("Object Repository/Make Appointment/Radio_Medicare_programs")): Object 'Object Repository/Make Appointment/Radio_Medicare_programs' is checked

2023-08-25 10:42:26 - [MESSAGE][PASSED] - Object 'Object Repository/Make Appointment/Radio_Medicare_programs' is checked

2023-08-25 10:42:26 - [TEST_STEP][PASSED] - setText(findTestObject("Make Appointment/input_Visit Date (Required)"), visit_date): Text '23/08/2023' is set on object 'Object Repository/Make Appointment/input_Visit Date (Required)'

2023-08-25 10:42:27 - [MESSAGE][PASSED] - Text '23/08/2023' is set on object 'Object Repository/Make Appointment/input_Visit Date (Required)'

2023-08-25 10:42:27 - [TEST_STEP][PASSED] - setText(findTestObject("Make Appointment/textarea_Comment"), comment): Text 'saya pasien' is set on object 'Object Repository/Make Appointment/textarea_Comment'

2023-08-25 10:42:28 - [MESSAGE][PASSED] - Text 'saya pasien' is set on object 'Object Repository/Make Appointment/textarea_Comment'

2023-08-25 10:42:28 - [TEST_STEP][PASSED] - click(findTestObject("Make Appointment/button_Book Appointment")): Object: 'Object Repository/Make Appointment/button_Book Appointment' is clicked on

2023-08-25 10:42:28 - [MESSAGE][PASSED] - Object: 'Object Repository/Make Appointment/button_Book Appointment' is clicked on

2023-08-25 10:42:28 - [TEST_STEP][PASSED] - verifyElementPresent(findTestObject("Make Appointment/title_Appointment Confirmation"), 0): Object 'Object Repository/Make Appointment/title_Appointment Confirmation' is present

2023-08-25 10:42:28 - [MESSAGE][WARNING] - Timeout '0' is invalid. Using default page load timeout: '10'

2023-08-25 10:42:29 - [MESSAGE][PASSED] - Object 'Object Repository/Make Appointment/title_Appointment Confirmation' is present

2023-08-25 10:42:29 - [TEST_STEP][PASSED] - hasil_facility = getText(findTestObject("Object Repository/Make Appointment/hasil_facility")): Text of object 'Object Repository/Make Appointment/hasil_facility' is: 'Hongkong CURA Healthcare Center'

2023-08-25 10:42:29 - [MESSAGE][PASSED] - Text of object 'Object Repository/Make Appointment/hasil_facility' is: 'Hongkong CURA Healthcare Center'

2023-08-25 10:42:29 - [TEST_STEP][PASSED] - hasil_healthcare_program = getText(findTestObject("Object Repository/Make Appointment/hasil_healtycare_program")): Text of object 'Object Repository/Make Appointment/hasil_healtycare_program' is: 'Medicare'

2023-08-25 10:42:29 - [MESSAGE][PASSED] - Text of object 'Object Repository/Make Appointment/hasil_healtycare_program' is: 'Medicare'

2023-08-25 10:42:29 - [TEST_STEP][PASSED] - hasil_visit_date = getText(findTestObject("Object Repository/Make Appointment/hasil_visit_date")): Text of object 'Object Repository/Make Appointment/hasil_visit_date' is: '23/08/2023'

2023-08-25 10:42:30 - [MESSAGE][PASSED] - Text of object 'Object Repository/Make Appointment/hasil_visit_date' is: '23/08/2023'

2023-08-25 10:42:30 - [TEST_STEP][PASSED] - hasil_commend = getText(findTestObject("Object Repository/Make Appointment/hasil_commend")): Text of object 'Object Repository/Make Appointment/hasil_commend' is: 'saya pasien'

2023-08-25 10:42:30 - [MESSAGE][PASSED] - Text of object 'Object Repository/Make Appointment/hasil_commend' is: 'saya pasien'

2023-08-25 10:42:30 - [TEST_STEP][PASSED] - hasil_chkbox = getText(findTestObject("Object Repository/Make Appointment/hasil_chkbox")): Text of object 'Object Repository/Make Appointment/hasil_chkbox' is: 'No'

2023-08-25 10:42:30 - [MESSAGE][PASSED] - Text of object 'Object Repository/Make Appointment/hasil_chkbox' is: 'No'

2023-08-25 10:42:30 - [TEST_STEP][PASSED] - assert trim().equalsIgnoreCase(facility.trim()): null

2023-08-25 10:42:30 - [TEST_STEP][PASSED] - assert trim().equalsIgnoreCase(healthcare_program.trim()): null

2023-08-25 10:42:30 - [TEST_STEP][PASSED] - assert trim().equalsIgnoreCase(visit_date.trim()): null

2023-08-25 10:42:30 - [TEST_STEP][PASSED] - assert trim().equalsIgnoreCase(comment.trim()): null

2023-08-25 10:42:30 - [TEST_STEP][PASSED] - assert trim().equalsIgnoreCase(hospital_readmission.trim()): null]]></system-out>
         <system-err><![CDATA[]]></system-err>
      </testcase>
      <testcase name="Test Cases/Appointment/Test Case 2.1 - dinamis" time="14.606" classname="Test Cases/Appointment/Test Case 2.1 - dinamis" status="PASSED">
         <system-out><![CDATA[2023-08-25 10:42:30 - [TEST_CASE][PASSED] - Test Cases/Appointment/Test Case 2.1 - dinamis: Test Cases/Appointment/Test Case 2.1 - dinamis

2023-08-25 10:42:30 - [TEST_STEP][PASSED] - callTestCase(findTestCase("Login/Test Case 1.1(Record)"), ["username":username, "password":password], STOP_ON_FAILURE): Call Test Case 'Test Cases/Login/Test Case 1.1(Record)' successfully

2023-08-25 10:42:30 - [TEST_CASE][PASSED] - Test Cases/Login/Test Case 1.1(Record): Test Cases/Login/Test Case 1.1(Record)

2023-08-25 10:42:30 - [TEST_STEP][PASSED] - openBrowser(""): Browser is opened with url: ''

2023-08-25 10:42:30 - [MESSAGE][WARNING] - A browser is already opened. Closing browser and opening a new one

2023-08-25 10:42:31 - [MESSAGE][INFO] - Starting 'Firefox' driver

2023-08-25 10:42:31 - [MESSAGE][INFO] - Action delay is set to 0 milliseconds

2023-08-25 10:42:33 - [MESSAGE][PASSED] - Browser is opened with url: ''

2023-08-25 10:42:33 - [TEST_STEP][PASSED] - maximizeWindow(): Current window maximized

2023-08-25 10:42:33 - [MESSAGE][PASSED] - Current window maximized

2023-08-25 10:42:33 - [TEST_STEP][PASSED] - navigateToUrl("https://katalon-demo-cura.herokuapp.com/"): Navigate to 'https://katalon-demo-cura.herokuapp.com/' successfully

2023-08-25 10:42:36 - [MESSAGE][PASSED] - Navigate to 'https://katalon-demo-cura.herokuapp.com/' successfully

2023-08-25 10:42:36 - [TEST_STEP][PASSED] - click(findTestObject("Object Repository/h1_CURA Healthcare Service")): Object: 'Object Repository/h1_CURA Healthcare Service' is clicked on

2023-08-25 10:42:36 - [MESSAGE][PASSED] - Object: 'Object Repository/h1_CURA Healthcare Service' is clicked on

2023-08-25 10:42:36 - [TEST_STEP][PASSED] - click(findTestObject("Object Repository/i_CURA Healthcare_fa fa-bars")): Object: 'Object Repository/i_CURA Healthcare_fa fa-bars' is clicked on

2023-08-25 10:42:37 - [MESSAGE][PASSED] - Object: 'Object Repository/i_CURA Healthcare_fa fa-bars' is clicked on

2023-08-25 10:42:37 - [TEST_STEP][PASSED] - click(findTestObject("Object Repository/a_Login")): Object: 'Object Repository/a_Login' is clicked on

2023-08-25 10:42:38 - [MESSAGE][PASSED] - Object: 'Object Repository/a_Login' is clicked on

2023-08-25 10:42:38 - [TEST_STEP][PASSED] - setText(findTestObject("Object Repository/input_Username_username"), username): Text 'John Doe' is set on object 'Object Repository/input_Username_username'

2023-08-25 10:42:38 - [MESSAGE][PASSED] - Text 'John Doe' is set on object 'Object Repository/input_Username_username'

2023-08-25 10:42:38 - [TEST_STEP][PASSED] - setEncryptedText(findTestObject("Object Repository/input_Password_password"), password): Text ****** has been set on object 'Object Repository/input_Password_password'

2023-08-25 10:42:39 - [MESSAGE][PASSED] - Text ****** has been set on object 'Object Repository/input_Password_password'

2023-08-25 10:42:39 - [TEST_STEP][PASSED] - click(findTestObject("Object Repository/button_Login")): Object: 'Object Repository/button_Login' is clicked on

2023-08-25 10:42:39 - [MESSAGE][PASSED] - Object: 'Object Repository/button_Login' is clicked on

2023-08-25 10:42:39 - [MESSAGE][PASSED] - Call Test Case 'Test Cases/Login/Test Case 1.1(Record)' successfully

2023-08-25 10:42:39 - [TEST_STEP][PASSED] - selectOptionByValue(findTestObject("Make Appointment/dropdown_facility"), facility, false): All options with value 'Hongkong CURA Healthcare Center' are selected in object 'Object Repository/Make Appointment/dropdown_facility' 

2023-08-25 10:42:40 - [MESSAGE][PASSED] - All options with value 'Hongkong CURA Healthcare Center' are selected in object 'Object Repository/Make Appointment/dropdown_facility' 

2023-08-25 10:42:40 - [TEST_STEP][PASSED] - if (toString().equalsIgnoreCase("yes")): null

2023-08-25 10:42:40 - [TEST_STEP][PASSED] - if (toString().equalsIgnoreCase("Medicare")): null

2023-08-25 10:42:40 - [TEST_STEP][PASSED] - else if (toString().equalsIgnoreCase("Medicaid")): Object 'Object Repository/Make Appointment/Radio_Medicaid_programs' is checked

2023-08-25 10:42:40 - [TEST_STEP][PASSED] - check(findTestObject("Object Repository/Make Appointment/Radio_Medicaid_programs")): Object 'Object Repository/Make Appointment/Radio_Medicaid_programs' is checked

2023-08-25 10:42:41 - [MESSAGE][PASSED] - Object 'Object Repository/Make Appointment/Radio_Medicaid_programs' is checked

2023-08-25 10:42:41 - [TEST_STEP][PASSED] - setText(findTestObject("Make Appointment/input_Visit Date (Required)"), visit_date): Text '23/08/2023' is set on object 'Object Repository/Make Appointment/input_Visit Date (Required)'

2023-08-25 10:42:42 - [MESSAGE][PASSED] - Text '23/08/2023' is set on object 'Object Repository/Make Appointment/input_Visit Date (Required)'

2023-08-25 10:42:42 - [TEST_STEP][PASSED] - setText(findTestObject("Make Appointment/textarea_Comment"), comment): Text 'saya pasien' is set on object 'Object Repository/Make Appointment/textarea_Comment'

2023-08-25 10:42:42 - [MESSAGE][PASSED] - Text 'saya pasien' is set on object 'Object Repository/Make Appointment/textarea_Comment'

2023-08-25 10:42:42 - [TEST_STEP][PASSED] - click(findTestObject("Make Appointment/button_Book Appointment")): Object: 'Object Repository/Make Appointment/button_Book Appointment' is clicked on

2023-08-25 10:42:43 - [MESSAGE][PASSED] - Object: 'Object Repository/Make Appointment/button_Book Appointment' is clicked on

2023-08-25 10:42:43 - [TEST_STEP][PASSED] - verifyElementPresent(findTestObject("Make Appointment/title_Appointment Confirmation"), 0): Object 'Object Repository/Make Appointment/title_Appointment Confirmation' is present

2023-08-25 10:42:43 - [MESSAGE][WARNING] - Timeout '0' is invalid. Using default page load timeout: '10'

2023-08-25 10:42:44 - [MESSAGE][PASSED] - Object 'Object Repository/Make Appointment/title_Appointment Confirmation' is present

2023-08-25 10:42:44 - [TEST_STEP][PASSED] - hasil_facility = getText(findTestObject("Object Repository/Make Appointment/hasil_facility")): Text of object 'Object Repository/Make Appointment/hasil_facility' is: 'Hongkong CURA Healthcare Center'

2023-08-25 10:42:44 - [MESSAGE][PASSED] - Text of object 'Object Repository/Make Appointment/hasil_facility' is: 'Hongkong CURA Healthcare Center'

2023-08-25 10:42:44 - [TEST_STEP][PASSED] - hasil_healthcare_program = getText(findTestObject("Object Repository/Make Appointment/hasil_healtycare_program")): Text of object 'Object Repository/Make Appointment/hasil_healtycare_program' is: 'Medicaid'

2023-08-25 10:42:44 - [MESSAGE][PASSED] - Text of object 'Object Repository/Make Appointment/hasil_healtycare_program' is: 'Medicaid'

2023-08-25 10:42:44 - [TEST_STEP][PASSED] - hasil_visit_date = getText(findTestObject("Object Repository/Make Appointment/hasil_visit_date")): Text of object 'Object Repository/Make Appointment/hasil_visit_date' is: '23/08/2023'

2023-08-25 10:42:44 - [MESSAGE][PASSED] - Text of object 'Object Repository/Make Appointment/hasil_visit_date' is: '23/08/2023'

2023-08-25 10:42:44 - [TEST_STEP][PASSED] - hasil_commend = getText(findTestObject("Object Repository/Make Appointment/hasil_commend")): Text of object 'Object Repository/Make Appointment/hasil_commend' is: 'saya pasien'

2023-08-25 10:42:45 - [MESSAGE][PASSED] - Text of object 'Object Repository/Make Appointment/hasil_commend' is: 'saya pasien'

2023-08-25 10:42:45 - [TEST_STEP][PASSED] - hasil_chkbox = getText(findTestObject("Object Repository/Make Appointment/hasil_chkbox")): Text of object 'Object Repository/Make Appointment/hasil_chkbox' is: 'No'

2023-08-25 10:42:45 - [MESSAGE][PASSED] - Text of object 'Object Repository/Make Appointment/hasil_chkbox' is: 'No'

2023-08-25 10:42:45 - [TEST_STEP][PASSED] - assert trim().equalsIgnoreCase(facility.trim()): null

2023-08-25 10:42:45 - [TEST_STEP][PASSED] - assert trim().equalsIgnoreCase(healthcare_program.trim()): null

2023-08-25 10:42:45 - [TEST_STEP][PASSED] - assert trim().equalsIgnoreCase(visit_date.trim()): null

2023-08-25 10:42:45 - [TEST_STEP][PASSED] - assert trim().equalsIgnoreCase(comment.trim()): null

2023-08-25 10:42:45 - [TEST_STEP][PASSED] - assert trim().equalsIgnoreCase(hospital_readmission.trim()): null]]></system-out>
         <system-err><![CDATA[]]></system-err>
      </testcase>
      <testcase name="Test Cases/Appointment/Test Case 2.1 - dinamis" time="14.77" classname="Test Cases/Appointment/Test Case 2.1 - dinamis" status="PASSED">
         <system-out><![CDATA[2023-08-25 10:42:45 - [TEST_CASE][PASSED] - Test Cases/Appointment/Test Case 2.1 - dinamis: Test Cases/Appointment/Test Case 2.1 - dinamis

2023-08-25 10:42:45 - [TEST_STEP][PASSED] - callTestCase(findTestCase("Login/Test Case 1.1(Record)"), ["username":username, "password":password], STOP_ON_FAILURE): Call Test Case 'Test Cases/Login/Test Case 1.1(Record)' successfully

2023-08-25 10:42:45 - [TEST_CASE][PASSED] - Test Cases/Login/Test Case 1.1(Record): Test Cases/Login/Test Case 1.1(Record)

2023-08-25 10:42:45 - [TEST_STEP][PASSED] - openBrowser(""): Browser is opened with url: ''

2023-08-25 10:42:45 - [MESSAGE][WARNING] - A browser is already opened. Closing browser and opening a new one

2023-08-25 10:42:46 - [MESSAGE][INFO] - Starting 'Firefox' driver

2023-08-25 10:42:46 - [MESSAGE][INFO] - Action delay is set to 0 milliseconds

2023-08-25 10:42:48 - [MESSAGE][PASSED] - Browser is opened with url: ''

2023-08-25 10:42:48 - [TEST_STEP][PASSED] - maximizeWindow(): Current window maximized

2023-08-25 10:42:48 - [MESSAGE][PASSED] - Current window maximized

2023-08-25 10:42:48 - [TEST_STEP][PASSED] - navigateToUrl("https://katalon-demo-cura.herokuapp.com/"): Navigate to 'https://katalon-demo-cura.herokuapp.com/' successfully

2023-08-25 10:42:50 - [MESSAGE][PASSED] - Navigate to 'https://katalon-demo-cura.herokuapp.com/' successfully

2023-08-25 10:42:50 - [TEST_STEP][PASSED] - click(findTestObject("Object Repository/h1_CURA Healthcare Service")): Object: 'Object Repository/h1_CURA Healthcare Service' is clicked on

2023-08-25 10:42:51 - [MESSAGE][PASSED] - Object: 'Object Repository/h1_CURA Healthcare Service' is clicked on

2023-08-25 10:42:51 - [TEST_STEP][PASSED] - click(findTestObject("Object Repository/i_CURA Healthcare_fa fa-bars")): Object: 'Object Repository/i_CURA Healthcare_fa fa-bars' is clicked on

2023-08-25 10:42:52 - [MESSAGE][PASSED] - Object: 'Object Repository/i_CURA Healthcare_fa fa-bars' is clicked on

2023-08-25 10:42:52 - [TEST_STEP][PASSED] - click(findTestObject("Object Repository/a_Login")): Object: 'Object Repository/a_Login' is clicked on

2023-08-25 10:42:52 - [MESSAGE][PASSED] - Object: 'Object Repository/a_Login' is clicked on

2023-08-25 10:42:52 - [TEST_STEP][PASSED] - setText(findTestObject("Object Repository/input_Username_username"), username): Text 'John Doe' is set on object 'Object Repository/input_Username_username'

2023-08-25 10:42:53 - [MESSAGE][PASSED] - Text 'John Doe' is set on object 'Object Repository/input_Username_username'

2023-08-25 10:42:53 - [TEST_STEP][PASSED] - setEncryptedText(findTestObject("Object Repository/input_Password_password"), password): Text ****** has been set on object 'Object Repository/input_Password_password'

2023-08-25 10:42:53 - [MESSAGE][PASSED] - Text ****** has been set on object 'Object Repository/input_Password_password'

2023-08-25 10:42:53 - [TEST_STEP][PASSED] - click(findTestObject("Object Repository/button_Login")): Object: 'Object Repository/button_Login' is clicked on

2023-08-25 10:42:54 - [MESSAGE][PASSED] - Object: 'Object Repository/button_Login' is clicked on

2023-08-25 10:42:54 - [MESSAGE][PASSED] - Call Test Case 'Test Cases/Login/Test Case 1.1(Record)' successfully

2023-08-25 10:42:54 - [TEST_STEP][PASSED] - selectOptionByValue(findTestObject("Make Appointment/dropdown_facility"), facility, false): All options with value 'Seoul CURA Healthcare Center' are selected in object 'Object Repository/Make Appointment/dropdown_facility' 

2023-08-25 10:42:55 - [MESSAGE][PASSED] - All options with value 'Seoul CURA Healthcare Center' are selected in object 'Object Repository/Make Appointment/dropdown_facility' 

2023-08-25 10:42:55 - [TEST_STEP][PASSED] - if (toString().equalsIgnoreCase("yes")): Object 'Object Repository/Make Appointment/chk_box' is checked

2023-08-25 10:42:55 - [TEST_STEP][PASSED] - check(findTestObject("Make Appointment/chk_box")): Object 'Object Repository/Make Appointment/chk_box' is checked

2023-08-25 10:42:55 - [MESSAGE][PASSED] - Object 'Object Repository/Make Appointment/chk_box' is checked

2023-08-25 10:42:55 - [TEST_STEP][PASSED] - if (toString().equalsIgnoreCase("Medicare")): Object 'Object Repository/Make Appointment/Radio_Medicare_programs' is checked

2023-08-25 10:42:55 - [TEST_STEP][PASSED] - check(findTestObject("Object Repository/Make Appointment/Radio_Medicare_programs")): Object 'Object Repository/Make Appointment/Radio_Medicare_programs' is checked

2023-08-25 10:42:56 - [MESSAGE][PASSED] - Object 'Object Repository/Make Appointment/Radio_Medicare_programs' is checked

2023-08-25 10:42:56 - [TEST_STEP][PASSED] - setText(findTestObject("Make Appointment/input_Visit Date (Required)"), visit_date): Text '23/08/2023' is set on object 'Object Repository/Make Appointment/input_Visit Date (Required)'

2023-08-25 10:42:57 - [MESSAGE][PASSED] - Text '23/08/2023' is set on object 'Object Repository/Make Appointment/input_Visit Date (Required)'

2023-08-25 10:42:57 - [TEST_STEP][PASSED] - setText(findTestObject("Make Appointment/textarea_Comment"), comment): Text 'saya pasien' is set on object 'Object Repository/Make Appointment/textarea_Comment'

2023-08-25 10:42:57 - [MESSAGE][PASSED] - Text 'saya pasien' is set on object 'Object Repository/Make Appointment/textarea_Comment'

2023-08-25 10:42:57 - [TEST_STEP][PASSED] - click(findTestObject("Make Appointment/button_Book Appointment")): Object: 'Object Repository/Make Appointment/button_Book Appointment' is clicked on

2023-08-25 10:42:58 - [MESSAGE][PASSED] - Object: 'Object Repository/Make Appointment/button_Book Appointment' is clicked on

2023-08-25 10:42:58 - [TEST_STEP][PASSED] - verifyElementPresent(findTestObject("Make Appointment/title_Appointment Confirmation"), 0): Object 'Object Repository/Make Appointment/title_Appointment Confirmation' is present

2023-08-25 10:42:58 - [MESSAGE][WARNING] - Timeout '0' is invalid. Using default page load timeout: '10'

2023-08-25 10:42:58 - [MESSAGE][PASSED] - Object 'Object Repository/Make Appointment/title_Appointment Confirmation' is present

2023-08-25 10:42:58 - [TEST_STEP][PASSED] - hasil_facility = getText(findTestObject("Object Repository/Make Appointment/hasil_facility")): Text of object 'Object Repository/Make Appointment/hasil_facility' is: 'Seoul CURA Healthcare Center'

2023-08-25 10:42:59 - [MESSAGE][PASSED] - Text of object 'Object Repository/Make Appointment/hasil_facility' is: 'Seoul CURA Healthcare Center'

2023-08-25 10:42:59 - [TEST_STEP][PASSED] - hasil_healthcare_program = getText(findTestObject("Object Repository/Make Appointment/hasil_healtycare_program")): Text of object 'Object Repository/Make Appointment/hasil_healtycare_program' is: 'Medicare'

2023-08-25 10:42:59 - [MESSAGE][PASSED] - Text of object 'Object Repository/Make Appointment/hasil_healtycare_program' is: 'Medicare'

2023-08-25 10:42:59 - [TEST_STEP][PASSED] - hasil_visit_date = getText(findTestObject("Object Repository/Make Appointment/hasil_visit_date")): Text of object 'Object Repository/Make Appointment/hasil_visit_date' is: '23/08/2023'

2023-08-25 10:42:59 - [MESSAGE][PASSED] - Text of object 'Object Repository/Make Appointment/hasil_visit_date' is: '23/08/2023'

2023-08-25 10:42:59 - [TEST_STEP][PASSED] - hasil_commend = getText(findTestObject("Object Repository/Make Appointment/hasil_commend")): Text of object 'Object Repository/Make Appointment/hasil_commend' is: 'saya pasien'

2023-08-25 10:42:59 - [MESSAGE][PASSED] - Text of object 'Object Repository/Make Appointment/hasil_commend' is: 'saya pasien'

2023-08-25 10:42:59 - [TEST_STEP][PASSED] - hasil_chkbox = getText(findTestObject("Object Repository/Make Appointment/hasil_chkbox")): Text of object 'Object Repository/Make Appointment/hasil_chkbox' is: 'Yes'

2023-08-25 10:43:00 - [MESSAGE][PASSED] - Text of object 'Object Repository/Make Appointment/hasil_chkbox' is: 'Yes'

2023-08-25 10:43:00 - [TEST_STEP][PASSED] - assert trim().equalsIgnoreCase(facility.trim()): null

2023-08-25 10:43:00 - [TEST_STEP][PASSED] - assert trim().equalsIgnoreCase(healthcare_program.trim()): null

2023-08-25 10:43:00 - [TEST_STEP][PASSED] - assert trim().equalsIgnoreCase(visit_date.trim()): null

2023-08-25 10:43:00 - [TEST_STEP][PASSED] - assert trim().equalsIgnoreCase(comment.trim()): null

2023-08-25 10:43:00 - [TEST_STEP][PASSED] - assert trim().equalsIgnoreCase(hospital_readmission.trim()): null]]></system-out>
         <system-err><![CDATA[]]></system-err>
      </testcase>
      <testcase name="Test Cases/Appointment/Test Case 2.1 - dinamis" time="15.62" classname="Test Cases/Appointment/Test Case 2.1 - dinamis" status="PASSED">
         <system-out><![CDATA[2023-08-25 10:43:00 - [TEST_CASE][PASSED] - Test Cases/Appointment/Test Case 2.1 - dinamis: Test Cases/Appointment/Test Case 2.1 - dinamis

2023-08-25 10:43:00 - [TEST_STEP][PASSED] - callTestCase(findTestCase("Login/Test Case 1.1(Record)"), ["username":username, "password":password], STOP_ON_FAILURE): Call Test Case 'Test Cases/Login/Test Case 1.1(Record)' successfully

2023-08-25 10:43:00 - [TEST_CASE][PASSED] - Test Cases/Login/Test Case 1.1(Record): Test Cases/Login/Test Case 1.1(Record)

2023-08-25 10:43:00 - [TEST_STEP][PASSED] - openBrowser(""): Browser is opened with url: ''

2023-08-25 10:43:00 - [MESSAGE][WARNING] - A browser is already opened. Closing browser and opening a new one

2023-08-25 10:43:00 - [MESSAGE][INFO] - Starting 'Firefox' driver

2023-08-25 10:43:00 - [MESSAGE][INFO] - Action delay is set to 0 milliseconds

2023-08-25 10:43:02 - [MESSAGE][PASSED] - Browser is opened with url: ''

2023-08-25 10:43:02 - [TEST_STEP][PASSED] - maximizeWindow(): Current window maximized

2023-08-25 10:43:03 - [MESSAGE][PASSED] - Current window maximized

2023-08-25 10:43:03 - [TEST_STEP][PASSED] - navigateToUrl("https://katalon-demo-cura.herokuapp.com/"): Navigate to 'https://katalon-demo-cura.herokuapp.com/' successfully

2023-08-25 10:43:06 - [MESSAGE][PASSED] - Navigate to 'https://katalon-demo-cura.herokuapp.com/' successfully

2023-08-25 10:43:06 - [TEST_STEP][PASSED] - click(findTestObject("Object Repository/h1_CURA Healthcare Service")): Object: 'Object Repository/h1_CURA Healthcare Service' is clicked on

2023-08-25 10:43:06 - [MESSAGE][PASSED] - Object: 'Object Repository/h1_CURA Healthcare Service' is clicked on

2023-08-25 10:43:06 - [TEST_STEP][PASSED] - click(findTestObject("Object Repository/i_CURA Healthcare_fa fa-bars")): Object: 'Object Repository/i_CURA Healthcare_fa fa-bars' is clicked on

2023-08-25 10:43:07 - [MESSAGE][PASSED] - Object: 'Object Repository/i_CURA Healthcare_fa fa-bars' is clicked on

2023-08-25 10:43:07 - [TEST_STEP][PASSED] - click(findTestObject("Object Repository/a_Login")): Object: 'Object Repository/a_Login' is clicked on

2023-08-25 10:43:08 - [MESSAGE][PASSED] - Object: 'Object Repository/a_Login' is clicked on

2023-08-25 10:43:08 - [TEST_STEP][PASSED] - setText(findTestObject("Object Repository/input_Username_username"), username): Text 'John Doe' is set on object 'Object Repository/input_Username_username'

2023-08-25 10:43:08 - [MESSAGE][PASSED] - Text 'John Doe' is set on object 'Object Repository/input_Username_username'

2023-08-25 10:43:08 - [TEST_STEP][PASSED] - setEncryptedText(findTestObject("Object Repository/input_Password_password"), password): Text ****** has been set on object 'Object Repository/input_Password_password'

2023-08-25 10:43:09 - [MESSAGE][PASSED] - Text ****** has been set on object 'Object Repository/input_Password_password'

2023-08-25 10:43:09 - [TEST_STEP][PASSED] - click(findTestObject("Object Repository/button_Login")): Object: 'Object Repository/button_Login' is clicked on

2023-08-25 10:43:09 - [MESSAGE][PASSED] - Object: 'Object Repository/button_Login' is clicked on

2023-08-25 10:43:09 - [MESSAGE][PASSED] - Call Test Case 'Test Cases/Login/Test Case 1.1(Record)' successfully

2023-08-25 10:43:09 - [TEST_STEP][PASSED] - selectOptionByValue(findTestObject("Make Appointment/dropdown_facility"), facility, false): All options with value 'Seoul CURA Healthcare Center' are selected in object 'Object Repository/Make Appointment/dropdown_facility' 

2023-08-25 10:43:10 - [MESSAGE][PASSED] - All options with value 'Seoul CURA Healthcare Center' are selected in object 'Object Repository/Make Appointment/dropdown_facility' 

2023-08-25 10:43:10 - [TEST_STEP][PASSED] - if (toString().equalsIgnoreCase("yes")): Object 'Object Repository/Make Appointment/chk_box' is checked

2023-08-25 10:43:10 - [TEST_STEP][PASSED] - check(findTestObject("Make Appointment/chk_box")): Object 'Object Repository/Make Appointment/chk_box' is checked

2023-08-25 10:43:11 - [MESSAGE][PASSED] - Object 'Object Repository/Make Appointment/chk_box' is checked

2023-08-25 10:43:11 - [TEST_STEP][PASSED] - if (toString().equalsIgnoreCase("Medicare")): null

2023-08-25 10:43:11 - [TEST_STEP][PASSED] - else if (toString().equalsIgnoreCase("Medicaid")): Object 'Object Repository/Make Appointment/Radio_Medicaid_programs' is checked

2023-08-25 10:43:11 - [TEST_STEP][PASSED] - check(findTestObject("Object Repository/Make Appointment/Radio_Medicaid_programs")): Object 'Object Repository/Make Appointment/Radio_Medicaid_programs' is checked

2023-08-25 10:43:11 - [MESSAGE][PASSED] - Object 'Object Repository/Make Appointment/Radio_Medicaid_programs' is checked

2023-08-25 10:43:11 - [TEST_STEP][PASSED] - setText(findTestObject("Make Appointment/input_Visit Date (Required)"), visit_date): Text '23/08/2023' is set on object 'Object Repository/Make Appointment/input_Visit Date (Required)'

2023-08-25 10:43:12 - [MESSAGE][PASSED] - Text '23/08/2023' is set on object 'Object Repository/Make Appointment/input_Visit Date (Required)'

2023-08-25 10:43:12 - [TEST_STEP][PASSED] - setText(findTestObject("Make Appointment/textarea_Comment"), comment): Text 'saya pasien' is set on object 'Object Repository/Make Appointment/textarea_Comment'

2023-08-25 10:43:13 - [MESSAGE][PASSED] - Text 'saya pasien' is set on object 'Object Repository/Make Appointment/textarea_Comment'

2023-08-25 10:43:13 - [TEST_STEP][PASSED] - click(findTestObject("Make Appointment/button_Book Appointment")): Object: 'Object Repository/Make Appointment/button_Book Appointment' is clicked on

2023-08-25 10:43:14 - [MESSAGE][PASSED] - Object: 'Object Repository/Make Appointment/button_Book Appointment' is clicked on

2023-08-25 10:43:14 - [TEST_STEP][PASSED] - verifyElementPresent(findTestObject("Make Appointment/title_Appointment Confirmation"), 0): Object 'Object Repository/Make Appointment/title_Appointment Confirmation' is present

2023-08-25 10:43:14 - [MESSAGE][WARNING] - Timeout '0' is invalid. Using default page load timeout: '10'

2023-08-25 10:43:14 - [MESSAGE][PASSED] - Object 'Object Repository/Make Appointment/title_Appointment Confirmation' is present

2023-08-25 10:43:14 - [TEST_STEP][PASSED] - hasil_facility = getText(findTestObject("Object Repository/Make Appointment/hasil_facility")): Text of object 'Object Repository/Make Appointment/hasil_facility' is: 'Seoul CURA Healthcare Center'

2023-08-25 10:43:14 - [MESSAGE][PASSED] - Text of object 'Object Repository/Make Appointment/hasil_facility' is: 'Seoul CURA Healthcare Center'

2023-08-25 10:43:14 - [TEST_STEP][PASSED] - hasil_healthcare_program = getText(findTestObject("Object Repository/Make Appointment/hasil_healtycare_program")): Text of object 'Object Repository/Make Appointment/hasil_healtycare_program' is: 'Medicaid'

2023-08-25 10:43:15 - [MESSAGE][PASSED] - Text of object 'Object Repository/Make Appointment/hasil_healtycare_program' is: 'Medicaid'

2023-08-25 10:43:15 - [TEST_STEP][PASSED] - hasil_visit_date = getText(findTestObject("Object Repository/Make Appointment/hasil_visit_date")): Text of object 'Object Repository/Make Appointment/hasil_visit_date' is: '23/08/2023'

2023-08-25 10:43:15 - [MESSAGE][PASSED] - Text of object 'Object Repository/Make Appointment/hasil_visit_date' is: '23/08/2023'

2023-08-25 10:43:15 - [TEST_STEP][PASSED] - hasil_commend = getText(findTestObject("Object Repository/Make Appointment/hasil_commend")): Text of object 'Object Repository/Make Appointment/hasil_commend' is: 'saya pasien'

2023-08-25 10:43:15 - [MESSAGE][PASSED] - Text of object 'Object Repository/Make Appointment/hasil_commend' is: 'saya pasien'

2023-08-25 10:43:15 - [TEST_STEP][PASSED] - hasil_chkbox = getText(findTestObject("Object Repository/Make Appointment/hasil_chkbox")): Text of object 'Object Repository/Make Appointment/hasil_chkbox' is: 'Yes'

2023-08-25 10:43:15 - [MESSAGE][PASSED] - Text of object 'Object Repository/Make Appointment/hasil_chkbox' is: 'Yes'

2023-08-25 10:43:15 - [TEST_STEP][PASSED] - assert trim().equalsIgnoreCase(facility.trim()): null

2023-08-25 10:43:15 - [TEST_STEP][PASSED] - assert trim().equalsIgnoreCase(healthcare_program.trim()): null

2023-08-25 10:43:15 - [TEST_STEP][PASSED] - assert trim().equalsIgnoreCase(visit_date.trim()): null

2023-08-25 10:43:15 - [TEST_STEP][PASSED] - assert trim().equalsIgnoreCase(comment.trim()): null

2023-08-25 10:43:15 - [TEST_STEP][PASSED] - assert trim().equalsIgnoreCase(hospital_readmission.trim()): null]]></system-out>
         <system-err><![CDATA[]]></system-err>
      </testcase>
      <testcase name="Test Cases/Appointment/Test Case 2.1 - dinamis" time="15.466" classname="Test Cases/Appointment/Test Case 2.1 - dinamis" status="PASSED">
         <system-out><![CDATA[2023-08-25 10:43:15 - [TEST_CASE][PASSED] - Test Cases/Appointment/Test Case 2.1 - dinamis: Test Cases/Appointment/Test Case 2.1 - dinamis

2023-08-25 10:43:15 - [TEST_STEP][PASSED] - callTestCase(findTestCase("Login/Test Case 1.1(Record)"), ["username":username, "password":password], STOP_ON_FAILURE): Call Test Case 'Test Cases/Login/Test Case 1.1(Record)' successfully

2023-08-25 10:43:15 - [TEST_CASE][PASSED] - Test Cases/Login/Test Case 1.1(Record): Test Cases/Login/Test Case 1.1(Record)

2023-08-25 10:43:16 - [TEST_STEP][PASSED] - openBrowser(""): Browser is opened with url: ''

2023-08-25 10:43:16 - [MESSAGE][WARNING] - A browser is already opened. Closing browser and opening a new one

2023-08-25 10:43:16 - [MESSAGE][INFO] - Starting 'Firefox' driver

2023-08-25 10:43:16 - [MESSAGE][INFO] - Action delay is set to 0 milliseconds

2023-08-25 10:43:18 - [MESSAGE][PASSED] - Browser is opened with url: ''

2023-08-25 10:43:18 - [TEST_STEP][PASSED] - maximizeWindow(): Current window maximized

2023-08-25 10:43:19 - [MESSAGE][PASSED] - Current window maximized

2023-08-25 10:43:19 - [TEST_STEP][PASSED] - navigateToUrl("https://katalon-demo-cura.herokuapp.com/"): Navigate to 'https://katalon-demo-cura.herokuapp.com/' successfully

2023-08-25 10:43:21 - [MESSAGE][PASSED] - Navigate to 'https://katalon-demo-cura.herokuapp.com/' successfully

2023-08-25 10:43:21 - [TEST_STEP][PASSED] - click(findTestObject("Object Repository/h1_CURA Healthcare Service")): Object: 'Object Repository/h1_CURA Healthcare Service' is clicked on

2023-08-25 10:43:22 - [MESSAGE][PASSED] - Object: 'Object Repository/h1_CURA Healthcare Service' is clicked on

2023-08-25 10:43:22 - [TEST_STEP][PASSED] - click(findTestObject("Object Repository/i_CURA Healthcare_fa fa-bars")): Object: 'Object Repository/i_CURA Healthcare_fa fa-bars' is clicked on

2023-08-25 10:43:22 - [MESSAGE][PASSED] - Object: 'Object Repository/i_CURA Healthcare_fa fa-bars' is clicked on

2023-08-25 10:43:22 - [TEST_STEP][PASSED] - click(findTestObject("Object Repository/a_Login")): Object: 'Object Repository/a_Login' is clicked on

2023-08-25 10:43:23 - [MESSAGE][PASSED] - Object: 'Object Repository/a_Login' is clicked on

2023-08-25 10:43:23 - [TEST_STEP][PASSED] - setText(findTestObject("Object Repository/input_Username_username"), username): Text 'John Doe' is set on object 'Object Repository/input_Username_username'

2023-08-25 10:43:24 - [MESSAGE][PASSED] - Text 'John Doe' is set on object 'Object Repository/input_Username_username'

2023-08-25 10:43:24 - [TEST_STEP][PASSED] - setEncryptedText(findTestObject("Object Repository/input_Password_password"), password): Text ****** has been set on object 'Object Repository/input_Password_password'

2023-08-25 10:43:24 - [MESSAGE][PASSED] - Text ****** has been set on object 'Object Repository/input_Password_password'

2023-08-25 10:43:24 - [TEST_STEP][PASSED] - click(findTestObject("Object Repository/button_Login")): Object: 'Object Repository/button_Login' is clicked on

2023-08-25 10:43:25 - [MESSAGE][PASSED] - Object: 'Object Repository/button_Login' is clicked on

2023-08-25 10:43:25 - [MESSAGE][PASSED] - Call Test Case 'Test Cases/Login/Test Case 1.1(Record)' successfully

2023-08-25 10:43:25 - [TEST_STEP][PASSED] - selectOptionByValue(findTestObject("Make Appointment/dropdown_facility"), facility, false): All options with value 'Seoul CURA Healthcare Center' are selected in object 'Object Repository/Make Appointment/dropdown_facility' 

2023-08-25 10:43:26 - [MESSAGE][PASSED] - All options with value 'Seoul CURA Healthcare Center' are selected in object 'Object Repository/Make Appointment/dropdown_facility' 

2023-08-25 10:43:26 - [TEST_STEP][PASSED] - if (toString().equalsIgnoreCase("yes")): Object 'Object Repository/Make Appointment/chk_box' is checked

2023-08-25 10:43:26 - [TEST_STEP][PASSED] - check(findTestObject("Make Appointment/chk_box")): Object 'Object Repository/Make Appointment/chk_box' is checked

2023-08-25 10:43:26 - [MESSAGE][PASSED] - Object 'Object Repository/Make Appointment/chk_box' is checked

2023-08-25 10:43:26 - [TEST_STEP][PASSED] - if (toString().equalsIgnoreCase("Medicare")): null

2023-08-25 10:43:26 - [TEST_STEP][PASSED] - else if (toString().equalsIgnoreCase("Medicaid")): null

2023-08-25 10:43:26 - [TEST_STEP][PASSED] - else: Object 'Object Repository/Make Appointment/Radio_None_programs' is checked

2023-08-25 10:43:26 - [TEST_STEP][PASSED] - check(findTestObject("Object Repository/Make Appointment/Radio_None_programs")): Object 'Object Repository/Make Appointment/Radio_None_programs' is checked

2023-08-25 10:43:27 - [MESSAGE][PASSED] - Object 'Object Repository/Make Appointment/Radio_None_programs' is checked

2023-08-25 10:43:27 - [TEST_STEP][PASSED] - setText(findTestObject("Make Appointment/input_Visit Date (Required)"), visit_date): Text '23/08/2023' is set on object 'Object Repository/Make Appointment/input_Visit Date (Required)'

2023-08-25 10:43:28 - [MESSAGE][PASSED] - Text '23/08/2023' is set on object 'Object Repository/Make Appointment/input_Visit Date (Required)'

2023-08-25 10:43:28 - [TEST_STEP][PASSED] - setText(findTestObject("Make Appointment/textarea_Comment"), comment): Text 'saya pasien' is set on object 'Object Repository/Make Appointment/textarea_Comment'

2023-08-25 10:43:28 - [MESSAGE][PASSED] - Text 'saya pasien' is set on object 'Object Repository/Make Appointment/textarea_Comment'

2023-08-25 10:43:28 - [TEST_STEP][PASSED] - click(findTestObject("Make Appointment/button_Book Appointment")): Object: 'Object Repository/Make Appointment/button_Book Appointment' is clicked on

2023-08-25 10:43:29 - [MESSAGE][PASSED] - Object: 'Object Repository/Make Appointment/button_Book Appointment' is clicked on

2023-08-25 10:43:29 - [TEST_STEP][PASSED] - verifyElementPresent(findTestObject("Make Appointment/title_Appointment Confirmation"), 0): Object 'Object Repository/Make Appointment/title_Appointment Confirmation' is present

2023-08-25 10:43:29 - [MESSAGE][WARNING] - Timeout '0' is invalid. Using default page load timeout: '10'

2023-08-25 10:43:30 - [MESSAGE][PASSED] - Object 'Object Repository/Make Appointment/title_Appointment Confirmation' is present

2023-08-25 10:43:30 - [TEST_STEP][PASSED] - hasil_facility = getText(findTestObject("Object Repository/Make Appointment/hasil_facility")): Text of object 'Object Repository/Make Appointment/hasil_facility' is: 'Seoul CURA Healthcare Center'

2023-08-25 10:43:30 - [MESSAGE][PASSED] - Text of object 'Object Repository/Make Appointment/hasil_facility' is: 'Seoul CURA Healthcare Center'

2023-08-25 10:43:30 - [TEST_STEP][PASSED] - hasil_healthcare_program = getText(findTestObject("Object Repository/Make Appointment/hasil_healtycare_program")): Text of object 'Object Repository/Make Appointment/hasil_healtycare_program' is: 'None'

2023-08-25 10:43:30 - [MESSAGE][PASSED] - Text of object 'Object Repository/Make Appointment/hasil_healtycare_program' is: 'None'

2023-08-25 10:43:30 - [TEST_STEP][PASSED] - hasil_visit_date = getText(findTestObject("Object Repository/Make Appointment/hasil_visit_date")): Text of object 'Object Repository/Make Appointment/hasil_visit_date' is: '23/08/2023'

2023-08-25 10:43:30 - [MESSAGE][PASSED] - Text of object 'Object Repository/Make Appointment/hasil_visit_date' is: '23/08/2023'

2023-08-25 10:43:30 - [TEST_STEP][PASSED] - hasil_commend = getText(findTestObject("Object Repository/Make Appointment/hasil_commend")): Text of object 'Object Repository/Make Appointment/hasil_commend' is: 'saya pasien'

2023-08-25 10:43:31 - [MESSAGE][PASSED] - Text of object 'Object Repository/Make Appointment/hasil_commend' is: 'saya pasien'

2023-08-25 10:43:31 - [TEST_STEP][PASSED] - hasil_chkbox = getText(findTestObject("Object Repository/Make Appointment/hasil_chkbox")): Text of object 'Object Repository/Make Appointment/hasil_chkbox' is: 'Yes'

2023-08-25 10:43:31 - [MESSAGE][PASSED] - Text of object 'Object Repository/Make Appointment/hasil_chkbox' is: 'Yes'

2023-08-25 10:43:31 - [TEST_STEP][PASSED] - assert trim().equalsIgnoreCase(facility.trim()): null

2023-08-25 10:43:31 - [TEST_STEP][PASSED] - assert trim().equalsIgnoreCase(healthcare_program.trim()): null

2023-08-25 10:43:31 - [TEST_STEP][PASSED] - assert trim().equalsIgnoreCase(visit_date.trim()): null

2023-08-25 10:43:31 - [TEST_STEP][PASSED] - assert trim().equalsIgnoreCase(comment.trim()): null

2023-08-25 10:43:31 - [TEST_STEP][PASSED] - assert trim().equalsIgnoreCase(hospital_readmission.trim()): null]]></system-out>
         <system-err><![CDATA[]]></system-err>
      </testcase>
      <testcase name="Test Cases/Appointment/Test Case 2.1 - dinamis" time="14.864" classname="Test Cases/Appointment/Test Case 2.1 - dinamis" status="PASSED">
         <system-out><![CDATA[2023-08-25 10:43:31 - [TEST_CASE][PASSED] - Test Cases/Appointment/Test Case 2.1 - dinamis: Test Cases/Appointment/Test Case 2.1 - dinamis

2023-08-25 10:43:31 - [TEST_STEP][PASSED] - callTestCase(findTestCase("Login/Test Case 1.1(Record)"), ["username":username, "password":password], STOP_ON_FAILURE): Call Test Case 'Test Cases/Login/Test Case 1.1(Record)' successfully

2023-08-25 10:43:31 - [TEST_CASE][PASSED] - Test Cases/Login/Test Case 1.1(Record): Test Cases/Login/Test Case 1.1(Record)

2023-08-25 10:43:31 - [TEST_STEP][PASSED] - openBrowser(""): Browser is opened with url: ''

2023-08-25 10:43:31 - [MESSAGE][WARNING] - A browser is already opened. Closing browser and opening a new one

2023-08-25 10:43:32 - [MESSAGE][INFO] - Starting 'Firefox' driver

2023-08-25 10:43:32 - [MESSAGE][INFO] - Action delay is set to 0 milliseconds

2023-08-25 10:43:34 - [MESSAGE][PASSED] - Browser is opened with url: ''

2023-08-25 10:43:34 - [TEST_STEP][PASSED] - maximizeWindow(): Current window maximized

2023-08-25 10:43:34 - [MESSAGE][PASSED] - Current window maximized

2023-08-25 10:43:34 - [TEST_STEP][PASSED] - navigateToUrl("https://katalon-demo-cura.herokuapp.com/"): Navigate to 'https://katalon-demo-cura.herokuapp.com/' successfully

2023-08-25 10:43:37 - [MESSAGE][PASSED] - Navigate to 'https://katalon-demo-cura.herokuapp.com/' successfully

2023-08-25 10:43:37 - [TEST_STEP][PASSED] - click(findTestObject("Object Repository/h1_CURA Healthcare Service")): Object: 'Object Repository/h1_CURA Healthcare Service' is clicked on

2023-08-25 10:43:37 - [MESSAGE][PASSED] - Object: 'Object Repository/h1_CURA Healthcare Service' is clicked on

2023-08-25 10:43:37 - [TEST_STEP][PASSED] - click(findTestObject("Object Repository/i_CURA Healthcare_fa fa-bars")): Object: 'Object Repository/i_CURA Healthcare_fa fa-bars' is clicked on

2023-08-25 10:43:38 - [MESSAGE][PASSED] - Object: 'Object Repository/i_CURA Healthcare_fa fa-bars' is clicked on

2023-08-25 10:43:38 - [TEST_STEP][PASSED] - click(findTestObject("Object Repository/a_Login")): Object: 'Object Repository/a_Login' is clicked on

2023-08-25 10:43:39 - [MESSAGE][PASSED] - Object: 'Object Repository/a_Login' is clicked on

2023-08-25 10:43:39 - [TEST_STEP][PASSED] - setText(findTestObject("Object Repository/input_Username_username"), username): Text 'John Doe' is set on object 'Object Repository/input_Username_username'

2023-08-25 10:43:39 - [MESSAGE][PASSED] - Text 'John Doe' is set on object 'Object Repository/input_Username_username'

2023-08-25 10:43:39 - [TEST_STEP][PASSED] - setEncryptedText(findTestObject("Object Repository/input_Password_password"), password): Text ****** has been set on object 'Object Repository/input_Password_password'

2023-08-25 10:43:39 - [MESSAGE][PASSED] - Text ****** has been set on object 'Object Repository/input_Password_password'

2023-08-25 10:43:39 - [TEST_STEP][PASSED] - click(findTestObject("Object Repository/button_Login")): Object: 'Object Repository/button_Login' is clicked on

2023-08-25 10:43:40 - [MESSAGE][PASSED] - Object: 'Object Repository/button_Login' is clicked on

2023-08-25 10:43:40 - [MESSAGE][PASSED] - Call Test Case 'Test Cases/Login/Test Case 1.1(Record)' successfully

2023-08-25 10:43:40 - [TEST_STEP][PASSED] - selectOptionByValue(findTestObject("Make Appointment/dropdown_facility"), facility, false): All options with value 'Seoul CURA Healthcare Center' are selected in object 'Object Repository/Make Appointment/dropdown_facility' 

2023-08-25 10:43:42 - [MESSAGE][PASSED] - All options with value 'Seoul CURA Healthcare Center' are selected in object 'Object Repository/Make Appointment/dropdown_facility' 

2023-08-25 10:43:42 - [TEST_STEP][PASSED] - if (toString().equalsIgnoreCase("yes")): null

2023-08-25 10:43:42 - [TEST_STEP][PASSED] - if (toString().equalsIgnoreCase("Medicare")): Object 'Object Repository/Make Appointment/Radio_Medicare_programs' is checked

2023-08-25 10:43:42 - [TEST_STEP][PASSED] - check(findTestObject("Object Repository/Make Appointment/Radio_Medicare_programs")): Object 'Object Repository/Make Appointment/Radio_Medicare_programs' is checked

2023-08-25 10:43:42 - [MESSAGE][PASSED] - Object 'Object Repository/Make Appointment/Radio_Medicare_programs' is checked

2023-08-25 10:43:42 - [TEST_STEP][PASSED] - setText(findTestObject("Make Appointment/input_Visit Date (Required)"), visit_date): Text '23/08/2023' is set on object 'Object Repository/Make Appointment/input_Visit Date (Required)'

2023-08-25 10:43:43 - [MESSAGE][PASSED] - Text '23/08/2023' is set on object 'Object Repository/Make Appointment/input_Visit Date (Required)'

2023-08-25 10:43:43 - [TEST_STEP][PASSED] - setText(findTestObject("Make Appointment/textarea_Comment"), comment): Text 'saya pasien' is set on object 'Object Repository/Make Appointment/textarea_Comment'

2023-08-25 10:43:43 - [MESSAGE][PASSED] - Text 'saya pasien' is set on object 'Object Repository/Make Appointment/textarea_Comment'

2023-08-25 10:43:43 - [TEST_STEP][PASSED] - click(findTestObject("Make Appointment/button_Book Appointment")): Object: 'Object Repository/Make Appointment/button_Book Appointment' is clicked on

2023-08-25 10:43:44 - [MESSAGE][PASSED] - Object: 'Object Repository/Make Appointment/button_Book Appointment' is clicked on

2023-08-25 10:43:44 - [TEST_STEP][PASSED] - verifyElementPresent(findTestObject("Make Appointment/title_Appointment Confirmation"), 0): Object 'Object Repository/Make Appointment/title_Appointment Confirmation' is present

2023-08-25 10:43:44 - [MESSAGE][WARNING] - Timeout '0' is invalid. Using default page load timeout: '10'

2023-08-25 10:43:44 - [MESSAGE][PASSED] - Object 'Object Repository/Make Appointment/title_Appointment Confirmation' is present

2023-08-25 10:43:44 - [TEST_STEP][PASSED] - hasil_facility = getText(findTestObject("Object Repository/Make Appointment/hasil_facility")): Text of object 'Object Repository/Make Appointment/hasil_facility' is: 'Seoul CURA Healthcare Center'

2023-08-25 10:43:45 - [MESSAGE][PASSED] - Text of object 'Object Repository/Make Appointment/hasil_facility' is: 'Seoul CURA Healthcare Center'

2023-08-25 10:43:45 - [TEST_STEP][PASSED] - hasil_healthcare_program = getText(findTestObject("Object Repository/Make Appointment/hasil_healtycare_program")): Text of object 'Object Repository/Make Appointment/hasil_healtycare_program' is: 'Medicare'

2023-08-25 10:43:45 - [MESSAGE][PASSED] - Text of object 'Object Repository/Make Appointment/hasil_healtycare_program' is: 'Medicare'

2023-08-25 10:43:45 - [TEST_STEP][PASSED] - hasil_visit_date = getText(findTestObject("Object Repository/Make Appointment/hasil_visit_date")): Text of object 'Object Repository/Make Appointment/hasil_visit_date' is: '23/08/2023'

2023-08-25 10:43:45 - [MESSAGE][PASSED] - Text of object 'Object Repository/Make Appointment/hasil_visit_date' is: '23/08/2023'

2023-08-25 10:43:45 - [TEST_STEP][PASSED] - hasil_commend = getText(findTestObject("Object Repository/Make Appointment/hasil_commend")): Text of object 'Object Repository/Make Appointment/hasil_commend' is: 'saya pasien'

2023-08-25 10:43:45 - [MESSAGE][PASSED] - Text of object 'Object Repository/Make Appointment/hasil_commend' is: 'saya pasien'

2023-08-25 10:43:45 - [TEST_STEP][PASSED] - hasil_chkbox = getText(findTestObject("Object Repository/Make Appointment/hasil_chkbox")): Text of object 'Object Repository/Make Appointment/hasil_chkbox' is: 'No'

2023-08-25 10:43:46 - [MESSAGE][PASSED] - Text of object 'Object Repository/Make Appointment/hasil_chkbox' is: 'No'

2023-08-25 10:43:46 - [TEST_STEP][PASSED] - assert trim().equalsIgnoreCase(facility.trim()): null

2023-08-25 10:43:46 - [TEST_STEP][PASSED] - assert trim().equalsIgnoreCase(healthcare_program.trim()): null

2023-08-25 10:43:46 - [TEST_STEP][PASSED] - assert trim().equalsIgnoreCase(visit_date.trim()): null

2023-08-25 10:43:46 - [TEST_STEP][PASSED] - assert trim().equalsIgnoreCase(comment.trim()): null

2023-08-25 10:43:46 - [TEST_STEP][PASSED] - assert trim().equalsIgnoreCase(hospital_readmission.trim()): null]]></system-out>
         <system-err><![CDATA[]]></system-err>
      </testcase>
      <testcase name="Test Cases/Appointment/Test Case 2.1 - dinamis" time="15.106" classname="Test Cases/Appointment/Test Case 2.1 - dinamis" status="PASSED">
         <system-out><![CDATA[2023-08-25 10:43:46 - [TEST_CASE][PASSED] - Test Cases/Appointment/Test Case 2.1 - dinamis: Test Cases/Appointment/Test Case 2.1 - dinamis

2023-08-25 10:43:46 - [TEST_STEP][PASSED] - callTestCase(findTestCase("Login/Test Case 1.1(Record)"), ["username":username, "password":password], STOP_ON_FAILURE): Call Test Case 'Test Cases/Login/Test Case 1.1(Record)' successfully

2023-08-25 10:43:46 - [TEST_CASE][PASSED] - Test Cases/Login/Test Case 1.1(Record): Test Cases/Login/Test Case 1.1(Record)

2023-08-25 10:43:46 - [TEST_STEP][PASSED] - openBrowser(""): Browser is opened with url: ''

2023-08-25 10:43:46 - [MESSAGE][WARNING] - A browser is already opened. Closing browser and opening a new one

2023-08-25 10:43:46 - [MESSAGE][INFO] - Starting 'Firefox' driver

2023-08-25 10:43:46 - [MESSAGE][INFO] - Action delay is set to 0 milliseconds

2023-08-25 10:43:48 - [MESSAGE][PASSED] - Browser is opened with url: ''

2023-08-25 10:43:48 - [TEST_STEP][PASSED] - maximizeWindow(): Current window maximized

2023-08-25 10:43:49 - [MESSAGE][PASSED] - Current window maximized

2023-08-25 10:43:49 - [TEST_STEP][PASSED] - navigateToUrl("https://katalon-demo-cura.herokuapp.com/"): Navigate to 'https://katalon-demo-cura.herokuapp.com/' successfully

2023-08-25 10:43:52 - [MESSAGE][PASSED] - Navigate to 'https://katalon-demo-cura.herokuapp.com/' successfully

2023-08-25 10:43:52 - [TEST_STEP][PASSED] - click(findTestObject("Object Repository/h1_CURA Healthcare Service")): Object: 'Object Repository/h1_CURA Healthcare Service' is clicked on

2023-08-25 10:43:53 - [MESSAGE][PASSED] - Object: 'Object Repository/h1_CURA Healthcare Service' is clicked on

2023-08-25 10:43:53 - [TEST_STEP][PASSED] - click(findTestObject("Object Repository/i_CURA Healthcare_fa fa-bars")): Object: 'Object Repository/i_CURA Healthcare_fa fa-bars' is clicked on

2023-08-25 10:43:53 - [MESSAGE][PASSED] - Object: 'Object Repository/i_CURA Healthcare_fa fa-bars' is clicked on

2023-08-25 10:43:53 - [TEST_STEP][PASSED] - click(findTestObject("Object Repository/a_Login")): Object: 'Object Repository/a_Login' is clicked on

2023-08-25 10:43:54 - [MESSAGE][PASSED] - Object: 'Object Repository/a_Login' is clicked on

2023-08-25 10:43:54 - [TEST_STEP][PASSED] - setText(findTestObject("Object Repository/input_Username_username"), username): Text 'John Doe' is set on object 'Object Repository/input_Username_username'

2023-08-25 10:43:54 - [MESSAGE][PASSED] - Text 'John Doe' is set on object 'Object Repository/input_Username_username'

2023-08-25 10:43:54 - [TEST_STEP][PASSED] - setEncryptedText(findTestObject("Object Repository/input_Password_password"), password): Text ****** has been set on object 'Object Repository/input_Password_password'

2023-08-25 10:43:55 - [MESSAGE][PASSED] - Text ****** has been set on object 'Object Repository/input_Password_password'

2023-08-25 10:43:55 - [TEST_STEP][PASSED] - click(findTestObject("Object Repository/button_Login")): Object: 'Object Repository/button_Login' is clicked on

2023-08-25 10:43:56 - [MESSAGE][PASSED] - Object: 'Object Repository/button_Login' is clicked on

2023-08-25 10:43:56 - [MESSAGE][PASSED] - Call Test Case 'Test Cases/Login/Test Case 1.1(Record)' successfully

2023-08-25 10:43:56 - [TEST_STEP][PASSED] - selectOptionByValue(findTestObject("Make Appointment/dropdown_facility"), facility, false): All options with value 'Seoul CURA Healthcare Center' are selected in object 'Object Repository/Make Appointment/dropdown_facility' 

2023-08-25 10:43:56 - [MESSAGE][PASSED] - All options with value 'Seoul CURA Healthcare Center' are selected in object 'Object Repository/Make Appointment/dropdown_facility' 

2023-08-25 10:43:56 - [TEST_STEP][PASSED] - if (toString().equalsIgnoreCase("yes")): null

2023-08-25 10:43:56 - [TEST_STEP][PASSED] - if (toString().equalsIgnoreCase("Medicare")): null

2023-08-25 10:43:56 - [TEST_STEP][PASSED] - else if (toString().equalsIgnoreCase("Medicaid")): Object 'Object Repository/Make Appointment/Radio_Medicaid_programs' is checked

2023-08-25 10:43:56 - [TEST_STEP][PASSED] - check(findTestObject("Object Repository/Make Appointment/Radio_Medicaid_programs")): Object 'Object Repository/Make Appointment/Radio_Medicaid_programs' is checked

2023-08-25 10:43:57 - [MESSAGE][PASSED] - Object 'Object Repository/Make Appointment/Radio_Medicaid_programs' is checked

2023-08-25 10:43:57 - [TEST_STEP][PASSED] - setText(findTestObject("Make Appointment/input_Visit Date (Required)"), visit_date): Text '23/08/2023' is set on object 'Object Repository/Make Appointment/input_Visit Date (Required)'

2023-08-25 10:43:58 - [MESSAGE][PASSED] - Text '23/08/2023' is set on object 'Object Repository/Make Appointment/input_Visit Date (Required)'

2023-08-25 10:43:58 - [TEST_STEP][PASSED] - setText(findTestObject("Make Appointment/textarea_Comment"), comment): Text 'saya pasien' is set on object 'Object Repository/Make Appointment/textarea_Comment'

2023-08-25 10:43:58 - [MESSAGE][PASSED] - Text 'saya pasien' is set on object 'Object Repository/Make Appointment/textarea_Comment'

2023-08-25 10:43:58 - [TEST_STEP][PASSED] - click(findTestObject("Make Appointment/button_Book Appointment")): Object: 'Object Repository/Make Appointment/button_Book Appointment' is clicked on

2023-08-25 10:43:59 - [MESSAGE][PASSED] - Object: 'Object Repository/Make Appointment/button_Book Appointment' is clicked on

2023-08-25 10:43:59 - [TEST_STEP][PASSED] - verifyElementPresent(findTestObject("Make Appointment/title_Appointment Confirmation"), 0): Object 'Object Repository/Make Appointment/title_Appointment Confirmation' is present

2023-08-25 10:43:59 - [MESSAGE][WARNING] - Timeout '0' is invalid. Using default page load timeout: '10'

2023-08-25 10:44:00 - [MESSAGE][PASSED] - Object 'Object Repository/Make Appointment/title_Appointment Confirmation' is present

2023-08-25 10:44:00 - [TEST_STEP][PASSED] - hasil_facility = getText(findTestObject("Object Repository/Make Appointment/hasil_facility")): Text of object 'Object Repository/Make Appointment/hasil_facility' is: 'Seoul CURA Healthcare Center'

2023-08-25 10:44:00 - [MESSAGE][PASSED] - Text of object 'Object Repository/Make Appointment/hasil_facility' is: 'Seoul CURA Healthcare Center'

2023-08-25 10:44:00 - [TEST_STEP][PASSED] - hasil_healthcare_program = getText(findTestObject("Object Repository/Make Appointment/hasil_healtycare_program")): Text of object 'Object Repository/Make Appointment/hasil_healtycare_program' is: 'Medicaid'

2023-08-25 10:44:00 - [MESSAGE][PASSED] - Text of object 'Object Repository/Make Appointment/hasil_healtycare_program' is: 'Medicaid'

2023-08-25 10:44:00 - [TEST_STEP][PASSED] - hasil_visit_date = getText(findTestObject("Object Repository/Make Appointment/hasil_visit_date")): Text of object 'Object Repository/Make Appointment/hasil_visit_date' is: '23/08/2023'

2023-08-25 10:44:00 - [MESSAGE][PASSED] - Text of object 'Object Repository/Make Appointment/hasil_visit_date' is: '23/08/2023'

2023-08-25 10:44:00 - [TEST_STEP][PASSED] - hasil_commend = getText(findTestObject("Object Repository/Make Appointment/hasil_commend")): Text of object 'Object Repository/Make Appointment/hasil_commend' is: 'saya pasien'

2023-08-25 10:44:01 - [MESSAGE][PASSED] - Text of object 'Object Repository/Make Appointment/hasil_commend' is: 'saya pasien'

2023-08-25 10:44:01 - [TEST_STEP][PASSED] - hasil_chkbox = getText(findTestObject("Object Repository/Make Appointment/hasil_chkbox")): Text of object 'Object Repository/Make Appointment/hasil_chkbox' is: 'No'

2023-08-25 10:44:01 - [MESSAGE][PASSED] - Text of object 'Object Repository/Make Appointment/hasil_chkbox' is: 'No'

2023-08-25 10:44:01 - [TEST_STEP][PASSED] - assert trim().equalsIgnoreCase(facility.trim()): null

2023-08-25 10:44:01 - [TEST_STEP][PASSED] - assert trim().equalsIgnoreCase(healthcare_program.trim()): null

2023-08-25 10:44:01 - [TEST_STEP][PASSED] - assert trim().equalsIgnoreCase(visit_date.trim()): null

2023-08-25 10:44:01 - [TEST_STEP][PASSED] - assert trim().equalsIgnoreCase(comment.trim()): null

2023-08-25 10:44:01 - [TEST_STEP][PASSED] - assert trim().equalsIgnoreCase(hospital_readmission.trim()): null]]></system-out>
         <system-err><![CDATA[]]></system-err>
      </testcase>
      <testcase name="Test Cases/Appointment/Test Case 2.1 - dinamis" time="30.352" classname="Test Cases/Appointment/Test Case 2.1 - dinamis" status="PASSED">
         <system-out><![CDATA[2023-08-25 10:44:01 - [TEST_CASE][PASSED] - Test Cases/Appointment/Test Case 2.1 - dinamis: Test Cases/Appointment/Test Case 2.1 - dinamis

2023-08-25 10:44:01 - [TEST_STEP][PASSED] - callTestCase(findTestCase("Login/Test Case 1.1(Record)"), ["username":username, "password":password], STOP_ON_FAILURE): Call Test Case 'Test Cases/Login/Test Case 1.1(Record)' successfully

2023-08-25 10:44:01 - [TEST_CASE][PASSED] - Test Cases/Login/Test Case 1.1(Record): Test Cases/Login/Test Case 1.1(Record)

2023-08-25 10:44:01 - [TEST_STEP][PASSED] - openBrowser(""): Browser is opened with url: ''

2023-08-25 10:44:01 - [MESSAGE][WARNING] - A browser is already opened. Closing browser and opening a new one

2023-08-25 10:44:02 - [MESSAGE][INFO] - Starting 'Firefox' driver

2023-08-25 10:44:02 - [MESSAGE][INFO] - Action delay is set to 0 milliseconds

2023-08-25 10:44:03 - [MESSAGE][PASSED] - Browser is opened with url: ''

2023-08-25 10:44:03 - [TEST_STEP][PASSED] - maximizeWindow(): Current window maximized

2023-08-25 10:44:04 - [MESSAGE][PASSED] - Current window maximized

2023-08-25 10:44:04 - [TEST_STEP][PASSED] - navigateToUrl("https://katalon-demo-cura.herokuapp.com/"): Navigate to 'https://katalon-demo-cura.herokuapp.com/' successfully

2023-08-25 10:44:06 - [MESSAGE][PASSED] - Navigate to 'https://katalon-demo-cura.herokuapp.com/' successfully

2023-08-25 10:44:06 - [TEST_STEP][PASSED] - click(findTestObject("Object Repository/h1_CURA Healthcare Service")): Object: 'Object Repository/h1_CURA Healthcare Service' is clicked on

2023-08-25 10:44:07 - [MESSAGE][PASSED] - Object: 'Object Repository/h1_CURA Healthcare Service' is clicked on

2023-08-25 10:44:07 - [TEST_STEP][PASSED] - click(findTestObject("Object Repository/i_CURA Healthcare_fa fa-bars")): Object: 'Object Repository/i_CURA Healthcare_fa fa-bars' is clicked on

2023-08-25 10:44:08 - [MESSAGE][PASSED] - Object: 'Object Repository/i_CURA Healthcare_fa fa-bars' is clicked on

2023-08-25 10:44:08 - [TEST_STEP][PASSED] - click(findTestObject("Object Repository/a_Login")): Object: 'Object Repository/a_Login' is clicked on

2023-08-25 10:44:08 - [MESSAGE][PASSED] - Object: 'Object Repository/a_Login' is clicked on

2023-08-25 10:44:08 - [TEST_STEP][PASSED] - setText(findTestObject("Object Repository/input_Username_username"), username): Text 'John Doe' is set on object 'Object Repository/input_Username_username'

2023-08-25 10:44:09 - [MESSAGE][PASSED] - Text 'John Doe' is set on object 'Object Repository/input_Username_username'

2023-08-25 10:44:09 - [TEST_STEP][PASSED] - setEncryptedText(findTestObject("Object Repository/input_Password_password"), password): Text ****** has been set on object 'Object Repository/input_Password_password'

2023-08-25 10:44:09 - [MESSAGE][PASSED] - Text ****** has been set on object 'Object Repository/input_Password_password'

2023-08-25 10:44:09 - [TEST_STEP][PASSED] - click(findTestObject("Object Repository/button_Login")): Object: 'Object Repository/button_Login' is clicked on

2023-08-25 10:44:10 - [MESSAGE][PASSED] - Object: 'Object Repository/button_Login' is clicked on

2023-08-25 10:44:10 - [MESSAGE][PASSED] - Call Test Case 'Test Cases/Login/Test Case 1.1(Record)' successfully

2023-08-25 10:44:10 - [TEST_STEP][PASSED] - selectOptionByValue(findTestObject("Make Appointment/dropdown_facility"), facility, false): All options with value 'Seoul CURA Healthcare Center' are selected in object 'Object Repository/Make Appointment/dropdown_facility' 

2023-08-25 10:44:11 - [MESSAGE][PASSED] - All options with value 'Seoul CURA Healthcare Center' are selected in object 'Object Repository/Make Appointment/dropdown_facility' 

2023-08-25 10:44:11 - [TEST_STEP][PASSED] - if (toString().equalsIgnoreCase("yes")): null

2023-08-25 10:44:11 - [TEST_STEP][PASSED] - if (toString().equalsIgnoreCase("Medicare")): null

2023-08-25 10:44:11 - [TEST_STEP][PASSED] - else if (toString().equalsIgnoreCase("Medicaid")): null

2023-08-25 10:44:11 - [TEST_STEP][PASSED] - else: Object 'Object Repository/Make Appointment/Radio_None_programs' is checked

2023-08-25 10:44:11 - [TEST_STEP][PASSED] - check(findTestObject("Object Repository/Make Appointment/Radio_None_programs")): Object 'Object Repository/Make Appointment/Radio_None_programs' is checked

2023-08-25 10:44:12 - [MESSAGE][PASSED] - Object 'Object Repository/Make Appointment/Radio_None_programs' is checked

2023-08-25 10:44:12 - [TEST_STEP][PASSED] - setText(findTestObject("Make Appointment/input_Visit Date (Required)"), visit_date): Text '23/08/2023' is set on object 'Object Repository/Make Appointment/input_Visit Date (Required)'

2023-08-25 10:44:27 - [MESSAGE][PASSED] - Text '23/08/2023' is set on object 'Object Repository/Make Appointment/input_Visit Date (Required)'

2023-08-25 10:44:27 - [TEST_STEP][PASSED] - setText(findTestObject("Make Appointment/textarea_Comment"), comment): Text 'saya pasien' is set on object 'Object Repository/Make Appointment/textarea_Comment'

2023-08-25 10:44:29 - [MESSAGE][PASSED] - Text 'saya pasien' is set on object 'Object Repository/Make Appointment/textarea_Comment'

2023-08-25 10:44:29 - [TEST_STEP][PASSED] - click(findTestObject("Make Appointment/button_Book Appointment")): Object: 'Object Repository/Make Appointment/button_Book Appointment' is clicked on

2023-08-25 10:44:29 - [MESSAGE][PASSED] - Object: 'Object Repository/Make Appointment/button_Book Appointment' is clicked on

2023-08-25 10:44:29 - [TEST_STEP][PASSED] - verifyElementPresent(findTestObject("Make Appointment/title_Appointment Confirmation"), 0): Object 'Object Repository/Make Appointment/title_Appointment Confirmation' is present

2023-08-25 10:44:29 - [MESSAGE][WARNING] - Timeout '0' is invalid. Using default page load timeout: '10'

2023-08-25 10:44:30 - [MESSAGE][PASSED] - Object 'Object Repository/Make Appointment/title_Appointment Confirmation' is present

2023-08-25 10:44:30 - [TEST_STEP][PASSED] - hasil_facility = getText(findTestObject("Object Repository/Make Appointment/hasil_facility")): Text of object 'Object Repository/Make Appointment/hasil_facility' is: 'Seoul CURA Healthcare Center'

2023-08-25 10:44:30 - [MESSAGE][PASSED] - Text of object 'Object Repository/Make Appointment/hasil_facility' is: 'Seoul CURA Healthcare Center'

2023-08-25 10:44:30 - [TEST_STEP][PASSED] - hasil_healthcare_program = getText(findTestObject("Object Repository/Make Appointment/hasil_healtycare_program")): Text of object 'Object Repository/Make Appointment/hasil_healtycare_program' is: 'None'

2023-08-25 10:44:30 - [MESSAGE][PASSED] - Text of object 'Object Repository/Make Appointment/hasil_healtycare_program' is: 'None'

2023-08-25 10:44:30 - [TEST_STEP][PASSED] - hasil_visit_date = getText(findTestObject("Object Repository/Make Appointment/hasil_visit_date")): Text of object 'Object Repository/Make Appointment/hasil_visit_date' is: '23/08/2023'

2023-08-25 10:44:31 - [MESSAGE][PASSED] - Text of object 'Object Repository/Make Appointment/hasil_visit_date' is: '23/08/2023'

2023-08-25 10:44:31 - [TEST_STEP][PASSED] - hasil_commend = getText(findTestObject("Object Repository/Make Appointment/hasil_commend")): Text of object 'Object Repository/Make Appointment/hasil_commend' is: 'saya pasien'

2023-08-25 10:44:31 - [MESSAGE][PASSED] - Text of object 'Object Repository/Make Appointment/hasil_commend' is: 'saya pasien'

2023-08-25 10:44:31 - [TEST_STEP][PASSED] - hasil_chkbox = getText(findTestObject("Object Repository/Make Appointment/hasil_chkbox")): Text of object 'Object Repository/Make Appointment/hasil_chkbox' is: 'No'

2023-08-25 10:44:31 - [MESSAGE][PASSED] - Text of object 'Object Repository/Make Appointment/hasil_chkbox' is: 'No'

2023-08-25 10:44:31 - [TEST_STEP][PASSED] - assert trim().equalsIgnoreCase(facility.trim()): null

2023-08-25 10:44:31 - [TEST_STEP][PASSED] - assert trim().equalsIgnoreCase(healthcare_program.trim()): null

2023-08-25 10:44:31 - [TEST_STEP][PASSED] - assert trim().equalsIgnoreCase(visit_date.trim()): null

2023-08-25 10:44:31 - [TEST_STEP][PASSED] - assert trim().equalsIgnoreCase(comment.trim()): null

2023-08-25 10:44:31 - [TEST_STEP][PASSED] - assert trim().equalsIgnoreCase(hospital_readmission.trim()): null]]></system-out>
         <system-err><![CDATA[]]></system-err>
      </testcase>
      <system-out><![CDATA[2023-08-25 10:38:51 - [TEST_SUITE][PASSED] - Test Suite Appointment: Test Cases/Appointment/Test Case 2.1 - dinamis]]></system-out>
      <system-err><![CDATA[]]></system-err>
   </testsuite>
</testsuites>
