<?xml version="1.0" encoding="UTF-8"?>
<testsuites name="Test Suite Appointment" time="52.981" tests="3" failures="0" errors="0">
   <testsuite name="Test Suite Appointment" tests="3" failures="0" errors="0" time="52.981" skipped="0" timestamp="2023-08-25 09:50:42" hostname="ridaaridaini - 10.9.2.22" id="Test Suites/Test Suite Appointment">
      <properties>
         <property name="deviceName" value=""/>
         <property name="devicePlatform" value=""/>
         <property name="logFolder" value="/Users/ridaaridaini/Desktop/projectrida/batch-324-qa/rida/Cura Heroku App/Reports/20230825_095034/Test Suite Appointment/20230825_095034"/>
         <property name="logFiles" value="/Users/ridaaridaini/Desktop/projectrida/batch-324-qa/rida/Cura Heroku App/Reports/20230825_095034/Test Suite Appointment/20230825_095034/execution0.log"/>
         <property name="attachments" value=""/>
         <property name="hostName" value="ridaaridaini - 10.9.2.22"/>
         <property name="os" value="Mac OS X 64bit"/>
         <property name="katalonVersion" value="8.6.5.208"/>
         <property name="browser" value="Firefox 116.0"/>
         <property name="hostAddress" value="127.0.0.1"/>
         <property name="sessionId" value="a6aeabfd-c69e-4b92-b1ed-a0d6c9c79d1e"/>
         <property name="seleniumVersion" value="3.141.59"/>
         <property name="proxyInformation" value="ProxyInformation { proxyOption=NO_PROXY, proxyServerType=HTTP, username=, password=********, proxyServerAddress=, proxyServerPort=0, executionList=&quot;&quot;, isApplyToDesiredCapabilities=true }"/>
         <property name="platform" value="Mac OS X"/>
      </properties>
      <testcase name="Test Cases/Appointment/Test Case 2.1 - dinamis" time="19.562" classname="Test Cases/Appointment/Test Case 2.1 - dinamis" status="PASSED">
         <system-out><![CDATA[2023-08-25 09:50:43 - [TEST_CASE][PASSED] - Test Cases/Appointment/Test Case 2.1 - dinamis: Test Cases/Appointment/Test Case 2.1 - dinamis

2023-08-25 09:50:43 - [TEST_STEP][PASSED] - callTestCase(findTestCase("Login/Test Case 1.1(Record)"), ["username":username, "password":password], STOP_ON_FAILURE): Call Test Case 'Test Cases/Login/Test Case 1.1(Record)' successfully

2023-08-25 09:50:44 - [TEST_CASE][PASSED] - Test Cases/Login/Test Case 1.1(Record): Test Cases/Login/Test Case 1.1(Record)

2023-08-25 09:50:44 - [TEST_STEP][PASSED] - openBrowser(""): Browser is opened with url: ''

2023-08-25 09:50:44 - [MESSAGE][INFO] - Starting 'Firefox' driver

2023-08-25 09:50:44 - [MESSAGE][INFO] - Action delay is set to 0 milliseconds

2023-08-25 09:50:49 - [MESSAGE][PASSED] - Browser is opened with url: ''

2023-08-25 09:50:49 - [TEST_STEP][PASSED] - maximizeWindow(): Current window maximized

2023-08-25 09:50:50 - [MESSAGE][PASSED] - Current window maximized

2023-08-25 09:50:50 - [TEST_STEP][PASSED] - navigateToUrl("https://katalon-demo-cura.herokuapp.com/"): Navigate to 'https://katalon-demo-cura.herokuapp.com/' successfully

2023-08-25 09:50:53 - [MESSAGE][PASSED] - Navigate to 'https://katalon-demo-cura.herokuapp.com/' successfully

2023-08-25 09:50:53 - [TEST_STEP][PASSED] - click(findTestObject("Object Repository/h1_CURA Healthcare Service")): Object: 'Object Repository/h1_CURA Healthcare Service' is clicked on

2023-08-25 09:50:53 - [MESSAGE][PASSED] - Object: 'Object Repository/h1_CURA Healthcare Service' is clicked on

2023-08-25 09:50:53 - [TEST_STEP][PASSED] - click(findTestObject("Object Repository/i_CURA Healthcare_fa fa-bars")): Object: 'Object Repository/i_CURA Healthcare_fa fa-bars' is clicked on

2023-08-25 09:50:54 - [MESSAGE][PASSED] - Object: 'Object Repository/i_CURA Healthcare_fa fa-bars' is clicked on

2023-08-25 09:50:54 - [TEST_STEP][PASSED] - click(findTestObject("Object Repository/a_Login")): Object: 'Object Repository/a_Login' is clicked on

2023-08-25 09:50:55 - [MESSAGE][PASSED] - Object: 'Object Repository/a_Login' is clicked on

2023-08-25 09:50:55 - [TEST_STEP][PASSED] - setText(findTestObject("Object Repository/input_Username_username"), username): Text 'John Doe' is set on object 'Object Repository/input_Username_username'

2023-08-25 09:50:55 - [MESSAGE][PASSED] - Text 'John Doe' is set on object 'Object Repository/input_Username_username'

2023-08-25 09:50:55 - [TEST_STEP][PASSED] - setEncryptedText(findTestObject("Object Repository/input_Password_password"), password): Text ****** has been set on object 'Object Repository/input_Password_password'

2023-08-25 09:50:56 - [MESSAGE][PASSED] - Text ****** has been set on object 'Object Repository/input_Password_password'

2023-08-25 09:50:56 - [TEST_STEP][PASSED] - click(findTestObject("Object Repository/button_Login")): Object: 'Object Repository/button_Login' is clicked on

2023-08-25 09:50:57 - [MESSAGE][PASSED] - Object: 'Object Repository/button_Login' is clicked on

2023-08-25 09:50:57 - [MESSAGE][PASSED] - Call Test Case 'Test Cases/Login/Test Case 1.1(Record)' successfully

2023-08-25 09:50:57 - [TEST_STEP][PASSED] - selectOptionByValue(findTestObject("Make Appointment/dropdown_facility"), facility, false): All options with value 'Tokyo CURA Healthcare Center' are selected in object 'Object Repository/Make Appointment/dropdown_facility' 

2023-08-25 09:50:57 - [MESSAGE][PASSED] - All options with value 'Tokyo CURA Healthcare Center' are selected in object 'Object Repository/Make Appointment/dropdown_facility' 

2023-08-25 09:50:57 - [TEST_STEP][PASSED] - if (toString().equalsIgnoreCase("yes")): Object 'Object Repository/Make Appointment/chk_box' is checked

2023-08-25 09:50:57 - [TEST_STEP][PASSED] - check(findTestObject("Make Appointment/chk_box")): Object 'Object Repository/Make Appointment/chk_box' is checked

2023-08-25 09:50:58 - [MESSAGE][PASSED] - Object 'Object Repository/Make Appointment/chk_box' is checked

2023-08-25 09:50:58 - [TEST_STEP][PASSED] - if (toString().equalsIgnoreCase("Medicare")): null

2023-08-25 09:50:58 - [TEST_STEP][PASSED] - else if (toString().equalsIgnoreCase("Medicaid")): null

2023-08-25 09:50:58 - [TEST_STEP][PASSED] - else: Object 'Object Repository/Make Appointment/Radio_None_programs' is checked

2023-08-25 09:50:58 - [TEST_STEP][PASSED] - check(findTestObject("Object Repository/Make Appointment/Radio_None_programs")): Object 'Object Repository/Make Appointment/Radio_None_programs' is checked

2023-08-25 09:50:58 - [MESSAGE][PASSED] - Object 'Object Repository/Make Appointment/Radio_None_programs' is checked

2023-08-25 09:50:58 - [TEST_STEP][PASSED] - setText(findTestObject("Make Appointment/input_Visit Date (Required)"), visit_date): Text '26/08/2023' is set on object 'Object Repository/Make Appointment/input_Visit Date (Required)'

2023-08-25 09:50:59 - [MESSAGE][PASSED] - Text '26/08/2023' is set on object 'Object Repository/Make Appointment/input_Visit Date (Required)'

2023-08-25 09:50:59 - [TEST_STEP][PASSED] - setText(findTestObject("Make Appointment/textarea_Comment"), comment): Text 'beti' is set on object 'Object Repository/Make Appointment/textarea_Comment'

2023-08-25 09:51:00 - [MESSAGE][PASSED] - Text 'beti' is set on object 'Object Repository/Make Appointment/textarea_Comment'

2023-08-25 09:51:00 - [TEST_STEP][PASSED] - click(findTestObject("Make Appointment/button_Book Appointment")): Object: 'Object Repository/Make Appointment/button_Book Appointment' is clicked on

2023-08-25 09:51:01 - [MESSAGE][PASSED] - Object: 'Object Repository/Make Appointment/button_Book Appointment' is clicked on

2023-08-25 09:51:01 - [TEST_STEP][PASSED] - verifyElementPresent(findTestObject("Make Appointment/title_Appointment Confirmation"), 0): Object 'Object Repository/Make Appointment/title_Appointment Confirmation' is present

2023-08-25 09:51:01 - [MESSAGE][WARNING] - Timeout '0' is invalid. Using default page load timeout: '10'

2023-08-25 09:51:01 - [MESSAGE][PASSED] - Object 'Object Repository/Make Appointment/title_Appointment Confirmation' is present

2023-08-25 09:51:01 - [TEST_STEP][PASSED] - hasil_facility = getText(findTestObject("Object Repository/Make Appointment/hasil_facility")): Text of object 'Object Repository/Make Appointment/hasil_facility' is: 'Tokyo CURA Healthcare Center'

2023-08-25 09:51:01 - [MESSAGE][PASSED] - Text of object 'Object Repository/Make Appointment/hasil_facility' is: 'Tokyo CURA Healthcare Center'

2023-08-25 09:51:01 - [TEST_STEP][PASSED] - hasil_healthcare_program = getText(findTestObject("Object Repository/Make Appointment/hasil_healtycare_program")): Text of object 'Object Repository/Make Appointment/hasil_healtycare_program' is: 'None'

2023-08-25 09:51:02 - [MESSAGE][PASSED] - Text of object 'Object Repository/Make Appointment/hasil_healtycare_program' is: 'None'

2023-08-25 09:51:02 - [TEST_STEP][PASSED] - hasil_visit_date = getText(findTestObject("Object Repository/Make Appointment/hasil_visit_date")): Text of object 'Object Repository/Make Appointment/hasil_visit_date' is: '26/08/2023'

2023-08-25 09:51:02 - [MESSAGE][PASSED] - Text of object 'Object Repository/Make Appointment/hasil_visit_date' is: '26/08/2023'

2023-08-25 09:51:02 - [TEST_STEP][PASSED] - hasil_commend = getText(findTestObject("Object Repository/Make Appointment/hasil_commend")): Text of object 'Object Repository/Make Appointment/hasil_commend' is: 'beti'

2023-08-25 09:51:02 - [MESSAGE][PASSED] - Text of object 'Object Repository/Make Appointment/hasil_commend' is: 'beti'

2023-08-25 09:51:02 - [TEST_STEP][PASSED] - hasil_chkbox = getText(findTestObject("Object Repository/Make Appointment/hasil_chkbox")): Text of object 'Object Repository/Make Appointment/hasil_chkbox' is: 'Yes'

2023-08-25 09:51:02 - [MESSAGE][PASSED] - Text of object 'Object Repository/Make Appointment/hasil_chkbox' is: 'Yes'

2023-08-25 09:51:02 - [TEST_STEP][PASSED] - assert toString().equalsIgnoreCase(facility): null

2023-08-25 09:51:02 - [TEST_STEP][PASSED] - assert toString().equalsIgnoreCase(healthcare_program): null

2023-08-25 09:51:02 - [TEST_STEP][PASSED] - assert toString().equalsIgnoreCase(visit_date): null

2023-08-25 09:51:02 - [TEST_STEP][PASSED] - assert toString().equalsIgnoreCase(comment): null

2023-08-25 09:51:02 - [TEST_STEP][PASSED] - assert toString().equalsIgnoreCase(hospital_readmission): null]]></system-out>
         <system-err><![CDATA[]]></system-err>
      </testcase>
      <testcase name="Test Cases/Appointment/Test Case 2.1 - dinamis" time="15.7" classname="Test Cases/Appointment/Test Case 2.1 - dinamis" status="PASSED">
         <system-out><![CDATA[2023-08-25 09:51:03 - [TEST_CASE][PASSED] - Test Cases/Appointment/Test Case 2.1 - dinamis: Test Cases/Appointment/Test Case 2.1 - dinamis

2023-08-25 09:51:03 - [TEST_STEP][PASSED] - callTestCase(findTestCase("Login/Test Case 1.1(Record)"), ["username":username, "password":password], STOP_ON_FAILURE): Call Test Case 'Test Cases/Login/Test Case 1.1(Record)' successfully

2023-08-25 09:51:03 - [TEST_CASE][PASSED] - Test Cases/Login/Test Case 1.1(Record): Test Cases/Login/Test Case 1.1(Record)

2023-08-25 09:51:03 - [TEST_STEP][PASSED] - openBrowser(""): Browser is opened with url: ''

2023-08-25 09:51:03 - [MESSAGE][WARNING] - A browser is already opened. Closing browser and opening a new one

2023-08-25 09:51:03 - [MESSAGE][INFO] - Starting 'Firefox' driver

2023-08-25 09:51:03 - [MESSAGE][INFO] - Action delay is set to 0 milliseconds

2023-08-25 09:51:06 - [MESSAGE][PASSED] - Browser is opened with url: ''

2023-08-25 09:51:06 - [TEST_STEP][PASSED] - maximizeWindow(): Current window maximized

2023-08-25 09:51:06 - [MESSAGE][PASSED] - Current window maximized

2023-08-25 09:51:06 - [TEST_STEP][PASSED] - navigateToUrl("https://katalon-demo-cura.herokuapp.com/"): Navigate to 'https://katalon-demo-cura.herokuapp.com/' successfully

2023-08-25 09:51:09 - [MESSAGE][PASSED] - Navigate to 'https://katalon-demo-cura.herokuapp.com/' successfully

2023-08-25 09:51:09 - [TEST_STEP][PASSED] - click(findTestObject("Object Repository/h1_CURA Healthcare Service")): Object: 'Object Repository/h1_CURA Healthcare Service' is clicked on

2023-08-25 09:51:10 - [MESSAGE][PASSED] - Object: 'Object Repository/h1_CURA Healthcare Service' is clicked on

2023-08-25 09:51:10 - [TEST_STEP][PASSED] - click(findTestObject("Object Repository/i_CURA Healthcare_fa fa-bars")): Object: 'Object Repository/i_CURA Healthcare_fa fa-bars' is clicked on

2023-08-25 09:51:10 - [MESSAGE][PASSED] - Object: 'Object Repository/i_CURA Healthcare_fa fa-bars' is clicked on

2023-08-25 09:51:10 - [TEST_STEP][PASSED] - click(findTestObject("Object Repository/a_Login")): Object: 'Object Repository/a_Login' is clicked on

2023-08-25 09:51:11 - [MESSAGE][PASSED] - Object: 'Object Repository/a_Login' is clicked on

2023-08-25 09:51:11 - [TEST_STEP][PASSED] - setText(findTestObject("Object Repository/input_Username_username"), username): Text 'John Doe' is set on object 'Object Repository/input_Username_username'

2023-08-25 09:51:12 - [MESSAGE][PASSED] - Text 'John Doe' is set on object 'Object Repository/input_Username_username'

2023-08-25 09:51:12 - [TEST_STEP][PASSED] - setEncryptedText(findTestObject("Object Repository/input_Password_password"), password): Text ****** has been set on object 'Object Repository/input_Password_password'

2023-08-25 09:51:12 - [MESSAGE][PASSED] - Text ****** has been set on object 'Object Repository/input_Password_password'

2023-08-25 09:51:12 - [TEST_STEP][PASSED] - click(findTestObject("Object Repository/button_Login")): Object: 'Object Repository/button_Login' is clicked on

2023-08-25 09:51:13 - [MESSAGE][PASSED] - Object: 'Object Repository/button_Login' is clicked on

2023-08-25 09:51:13 - [MESSAGE][PASSED] - Call Test Case 'Test Cases/Login/Test Case 1.1(Record)' successfully

2023-08-25 09:51:13 - [TEST_STEP][PASSED] - selectOptionByValue(findTestObject("Make Appointment/dropdown_facility"), facility, false): All options with value 'Hongkong CURA Healthcare Center' are selected in object 'Object Repository/Make Appointment/dropdown_facility' 

2023-08-25 09:51:14 - [MESSAGE][PASSED] - All options with value 'Hongkong CURA Healthcare Center' are selected in object 'Object Repository/Make Appointment/dropdown_facility' 

2023-08-25 09:51:14 - [TEST_STEP][PASSED] - if (toString().equalsIgnoreCase("yes")): null

2023-08-25 09:51:14 - [TEST_STEP][PASSED] - if (toString().equalsIgnoreCase("Medicare")): Object 'Object Repository/Make Appointment/Radio_Medicare_programs' is checked

2023-08-25 09:51:14 - [TEST_STEP][PASSED] - check(findTestObject("Object Repository/Make Appointment/Radio_Medicare_programs")): Object 'Object Repository/Make Appointment/Radio_Medicare_programs' is checked

2023-08-25 09:51:14 - [MESSAGE][PASSED] - Object 'Object Repository/Make Appointment/Radio_Medicare_programs' is checked

2023-08-25 09:51:14 - [TEST_STEP][PASSED] - setText(findTestObject("Make Appointment/input_Visit Date (Required)"), visit_date): Text '26/08/2023' is set on object 'Object Repository/Make Appointment/input_Visit Date (Required)'

2023-08-25 09:51:15 - [MESSAGE][PASSED] - Text '26/08/2023' is set on object 'Object Repository/Make Appointment/input_Visit Date (Required)'

2023-08-25 09:51:15 - [TEST_STEP][PASSED] - setText(findTestObject("Make Appointment/textarea_Comment"), comment): Text 'friska' is set on object 'Object Repository/Make Appointment/textarea_Comment'

2023-08-25 09:51:16 - [MESSAGE][PASSED] - Text 'friska' is set on object 'Object Repository/Make Appointment/textarea_Comment'

2023-08-25 09:51:16 - [TEST_STEP][PASSED] - click(findTestObject("Make Appointment/button_Book Appointment")): Object: 'Object Repository/Make Appointment/button_Book Appointment' is clicked on

2023-08-25 09:51:16 - [MESSAGE][PASSED] - Object: 'Object Repository/Make Appointment/button_Book Appointment' is clicked on

2023-08-25 09:51:16 - [TEST_STEP][PASSED] - verifyElementPresent(findTestObject("Make Appointment/title_Appointment Confirmation"), 0): Object 'Object Repository/Make Appointment/title_Appointment Confirmation' is present

2023-08-25 09:51:16 - [MESSAGE][WARNING] - Timeout '0' is invalid. Using default page load timeout: '10'

2023-08-25 09:51:17 - [MESSAGE][PASSED] - Object 'Object Repository/Make Appointment/title_Appointment Confirmation' is present

2023-08-25 09:51:17 - [TEST_STEP][PASSED] - hasil_facility = getText(findTestObject("Object Repository/Make Appointment/hasil_facility")): Text of object 'Object Repository/Make Appointment/hasil_facility' is: 'Hongkong CURA Healthcare Center'

2023-08-25 09:51:17 - [MESSAGE][PASSED] - Text of object 'Object Repository/Make Appointment/hasil_facility' is: 'Hongkong CURA Healthcare Center'

2023-08-25 09:51:17 - [TEST_STEP][PASSED] - hasil_healthcare_program = getText(findTestObject("Object Repository/Make Appointment/hasil_healtycare_program")): Text of object 'Object Repository/Make Appointment/hasil_healtycare_program' is: 'Medicare'

2023-08-25 09:51:17 - [MESSAGE][PASSED] - Text of object 'Object Repository/Make Appointment/hasil_healtycare_program' is: 'Medicare'

2023-08-25 09:51:17 - [TEST_STEP][PASSED] - hasil_visit_date = getText(findTestObject("Object Repository/Make Appointment/hasil_visit_date")): Text of object 'Object Repository/Make Appointment/hasil_visit_date' is: '26/08/2023'

2023-08-25 09:51:18 - [MESSAGE][PASSED] - Text of object 'Object Repository/Make Appointment/hasil_visit_date' is: '26/08/2023'

2023-08-25 09:51:18 - [TEST_STEP][PASSED] - hasil_commend = getText(findTestObject("Object Repository/Make Appointment/hasil_commend")): Text of object 'Object Repository/Make Appointment/hasil_commend' is: 'friska'

2023-08-25 09:51:18 - [MESSAGE][PASSED] - Text of object 'Object Repository/Make Appointment/hasil_commend' is: 'friska'

2023-08-25 09:51:18 - [TEST_STEP][PASSED] - hasil_chkbox = getText(findTestObject("Object Repository/Make Appointment/hasil_chkbox")): Text of object 'Object Repository/Make Appointment/hasil_chkbox' is: 'No'

2023-08-25 09:51:18 - [MESSAGE][PASSED] - Text of object 'Object Repository/Make Appointment/hasil_chkbox' is: 'No'

2023-08-25 09:51:18 - [TEST_STEP][PASSED] - assert toString().equalsIgnoreCase(facility): null

2023-08-25 09:51:18 - [TEST_STEP][PASSED] - assert toString().equalsIgnoreCase(healthcare_program): null

2023-08-25 09:51:18 - [TEST_STEP][PASSED] - assert toString().equalsIgnoreCase(visit_date): null

2023-08-25 09:51:18 - [TEST_STEP][PASSED] - assert toString().equalsIgnoreCase(comment): null

2023-08-25 09:51:18 - [TEST_STEP][PASSED] - assert toString().equalsIgnoreCase(hospital_readmission): null]]></system-out>
         <system-err><![CDATA[]]></system-err>
      </testcase>
      <testcase name="Test Cases/Appointment/Test Case 2.1 - dinamis" time="17.09" classname="Test Cases/Appointment/Test Case 2.1 - dinamis" status="PASSED">
         <system-out><![CDATA[2023-08-25 09:51:18 - [TEST_CASE][PASSED] - Test Cases/Appointment/Test Case 2.1 - dinamis: Test Cases/Appointment/Test Case 2.1 - dinamis

2023-08-25 09:51:18 - [TEST_STEP][PASSED] - callTestCase(findTestCase("Login/Test Case 1.1(Record)"), ["username":username, "password":password], STOP_ON_FAILURE): Call Test Case 'Test Cases/Login/Test Case 1.1(Record)' successfully

2023-08-25 09:51:18 - [TEST_CASE][PASSED] - Test Cases/Login/Test Case 1.1(Record): Test Cases/Login/Test Case 1.1(Record)

2023-08-25 09:51:19 - [TEST_STEP][PASSED] - openBrowser(""): Browser is opened with url: ''

2023-08-25 09:51:19 - [MESSAGE][WARNING] - A browser is already opened. Closing browser and opening a new one

2023-08-25 09:51:19 - [MESSAGE][INFO] - Starting 'Firefox' driver

2023-08-25 09:51:19 - [MESSAGE][INFO] - Action delay is set to 0 milliseconds

2023-08-25 09:51:22 - [MESSAGE][PASSED] - Browser is opened with url: ''

2023-08-25 09:51:22 - [TEST_STEP][PASSED] - maximizeWindow(): Current window maximized

2023-08-25 09:51:22 - [MESSAGE][PASSED] - Current window maximized

2023-08-25 09:51:22 - [TEST_STEP][PASSED] - navigateToUrl("https://katalon-demo-cura.herokuapp.com/"): Navigate to 'https://katalon-demo-cura.herokuapp.com/' successfully

2023-08-25 09:51:25 - [MESSAGE][PASSED] - Navigate to 'https://katalon-demo-cura.herokuapp.com/' successfully

2023-08-25 09:51:25 - [TEST_STEP][PASSED] - click(findTestObject("Object Repository/h1_CURA Healthcare Service")): Object: 'Object Repository/h1_CURA Healthcare Service' is clicked on

2023-08-25 09:51:26 - [MESSAGE][PASSED] - Object: 'Object Repository/h1_CURA Healthcare Service' is clicked on

2023-08-25 09:51:26 - [TEST_STEP][PASSED] - click(findTestObject("Object Repository/i_CURA Healthcare_fa fa-bars")): Object: 'Object Repository/i_CURA Healthcare_fa fa-bars' is clicked on

2023-08-25 09:51:26 - [MESSAGE][PASSED] - Object: 'Object Repository/i_CURA Healthcare_fa fa-bars' is clicked on

2023-08-25 09:51:26 - [TEST_STEP][PASSED] - click(findTestObject("Object Repository/a_Login")): Object: 'Object Repository/a_Login' is clicked on

2023-08-25 09:51:27 - [MESSAGE][PASSED] - Object: 'Object Repository/a_Login' is clicked on

2023-08-25 09:51:27 - [TEST_STEP][PASSED] - setText(findTestObject("Object Repository/input_Username_username"), username): Text 'John Doe' is set on object 'Object Repository/input_Username_username'

2023-08-25 09:51:28 - [MESSAGE][PASSED] - Text 'John Doe' is set on object 'Object Repository/input_Username_username'

2023-08-25 09:51:28 - [TEST_STEP][PASSED] - setEncryptedText(findTestObject("Object Repository/input_Password_password"), password): Text ****** has been set on object 'Object Repository/input_Password_password'

2023-08-25 09:51:28 - [MESSAGE][PASSED] - Text ****** has been set on object 'Object Repository/input_Password_password'

2023-08-25 09:51:28 - [TEST_STEP][PASSED] - click(findTestObject("Object Repository/button_Login")): Object: 'Object Repository/button_Login' is clicked on

2023-08-25 09:51:29 - [MESSAGE][PASSED] - Object: 'Object Repository/button_Login' is clicked on

2023-08-25 09:51:29 - [MESSAGE][PASSED] - Call Test Case 'Test Cases/Login/Test Case 1.1(Record)' successfully

2023-08-25 09:51:29 - [TEST_STEP][PASSED] - selectOptionByValue(findTestObject("Make Appointment/dropdown_facility"), facility, false): All options with value 'Seoul CURA Healthcare Center' are selected in object 'Object Repository/Make Appointment/dropdown_facility' 

2023-08-25 09:51:30 - [MESSAGE][PASSED] - All options with value 'Seoul CURA Healthcare Center' are selected in object 'Object Repository/Make Appointment/dropdown_facility' 

2023-08-25 09:51:30 - [TEST_STEP][PASSED] - if (toString().equalsIgnoreCase("yes")): Object 'Object Repository/Make Appointment/chk_box' is checked

2023-08-25 09:51:30 - [TEST_STEP][PASSED] - check(findTestObject("Make Appointment/chk_box")): Object 'Object Repository/Make Appointment/chk_box' is checked

2023-08-25 09:51:31 - [MESSAGE][PASSED] - Object 'Object Repository/Make Appointment/chk_box' is checked

2023-08-25 09:51:31 - [TEST_STEP][PASSED] - if (toString().equalsIgnoreCase("Medicare")): null

2023-08-25 09:51:31 - [TEST_STEP][PASSED] - else if (toString().equalsIgnoreCase("Medicaid")): Object 'Object Repository/Make Appointment/Radio_Medicaid_programs' is checked

2023-08-25 09:51:31 - [TEST_STEP][PASSED] - check(findTestObject("Object Repository/Make Appointment/Radio_Medicaid_programs")): Object 'Object Repository/Make Appointment/Radio_Medicaid_programs' is checked

2023-08-25 09:51:31 - [MESSAGE][PASSED] - Object 'Object Repository/Make Appointment/Radio_Medicaid_programs' is checked

2023-08-25 09:51:31 - [TEST_STEP][PASSED] - setText(findTestObject("Make Appointment/input_Visit Date (Required)"), visit_date): Text '26/08/2023' is set on object 'Object Repository/Make Appointment/input_Visit Date (Required)'

2023-08-25 09:51:32 - [MESSAGE][PASSED] - Text '26/08/2023' is set on object 'Object Repository/Make Appointment/input_Visit Date (Required)'

2023-08-25 09:51:32 - [TEST_STEP][PASSED] - setText(findTestObject("Make Appointment/textarea_Comment"), comment): Text 'rida' is set on object 'Object Repository/Make Appointment/textarea_Comment'

2023-08-25 09:51:33 - [MESSAGE][PASSED] - Text 'rida' is set on object 'Object Repository/Make Appointment/textarea_Comment'

2023-08-25 09:51:33 - [TEST_STEP][PASSED] - click(findTestObject("Make Appointment/button_Book Appointment")): Object: 'Object Repository/Make Appointment/button_Book Appointment' is clicked on

2023-08-25 09:51:34 - [MESSAGE][PASSED] - Object: 'Object Repository/Make Appointment/button_Book Appointment' is clicked on

2023-08-25 09:51:34 - [TEST_STEP][PASSED] - verifyElementPresent(findTestObject("Make Appointment/title_Appointment Confirmation"), 0): Object 'Object Repository/Make Appointment/title_Appointment Confirmation' is present

2023-08-25 09:51:34 - [MESSAGE][WARNING] - Timeout '0' is invalid. Using default page load timeout: '10'

2023-08-25 09:51:34 - [MESSAGE][PASSED] - Object 'Object Repository/Make Appointment/title_Appointment Confirmation' is present

2023-08-25 09:51:34 - [TEST_STEP][PASSED] - hasil_facility = getText(findTestObject("Object Repository/Make Appointment/hasil_facility")): Text of object 'Object Repository/Make Appointment/hasil_facility' is: 'Seoul CURA Healthcare Center'

2023-08-25 09:51:34 - [MESSAGE][PASSED] - Text of object 'Object Repository/Make Appointment/hasil_facility' is: 'Seoul CURA Healthcare Center'

2023-08-25 09:51:34 - [TEST_STEP][PASSED] - hasil_healthcare_program = getText(findTestObject("Object Repository/Make Appointment/hasil_healtycare_program")): Text of object 'Object Repository/Make Appointment/hasil_healtycare_program' is: 'Medicaid'

2023-08-25 09:51:35 - [MESSAGE][PASSED] - Text of object 'Object Repository/Make Appointment/hasil_healtycare_program' is: 'Medicaid'

2023-08-25 09:51:35 - [TEST_STEP][PASSED] - hasil_visit_date = getText(findTestObject("Object Repository/Make Appointment/hasil_visit_date")): Text of object 'Object Repository/Make Appointment/hasil_visit_date' is: '26/08/2023'

2023-08-25 09:51:35 - [MESSAGE][PASSED] - Text of object 'Object Repository/Make Appointment/hasil_visit_date' is: '26/08/2023'

2023-08-25 09:51:35 - [TEST_STEP][PASSED] - hasil_commend = getText(findTestObject("Object Repository/Make Appointment/hasil_commend")): Text of object 'Object Repository/Make Appointment/hasil_commend' is: 'rida'

2023-08-25 09:51:35 - [MESSAGE][PASSED] - Text of object 'Object Repository/Make Appointment/hasil_commend' is: 'rida'

2023-08-25 09:51:35 - [TEST_STEP][PASSED] - hasil_chkbox = getText(findTestObject("Object Repository/Make Appointment/hasil_chkbox")): Text of object 'Object Repository/Make Appointment/hasil_chkbox' is: 'Yes'

2023-08-25 09:51:35 - [MESSAGE][PASSED] - Text of object 'Object Repository/Make Appointment/hasil_chkbox' is: 'Yes'

2023-08-25 09:51:35 - [TEST_STEP][PASSED] - assert toString().equalsIgnoreCase(facility): null

2023-08-25 09:51:35 - [TEST_STEP][PASSED] - assert toString().equalsIgnoreCase(healthcare_program): null

2023-08-25 09:51:35 - [TEST_STEP][PASSED] - assert toString().equalsIgnoreCase(visit_date): null

2023-08-25 09:51:35 - [TEST_STEP][PASSED] - assert toString().equalsIgnoreCase(comment): null

2023-08-25 09:51:35 - [TEST_STEP][PASSED] - assert toString().equalsIgnoreCase(hospital_readmission): null]]></system-out>
         <system-err><![CDATA[]]></system-err>
      </testcase>
      <system-out><![CDATA[2023-08-25 09:50:42 - [TEST_SUITE][PASSED] - Test Suite Appointment: Test Cases/Appointment/Test Case 2.1 - dinamis]]></system-out>
      <system-err><![CDATA[]]></system-err>
   </testsuite>
</testsuites>
