<?xml version="1.0" encoding="UTF-8"?>
<testsuites name="Test Suite Login" time="36.099" tests="2" failures="0" errors="0">
   <testsuite name="Test Suite Login" tests="2" failures="0" errors="0" time="36.099" skipped="0" timestamp="2023-08-25 09:32:08" hostname="ASUS - DESKTOP-MRD68AC" id="Test Suites/Test Suite Login">
      <properties>
         <property name="deviceName" value=""/>
         <property name="devicePlatform" value=""/>
         <property name="logFolder" value="D:\\xsis\\batch-324-qa\\bagus\\Cura Heroku App\\Reports\\20230825_093157\\Test Suite Login\\20230825_093158"/>
         <property name="logFiles" value="D:\\xsis\\batch-324-qa\\bagus\\Cura Heroku App\\Reports\\20230825_093157\\Test Suite Login\\20230825_093158\\execution0.log"/>
         <property name="attachments" value=""/>
         <property name="hostName" value="ASUS - DESKTOP-MRD68AC"/>
         <property name="os" value="Windows 10 64bit"/>
         <property name="katalonVersion" value="8.6.5.208"/>
         <property name="browser" value="Edge Chromium 115"/>
         <property name="hostAddress" value="10.9.2.33"/>
         <property name="sessionId" value="b0290b87e9eb6a7aea4547eb936c9610"/>
         <property name="seleniumVersion" value="3.141.59"/>
         <property name="proxyInformation" value="ProxyInformation { proxyOption=NO_PROXY, proxyServerType=HTTP, username=, password=********, proxyServerAddress=, proxyServerPort=0, executionList=&quot;&quot;, isApplyToDesiredCapabilities=true }"/>
         <property name="platform" value="Windows 10"/>
      </properties>
      <testcase name="Test Cases/Login/Test Case 1.1 (Cara Manual)" time="17.193" classname="Test Cases/Login/Test Case 1.1 (Cara Manual)" status="PASSED">
         <system-out><![CDATA[2023-08-25 09:32:09 - [TEST_CASE][PASSED] - Test Cases/Login/Test Case 1.1 (Cara Manual): Test Cases/Login/Test Case 1.1 (Cara Manual)

2023-08-25 09:32:09 - [TEST_STEP][PASSED] - openBrowser(web_url): Browser is opened with url: 'https://katalon-demo-cura.herokuapp.com/'

2023-08-25 09:32:09 - [MESSAGE][INFO] - Starting 'Edge Chromium' driver

2023-08-25 09:32:12 - [MESSAGE][INFO] - Action delay is set to 0 milliseconds

2023-08-25 09:32:19 - [MESSAGE][PASSED] - Browser is opened with url: 'https://katalon-demo-cura.herokuapp.com/'

2023-08-25 09:32:19 - [TEST_STEP][PASSED] - maximizeWindow(): Current window maximized

2023-08-25 09:32:19 - [MESSAGE][PASSED] - Current window maximized

2023-08-25 09:32:19 - [TEST_STEP][PASSED] - verifyElementPresent(findTestObject("Login Manual/title_homepage"), 0): Object 'Object Repository/Login Manual/title_homepage' is present

2023-08-25 09:32:19 - [MESSAGE][WARNING] - Timeout '0' is invalid. Using default page load timeout: '30'

2023-08-25 09:32:20 - [MESSAGE][PASSED] - Object 'Object Repository/Login Manual/title_homepage' is present

2023-08-25 09:32:20 - [TEST_STEP][PASSED] - click(findTestObject("Login Manual/burger_button")): Object: 'Object Repository/Login Manual/burger_button' is clicked on

2023-08-25 09:32:21 - [MESSAGE][PASSED] - Object: 'Object Repository/Login Manual/burger_button' is clicked on

2023-08-25 09:32:21 - [TEST_STEP][PASSED] - click(findTestObject("Login Manual/burger_button_login")): Object: 'Object Repository/Login Manual/burger_button_login' is clicked on

2023-08-25 09:32:22 - [MESSAGE][PASSED] - Object: 'Object Repository/Login Manual/burger_button_login' is clicked on

2023-08-25 09:32:22 - [TEST_STEP][PASSED] - verifyElementPresent(findTestObject("Login Manual/Title_Login"), 0): Object 'Object Repository/Login Manual/Title_Login' is present

2023-08-25 09:32:22 - [MESSAGE][WARNING] - Timeout '0' is invalid. Using default page load timeout: '30'

2023-08-25 09:32:23 - [MESSAGE][PASSED] - Object 'Object Repository/Login Manual/Title_Login' is present

2023-08-25 09:32:23 - [TEST_STEP][PASSED] - setText(findTestObject("Login Manual/input_Username"), Username): Text 'John Doe' is set on object 'Object Repository/Login Manual/input_Username'

2023-08-25 09:32:24 - [MESSAGE][PASSED] - Text 'John Doe' is set on object 'Object Repository/Login Manual/input_Username'

2023-08-25 09:32:24 - [TEST_STEP][PASSED] - setEncryptedText(findTestObject("Login Manual/input_Password"), password): Text ****** has been set on object 'Object Repository/Login Manual/input_Password'

2023-08-25 09:32:24 - [MESSAGE][PASSED] - Text ****** has been set on object 'Object Repository/Login Manual/input_Password'

2023-08-25 09:32:24 - [TEST_STEP][PASSED] - click(findTestObject("Login Manual/button_Login (1)")): Object: 'Object Repository/Login Manual/button_Login (1)' is clicked on

2023-08-25 09:32:25 - [MESSAGE][PASSED] - Object: 'Object Repository/Login Manual/button_Login (1)' is clicked on

2023-08-25 09:32:25 - [TEST_STEP][PASSED] - verifyElementPresent(findTestObject("Login Manual/title_Make Appointment"), 5): Object 'Object Repository/Login Manual/title_Make Appointment' is present

2023-08-25 09:32:26 - [MESSAGE][PASSED] - Object 'Object Repository/Login Manual/title_Make Appointment' is present]]></system-out>
         <system-err><![CDATA[]]></system-err>
      </testcase>
      <testcase name="Test Cases/Login/Test Case 1.2" time="18.571" classname="Test Cases/Login/Test Case 1.2" status="PASSED">
         <system-out><![CDATA[2023-08-25 09:32:26 - [TEST_CASE][PASSED] - Test Cases/Login/Test Case 1.2: Test Cases/Login/Test Case 1.2

2023-08-25 09:32:26 - [TEST_STEP][PASSED] - openBrowser(web_url): Browser is opened with url: 'https://katalon-demo-cura.herokuapp.com/'

2023-08-25 09:32:26 - [MESSAGE][WARNING] - A browser is already opened. Closing browser and opening a new one

2023-08-25 09:32:27 - [MESSAGE][INFO] - Starting 'Edge Chromium' driver

2023-08-25 09:32:29 - [MESSAGE][INFO] - Action delay is set to 0 milliseconds

2023-08-25 09:32:34 - [MESSAGE][PASSED] - Browser is opened with url: 'https://katalon-demo-cura.herokuapp.com/'

2023-08-25 09:32:34 - [TEST_STEP][PASSED] - maximizeWindow(): Current window maximized

2023-08-25 09:32:34 - [MESSAGE][PASSED] - Current window maximized

2023-08-25 09:32:34 - [TEST_STEP][PASSED] - verifyElementPresent(findTestObject("Login Manual/title_homepage"), 0): Object 'Object Repository/Login Manual/title_homepage' is present

2023-08-25 09:32:34 - [MESSAGE][WARNING] - Timeout '0' is invalid. Using default page load timeout: '30'

2023-08-25 09:32:35 - [MESSAGE][PASSED] - Object 'Object Repository/Login Manual/title_homepage' is present

2023-08-25 09:32:35 - [TEST_STEP][PASSED] - click(findTestObject("Login Manual/burger_button")): Object: 'Object Repository/Login Manual/burger_button' is clicked on

2023-08-25 09:32:35 - [MESSAGE][PASSED] - Object: 'Object Repository/Login Manual/burger_button' is clicked on

2023-08-25 09:32:35 - [TEST_STEP][PASSED] - click(findTestObject("Login Manual/burger_button_login")): Object: 'Object Repository/Login Manual/burger_button_login' is clicked on

2023-08-25 09:32:37 - [MESSAGE][PASSED] - Object: 'Object Repository/Login Manual/burger_button_login' is clicked on

2023-08-25 09:32:37 - [TEST_STEP][PASSED] - verifyElementPresent(findTestObject("Login Manual/Title_Login"), 0): Object 'Object Repository/Login Manual/Title_Login' is present

2023-08-25 09:32:37 - [MESSAGE][WARNING] - Timeout '0' is invalid. Using default page load timeout: '30'

2023-08-25 09:32:38 - [MESSAGE][PASSED] - Object 'Object Repository/Login Manual/Title_Login' is present

2023-08-25 09:32:38 - [TEST_STEP][PASSED] - setText(findTestObject("Login Manual/input_Username"), username): Text 'admin' is set on object 'Object Repository/Login Manual/input_Username'

2023-08-25 09:32:38 - [MESSAGE][PASSED] - Text 'admin' is set on object 'Object Repository/Login Manual/input_Username'

2023-08-25 09:32:38 - [TEST_STEP][PASSED] - setEncryptedText(findTestObject("Login Manual/input_Password"), password): Text ****** has been set on object 'Object Repository/Login Manual/input_Password'

2023-08-25 09:32:39 - [MESSAGE][PASSED] - Text ****** has been set on object 'Object Repository/Login Manual/input_Password'

2023-08-25 09:32:39 - [TEST_STEP][PASSED] - click(findTestObject("Login Manual/button_Login (1)")): Object: 'Object Repository/Login Manual/button_Login (1)' is clicked on

2023-08-25 09:32:40 - [MESSAGE][PASSED] - Object: 'Object Repository/Login Manual/button_Login (1)' is clicked on

2023-08-25 09:32:40 - [TEST_STEP][PASSED] - verifyElementText(findTestObject("Login Negative/Error_Login failed Please ensure the username and password are valid"), "Login failed! Please ensure the username and password are valid."): Actual text and expected text of test object 'Object Repository/Login Negative/Error_Login failed Please ensure the username and password are valid' are matched.

2023-08-25 09:32:40 - [MESSAGE][PASSED] - Actual text and expected text of test object 'Object Repository/Login Negative/Error_Login failed Please ensure the username and password are valid' are matched.

2023-08-25 09:32:40 - [TEST_STEP][PASSED] - delay(3): Delayed 3 second(s)

2023-08-25 09:32:43 - [MESSAGE][PASSED] - Delayed 3 second(s)

2023-08-25 09:32:43 - [TEST_STEP][PASSED] - closeBrowser(): Browser is closed

2023-08-25 09:32:44 - [MESSAGE][PASSED] - Browser is closed]]></system-out>
         <system-err><![CDATA[]]></system-err>
      </testcase>
      <system-out><![CDATA[2023-08-25 09:32:08 - [TEST_SUITE][PASSED] - Test Suite Login: Test Cases/Login/Test Case 1.2]]></system-out>
      <system-err><![CDATA[]]></system-err>
   </testsuite>
</testsuites>
