<?xml version="1.0" encoding="UTF-8"?>
<testsuites name="Test Suite Login" time="31.994" tests="3" failures="0" errors="0">
   <testsuite name="Test Suite Login" tests="3" failures="0" errors="0" time="31.994" skipped="0" timestamp="2023-08-25 09:26:34" hostname="youha - LAPTOP-H03M84CI" id="Test Suites/Test Suite Login">
      <properties>
         <property name="deviceName" value=""/>
         <property name="devicePlatform" value=""/>
         <property name="logFolder" value="C:\\Users\\youha\\OneDrive\\Desktop\\Batch 324\\Workspace\\batch-324-qa\\Trainer\\Cura Heroku App\\Reports\\20230825_092622\\Test Suite Login\\20230825_092623"/>
         <property name="logFiles" value="C:\\Users\\youha\\OneDrive\\Desktop\\Batch 324\\Workspace\\batch-324-qa\\Trainer\\Cura Heroku App\\Reports\\20230825_092622\\Test Suite Login\\20230825_092623\\execution0.log"/>
         <property name="attachments" value=""/>
         <property name="hostName" value="youha - LAPTOP-H03M84CI"/>
         <property name="os" value="Windows 11 64bit"/>
         <property name="katalonVersion" value="8.6.5.208"/>
         <property name="browser" value="Edge Chromium 115"/>
         <property name="hostAddress" value="10.9.2.32"/>
         <property name="sessionId" value="b32ade2b3a5b8fa7ed0b61b147507e34"/>
         <property name="seleniumVersion" value="3.141.59"/>
         <property name="proxyInformation" value="ProxyInformation { proxyOption=NO_PROXY, proxyServerType=HTTP, username=, password=********, proxyServerAddress=, proxyServerPort=0, executionList=&quot;&quot;, isApplyToDesiredCapabilities=true }"/>
         <property name="platform" value="Windows 11"/>
      </properties>
      <testcase name="Test Cases/Login/Test Case 1.1 (Manual)" time="10.843" classname="Test Cases/Login/Test Case 1.1 (Manual)" status="PASSED">
         <system-out><![CDATA[2023-08-25 09:26:34 - [TEST_CASE][PASSED] - Test Cases/Login/Test Case 1.1 (Manual): Test Cases/Login/Test Case 1.1 (Manual)

2023-08-25 09:26:34 - [TEST_STEP][PASSED] - openBrowser(WEB_URL): Browser is opened with url: 'https://katalon-demo-cura.herokuapp.com/'

2023-08-25 09:26:34 - [MESSAGE][INFO] - Starting 'Edge Chromium' driver

2023-08-25 09:26:37 - [MESSAGE][INFO] - Action delay is set to 0 milliseconds

2023-08-25 09:26:40 - [MESSAGE][PASSED] - Browser is opened with url: 'https://katalon-demo-cura.herokuapp.com/'

2023-08-25 09:26:40 - [TEST_STEP][PASSED] - maximizeWindow(): Current window maximized

2023-08-25 09:26:40 - [MESSAGE][PASSED] - Current window maximized

2023-08-25 09:26:40 - [TEST_STEP][PASSED] - verifyElementPresent(findTestObject("Login/Title Home Page"), 10): Object 'Object Repository/Login/Title Home Page' is present

2023-08-25 09:26:41 - [MESSAGE][PASSED] - Object 'Object Repository/Login/Title Home Page' is present

2023-08-25 09:26:41 - [TEST_STEP][PASSED] - click(findTestObject("Login/Menu Burger")): Object: 'Object Repository/Login/Menu Burger' is clicked on

2023-08-25 09:26:41 - [MESSAGE][PASSED] - Object: 'Object Repository/Login/Menu Burger' is clicked on

2023-08-25 09:26:41 - [TEST_STEP][PASSED] - click(findTestObject("Login/Menu Login")): Object: 'Object Repository/Login/Menu Login' is clicked on

2023-08-25 09:26:42 - [MESSAGE][PASSED] - Object: 'Object Repository/Login/Menu Login' is clicked on

2023-08-25 09:26:42 - [TEST_STEP][PASSED] - verifyElementPresent(findTestObject("Login/Title Login"), 10): Object 'Object Repository/Login/Title Login' is present

2023-08-25 09:26:42 - [MESSAGE][PASSED] - Object 'Object Repository/Login/Title Login' is present

2023-08-25 09:26:42 - [TEST_STEP][PASSED] - setText(findTestObject("Login/Input Username Login"), username): Text 'John Doe' is set on object 'Object Repository/Login/Input Username Login'

2023-08-25 09:26:43 - [MESSAGE][PASSED] - Text 'John Doe' is set on object 'Object Repository/Login/Input Username Login'

2023-08-25 09:26:43 - [TEST_STEP][PASSED] - setEncryptedText(findTestObject("Login/Input Password Login"), password): Text ****** has been set on object 'Object Repository/Login/Input Password Login'

2023-08-25 09:26:43 - [MESSAGE][PASSED] - Text ****** has been set on object 'Object Repository/Login/Input Password Login'

2023-08-25 09:26:43 - [TEST_STEP][PASSED] - click(findTestObject("Login/Button Login")): Object: 'Object Repository/Login/Button Login' is clicked on

2023-08-25 09:26:44 - [MESSAGE][PASSED] - Object: 'Object Repository/Login/Button Login' is clicked on

2023-08-25 09:26:44 - [TEST_STEP][PASSED] - verifyElementPresent(findTestObject("Login/Title Make Appointment"), 10): Object 'Object Repository/Login/Title Make Appointment' is present

2023-08-25 09:26:45 - [MESSAGE][PASSED] - Object 'Object Repository/Login/Title Make Appointment' is present]]></system-out>
         <system-err><![CDATA[]]></system-err>
      </testcase>
      <testcase name="Test Cases/Login/Test Case 1.1 (Record)" time="10.412" classname="Test Cases/Login/Test Case 1.1 (Record)" status="PASSED">
         <system-out><![CDATA[2023-08-25 09:26:45 - [TEST_CASE][PASSED] - Test Cases/Login/Test Case 1.1 (Record): Test Cases/Login/Test Case 1.1 (Record)

2023-08-25 09:26:45 - [TEST_STEP][PASSED] - openBrowser(""): Browser is opened with url: ''

2023-08-25 09:26:45 - [MESSAGE][WARNING] - A browser is already opened. Closing browser and opening a new one

2023-08-25 09:26:46 - [MESSAGE][INFO] - Starting 'Edge Chromium' driver

2023-08-25 09:26:48 - [MESSAGE][INFO] - Action delay is set to 0 milliseconds

2023-08-25 09:26:48 - [MESSAGE][PASSED] - Browser is opened with url: ''

2023-08-25 09:26:48 - [TEST_STEP][PASSED] - navigateToUrl("https://katalon-demo-cura.herokuapp.com/"): Navigate to 'https://katalon-demo-cura.herokuapp.com/' successfully

2023-08-25 09:26:51 - [MESSAGE][PASSED] - Navigate to 'https://katalon-demo-cura.herokuapp.com/' successfully

2023-08-25 09:26:51 - [TEST_STEP][PASSED] - verifyElementPresent(findTestObject("Object Repository/Page_CURA Healthcare Service/h1_CURA Healthcare Service"), 0): Object 'Object Repository/Page_CURA Healthcare Service/h1_CURA Healthcare Service' is present

2023-08-25 09:26:51 - [MESSAGE][WARNING] - Timeout '0' is invalid. Using default page load timeout: '30'

2023-08-25 09:26:51 - [MESSAGE][PASSED] - Object 'Object Repository/Page_CURA Healthcare Service/h1_CURA Healthcare Service' is present

2023-08-25 09:26:51 - [TEST_STEP][PASSED] - click(findTestObject("Object Repository/Page_CURA Healthcare Service/a_CURA Healthcare_menu-toggle")): Object: 'Object Repository/Page_CURA Healthcare Service/a_CURA Healthcare_menu-toggle' is clicked on

2023-08-25 09:26:52 - [MESSAGE][PASSED] - Object: 'Object Repository/Page_CURA Healthcare Service/a_CURA Healthcare_menu-toggle' is clicked on

2023-08-25 09:26:52 - [TEST_STEP][PASSED] - click(findTestObject("Object Repository/Page_CURA Healthcare Service/a_Login")): Object: 'Object Repository/Page_CURA Healthcare Service/a_Login' is clicked on

2023-08-25 09:26:52 - [MESSAGE][PASSED] - Object: 'Object Repository/Page_CURA Healthcare Service/a_Login' is clicked on

2023-08-25 09:26:52 - [TEST_STEP][PASSED] - verifyElementPresent(findTestObject("Object Repository/Page_CURA Healthcare Service/h2_Login"), 0): Object 'Object Repository/Page_CURA Healthcare Service/h2_Login' is present

2023-08-25 09:26:52 - [MESSAGE][WARNING] - Timeout '0' is invalid. Using default page load timeout: '30'

2023-08-25 09:26:53 - [MESSAGE][PASSED] - Object 'Object Repository/Page_CURA Healthcare Service/h2_Login' is present

2023-08-25 09:26:53 - [TEST_STEP][PASSED] - setText(findTestObject("Object Repository/Page_CURA Healthcare Service/input_Username_username"), "John Doe"): Text 'John Doe' is set on object 'Object Repository/Page_CURA Healthcare Service/input_Username_username'

2023-08-25 09:26:53 - [MESSAGE][PASSED] - Text 'John Doe' is set on object 'Object Repository/Page_CURA Healthcare Service/input_Username_username'

2023-08-25 09:26:53 - [TEST_STEP][PASSED] - setEncryptedText(findTestObject("Object Repository/Page_CURA Healthcare Service/input_Password_password"), "g3/DOGG74jC3Flrr3yH+3D/yKbOqqUNM"): Text ****** has been set on object 'Object Repository/Page_CURA Healthcare Service/input_Password_password'

2023-08-25 09:26:54 - [MESSAGE][PASSED] - Text ****** has been set on object 'Object Repository/Page_CURA Healthcare Service/input_Password_password'

2023-08-25 09:26:54 - [TEST_STEP][PASSED] - click(findTestObject("Object Repository/Page_CURA Healthcare Service/button_Login")): Object: 'Object Repository/Page_CURA Healthcare Service/button_Login' is clicked on

2023-08-25 09:26:55 - [MESSAGE][PASSED] - Object: 'Object Repository/Page_CURA Healthcare Service/button_Login' is clicked on

2023-08-25 09:26:55 - [TEST_STEP][PASSED] - verifyElementVisible(findTestObject("Page_CURA Healthcare Service/h2_Make Appointment"), STOP_ON_FAILURE): Object 'Object Repository/Page_CURA Healthcare Service/h2_Make Appointment' is visible

2023-08-25 09:26:55 - [MESSAGE][PASSED] - Object 'Object Repository/Page_CURA Healthcare Service/h2_Make Appointment' is visible]]></system-out>
         <system-err><![CDATA[]]></system-err>
      </testcase>
      <testcase name="Test Cases/Login/Test Case 1.1 (Script)" time="10.552" classname="Test Cases/Login/Test Case 1.1 (Script)" status="PASSED">
         <system-out><![CDATA[2023-08-25 09:26:55 - [TEST_CASE][PASSED] - Test Cases/Login/Test Case 1.1 (Script): Test Cases/Login/Test Case 1.1 (Script)

2023-08-25 09:26:55 - [TEST_STEP][PASSED] - openBrowser("https://katalon-demo-cura.herokuapp.com/"): Browser is opened with url: 'https://katalon-demo-cura.herokuapp.com/'

2023-08-25 09:26:55 - [MESSAGE][WARNING] - A browser is already opened. Closing browser and opening a new one

2023-08-25 09:26:56 - [MESSAGE][INFO] - Starting 'Edge Chromium' driver

2023-08-25 09:26:58 - [MESSAGE][INFO] - Action delay is set to 0 milliseconds

2023-08-25 09:27:01 - [MESSAGE][PASSED] - Browser is opened with url: 'https://katalon-demo-cura.herokuapp.com/'

2023-08-25 09:27:01 - [TEST_STEP][PASSED] - verifyElementPresent(findTestObject("Object Repository/Login/Title Home Page"), 10): Object 'Object Repository/Login/Title Home Page' is present

2023-08-25 09:27:02 - [MESSAGE][PASSED] - Object 'Object Repository/Login/Title Home Page' is present

2023-08-25 09:27:02 - [TEST_STEP][PASSED] - click(findTestObject("Object Repository/Login/Menu Burger")): Object: 'Object Repository/Login/Menu Burger' is clicked on

2023-08-25 09:27:02 - [MESSAGE][PASSED] - Object: 'Object Repository/Login/Menu Burger' is clicked on

2023-08-25 09:27:02 - [TEST_STEP][PASSED] - click(findTestObject("Object Repository/Login/Menu Login")): Object: 'Object Repository/Login/Menu Login' is clicked on

2023-08-25 09:27:03 - [MESSAGE][PASSED] - Object: 'Object Repository/Login/Menu Login' is clicked on

2023-08-25 09:27:03 - [TEST_STEP][PASSED] - verifyElementPresent(findTestObject("Object Repository/Login/Title Home Page"), 10): Object 'Object Repository/Login/Title Home Page' is present

2023-08-25 09:27:03 - [MESSAGE][PASSED] - Object 'Object Repository/Login/Title Home Page' is present

2023-08-25 09:27:03 - [TEST_STEP][PASSED] - setText(findTestObject("Object Repository/Login/Input Username Login"), "John Doe"): Text 'John Doe' is set on object 'Object Repository/Login/Input Username Login'

2023-08-25 09:27:04 - [MESSAGE][PASSED] - Text 'John Doe' is set on object 'Object Repository/Login/Input Username Login'

2023-08-25 09:27:04 - [TEST_STEP][PASSED] - setEncryptedText(findTestObject("Object Repository/Login/Input Password Login"), "g3/DOGG74jC3Flrr3yH+3D/yKbOqqUNM"): Text ****** has been set on object 'Object Repository/Login/Input Password Login'

2023-08-25 09:27:04 - [MESSAGE][PASSED] - Text ****** has been set on object 'Object Repository/Login/Input Password Login'

2023-08-25 09:27:04 - [TEST_STEP][PASSED] - click(findTestObject("Object Repository/Login/Button Login")): Object: 'Object Repository/Login/Button Login' is clicked on

2023-08-25 09:27:05 - [MESSAGE][PASSED] - Object: 'Object Repository/Login/Button Login' is clicked on

2023-08-25 09:27:05 - [TEST_STEP][PASSED] - verifyElementPresent(findTestObject("Object Repository/Login/Title Make Appointment"), 10): Object 'Object Repository/Login/Title Make Appointment' is present

2023-08-25 09:27:06 - [MESSAGE][PASSED] - Object 'Object Repository/Login/Title Make Appointment' is present]]></system-out>
         <system-err><![CDATA[]]></system-err>
      </testcase>
      <system-out><![CDATA[2023-08-25 09:26:34 - [TEST_SUITE][PASSED] - Test Suite Login: Test Cases/Login/Test Case 1.1 (Script)]]></system-out>
      <system-err><![CDATA[]]></system-err>
   </testsuite>
</testsuites>
