<?xml version="1.0" encoding="UTF-8"?>
<testsuites name="test suite appoitment" time="96.129" tests="3" failures="0" errors="0">
   <testsuite name="test suite appoitment" tests="3" failures="0" errors="0" time="96.129" skipped="0" timestamp="2023-08-25 10:28:36" hostname="USER - DESKTOP-22KTP91" id="Test Suites/test suite appoitment">
      <properties>
         <property name="deviceName" value=""/>
         <property name="devicePlatform" value=""/>
         <property name="logFolder" value="F:\\bootcamp\\batch-324-qa\\Ika\\Cura Heroku App\\Reports\\20230825_102823\\test suite appoitment\\20230825_102823"/>
         <property name="logFiles" value="F:\\bootcamp\\batch-324-qa\\Ika\\Cura Heroku App\\Reports\\20230825_102823\\test suite appoitment\\20230825_102823\\execution0.log"/>
         <property name="attachments" value=""/>
         <property name="hostName" value="USER - DESKTOP-22KTP91"/>
         <property name="os" value="Windows 10 64bit"/>
         <property name="katalonVersion" value="8.6.5.208"/>
         <property name="browser" value="Edge Chromium 116"/>
         <property name="hostAddress" value="10.9.2.23"/>
         <property name="sessionId" value="ebc58545c1a2c95e6f26f036809a5f4b"/>
         <property name="seleniumVersion" value="3.141.59"/>
         <property name="proxyInformation" value="ProxyInformation { proxyOption=NO_PROXY, proxyServerType=HTTP, username=, password=********, proxyServerAddress=, proxyServerPort=0, executionList=&quot;&quot;, isApplyToDesiredCapabilities=true }"/>
         <property name="platform" value="Windows 10"/>
      </properties>
      <testcase name="Test Cases/appointment/Test Case 2.1 (versi dinamis)" time="38.524" classname="Test Cases/appointment/Test Case 2.1 (versi dinamis)" status="PASSED">
         <system-out><![CDATA[2023-08-25 10:28:36 - [TEST_CASE][PASSED] - Test Cases/appointment/Test Case 2.1 (versi dinamis): Test Cases/appointment/Test Case 2.1 (versi dinamis)

2023-08-25 10:28:37 - [TEST_STEP][PASSED] - callTestCase(findTestCase("Login/Test Case 1.1 (Manual)"), ["username":username, "password":password], STOP_ON_FAILURE): Call Test Case 'Test Cases/Login/Test Case 1.1 (Manual)' successfully

2023-08-25 10:28:37 - [TEST_CASE][PASSED] - Test Cases/Login/Test Case 1.1 (Manual): Test Cases/Login/Test Case 1.1 (Manual)

2023-08-25 10:28:38 - [TEST_STEP][PASSED] - openBrowser(WEB_URL): Browser is opened with url: 'https://katalon-demo-cura.herokuapp.com/'

2023-08-25 10:28:38 - [MESSAGE][INFO] - Starting 'Edge Chromium' driver

2023-08-25 10:28:41 - [MESSAGE][INFO] - Action delay is set to 0 milliseconds

2023-08-25 10:28:50 - [MESSAGE][PASSED] - Browser is opened with url: 'https://katalon-demo-cura.herokuapp.com/'

2023-08-25 10:28:50 - [TEST_STEP][PASSED] - maximizeWindow(): Current window maximized

2023-08-25 10:28:50 - [MESSAGE][PASSED] - Current window maximized

2023-08-25 10:28:50 - [TEST_STEP][PASSED] - verifyElementPresent(findTestObject("login/title_home_page"), 10): Object 'Object Repository/login/title_home_page' is present

2023-08-25 10:28:53 - [MESSAGE][PASSED] - Object 'Object Repository/login/title_home_page' is present

2023-08-25 10:28:53 - [TEST_STEP][PASSED] - click(findTestObject("login/menu burger")): Object: 'Object Repository/login/menu burger' is clicked on

2023-08-25 10:28:55 - [MESSAGE][PASSED] - Object: 'Object Repository/login/menu burger' is clicked on

2023-08-25 10:28:55 - [TEST_STEP][PASSED] - click(findTestObject("login/menu Login")): Object: 'Object Repository/login/menu Login' is clicked on

2023-08-25 10:28:57 - [MESSAGE][PASSED] - Object: 'Object Repository/login/menu Login' is clicked on

2023-08-25 10:28:57 - [TEST_STEP][PASSED] - verifyElementPresent(findTestObject("login/title_Login"), 10): Object 'Object Repository/login/title_Login' is present

2023-08-25 10:28:57 - [MESSAGE][PASSED] - Object 'Object Repository/login/title_Login' is present

2023-08-25 10:28:57 - [TEST_STEP][PASSED] - setText(findTestObject("login/input_Username"), username): Text 'John Doe' is set on object 'Object Repository/login/input_Username'

2023-08-25 10:28:59 - [MESSAGE][PASSED] - Text 'John Doe' is set on object 'Object Repository/login/input_Username'

2023-08-25 10:28:59 - [TEST_STEP][PASSED] - setEncryptedText(findTestObject("login/input_Password"), password): Text ****** has been set on object 'Object Repository/login/input_Password'

2023-08-25 10:29:00 - [MESSAGE][PASSED] - Text ****** has been set on object 'Object Repository/login/input_Password'

2023-08-25 10:29:00 - [TEST_STEP][PASSED] - click(findTestObject("login/button_Login")): Object: 'Object Repository/login/button_Login' is clicked on

2023-08-25 10:29:03 - [MESSAGE][PASSED] - Object: 'Object Repository/login/button_Login' is clicked on

2023-08-25 10:29:03 - [TEST_STEP][PASSED] - verifyElementPresent(findTestObject("login/Title_Make Appointment"), 10): Object 'Object Repository/login/Title_Make Appointment' is present

2023-08-25 10:29:03 - [MESSAGE][PASSED] - Object 'Object Repository/login/Title_Make Appointment' is present

2023-08-25 10:29:03 - [MESSAGE][PASSED] - Call Test Case 'Test Cases/Login/Test Case 1.1 (Manual)' successfully

2023-08-25 10:29:03 - [TEST_STEP][PASSED] - selectOptionByValue(findTestObject("make_appointment/dropdown facility"), facility, false): All options with value 'Tokyo CURA Healthcare Center' are selected in object 'Object Repository/make_appointment/dropdown facility' 

2023-08-25 10:29:04 - [MESSAGE][PASSED] - All options with value 'Tokyo CURA Healthcare Center' are selected in object 'Object Repository/make_appointment/dropdown facility' 

2023-08-25 10:29:04 - [TEST_STEP][PASSED] - if (toString().equalsIgnoreCase("yes")): Object 'Object Repository/make_appointment/chekbox hospital readmission' is checked

2023-08-25 10:29:04 - [TEST_STEP][PASSED] - check(findTestObject("make_appointment/chekbox hospital readmission")): Object 'Object Repository/make_appointment/chekbox hospital readmission' is checked

2023-08-25 10:29:05 - [MESSAGE][PASSED] - Object 'Object Repository/make_appointment/chekbox hospital readmission' is checked

2023-08-25 10:29:05 - [TEST_STEP][PASSED] - if (toString().equalsIgnoreCase("medicare")): null

2023-08-25 10:29:05 - [TEST_STEP][PASSED] - else if (toString().equalsIgnoreCase("medicaid")): null

2023-08-25 10:29:05 - [TEST_STEP][PASSED] - else: Object 'Object Repository/make_appointment/input_None_programs' is checked

2023-08-25 10:29:05 - [TEST_STEP][PASSED] - check(findTestObject("make_appointment/input_None_programs")): Object 'Object Repository/make_appointment/input_None_programs' is checked

2023-08-25 10:29:06 - [MESSAGE][PASSED] - Object 'Object Repository/make_appointment/input_None_programs' is checked

2023-08-25 10:29:06 - [TEST_STEP][PASSED] - setText(findTestObject("make_appointment/tanggal booking"), visit_date): Text '26/08/2023' is set on object 'Object Repository/make_appointment/tanggal booking'

2023-08-25 10:29:07 - [MESSAGE][PASSED] - Text '26/08/2023' is set on object 'Object Repository/make_appointment/tanggal booking'

2023-08-25 10:29:07 - [TEST_STEP][PASSED] - setText(findTestObject("make_appointment/comment"), comment): Text 'Hello World' is set on object 'Object Repository/make_appointment/comment'

2023-08-25 10:29:09 - [MESSAGE][PASSED] - Text 'Hello World' is set on object 'Object Repository/make_appointment/comment'

2023-08-25 10:29:09 - [TEST_STEP][PASSED] - click(findTestObject("make_appointment/button_Book Appointment")): Object: 'Object Repository/make_appointment/button_Book Appointment' is clicked on

2023-08-25 10:29:11 - [MESSAGE][PASSED] - Object: 'Object Repository/make_appointment/button_Book Appointment' is clicked on

2023-08-25 10:29:11 - [TEST_STEP][PASSED] - verifyElementPresent(findTestObject("make_appointment/title_Appointment Confirmation"), 0): Object 'Object Repository/make_appointment/title_Appointment Confirmation' is present

2023-08-25 10:29:11 - [MESSAGE][WARNING] - Timeout '0' is invalid. Using default page load timeout: '5'

2023-08-25 10:29:11 - [MESSAGE][PASSED] - Object 'Object Repository/make_appointment/title_Appointment Confirmation' is present

2023-08-25 10:29:11 - [TEST_STEP][PASSED] - hasilFacility = getText(findTestObject("Object Repository/make_appointment/hasil dropdown facility")): Text of object 'Object Repository/make_appointment/hasil dropdown facility' is: 'Tokyo CURA Healthcare Center'

2023-08-25 10:29:12 - [MESSAGE][PASSED] - Text of object 'Object Repository/make_appointment/hasil dropdown facility' is: 'Tokyo CURA Healthcare Center'

2023-08-25 10:29:12 - [TEST_STEP][PASSED] - hasilReadmission = getText(findTestObject("make_appointment/hasil hospital readmission")): Text of object 'Object Repository/make_appointment/hasil hospital readmission' is: 'Yes'

2023-08-25 10:29:12 - [MESSAGE][PASSED] - Text of object 'Object Repository/make_appointment/hasil hospital readmission' is: 'Yes'

2023-08-25 10:29:12 - [TEST_STEP][PASSED] - hasilProgram = getText(findTestObject("make_appointment/hasil healthcare program")): Text of object 'Object Repository/make_appointment/hasil healthcare program' is: 'None'

2023-08-25 10:29:13 - [MESSAGE][PASSED] - Text of object 'Object Repository/make_appointment/hasil healthcare program' is: 'None'

2023-08-25 10:29:13 - [TEST_STEP][PASSED] - hasilVisit = getText(findTestObject("make_appointment/hasil tanggal dipilih")): Text of object 'Object Repository/make_appointment/hasil tanggal dipilih' is: '26/08/2023'

2023-08-25 10:29:13 - [MESSAGE][PASSED] - Text of object 'Object Repository/make_appointment/hasil tanggal dipilih' is: '26/08/2023'

2023-08-25 10:29:13 - [TEST_STEP][PASSED] - hasilComment = getText(findTestObject("make_appointment/hasil comment")): Text of object 'Object Repository/make_appointment/hasil comment' is: 'Hello World'

2023-08-25 10:29:14 - [MESSAGE][PASSED] - Text of object 'Object Repository/make_appointment/hasil comment' is: 'Hello World'

2023-08-25 10:29:14 - [TEST_STEP][PASSED] - assert trim().equalsIgnoreCase(facility.trim()): null

2023-08-25 10:29:14 - [TEST_STEP][PASSED] - assert trim().equalsIgnoreCase(hospital_readmission.trim()): null

2023-08-25 10:29:14 - [TEST_STEP][PASSED] - assert trim().equalsIgnoreCase(healthcare_program.trim()): null

2023-08-25 10:29:14 - [TEST_STEP][PASSED] - assert trim().equalsIgnoreCase(visit_date.trim()): null

2023-08-25 10:29:14 - [TEST_STEP][PASSED] - assert trim().equalsIgnoreCase(comment.trim()): null

2023-08-25 10:29:14 - [TEST_STEP][PASSED] - closeBrowser(): Browser is closed

2023-08-25 10:29:15 - [MESSAGE][PASSED] - Browser is closed]]></system-out>
         <system-err><![CDATA[]]></system-err>
      </testcase>
      <testcase name="Test Cases/appointment/Test Case 2.1 (versi dinamis)" time="28.693" classname="Test Cases/appointment/Test Case 2.1 (versi dinamis)" status="PASSED">
         <system-out><![CDATA[2023-08-25 10:29:15 - [TEST_CASE][PASSED] - Test Cases/appointment/Test Case 2.1 (versi dinamis): Test Cases/appointment/Test Case 2.1 (versi dinamis)

2023-08-25 10:29:15 - [TEST_STEP][PASSED] - callTestCase(findTestCase("Login/Test Case 1.1 (Manual)"), ["username":username, "password":password], STOP_ON_FAILURE): Call Test Case 'Test Cases/Login/Test Case 1.1 (Manual)' successfully

2023-08-25 10:29:15 - [TEST_CASE][PASSED] - Test Cases/Login/Test Case 1.1 (Manual): Test Cases/Login/Test Case 1.1 (Manual)

2023-08-25 10:29:15 - [TEST_STEP][PASSED] - openBrowser(WEB_URL): Browser is opened with url: 'https://katalon-demo-cura.herokuapp.com/'

2023-08-25 10:29:15 - [MESSAGE][INFO] - Starting 'Edge Chromium' driver

2023-08-25 10:29:18 - [MESSAGE][INFO] - Action delay is set to 0 milliseconds

2023-08-25 10:29:23 - [MESSAGE][PASSED] - Browser is opened with url: 'https://katalon-demo-cura.herokuapp.com/'

2023-08-25 10:29:23 - [TEST_STEP][PASSED] - maximizeWindow(): Current window maximized

2023-08-25 10:29:24 - [MESSAGE][PASSED] - Current window maximized

2023-08-25 10:29:24 - [TEST_STEP][PASSED] - verifyElementPresent(findTestObject("login/title_home_page"), 10): Object 'Object Repository/login/title_home_page' is present

2023-08-25 10:29:24 - [MESSAGE][PASSED] - Object 'Object Repository/login/title_home_page' is present

2023-08-25 10:29:24 - [TEST_STEP][PASSED] - click(findTestObject("login/menu burger")): Object: 'Object Repository/login/menu burger' is clicked on

2023-08-25 10:29:25 - [MESSAGE][PASSED] - Object: 'Object Repository/login/menu burger' is clicked on

2023-08-25 10:29:25 - [TEST_STEP][PASSED] - click(findTestObject("login/menu Login")): Object: 'Object Repository/login/menu Login' is clicked on

2023-08-25 10:29:27 - [MESSAGE][PASSED] - Object: 'Object Repository/login/menu Login' is clicked on

2023-08-25 10:29:27 - [TEST_STEP][PASSED] - verifyElementPresent(findTestObject("login/title_Login"), 10): Object 'Object Repository/login/title_Login' is present

2023-08-25 10:29:27 - [MESSAGE][PASSED] - Object 'Object Repository/login/title_Login' is present

2023-08-25 10:29:27 - [TEST_STEP][PASSED] - setText(findTestObject("login/input_Username"), username): Text 'John Doe' is set on object 'Object Repository/login/input_Username'

2023-08-25 10:29:29 - [MESSAGE][PASSED] - Text 'John Doe' is set on object 'Object Repository/login/input_Username'

2023-08-25 10:29:29 - [TEST_STEP][PASSED] - setEncryptedText(findTestObject("login/input_Password"), password): Text ****** has been set on object 'Object Repository/login/input_Password'

2023-08-25 10:29:30 - [MESSAGE][PASSED] - Text ****** has been set on object 'Object Repository/login/input_Password'

2023-08-25 10:29:30 - [TEST_STEP][PASSED] - click(findTestObject("login/button_Login")): Object: 'Object Repository/login/button_Login' is clicked on

2023-08-25 10:29:32 - [MESSAGE][PASSED] - Object: 'Object Repository/login/button_Login' is clicked on

2023-08-25 10:29:32 - [TEST_STEP][PASSED] - verifyElementPresent(findTestObject("login/Title_Make Appointment"), 10): Object 'Object Repository/login/Title_Make Appointment' is present

2023-08-25 10:29:33 - [MESSAGE][PASSED] - Object 'Object Repository/login/Title_Make Appointment' is present

2023-08-25 10:29:33 - [MESSAGE][PASSED] - Call Test Case 'Test Cases/Login/Test Case 1.1 (Manual)' successfully

2023-08-25 10:29:33 - [TEST_STEP][PASSED] - selectOptionByValue(findTestObject("make_appointment/dropdown facility"), facility, false): All options with value 'Hongkong CURA Healthcare Center' are selected in object 'Object Repository/make_appointment/dropdown facility' 

2023-08-25 10:29:34 - [MESSAGE][PASSED] - All options with value 'Hongkong CURA Healthcare Center' are selected in object 'Object Repository/make_appointment/dropdown facility' 

2023-08-25 10:29:34 - [TEST_STEP][PASSED] - if (toString().equalsIgnoreCase("yes")): null

2023-08-25 10:29:34 - [TEST_STEP][PASSED] - if (toString().equalsIgnoreCase("medicare")): Object 'Object Repository/make_appointment/input_Medicare_programs' is checked

2023-08-25 10:29:34 - [TEST_STEP][PASSED] - check(findTestObject("make_appointment/input_Medicare_programs")): Object 'Object Repository/make_appointment/input_Medicare_programs' is checked

2023-08-25 10:29:35 - [MESSAGE][PASSED] - Object 'Object Repository/make_appointment/input_Medicare_programs' is checked

2023-08-25 10:29:35 - [TEST_STEP][PASSED] - setText(findTestObject("make_appointment/tanggal booking"), visit_date): Text '26/08/2023' is set on object 'Object Repository/make_appointment/tanggal booking'

2023-08-25 10:29:36 - [MESSAGE][PASSED] - Text '26/08/2023' is set on object 'Object Repository/make_appointment/tanggal booking'

2023-08-25 10:29:36 - [TEST_STEP][PASSED] - setText(findTestObject("make_appointment/comment"), comment): Text 'Hello World' is set on object 'Object Repository/make_appointment/comment'

2023-08-25 10:29:37 - [MESSAGE][PASSED] - Text 'Hello World' is set on object 'Object Repository/make_appointment/comment'

2023-08-25 10:29:37 - [TEST_STEP][PASSED] - click(findTestObject("make_appointment/button_Book Appointment")): Object: 'Object Repository/make_appointment/button_Book Appointment' is clicked on

2023-08-25 10:29:40 - [MESSAGE][PASSED] - Object: 'Object Repository/make_appointment/button_Book Appointment' is clicked on

2023-08-25 10:29:40 - [TEST_STEP][PASSED] - verifyElementPresent(findTestObject("make_appointment/title_Appointment Confirmation"), 0): Object 'Object Repository/make_appointment/title_Appointment Confirmation' is present

2023-08-25 10:29:40 - [MESSAGE][WARNING] - Timeout '0' is invalid. Using default page load timeout: '5'

2023-08-25 10:29:40 - [MESSAGE][PASSED] - Object 'Object Repository/make_appointment/title_Appointment Confirmation' is present

2023-08-25 10:29:40 - [TEST_STEP][PASSED] - hasilFacility = getText(findTestObject("Object Repository/make_appointment/hasil dropdown facility")): Text of object 'Object Repository/make_appointment/hasil dropdown facility' is: 'Hongkong CURA Healthcare Center'

2023-08-25 10:29:41 - [MESSAGE][PASSED] - Text of object 'Object Repository/make_appointment/hasil dropdown facility' is: 'Hongkong CURA Healthcare Center'

2023-08-25 10:29:41 - [TEST_STEP][PASSED] - hasilReadmission = getText(findTestObject("make_appointment/hasil hospital readmission")): Text of object 'Object Repository/make_appointment/hasil hospital readmission' is: 'No'

2023-08-25 10:29:41 - [MESSAGE][PASSED] - Text of object 'Object Repository/make_appointment/hasil hospital readmission' is: 'No'

2023-08-25 10:29:41 - [TEST_STEP][PASSED] - hasilProgram = getText(findTestObject("make_appointment/hasil healthcare program")): Text of object 'Object Repository/make_appointment/hasil healthcare program' is: 'Medicare'

2023-08-25 10:29:42 - [MESSAGE][PASSED] - Text of object 'Object Repository/make_appointment/hasil healthcare program' is: 'Medicare'

2023-08-25 10:29:42 - [TEST_STEP][PASSED] - hasilVisit = getText(findTestObject("make_appointment/hasil tanggal dipilih")): Text of object 'Object Repository/make_appointment/hasil tanggal dipilih' is: '26/08/2023'

2023-08-25 10:29:42 - [MESSAGE][PASSED] - Text of object 'Object Repository/make_appointment/hasil tanggal dipilih' is: '26/08/2023'

2023-08-25 10:29:42 - [TEST_STEP][PASSED] - hasilComment = getText(findTestObject("make_appointment/hasil comment")): Text of object 'Object Repository/make_appointment/hasil comment' is: 'Hello World'

2023-08-25 10:29:43 - [MESSAGE][PASSED] - Text of object 'Object Repository/make_appointment/hasil comment' is: 'Hello World'

2023-08-25 10:29:43 - [TEST_STEP][PASSED] - assert trim().equalsIgnoreCase(facility.trim()): null

2023-08-25 10:29:43 - [TEST_STEP][PASSED] - assert trim().equalsIgnoreCase(hospital_readmission.trim()): null

2023-08-25 10:29:43 - [TEST_STEP][PASSED] - assert trim().equalsIgnoreCase(healthcare_program.trim()): null

2023-08-25 10:29:43 - [TEST_STEP][PASSED] - assert trim().equalsIgnoreCase(visit_date.trim()): null

2023-08-25 10:29:43 - [TEST_STEP][PASSED] - assert trim().equalsIgnoreCase(comment.trim()): null

2023-08-25 10:29:43 - [TEST_STEP][PASSED] - closeBrowser(): Browser is closed

2023-08-25 10:29:44 - [MESSAGE][PASSED] - Browser is closed]]></system-out>
         <system-err><![CDATA[]]></system-err>
      </testcase>
      <testcase name="Test Cases/appointment/Test Case 2.1 (versi dinamis)" time="27.882" classname="Test Cases/appointment/Test Case 2.1 (versi dinamis)" status="PASSED">
         <system-out><![CDATA[2023-08-25 10:29:44 - [TEST_CASE][PASSED] - Test Cases/appointment/Test Case 2.1 (versi dinamis): Test Cases/appointment/Test Case 2.1 (versi dinamis)

2023-08-25 10:29:44 - [TEST_STEP][PASSED] - callTestCase(findTestCase("Login/Test Case 1.1 (Manual)"), ["username":username, "password":password], STOP_ON_FAILURE): Call Test Case 'Test Cases/Login/Test Case 1.1 (Manual)' successfully

2023-08-25 10:29:44 - [TEST_CASE][PASSED] - Test Cases/Login/Test Case 1.1 (Manual): Test Cases/Login/Test Case 1.1 (Manual)

2023-08-25 10:29:44 - [TEST_STEP][PASSED] - openBrowser(WEB_URL): Browser is opened with url: 'https://katalon-demo-cura.herokuapp.com/'

2023-08-25 10:29:44 - [MESSAGE][INFO] - Starting 'Edge Chromium' driver

2023-08-25 10:29:47 - [MESSAGE][INFO] - Action delay is set to 0 milliseconds

2023-08-25 10:29:52 - [MESSAGE][PASSED] - Browser is opened with url: 'https://katalon-demo-cura.herokuapp.com/'

2023-08-25 10:29:52 - [TEST_STEP][PASSED] - maximizeWindow(): Current window maximized

2023-08-25 10:29:52 - [MESSAGE][PASSED] - Current window maximized

2023-08-25 10:29:52 - [TEST_STEP][PASSED] - verifyElementPresent(findTestObject("login/title_home_page"), 10): Object 'Object Repository/login/title_home_page' is present

2023-08-25 10:29:53 - [MESSAGE][PASSED] - Object 'Object Repository/login/title_home_page' is present

2023-08-25 10:29:53 - [TEST_STEP][PASSED] - click(findTestObject("login/menu burger")): Object: 'Object Repository/login/menu burger' is clicked on

2023-08-25 10:29:53 - [MESSAGE][PASSED] - Object: 'Object Repository/login/menu burger' is clicked on

2023-08-25 10:29:53 - [TEST_STEP][PASSED] - click(findTestObject("login/menu Login")): Object: 'Object Repository/login/menu Login' is clicked on

2023-08-25 10:29:55 - [MESSAGE][PASSED] - Object: 'Object Repository/login/menu Login' is clicked on

2023-08-25 10:29:55 - [TEST_STEP][PASSED] - verifyElementPresent(findTestObject("login/title_Login"), 10): Object 'Object Repository/login/title_Login' is present

2023-08-25 10:29:56 - [MESSAGE][PASSED] - Object 'Object Repository/login/title_Login' is present

2023-08-25 10:29:56 - [TEST_STEP][PASSED] - setText(findTestObject("login/input_Username"), username): Text 'John Doe' is set on object 'Object Repository/login/input_Username'

2023-08-25 10:29:57 - [MESSAGE][PASSED] - Text 'John Doe' is set on object 'Object Repository/login/input_Username'

2023-08-25 10:29:57 - [TEST_STEP][PASSED] - setEncryptedText(findTestObject("login/input_Password"), password): Text ****** has been set on object 'Object Repository/login/input_Password'

2023-08-25 10:29:58 - [MESSAGE][PASSED] - Text ****** has been set on object 'Object Repository/login/input_Password'

2023-08-25 10:29:58 - [TEST_STEP][PASSED] - click(findTestObject("login/button_Login")): Object: 'Object Repository/login/button_Login' is clicked on

2023-08-25 10:30:00 - [MESSAGE][PASSED] - Object: 'Object Repository/login/button_Login' is clicked on

2023-08-25 10:30:00 - [TEST_STEP][PASSED] - verifyElementPresent(findTestObject("login/Title_Make Appointment"), 10): Object 'Object Repository/login/Title_Make Appointment' is present

2023-08-25 10:30:01 - [MESSAGE][PASSED] - Object 'Object Repository/login/Title_Make Appointment' is present

2023-08-25 10:30:01 - [MESSAGE][PASSED] - Call Test Case 'Test Cases/Login/Test Case 1.1 (Manual)' successfully

2023-08-25 10:30:01 - [TEST_STEP][PASSED] - selectOptionByValue(findTestObject("make_appointment/dropdown facility"), facility, false): All options with value 'Seoul CURA Healthcare Center' are selected in object 'Object Repository/make_appointment/dropdown facility' 

2023-08-25 10:30:02 - [MESSAGE][PASSED] - All options with value 'Seoul CURA Healthcare Center' are selected in object 'Object Repository/make_appointment/dropdown facility' 

2023-08-25 10:30:02 - [TEST_STEP][PASSED] - if (toString().equalsIgnoreCase("yes")): null

2023-08-25 10:30:02 - [TEST_STEP][PASSED] - if (toString().equalsIgnoreCase("medicare")): null

2023-08-25 10:30:02 - [TEST_STEP][PASSED] - else if (toString().equalsIgnoreCase("medicaid")): Object 'Object Repository/make_appointment/input_Medicaid_programs' is checked

2023-08-25 10:30:02 - [TEST_STEP][PASSED] - check(findTestObject("make_appointment/input_Medicaid_programs")): Object 'Object Repository/make_appointment/input_Medicaid_programs' is checked

2023-08-25 10:30:03 - [MESSAGE][PASSED] - Object 'Object Repository/make_appointment/input_Medicaid_programs' is checked

2023-08-25 10:30:03 - [TEST_STEP][PASSED] - setText(findTestObject("make_appointment/tanggal booking"), visit_date): Text '26/08/2023' is set on object 'Object Repository/make_appointment/tanggal booking'

2023-08-25 10:30:05 - [MESSAGE][PASSED] - Text '26/08/2023' is set on object 'Object Repository/make_appointment/tanggal booking'

2023-08-25 10:30:05 - [TEST_STEP][PASSED] - setText(findTestObject("make_appointment/comment"), comment): Text 'Hello World' is set on object 'Object Repository/make_appointment/comment'

2023-08-25 10:30:06 - [MESSAGE][PASSED] - Text 'Hello World' is set on object 'Object Repository/make_appointment/comment'

2023-08-25 10:30:06 - [TEST_STEP][PASSED] - click(findTestObject("make_appointment/button_Book Appointment")): Object: 'Object Repository/make_appointment/button_Book Appointment' is clicked on

2023-08-25 10:30:08 - [MESSAGE][PASSED] - Object: 'Object Repository/make_appointment/button_Book Appointment' is clicked on

2023-08-25 10:30:08 - [TEST_STEP][PASSED] - verifyElementPresent(findTestObject("make_appointment/title_Appointment Confirmation"), 0): Object 'Object Repository/make_appointment/title_Appointment Confirmation' is present

2023-08-25 10:30:08 - [MESSAGE][WARNING] - Timeout '0' is invalid. Using default page load timeout: '5'

2023-08-25 10:30:08 - [MESSAGE][PASSED] - Object 'Object Repository/make_appointment/title_Appointment Confirmation' is present

2023-08-25 10:30:08 - [TEST_STEP][PASSED] - hasilFacility = getText(findTestObject("Object Repository/make_appointment/hasil dropdown facility")): Text of object 'Object Repository/make_appointment/hasil dropdown facility' is: 'Seoul CURA Healthcare Center'

2023-08-25 10:30:09 - [MESSAGE][PASSED] - Text of object 'Object Repository/make_appointment/hasil dropdown facility' is: 'Seoul CURA Healthcare Center'

2023-08-25 10:30:09 - [TEST_STEP][PASSED] - hasilReadmission = getText(findTestObject("make_appointment/hasil hospital readmission")): Text of object 'Object Repository/make_appointment/hasil hospital readmission' is: 'No'

2023-08-25 10:30:09 - [MESSAGE][PASSED] - Text of object 'Object Repository/make_appointment/hasil hospital readmission' is: 'No'

2023-08-25 10:30:09 - [TEST_STEP][PASSED] - hasilProgram = getText(findTestObject("make_appointment/hasil healthcare program")): Text of object 'Object Repository/make_appointment/hasil healthcare program' is: 'Medicaid'

2023-08-25 10:30:10 - [MESSAGE][PASSED] - Text of object 'Object Repository/make_appointment/hasil healthcare program' is: 'Medicaid'

2023-08-25 10:30:10 - [TEST_STEP][PASSED] - hasilVisit = getText(findTestObject("make_appointment/hasil tanggal dipilih")): Text of object 'Object Repository/make_appointment/hasil tanggal dipilih' is: '26/08/2023'

2023-08-25 10:30:10 - [MESSAGE][PASSED] - Text of object 'Object Repository/make_appointment/hasil tanggal dipilih' is: '26/08/2023'

2023-08-25 10:30:10 - [TEST_STEP][PASSED] - hasilComment = getText(findTestObject("make_appointment/hasil comment")): Text of object 'Object Repository/make_appointment/hasil comment' is: 'Hello World'

2023-08-25 10:30:11 - [MESSAGE][PASSED] - Text of object 'Object Repository/make_appointment/hasil comment' is: 'Hello World'

2023-08-25 10:30:11 - [TEST_STEP][PASSED] - assert trim().equalsIgnoreCase(facility.trim()): null

2023-08-25 10:30:11 - [TEST_STEP][PASSED] - assert trim().equalsIgnoreCase(hospital_readmission.trim()): null

2023-08-25 10:30:11 - [TEST_STEP][PASSED] - assert trim().equalsIgnoreCase(healthcare_program.trim()): null

2023-08-25 10:30:11 - [TEST_STEP][PASSED] - assert trim().equalsIgnoreCase(visit_date.trim()): null

2023-08-25 10:30:11 - [TEST_STEP][PASSED] - assert trim().equalsIgnoreCase(comment.trim()): null

2023-08-25 10:30:11 - [TEST_STEP][PASSED] - closeBrowser(): Browser is closed

2023-08-25 10:30:12 - [MESSAGE][PASSED] - Browser is closed]]></system-out>
         <system-err><![CDATA[]]></system-err>
      </testcase>
      <system-out><![CDATA[2023-08-25 10:28:36 - [TEST_SUITE][PASSED] - test suite appoitment: Test Cases/appointment/Test Case 2.1 (versi dinamis)]]></system-out>
      <system-err><![CDATA[]]></system-err>
   </testsuite>
</testsuites>
