<?xml version="1.0" encoding="UTF-8"?>
<testsuites name="Test Suite Appointment" time="137.275" tests="3" failures="0" errors="0">
   <testsuite name="Test Suite Appointment" tests="3" failures="0" errors="0" time="137.275" skipped="0" timestamp="2023-08-25 10:09:54" hostname="Aslamadin Alvian Haz - DESKTOP-L5FUI4E" id="Test Suites/Test Suite Appointment">
      <properties>
         <property name="deviceName" value=""/>
         <property name="devicePlatform" value=""/>
         <property name="logFolder" value="C:\\Users\\Aslamadin Alvian Haz\\Documents\\Batch 324 QA XSIS Academy\\batch-324-qa\\Alvin\\New folder\\CuraHerokuApp\\Reports\\20230825_100943\\Test Suite Appointment\\20230825_100943"/>
         <property name="logFiles" value="C:\\Users\\Aslamadin Alvian Haz\\Documents\\Batch 324 QA XSIS Academy\\batch-324-qa\\Alvin\\New folder\\CuraHerokuApp\\Reports\\20230825_100943\\Test Suite Appointment\\20230825_100943\\execution0.log"/>
         <property name="attachments" value=""/>
         <property name="hostName" value="Aslamadin Alvian Haz - DESKTOP-L5FUI4E"/>
         <property name="os" value="Windows 10 64bit"/>
         <property name="katalonVersion" value="8.6.5.208"/>
         <property name="browser" value="Edge Chromium 116"/>
         <property name="hostAddress" value="10.9.2.56"/>
         <property name="sessionId" value="91edfbaf807345c83515a95521b521be"/>
         <property name="seleniumVersion" value="3.141.59"/>
         <property name="proxyInformation" value="ProxyInformation { proxyOption=NO_PROXY, proxyServerType=HTTP, username=, password=********, proxyServerAddress=, proxyServerPort=0, executionList=&quot;&quot;, isApplyToDesiredCapabilities=true }"/>
         <property name="platform" value="Windows 10"/>
      </properties>
      <testcase name="Test Cases/Appointment/Test Case 2.1 (dinamis)" time="58.485" classname="Test Cases/Appointment/Test Case 2.1 (dinamis)" status="PASSED">
         <system-out><![CDATA[2023-08-25 10:09:55 - [TEST_CASE][PASSED] - Test Cases/Appointment/Test Case 2.1 (dinamis): Test Cases/Appointment/Test Case 2.1 (dinamis)

2023-08-25 10:09:57 - [TEST_STEP][PASSED] - callTestCase(findTestCase("Login/Test Case 1.1 (Script)"), ["username":username, "password":password], STOP_ON_FAILURE): Call Test Case 'Test Cases/Login/Test Case 1.1 (Script)' successfully

2023-08-25 10:09:57 - [TEST_CASE][PASSED] - Test Cases/Login/Test Case 1.1 (Script): Test Cases/Login/Test Case 1.1 (Script)

2023-08-25 10:09:58 - [TEST_STEP][PASSED] - openBrowser("https://katalon-demo-cura.herokuapp.com/"): Browser is opened with url: 'https://katalon-demo-cura.herokuapp.com/'

2023-08-25 10:09:58 - [MESSAGE][INFO] - Starting 'Edge Chromium' driver

2023-08-25 10:10:01 - [MESSAGE][INFO] - Action delay is set to 0 milliseconds

2023-08-25 10:10:07 - [MESSAGE][PASSED] - Browser is opened with url: 'https://katalon-demo-cura.herokuapp.com/'

2023-08-25 10:10:07 - [TEST_STEP][PASSED] - maximizeWindow(): Current window maximized

2023-08-25 10:10:07 - [MESSAGE][PASSED] - Current window maximized

2023-08-25 10:10:07 - [TEST_STEP][PASSED] - verifyElementPresent(findTestObject("Object Repository/Objek untuk login/title_homepage"), 10): Object 'Object Repository/Objek untuk login/title_homepage' is present

2023-08-25 10:10:08 - [MESSAGE][PASSED] - Object 'Object Repository/Objek untuk login/title_homepage' is present

2023-08-25 10:10:08 - [TEST_STEP][PASSED] - click(findTestObject("Object Repository/Objek untuk login/menu_burger")): Object: 'Object Repository/Objek untuk login/menu_burger' is clicked on

2023-08-25 10:10:09 - [MESSAGE][PASSED] - Object: 'Object Repository/Objek untuk login/menu_burger' is clicked on

2023-08-25 10:10:09 - [TEST_STEP][PASSED] - click(findTestObject("Object Repository/Objek untuk login/menu_login")): Object: 'Object Repository/Objek untuk login/menu_login' is clicked on

2023-08-25 10:10:11 - [MESSAGE][PASSED] - Object: 'Object Repository/Objek untuk login/menu_login' is clicked on

2023-08-25 10:10:11 - [TEST_STEP][PASSED] - verifyElementPresent(findTestObject("Object Repository/Objek untuk login/verifikasi_masuk_halaman_login"), 10): Object 'Object Repository/Objek untuk login/verifikasi_masuk_halaman_login' is present

2023-08-25 10:10:13 - [MESSAGE][PASSED] - Object 'Object Repository/Objek untuk login/verifikasi_masuk_halaman_login' is present

2023-08-25 10:10:13 - [TEST_STEP][PASSED] - setText(findTestObject("Object Repository/Objek untuk login/input_form_username"), username): Text 'John Doe' is set on object 'Object Repository/Objek untuk login/input_form_username'

2023-08-25 10:10:17 - [MESSAGE][PASSED] - Text 'John Doe' is set on object 'Object Repository/Objek untuk login/input_form_username'

2023-08-25 10:10:17 - [TEST_STEP][PASSED] - setEncryptedText(findTestObject("Object Repository/Objek untuk login/input_form_password"), password): Text ****** has been set on object 'Object Repository/Objek untuk login/input_form_password'

2023-08-25 10:10:19 - [MESSAGE][PASSED] - Text ****** has been set on object 'Object Repository/Objek untuk login/input_form_password'

2023-08-25 10:10:19 - [TEST_STEP][PASSED] - click(findTestObject("Object Repository/Objek untuk login/button_form_Login")): Object: 'Object Repository/Objek untuk login/button_form_Login' is clicked on

2023-08-25 10:10:21 - [MESSAGE][PASSED] - Object: 'Object Repository/Objek untuk login/button_form_Login' is clicked on

2023-08-25 10:10:21 - [TEST_STEP][PASSED] - verifyElementPresent(findTestObject("Object Repository/Objek untuk login/title_make _appointment"), 10): Object 'Object Repository/Objek untuk login/title_make _appointment' is present

2023-08-25 10:10:24 - [MESSAGE][PASSED] - Object 'Object Repository/Objek untuk login/title_make _appointment' is present

2023-08-25 10:10:24 - [MESSAGE][PASSED] - Call Test Case 'Test Cases/Login/Test Case 1.1 (Script)' successfully

2023-08-25 10:10:24 - [TEST_STEP][PASSED] - selectOptionByValue(findTestObject("Make Appointment/select_facility"), facility, false): All options with value 'Seoul CURA Healthcare Center' are selected in object 'Object Repository/Make Appointment/select_facility' 

2023-08-25 10:10:28 - [MESSAGE][PASSED] - All options with value 'Seoul CURA Healthcare Center' are selected in object 'Object Repository/Make Appointment/select_facility' 

2023-08-25 10:10:28 - [TEST_STEP][PASSED] - if (toString().equalsIgnoreCase("yes")): Object 'Object Repository/Make Appointment/apply_hospital_readmission' is checked

2023-08-25 10:10:28 - [TEST_STEP][PASSED] - check(findTestObject("Make Appointment/apply_hospital_readmission")): Object 'Object Repository/Make Appointment/apply_hospital_readmission' is checked

2023-08-25 10:10:30 - [MESSAGE][PASSED] - Object 'Object Repository/Make Appointment/apply_hospital_readmission' is checked

2023-08-25 10:10:30 - [TEST_STEP][PASSED] - if (toString().equalsIgnoreCase("medicare")): null

2023-08-25 10:10:30 - [TEST_STEP][PASSED] - else if (toString().equalsIgnoreCase("medicaid")): Object 'Object Repository/Make Appointment/option_medicaid' is checked

2023-08-25 10:10:30 - [TEST_STEP][PASSED] - check(findTestObject("Make Appointment/option_medicaid")): Object 'Object Repository/Make Appointment/option_medicaid' is checked

2023-08-25 10:10:32 - [MESSAGE][PASSED] - Object 'Object Repository/Make Appointment/option_medicaid' is checked

2023-08-25 10:10:32 - [TEST_STEP][PASSED] - setText(findTestObject("Make Appointment/visit_date_appointment"), date): Text '05/05/2021' is set on object 'Object Repository/Make Appointment/visit_date_appointment'

2023-08-25 10:10:36 - [MESSAGE][PASSED] - Text '05/05/2021' is set on object 'Object Repository/Make Appointment/visit_date_appointment'

2023-08-25 10:10:36 - [TEST_STEP][PASSED] - setText(findTestObject("Make Appointment/comment_appointment"), comment): Text 'lorem ipsum der umet umet mumet' is set on object 'Object Repository/Make Appointment/comment_appointment'

2023-08-25 10:10:40 - [MESSAGE][PASSED] - Text 'lorem ipsum der umet umet mumet' is set on object 'Object Repository/Make Appointment/comment_appointment'

2023-08-25 10:10:40 - [TEST_STEP][PASSED] - click(findTestObject("Make Appointment/button_book_appointment")): Object: 'Object Repository/Make Appointment/button_book_appointment' is clicked on

2023-08-25 10:10:42 - [MESSAGE][PASSED] - Object: 'Object Repository/Make Appointment/button_book_appointment' is clicked on

2023-08-25 10:10:42 - [TEST_STEP][PASSED] - verifyElementPresent(findTestObject("Make Appointment/verify_appointment_confirmation"), 10): Object 'Object Repository/Make Appointment/verify_appointment_confirmation' is present

2023-08-25 10:10:44 - [MESSAGE][PASSED] - Object 'Object Repository/Make Appointment/verify_appointment_confirmation' is present

2023-08-25 10:10:44 - [TEST_STEP][PASSED] - hasilFacility = getText(findTestObject("Object Repository/Make Appointment/hasil_facility")): Text of object 'Object Repository/Make Appointment/hasil_facility' is: 'Seoul CURA Healthcare Center'

2023-08-25 10:10:46 - [MESSAGE][PASSED] - Text of object 'Object Repository/Make Appointment/hasil_facility' is: 'Seoul CURA Healthcare Center'

2023-08-25 10:10:46 - [TEST_STEP][PASSED] - hasilReadmission = getText(findTestObject("Object Repository/Make Appointment/hasil_readmission")): Text of object 'Object Repository/Make Appointment/hasil_readmission' is: 'Yes'

2023-08-25 10:10:48 - [MESSAGE][PASSED] - Text of object 'Object Repository/Make Appointment/hasil_readmission' is: 'Yes'

2023-08-25 10:10:48 - [TEST_STEP][PASSED] - hasilProgram = getText(findTestObject("Object Repository/Make Appointment/hasil_program")): Text of object 'Object Repository/Make Appointment/hasil_program' is: 'Medicaid'

2023-08-25 10:10:50 - [MESSAGE][PASSED] - Text of object 'Object Repository/Make Appointment/hasil_program' is: 'Medicaid'

2023-08-25 10:10:50 - [TEST_STEP][PASSED] - hasilDate = getText(findTestObject("Make Appointment/hasil_visit_date")): Text of object 'Object Repository/Make Appointment/hasil_visit_date' is: '05/05/2021'

2023-08-25 10:10:52 - [MESSAGE][PASSED] - Text of object 'Object Repository/Make Appointment/hasil_visit_date' is: '05/05/2021'

2023-08-25 10:10:52 - [TEST_STEP][PASSED] - hasilComment = getText(findTestObject("Make Appointment/hasil_comment")): Text of object 'Object Repository/Make Appointment/hasil_comment' is: 'lorem ipsum der umet umet mumet'

2023-08-25 10:10:54 - [MESSAGE][PASSED] - Text of object 'Object Repository/Make Appointment/hasil_comment' is: 'lorem ipsum der umet umet mumet'

2023-08-25 10:10:54 - [TEST_STEP][PASSED] - assert toString().equalsIgnoreCase(facility): null

2023-08-25 10:10:54 - [TEST_STEP][PASSED] - assert toString().equalsIgnoreCase(readmission): null

2023-08-25 10:10:54 - [TEST_STEP][PASSED] - assert toString().equalsIgnoreCase(healthcare_program): null

2023-08-25 10:10:54 - [TEST_STEP][PASSED] - assert toString().equalsIgnoreCase(date): null

2023-08-25 10:10:54 - [TEST_STEP][PASSED] - assert toString().equalsIgnoreCase(comment): null]]></system-out>
         <system-err><![CDATA[]]></system-err>
      </testcase>
      <testcase name="Test Cases/Appointment/Test Case 2.1 (dinamis)" time="52.801" classname="Test Cases/Appointment/Test Case 2.1 (dinamis)" status="PASSED">
         <system-out><![CDATA[2023-08-25 10:10:54 - [TEST_CASE][PASSED] - Test Cases/Appointment/Test Case 2.1 (dinamis): Test Cases/Appointment/Test Case 2.1 (dinamis)

2023-08-25 10:10:54 - [TEST_STEP][PASSED] - callTestCase(findTestCase("Login/Test Case 1.1 (Script)"), ["username":username, "password":password], STOP_ON_FAILURE): Call Test Case 'Test Cases/Login/Test Case 1.1 (Script)' successfully

2023-08-25 10:10:54 - [TEST_CASE][PASSED] - Test Cases/Login/Test Case 1.1 (Script): Test Cases/Login/Test Case 1.1 (Script)

2023-08-25 10:10:54 - [TEST_STEP][PASSED] - openBrowser("https://katalon-demo-cura.herokuapp.com/"): Browser is opened with url: 'https://katalon-demo-cura.herokuapp.com/'

2023-08-25 10:10:54 - [MESSAGE][WARNING] - A browser is already opened. Closing browser and opening a new one

2023-08-25 10:10:55 - [MESSAGE][INFO] - Starting 'Edge Chromium' driver

2023-08-25 10:10:57 - [MESSAGE][INFO] - Action delay is set to 0 milliseconds

2023-08-25 10:11:03 - [MESSAGE][PASSED] - Browser is opened with url: 'https://katalon-demo-cura.herokuapp.com/'

2023-08-25 10:11:03 - [TEST_STEP][PASSED] - maximizeWindow(): Current window maximized

2023-08-25 10:11:03 - [MESSAGE][PASSED] - Current window maximized

2023-08-25 10:11:03 - [TEST_STEP][PASSED] - verifyElementPresent(findTestObject("Object Repository/Objek untuk login/title_homepage"), 10): Object 'Object Repository/Objek untuk login/title_homepage' is present

2023-08-25 10:11:04 - [MESSAGE][PASSED] - Object 'Object Repository/Objek untuk login/title_homepage' is present

2023-08-25 10:11:04 - [TEST_STEP][PASSED] - click(findTestObject("Object Repository/Objek untuk login/menu_burger")): Object: 'Object Repository/Objek untuk login/menu_burger' is clicked on

2023-08-25 10:11:05 - [MESSAGE][PASSED] - Object: 'Object Repository/Objek untuk login/menu_burger' is clicked on

2023-08-25 10:11:05 - [TEST_STEP][PASSED] - click(findTestObject("Object Repository/Objek untuk login/menu_login")): Object: 'Object Repository/Objek untuk login/menu_login' is clicked on

2023-08-25 10:11:06 - [MESSAGE][PASSED] - Object: 'Object Repository/Objek untuk login/menu_login' is clicked on

2023-08-25 10:11:06 - [TEST_STEP][PASSED] - verifyElementPresent(findTestObject("Object Repository/Objek untuk login/verifikasi_masuk_halaman_login"), 10): Object 'Object Repository/Objek untuk login/verifikasi_masuk_halaman_login' is present

2023-08-25 10:11:08 - [MESSAGE][PASSED] - Object 'Object Repository/Objek untuk login/verifikasi_masuk_halaman_login' is present

2023-08-25 10:11:08 - [TEST_STEP][PASSED] - setText(findTestObject("Object Repository/Objek untuk login/input_form_username"), username): Text 'John Doe' is set on object 'Object Repository/Objek untuk login/input_form_username'

2023-08-25 10:11:12 - [MESSAGE][PASSED] - Text 'John Doe' is set on object 'Object Repository/Objek untuk login/input_form_username'

2023-08-25 10:11:12 - [TEST_STEP][PASSED] - setEncryptedText(findTestObject("Object Repository/Objek untuk login/input_form_password"), password): Text ****** has been set on object 'Object Repository/Objek untuk login/input_form_password'

2023-08-25 10:11:14 - [MESSAGE][PASSED] - Text ****** has been set on object 'Object Repository/Objek untuk login/input_form_password'

2023-08-25 10:11:14 - [TEST_STEP][PASSED] - click(findTestObject("Object Repository/Objek untuk login/button_form_Login")): Object: 'Object Repository/Objek untuk login/button_form_Login' is clicked on

2023-08-25 10:11:16 - [MESSAGE][PASSED] - Object: 'Object Repository/Objek untuk login/button_form_Login' is clicked on

2023-08-25 10:11:16 - [TEST_STEP][PASSED] - verifyElementPresent(findTestObject("Object Repository/Objek untuk login/title_make _appointment"), 10): Object 'Object Repository/Objek untuk login/title_make _appointment' is present

2023-08-25 10:11:19 - [MESSAGE][PASSED] - Object 'Object Repository/Objek untuk login/title_make _appointment' is present

2023-08-25 10:11:19 - [MESSAGE][PASSED] - Call Test Case 'Test Cases/Login/Test Case 1.1 (Script)' successfully

2023-08-25 10:11:19 - [TEST_STEP][PASSED] - selectOptionByValue(findTestObject("Make Appointment/select_facility"), facility, false): All options with value 'Tokyo CURA Healthcare Center' are selected in object 'Object Repository/Make Appointment/select_facility' 

2023-08-25 10:11:23 - [MESSAGE][PASSED] - All options with value 'Tokyo CURA Healthcare Center' are selected in object 'Object Repository/Make Appointment/select_facility' 

2023-08-25 10:11:23 - [TEST_STEP][PASSED] - if (toString().equalsIgnoreCase("yes")): null

2023-08-25 10:11:23 - [TEST_STEP][PASSED] - if (toString().equalsIgnoreCase("medicare")): Object 'Object Repository/Make Appointment/option_medicare' is checked

2023-08-25 10:11:23 - [TEST_STEP][PASSED] - check(findTestObject("Object Repository/Make Appointment/option_medicare")): Object 'Object Repository/Make Appointment/option_medicare' is checked

2023-08-25 10:11:25 - [MESSAGE][PASSED] - Object 'Object Repository/Make Appointment/option_medicare' is checked

2023-08-25 10:11:25 - [TEST_STEP][PASSED] - setText(findTestObject("Make Appointment/visit_date_appointment"), date): Text '06/05/2021' is set on object 'Object Repository/Make Appointment/visit_date_appointment'

2023-08-25 10:11:29 - [MESSAGE][PASSED] - Text '06/05/2021' is set on object 'Object Repository/Make Appointment/visit_date_appointment'

2023-08-25 10:11:29 - [TEST_STEP][PASSED] - setText(findTestObject("Make Appointment/comment_appointment"), comment): Text 'gitar kupetik bas kubetot' is set on object 'Object Repository/Make Appointment/comment_appointment'

2023-08-25 10:11:33 - [MESSAGE][PASSED] - Text 'gitar kupetik bas kubetot' is set on object 'Object Repository/Make Appointment/comment_appointment'

2023-08-25 10:11:33 - [TEST_STEP][PASSED] - click(findTestObject("Make Appointment/button_book_appointment")): Object: 'Object Repository/Make Appointment/button_book_appointment' is clicked on

2023-08-25 10:11:35 - [MESSAGE][PASSED] - Object: 'Object Repository/Make Appointment/button_book_appointment' is clicked on

2023-08-25 10:11:35 - [TEST_STEP][PASSED] - verifyElementPresent(findTestObject("Make Appointment/verify_appointment_confirmation"), 10): Object 'Object Repository/Make Appointment/verify_appointment_confirmation' is present

2023-08-25 10:11:37 - [MESSAGE][PASSED] - Object 'Object Repository/Make Appointment/verify_appointment_confirmation' is present

2023-08-25 10:11:37 - [TEST_STEP][PASSED] - hasilFacility = getText(findTestObject("Object Repository/Make Appointment/hasil_facility")): Text of object 'Object Repository/Make Appointment/hasil_facility' is: 'Tokyo CURA Healthcare Center'

2023-08-25 10:11:39 - [MESSAGE][PASSED] - Text of object 'Object Repository/Make Appointment/hasil_facility' is: 'Tokyo CURA Healthcare Center'

2023-08-25 10:11:39 - [TEST_STEP][PASSED] - hasilReadmission = getText(findTestObject("Object Repository/Make Appointment/hasil_readmission")): Text of object 'Object Repository/Make Appointment/hasil_readmission' is: 'No'

2023-08-25 10:11:41 - [MESSAGE][PASSED] - Text of object 'Object Repository/Make Appointment/hasil_readmission' is: 'No'

2023-08-25 10:11:41 - [TEST_STEP][PASSED] - hasilProgram = getText(findTestObject("Object Repository/Make Appointment/hasil_program")): Text of object 'Object Repository/Make Appointment/hasil_program' is: 'Medicare'

2023-08-25 10:11:43 - [MESSAGE][PASSED] - Text of object 'Object Repository/Make Appointment/hasil_program' is: 'Medicare'

2023-08-25 10:11:43 - [TEST_STEP][PASSED] - hasilDate = getText(findTestObject("Make Appointment/hasil_visit_date")): Text of object 'Object Repository/Make Appointment/hasil_visit_date' is: '06/05/2021'

2023-08-25 10:11:45 - [MESSAGE][PASSED] - Text of object 'Object Repository/Make Appointment/hasil_visit_date' is: '06/05/2021'

2023-08-25 10:11:45 - [TEST_STEP][PASSED] - hasilComment = getText(findTestObject("Make Appointment/hasil_comment")): Text of object 'Object Repository/Make Appointment/hasil_comment' is: 'gitar kupetik bas kubetot'

2023-08-25 10:11:47 - [MESSAGE][PASSED] - Text of object 'Object Repository/Make Appointment/hasil_comment' is: 'gitar kupetik bas kubetot'

2023-08-25 10:11:47 - [TEST_STEP][PASSED] - assert toString().equalsIgnoreCase(facility): null

2023-08-25 10:11:47 - [TEST_STEP][PASSED] - assert toString().equalsIgnoreCase(readmission): null

2023-08-25 10:11:47 - [TEST_STEP][PASSED] - assert toString().equalsIgnoreCase(healthcare_program): null

2023-08-25 10:11:47 - [TEST_STEP][PASSED] - assert toString().equalsIgnoreCase(date): null

2023-08-25 10:11:47 - [TEST_STEP][PASSED] - assert toString().equalsIgnoreCase(comment): null]]></system-out>
         <system-err><![CDATA[]]></system-err>
      </testcase>
      <testcase name="Test Cases/Appointment/Test Case 2.1 (dinamis)" time="24.408" classname="Test Cases/Appointment/Test Case 2.1 (dinamis)" status="PASSED">
         <system-out><![CDATA[2023-08-25 10:11:47 - [TEST_CASE][PASSED] - Test Cases/Appointment/Test Case 2.1 (dinamis): Test Cases/Appointment/Test Case 2.1 (dinamis)

2023-08-25 10:11:47 - [TEST_STEP][PASSED] - callTestCase(findTestCase("Login/Test Case 1.1 (Script)"), ["username":username, "password":password], STOP_ON_FAILURE): Call Test Case 'Test Cases/Login/Test Case 1.1 (Script)' successfully

2023-08-25 10:11:47 - [TEST_CASE][PASSED] - Test Cases/Login/Test Case 1.1 (Script): Test Cases/Login/Test Case 1.1 (Script)

2023-08-25 10:11:47 - [TEST_STEP][PASSED] - openBrowser("https://katalon-demo-cura.herokuapp.com/"): Browser is opened with url: 'https://katalon-demo-cura.herokuapp.com/'

2023-08-25 10:11:47 - [MESSAGE][WARNING] - A browser is already opened. Closing browser and opening a new one

2023-08-25 10:11:48 - [MESSAGE][INFO] - Starting 'Edge Chromium' driver

2023-08-25 10:11:50 - [MESSAGE][INFO] - Action delay is set to 0 milliseconds

2023-08-25 10:11:56 - [MESSAGE][PASSED] - Browser is opened with url: 'https://katalon-demo-cura.herokuapp.com/'

2023-08-25 10:11:56 - [TEST_STEP][PASSED] - maximizeWindow(): Current window maximized

2023-08-25 10:11:56 - [MESSAGE][PASSED] - Current window maximized

2023-08-25 10:11:56 - [TEST_STEP][PASSED] - verifyElementPresent(findTestObject("Object Repository/Objek untuk login/title_homepage"), 10): Object 'Object Repository/Objek untuk login/title_homepage' is present

2023-08-25 10:11:57 - [MESSAGE][PASSED] - Object 'Object Repository/Objek untuk login/title_homepage' is present

2023-08-25 10:11:57 - [TEST_STEP][PASSED] - click(findTestObject("Object Repository/Objek untuk login/menu_burger")): Object: 'Object Repository/Objek untuk login/menu_burger' is clicked on

2023-08-25 10:11:58 - [MESSAGE][PASSED] - Object: 'Object Repository/Objek untuk login/menu_burger' is clicked on

2023-08-25 10:11:58 - [TEST_STEP][PASSED] - click(findTestObject("Object Repository/Objek untuk login/menu_login")): Object: 'Object Repository/Objek untuk login/menu_login' is clicked on

2023-08-25 10:12:00 - [MESSAGE][PASSED] - Object: 'Object Repository/Objek untuk login/menu_login' is clicked on

2023-08-25 10:12:00 - [TEST_STEP][PASSED] - verifyElementPresent(findTestObject("Object Repository/Objek untuk login/verifikasi_masuk_halaman_login"), 10): Object 'Object Repository/Objek untuk login/verifikasi_masuk_halaman_login' is present

2023-08-25 10:12:01 - [MESSAGE][PASSED] - Object 'Object Repository/Objek untuk login/verifikasi_masuk_halaman_login' is present

2023-08-25 10:12:01 - [TEST_STEP][PASSED] - setText(findTestObject("Object Repository/Objek untuk login/input_form_username"), username): Text 'John Doe' is set on object 'Object Repository/Objek untuk login/input_form_username'

2023-08-25 10:12:02 - [MESSAGE][PASSED] - Text 'John Doe' is set on object 'Object Repository/Objek untuk login/input_form_username'

2023-08-25 10:12:02 - [TEST_STEP][PASSED] - setEncryptedText(findTestObject("Object Repository/Objek untuk login/input_form_password"), password): Text ****** has been set on object 'Object Repository/Objek untuk login/input_form_password'

2023-08-25 10:12:02 - [MESSAGE][PASSED] - Text ****** has been set on object 'Object Repository/Objek untuk login/input_form_password'

2023-08-25 10:12:02 - [TEST_STEP][PASSED] - click(findTestObject("Object Repository/Objek untuk login/button_form_Login")): Object: 'Object Repository/Objek untuk login/button_form_Login' is clicked on

2023-08-25 10:12:04 - [MESSAGE][PASSED] - Object: 'Object Repository/Objek untuk login/button_form_Login' is clicked on

2023-08-25 10:12:04 - [TEST_STEP][PASSED] - verifyElementPresent(findTestObject("Object Repository/Objek untuk login/title_make _appointment"), 10): Object 'Object Repository/Objek untuk login/title_make _appointment' is present

2023-08-25 10:12:04 - [MESSAGE][PASSED] - Object 'Object Repository/Objek untuk login/title_make _appointment' is present

2023-08-25 10:12:04 - [MESSAGE][PASSED] - Call Test Case 'Test Cases/Login/Test Case 1.1 (Script)' successfully

2023-08-25 10:12:04 - [TEST_STEP][PASSED] - selectOptionByValue(findTestObject("Make Appointment/select_facility"), facility, false): All options with value 'Seoul CURA Healthcare Center' are selected in object 'Object Repository/Make Appointment/select_facility' 

2023-08-25 10:12:05 - [MESSAGE][PASSED] - All options with value 'Seoul CURA Healthcare Center' are selected in object 'Object Repository/Make Appointment/select_facility' 

2023-08-25 10:12:05 - [TEST_STEP][PASSED] - if (toString().equalsIgnoreCase("yes")): null

2023-08-25 10:12:05 - [TEST_STEP][PASSED] - if (toString().equalsIgnoreCase("medicare")): Object 'Object Repository/Make Appointment/option_medicare' is checked

2023-08-25 10:12:05 - [TEST_STEP][PASSED] - check(findTestObject("Object Repository/Make Appointment/option_medicare")): Object 'Object Repository/Make Appointment/option_medicare' is checked

2023-08-25 10:12:05 - [MESSAGE][PASSED] - Object 'Object Repository/Make Appointment/option_medicare' is checked

2023-08-25 10:12:05 - [TEST_STEP][PASSED] - setText(findTestObject("Make Appointment/visit_date_appointment"), date): Text '06/05/2021' is set on object 'Object Repository/Make Appointment/visit_date_appointment'

2023-08-25 10:12:07 - [MESSAGE][PASSED] - Text '06/05/2021' is set on object 'Object Repository/Make Appointment/visit_date_appointment'

2023-08-25 10:12:07 - [TEST_STEP][PASSED] - setText(findTestObject("Make Appointment/comment_appointment"), comment): Text 'jalan jalan ke kebun raya, cakeepp' is set on object 'Object Repository/Make Appointment/comment_appointment'

2023-08-25 10:12:08 - [MESSAGE][PASSED] - Text 'jalan jalan ke kebun raya, cakeepp' is set on object 'Object Repository/Make Appointment/comment_appointment'

2023-08-25 10:12:08 - [TEST_STEP][PASSED] - click(findTestObject("Make Appointment/button_book_appointment")): Object: 'Object Repository/Make Appointment/button_book_appointment' is clicked on

2023-08-25 10:12:09 - [MESSAGE][PASSED] - Object: 'Object Repository/Make Appointment/button_book_appointment' is clicked on

2023-08-25 10:12:09 - [TEST_STEP][PASSED] - verifyElementPresent(findTestObject("Make Appointment/verify_appointment_confirmation"), 10): Object 'Object Repository/Make Appointment/verify_appointment_confirmation' is present

2023-08-25 10:12:09 - [MESSAGE][PASSED] - Object 'Object Repository/Make Appointment/verify_appointment_confirmation' is present

2023-08-25 10:12:09 - [TEST_STEP][PASSED] - hasilFacility = getText(findTestObject("Object Repository/Make Appointment/hasil_facility")): Text of object 'Object Repository/Make Appointment/hasil_facility' is: 'Seoul CURA Healthcare Center'

2023-08-25 10:12:10 - [MESSAGE][PASSED] - Text of object 'Object Repository/Make Appointment/hasil_facility' is: 'Seoul CURA Healthcare Center'

2023-08-25 10:12:10 - [TEST_STEP][PASSED] - hasilReadmission = getText(findTestObject("Object Repository/Make Appointment/hasil_readmission")): Text of object 'Object Repository/Make Appointment/hasil_readmission' is: 'No'

2023-08-25 10:12:10 - [MESSAGE][PASSED] - Text of object 'Object Repository/Make Appointment/hasil_readmission' is: 'No'

2023-08-25 10:12:10 - [TEST_STEP][PASSED] - hasilProgram = getText(findTestObject("Object Repository/Make Appointment/hasil_program")): Text of object 'Object Repository/Make Appointment/hasil_program' is: 'Medicare'

2023-08-25 10:12:10 - [MESSAGE][PASSED] - Text of object 'Object Repository/Make Appointment/hasil_program' is: 'Medicare'

2023-08-25 10:12:10 - [TEST_STEP][PASSED] - hasilDate = getText(findTestObject("Make Appointment/hasil_visit_date")): Text of object 'Object Repository/Make Appointment/hasil_visit_date' is: '06/05/2021'

2023-08-25 10:12:11 - [MESSAGE][PASSED] - Text of object 'Object Repository/Make Appointment/hasil_visit_date' is: '06/05/2021'

2023-08-25 10:12:11 - [TEST_STEP][PASSED] - hasilComment = getText(findTestObject("Make Appointment/hasil_comment")): Text of object 'Object Repository/Make Appointment/hasil_comment' is: 'jalan jalan ke kebun raya, cakeepp'

2023-08-25 10:12:11 - [MESSAGE][PASSED] - Text of object 'Object Repository/Make Appointment/hasil_comment' is: 'jalan jalan ke kebun raya, cakeepp'

2023-08-25 10:12:11 - [TEST_STEP][PASSED] - assert toString().equalsIgnoreCase(facility): null

2023-08-25 10:12:11 - [TEST_STEP][PASSED] - assert toString().equalsIgnoreCase(readmission): null

2023-08-25 10:12:11 - [TEST_STEP][PASSED] - assert toString().equalsIgnoreCase(healthcare_program): null

2023-08-25 10:12:11 - [TEST_STEP][PASSED] - assert toString().equalsIgnoreCase(date): null

2023-08-25 10:12:11 - [TEST_STEP][PASSED] - assert toString().equalsIgnoreCase(comment): null]]></system-out>
         <system-err><![CDATA[]]></system-err>
      </testcase>
      <system-out><![CDATA[2023-08-25 10:09:54 - [TEST_SUITE][PASSED] - Test Suite Appointment: Test Cases/Appointment/Test Case 2.1 (dinamis)]]></system-out>
      <system-err><![CDATA[]]></system-err>
   </testsuite>
</testsuites>
