<?xml version="1.0" encoding="UTF-8"?>
<testsuites name="Checkout Story Test Suite" time="197.614" tests="6" failures="0" errors="0">
   <testsuite name="Checkout Story Test Suite" tests="6" failures="0" errors="0" time="197.614" skipped="0" timestamp="2023-08-31 08:18:28" hostname="Aslamadin Alvian Haz - DESKTOP-L5FUI4E" id="Test Suites/Checkout Story Test Suite">
      <properties>
         <property name="deviceName" value=""/>
         <property name="devicePlatform" value=""/>
         <property name="logFolder" value="C:\\Users\\Aslamadin Alvian Haz\\Documents\\Batch 324 QA XSIS Academy\\batch-324-qa\\Alvin\\Sauce Demo\\Reports\\20230831_081816\\Checkout Story Test Suite\\20230831_081816"/>
         <property name="logFiles" value="C:\\Users\\Aslamadin Alvian Haz\\Documents\\Batch 324 QA XSIS Academy\\batch-324-qa\\Alvin\\Sauce Demo\\Reports\\20230831_081816\\Checkout Story Test Suite\\20230831_081816\\execution0.log"/>
         <property name="attachments" value=""/>
         <property name="hostName" value="Aslamadin Alvian Haz - DESKTOP-L5FUI4E"/>
         <property name="os" value="Windows 10 64bit"/>
         <property name="katalonVersion" value="8.6.5.208"/>
         <property name="browser" value="Edge Chromium 116"/>
         <property name="hostAddress" value="10.9.2.24"/>
         <property name="sessionId" value="1f1ac5ed72bd5ad4d707ad56f31cb11a"/>
         <property name="seleniumVersion" value="3.141.59"/>
         <property name="proxyInformation" value="ProxyInformation { proxyOption=NO_PROXY, proxyServerType=HTTP, username=, password=********, proxyServerAddress=, proxyServerPort=0, executionList=&quot;&quot;, isApplyToDesiredCapabilities=true }"/>
         <property name="platform" value="Windows 10"/>
      </properties>
      <testcase name="Test Cases/Checkout/TC-Checkout-Success-001" time="60.165" classname="Test Cases/Checkout/TC-Checkout-Success-001" status="PASSED">
         <system-out><![CDATA[2023-08-31 08:18:29 - [TEST_CASE][PASSED] - Test Cases/Checkout/TC-Checkout-Success-001: Test Cases/Checkout/TC-Checkout-Success-001

2023-08-31 08:18:32 - [TEST_STEP][PASSED] - cartItems = callTestCase(findTestCase("Keranjang/TC-Cart-Show-002"), [:], STOP_ON_FAILURE): Call Test Case 'Test Cases/Keranjang/TC-Cart-Show-002' successfully

2023-08-31 08:18:33 - [TEST_CASE][PASSED] - Test Cases/Keranjang/TC-Cart-Show-002: Test Cases/Keranjang/TC-Cart-Show-002

2023-08-31 08:18:34 - [TEST_STEP][PASSED] - productPage = callTestCase(findTestCase("Product/TC-Product-AddCart-001"), [:], STOP_ON_FAILURE): Call Test Case 'Test Cases/Product/TC-Product-AddCart-001' successfully

2023-08-31 08:18:34 - [TEST_CASE][PASSED] - Test Cases/Product/TC-Product-AddCart-001: Test Cases/Product/TC-Product-AddCart-001

2023-08-31 08:18:35 - [TEST_STEP][PASSED] - callTestCase(findTestCase("Product/TC-Product-Show-001"), [:], STOP_ON_FAILURE): Call Test Case 'Test Cases/Product/TC-Product-Show-001' successfully

2023-08-31 08:18:35 - [TEST_CASE][PASSED] - Test Cases/Product/TC-Product-Show-001: Test Cases/Product/TC-Product-Show-001

2023-08-31 08:18:36 - [TEST_STEP][PASSED] - callTestCase(findTestCase("Login/TC-Login-Success-001"), ["username":"standard_user", "password":"qcu24s4901FyWDTwXGr6XA=="], STOP_ON_FAILURE): Call Test Case 'Test Cases/Login/TC-Login-Success-001' successfully

2023-08-31 08:18:36 - [TEST_CASE][PASSED] - Test Cases/Login/TC-Login-Success-001: Test Cases/Login/TC-Login-Success-001

2023-08-31 08:18:41 - [TEST_STEP][PASSED] - openBrowser(webSauceDemo): Browser is opened with url: 'https://www.saucedemo.com/'

2023-08-31 08:18:43 - [MESSAGE][INFO] - Starting 'Edge Chromium' driver

2023-08-31 08:18:48 - [MESSAGE][INFO] - Action delay is set to 0 milliseconds

2023-08-31 08:18:58 - [MESSAGE][PASSED] - Browser is opened with url: 'https://www.saucedemo.com/'

2023-08-31 08:18:58 - [TEST_STEP][PASSED] - verifyElementPresent(findTestObject("Login Page Object/Swag Labs Text (tanda masuk home)"), 5): Object 'Object Repository/Login Page Object/Swag Labs Text (tanda masuk home)' is present

2023-08-31 08:19:00 - [MESSAGE][PASSED] - Object 'Object Repository/Login Page Object/Swag Labs Text (tanda masuk home)' is present

2023-08-31 08:19:00 - [TEST_STEP][PASSED] - setText(findTestObject("Login Page Object/username login"), username): Text 'standard_user' is set on object 'Object Repository/Login Page Object/username login'

2023-08-31 08:19:05 - [MESSAGE][PASSED] - Text 'standard_user' is set on object 'Object Repository/Login Page Object/username login'

2023-08-31 08:19:05 - [TEST_STEP][PASSED] - setEncryptedText(findTestObject("Login Page Object/password login"), password): Text ****** has been set on object 'Object Repository/Login Page Object/password login'

2023-08-31 08:19:06 - [MESSAGE][PASSED] - Text ****** has been set on object 'Object Repository/Login Page Object/password login'

2023-08-31 08:19:06 - [TEST_STEP][PASSED] - click(findTestObject("Login Page Object/button login")): Object: 'Object Repository/Login Page Object/button login' is clicked on

2023-08-31 08:19:09 - [MESSAGE][PASSED] - Object: 'Object Repository/Login Page Object/button login' is clicked on

2023-08-31 08:19:09 - [TEST_STEP][PASSED] - verifyElementPresent(findTestObject("Product/span_Products"), 5): Object 'Object Repository/Product/span_Products' is present

2023-08-31 08:19:10 - [MESSAGE][PASSED] - Object 'Object Repository/Product/span_Products' is present

2023-08-31 08:19:10 - [MESSAGE][PASSED] - Call Test Case 'Test Cases/Login/TC-Login-Success-001' successfully

2023-08-31 08:19:10 - [MESSAGE][PASSED] - Call Test Case 'Test Cases/Product/TC-Product-Show-001' successfully

2023-08-31 08:19:10 - [TEST_STEP][PASSED] - nameProduct = text: null

2023-08-31 08:19:11 - [TEST_STEP][PASSED] - descProduct = text: null

2023-08-31 08:19:12 - [TEST_STEP][PASSED] - priceProduct = text: null

2023-08-31 08:19:12 - [TEST_STEP][PASSED] - dataProduct = new java.util.HashMap(): null

2023-08-31 08:19:12 - [TEST_STEP][PASSED] - dataProduct.put("nameProduct", nameProduct): null

2023-08-31 08:19:12 - [TEST_STEP][PASSED] - dataProduct.put("descProduct", descProduct): null

2023-08-31 08:19:12 - [TEST_STEP][PASSED] - dataProduct.put("priceProduct", priceProduct): null

2023-08-31 08:19:12 - [TEST_STEP][PASSED] - click(findTestObject("Product/button add to cart backpack")): Object: 'Object Repository/Product/button add to cart backpack' is clicked on

2023-08-31 08:19:14 - [MESSAGE][PASSED] - Object: 'Object Repository/Product/button add to cart backpack' is clicked on

2023-08-31 08:19:14 - [TEST_STEP][PASSED] - verifyElementPresent(findTestObject("selector for verify/button remove item pos 1"), 5): Object 'Object Repository/selector for verify/button remove item pos 1' is present

2023-08-31 08:19:15 - [MESSAGE][PASSED] - Object 'Object Repository/selector for verify/button remove item pos 1' is present

2023-08-31 08:19:15 - [TEST_STEP][PASSED] - verifyElementPresent(findTestObject("selector for verify/verify jumlah item 1 (cart)"), 5): Object 'Object Repository/selector for verify/verify jumlah item 1 (cart)' is present

2023-08-31 08:19:15 - [MESSAGE][PASSED] - Object 'Object Repository/selector for verify/verify jumlah item 1 (cart)' is present

2023-08-31 08:19:15 - [TEST_STEP][PASSED] - return dataProduct: null

2023-08-31 08:19:15 - [MESSAGE][PASSED] - Call Test Case 'Test Cases/Product/TC-Product-AddCart-001' successfully

2023-08-31 08:19:15 - [TEST_STEP][PASSED] - click(findTestObject("Checkout/cart icon")): Object: 'Object Repository/Checkout/cart icon' is clicked on

2023-08-31 08:19:17 - [MESSAGE][PASSED] - Object: 'Object Repository/Checkout/cart icon' is clicked on

2023-08-31 08:19:17 - [TEST_STEP][PASSED] - verifyElementPresent(findTestObject("Checkout/span_Your Cart"), 5): Object 'Object Repository/Checkout/span_Your Cart' is present

2023-08-31 08:19:17 - [MESSAGE][PASSED] - Object 'Object Repository/Checkout/span_Your Cart' is present

2023-08-31 08:19:17 - [TEST_STEP][PASSED] - nameCart = text: null

2023-08-31 08:19:18 - [TEST_STEP][PASSED] - descCart = text: null

2023-08-31 08:19:19 - [TEST_STEP][PASSED] - priceCart = text: null

2023-08-31 08:19:19 - [TEST_STEP][PASSED] - productPage.put("nameCart", nameCart): null

2023-08-31 08:19:19 - [TEST_STEP][PASSED] - productPage.put("descCart", descCart): null

2023-08-31 08:19:19 - [TEST_STEP][PASSED] - productPage.put("priceCart", priceCart): null

2023-08-31 08:19:19 - [TEST_STEP][PASSED] - assert productPage.get("nameProduct") == nameCart: null

2023-08-31 08:19:19 - [TEST_STEP][PASSED] - assert productPage.get("priceProduct") == priceCart: null

2023-08-31 08:19:19 - [TEST_STEP][PASSED] - assert productPage.get("descProduct") == descCart: null

2023-08-31 08:19:19 - [TEST_STEP][PASSED] - return productPage: null

2023-08-31 08:19:19 - [MESSAGE][PASSED] - Call Test Case 'Test Cases/Keranjang/TC-Cart-Show-002' successfully

2023-08-31 08:19:19 - [TEST_STEP][PASSED] - click(findTestObject("Checkout/button_Checkout")): Object: 'Object Repository/Checkout/button_Checkout' is clicked on

2023-08-31 08:19:20 - [MESSAGE][PASSED] - Object: 'Object Repository/Checkout/button_Checkout' is clicked on

2023-08-31 08:19:20 - [TEST_STEP][PASSED] - verifyElementPresent(findTestObject("Checkout/span_Checkout Your Information"), 5): Object 'Object Repository/Checkout/span_Checkout Your Information' is present

2023-08-31 08:19:20 - [MESSAGE][PASSED] - Object 'Object Repository/Checkout/span_Checkout Your Information' is present

2023-08-31 08:19:20 - [TEST_STEP][PASSED] - setText(findTestObject("Checkout/input_Checkout Your Information_firstName"), firstName): Text 'Joko' is set on object 'Object Repository/Checkout/input_Checkout Your Information_firstName'

2023-08-31 08:19:22 - [MESSAGE][PASSED] - Text 'Joko' is set on object 'Object Repository/Checkout/input_Checkout Your Information_firstName'

2023-08-31 08:19:22 - [TEST_STEP][PASSED] - setText(findTestObject("Checkout/input_Checkout Your Information_lastName"), lastName): Text 'Widodo' is set on object 'Object Repository/Checkout/input_Checkout Your Information_lastName'

2023-08-31 08:19:23 - [MESSAGE][PASSED] - Text 'Widodo' is set on object 'Object Repository/Checkout/input_Checkout Your Information_lastName'

2023-08-31 08:19:23 - [TEST_STEP][PASSED] - setText(findTestObject("Checkout/input_Checkout Your Information_postalCode"), postalCode): Text '12345' is set on object 'Object Repository/Checkout/input_Checkout Your Information_postalCode'

2023-08-31 08:19:24 - [MESSAGE][PASSED] - Text '12345' is set on object 'Object Repository/Checkout/input_Checkout Your Information_postalCode'

2023-08-31 08:19:24 - [TEST_STEP][PASSED] - click(findTestObject("Checkout/input_Cancel_continue")): Object: 'Object Repository/Checkout/input_Cancel_continue' is clicked on

2023-08-31 08:19:25 - [MESSAGE][PASSED] - Object: 'Object Repository/Checkout/input_Cancel_continue' is clicked on

2023-08-31 08:19:25 - [TEST_STEP][PASSED] - verifyElementPresent(findTestObject("Checkout/span_Checkout Overview"), 5): Object 'Object Repository/Checkout/span_Checkout Overview' is present

2023-08-31 08:19:26 - [MESSAGE][PASSED] - Object 'Object Repository/Checkout/span_Checkout Overview' is present

2023-08-31 08:19:26 - [TEST_STEP][PASSED] - cartName = text: null

2023-08-31 08:19:26 - [TEST_STEP][PASSED] - cartDesc = text: null

2023-08-31 08:19:27 - [TEST_STEP][PASSED] - cartPrice = text: null

2023-08-31 08:19:27 - [TEST_STEP][PASSED] - taxElement = text: null

2023-08-31 08:19:28 - [TEST_STEP][PASSED] - itemTotalElement = text: null

2023-08-31 08:19:28 - [TEST_STEP][PASSED] - totalElement = text: null

2023-08-31 08:19:29 - [TEST_STEP][PASSED] - assert cartName == cartItems.get("nameProduct"): null

2023-08-31 08:19:29 - [TEST_STEP][PASSED] - assert cartDesc == cartItems.get("descProduct"): null

2023-08-31 08:19:29 - [TEST_STEP][PASSED] - assert cartPrice == cartItems.get("priceProduct"): null

2023-08-31 08:19:29 - [TEST_STEP][PASSED] - assert cartName == cartItems.get("nameCart"): null

2023-08-31 08:19:29 - [TEST_STEP][PASSED] - assert cartDesc == cartItems.get("descCart"): null

2023-08-31 08:19:29 - [TEST_STEP][PASSED] - assert cartPrice == cartItems.get("priceCart"): null

2023-08-31 08:19:29 - [TEST_STEP][PASSED] - df = new java.text.DecimalFormat(#.##): null

2023-08-31 08:19:29 - [TEST_STEP][PASSED] - tax = Double.parseDouble(df.format(Double.parseDouble(cartPrice.replace("$", "")) * 0.08)): null

2023-08-31 08:19:29 - [TEST_STEP][PASSED] - itemTotal = Double.parseDouble(cartPrice.replace("$", "")): null

2023-08-31 08:19:29 - [TEST_STEP][PASSED] - total = tax + itemTotal: null

2023-08-31 08:19:29 - [TEST_STEP][PASSED] - arrItemTotalElement = itemTotalElement.split("\$"): null

2023-08-31 08:19:29 - [TEST_STEP][PASSED] - arrTaxElement = taxElement.split("\$"): null

2023-08-31 08:19:29 - [TEST_STEP][PASSED] - arrTotalElement = totalElement.split("\$"): null

2023-08-31 08:19:29 - [TEST_STEP][PASSED] - assert tax == Double.parseDouble(arrTaxElement[1]): null

2023-08-31 08:19:29 - [TEST_STEP][PASSED] - assert itemTotal == Double.parseDouble(arrItemTotalElement[1]): null

2023-08-31 08:19:29 - [TEST_STEP][PASSED] - assert total == Double.parseDouble(arrTotalElement[1]): null

2023-08-31 08:19:29 - [TEST_STEP][PASSED] - click(findTestObject("Checkout/button_Finish")): Object: 'Object Repository/Checkout/button_Finish' is clicked on

2023-08-31 08:19:29 - [MESSAGE][PASSED] - Object: 'Object Repository/Checkout/button_Finish' is clicked on]]></system-out>
         <system-err><![CDATA[]]></system-err>
      </testcase>
      <testcase name="Test Cases/Checkout/TC-Checkout-Success-002" time="37.954" classname="Test Cases/Checkout/TC-Checkout-Success-002" status="PASSED">
         <system-out><![CDATA[2023-08-31 08:19:29 - [TEST_CASE][PASSED] - Test Cases/Checkout/TC-Checkout-Success-002: Test Cases/Checkout/TC-Checkout-Success-002

2023-08-31 08:19:31 - [TEST_STEP][PASSED] - cartItems = callTestCase(findTestCase("Keranjang/TC-Cart-Show-003"), [:], STOP_ON_FAILURE): Call Test Case 'Test Cases/Keranjang/TC-Cart-Show-003' successfully

2023-08-31 08:19:31 - [TEST_CASE][PASSED] - Test Cases/Keranjang/TC-Cart-Show-003: Test Cases/Keranjang/TC-Cart-Show-003

2023-08-31 08:19:32 - [TEST_STEP][PASSED] - itemProduct = callTestCase(findTestCase("Product/TC-Product-AddCart-002"), [:], STOP_ON_FAILURE): Call Test Case 'Test Cases/Product/TC-Product-AddCart-002' successfully

2023-08-31 08:19:32 - [TEST_CASE][PASSED] - Test Cases/Product/TC-Product-AddCart-002: Test Cases/Product/TC-Product-AddCart-002

2023-08-31 08:19:33 - [TEST_STEP][PASSED] - itemProduct = callTestCase(findTestCase("Product/TC-Product-AddCart-001"), [:], STOP_ON_FAILURE): Call Test Case 'Test Cases/Product/TC-Product-AddCart-001' successfully

2023-08-31 08:19:33 - [TEST_CASE][PASSED] - Test Cases/Product/TC-Product-AddCart-001: Test Cases/Product/TC-Product-AddCart-001

2023-08-31 08:19:33 - [TEST_STEP][PASSED] - callTestCase(findTestCase("Product/TC-Product-Show-001"), [:], STOP_ON_FAILURE): Call Test Case 'Test Cases/Product/TC-Product-Show-001' successfully

2023-08-31 08:19:33 - [TEST_CASE][PASSED] - Test Cases/Product/TC-Product-Show-001: Test Cases/Product/TC-Product-Show-001

2023-08-31 08:19:33 - [TEST_STEP][PASSED] - callTestCase(findTestCase("Login/TC-Login-Success-001"), ["username":"standard_user", "password":"qcu24s4901FyWDTwXGr6XA=="], STOP_ON_FAILURE): Call Test Case 'Test Cases/Login/TC-Login-Success-001' successfully

2023-08-31 08:19:33 - [TEST_CASE][PASSED] - Test Cases/Login/TC-Login-Success-001: Test Cases/Login/TC-Login-Success-001

2023-08-31 08:19:33 - [TEST_STEP][PASSED] - openBrowser(webSauceDemo): Browser is opened with url: 'https://www.saucedemo.com/'

2023-08-31 08:19:33 - [MESSAGE][WARNING] - A browser is already opened. Closing browser and opening a new one

2023-08-31 08:19:34 - [MESSAGE][INFO] - Starting 'Edge Chromium' driver

2023-08-31 08:19:36 - [MESSAGE][INFO] - Action delay is set to 0 milliseconds

2023-08-31 08:19:41 - [MESSAGE][PASSED] - Browser is opened with url: 'https://www.saucedemo.com/'

2023-08-31 08:19:41 - [TEST_STEP][PASSED] - verifyElementPresent(findTestObject("Login Page Object/Swag Labs Text (tanda masuk home)"), 5): Object 'Object Repository/Login Page Object/Swag Labs Text (tanda masuk home)' is present

2023-08-31 08:19:42 - [MESSAGE][PASSED] - Object 'Object Repository/Login Page Object/Swag Labs Text (tanda masuk home)' is present

2023-08-31 08:19:42 - [TEST_STEP][PASSED] - setText(findTestObject("Login Page Object/username login"), username): Text 'standard_user' is set on object 'Object Repository/Login Page Object/username login'

2023-08-31 08:19:44 - [MESSAGE][PASSED] - Text 'standard_user' is set on object 'Object Repository/Login Page Object/username login'

2023-08-31 08:19:44 - [TEST_STEP][PASSED] - setEncryptedText(findTestObject("Login Page Object/password login"), password): Text ****** has been set on object 'Object Repository/Login Page Object/password login'

2023-08-31 08:19:45 - [MESSAGE][PASSED] - Text ****** has been set on object 'Object Repository/Login Page Object/password login'

2023-08-31 08:19:45 - [TEST_STEP][PASSED] - click(findTestObject("Login Page Object/button login")): Object: 'Object Repository/Login Page Object/button login' is clicked on

2023-08-31 08:19:46 - [MESSAGE][PASSED] - Object: 'Object Repository/Login Page Object/button login' is clicked on

2023-08-31 08:19:46 - [TEST_STEP][PASSED] - verifyElementPresent(findTestObject("Product/span_Products"), 5): Object 'Object Repository/Product/span_Products' is present

2023-08-31 08:19:47 - [MESSAGE][PASSED] - Object 'Object Repository/Product/span_Products' is present

2023-08-31 08:19:47 - [MESSAGE][PASSED] - Call Test Case 'Test Cases/Login/TC-Login-Success-001' successfully

2023-08-31 08:19:47 - [MESSAGE][PASSED] - Call Test Case 'Test Cases/Product/TC-Product-Show-001' successfully

2023-08-31 08:19:47 - [TEST_STEP][PASSED] - nameProduct = text: null

2023-08-31 08:19:48 - [TEST_STEP][PASSED] - descProduct = text: null

2023-08-31 08:19:48 - [TEST_STEP][PASSED] - priceProduct = text: null

2023-08-31 08:19:49 - [TEST_STEP][PASSED] - dataProduct = new java.util.HashMap(): null

2023-08-31 08:19:49 - [TEST_STEP][PASSED] - dataProduct.put("nameProduct", nameProduct): null

2023-08-31 08:19:49 - [TEST_STEP][PASSED] - dataProduct.put("descProduct", descProduct): null

2023-08-31 08:19:49 - [TEST_STEP][PASSED] - dataProduct.put("priceProduct", priceProduct): null

2023-08-31 08:19:49 - [TEST_STEP][PASSED] - click(findTestObject("Product/button add to cart backpack")): Object: 'Object Repository/Product/button add to cart backpack' is clicked on

2023-08-31 08:19:50 - [MESSAGE][PASSED] - Object: 'Object Repository/Product/button add to cart backpack' is clicked on

2023-08-31 08:19:50 - [TEST_STEP][PASSED] - verifyElementPresent(findTestObject("selector for verify/button remove item pos 1"), 5): Object 'Object Repository/selector for verify/button remove item pos 1' is present

2023-08-31 08:19:50 - [MESSAGE][PASSED] - Object 'Object Repository/selector for verify/button remove item pos 1' is present

2023-08-31 08:19:50 - [TEST_STEP][PASSED] - verifyElementPresent(findTestObject("selector for verify/verify jumlah item 1 (cart)"), 5): Object 'Object Repository/selector for verify/verify jumlah item 1 (cart)' is present

2023-08-31 08:19:51 - [MESSAGE][PASSED] - Object 'Object Repository/selector for verify/verify jumlah item 1 (cart)' is present

2023-08-31 08:19:51 - [TEST_STEP][PASSED] - return dataProduct: null

2023-08-31 08:19:51 - [MESSAGE][PASSED] - Call Test Case 'Test Cases/Product/TC-Product-AddCart-001' successfully

2023-08-31 08:19:51 - [TEST_STEP][PASSED] - nameProduct = text: null

2023-08-31 08:19:51 - [TEST_STEP][PASSED] - descProduct = text: null

2023-08-31 08:19:52 - [TEST_STEP][PASSED] - priceProduct = text: null

2023-08-31 08:19:53 - [TEST_STEP][PASSED] - nameProductList = new java.util.ArrayList(): null

2023-08-31 08:19:53 - [TEST_STEP][PASSED] - descProductList = new java.util.ArrayList(): null

2023-08-31 08:19:53 - [TEST_STEP][PASSED] - priceProductList = new java.util.ArrayList(): null

2023-08-31 08:19:53 - [TEST_STEP][PASSED] - nameProductList.add(itemProduct.get("nameProduct")): null

2023-08-31 08:19:53 - [TEST_STEP][PASSED] - nameProductList.add(nameProduct): null

2023-08-31 08:19:53 - [TEST_STEP][PASSED] - descProductList.add(itemProduct.get("descProduct")): null

2023-08-31 08:19:53 - [TEST_STEP][PASSED] - descProductList.add(descProduct): null

2023-08-31 08:19:53 - [TEST_STEP][PASSED] - priceProductList.add(itemProduct.get("priceProduct")): null

2023-08-31 08:19:53 - [TEST_STEP][PASSED] - priceProductList.add(priceProduct): null

2023-08-31 08:19:53 - [TEST_STEP][PASSED] - itemProduct.put("listNameProduct", nameProductList): null

2023-08-31 08:19:53 - [TEST_STEP][PASSED] - itemProduct.put("listDescProduct", descProductList): null

2023-08-31 08:19:53 - [TEST_STEP][PASSED] - itemProduct.put("listPriceProduct", priceProductList): null

2023-08-31 08:19:53 - [TEST_STEP][PASSED] - click(findTestObject("Product/button add to cart pos 2")): Object: 'Object Repository/Product/button add to cart pos 2' is clicked on

2023-08-31 08:19:53 - [MESSAGE][PASSED] - Object: 'Object Repository/Product/button add to cart pos 2' is clicked on

2023-08-31 08:19:53 - [TEST_STEP][PASSED] - verifyElementPresent(findTestObject("selector for verify/button remove item pos 2"), 5): Object 'Object Repository/selector for verify/button remove item pos 2' is present

2023-08-31 08:19:54 - [MESSAGE][PASSED] - Object 'Object Repository/selector for verify/button remove item pos 2' is present

2023-08-31 08:19:54 - [TEST_STEP][PASSED] - verifyElementPresent(findTestObject("selector for verify/verify jumlah item 2 (cart)"), 5): Object 'Object Repository/selector for verify/verify jumlah item 2 (cart)' is present

2023-08-31 08:19:54 - [MESSAGE][PASSED] - Object 'Object Repository/selector for verify/verify jumlah item 2 (cart)' is present

2023-08-31 08:19:54 - [TEST_STEP][PASSED] - return itemProduct: null

2023-08-31 08:19:54 - [MESSAGE][PASSED] - Call Test Case 'Test Cases/Product/TC-Product-AddCart-002' successfully

2023-08-31 08:19:54 - [TEST_STEP][PASSED] - click(findTestObject("Checkout/cart icon")): Object: 'Object Repository/Checkout/cart icon' is clicked on

2023-08-31 08:19:55 - [MESSAGE][PASSED] - Object: 'Object Repository/Checkout/cart icon' is clicked on

2023-08-31 08:19:55 - [TEST_STEP][PASSED] - verifyElementPresent(findTestObject("Checkout/span_Your Cart"), 5): Object 'Object Repository/Checkout/span_Your Cart' is present

2023-08-31 08:19:56 - [MESSAGE][PASSED] - Object 'Object Repository/Checkout/span_Your Cart' is present

2023-08-31 08:19:56 - [TEST_STEP][PASSED] - nameCart = findWebElements(findTestObject("Object Repository/selector for verify/cart item pos 1 name"), 5): null

2023-08-31 08:19:56 - [TEST_STEP][PASSED] - descCart = findWebElements(findTestObject("Object Repository/selector for verify/cart item pos 1 desc"), 5): null

2023-08-31 08:19:57 - [TEST_STEP][PASSED] - priceCart = findWebElements(findTestObject("Object Repository/selector for verify/cart item pos 1 price"), 5): null

2023-08-31 08:19:57 - [TEST_STEP][PASSED] - nameProduct = new java.util.ArrayList(): null

2023-08-31 08:19:57 - [TEST_STEP][PASSED] - descProduct = new java.util.ArrayList(): null

2023-08-31 08:19:57 - [TEST_STEP][PASSED] - priceProduct = new java.util.ArrayList(): null

2023-08-31 08:19:57 - [TEST_STEP][PASSED] - for ([i = 0, i < nameCart.size(), (i++)]): null

2023-08-31 08:19:57 - [TEST_STEP][PASSED] - tempNameCart = text: null

2023-08-31 08:19:57 - [TEST_STEP][PASSED] - tempDescCart = text: null

2023-08-31 08:19:57 - [TEST_STEP][PASSED] - tempPriceCart = text: null

2023-08-31 08:19:57 - [TEST_STEP][PASSED] - nameProduct.add(tempNameCart): null

2023-08-31 08:19:57 - [TEST_STEP][PASSED] - descProduct.add(tempDescCart): null

2023-08-31 08:19:57 - [TEST_STEP][PASSED] - priceProduct.add(tempPriceCart): null

2023-08-31 08:19:57 - [TEST_STEP][PASSED] - tempNameCart = text: null

2023-08-31 08:19:57 - [TEST_STEP][PASSED] - tempDescCart = text: null

2023-08-31 08:19:57 - [TEST_STEP][PASSED] - tempPriceCart = text: null

2023-08-31 08:19:57 - [TEST_STEP][PASSED] - nameProduct.add(tempNameCart): null

2023-08-31 08:19:57 - [TEST_STEP][PASSED] - descProduct.add(tempDescCart): null

2023-08-31 08:19:57 - [TEST_STEP][PASSED] - priceProduct.add(tempPriceCart): null

2023-08-31 08:19:57 - [TEST_STEP][PASSED] - assert itemProduct.get("listNameProduct") == nameProduct: null

2023-08-31 08:19:57 - [TEST_STEP][PASSED] - assert itemProduct.get("listDescProduct") == descProduct: null

2023-08-31 08:19:57 - [TEST_STEP][PASSED] - assert itemProduct.get("listPriceProduct") == priceProduct: null

2023-08-31 08:19:57 - [TEST_STEP][PASSED] - return itemProduct: null

2023-08-31 08:19:57 - [MESSAGE][PASSED] - Call Test Case 'Test Cases/Keranjang/TC-Cart-Show-003' successfully

2023-08-31 08:19:57 - [TEST_STEP][PASSED] - click(findTestObject("Checkout/button_Checkout")): Object: 'Object Repository/Checkout/button_Checkout' is clicked on

2023-08-31 08:19:58 - [MESSAGE][PASSED] - Object: 'Object Repository/Checkout/button_Checkout' is clicked on

2023-08-31 08:19:58 - [TEST_STEP][PASSED] - verifyElementPresent(findTestObject("Checkout/span_Checkout Your Information"), 5): Object 'Object Repository/Checkout/span_Checkout Your Information' is present

2023-08-31 08:19:59 - [MESSAGE][PASSED] - Object 'Object Repository/Checkout/span_Checkout Your Information' is present

2023-08-31 08:19:59 - [TEST_STEP][PASSED] - setText(findTestObject("Checkout/input_Checkout Your Information_firstName"), firstName): Text 'Joko' is set on object 'Object Repository/Checkout/input_Checkout Your Information_firstName'

2023-08-31 08:20:00 - [MESSAGE][PASSED] - Text 'Joko' is set on object 'Object Repository/Checkout/input_Checkout Your Information_firstName'

2023-08-31 08:20:00 - [TEST_STEP][PASSED] - setText(findTestObject("Checkout/input_Checkout Your Information_lastName"), lastName): Text 'Widodo' is set on object 'Object Repository/Checkout/input_Checkout Your Information_lastName'

2023-08-31 08:20:01 - [MESSAGE][PASSED] - Text 'Widodo' is set on object 'Object Repository/Checkout/input_Checkout Your Information_lastName'

2023-08-31 08:20:01 - [TEST_STEP][PASSED] - setText(findTestObject("Checkout/input_Checkout Your Information_postalCode"), postalCode): Text '12345' is set on object 'Object Repository/Checkout/input_Checkout Your Information_postalCode'

2023-08-31 08:20:02 - [MESSAGE][PASSED] - Text '12345' is set on object 'Object Repository/Checkout/input_Checkout Your Information_postalCode'

2023-08-31 08:20:02 - [TEST_STEP][PASSED] - click(findTestObject("Checkout/input_Cancel_continue")): Object: 'Object Repository/Checkout/input_Cancel_continue' is clicked on

2023-08-31 08:20:02 - [MESSAGE][PASSED] - Object: 'Object Repository/Checkout/input_Cancel_continue' is clicked on

2023-08-31 08:20:02 - [TEST_STEP][PASSED] - verifyElementPresent(findTestObject("Checkout/span_Checkout Overview"), 5): Object 'Object Repository/Checkout/span_Checkout Overview' is present

2023-08-31 08:20:03 - [MESSAGE][PASSED] - Object 'Object Repository/Checkout/span_Checkout Overview' is present

2023-08-31 08:20:03 - [TEST_STEP][PASSED] - cartName = findWebElements(findTestObject("Object Repository/Checkout/overview item pos 1 name"), 5): null

2023-08-31 08:20:03 - [TEST_STEP][PASSED] - cartDesc = findWebElements(findTestObject("Object Repository/Checkout/overview item pos 1 desc"), 5): null

2023-08-31 08:20:04 - [TEST_STEP][PASSED] - cartPrice = findWebElements(findTestObject("Object Repository/Checkout/overview item pos 1 price"), 5): null

2023-08-31 08:20:04 - [TEST_STEP][PASSED] - overviewItemTotal = text: null

2023-08-31 08:20:05 - [TEST_STEP][PASSED] - overviewTax = text: null

2023-08-31 08:20:05 - [TEST_STEP][PASSED] - overviewTotal = text: null

2023-08-31 08:20:05 - [TEST_STEP][PASSED] - arrOverviewItemTotal = overviewItemTotal.split("\$"): null

2023-08-31 08:20:05 - [TEST_STEP][PASSED] - arrOverviewTax = overviewTax.split("\$"): null

2023-08-31 08:20:05 - [TEST_STEP][PASSED] - arrOverviewTotal = overviewTotal.split("\$"): null

2023-08-31 08:20:05 - [TEST_STEP][PASSED] - productName = new java.util.ArrayList(): null

2023-08-31 08:20:05 - [TEST_STEP][PASSED] - productDesc = new java.util.ArrayList(): null

2023-08-31 08:20:05 - [TEST_STEP][PASSED] - productPrice = new java.util.ArrayList(): null

2023-08-31 08:20:05 - [TEST_STEP][PASSED] - df = new java.text.DecimalFormat(#.##): null

2023-08-31 08:20:05 - [TEST_STEP][PASSED] - totalHargaBarang = 0: null

2023-08-31 08:20:05 - [TEST_STEP][PASSED] - for ([i = 0, i < cartName.size(), (i++)]): null

2023-08-31 08:20:05 - [TEST_STEP][PASSED] - tempProductName = text: null

2023-08-31 08:20:05 - [TEST_STEP][PASSED] - tempProductDesc = text: null

2023-08-31 08:20:05 - [TEST_STEP][PASSED] - tempProductPrice = text: null

2023-08-31 08:20:05 - [TEST_STEP][PASSED] - productName.add(tempProductName): null

2023-08-31 08:20:05 - [TEST_STEP][PASSED] - productDesc.add(tempProductDesc): null

2023-08-31 08:20:05 - [TEST_STEP][PASSED] - productPrice.add(tempProductPrice): null

2023-08-31 08:20:05 - [TEST_STEP][PASSED] - totalHargaBarang += Double.parseDouble(text.replace("$", "")): null

2023-08-31 08:20:06 - [TEST_STEP][PASSED] - tempProductName = text: null

2023-08-31 08:20:06 - [TEST_STEP][PASSED] - tempProductDesc = text: null

2023-08-31 08:20:06 - [TEST_STEP][PASSED] - tempProductPrice = text: null

2023-08-31 08:20:06 - [TEST_STEP][PASSED] - productName.add(tempProductName): null

2023-08-31 08:20:06 - [TEST_STEP][PASSED] - productDesc.add(tempProductDesc): null

2023-08-31 08:20:06 - [TEST_STEP][PASSED] - productPrice.add(tempProductPrice): null

2023-08-31 08:20:06 - [TEST_STEP][PASSED] - totalHargaBarang += Double.parseDouble(text.replace("$", "")): null

2023-08-31 08:20:06 - [TEST_STEP][PASSED] - tax = Double.parseDouble(df.format(totalHargaBarang * 0.08)): null

2023-08-31 08:20:06 - [TEST_STEP][PASSED] - totals = Double.parseDouble(df.format(totalHargaBarang + tax)): null

2023-08-31 08:20:06 - [TEST_STEP][PASSED] - assert cartItems.get("listNameProduct") == productName: null

2023-08-31 08:20:06 - [TEST_STEP][PASSED] - assert cartItems.get("listDescProduct") == productDesc: null

2023-08-31 08:20:06 - [TEST_STEP][PASSED] - assert cartItems.get("listPriceProduct") == productPrice: null

2023-08-31 08:20:06 - [TEST_STEP][PASSED] - assert Double.parseDouble(arrOverviewItemTotal[1]) == totalHargaBarang: null

2023-08-31 08:20:06 - [TEST_STEP][PASSED] - assert Double.parseDouble(arrOverviewTax[1]) == tax: null

2023-08-31 08:20:06 - [TEST_STEP][PASSED] - assert Double.parseDouble(arrOverviewTotal[1]) == totals: null

2023-08-31 08:20:06 - [TEST_STEP][PASSED] - click(findTestObject("Checkout/button_Finish")): Object: 'Object Repository/Checkout/button_Finish' is clicked on

2023-08-31 08:20:06 - [MESSAGE][PASSED] - Object: 'Object Repository/Checkout/button_Finish' is clicked on

2023-08-31 08:20:06 - [TEST_STEP][PASSED] - verifyElementPresent(findTestObject("Object Repository/Checkout/span_Checkout Complete"), 5): Object 'Object Repository/Checkout/span_Checkout Complete' is present

2023-08-31 08:20:07 - [MESSAGE][PASSED] - Object 'Object Repository/Checkout/span_Checkout Complete' is present

2023-08-31 08:20:07 - [TEST_STEP][PASSED] - verifyElementPresent(findTestObject("Object Repository/Checkout/present thankyou for your order"), 5): Object 'Object Repository/Checkout/present thankyou for your order' is present

2023-08-31 08:20:07 - [MESSAGE][PASSED] - Object 'Object Repository/Checkout/present thankyou for your order' is present]]></system-out>
         <system-err><![CDATA[]]></system-err>
      </testcase>
      <testcase name="Test Cases/Checkout/TC-Checkout-Nav-001" time="25.25" classname="Test Cases/Checkout/TC-Checkout-Nav-001" status="PASSED">
         <system-out><![CDATA[2023-08-31 08:20:07 - [TEST_CASE][PASSED] - Test Cases/Checkout/TC-Checkout-Nav-001: Test Cases/Checkout/TC-Checkout-Nav-001

2023-08-31 08:20:09 - [TEST_STEP][PASSED] - callTestCase(findTestCase("Keranjang/TC-Cart-Show-002"), [:], STOP_ON_FAILURE): Call Test Case 'Test Cases/Keranjang/TC-Cart-Show-002' successfully

2023-08-31 08:20:09 - [TEST_CASE][PASSED] - Test Cases/Keranjang/TC-Cart-Show-002: Test Cases/Keranjang/TC-Cart-Show-002

2023-08-31 08:20:09 - [TEST_STEP][PASSED] - productPage = callTestCase(findTestCase("Product/TC-Product-AddCart-001"), [:], STOP_ON_FAILURE): Call Test Case 'Test Cases/Product/TC-Product-AddCart-001' successfully

2023-08-31 08:20:09 - [TEST_CASE][PASSED] - Test Cases/Product/TC-Product-AddCart-001: Test Cases/Product/TC-Product-AddCart-001

2023-08-31 08:20:09 - [TEST_STEP][PASSED] - callTestCase(findTestCase("Product/TC-Product-Show-001"), [:], STOP_ON_FAILURE): Call Test Case 'Test Cases/Product/TC-Product-Show-001' successfully

2023-08-31 08:20:09 - [TEST_CASE][PASSED] - Test Cases/Product/TC-Product-Show-001: Test Cases/Product/TC-Product-Show-001

2023-08-31 08:20:09 - [TEST_STEP][PASSED] - callTestCase(findTestCase("Login/TC-Login-Success-001"), ["username":"standard_user", "password":"qcu24s4901FyWDTwXGr6XA=="], STOP_ON_FAILURE): Call Test Case 'Test Cases/Login/TC-Login-Success-001' successfully

2023-08-31 08:20:09 - [TEST_CASE][PASSED] - Test Cases/Login/TC-Login-Success-001: Test Cases/Login/TC-Login-Success-001

2023-08-31 08:20:09 - [TEST_STEP][PASSED] - openBrowser(webSauceDemo): Browser is opened with url: 'https://www.saucedemo.com/'

2023-08-31 08:20:09 - [MESSAGE][WARNING] - A browser is already opened. Closing browser and opening a new one

2023-08-31 08:20:10 - [MESSAGE][INFO] - Starting 'Edge Chromium' driver

2023-08-31 08:20:13 - [MESSAGE][INFO] - Action delay is set to 0 milliseconds

2023-08-31 08:20:16 - [MESSAGE][PASSED] - Browser is opened with url: 'https://www.saucedemo.com/'

2023-08-31 08:20:16 - [TEST_STEP][PASSED] - verifyElementPresent(findTestObject("Login Page Object/Swag Labs Text (tanda masuk home)"), 5): Object 'Object Repository/Login Page Object/Swag Labs Text (tanda masuk home)' is present

2023-08-31 08:20:17 - [MESSAGE][PASSED] - Object 'Object Repository/Login Page Object/Swag Labs Text (tanda masuk home)' is present

2023-08-31 08:20:17 - [TEST_STEP][PASSED] - setText(findTestObject("Login Page Object/username login"), username): Text 'standard_user' is set on object 'Object Repository/Login Page Object/username login'

2023-08-31 08:20:18 - [MESSAGE][PASSED] - Text 'standard_user' is set on object 'Object Repository/Login Page Object/username login'

2023-08-31 08:20:18 - [TEST_STEP][PASSED] - setEncryptedText(findTestObject("Login Page Object/password login"), password): Text ****** has been set on object 'Object Repository/Login Page Object/password login'

2023-08-31 08:20:19 - [MESSAGE][PASSED] - Text ****** has been set on object 'Object Repository/Login Page Object/password login'

2023-08-31 08:20:19 - [TEST_STEP][PASSED] - click(findTestObject("Login Page Object/button login")): Object: 'Object Repository/Login Page Object/button login' is clicked on

2023-08-31 08:20:20 - [MESSAGE][PASSED] - Object: 'Object Repository/Login Page Object/button login' is clicked on

2023-08-31 08:20:20 - [TEST_STEP][PASSED] - verifyElementPresent(findTestObject("Product/span_Products"), 5): Object 'Object Repository/Product/span_Products' is present

2023-08-31 08:20:21 - [MESSAGE][PASSED] - Object 'Object Repository/Product/span_Products' is present

2023-08-31 08:20:21 - [MESSAGE][PASSED] - Call Test Case 'Test Cases/Login/TC-Login-Success-001' successfully

2023-08-31 08:20:21 - [MESSAGE][PASSED] - Call Test Case 'Test Cases/Product/TC-Product-Show-001' successfully

2023-08-31 08:20:21 - [TEST_STEP][PASSED] - nameProduct = text: null

2023-08-31 08:20:22 - [TEST_STEP][PASSED] - descProduct = text: null

2023-08-31 08:20:22 - [TEST_STEP][PASSED] - priceProduct = text: null

2023-08-31 08:20:23 - [TEST_STEP][PASSED] - dataProduct = new java.util.HashMap(): null

2023-08-31 08:20:23 - [TEST_STEP][PASSED] - dataProduct.put("nameProduct", nameProduct): null

2023-08-31 08:20:23 - [TEST_STEP][PASSED] - dataProduct.put("descProduct", descProduct): null

2023-08-31 08:20:23 - [TEST_STEP][PASSED] - dataProduct.put("priceProduct", priceProduct): null

2023-08-31 08:20:23 - [TEST_STEP][PASSED] - click(findTestObject("Product/button add to cart backpack")): Object: 'Object Repository/Product/button add to cart backpack' is clicked on

2023-08-31 08:20:23 - [MESSAGE][PASSED] - Object: 'Object Repository/Product/button add to cart backpack' is clicked on

2023-08-31 08:20:23 - [TEST_STEP][PASSED] - verifyElementPresent(findTestObject("selector for verify/button remove item pos 1"), 5): Object 'Object Repository/selector for verify/button remove item pos 1' is present

2023-08-31 08:20:24 - [MESSAGE][PASSED] - Object 'Object Repository/selector for verify/button remove item pos 1' is present

2023-08-31 08:20:24 - [TEST_STEP][PASSED] - verifyElementPresent(findTestObject("selector for verify/verify jumlah item 1 (cart)"), 5): Object 'Object Repository/selector for verify/verify jumlah item 1 (cart)' is present

2023-08-31 08:20:24 - [MESSAGE][PASSED] - Object 'Object Repository/selector for verify/verify jumlah item 1 (cart)' is present

2023-08-31 08:20:24 - [TEST_STEP][PASSED] - return dataProduct: null

2023-08-31 08:20:24 - [MESSAGE][PASSED] - Call Test Case 'Test Cases/Product/TC-Product-AddCart-001' successfully

2023-08-31 08:20:24 - [TEST_STEP][PASSED] - click(findTestObject("Checkout/cart icon")): Object: 'Object Repository/Checkout/cart icon' is clicked on

2023-08-31 08:20:25 - [MESSAGE][PASSED] - Object: 'Object Repository/Checkout/cart icon' is clicked on

2023-08-31 08:20:25 - [TEST_STEP][PASSED] - verifyElementPresent(findTestObject("Checkout/span_Your Cart"), 5): Object 'Object Repository/Checkout/span_Your Cart' is present

2023-08-31 08:20:25 - [MESSAGE][PASSED] - Object 'Object Repository/Checkout/span_Your Cart' is present

2023-08-31 08:20:25 - [TEST_STEP][PASSED] - nameCart = text: null

2023-08-31 08:20:26 - [TEST_STEP][PASSED] - descCart = text: null

2023-08-31 08:20:26 - [TEST_STEP][PASSED] - priceCart = text: null

2023-08-31 08:20:27 - [TEST_STEP][PASSED] - productPage.put("nameCart", nameCart): null

2023-08-31 08:20:27 - [TEST_STEP][PASSED] - productPage.put("descCart", descCart): null

2023-08-31 08:20:27 - [TEST_STEP][PASSED] - productPage.put("priceCart", priceCart): null

2023-08-31 08:20:27 - [TEST_STEP][PASSED] - assert productPage.get("nameProduct") == nameCart: null

2023-08-31 08:20:27 - [TEST_STEP][PASSED] - assert productPage.get("priceProduct") == priceCart: null

2023-08-31 08:20:27 - [TEST_STEP][PASSED] - assert productPage.get("descProduct") == descCart: null

2023-08-31 08:20:27 - [TEST_STEP][PASSED] - return productPage: null

2023-08-31 08:20:27 - [MESSAGE][PASSED] - Call Test Case 'Test Cases/Keranjang/TC-Cart-Show-002' successfully

2023-08-31 08:20:27 - [TEST_STEP][PASSED] - click(findTestObject("Checkout/button_Checkout")): Object: 'Object Repository/Checkout/button_Checkout' is clicked on

2023-08-31 08:20:27 - [MESSAGE][PASSED] - Object: 'Object Repository/Checkout/button_Checkout' is clicked on

2023-08-31 08:20:27 - [TEST_STEP][PASSED] - verifyElementPresent(findTestObject("Checkout/span_Checkout Your Information"), 5): Object 'Object Repository/Checkout/span_Checkout Your Information' is present

2023-08-31 08:20:28 - [MESSAGE][PASSED] - Object 'Object Repository/Checkout/span_Checkout Your Information' is present

2023-08-31 08:20:28 - [TEST_STEP][PASSED] - setText(findTestObject("Checkout/input_Checkout Your Information_firstName"), firstName): Text 'rida' is set on object 'Object Repository/Checkout/input_Checkout Your Information_firstName'

2023-08-31 08:20:29 - [MESSAGE][PASSED] - Text 'rida' is set on object 'Object Repository/Checkout/input_Checkout Your Information_firstName'

2023-08-31 08:20:29 - [TEST_STEP][PASSED] - setText(findTestObject("Checkout/input_Checkout Your Information_lastName"), lastName): Text 'aridaini' is set on object 'Object Repository/Checkout/input_Checkout Your Information_lastName'

2023-08-31 08:20:30 - [MESSAGE][PASSED] - Text 'aridaini' is set on object 'Object Repository/Checkout/input_Checkout Your Information_lastName'

2023-08-31 08:20:30 - [TEST_STEP][PASSED] - setText(findTestObject("Checkout/input_Checkout Your Information_postalCode"), postalCode): Text '1018' is set on object 'Object Repository/Checkout/input_Checkout Your Information_postalCode'

2023-08-31 08:20:31 - [MESSAGE][PASSED] - Text '1018' is set on object 'Object Repository/Checkout/input_Checkout Your Information_postalCode'

2023-08-31 08:20:31 - [TEST_STEP][PASSED] - click(findTestObject("Checkout/input_Cancel_continue")): Object: 'Object Repository/Checkout/input_Cancel_continue' is clicked on

2023-08-31 08:20:31 - [MESSAGE][PASSED] - Object: 'Object Repository/Checkout/input_Cancel_continue' is clicked on

2023-08-31 08:20:31 - [TEST_STEP][PASSED] - verifyElementPresent(findTestObject("Checkout/span_Checkout Overview"), 5): Object 'Object Repository/Checkout/span_Checkout Overview' is present

2023-08-31 08:20:32 - [MESSAGE][PASSED] - Object 'Object Repository/Checkout/span_Checkout Overview' is present

2023-08-31 08:20:32 - [TEST_STEP][PASSED] - click(findTestObject("Checkout/button_Cancel")): Object: 'Object Repository/Checkout/button_Cancel' is clicked on

2023-08-31 08:20:32 - [MESSAGE][PASSED] - Object: 'Object Repository/Checkout/button_Cancel' is clicked on

2023-08-31 08:20:32 - [TEST_STEP][PASSED] - verifyElementPresent(findTestObject("Product/span_Products"), 5): Object 'Object Repository/Product/span_Products' is present

2023-08-31 08:20:33 - [MESSAGE][PASSED] - Object 'Object Repository/Product/span_Products' is present]]></system-out>
         <system-err><![CDATA[]]></system-err>
      </testcase>
      <testcase name="Test Cases/Checkout/TC-Checkout-Error-001" time="25.581" classname="Test Cases/Checkout/TC-Checkout-Error-001" status="PASSED">
         <system-out><![CDATA[2023-08-31 08:20:33 - [TEST_CASE][PASSED] - Test Cases/Checkout/TC-Checkout-Error-001: Test Cases/Checkout/TC-Checkout-Error-001

2023-08-31 08:20:34 - [TEST_STEP][PASSED] - callTestCase(findTestCase("Keranjang/TC-Cart-Show-002"), [:], STOP_ON_FAILURE): Call Test Case 'Test Cases/Keranjang/TC-Cart-Show-002' successfully

2023-08-31 08:20:34 - [TEST_CASE][PASSED] - Test Cases/Keranjang/TC-Cart-Show-002: Test Cases/Keranjang/TC-Cart-Show-002

2023-08-31 08:20:34 - [TEST_STEP][PASSED] - productPage = callTestCase(findTestCase("Product/TC-Product-AddCart-001"), [:], STOP_ON_FAILURE): Call Test Case 'Test Cases/Product/TC-Product-AddCart-001' successfully

2023-08-31 08:20:34 - [TEST_CASE][PASSED] - Test Cases/Product/TC-Product-AddCart-001: Test Cases/Product/TC-Product-AddCart-001

2023-08-31 08:20:34 - [TEST_STEP][PASSED] - callTestCase(findTestCase("Product/TC-Product-Show-001"), [:], STOP_ON_FAILURE): Call Test Case 'Test Cases/Product/TC-Product-Show-001' successfully

2023-08-31 08:20:34 - [TEST_CASE][PASSED] - Test Cases/Product/TC-Product-Show-001: Test Cases/Product/TC-Product-Show-001

2023-08-31 08:20:34 - [TEST_STEP][PASSED] - callTestCase(findTestCase("Login/TC-Login-Success-001"), ["username":"standard_user", "password":"qcu24s4901FyWDTwXGr6XA=="], STOP_ON_FAILURE): Call Test Case 'Test Cases/Login/TC-Login-Success-001' successfully

2023-08-31 08:20:34 - [TEST_CASE][PASSED] - Test Cases/Login/TC-Login-Success-001: Test Cases/Login/TC-Login-Success-001

2023-08-31 08:20:34 - [TEST_STEP][PASSED] - openBrowser(webSauceDemo): Browser is opened with url: 'https://www.saucedemo.com/'

2023-08-31 08:20:34 - [MESSAGE][WARNING] - A browser is already opened. Closing browser and opening a new one

2023-08-31 08:20:35 - [MESSAGE][INFO] - Starting 'Edge Chromium' driver

2023-08-31 08:20:37 - [MESSAGE][INFO] - Action delay is set to 0 milliseconds

2023-08-31 08:20:44 - [MESSAGE][PASSED] - Browser is opened with url: 'https://www.saucedemo.com/'

2023-08-31 08:20:44 - [TEST_STEP][PASSED] - verifyElementPresent(findTestObject("Login Page Object/Swag Labs Text (tanda masuk home)"), 5): Object 'Object Repository/Login Page Object/Swag Labs Text (tanda masuk home)' is present

2023-08-31 08:20:44 - [MESSAGE][PASSED] - Object 'Object Repository/Login Page Object/Swag Labs Text (tanda masuk home)' is present

2023-08-31 08:20:44 - [TEST_STEP][PASSED] - setText(findTestObject("Login Page Object/username login"), username): Text 'standard_user' is set on object 'Object Repository/Login Page Object/username login'

2023-08-31 08:20:46 - [MESSAGE][PASSED] - Text 'standard_user' is set on object 'Object Repository/Login Page Object/username login'

2023-08-31 08:20:46 - [TEST_STEP][PASSED] - setEncryptedText(findTestObject("Login Page Object/password login"), password): Text ****** has been set on object 'Object Repository/Login Page Object/password login'

2023-08-31 08:20:47 - [MESSAGE][PASSED] - Text ****** has been set on object 'Object Repository/Login Page Object/password login'

2023-08-31 08:20:47 - [TEST_STEP][PASSED] - click(findTestObject("Login Page Object/button login")): Object: 'Object Repository/Login Page Object/button login' is clicked on

2023-08-31 08:20:47 - [MESSAGE][PASSED] - Object: 'Object Repository/Login Page Object/button login' is clicked on

2023-08-31 08:20:47 - [TEST_STEP][PASSED] - verifyElementPresent(findTestObject("Product/span_Products"), 5): Object 'Object Repository/Product/span_Products' is present

2023-08-31 08:20:48 - [MESSAGE][PASSED] - Object 'Object Repository/Product/span_Products' is present

2023-08-31 08:20:48 - [MESSAGE][PASSED] - Call Test Case 'Test Cases/Login/TC-Login-Success-001' successfully

2023-08-31 08:20:48 - [MESSAGE][PASSED] - Call Test Case 'Test Cases/Product/TC-Product-Show-001' successfully

2023-08-31 08:20:48 - [TEST_STEP][PASSED] - nameProduct = text: null

2023-08-31 08:20:49 - [TEST_STEP][PASSED] - descProduct = text: null

2023-08-31 08:20:50 - [TEST_STEP][PASSED] - priceProduct = text: null

2023-08-31 08:20:50 - [TEST_STEP][PASSED] - dataProduct = new java.util.HashMap(): null

2023-08-31 08:20:50 - [TEST_STEP][PASSED] - dataProduct.put("nameProduct", nameProduct): null

2023-08-31 08:20:50 - [TEST_STEP][PASSED] - dataProduct.put("descProduct", descProduct): null

2023-08-31 08:20:50 - [TEST_STEP][PASSED] - dataProduct.put("priceProduct", priceProduct): null

2023-08-31 08:20:50 - [TEST_STEP][PASSED] - click(findTestObject("Product/button add to cart backpack")): Object: 'Object Repository/Product/button add to cart backpack' is clicked on

2023-08-31 08:20:51 - [MESSAGE][PASSED] - Object: 'Object Repository/Product/button add to cart backpack' is clicked on

2023-08-31 08:20:51 - [TEST_STEP][PASSED] - verifyElementPresent(findTestObject("selector for verify/button remove item pos 1"), 5): Object 'Object Repository/selector for verify/button remove item pos 1' is present

2023-08-31 08:20:51 - [MESSAGE][PASSED] - Object 'Object Repository/selector for verify/button remove item pos 1' is present

2023-08-31 08:20:51 - [TEST_STEP][PASSED] - verifyElementPresent(findTestObject("selector for verify/verify jumlah item 1 (cart)"), 5): Object 'Object Repository/selector for verify/verify jumlah item 1 (cart)' is present

2023-08-31 08:20:52 - [MESSAGE][PASSED] - Object 'Object Repository/selector for verify/verify jumlah item 1 (cart)' is present

2023-08-31 08:20:52 - [TEST_STEP][PASSED] - return dataProduct: null

2023-08-31 08:20:52 - [MESSAGE][PASSED] - Call Test Case 'Test Cases/Product/TC-Product-AddCart-001' successfully

2023-08-31 08:20:52 - [TEST_STEP][PASSED] - click(findTestObject("Checkout/cart icon")): Object: 'Object Repository/Checkout/cart icon' is clicked on

2023-08-31 08:20:52 - [MESSAGE][PASSED] - Object: 'Object Repository/Checkout/cart icon' is clicked on

2023-08-31 08:20:52 - [TEST_STEP][PASSED] - verifyElementPresent(findTestObject("Checkout/span_Your Cart"), 5): Object 'Object Repository/Checkout/span_Your Cart' is present

2023-08-31 08:20:53 - [MESSAGE][PASSED] - Object 'Object Repository/Checkout/span_Your Cart' is present

2023-08-31 08:20:53 - [TEST_STEP][PASSED] - nameCart = text: null

2023-08-31 08:20:53 - [TEST_STEP][PASSED] - descCart = text: null

2023-08-31 08:20:54 - [TEST_STEP][PASSED] - priceCart = text: null

2023-08-31 08:20:54 - [TEST_STEP][PASSED] - productPage.put("nameCart", nameCart): null

2023-08-31 08:20:54 - [TEST_STEP][PASSED] - productPage.put("descCart", descCart): null

2023-08-31 08:20:54 - [TEST_STEP][PASSED] - productPage.put("priceCart", priceCart): null

2023-08-31 08:20:54 - [TEST_STEP][PASSED] - assert productPage.get("nameProduct") == nameCart: null

2023-08-31 08:20:54 - [TEST_STEP][PASSED] - assert productPage.get("priceProduct") == priceCart: null

2023-08-31 08:20:54 - [TEST_STEP][PASSED] - assert productPage.get("descProduct") == descCart: null

2023-08-31 08:20:54 - [TEST_STEP][PASSED] - return productPage: null

2023-08-31 08:20:54 - [MESSAGE][PASSED] - Call Test Case 'Test Cases/Keranjang/TC-Cart-Show-002' successfully

2023-08-31 08:20:54 - [TEST_STEP][PASSED] - click(findTestObject("Checkout/button_Checkout")): Object: 'Object Repository/Checkout/button_Checkout' is clicked on

2023-08-31 08:20:55 - [MESSAGE][PASSED] - Object: 'Object Repository/Checkout/button_Checkout' is clicked on

2023-08-31 08:20:55 - [TEST_STEP][PASSED] - verifyElementPresent(findTestObject("Checkout/span_Checkout Your Information"), 5): Object 'Object Repository/Checkout/span_Checkout Your Information' is present

2023-08-31 08:20:55 - [MESSAGE][PASSED] - Object 'Object Repository/Checkout/span_Checkout Your Information' is present

2023-08-31 08:20:55 - [TEST_STEP][PASSED] - setText(findTestObject("Checkout/input_Checkout Your Information_lastName"), lastName): Text 'Alvian' is set on object 'Object Repository/Checkout/input_Checkout Your Information_lastName'

2023-08-31 08:20:56 - [MESSAGE][PASSED] - Text 'Alvian' is set on object 'Object Repository/Checkout/input_Checkout Your Information_lastName'

2023-08-31 08:20:56 - [TEST_STEP][PASSED] - setText(findTestObject("Checkout/input_Checkout Your Information_postalCode"), postalCode): Text '34192' is set on object 'Object Repository/Checkout/input_Checkout Your Information_postalCode'

2023-08-31 08:20:57 - [MESSAGE][PASSED] - Text '34192' is set on object 'Object Repository/Checkout/input_Checkout Your Information_postalCode'

2023-08-31 08:20:57 - [TEST_STEP][PASSED] - click(findTestObject("Checkout/input_Cancel_continue")): Object: 'Object Repository/Checkout/input_Cancel_continue' is clicked on

2023-08-31 08:20:58 - [MESSAGE][PASSED] - Object: 'Object Repository/Checkout/input_Cancel_continue' is clicked on

2023-08-31 08:20:58 - [TEST_STEP][PASSED] - verifyElementPresent(findTestObject("Error message/Overview/Error First Name is required"), 5): Object 'Object Repository/Error message/Overview/Error First Name is required' is present

2023-08-31 08:20:58 - [MESSAGE][PASSED] - Object 'Object Repository/Error message/Overview/Error First Name is required' is present]]></system-out>
         <system-err><![CDATA[]]></system-err>
      </testcase>
      <testcase name="Test Cases/Checkout/TC-Checkout-Error-002" time="22.876" classname="Test Cases/Checkout/TC-Checkout-Error-002" status="PASSED">
         <system-out><![CDATA[2023-08-31 08:20:58 - [TEST_CASE][PASSED] - Test Cases/Checkout/TC-Checkout-Error-002: Test Cases/Checkout/TC-Checkout-Error-002

2023-08-31 08:20:59 - [TEST_STEP][PASSED] - callTestCase(findTestCase("Keranjang/TC-Cart-Show-002"), [:], STOP_ON_FAILURE): Call Test Case 'Test Cases/Keranjang/TC-Cart-Show-002' successfully

2023-08-31 08:20:59 - [TEST_CASE][PASSED] - Test Cases/Keranjang/TC-Cart-Show-002: Test Cases/Keranjang/TC-Cart-Show-002

2023-08-31 08:20:59 - [TEST_STEP][PASSED] - productPage = callTestCase(findTestCase("Product/TC-Product-AddCart-001"), [:], STOP_ON_FAILURE): Call Test Case 'Test Cases/Product/TC-Product-AddCart-001' successfully

2023-08-31 08:20:59 - [TEST_CASE][PASSED] - Test Cases/Product/TC-Product-AddCart-001: Test Cases/Product/TC-Product-AddCart-001

2023-08-31 08:20:59 - [TEST_STEP][PASSED] - callTestCase(findTestCase("Product/TC-Product-Show-001"), [:], STOP_ON_FAILURE): Call Test Case 'Test Cases/Product/TC-Product-Show-001' successfully

2023-08-31 08:20:59 - [TEST_CASE][PASSED] - Test Cases/Product/TC-Product-Show-001: Test Cases/Product/TC-Product-Show-001

2023-08-31 08:20:59 - [TEST_STEP][PASSED] - callTestCase(findTestCase("Login/TC-Login-Success-001"), ["username":"standard_user", "password":"qcu24s4901FyWDTwXGr6XA=="], STOP_ON_FAILURE): Call Test Case 'Test Cases/Login/TC-Login-Success-001' successfully

2023-08-31 08:21:00 - [TEST_CASE][PASSED] - Test Cases/Login/TC-Login-Success-001: Test Cases/Login/TC-Login-Success-001

2023-08-31 08:21:00 - [TEST_STEP][PASSED] - openBrowser(webSauceDemo): Browser is opened with url: 'https://www.saucedemo.com/'

2023-08-31 08:21:00 - [MESSAGE][WARNING] - A browser is already opened. Closing browser and opening a new one

2023-08-31 08:21:01 - [MESSAGE][INFO] - Starting 'Edge Chromium' driver

2023-08-31 08:21:03 - [MESSAGE][INFO] - Action delay is set to 0 milliseconds

2023-08-31 08:21:07 - [MESSAGE][PASSED] - Browser is opened with url: 'https://www.saucedemo.com/'

2023-08-31 08:21:07 - [TEST_STEP][PASSED] - verifyElementPresent(findTestObject("Login Page Object/Swag Labs Text (tanda masuk home)"), 5): Object 'Object Repository/Login Page Object/Swag Labs Text (tanda masuk home)' is present

2023-08-31 08:21:08 - [MESSAGE][PASSED] - Object 'Object Repository/Login Page Object/Swag Labs Text (tanda masuk home)' is present

2023-08-31 08:21:08 - [TEST_STEP][PASSED] - setText(findTestObject("Login Page Object/username login"), username): Text 'standard_user' is set on object 'Object Repository/Login Page Object/username login'

2023-08-31 08:21:09 - [MESSAGE][PASSED] - Text 'standard_user' is set on object 'Object Repository/Login Page Object/username login'

2023-08-31 08:21:09 - [TEST_STEP][PASSED] - setEncryptedText(findTestObject("Login Page Object/password login"), password): Text ****** has been set on object 'Object Repository/Login Page Object/password login'

2023-08-31 08:21:10 - [MESSAGE][PASSED] - Text ****** has been set on object 'Object Repository/Login Page Object/password login'

2023-08-31 08:21:10 - [TEST_STEP][PASSED] - click(findTestObject("Login Page Object/button login")): Object: 'Object Repository/Login Page Object/button login' is clicked on

2023-08-31 08:21:11 - [MESSAGE][PASSED] - Object: 'Object Repository/Login Page Object/button login' is clicked on

2023-08-31 08:21:11 - [TEST_STEP][PASSED] - verifyElementPresent(findTestObject("Product/span_Products"), 5): Object 'Object Repository/Product/span_Products' is present

2023-08-31 08:21:12 - [MESSAGE][PASSED] - Object 'Object Repository/Product/span_Products' is present

2023-08-31 08:21:12 - [MESSAGE][PASSED] - Call Test Case 'Test Cases/Login/TC-Login-Success-001' successfully

2023-08-31 08:21:12 - [MESSAGE][PASSED] - Call Test Case 'Test Cases/Product/TC-Product-Show-001' successfully

2023-08-31 08:21:12 - [TEST_STEP][PASSED] - nameProduct = text: null

2023-08-31 08:21:13 - [TEST_STEP][PASSED] - descProduct = text: null

2023-08-31 08:21:13 - [TEST_STEP][PASSED] - priceProduct = text: null

2023-08-31 08:21:13 - [TEST_STEP][PASSED] - dataProduct = new java.util.HashMap(): null

2023-08-31 08:21:13 - [TEST_STEP][PASSED] - dataProduct.put("nameProduct", nameProduct): null

2023-08-31 08:21:13 - [TEST_STEP][PASSED] - dataProduct.put("descProduct", descProduct): null

2023-08-31 08:21:13 - [TEST_STEP][PASSED] - dataProduct.put("priceProduct", priceProduct): null

2023-08-31 08:21:13 - [TEST_STEP][PASSED] - click(findTestObject("Product/button add to cart backpack")): Object: 'Object Repository/Product/button add to cart backpack' is clicked on

2023-08-31 08:21:14 - [MESSAGE][PASSED] - Object: 'Object Repository/Product/button add to cart backpack' is clicked on

2023-08-31 08:21:14 - [TEST_STEP][PASSED] - verifyElementPresent(findTestObject("selector for verify/button remove item pos 1"), 5): Object 'Object Repository/selector for verify/button remove item pos 1' is present

2023-08-31 08:21:15 - [MESSAGE][PASSED] - Object 'Object Repository/selector for verify/button remove item pos 1' is present

2023-08-31 08:21:15 - [TEST_STEP][PASSED] - verifyElementPresent(findTestObject("selector for verify/verify jumlah item 1 (cart)"), 5): Object 'Object Repository/selector for verify/verify jumlah item 1 (cart)' is present

2023-08-31 08:21:15 - [MESSAGE][PASSED] - Object 'Object Repository/selector for verify/verify jumlah item 1 (cart)' is present

2023-08-31 08:21:15 - [TEST_STEP][PASSED] - return dataProduct: null

2023-08-31 08:21:15 - [MESSAGE][PASSED] - Call Test Case 'Test Cases/Product/TC-Product-AddCart-001' successfully

2023-08-31 08:21:15 - [TEST_STEP][PASSED] - click(findTestObject("Checkout/cart icon")): Object: 'Object Repository/Checkout/cart icon' is clicked on

2023-08-31 08:21:16 - [MESSAGE][PASSED] - Object: 'Object Repository/Checkout/cart icon' is clicked on

2023-08-31 08:21:16 - [TEST_STEP][PASSED] - verifyElementPresent(findTestObject("Checkout/span_Your Cart"), 5): Object 'Object Repository/Checkout/span_Your Cart' is present

2023-08-31 08:21:16 - [MESSAGE][PASSED] - Object 'Object Repository/Checkout/span_Your Cart' is present

2023-08-31 08:21:16 - [TEST_STEP][PASSED] - nameCart = text: null

2023-08-31 08:21:17 - [TEST_STEP][PASSED] - descCart = text: null

2023-08-31 08:21:17 - [TEST_STEP][PASSED] - priceCart = text: null

2023-08-31 08:21:18 - [TEST_STEP][PASSED] - productPage.put("nameCart", nameCart): null

2023-08-31 08:21:18 - [TEST_STEP][PASSED] - productPage.put("descCart", descCart): null

2023-08-31 08:21:18 - [TEST_STEP][PASSED] - productPage.put("priceCart", priceCart): null

2023-08-31 08:21:18 - [TEST_STEP][PASSED] - assert productPage.get("nameProduct") == nameCart: null

2023-08-31 08:21:18 - [TEST_STEP][PASSED] - assert productPage.get("priceProduct") == priceCart: null

2023-08-31 08:21:18 - [TEST_STEP][PASSED] - assert productPage.get("descProduct") == descCart: null

2023-08-31 08:21:18 - [TEST_STEP][PASSED] - return productPage: null

2023-08-31 08:21:18 - [MESSAGE][PASSED] - Call Test Case 'Test Cases/Keranjang/TC-Cart-Show-002' successfully

2023-08-31 08:21:18 - [TEST_STEP][PASSED] - click(findTestObject("Checkout/button_Checkout")): Object: 'Object Repository/Checkout/button_Checkout' is clicked on

2023-08-31 08:21:18 - [MESSAGE][PASSED] - Object: 'Object Repository/Checkout/button_Checkout' is clicked on

2023-08-31 08:21:18 - [TEST_STEP][PASSED] - setText(findTestObject("Checkout/input_Checkout Your Information_firstName"), firstName): Text 'Joko' is set on object 'Object Repository/Checkout/input_Checkout Your Information_firstName'

2023-08-31 08:21:19 - [MESSAGE][PASSED] - Text 'Joko' is set on object 'Object Repository/Checkout/input_Checkout Your Information_firstName'

2023-08-31 08:21:19 - [TEST_STEP][PASSED] - setText(findTestObject("Checkout/input_Checkout Your Information_postalCode"), postalCode): Text '12345' is set on object 'Object Repository/Checkout/input_Checkout Your Information_postalCode'

2023-08-31 08:21:20 - [MESSAGE][PASSED] - Text '12345' is set on object 'Object Repository/Checkout/input_Checkout Your Information_postalCode'

2023-08-31 08:21:20 - [TEST_STEP][PASSED] - click(findTestObject("Checkout/input_Cancel_continue")): Object: 'Object Repository/Checkout/input_Cancel_continue' is clicked on

2023-08-31 08:21:21 - [MESSAGE][PASSED] - Object: 'Object Repository/Checkout/input_Cancel_continue' is clicked on

2023-08-31 08:21:21 - [TEST_STEP][PASSED] - verifyElementPresent(findTestObject("Error message/Overview/Error Last Name is required"), 5): Object 'Object Repository/Error message/Overview/Error Last Name is required' is present

2023-08-31 08:21:21 - [MESSAGE][PASSED] - Object 'Object Repository/Error message/Overview/Error Last Name is required' is present]]></system-out>
         <system-err><![CDATA[]]></system-err>
      </testcase>
      <testcase name="Test Cases/Checkout/TC-Checkout-Error-003" time="24.742" classname="Test Cases/Checkout/TC-Checkout-Error-003" status="PASSED">
         <system-out><![CDATA[2023-08-31 08:21:21 - [TEST_CASE][PASSED] - Test Cases/Checkout/TC-Checkout-Error-003: Test Cases/Checkout/TC-Checkout-Error-003

2023-08-31 08:21:22 - [TEST_STEP][PASSED] - callTestCase(findTestCase("Keranjang/TC-Cart-Show-002"), [:], STOP_ON_FAILURE): Call Test Case 'Test Cases/Keranjang/TC-Cart-Show-002' successfully

2023-08-31 08:21:22 - [TEST_CASE][PASSED] - Test Cases/Keranjang/TC-Cart-Show-002: Test Cases/Keranjang/TC-Cart-Show-002

2023-08-31 08:21:22 - [TEST_STEP][PASSED] - productPage = callTestCase(findTestCase("Product/TC-Product-AddCart-001"), [:], STOP_ON_FAILURE): Call Test Case 'Test Cases/Product/TC-Product-AddCart-001' successfully

2023-08-31 08:21:22 - [TEST_CASE][PASSED] - Test Cases/Product/TC-Product-AddCart-001: Test Cases/Product/TC-Product-AddCart-001

2023-08-31 08:21:22 - [TEST_STEP][PASSED] - callTestCase(findTestCase("Product/TC-Product-Show-001"), [:], STOP_ON_FAILURE): Call Test Case 'Test Cases/Product/TC-Product-Show-001' successfully

2023-08-31 08:21:22 - [TEST_CASE][PASSED] - Test Cases/Product/TC-Product-Show-001: Test Cases/Product/TC-Product-Show-001

2023-08-31 08:21:22 - [TEST_STEP][PASSED] - callTestCase(findTestCase("Login/TC-Login-Success-001"), ["username":"standard_user", "password":"qcu24s4901FyWDTwXGr6XA=="], STOP_ON_FAILURE): Call Test Case 'Test Cases/Login/TC-Login-Success-001' successfully

2023-08-31 08:21:22 - [TEST_CASE][PASSED] - Test Cases/Login/TC-Login-Success-001: Test Cases/Login/TC-Login-Success-001

2023-08-31 08:21:22 - [TEST_STEP][PASSED] - openBrowser(webSauceDemo): Browser is opened with url: 'https://www.saucedemo.com/'

2023-08-31 08:21:22 - [MESSAGE][WARNING] - A browser is already opened. Closing browser and opening a new one

2023-08-31 08:21:23 - [MESSAGE][INFO] - Starting 'Edge Chromium' driver

2023-08-31 08:21:26 - [MESSAGE][INFO] - Action delay is set to 0 milliseconds

2023-08-31 08:21:32 - [MESSAGE][PASSED] - Browser is opened with url: 'https://www.saucedemo.com/'

2023-08-31 08:21:32 - [TEST_STEP][PASSED] - verifyElementPresent(findTestObject("Login Page Object/Swag Labs Text (tanda masuk home)"), 5): Object 'Object Repository/Login Page Object/Swag Labs Text (tanda masuk home)' is present

2023-08-31 08:21:32 - [MESSAGE][PASSED] - Object 'Object Repository/Login Page Object/Swag Labs Text (tanda masuk home)' is present

2023-08-31 08:21:32 - [TEST_STEP][PASSED] - setText(findTestObject("Login Page Object/username login"), username): Text 'standard_user' is set on object 'Object Repository/Login Page Object/username login'

2023-08-31 08:21:34 - [MESSAGE][PASSED] - Text 'standard_user' is set on object 'Object Repository/Login Page Object/username login'

2023-08-31 08:21:34 - [TEST_STEP][PASSED] - setEncryptedText(findTestObject("Login Page Object/password login"), password): Text ****** has been set on object 'Object Repository/Login Page Object/password login'

2023-08-31 08:21:35 - [MESSAGE][PASSED] - Text ****** has been set on object 'Object Repository/Login Page Object/password login'

2023-08-31 08:21:35 - [TEST_STEP][PASSED] - click(findTestObject("Login Page Object/button login")): Object: 'Object Repository/Login Page Object/button login' is clicked on

2023-08-31 08:21:36 - [MESSAGE][PASSED] - Object: 'Object Repository/Login Page Object/button login' is clicked on

2023-08-31 08:21:36 - [TEST_STEP][PASSED] - verifyElementPresent(findTestObject("Product/span_Products"), 5): Object 'Object Repository/Product/span_Products' is present

2023-08-31 08:21:36 - [MESSAGE][PASSED] - Object 'Object Repository/Product/span_Products' is present

2023-08-31 08:21:36 - [MESSAGE][PASSED] - Call Test Case 'Test Cases/Login/TC-Login-Success-001' successfully

2023-08-31 08:21:36 - [MESSAGE][PASSED] - Call Test Case 'Test Cases/Product/TC-Product-Show-001' successfully

2023-08-31 08:21:36 - [TEST_STEP][PASSED] - nameProduct = text: null

2023-08-31 08:21:37 - [TEST_STEP][PASSED] - descProduct = text: null

2023-08-31 08:21:38 - [TEST_STEP][PASSED] - priceProduct = text: null

2023-08-31 08:21:38 - [TEST_STEP][PASSED] - dataProduct = new java.util.HashMap(): null

2023-08-31 08:21:38 - [TEST_STEP][PASSED] - dataProduct.put("nameProduct", nameProduct): null

2023-08-31 08:21:38 - [TEST_STEP][PASSED] - dataProduct.put("descProduct", descProduct): null

2023-08-31 08:21:38 - [TEST_STEP][PASSED] - dataProduct.put("priceProduct", priceProduct): null

2023-08-31 08:21:38 - [TEST_STEP][PASSED] - click(findTestObject("Product/button add to cart backpack")): Object: 'Object Repository/Product/button add to cart backpack' is clicked on

2023-08-31 08:21:39 - [MESSAGE][PASSED] - Object: 'Object Repository/Product/button add to cart backpack' is clicked on

2023-08-31 08:21:39 - [TEST_STEP][PASSED] - verifyElementPresent(findTestObject("selector for verify/button remove item pos 1"), 5): Object 'Object Repository/selector for verify/button remove item pos 1' is present

2023-08-31 08:21:39 - [MESSAGE][PASSED] - Object 'Object Repository/selector for verify/button remove item pos 1' is present

2023-08-31 08:21:39 - [TEST_STEP][PASSED] - verifyElementPresent(findTestObject("selector for verify/verify jumlah item 1 (cart)"), 5): Object 'Object Repository/selector for verify/verify jumlah item 1 (cart)' is present

2023-08-31 08:21:39 - [MESSAGE][PASSED] - Object 'Object Repository/selector for verify/verify jumlah item 1 (cart)' is present

2023-08-31 08:21:39 - [TEST_STEP][PASSED] - return dataProduct: null

2023-08-31 08:21:39 - [MESSAGE][PASSED] - Call Test Case 'Test Cases/Product/TC-Product-AddCart-001' successfully

2023-08-31 08:21:39 - [TEST_STEP][PASSED] - click(findTestObject("Checkout/cart icon")): Object: 'Object Repository/Checkout/cart icon' is clicked on

2023-08-31 08:21:40 - [MESSAGE][PASSED] - Object: 'Object Repository/Checkout/cart icon' is clicked on

2023-08-31 08:21:40 - [TEST_STEP][PASSED] - verifyElementPresent(findTestObject("Checkout/span_Your Cart"), 5): Object 'Object Repository/Checkout/span_Your Cart' is present

2023-08-31 08:21:41 - [MESSAGE][PASSED] - Object 'Object Repository/Checkout/span_Your Cart' is present

2023-08-31 08:21:41 - [TEST_STEP][PASSED] - nameCart = text: null

2023-08-31 08:21:41 - [TEST_STEP][PASSED] - descCart = text: null

2023-08-31 08:21:41 - [TEST_STEP][PASSED] - priceCart = text: null

2023-08-31 08:21:42 - [TEST_STEP][PASSED] - productPage.put("nameCart", nameCart): null

2023-08-31 08:21:42 - [TEST_STEP][PASSED] - productPage.put("descCart", descCart): null

2023-08-31 08:21:42 - [TEST_STEP][PASSED] - productPage.put("priceCart", priceCart): null

2023-08-31 08:21:42 - [TEST_STEP][PASSED] - assert productPage.get("nameProduct") == nameCart: null

2023-08-31 08:21:42 - [TEST_STEP][PASSED] - assert productPage.get("priceProduct") == priceCart: null

2023-08-31 08:21:42 - [TEST_STEP][PASSED] - assert productPage.get("descProduct") == descCart: null

2023-08-31 08:21:42 - [TEST_STEP][PASSED] - return productPage: null

2023-08-31 08:21:42 - [MESSAGE][PASSED] - Call Test Case 'Test Cases/Keranjang/TC-Cart-Show-002' successfully

2023-08-31 08:21:42 - [TEST_STEP][PASSED] - click(findTestObject("Checkout/button_Checkout")): Object: 'Object Repository/Checkout/button_Checkout' is clicked on

2023-08-31 08:21:42 - [MESSAGE][PASSED] - Object: 'Object Repository/Checkout/button_Checkout' is clicked on

2023-08-31 08:21:42 - [TEST_STEP][PASSED] - setText(findTestObject("Checkout/input_Checkout Your Information_firstName"), firstName): Text 'friska' is set on object 'Object Repository/Checkout/input_Checkout Your Information_firstName'

2023-08-31 08:21:44 - [MESSAGE][PASSED] - Text 'friska' is set on object 'Object Repository/Checkout/input_Checkout Your Information_firstName'

2023-08-31 08:21:44 - [TEST_STEP][PASSED] - setText(findTestObject("Checkout/input_Checkout Your Information_lastName"), lastName): Text 'alafanda' is set on object 'Object Repository/Checkout/input_Checkout Your Information_lastName'

2023-08-31 08:21:45 - [MESSAGE][PASSED] - Text 'alafanda' is set on object 'Object Repository/Checkout/input_Checkout Your Information_lastName'

2023-08-31 08:21:45 - [TEST_STEP][PASSED] - click(findTestObject("Checkout/input_Cancel_continue")): Object: 'Object Repository/Checkout/input_Cancel_continue' is clicked on

2023-08-31 08:21:45 - [MESSAGE][PASSED] - Object: 'Object Repository/Checkout/input_Cancel_continue' is clicked on

2023-08-31 08:21:45 - [TEST_STEP][PASSED] - verifyElementPresent(findTestObject("Error message/Overview/Error Postal Code is required"), 5): Object 'Object Repository/Error message/Overview/Error Postal Code is required' is present

2023-08-31 08:21:46 - [MESSAGE][PASSED] - Object 'Object Repository/Error message/Overview/Error Postal Code is required' is present]]></system-out>
         <system-err><![CDATA[]]></system-err>
      </testcase>
      <system-out><![CDATA[2023-08-31 08:18:28 - [TEST_SUITE][PASSED] - Checkout Story Test Suite: Test Cases/Checkout/TC-Checkout-Error-003]]></system-out>
      <system-err><![CDATA[]]></system-err>
   </testsuite>
</testsuites>
