<?xml version="1.0" encoding="UTF-8"?>
<testsuites name="test suite Login" time="51.036" tests="2" failures="0" errors="0">
   <testsuite name="test suite Login" tests="2" failures="0" errors="0" time="51.036" skipped="0" timestamp="2023-08-25 09:15:27" hostname="USER - DESKTOP-22KTP91" id="Test Suites/test suite Login">
      <properties>
         <property name="deviceName" value=""/>
         <property name="devicePlatform" value=""/>
         <property name="logFolder" value="F:\\bootcamp\\batch-324-qa\\Ika\\Cura Heroku App\\Reports\\20230825_091513\\test suite Login\\20230825_091513"/>
         <property name="logFiles" value="F:\\bootcamp\\batch-324-qa\\Ika\\Cura Heroku App\\Reports\\20230825_091513\\test suite Login\\20230825_091513\\execution0.log"/>
         <property name="attachments" value=""/>
         <property name="hostName" value="USER - DESKTOP-22KTP91"/>
         <property name="os" value="Windows 10 64bit"/>
         <property name="katalonVersion" value="8.6.5.208"/>
         <property name="browser" value="Edge Chromium 116"/>
         <property name="hostAddress" value="10.9.2.23"/>
         <property name="sessionId" value="59a4f4c95a92664023d5906dc91817e0"/>
         <property name="seleniumVersion" value="3.141.59"/>
         <property name="proxyInformation" value="ProxyInformation { proxyOption=NO_PROXY, proxyServerType=HTTP, username=, password=********, proxyServerAddress=, proxyServerPort=0, executionList=&quot;&quot;, isApplyToDesiredCapabilities=true }"/>
         <property name="platform" value="Windows 10"/>
      </properties>
      <testcase name="Test Cases/Login/Test Case 1.1 (Manual)" time="19.999" classname="Test Cases/Login/Test Case 1.1 (Manual)" status="PASSED">
         <system-out><![CDATA[2023-08-25 09:15:28 - [TEST_CASE][PASSED] - Test Cases/Login/Test Case 1.1 (Manual): Test Cases/Login/Test Case 1.1 (Manual)

2023-08-25 09:15:28 - [TEST_STEP][PASSED] - openBrowser(WEB_URL): Browser is opened with url: 'https://katalon-demo-cura.herokuapp.com/'

2023-08-25 09:15:29 - [MESSAGE][INFO] - Starting 'Edge Chromium' driver

2023-08-25 09:15:31 - [MESSAGE][INFO] - Action delay is set to 0 milliseconds

2023-08-25 09:15:38 - [MESSAGE][PASSED] - Browser is opened with url: 'https://katalon-demo-cura.herokuapp.com/'

2023-08-25 09:15:38 - [TEST_STEP][PASSED] - maximizeWindow(): Current window maximized

2023-08-25 09:15:39 - [MESSAGE][PASSED] - Current window maximized

2023-08-25 09:15:39 - [TEST_STEP][PASSED] - verifyElementPresent(findTestObject("login/title_home_page"), 10): Object 'Object Repository/login/title_home_page' is present

2023-08-25 09:15:39 - [MESSAGE][PASSED] - Object 'Object Repository/login/title_home_page' is present

2023-08-25 09:15:39 - [TEST_STEP][PASSED] - click(findTestObject("login/menu burger")): Object: 'Object Repository/login/menu burger' is clicked on

2023-08-25 09:15:40 - [MESSAGE][PASSED] - Object: 'Object Repository/login/menu burger' is clicked on

2023-08-25 09:15:40 - [TEST_STEP][PASSED] - click(findTestObject("login/menu Login")): Object: 'Object Repository/login/menu Login' is clicked on

2023-08-25 09:15:42 - [MESSAGE][PASSED] - Object: 'Object Repository/login/menu Login' is clicked on

2023-08-25 09:15:42 - [TEST_STEP][PASSED] - verifyElementPresent(findTestObject("login/title_Login"), 10): Object 'Object Repository/login/title_Login' is present

2023-08-25 09:15:42 - [MESSAGE][PASSED] - Object 'Object Repository/login/title_Login' is present

2023-08-25 09:15:42 - [TEST_STEP][PASSED] - setText(findTestObject("login/input_Username"), username): Text 'John Doe' is set on object 'Object Repository/login/input_Username'

2023-08-25 09:15:44 - [MESSAGE][PASSED] - Text 'John Doe' is set on object 'Object Repository/login/input_Username'

2023-08-25 09:15:44 - [TEST_STEP][PASSED] - setEncryptedText(findTestObject("login/input_Password"), password): Text ****** has been set on object 'Object Repository/login/input_Password'

2023-08-25 09:15:45 - [MESSAGE][PASSED] - Text ****** has been set on object 'Object Repository/login/input_Password'

2023-08-25 09:15:45 - [TEST_STEP][PASSED] - click(findTestObject("login/button_Login")): Object: 'Object Repository/login/button_Login' is clicked on

2023-08-25 09:15:47 - [MESSAGE][PASSED] - Object: 'Object Repository/login/button_Login' is clicked on

2023-08-25 09:15:47 - [TEST_STEP][PASSED] - verifyElementPresent(findTestObject("login/Title_Make Appointment"), 10): Object 'Object Repository/login/Title_Make Appointment' is present

2023-08-25 09:15:48 - [MESSAGE][PASSED] - Object 'Object Repository/login/Title_Make Appointment' is present]]></system-out>
         <system-err><![CDATA[]]></system-err>
      </testcase>
      <testcase name="Test Cases/Login/Test Case 1.2 (Manual)" time="29.986" classname="Test Cases/Login/Test Case 1.2 (Manual)" status="PASSED">
         <system-out><![CDATA[2023-08-25 09:15:48 - [TEST_CASE][PASSED] - Test Cases/Login/Test Case 1.2 (Manual): Test Cases/Login/Test Case 1.2 (Manual)

2023-08-25 09:15:49 - [TEST_STEP][PASSED] - openBrowser(WEB_URL): Browser is opened with url: 'https://katalon-demo-cura.herokuapp.com/'

2023-08-25 09:15:49 - [MESSAGE][WARNING] - A browser is already opened. Closing browser and opening a new one

2023-08-25 09:15:50 - [MESSAGE][INFO] - Starting 'Edge Chromium' driver

2023-08-25 09:15:52 - [MESSAGE][INFO] - Action delay is set to 0 milliseconds

2023-08-25 09:15:57 - [MESSAGE][PASSED] - Browser is opened with url: 'https://katalon-demo-cura.herokuapp.com/'

2023-08-25 09:15:57 - [TEST_STEP][PASSED] - verifyElementPresent(findTestObject("login/title_home_page"), 10): Object 'Object Repository/login/title_home_page' is present

2023-08-25 09:15:58 - [MESSAGE][PASSED] - Object 'Object Repository/login/title_home_page' is present

2023-08-25 09:15:58 - [TEST_STEP][PASSED] - click(findTestObject("login/menu burger")): Object: 'Object Repository/login/menu burger' is clicked on

2023-08-25 09:15:59 - [MESSAGE][PASSED] - Object: 'Object Repository/login/menu burger' is clicked on

2023-08-25 09:15:59 - [TEST_STEP][PASSED] - click(findTestObject("login/menu Login")): Object: 'Object Repository/login/menu Login' is clicked on

2023-08-25 09:16:00 - [MESSAGE][PASSED] - Object: 'Object Repository/login/menu Login' is clicked on

2023-08-25 09:16:00 - [TEST_STEP][PASSED] - verifyElementPresent(findTestObject("login/title_Login"), 10): Object 'Object Repository/login/title_Login' is present

2023-08-25 09:16:01 - [MESSAGE][PASSED] - Object 'Object Repository/login/title_Login' is present

2023-08-25 09:16:01 - [TEST_STEP][PASSED] - setText(findTestObject("login/input_Username"), username): Text 'john doe' is set on object 'Object Repository/login/input_Username'

2023-08-25 09:16:02 - [MESSAGE][PASSED] - Text 'john doe' is set on object 'Object Repository/login/input_Username'

2023-08-25 09:16:02 - [TEST_STEP][PASSED] - setEncryptedText(findTestObject("login/input_Password"), password): Text ****** has been set on object 'Object Repository/login/input_Password'

2023-08-25 09:16:03 - [MESSAGE][PASSED] - Text ****** has been set on object 'Object Repository/login/input_Password'

2023-08-25 09:16:03 - [TEST_STEP][PASSED] - click(findTestObject("login/button_Login")): Object: 'Object Repository/login/button_Login' is clicked on

2023-08-25 09:16:06 - [MESSAGE][PASSED] - Object: 'Object Repository/login/button_Login' is clicked on

2023-08-25 09:16:06 - [TEST_STEP][PASSED] - verifyElementText(findTestObject("login/error message login"), "Login failed! Please ensure the username and password are valid."): Actual text and expected text of test object 'Object Repository/login/error message login' are matched.

2023-08-25 09:16:07 - [MESSAGE][PASSED] - Actual text and expected text of test object 'Object Repository/login/error message login' are matched.

2023-08-25 09:16:07 - [TEST_STEP][PASSED] - delay(10): Delayed 10 second(s)

2023-08-25 09:16:17 - [MESSAGE][PASSED] - Delayed 10 second(s)

2023-08-25 09:16:17 - [TEST_STEP][PASSED] - closeBrowser(): Browser is closed

2023-08-25 09:16:18 - [MESSAGE][PASSED] - Browser is closed]]></system-out>
         <system-err><![CDATA[]]></system-err>
      </testcase>
      <system-out><![CDATA[2023-08-25 09:15:27 - [TEST_SUITE][PASSED] - test suite Login: Test Cases/Login/Test Case 1.2 (Manual)]]></system-out>
      <system-err><![CDATA[]]></system-err>
   </testsuite>
</testsuites>
