<?xml version="1.0" encoding="UTF-8"?>
<testsuites name="Detail Product Story Test Suite" time="80.347" tests="4" failures="0" errors="0">
   <testsuite name="Detail Product Story Test Suite" tests="4" failures="0" errors="0" time="80.347" skipped="0" timestamp="2023-08-31 10:20:26" hostname="Aslamadin Alvian Haz - DESKTOP-L5FUI4E" id="Test Suites/Detail Product Story Test Suite">
      <properties>
         <property name="deviceName" value=""/>
         <property name="devicePlatform" value=""/>
         <property name="logFolder" value="C:\\Users\\Aslamadin Alvian Haz\\Documents\\Batch 324 QA XSIS Academy\\batch-324-qa\\Alvin\\Sauce Demo\\Reports\\20230831_102011\\Detail Product Story Test Suite\\20230831_102011"/>
         <property name="logFiles" value="C:\\Users\\Aslamadin Alvian Haz\\Documents\\Batch 324 QA XSIS Academy\\batch-324-qa\\Alvin\\Sauce Demo\\Reports\\20230831_102011\\Detail Product Story Test Suite\\20230831_102011\\execution0.log"/>
         <property name="attachments" value=""/>
         <property name="hostName" value="Aslamadin Alvian Haz - DESKTOP-L5FUI4E"/>
         <property name="os" value="Windows 10 64bit"/>
         <property name="katalonVersion" value="8.6.5.208"/>
         <property name="browser" value="Edge Chromium 116"/>
         <property name="hostAddress" value="10.9.2.24"/>
         <property name="sessionId" value="7170a726ec7c912a4c5f045f49ac77fd"/>
         <property name="seleniumVersion" value="3.141.59"/>
         <property name="proxyInformation" value="ProxyInformation { proxyOption=NO_PROXY, proxyServerType=HTTP, username=, password=********, proxyServerAddress=, proxyServerPort=0, executionList=&quot;&quot;, isApplyToDesiredCapabilities=true }"/>
         <property name="platform" value="Windows 10"/>
      </properties>
      <testcase name="Test Cases/Detail Product/TC-DetailProduct-Show-001" time="23.508" classname="Test Cases/Detail Product/TC-DetailProduct-Show-001" status="PASSED">
         <system-out><![CDATA[2023-08-31 10:20:26 - [TEST_CASE][PASSED] - Test Cases/Detail Product/TC-DetailProduct-Show-001: Test Cases/Detail Product/TC-DetailProduct-Show-001

2023-08-31 10:20:28 - [TEST_STEP][PASSED] - item = callTestCase(findTestCase("Login/TC-Login-Success-001"), ["username":"standard_user", "password":"qcu24s4901FyWDTwXGr6XA=="], STOP_ON_FAILURE): Call Test Case 'Test Cases/Login/TC-Login-Success-001' successfully

2023-08-31 10:20:28 - [TEST_CASE][PASSED] - Test Cases/Login/TC-Login-Success-001: Test Cases/Login/TC-Login-Success-001

2023-08-31 10:20:29 - [TEST_STEP][PASSED] - openBrowser(webSauceDemo): Browser is opened with url: 'https://www.saucedemo.com/'

2023-08-31 10:20:30 - [MESSAGE][INFO] - Starting 'Edge Chromium' driver

2023-08-31 10:20:33 - [MESSAGE][INFO] - Action delay is set to 0 milliseconds

2023-08-31 10:20:41 - [MESSAGE][PASSED] - Browser is opened with url: 'https://www.saucedemo.com/'

2023-08-31 10:20:41 - [TEST_STEP][PASSED] - verifyElementPresent(findTestObject("Login Page Object/Swag Labs Text (tanda masuk home)"), 5): Object 'Object Repository/Login Page Object/Swag Labs Text (tanda masuk home)' is present

2023-08-31 10:20:42 - [MESSAGE][PASSED] - Object 'Object Repository/Login Page Object/Swag Labs Text (tanda masuk home)' is present

2023-08-31 10:20:42 - [TEST_STEP][PASSED] - setText(findTestObject("Login Page Object/username login"), username): Text 'standard_user' is set on object 'Object Repository/Login Page Object/username login'

2023-08-31 10:20:43 - [MESSAGE][PASSED] - Text 'standard_user' is set on object 'Object Repository/Login Page Object/username login'

2023-08-31 10:20:43 - [TEST_STEP][PASSED] - setEncryptedText(findTestObject("Login Page Object/password login"), password): Text ****** has been set on object 'Object Repository/Login Page Object/password login'

2023-08-31 10:20:45 - [MESSAGE][PASSED] - Text ****** has been set on object 'Object Repository/Login Page Object/password login'

2023-08-31 10:20:45 - [TEST_STEP][PASSED] - click(findTestObject("Login Page Object/button login")): Object: 'Object Repository/Login Page Object/button login' is clicked on

2023-08-31 10:20:45 - [MESSAGE][PASSED] - Object: 'Object Repository/Login Page Object/button login' is clicked on

2023-08-31 10:20:45 - [TEST_STEP][PASSED] - verifyElementPresent(findTestObject("Product/span_Products"), 5): Object 'Object Repository/Product/span_Products' is present

2023-08-31 10:20:46 - [MESSAGE][PASSED] - Object 'Object Repository/Product/span_Products' is present

2023-08-31 10:20:46 - [TEST_STEP][PASSED] - nameProduct = text: null

2023-08-31 10:20:47 - [TEST_STEP][PASSED] - descProduct = text: null

2023-08-31 10:20:47 - [TEST_STEP][PASSED] - priceProduct = text: null

2023-08-31 10:20:48 - [TEST_STEP][PASSED] - item = new java.util.HashMap(): null

2023-08-31 10:20:48 - [TEST_STEP][PASSED] - item.put("nameProduct", nameProduct): null

2023-08-31 10:20:48 - [TEST_STEP][PASSED] - item.put("descProduct", descProduct): null

2023-08-31 10:20:48 - [TEST_STEP][PASSED] - item.put("priceProduct", priceProduct): null

2023-08-31 10:20:48 - [TEST_STEP][PASSED] - return item: null

2023-08-31 10:20:48 - [MESSAGE][PASSED] - Call Test Case 'Test Cases/Login/TC-Login-Success-001' successfully

2023-08-31 10:20:48 - [TEST_STEP][PASSED] - click(findTestObject("Detail Product/detail produk name pos 1 backpack")): Object: 'Object Repository/Detail Product/detail produk name pos 1 backpack' is clicked on

2023-08-31 10:20:48 - [MESSAGE][PASSED] - Object: 'Object Repository/Detail Product/detail produk name pos 1 backpack' is clicked on

2023-08-31 10:20:48 - [TEST_STEP][PASSED] - nameDetail = text: null

2023-08-31 10:20:49 - [TEST_STEP][PASSED] - descDetail = text: null

2023-08-31 10:20:49 - [TEST_STEP][PASSED] - priceDetail = text: null

2023-08-31 10:20:50 - [TEST_STEP][PASSED] - assert item.get("nameProduct") == nameDetail: null

2023-08-31 10:20:50 - [TEST_STEP][PASSED] - assert item.get("descProduct") == descDetail: null

2023-08-31 10:20:50 - [TEST_STEP][PASSED] - assert item.get("priceProduct") == priceDetail: null]]></system-out>
         <system-err><![CDATA[]]></system-err>
      </testcase>
      <testcase name="Test Cases/Detail Product/TC-DetailProduct-AddCart-001" time="19.178" classname="Test Cases/Detail Product/TC-DetailProduct-AddCart-001" status="PASSED">
         <system-out><![CDATA[2023-08-31 10:20:50 - [TEST_CASE][PASSED] - Test Cases/Detail Product/TC-DetailProduct-AddCart-001: Test Cases/Detail Product/TC-DetailProduct-AddCart-001

2023-08-31 10:20:51 - [TEST_STEP][PASSED] - callTestCase(findTestCase("Detail Product/TC-DetailProduct-Show-001"), [:], STOP_ON_FAILURE): Call Test Case 'Test Cases/Detail Product/TC-DetailProduct-Show-001' successfully

2023-08-31 10:20:51 - [TEST_CASE][PASSED] - Test Cases/Detail Product/TC-DetailProduct-Show-001: Test Cases/Detail Product/TC-DetailProduct-Show-001

2023-08-31 10:20:51 - [TEST_STEP][PASSED] - item = callTestCase(findTestCase("Login/TC-Login-Success-001"), ["username":"standard_user", "password":"qcu24s4901FyWDTwXGr6XA=="], STOP_ON_FAILURE): Call Test Case 'Test Cases/Login/TC-Login-Success-001' successfully

2023-08-31 10:20:51 - [TEST_CASE][PASSED] - Test Cases/Login/TC-Login-Success-001: Test Cases/Login/TC-Login-Success-001

2023-08-31 10:20:51 - [TEST_STEP][PASSED] - openBrowser(webSauceDemo): Browser is opened with url: 'https://www.saucedemo.com/'

2023-08-31 10:20:51 - [MESSAGE][WARNING] - A browser is already opened. Closing browser and opening a new one

2023-08-31 10:20:52 - [MESSAGE][INFO] - Starting 'Edge Chromium' driver

2023-08-31 10:20:54 - [MESSAGE][INFO] - Action delay is set to 0 milliseconds

2023-08-31 10:20:59 - [MESSAGE][PASSED] - Browser is opened with url: 'https://www.saucedemo.com/'

2023-08-31 10:20:59 - [TEST_STEP][PASSED] - verifyElementPresent(findTestObject("Login Page Object/Swag Labs Text (tanda masuk home)"), 5): Object 'Object Repository/Login Page Object/Swag Labs Text (tanda masuk home)' is present

2023-08-31 10:21:00 - [MESSAGE][PASSED] - Object 'Object Repository/Login Page Object/Swag Labs Text (tanda masuk home)' is present

2023-08-31 10:21:00 - [TEST_STEP][PASSED] - setText(findTestObject("Login Page Object/username login"), username): Text 'standard_user' is set on object 'Object Repository/Login Page Object/username login'

2023-08-31 10:21:01 - [MESSAGE][PASSED] - Text 'standard_user' is set on object 'Object Repository/Login Page Object/username login'

2023-08-31 10:21:01 - [TEST_STEP][PASSED] - setEncryptedText(findTestObject("Login Page Object/password login"), password): Text ****** has been set on object 'Object Repository/Login Page Object/password login'

2023-08-31 10:21:02 - [MESSAGE][PASSED] - Text ****** has been set on object 'Object Repository/Login Page Object/password login'

2023-08-31 10:21:02 - [TEST_STEP][PASSED] - click(findTestObject("Login Page Object/button login")): Object: 'Object Repository/Login Page Object/button login' is clicked on

2023-08-31 10:21:03 - [MESSAGE][PASSED] - Object: 'Object Repository/Login Page Object/button login' is clicked on

2023-08-31 10:21:03 - [TEST_STEP][PASSED] - verifyElementPresent(findTestObject("Product/span_Products"), 5): Object 'Object Repository/Product/span_Products' is present

2023-08-31 10:21:04 - [MESSAGE][PASSED] - Object 'Object Repository/Product/span_Products' is present

2023-08-31 10:21:04 - [TEST_STEP][PASSED] - nameProduct = text: null

2023-08-31 10:21:04 - [TEST_STEP][PASSED] - descProduct = text: null

2023-08-31 10:21:05 - [TEST_STEP][PASSED] - priceProduct = text: null

2023-08-31 10:21:05 - [TEST_STEP][PASSED] - item = new java.util.HashMap(): null

2023-08-31 10:21:05 - [TEST_STEP][PASSED] - item.put("nameProduct", nameProduct): null

2023-08-31 10:21:05 - [TEST_STEP][PASSED] - item.put("descProduct", descProduct): null

2023-08-31 10:21:05 - [TEST_STEP][PASSED] - item.put("priceProduct", priceProduct): null

2023-08-31 10:21:05 - [TEST_STEP][PASSED] - return item: null

2023-08-31 10:21:05 - [MESSAGE][PASSED] - Call Test Case 'Test Cases/Login/TC-Login-Success-001' successfully

2023-08-31 10:21:05 - [TEST_STEP][PASSED] - click(findTestObject("Detail Product/detail produk name pos 1 backpack")): Object: 'Object Repository/Detail Product/detail produk name pos 1 backpack' is clicked on

2023-08-31 10:21:06 - [MESSAGE][PASSED] - Object: 'Object Repository/Detail Product/detail produk name pos 1 backpack' is clicked on

2023-08-31 10:21:06 - [TEST_STEP][PASSED] - nameDetail = text: null

2023-08-31 10:21:06 - [TEST_STEP][PASSED] - descDetail = text: null

2023-08-31 10:21:07 - [TEST_STEP][PASSED] - priceDetail = text: null

2023-08-31 10:21:08 - [TEST_STEP][PASSED] - assert item.get("nameProduct") == nameDetail: null

2023-08-31 10:21:08 - [TEST_STEP][PASSED] - assert item.get("descProduct") == descDetail: null

2023-08-31 10:21:08 - [TEST_STEP][PASSED] - assert item.get("priceProduct") == priceDetail: null

2023-08-31 10:21:08 - [MESSAGE][PASSED] - Call Test Case 'Test Cases/Detail Product/TC-DetailProduct-Show-001' successfully

2023-08-31 10:21:08 - [TEST_STEP][PASSED] - click(findTestObject("Detail Product/button_Add to cart")): Object: 'Object Repository/Detail Product/button_Add to cart' is clicked on

2023-08-31 10:21:08 - [MESSAGE][PASSED] - Object: 'Object Repository/Detail Product/button_Add to cart' is clicked on

2023-08-31 10:21:08 - [TEST_STEP][PASSED] - verifyElementPresent(findTestObject("Detail Product/button_Remove"), 5): Object 'Object Repository/Detail Product/button_Remove' is present

2023-08-31 10:21:09 - [MESSAGE][PASSED] - Object 'Object Repository/Detail Product/button_Remove' is present

2023-08-31 10:21:09 - [TEST_STEP][PASSED] - verifyElementPresent(findTestObject("selector for verify/verify jumlah item 1 (cart)"), 5): Object 'Object Repository/selector for verify/verify jumlah item 1 (cart)' is present

2023-08-31 10:21:09 - [MESSAGE][PASSED] - Object 'Object Repository/selector for verify/verify jumlah item 1 (cart)' is present]]></system-out>
         <system-err><![CDATA[]]></system-err>
      </testcase>
      <testcase name="Test Cases/Detail Product/TC-DetailProduct-RemoveCart-001" time="20.27" classname="Test Cases/Detail Product/TC-DetailProduct-RemoveCart-001" status="PASSED">
         <system-out><![CDATA[2023-08-31 10:21:09 - [TEST_CASE][PASSED] - Test Cases/Detail Product/TC-DetailProduct-RemoveCart-001: Test Cases/Detail Product/TC-DetailProduct-RemoveCart-001

2023-08-31 10:21:10 - [TEST_STEP][PASSED] - callTestCase(findTestCase("Detail Product/TC-DetailProduct-AddCart-001"), [:], STOP_ON_FAILURE): Call Test Case 'Test Cases/Detail Product/TC-DetailProduct-AddCart-001' successfully

2023-08-31 10:21:10 - [TEST_CASE][PASSED] - Test Cases/Detail Product/TC-DetailProduct-AddCart-001: Test Cases/Detail Product/TC-DetailProduct-AddCart-001

2023-08-31 10:21:10 - [TEST_STEP][PASSED] - callTestCase(findTestCase("Detail Product/TC-DetailProduct-Show-001"), [:], STOP_ON_FAILURE): Call Test Case 'Test Cases/Detail Product/TC-DetailProduct-Show-001' successfully

2023-08-31 10:21:10 - [TEST_CASE][PASSED] - Test Cases/Detail Product/TC-DetailProduct-Show-001: Test Cases/Detail Product/TC-DetailProduct-Show-001

2023-08-31 10:21:10 - [TEST_STEP][PASSED] - item = callTestCase(findTestCase("Login/TC-Login-Success-001"), ["username":"standard_user", "password":"qcu24s4901FyWDTwXGr6XA=="], STOP_ON_FAILURE): Call Test Case 'Test Cases/Login/TC-Login-Success-001' successfully

2023-08-31 10:21:10 - [TEST_CASE][PASSED] - Test Cases/Login/TC-Login-Success-001: Test Cases/Login/TC-Login-Success-001

2023-08-31 10:21:10 - [TEST_STEP][PASSED] - openBrowser(webSauceDemo): Browser is opened with url: 'https://www.saucedemo.com/'

2023-08-31 10:21:10 - [MESSAGE][WARNING] - A browser is already opened. Closing browser and opening a new one

2023-08-31 10:21:12 - [MESSAGE][INFO] - Starting 'Edge Chromium' driver

2023-08-31 10:21:14 - [MESSAGE][INFO] - Action delay is set to 0 milliseconds

2023-08-31 10:21:18 - [MESSAGE][PASSED] - Browser is opened with url: 'https://www.saucedemo.com/'

2023-08-31 10:21:18 - [TEST_STEP][PASSED] - verifyElementPresent(findTestObject("Login Page Object/Swag Labs Text (tanda masuk home)"), 5): Object 'Object Repository/Login Page Object/Swag Labs Text (tanda masuk home)' is present

2023-08-31 10:21:19 - [MESSAGE][PASSED] - Object 'Object Repository/Login Page Object/Swag Labs Text (tanda masuk home)' is present

2023-08-31 10:21:19 - [TEST_STEP][PASSED] - setText(findTestObject("Login Page Object/username login"), username): Text 'standard_user' is set on object 'Object Repository/Login Page Object/username login'

2023-08-31 10:21:20 - [MESSAGE][PASSED] - Text 'standard_user' is set on object 'Object Repository/Login Page Object/username login'

2023-08-31 10:21:20 - [TEST_STEP][PASSED] - setEncryptedText(findTestObject("Login Page Object/password login"), password): Text ****** has been set on object 'Object Repository/Login Page Object/password login'

2023-08-31 10:21:21 - [MESSAGE][PASSED] - Text ****** has been set on object 'Object Repository/Login Page Object/password login'

2023-08-31 10:21:21 - [TEST_STEP][PASSED] - click(findTestObject("Login Page Object/button login")): Object: 'Object Repository/Login Page Object/button login' is clicked on

2023-08-31 10:21:22 - [MESSAGE][PASSED] - Object: 'Object Repository/Login Page Object/button login' is clicked on

2023-08-31 10:21:22 - [TEST_STEP][PASSED] - verifyElementPresent(findTestObject("Product/span_Products"), 5): Object 'Object Repository/Product/span_Products' is present

2023-08-31 10:21:23 - [MESSAGE][PASSED] - Object 'Object Repository/Product/span_Products' is present

2023-08-31 10:21:23 - [TEST_STEP][PASSED] - nameProduct = text: null

2023-08-31 10:21:23 - [TEST_STEP][PASSED] - descProduct = text: null

2023-08-31 10:21:24 - [TEST_STEP][PASSED] - priceProduct = text: null

2023-08-31 10:21:24 - [TEST_STEP][PASSED] - item = new java.util.HashMap(): null

2023-08-31 10:21:24 - [TEST_STEP][PASSED] - item.put("nameProduct", nameProduct): null

2023-08-31 10:21:24 - [TEST_STEP][PASSED] - item.put("descProduct", descProduct): null

2023-08-31 10:21:24 - [TEST_STEP][PASSED] - item.put("priceProduct", priceProduct): null

2023-08-31 10:21:24 - [TEST_STEP][PASSED] - return item: null

2023-08-31 10:21:24 - [MESSAGE][PASSED] - Call Test Case 'Test Cases/Login/TC-Login-Success-001' successfully

2023-08-31 10:21:24 - [TEST_STEP][PASSED] - click(findTestObject("Detail Product/detail produk name pos 1 backpack")): Object: 'Object Repository/Detail Product/detail produk name pos 1 backpack' is clicked on

2023-08-31 10:21:25 - [MESSAGE][PASSED] - Object: 'Object Repository/Detail Product/detail produk name pos 1 backpack' is clicked on

2023-08-31 10:21:25 - [TEST_STEP][PASSED] - nameDetail = text: null

2023-08-31 10:21:25 - [TEST_STEP][PASSED] - descDetail = text: null

2023-08-31 10:21:26 - [TEST_STEP][PASSED] - priceDetail = text: null

2023-08-31 10:21:26 - [TEST_STEP][PASSED] - assert item.get("nameProduct") == nameDetail: null

2023-08-31 10:21:26 - [TEST_STEP][PASSED] - assert item.get("descProduct") == descDetail: null

2023-08-31 10:21:26 - [TEST_STEP][PASSED] - assert item.get("priceProduct") == priceDetail: null

2023-08-31 10:21:26 - [MESSAGE][PASSED] - Call Test Case 'Test Cases/Detail Product/TC-DetailProduct-Show-001' successfully

2023-08-31 10:21:26 - [TEST_STEP][PASSED] - click(findTestObject("Detail Product/button_Add to cart")): Object: 'Object Repository/Detail Product/button_Add to cart' is clicked on

2023-08-31 10:21:27 - [MESSAGE][PASSED] - Object: 'Object Repository/Detail Product/button_Add to cart' is clicked on

2023-08-31 10:21:27 - [TEST_STEP][PASSED] - verifyElementPresent(findTestObject("Detail Product/button_Remove"), 5): Object 'Object Repository/Detail Product/button_Remove' is present

2023-08-31 10:21:27 - [MESSAGE][PASSED] - Object 'Object Repository/Detail Product/button_Remove' is present

2023-08-31 10:21:27 - [TEST_STEP][PASSED] - verifyElementPresent(findTestObject("selector for verify/verify jumlah item 1 (cart)"), 5): Object 'Object Repository/selector for verify/verify jumlah item 1 (cart)' is present

2023-08-31 10:21:28 - [MESSAGE][PASSED] - Object 'Object Repository/selector for verify/verify jumlah item 1 (cart)' is present

2023-08-31 10:21:28 - [MESSAGE][PASSED] - Call Test Case 'Test Cases/Detail Product/TC-DetailProduct-AddCart-001' successfully

2023-08-31 10:21:28 - [TEST_STEP][PASSED] - click(findTestObject("Detail Product/button_Remove")): Object: 'Object Repository/Detail Product/button_Remove' is clicked on

2023-08-31 10:21:28 - [MESSAGE][PASSED] - Object: 'Object Repository/Detail Product/button_Remove' is clicked on

2023-08-31 10:21:28 - [TEST_STEP][PASSED] - verifyElementPresent(findTestObject("Detail Product/button_Add to cart"), 5): Object 'Object Repository/Detail Product/button_Add to cart' is present

2023-08-31 10:21:29 - [MESSAGE][PASSED] - Object 'Object Repository/Detail Product/button_Add to cart' is present

2023-08-31 10:21:29 - [TEST_STEP][PASSED] - verifyElementNotPresent(findTestObject("selector for verify/verify jumlah item 1 (cart)"), 5): Web element with id: 'Object Repository/selector for verify/verify jumlah item 1 (cart)' located by 'By.xpath: //span[@class = 'shopping_cart_badge' and (text() = '1' or . = '1')]' is not present after '5' second(s)

2023-08-31 10:21:29 - [MESSAGE][PASSED] - Web element with id: 'Object Repository/selector for verify/verify jumlah item 1 (cart)' located by 'By.xpath: //span[@class = 'shopping_cart_badge' and (text() = '1' or . = '1')]' is not present after '5' second(s)]]></system-out>
         <system-err><![CDATA[]]></system-err>
      </testcase>
      <testcase name="Test Cases/Detail Product/TC-DetailProduct-Nav-001" time="16.584" classname="Test Cases/Detail Product/TC-DetailProduct-Nav-001" status="PASSED">
         <system-out><![CDATA[2023-08-31 10:21:29 - [TEST_CASE][PASSED] - Test Cases/Detail Product/TC-DetailProduct-Nav-001: Test Cases/Detail Product/TC-DetailProduct-Nav-001

2023-08-31 10:21:30 - [TEST_STEP][PASSED] - callTestCase(findTestCase("Detail Product/TC-DetailProduct-Show-001"), [:], STOP_ON_FAILURE): Call Test Case 'Test Cases/Detail Product/TC-DetailProduct-Show-001' successfully

2023-08-31 10:21:30 - [TEST_CASE][PASSED] - Test Cases/Detail Product/TC-DetailProduct-Show-001: Test Cases/Detail Product/TC-DetailProduct-Show-001

2023-08-31 10:21:30 - [TEST_STEP][PASSED] - item = callTestCase(findTestCase("Login/TC-Login-Success-001"), ["username":"standard_user", "password":"qcu24s4901FyWDTwXGr6XA=="], STOP_ON_FAILURE): Call Test Case 'Test Cases/Login/TC-Login-Success-001' successfully

2023-08-31 10:21:30 - [TEST_CASE][PASSED] - Test Cases/Login/TC-Login-Success-001: Test Cases/Login/TC-Login-Success-001

2023-08-31 10:21:30 - [TEST_STEP][PASSED] - openBrowser(webSauceDemo): Browser is opened with url: 'https://www.saucedemo.com/'

2023-08-31 10:21:30 - [MESSAGE][WARNING] - A browser is already opened. Closing browser and opening a new one

2023-08-31 10:21:32 - [MESSAGE][INFO] - Starting 'Edge Chromium' driver

2023-08-31 10:21:34 - [MESSAGE][INFO] - Action delay is set to 0 milliseconds

2023-08-31 10:21:37 - [MESSAGE][PASSED] - Browser is opened with url: 'https://www.saucedemo.com/'

2023-08-31 10:21:37 - [TEST_STEP][PASSED] - verifyElementPresent(findTestObject("Login Page Object/Swag Labs Text (tanda masuk home)"), 5): Object 'Object Repository/Login Page Object/Swag Labs Text (tanda masuk home)' is present

2023-08-31 10:21:38 - [MESSAGE][PASSED] - Object 'Object Repository/Login Page Object/Swag Labs Text (tanda masuk home)' is present

2023-08-31 10:21:38 - [TEST_STEP][PASSED] - setText(findTestObject("Login Page Object/username login"), username): Text 'standard_user' is set on object 'Object Repository/Login Page Object/username login'

2023-08-31 10:21:39 - [MESSAGE][PASSED] - Text 'standard_user' is set on object 'Object Repository/Login Page Object/username login'

2023-08-31 10:21:39 - [TEST_STEP][PASSED] - setEncryptedText(findTestObject("Login Page Object/password login"), password): Text ****** has been set on object 'Object Repository/Login Page Object/password login'

2023-08-31 10:21:40 - [MESSAGE][PASSED] - Text ****** has been set on object 'Object Repository/Login Page Object/password login'

2023-08-31 10:21:40 - [TEST_STEP][PASSED] - click(findTestObject("Login Page Object/button login")): Object: 'Object Repository/Login Page Object/button login' is clicked on

2023-08-31 10:21:40 - [MESSAGE][PASSED] - Object: 'Object Repository/Login Page Object/button login' is clicked on

2023-08-31 10:21:40 - [TEST_STEP][PASSED] - verifyElementPresent(findTestObject("Product/span_Products"), 5): Object 'Object Repository/Product/span_Products' is present

2023-08-31 10:21:42 - [MESSAGE][PASSED] - Object 'Object Repository/Product/span_Products' is present

2023-08-31 10:21:42 - [TEST_STEP][PASSED] - nameProduct = text: null

2023-08-31 10:21:42 - [TEST_STEP][PASSED] - descProduct = text: null

2023-08-31 10:21:43 - [TEST_STEP][PASSED] - priceProduct = text: null

2023-08-31 10:21:43 - [TEST_STEP][PASSED] - item = new java.util.HashMap(): null

2023-08-31 10:21:43 - [TEST_STEP][PASSED] - item.put("nameProduct", nameProduct): null

2023-08-31 10:21:43 - [TEST_STEP][PASSED] - item.put("descProduct", descProduct): null

2023-08-31 10:21:43 - [TEST_STEP][PASSED] - item.put("priceProduct", priceProduct): null

2023-08-31 10:21:43 - [TEST_STEP][PASSED] - return item: null

2023-08-31 10:21:43 - [MESSAGE][PASSED] - Call Test Case 'Test Cases/Login/TC-Login-Success-001' successfully

2023-08-31 10:21:43 - [TEST_STEP][PASSED] - click(findTestObject("Detail Product/detail produk name pos 1 backpack")): Object: 'Object Repository/Detail Product/detail produk name pos 1 backpack' is clicked on

2023-08-31 10:21:44 - [MESSAGE][PASSED] - Object: 'Object Repository/Detail Product/detail produk name pos 1 backpack' is clicked on

2023-08-31 10:21:44 - [TEST_STEP][PASSED] - nameDetail = text: null

2023-08-31 10:21:44 - [TEST_STEP][PASSED] - descDetail = text: null

2023-08-31 10:21:45 - [TEST_STEP][PASSED] - priceDetail = text: null

2023-08-31 10:21:45 - [TEST_STEP][PASSED] - assert item.get("nameProduct") == nameDetail: null

2023-08-31 10:21:45 - [TEST_STEP][PASSED] - assert item.get("descProduct") == descDetail: null

2023-08-31 10:21:45 - [TEST_STEP][PASSED] - assert item.get("priceProduct") == priceDetail: null

2023-08-31 10:21:45 - [MESSAGE][PASSED] - Call Test Case 'Test Cases/Detail Product/TC-DetailProduct-Show-001' successfully

2023-08-31 10:21:45 - [TEST_STEP][PASSED] - click(findTestObject("Detail Product/button_Back to products")): Object: 'Object Repository/Detail Product/button_Back to products' is clicked on

2023-08-31 10:21:46 - [MESSAGE][PASSED] - Object: 'Object Repository/Detail Product/button_Back to products' is clicked on

2023-08-31 10:21:46 - [TEST_STEP][PASSED] - verifyElementPresent(findTestObject("Product/span_Products"), 5): Object 'Object Repository/Product/span_Products' is present

2023-08-31 10:21:46 - [MESSAGE][PASSED] - Object 'Object Repository/Product/span_Products' is present]]></system-out>
         <system-err><![CDATA[]]></system-err>
      </testcase>
      <system-out><![CDATA[2023-08-31 10:20:26 - [TEST_SUITE][PASSED] - Detail Product Story Test Suite: Test Cases/Detail Product/TC-DetailProduct-Nav-001]]></system-out>
      <system-err><![CDATA[]]></system-err>
   </testsuite>
</testsuites>
