<?xml version="1.0" encoding="UTF-8"?>
<testsuites name="Test Suites Login" time="27.12" tests="2" failures="0" errors="0">
   <testsuite name="Test Suites Login" tests="2" failures="0" errors="0" time="27.12" skipped="0" timestamp="2023-08-25 09:17:56" hostname="ridaaridaini - 10.9.2.22" id="Test Suites/Test Suites Login">
      <properties>
         <property name="deviceName" value=""/>
         <property name="devicePlatform" value=""/>
         <property name="logFolder" value="/Users/ridaaridaini/Desktop/projectrida/batch-324-qa/rida/Cura Heroku App/Reports/20230825_091747/Test Suites Login/20230825_091747"/>
         <property name="logFiles" value="/Users/ridaaridaini/Desktop/projectrida/batch-324-qa/rida/Cura Heroku App/Reports/20230825_091747/Test Suites Login/20230825_091747/execution0.log"/>
         <property name="attachments" value=""/>
         <property name="hostName" value="ridaaridaini - 10.9.2.22"/>
         <property name="os" value="Mac OS X 64bit"/>
         <property name="katalonVersion" value="8.6.5.208"/>
         <property name="browser" value="Firefox 116.0"/>
         <property name="hostAddress" value="127.0.0.1"/>
         <property name="sessionId" value="d8c3fef6-ca31-4751-9fa8-592ea6a01bdb"/>
         <property name="seleniumVersion" value="3.141.59"/>
         <property name="proxyInformation" value="ProxyInformation { proxyOption=NO_PROXY, proxyServerType=HTTP, username=, password=********, proxyServerAddress=, proxyServerPort=0, executionList=&quot;&quot;, isApplyToDesiredCapabilities=true }"/>
         <property name="platform" value="Mac OS X"/>
      </properties>
      <testcase name="Test Cases/Login/Test Case 1.1(Record)" time="10.964" classname="Test Cases/Login/Test Case 1.1(Record)" status="PASSED">
         <system-out><![CDATA[2023-08-25 09:17:56 - [TEST_CASE][PASSED] - Test Cases/Login/Test Case 1.1(Record): Test Cases/Login/Test Case 1.1(Record)

2023-08-25 09:17:57 - [TEST_STEP][PASSED] - openBrowser(""): Browser is opened with url: ''

2023-08-25 09:17:57 - [MESSAGE][INFO] - Starting 'Firefox' driver

2023-08-25 09:17:57 - [MESSAGE][INFO] - Action delay is set to 0 milliseconds

2023-08-25 09:18:01 - [MESSAGE][PASSED] - Browser is opened with url: ''

2023-08-25 09:18:01 - [TEST_STEP][PASSED] - maximizeWindow(): Current window maximized

2023-08-25 09:18:01 - [MESSAGE][PASSED] - Current window maximized

2023-08-25 09:18:01 - [TEST_STEP][PASSED] - navigateToUrl("https://katalon-demo-cura.herokuapp.com/"): Navigate to 'https://katalon-demo-cura.herokuapp.com/' successfully

2023-08-25 09:18:04 - [MESSAGE][PASSED] - Navigate to 'https://katalon-demo-cura.herokuapp.com/' successfully

2023-08-25 09:18:04 - [TEST_STEP][PASSED] - click(findTestObject("Object Repository/h1_CURA Healthcare Service")): Object: 'Object Repository/h1_CURA Healthcare Service' is clicked on

2023-08-25 09:18:04 - [MESSAGE][PASSED] - Object: 'Object Repository/h1_CURA Healthcare Service' is clicked on

2023-08-25 09:18:04 - [TEST_STEP][PASSED] - click(findTestObject("Object Repository/i_CURA Healthcare_fa fa-bars")): Object: 'Object Repository/i_CURA Healthcare_fa fa-bars' is clicked on

2023-08-25 09:18:05 - [MESSAGE][PASSED] - Object: 'Object Repository/i_CURA Healthcare_fa fa-bars' is clicked on

2023-08-25 09:18:05 - [TEST_STEP][PASSED] - click(findTestObject("Object Repository/a_Login")): Object: 'Object Repository/a_Login' is clicked on

2023-08-25 09:18:06 - [MESSAGE][PASSED] - Object: 'Object Repository/a_Login' is clicked on

2023-08-25 09:18:06 - [TEST_STEP][PASSED] - setText(findTestObject("Object Repository/input_Username_username"), username): Text 'John Doe' is set on object 'Object Repository/input_Username_username'

2023-08-25 09:18:06 - [MESSAGE][PASSED] - Text 'John Doe' is set on object 'Object Repository/input_Username_username'

2023-08-25 09:18:06 - [TEST_STEP][PASSED] - setEncryptedText(findTestObject("Object Repository/input_Password_password"), password): Text ****** has been set on object 'Object Repository/input_Password_password'

2023-08-25 09:18:07 - [MESSAGE][PASSED] - Text ****** has been set on object 'Object Repository/input_Password_password'

2023-08-25 09:18:07 - [TEST_STEP][PASSED] - click(findTestObject("Object Repository/button_Login")): Object: 'Object Repository/button_Login' is clicked on

2023-08-25 09:18:07 - [MESSAGE][PASSED] - Object: 'Object Repository/button_Login' is clicked on]]></system-out>
         <system-err><![CDATA[]]></system-err>
      </testcase>
      <testcase name="Test Cases/Login/Test Case 1.2(Manual)" time="15.798" classname="Test Cases/Login/Test Case 1.2(Manual)" status="PASSED">
         <system-out><![CDATA[2023-08-25 09:18:07 - [TEST_CASE][PASSED] - Test Cases/Login/Test Case 1.2(Manual): Test Cases/Login/Test Case 1.2(Manual)

2023-08-25 09:18:08 - [TEST_STEP][PASSED] - openBrowser(WEB_URL): Browser is opened with url: 'https://katalon-demo-cura.herokuapp.com/
'

2023-08-25 09:18:08 - [MESSAGE][WARNING] - A browser is already opened. Closing browser and opening a new one

2023-08-25 09:18:08 - [MESSAGE][INFO] - Starting 'Firefox' driver

2023-08-25 09:18:08 - [MESSAGE][INFO] - Action delay is set to 0 milliseconds

2023-08-25 09:18:13 - [MESSAGE][PASSED] - Browser is opened with url: 'https://katalon-demo-cura.herokuapp.com/
'

2023-08-25 09:18:13 - [TEST_STEP][PASSED] - maximizeWindow(): Current window maximized

2023-08-25 09:18:13 - [MESSAGE][PASSED] - Current window maximized

2023-08-25 09:18:13 - [TEST_STEP][PASSED] - verifyElementPresent(findTestObject("h1_CURA Healthcare Service"), 10): Object 'Object Repository/h1_CURA Healthcare Service' is present

2023-08-25 09:18:14 - [MESSAGE][PASSED] - Object 'Object Repository/h1_CURA Healthcare Service' is present

2023-08-25 09:18:14 - [TEST_STEP][PASSED] - click(findTestObject("i_CURA Healthcare_fa fa-bars")): Object: 'Object Repository/i_CURA Healthcare_fa fa-bars' is clicked on

2023-08-25 09:18:14 - [MESSAGE][PASSED] - Object: 'Object Repository/i_CURA Healthcare_fa fa-bars' is clicked on

2023-08-25 09:18:14 - [TEST_STEP][PASSED] - click(findTestObject("a_Login")): Object: 'Object Repository/a_Login' is clicked on

2023-08-25 09:18:15 - [MESSAGE][PASSED] - Object: 'Object Repository/a_Login' is clicked on

2023-08-25 09:18:15 - [TEST_STEP][PASSED] - click(findTestObject("h2_Login")): Object: 'Object Repository/h2_Login' is clicked on

2023-08-25 09:18:15 - [MESSAGE][PASSED] - Object: 'Object Repository/h2_Login' is clicked on

2023-08-25 09:18:15 - [TEST_STEP][PASSED] - setText(findTestObject("input_Username_username"), Username): Text 'hgytwsjbjsdz
' is set on object 'Object Repository/input_Username_username'

2023-08-25 09:18:16 - [MESSAGE][PASSED] - Text 'hgytwsjbjsdz
' is set on object 'Object Repository/input_Username_username'

2023-08-25 09:18:16 - [TEST_STEP][PASSED] - setEncryptedText(findTestObject("input_Password_password"), Password): Text ****** has been set on object 'Object Repository/input_Password_password'

2023-08-25 09:18:16 - [MESSAGE][PASSED] - Text ****** has been set on object 'Object Repository/input_Password_password'

2023-08-25 09:18:16 - [TEST_STEP][PASSED] - click(findTestObject("button_Login")): Object: 'Object Repository/button_Login' is clicked on

2023-08-25 09:18:17 - [MESSAGE][PASSED] - Object: 'Object Repository/button_Login' is clicked on

2023-08-25 09:18:17 - [TEST_STEP][PASSED] - verifyElementText(findTestObject("Error_massage_Login failed"), "Login failed! Please ensure the username and password are valid."): Actual text and expected text of test object 'Object Repository/Error_massage_Login failed' are matched.

2023-08-25 09:18:18 - [MESSAGE][PASSED] - Actual text and expected text of test object 'Object Repository/Error_massage_Login failed' are matched.

2023-08-25 09:18:18 - [TEST_STEP][PASSED] - delay(5): Delayed 5 second(s)

2023-08-25 09:18:23 - [MESSAGE][PASSED] - Delayed 5 second(s)

2023-08-25 09:18:23 - [TEST_STEP][PASSED] - closeBrowser(): Browser is closed

2023-08-25 09:18:23 - [MESSAGE][PASSED] - Browser is closed]]></system-out>
         <system-err><![CDATA[]]></system-err>
      </testcase>
      <system-out><![CDATA[2023-08-25 09:17:56 - [TEST_SUITE][PASSED] - Test Suites Login: Test Cases/Login/Test Case 1.2(Manual)]]></system-out>
      <system-err><![CDATA[]]></system-err>
   </testsuite>
</testsuites>
