<?xml version="1.0" encoding="UTF-8"?>
<testsuites name="Test Suite Appointment" time="267.953" tests="17" failures="0" errors="0">
   <testsuite name="Test Suite Appointment" tests="17" failures="0" errors="0" time="267.953" skipped="0" timestamp="2023-08-25 10:38:46" hostname="youha - LAPTOP-H03M84CI" id="Test Suites/Test Suite Appointment">
      <properties>
         <property name="deviceName" value=""/>
         <property name="devicePlatform" value=""/>
         <property name="logFolder" value="C:\\Users\\youha\\OneDrive\\Desktop\\Batch 324\\Workspace\\batch-324-qa\\Trainer\\Cura Heroku App\\Reports\\20230825_103838\\Test Suite Appointment\\20230825_103839"/>
         <property name="logFiles" value="C:\\Users\\youha\\OneDrive\\Desktop\\Batch 324\\Workspace\\batch-324-qa\\Trainer\\Cura Heroku App\\Reports\\20230825_103838\\Test Suite Appointment\\20230825_103839\\execution0.log"/>
         <property name="attachments" value=""/>
         <property name="hostName" value="youha - LAPTOP-H03M84CI"/>
         <property name="os" value="Windows 11 64bit"/>
         <property name="katalonVersion" value="8.6.5.208"/>
         <property name="browser" value="Edge Chromium 115"/>
         <property name="hostAddress" value="10.9.2.32"/>
         <property name="sessionId" value="c224d15bb1b585795d331945db3ccc86"/>
         <property name="seleniumVersion" value="3.141.59"/>
         <property name="proxyInformation" value="ProxyInformation { proxyOption=NO_PROXY, proxyServerType=HTTP, username=, password=********, proxyServerAddress=, proxyServerPort=0, executionList=&quot;&quot;, isApplyToDesiredCapabilities=true }"/>
         <property name="platform" value="Windows 11"/>
      </properties>
      <testcase name="Test Cases/Appointment/Test Case 2.1 (Versi Dinamis)" time="16.875" classname="Test Cases/Appointment/Test Case 2.1 (Versi Dinamis)" status="PASSED">
         <system-out><![CDATA[2023-08-25 10:38:46 - [TEST_CASE][PASSED] - Test Cases/Appointment/Test Case 2.1 (Versi Dinamis): Test Cases/Appointment/Test Case 2.1 (Versi Dinamis)

2023-08-25 10:38:46 - [TEST_STEP][PASSED] - callTestCase(findTestCase("Login/Test Case 1.1 (Manual)"), ["username":username, "password":password], STOP_ON_FAILURE): Call Test Case 'Test Cases/Login/Test Case 1.1 (Manual)' successfully

2023-08-25 10:38:47 - [TEST_CASE][PASSED] - Test Cases/Login/Test Case 1.1 (Manual): Test Cases/Login/Test Case 1.1 (Manual)

2023-08-25 10:38:47 - [TEST_STEP][PASSED] - openBrowser(WEB_URL): Browser is opened with url: 'https://katalon-demo-cura.herokuapp.com/'

2023-08-25 10:38:47 - [MESSAGE][INFO] - Starting 'Edge Chromium' driver

2023-08-25 10:38:49 - [MESSAGE][INFO] - Action delay is set to 0 milliseconds

2023-08-25 10:38:53 - [MESSAGE][PASSED] - Browser is opened with url: 'https://katalon-demo-cura.herokuapp.com/'

2023-08-25 10:38:53 - [TEST_STEP][PASSED] - maximizeWindow(): Current window maximized

2023-08-25 10:38:53 - [MESSAGE][PASSED] - Current window maximized

2023-08-25 10:38:53 - [TEST_STEP][PASSED] - verifyElementPresent(findTestObject("Login/Title Home Page"), 10): Object 'Object Repository/Login/Title Home Page' is present

2023-08-25 10:38:54 - [MESSAGE][PASSED] - Object 'Object Repository/Login/Title Home Page' is present

2023-08-25 10:38:54 - [TEST_STEP][PASSED] - click(findTestObject("Login/Menu Burger")): Object: 'Object Repository/Login/Menu Burger' is clicked on

2023-08-25 10:38:54 - [MESSAGE][PASSED] - Object: 'Object Repository/Login/Menu Burger' is clicked on

2023-08-25 10:38:54 - [TEST_STEP][PASSED] - click(findTestObject("Login/Menu Login")): Object: 'Object Repository/Login/Menu Login' is clicked on

2023-08-25 10:38:55 - [MESSAGE][PASSED] - Object: 'Object Repository/Login/Menu Login' is clicked on

2023-08-25 10:38:55 - [TEST_STEP][PASSED] - verifyElementPresent(findTestObject("Login/Title Login"), 10): Object 'Object Repository/Login/Title Login' is present

2023-08-25 10:38:55 - [MESSAGE][PASSED] - Object 'Object Repository/Login/Title Login' is present

2023-08-25 10:38:55 - [TEST_STEP][PASSED] - setText(findTestObject("Login/Input Username Login"), username): Text 'John Doe' is set on object 'Object Repository/Login/Input Username Login'

2023-08-25 10:38:56 - [MESSAGE][PASSED] - Text 'John Doe' is set on object 'Object Repository/Login/Input Username Login'

2023-08-25 10:38:56 - [TEST_STEP][PASSED] - setEncryptedText(findTestObject("Login/Input Password Login"), password): Text ****** has been set on object 'Object Repository/Login/Input Password Login'

2023-08-25 10:38:56 - [MESSAGE][PASSED] - Text ****** has been set on object 'Object Repository/Login/Input Password Login'

2023-08-25 10:38:56 - [TEST_STEP][PASSED] - click(findTestObject("Login/Button Login")): Object: 'Object Repository/Login/Button Login' is clicked on

2023-08-25 10:38:57 - [MESSAGE][PASSED] - Object: 'Object Repository/Login/Button Login' is clicked on

2023-08-25 10:38:57 - [TEST_STEP][PASSED] - verifyElementPresent(findTestObject("Login/Title Make Appointment"), 10): Object 'Object Repository/Login/Title Make Appointment' is present

2023-08-25 10:38:58 - [MESSAGE][PASSED] - Object 'Object Repository/Login/Title Make Appointment' is present

2023-08-25 10:38:58 - [MESSAGE][PASSED] - Call Test Case 'Test Cases/Login/Test Case 1.1 (Manual)' successfully

2023-08-25 10:38:58 - [TEST_STEP][PASSED] - selectOptionByValue(findTestObject("Make Appointment/Select Drop Down Facility"), facility, false): All options with value 'Tokyo CURA Healthcare Center' are selected in object 'Object Repository/Make Appointment/Select Drop Down Facility' 

2023-08-25 10:38:58 - [MESSAGE][PASSED] - All options with value 'Tokyo CURA Healthcare Center' are selected in object 'Object Repository/Make Appointment/Select Drop Down Facility' 

2023-08-25 10:38:58 - [TEST_STEP][PASSED] - if (toString().equalsIgnoreCase("yes")): Object 'Object Repository/Make Appointment/Checkbox Hospital Readmission' is checked

2023-08-25 10:38:58 - [TEST_STEP][PASSED] - check(findTestObject("Make Appointment/Checkbox Hospital Readmission")): Object 'Object Repository/Make Appointment/Checkbox Hospital Readmission' is checked

2023-08-25 10:38:59 - [MESSAGE][PASSED] - Object 'Object Repository/Make Appointment/Checkbox Hospital Readmission' is checked

2023-08-25 10:38:59 - [TEST_STEP][PASSED] - if (toString().equalsIgnoreCase("medicare")): Object 'Object Repository/Make Appointment/Radio Medicare Programs' is checked

2023-08-25 10:38:59 - [TEST_STEP][PASSED] - check(findTestObject("Object Repository/Make Appointment/Radio Medicare Programs")): Object 'Object Repository/Make Appointment/Radio Medicare Programs' is checked

2023-08-25 10:38:59 - [MESSAGE][PASSED] - Object 'Object Repository/Make Appointment/Radio Medicare Programs' is checked

2023-08-25 10:38:59 - [TEST_STEP][PASSED] - setText(findTestObject("Make Appointment/Input Visit Date"), visit_date): Text '23/08/2023' is set on object 'Object Repository/Make Appointment/Input Visit Date'

2023-08-25 10:39:00 - [MESSAGE][PASSED] - Text '23/08/2023' is set on object 'Object Repository/Make Appointment/Input Visit Date'

2023-08-25 10:39:00 - [TEST_STEP][PASSED] - setText(findTestObject("Make Appointment/Text Area Comment"), comment): Text 'Saya pesan' is set on object 'Object Repository/Make Appointment/Text Area Comment'

2023-08-25 10:39:00 - [MESSAGE][PASSED] - Text 'Saya pesan' is set on object 'Object Repository/Make Appointment/Text Area Comment'

2023-08-25 10:39:00 - [TEST_STEP][PASSED] - click(findTestObject("Make Appointment/Button Book Appointment")): Object: 'Object Repository/Make Appointment/Button Book Appointment' is clicked on

2023-08-25 10:39:01 - [MESSAGE][PASSED] - Object: 'Object Repository/Make Appointment/Button Book Appointment' is clicked on

2023-08-25 10:39:01 - [TEST_STEP][PASSED] - verifyElementPresent(findTestObject("Make Appointment/Title Appointment Confirmation"), 0): Object 'Object Repository/Make Appointment/Title Appointment Confirmation' is present

2023-08-25 10:39:01 - [MESSAGE][WARNING] - Timeout '0' is invalid. Using default page load timeout: '30'

2023-08-25 10:39:01 - [MESSAGE][PASSED] - Object 'Object Repository/Make Appointment/Title Appointment Confirmation' is present

2023-08-25 10:39:01 - [TEST_STEP][PASSED] - hasilFacility = getText(findTestObject("Object Repository/Make Appointment/Hasil Facility")): Text of object 'Object Repository/Make Appointment/Hasil Facility' is: 'Tokyo CURA Healthcare Center'

2023-08-25 10:39:02 - [MESSAGE][PASSED] - Text of object 'Object Repository/Make Appointment/Hasil Facility' is: 'Tokyo CURA Healthcare Center'

2023-08-25 10:39:02 - [TEST_STEP][PASSED] - hasilReadmission = getText(findTestObject("Make Appointment/Hasil Hospital Readmission")): Text of object 'Object Repository/Make Appointment/Hasil Hospital Readmission' is: 'Yes'

2023-08-25 10:39:02 - [MESSAGE][PASSED] - Text of object 'Object Repository/Make Appointment/Hasil Hospital Readmission' is: 'Yes'

2023-08-25 10:39:02 - [TEST_STEP][PASSED] - hasilHealthCare = getText(findTestObject("Make Appointment/Hasil Healthcare Program")): Text of object 'Object Repository/Make Appointment/Hasil Healthcare Program' is: 'Medicare'

2023-08-25 10:39:02 - [MESSAGE][PASSED] - Text of object 'Object Repository/Make Appointment/Hasil Healthcare Program' is: 'Medicare'

2023-08-25 10:39:02 - [TEST_STEP][PASSED] - hasilVisitDate = getText(findTestObject("Make Appointment/Hasil Visit Date")): Text of object 'Object Repository/Make Appointment/Hasil Visit Date' is: '23/08/2023'

2023-08-25 10:39:03 - [MESSAGE][PASSED] - Text of object 'Object Repository/Make Appointment/Hasil Visit Date' is: '23/08/2023'

2023-08-25 10:39:03 - [TEST_STEP][PASSED] - hasilComment = getText(findTestObject("Make Appointment/Hasil Comment")): Text of object 'Object Repository/Make Appointment/Hasil Comment' is: 'Saya pesan'

2023-08-25 10:39:03 - [MESSAGE][PASSED] - Text of object 'Object Repository/Make Appointment/Hasil Comment' is: 'Saya pesan'

2023-08-25 10:39:03 - [TEST_STEP][PASSED] - assert trim().equalsIgnoreCase(facility.trim()): null

2023-08-25 10:39:03 - [TEST_STEP][PASSED] - assert trim().equalsIgnoreCase(hospital_readmission.trim()): null

2023-08-25 10:39:03 - [TEST_STEP][PASSED] - assert toLowerCase().equalsIgnoreCase(trim().toLowerCase()): null

2023-08-25 10:39:03 - [TEST_STEP][PASSED] - assert trim().equalsIgnoreCase(visit_date.trim()): null

2023-08-25 10:39:03 - [TEST_STEP][PASSED] - assert trim().equalsIgnoreCase(comment.trim()): null]]></system-out>
         <system-err><![CDATA[]]></system-err>
      </testcase>
      <testcase name="Test Cases/Appointment/Test Case 2.1 (Versi Dinamis)" time="15.547" classname="Test Cases/Appointment/Test Case 2.1 (Versi Dinamis)" status="PASSED">
         <system-out><![CDATA[2023-08-25 10:39:03 - [TEST_CASE][PASSED] - Test Cases/Appointment/Test Case 2.1 (Versi Dinamis): Test Cases/Appointment/Test Case 2.1 (Versi Dinamis)

2023-08-25 10:39:03 - [TEST_STEP][PASSED] - callTestCase(findTestCase("Login/Test Case 1.1 (Manual)"), ["username":username, "password":password], STOP_ON_FAILURE): Call Test Case 'Test Cases/Login/Test Case 1.1 (Manual)' successfully

2023-08-25 10:39:03 - [TEST_CASE][PASSED] - Test Cases/Login/Test Case 1.1 (Manual): Test Cases/Login/Test Case 1.1 (Manual)

2023-08-25 10:39:03 - [TEST_STEP][PASSED] - openBrowser(WEB_URL): Browser is opened with url: 'https://katalon-demo-cura.herokuapp.com/'

2023-08-25 10:39:03 - [MESSAGE][WARNING] - A browser is already opened. Closing browser and opening a new one

2023-08-25 10:39:04 - [MESSAGE][INFO] - Starting 'Edge Chromium' driver

2023-08-25 10:39:06 - [MESSAGE][INFO] - Action delay is set to 0 milliseconds

2023-08-25 10:39:09 - [MESSAGE][PASSED] - Browser is opened with url: 'https://katalon-demo-cura.herokuapp.com/'

2023-08-25 10:39:09 - [TEST_STEP][PASSED] - maximizeWindow(): Current window maximized

2023-08-25 10:39:09 - [MESSAGE][PASSED] - Current window maximized

2023-08-25 10:39:09 - [TEST_STEP][PASSED] - verifyElementPresent(findTestObject("Login/Title Home Page"), 10): Object 'Object Repository/Login/Title Home Page' is present

2023-08-25 10:39:10 - [MESSAGE][PASSED] - Object 'Object Repository/Login/Title Home Page' is present

2023-08-25 10:39:10 - [TEST_STEP][PASSED] - click(findTestObject("Login/Menu Burger")): Object: 'Object Repository/Login/Menu Burger' is clicked on

2023-08-25 10:39:10 - [MESSAGE][PASSED] - Object: 'Object Repository/Login/Menu Burger' is clicked on

2023-08-25 10:39:10 - [TEST_STEP][PASSED] - click(findTestObject("Login/Menu Login")): Object: 'Object Repository/Login/Menu Login' is clicked on

2023-08-25 10:39:11 - [MESSAGE][PASSED] - Object: 'Object Repository/Login/Menu Login' is clicked on

2023-08-25 10:39:11 - [TEST_STEP][PASSED] - verifyElementPresent(findTestObject("Login/Title Login"), 10): Object 'Object Repository/Login/Title Login' is present

2023-08-25 10:39:11 - [MESSAGE][PASSED] - Object 'Object Repository/Login/Title Login' is present

2023-08-25 10:39:11 - [TEST_STEP][PASSED] - setText(findTestObject("Login/Input Username Login"), username): Text 'John Doe' is set on object 'Object Repository/Login/Input Username Login'

2023-08-25 10:39:12 - [MESSAGE][PASSED] - Text 'John Doe' is set on object 'Object Repository/Login/Input Username Login'

2023-08-25 10:39:12 - [TEST_STEP][PASSED] - setEncryptedText(findTestObject("Login/Input Password Login"), password): Text ****** has been set on object 'Object Repository/Login/Input Password Login'

2023-08-25 10:39:12 - [MESSAGE][PASSED] - Text ****** has been set on object 'Object Repository/Login/Input Password Login'

2023-08-25 10:39:12 - [TEST_STEP][PASSED] - click(findTestObject("Login/Button Login")): Object: 'Object Repository/Login/Button Login' is clicked on

2023-08-25 10:39:13 - [MESSAGE][PASSED] - Object: 'Object Repository/Login/Button Login' is clicked on

2023-08-25 10:39:13 - [TEST_STEP][PASSED] - verifyElementPresent(findTestObject("Login/Title Make Appointment"), 10): Object 'Object Repository/Login/Title Make Appointment' is present

2023-08-25 10:39:13 - [MESSAGE][PASSED] - Object 'Object Repository/Login/Title Make Appointment' is present

2023-08-25 10:39:13 - [MESSAGE][PASSED] - Call Test Case 'Test Cases/Login/Test Case 1.1 (Manual)' successfully

2023-08-25 10:39:13 - [TEST_STEP][PASSED] - selectOptionByValue(findTestObject("Make Appointment/Select Drop Down Facility"), facility, false): All options with value 'Tokyo CURA Healthcare Center' are selected in object 'Object Repository/Make Appointment/Select Drop Down Facility' 

2023-08-25 10:39:14 - [MESSAGE][PASSED] - All options with value 'Tokyo CURA Healthcare Center' are selected in object 'Object Repository/Make Appointment/Select Drop Down Facility' 

2023-08-25 10:39:14 - [TEST_STEP][PASSED] - if (toString().equalsIgnoreCase("yes")): Object 'Object Repository/Make Appointment/Checkbox Hospital Readmission' is checked

2023-08-25 10:39:14 - [TEST_STEP][PASSED] - check(findTestObject("Make Appointment/Checkbox Hospital Readmission")): Object 'Object Repository/Make Appointment/Checkbox Hospital Readmission' is checked

2023-08-25 10:39:14 - [MESSAGE][PASSED] - Object 'Object Repository/Make Appointment/Checkbox Hospital Readmission' is checked

2023-08-25 10:39:14 - [TEST_STEP][PASSED] - if (toString().equalsIgnoreCase("medicare")): null

2023-08-25 10:39:14 - [TEST_STEP][PASSED] - else if (toString().equalsIgnoreCase("medicaid")): Object 'Object Repository/Make Appointment/Radio Medicaid Programs' is checked

2023-08-25 10:39:14 - [TEST_STEP][PASSED] - check(findTestObject("Object Repository/Make Appointment/Radio Medicaid Programs")): Object 'Object Repository/Make Appointment/Radio Medicaid Programs' is checked

2023-08-25 10:39:15 - [MESSAGE][PASSED] - Object 'Object Repository/Make Appointment/Radio Medicaid Programs' is checked

2023-08-25 10:39:15 - [TEST_STEP][PASSED] - setText(findTestObject("Make Appointment/Input Visit Date"), visit_date): Text '23/08/2023' is set on object 'Object Repository/Make Appointment/Input Visit Date'

2023-08-25 10:39:15 - [MESSAGE][PASSED] - Text '23/08/2023' is set on object 'Object Repository/Make Appointment/Input Visit Date'

2023-08-25 10:39:15 - [TEST_STEP][PASSED] - setText(findTestObject("Make Appointment/Text Area Comment"), comment): Text 'Saya pesan' is set on object 'Object Repository/Make Appointment/Text Area Comment'

2023-08-25 10:39:16 - [MESSAGE][PASSED] - Text 'Saya pesan' is set on object 'Object Repository/Make Appointment/Text Area Comment'

2023-08-25 10:39:16 - [TEST_STEP][PASSED] - click(findTestObject("Make Appointment/Button Book Appointment")): Object: 'Object Repository/Make Appointment/Button Book Appointment' is clicked on

2023-08-25 10:39:17 - [MESSAGE][PASSED] - Object: 'Object Repository/Make Appointment/Button Book Appointment' is clicked on

2023-08-25 10:39:17 - [TEST_STEP][PASSED] - verifyElementPresent(findTestObject("Make Appointment/Title Appointment Confirmation"), 0): Object 'Object Repository/Make Appointment/Title Appointment Confirmation' is present

2023-08-25 10:39:17 - [MESSAGE][WARNING] - Timeout '0' is invalid. Using default page load timeout: '30'

2023-08-25 10:39:17 - [MESSAGE][PASSED] - Object 'Object Repository/Make Appointment/Title Appointment Confirmation' is present

2023-08-25 10:39:17 - [TEST_STEP][PASSED] - hasilFacility = getText(findTestObject("Object Repository/Make Appointment/Hasil Facility")): Text of object 'Object Repository/Make Appointment/Hasil Facility' is: 'Tokyo CURA Healthcare Center'

2023-08-25 10:39:17 - [MESSAGE][PASSED] - Text of object 'Object Repository/Make Appointment/Hasil Facility' is: 'Tokyo CURA Healthcare Center'

2023-08-25 10:39:17 - [TEST_STEP][PASSED] - hasilReadmission = getText(findTestObject("Make Appointment/Hasil Hospital Readmission")): Text of object 'Object Repository/Make Appointment/Hasil Hospital Readmission' is: 'Yes'

2023-08-25 10:39:18 - [MESSAGE][PASSED] - Text of object 'Object Repository/Make Appointment/Hasil Hospital Readmission' is: 'Yes'

2023-08-25 10:39:18 - [TEST_STEP][PASSED] - hasilHealthCare = getText(findTestObject("Make Appointment/Hasil Healthcare Program")): Text of object 'Object Repository/Make Appointment/Hasil Healthcare Program' is: 'Medicaid'

2023-08-25 10:39:18 - [MESSAGE][PASSED] - Text of object 'Object Repository/Make Appointment/Hasil Healthcare Program' is: 'Medicaid'

2023-08-25 10:39:18 - [TEST_STEP][PASSED] - hasilVisitDate = getText(findTestObject("Make Appointment/Hasil Visit Date")): Text of object 'Object Repository/Make Appointment/Hasil Visit Date' is: '23/08/2023'

2023-08-25 10:39:18 - [MESSAGE][PASSED] - Text of object 'Object Repository/Make Appointment/Hasil Visit Date' is: '23/08/2023'

2023-08-25 10:39:18 - [TEST_STEP][PASSED] - hasilComment = getText(findTestObject("Make Appointment/Hasil Comment")): Text of object 'Object Repository/Make Appointment/Hasil Comment' is: 'Saya pesan'

2023-08-25 10:39:19 - [MESSAGE][PASSED] - Text of object 'Object Repository/Make Appointment/Hasil Comment' is: 'Saya pesan'

2023-08-25 10:39:19 - [TEST_STEP][PASSED] - assert trim().equalsIgnoreCase(facility.trim()): null

2023-08-25 10:39:19 - [TEST_STEP][PASSED] - assert trim().equalsIgnoreCase(hospital_readmission.trim()): null

2023-08-25 10:39:19 - [TEST_STEP][PASSED] - assert toLowerCase().equalsIgnoreCase(trim().toLowerCase()): null

2023-08-25 10:39:19 - [TEST_STEP][PASSED] - assert trim().equalsIgnoreCase(visit_date.trim()): null

2023-08-25 10:39:19 - [TEST_STEP][PASSED] - assert trim().equalsIgnoreCase(comment.trim()): null]]></system-out>
         <system-err><![CDATA[]]></system-err>
      </testcase>
      <testcase name="Test Cases/Appointment/Test Case 2.1 (Versi Dinamis)" time="15.781" classname="Test Cases/Appointment/Test Case 2.1 (Versi Dinamis)" status="PASSED">
         <system-out><![CDATA[2023-08-25 10:39:19 - [TEST_CASE][PASSED] - Test Cases/Appointment/Test Case 2.1 (Versi Dinamis): Test Cases/Appointment/Test Case 2.1 (Versi Dinamis)

2023-08-25 10:39:19 - [TEST_STEP][PASSED] - callTestCase(findTestCase("Login/Test Case 1.1 (Manual)"), ["username":username, "password":password], STOP_ON_FAILURE): Call Test Case 'Test Cases/Login/Test Case 1.1 (Manual)' successfully

2023-08-25 10:39:19 - [TEST_CASE][PASSED] - Test Cases/Login/Test Case 1.1 (Manual): Test Cases/Login/Test Case 1.1 (Manual)

2023-08-25 10:39:19 - [TEST_STEP][PASSED] - openBrowser(WEB_URL): Browser is opened with url: 'https://katalon-demo-cura.herokuapp.com/'

2023-08-25 10:39:19 - [MESSAGE][WARNING] - A browser is already opened. Closing browser and opening a new one

2023-08-25 10:39:19 - [MESSAGE][INFO] - Starting 'Edge Chromium' driver

2023-08-25 10:39:22 - [MESSAGE][INFO] - Action delay is set to 0 milliseconds

2023-08-25 10:39:25 - [MESSAGE][PASSED] - Browser is opened with url: 'https://katalon-demo-cura.herokuapp.com/'

2023-08-25 10:39:25 - [TEST_STEP][PASSED] - maximizeWindow(): Current window maximized

2023-08-25 10:39:25 - [MESSAGE][PASSED] - Current window maximized

2023-08-25 10:39:25 - [TEST_STEP][PASSED] - verifyElementPresent(findTestObject("Login/Title Home Page"), 10): Object 'Object Repository/Login/Title Home Page' is present

2023-08-25 10:39:25 - [MESSAGE][PASSED] - Object 'Object Repository/Login/Title Home Page' is present

2023-08-25 10:39:25 - [TEST_STEP][PASSED] - click(findTestObject("Login/Menu Burger")): Object: 'Object Repository/Login/Menu Burger' is clicked on

2023-08-25 10:39:25 - [MESSAGE][PASSED] - Object: 'Object Repository/Login/Menu Burger' is clicked on

2023-08-25 10:39:25 - [TEST_STEP][PASSED] - click(findTestObject("Login/Menu Login")): Object: 'Object Repository/Login/Menu Login' is clicked on

2023-08-25 10:39:26 - [MESSAGE][PASSED] - Object: 'Object Repository/Login/Menu Login' is clicked on

2023-08-25 10:39:26 - [TEST_STEP][PASSED] - verifyElementPresent(findTestObject("Login/Title Login"), 10): Object 'Object Repository/Login/Title Login' is present

2023-08-25 10:39:27 - [MESSAGE][PASSED] - Object 'Object Repository/Login/Title Login' is present

2023-08-25 10:39:27 - [TEST_STEP][PASSED] - setText(findTestObject("Login/Input Username Login"), username): Text 'John Doe' is set on object 'Object Repository/Login/Input Username Login'

2023-08-25 10:39:27 - [MESSAGE][PASSED] - Text 'John Doe' is set on object 'Object Repository/Login/Input Username Login'

2023-08-25 10:39:27 - [TEST_STEP][PASSED] - setEncryptedText(findTestObject("Login/Input Password Login"), password): Text ****** has been set on object 'Object Repository/Login/Input Password Login'

2023-08-25 10:39:28 - [MESSAGE][PASSED] - Text ****** has been set on object 'Object Repository/Login/Input Password Login'

2023-08-25 10:39:28 - [TEST_STEP][PASSED] - click(findTestObject("Login/Button Login")): Object: 'Object Repository/Login/Button Login' is clicked on

2023-08-25 10:39:29 - [MESSAGE][PASSED] - Object: 'Object Repository/Login/Button Login' is clicked on

2023-08-25 10:39:29 - [TEST_STEP][PASSED] - verifyElementPresent(findTestObject("Login/Title Make Appointment"), 10): Object 'Object Repository/Login/Title Make Appointment' is present

2023-08-25 10:39:29 - [MESSAGE][PASSED] - Object 'Object Repository/Login/Title Make Appointment' is present

2023-08-25 10:39:29 - [MESSAGE][PASSED] - Call Test Case 'Test Cases/Login/Test Case 1.1 (Manual)' successfully

2023-08-25 10:39:29 - [TEST_STEP][PASSED] - selectOptionByValue(findTestObject("Make Appointment/Select Drop Down Facility"), facility, false): All options with value 'Tokyo CURA Healthcare Center' are selected in object 'Object Repository/Make Appointment/Select Drop Down Facility' 

2023-08-25 10:39:30 - [MESSAGE][PASSED] - All options with value 'Tokyo CURA Healthcare Center' are selected in object 'Object Repository/Make Appointment/Select Drop Down Facility' 

2023-08-25 10:39:30 - [TEST_STEP][PASSED] - if (toString().equalsIgnoreCase("yes")): Object 'Object Repository/Make Appointment/Checkbox Hospital Readmission' is checked

2023-08-25 10:39:30 - [TEST_STEP][PASSED] - check(findTestObject("Make Appointment/Checkbox Hospital Readmission")): Object 'Object Repository/Make Appointment/Checkbox Hospital Readmission' is checked

2023-08-25 10:39:30 - [MESSAGE][PASSED] - Object 'Object Repository/Make Appointment/Checkbox Hospital Readmission' is checked

2023-08-25 10:39:30 - [TEST_STEP][PASSED] - if (toString().equalsIgnoreCase("medicare")): null

2023-08-25 10:39:30 - [TEST_STEP][PASSED] - else if (toString().equalsIgnoreCase("medicaid")): null

2023-08-25 10:39:30 - [TEST_STEP][PASSED] - else: Object 'Object Repository/Make Appointment/Radio None Programs' is checked

2023-08-25 10:39:30 - [TEST_STEP][PASSED] - check(findTestObject("Object Repository/Make Appointment/Radio None Programs")): Object 'Object Repository/Make Appointment/Radio None Programs' is checked

2023-08-25 10:39:30 - [MESSAGE][PASSED] - Object 'Object Repository/Make Appointment/Radio None Programs' is checked

2023-08-25 10:39:30 - [TEST_STEP][PASSED] - setText(findTestObject("Make Appointment/Input Visit Date"), visit_date): Text '23/08/2023' is set on object 'Object Repository/Make Appointment/Input Visit Date'

2023-08-25 10:39:31 - [MESSAGE][PASSED] - Text '23/08/2023' is set on object 'Object Repository/Make Appointment/Input Visit Date'

2023-08-25 10:39:31 - [TEST_STEP][PASSED] - setText(findTestObject("Make Appointment/Text Area Comment"), comment): Text 'Saya pesan' is set on object 'Object Repository/Make Appointment/Text Area Comment'

2023-08-25 10:39:32 - [MESSAGE][PASSED] - Text 'Saya pesan' is set on object 'Object Repository/Make Appointment/Text Area Comment'

2023-08-25 10:39:32 - [TEST_STEP][PASSED] - click(findTestObject("Make Appointment/Button Book Appointment")): Object: 'Object Repository/Make Appointment/Button Book Appointment' is clicked on

2023-08-25 10:39:32 - [MESSAGE][PASSED] - Object: 'Object Repository/Make Appointment/Button Book Appointment' is clicked on

2023-08-25 10:39:32 - [TEST_STEP][PASSED] - verifyElementPresent(findTestObject("Make Appointment/Title Appointment Confirmation"), 0): Object 'Object Repository/Make Appointment/Title Appointment Confirmation' is present

2023-08-25 10:39:33 - [MESSAGE][WARNING] - Timeout '0' is invalid. Using default page load timeout: '30'

2023-08-25 10:39:33 - [MESSAGE][PASSED] - Object 'Object Repository/Make Appointment/Title Appointment Confirmation' is present

2023-08-25 10:39:33 - [TEST_STEP][PASSED] - hasilFacility = getText(findTestObject("Object Repository/Make Appointment/Hasil Facility")): Text of object 'Object Repository/Make Appointment/Hasil Facility' is: 'Tokyo CURA Healthcare Center'

2023-08-25 10:39:33 - [MESSAGE][PASSED] - Text of object 'Object Repository/Make Appointment/Hasil Facility' is: 'Tokyo CURA Healthcare Center'

2023-08-25 10:39:33 - [TEST_STEP][PASSED] - hasilReadmission = getText(findTestObject("Make Appointment/Hasil Hospital Readmission")): Text of object 'Object Repository/Make Appointment/Hasil Hospital Readmission' is: 'Yes'

2023-08-25 10:39:33 - [MESSAGE][PASSED] - Text of object 'Object Repository/Make Appointment/Hasil Hospital Readmission' is: 'Yes'

2023-08-25 10:39:33 - [TEST_STEP][PASSED] - hasilHealthCare = getText(findTestObject("Make Appointment/Hasil Healthcare Program")): Text of object 'Object Repository/Make Appointment/Hasil Healthcare Program' is: 'None'

2023-08-25 10:39:34 - [MESSAGE][PASSED] - Text of object 'Object Repository/Make Appointment/Hasil Healthcare Program' is: 'None'

2023-08-25 10:39:34 - [TEST_STEP][PASSED] - hasilVisitDate = getText(findTestObject("Make Appointment/Hasil Visit Date")): Text of object 'Object Repository/Make Appointment/Hasil Visit Date' is: '23/08/2023'

2023-08-25 10:39:34 - [MESSAGE][PASSED] - Text of object 'Object Repository/Make Appointment/Hasil Visit Date' is: '23/08/2023'

2023-08-25 10:39:34 - [TEST_STEP][PASSED] - hasilComment = getText(findTestObject("Make Appointment/Hasil Comment")): Text of object 'Object Repository/Make Appointment/Hasil Comment' is: 'Saya pesan'

2023-08-25 10:39:34 - [MESSAGE][PASSED] - Text of object 'Object Repository/Make Appointment/Hasil Comment' is: 'Saya pesan'

2023-08-25 10:39:34 - [TEST_STEP][PASSED] - assert trim().equalsIgnoreCase(facility.trim()): null

2023-08-25 10:39:34 - [TEST_STEP][PASSED] - assert trim().equalsIgnoreCase(hospital_readmission.trim()): null

2023-08-25 10:39:34 - [TEST_STEP][PASSED] - assert toLowerCase().equalsIgnoreCase(trim().toLowerCase()): null

2023-08-25 10:39:34 - [TEST_STEP][PASSED] - assert trim().equalsIgnoreCase(visit_date.trim()): null

2023-08-25 10:39:34 - [TEST_STEP][PASSED] - assert trim().equalsIgnoreCase(comment.trim()): null]]></system-out>
         <system-err><![CDATA[]]></system-err>
      </testcase>
      <testcase name="Test Cases/Appointment/Test Case 2.1 (Versi Dinamis)" time="15.288" classname="Test Cases/Appointment/Test Case 2.1 (Versi Dinamis)" status="PASSED">
         <system-out><![CDATA[2023-08-25 10:39:34 - [TEST_CASE][PASSED] - Test Cases/Appointment/Test Case 2.1 (Versi Dinamis): Test Cases/Appointment/Test Case 2.1 (Versi Dinamis)

2023-08-25 10:39:34 - [TEST_STEP][PASSED] - callTestCase(findTestCase("Login/Test Case 1.1 (Manual)"), ["username":username, "password":password], STOP_ON_FAILURE): Call Test Case 'Test Cases/Login/Test Case 1.1 (Manual)' successfully

2023-08-25 10:39:35 - [TEST_CASE][PASSED] - Test Cases/Login/Test Case 1.1 (Manual): Test Cases/Login/Test Case 1.1 (Manual)

2023-08-25 10:39:35 - [TEST_STEP][PASSED] - openBrowser(WEB_URL): Browser is opened with url: 'https://katalon-demo-cura.herokuapp.com/'

2023-08-25 10:39:35 - [MESSAGE][WARNING] - A browser is already opened. Closing browser and opening a new one

2023-08-25 10:39:35 - [MESSAGE][INFO] - Starting 'Edge Chromium' driver

2023-08-25 10:39:37 - [MESSAGE][INFO] - Action delay is set to 0 milliseconds

2023-08-25 10:39:41 - [MESSAGE][PASSED] - Browser is opened with url: 'https://katalon-demo-cura.herokuapp.com/'

2023-08-25 10:39:41 - [TEST_STEP][PASSED] - maximizeWindow(): Current window maximized

2023-08-25 10:39:41 - [MESSAGE][PASSED] - Current window maximized

2023-08-25 10:39:41 - [TEST_STEP][PASSED] - verifyElementPresent(findTestObject("Login/Title Home Page"), 10): Object 'Object Repository/Login/Title Home Page' is present

2023-08-25 10:39:41 - [MESSAGE][PASSED] - Object 'Object Repository/Login/Title Home Page' is present

2023-08-25 10:39:41 - [TEST_STEP][PASSED] - click(findTestObject("Login/Menu Burger")): Object: 'Object Repository/Login/Menu Burger' is clicked on

2023-08-25 10:39:41 - [MESSAGE][PASSED] - Object: 'Object Repository/Login/Menu Burger' is clicked on

2023-08-25 10:39:41 - [TEST_STEP][PASSED] - click(findTestObject("Login/Menu Login")): Object: 'Object Repository/Login/Menu Login' is clicked on

2023-08-25 10:39:42 - [MESSAGE][PASSED] - Object: 'Object Repository/Login/Menu Login' is clicked on

2023-08-25 10:39:42 - [TEST_STEP][PASSED] - verifyElementPresent(findTestObject("Login/Title Login"), 10): Object 'Object Repository/Login/Title Login' is present

2023-08-25 10:39:43 - [MESSAGE][PASSED] - Object 'Object Repository/Login/Title Login' is present

2023-08-25 10:39:43 - [TEST_STEP][PASSED] - setText(findTestObject("Login/Input Username Login"), username): Text 'John Doe' is set on object 'Object Repository/Login/Input Username Login'

2023-08-25 10:39:43 - [MESSAGE][PASSED] - Text 'John Doe' is set on object 'Object Repository/Login/Input Username Login'

2023-08-25 10:39:43 - [TEST_STEP][PASSED] - setEncryptedText(findTestObject("Login/Input Password Login"), password): Text ****** has been set on object 'Object Repository/Login/Input Password Login'

2023-08-25 10:39:44 - [MESSAGE][PASSED] - Text ****** has been set on object 'Object Repository/Login/Input Password Login'

2023-08-25 10:39:44 - [TEST_STEP][PASSED] - click(findTestObject("Login/Button Login")): Object: 'Object Repository/Login/Button Login' is clicked on

2023-08-25 10:39:44 - [MESSAGE][PASSED] - Object: 'Object Repository/Login/Button Login' is clicked on

2023-08-25 10:39:44 - [TEST_STEP][PASSED] - verifyElementPresent(findTestObject("Login/Title Make Appointment"), 10): Object 'Object Repository/Login/Title Make Appointment' is present

2023-08-25 10:39:45 - [MESSAGE][PASSED] - Object 'Object Repository/Login/Title Make Appointment' is present

2023-08-25 10:39:45 - [MESSAGE][PASSED] - Call Test Case 'Test Cases/Login/Test Case 1.1 (Manual)' successfully

2023-08-25 10:39:45 - [TEST_STEP][PASSED] - selectOptionByValue(findTestObject("Make Appointment/Select Drop Down Facility"), facility, false): All options with value 'Tokyo CURA Healthcare Center' are selected in object 'Object Repository/Make Appointment/Select Drop Down Facility' 

2023-08-25 10:39:45 - [MESSAGE][PASSED] - All options with value 'Tokyo CURA Healthcare Center' are selected in object 'Object Repository/Make Appointment/Select Drop Down Facility' 

2023-08-25 10:39:45 - [TEST_STEP][PASSED] - if (toString().equalsIgnoreCase("yes")): null

2023-08-25 10:39:45 - [TEST_STEP][PASSED] - if (toString().equalsIgnoreCase("medicare")): Object 'Object Repository/Make Appointment/Radio Medicare Programs' is checked

2023-08-25 10:39:45 - [TEST_STEP][PASSED] - check(findTestObject("Object Repository/Make Appointment/Radio Medicare Programs")): Object 'Object Repository/Make Appointment/Radio Medicare Programs' is checked

2023-08-25 10:39:46 - [MESSAGE][PASSED] - Object 'Object Repository/Make Appointment/Radio Medicare Programs' is checked

2023-08-25 10:39:46 - [TEST_STEP][PASSED] - setText(findTestObject("Make Appointment/Input Visit Date"), visit_date): Text '23/08/2023' is set on object 'Object Repository/Make Appointment/Input Visit Date'

2023-08-25 10:39:46 - [MESSAGE][PASSED] - Text '23/08/2023' is set on object 'Object Repository/Make Appointment/Input Visit Date'

2023-08-25 10:39:46 - [TEST_STEP][PASSED] - setText(findTestObject("Make Appointment/Text Area Comment"), comment): Text 'Saya pesan' is set on object 'Object Repository/Make Appointment/Text Area Comment'

2023-08-25 10:39:47 - [MESSAGE][PASSED] - Text 'Saya pesan' is set on object 'Object Repository/Make Appointment/Text Area Comment'

2023-08-25 10:39:47 - [TEST_STEP][PASSED] - click(findTestObject("Make Appointment/Button Book Appointment")): Object: 'Object Repository/Make Appointment/Button Book Appointment' is clicked on

2023-08-25 10:39:48 - [MESSAGE][PASSED] - Object: 'Object Repository/Make Appointment/Button Book Appointment' is clicked on

2023-08-25 10:39:48 - [TEST_STEP][PASSED] - verifyElementPresent(findTestObject("Make Appointment/Title Appointment Confirmation"), 0): Object 'Object Repository/Make Appointment/Title Appointment Confirmation' is present

2023-08-25 10:39:48 - [MESSAGE][WARNING] - Timeout '0' is invalid. Using default page load timeout: '30'

2023-08-25 10:39:48 - [MESSAGE][PASSED] - Object 'Object Repository/Make Appointment/Title Appointment Confirmation' is present

2023-08-25 10:39:48 - [TEST_STEP][PASSED] - hasilFacility = getText(findTestObject("Object Repository/Make Appointment/Hasil Facility")): Text of object 'Object Repository/Make Appointment/Hasil Facility' is: 'Tokyo CURA Healthcare Center'

2023-08-25 10:39:48 - [MESSAGE][PASSED] - Text of object 'Object Repository/Make Appointment/Hasil Facility' is: 'Tokyo CURA Healthcare Center'

2023-08-25 10:39:48 - [TEST_STEP][PASSED] - hasilReadmission = getText(findTestObject("Make Appointment/Hasil Hospital Readmission")): Text of object 'Object Repository/Make Appointment/Hasil Hospital Readmission' is: 'No'

2023-08-25 10:39:49 - [MESSAGE][PASSED] - Text of object 'Object Repository/Make Appointment/Hasil Hospital Readmission' is: 'No'

2023-08-25 10:39:49 - [TEST_STEP][PASSED] - hasilHealthCare = getText(findTestObject("Make Appointment/Hasil Healthcare Program")): Text of object 'Object Repository/Make Appointment/Hasil Healthcare Program' is: 'Medicare'

2023-08-25 10:39:49 - [MESSAGE][PASSED] - Text of object 'Object Repository/Make Appointment/Hasil Healthcare Program' is: 'Medicare'

2023-08-25 10:39:49 - [TEST_STEP][PASSED] - hasilVisitDate = getText(findTestObject("Make Appointment/Hasil Visit Date")): Text of object 'Object Repository/Make Appointment/Hasil Visit Date' is: '23/08/2023'

2023-08-25 10:39:49 - [MESSAGE][PASSED] - Text of object 'Object Repository/Make Appointment/Hasil Visit Date' is: '23/08/2023'

2023-08-25 10:39:49 - [TEST_STEP][PASSED] - hasilComment = getText(findTestObject("Make Appointment/Hasil Comment")): Text of object 'Object Repository/Make Appointment/Hasil Comment' is: 'Saya pesan'

2023-08-25 10:39:50 - [MESSAGE][PASSED] - Text of object 'Object Repository/Make Appointment/Hasil Comment' is: 'Saya pesan'

2023-08-25 10:39:50 - [TEST_STEP][PASSED] - assert trim().equalsIgnoreCase(facility.trim()): null

2023-08-25 10:39:50 - [TEST_STEP][PASSED] - assert trim().equalsIgnoreCase(hospital_readmission.trim()): null

2023-08-25 10:39:50 - [TEST_STEP][PASSED] - assert toLowerCase().equalsIgnoreCase(trim().toLowerCase()): null

2023-08-25 10:39:50 - [TEST_STEP][PASSED] - assert trim().equalsIgnoreCase(visit_date.trim()): null

2023-08-25 10:39:50 - [TEST_STEP][PASSED] - assert trim().equalsIgnoreCase(comment.trim()): null]]></system-out>
         <system-err><![CDATA[]]></system-err>
      </testcase>
      <testcase name="Test Cases/Appointment/Test Case 2.1 (Versi Dinamis)" time="15.515" classname="Test Cases/Appointment/Test Case 2.1 (Versi Dinamis)" status="PASSED">
         <system-out><![CDATA[2023-08-25 10:39:50 - [TEST_CASE][PASSED] - Test Cases/Appointment/Test Case 2.1 (Versi Dinamis): Test Cases/Appointment/Test Case 2.1 (Versi Dinamis)

2023-08-25 10:39:50 - [TEST_STEP][PASSED] - callTestCase(findTestCase("Login/Test Case 1.1 (Manual)"), ["username":username, "password":password], STOP_ON_FAILURE): Call Test Case 'Test Cases/Login/Test Case 1.1 (Manual)' successfully

2023-08-25 10:39:50 - [TEST_CASE][PASSED] - Test Cases/Login/Test Case 1.1 (Manual): Test Cases/Login/Test Case 1.1 (Manual)

2023-08-25 10:39:50 - [TEST_STEP][PASSED] - openBrowser(WEB_URL): Browser is opened with url: 'https://katalon-demo-cura.herokuapp.com/'

2023-08-25 10:39:50 - [MESSAGE][WARNING] - A browser is already opened. Closing browser and opening a new one

2023-08-25 10:39:51 - [MESSAGE][INFO] - Starting 'Edge Chromium' driver

2023-08-25 10:39:53 - [MESSAGE][INFO] - Action delay is set to 0 milliseconds

2023-08-25 10:39:56 - [MESSAGE][PASSED] - Browser is opened with url: 'https://katalon-demo-cura.herokuapp.com/'

2023-08-25 10:39:56 - [TEST_STEP][PASSED] - maximizeWindow(): Current window maximized

2023-08-25 10:39:56 - [MESSAGE][PASSED] - Current window maximized

2023-08-25 10:39:56 - [TEST_STEP][PASSED] - verifyElementPresent(findTestObject("Login/Title Home Page"), 10): Object 'Object Repository/Login/Title Home Page' is present

2023-08-25 10:39:56 - [MESSAGE][PASSED] - Object 'Object Repository/Login/Title Home Page' is present

2023-08-25 10:39:56 - [TEST_STEP][PASSED] - click(findTestObject("Login/Menu Burger")): Object: 'Object Repository/Login/Menu Burger' is clicked on

2023-08-25 10:39:57 - [MESSAGE][PASSED] - Object: 'Object Repository/Login/Menu Burger' is clicked on

2023-08-25 10:39:57 - [TEST_STEP][PASSED] - click(findTestObject("Login/Menu Login")): Object: 'Object Repository/Login/Menu Login' is clicked on

2023-08-25 10:39:58 - [MESSAGE][PASSED] - Object: 'Object Repository/Login/Menu Login' is clicked on

2023-08-25 10:39:58 - [TEST_STEP][PASSED] - verifyElementPresent(findTestObject("Login/Title Login"), 10): Object 'Object Repository/Login/Title Login' is present

2023-08-25 10:39:58 - [MESSAGE][PASSED] - Object 'Object Repository/Login/Title Login' is present

2023-08-25 10:39:58 - [TEST_STEP][PASSED] - setText(findTestObject("Login/Input Username Login"), username): Text 'John Doe' is set on object 'Object Repository/Login/Input Username Login'

2023-08-25 10:39:59 - [MESSAGE][PASSED] - Text 'John Doe' is set on object 'Object Repository/Login/Input Username Login'

2023-08-25 10:39:59 - [TEST_STEP][PASSED] - setEncryptedText(findTestObject("Login/Input Password Login"), password): Text ****** has been set on object 'Object Repository/Login/Input Password Login'

2023-08-25 10:39:59 - [MESSAGE][PASSED] - Text ****** has been set on object 'Object Repository/Login/Input Password Login'

2023-08-25 10:39:59 - [TEST_STEP][PASSED] - click(findTestObject("Login/Button Login")): Object: 'Object Repository/Login/Button Login' is clicked on

2023-08-25 10:40:00 - [MESSAGE][PASSED] - Object: 'Object Repository/Login/Button Login' is clicked on

2023-08-25 10:40:00 - [TEST_STEP][PASSED] - verifyElementPresent(findTestObject("Login/Title Make Appointment"), 10): Object 'Object Repository/Login/Title Make Appointment' is present

2023-08-25 10:40:00 - [MESSAGE][PASSED] - Object 'Object Repository/Login/Title Make Appointment' is present

2023-08-25 10:40:00 - [MESSAGE][PASSED] - Call Test Case 'Test Cases/Login/Test Case 1.1 (Manual)' successfully

2023-08-25 10:40:00 - [TEST_STEP][PASSED] - selectOptionByValue(findTestObject("Make Appointment/Select Drop Down Facility"), facility, false): All options with value 'Tokyo CURA Healthcare Center' are selected in object 'Object Repository/Make Appointment/Select Drop Down Facility' 

2023-08-25 10:40:01 - [MESSAGE][PASSED] - All options with value 'Tokyo CURA Healthcare Center' are selected in object 'Object Repository/Make Appointment/Select Drop Down Facility' 

2023-08-25 10:40:01 - [TEST_STEP][PASSED] - if (toString().equalsIgnoreCase("yes")): null

2023-08-25 10:40:01 - [TEST_STEP][PASSED] - if (toString().equalsIgnoreCase("medicare")): null

2023-08-25 10:40:01 - [TEST_STEP][PASSED] - else if (toString().equalsIgnoreCase("medicaid")): Object 'Object Repository/Make Appointment/Radio Medicaid Programs' is checked

2023-08-25 10:40:01 - [TEST_STEP][PASSED] - check(findTestObject("Object Repository/Make Appointment/Radio Medicaid Programs")): Object 'Object Repository/Make Appointment/Radio Medicaid Programs' is checked

2023-08-25 10:40:01 - [MESSAGE][PASSED] - Object 'Object Repository/Make Appointment/Radio Medicaid Programs' is checked

2023-08-25 10:40:01 - [TEST_STEP][PASSED] - setText(findTestObject("Make Appointment/Input Visit Date"), visit_date): Text '23/08/2023' is set on object 'Object Repository/Make Appointment/Input Visit Date'

2023-08-25 10:40:02 - [MESSAGE][PASSED] - Text '23/08/2023' is set on object 'Object Repository/Make Appointment/Input Visit Date'

2023-08-25 10:40:02 - [TEST_STEP][PASSED] - setText(findTestObject("Make Appointment/Text Area Comment"), comment): Text 'Saya pesan' is set on object 'Object Repository/Make Appointment/Text Area Comment'

2023-08-25 10:40:03 - [MESSAGE][PASSED] - Text 'Saya pesan' is set on object 'Object Repository/Make Appointment/Text Area Comment'

2023-08-25 10:40:03 - [TEST_STEP][PASSED] - click(findTestObject("Make Appointment/Button Book Appointment")): Object: 'Object Repository/Make Appointment/Button Book Appointment' is clicked on

2023-08-25 10:40:03 - [MESSAGE][PASSED] - Object: 'Object Repository/Make Appointment/Button Book Appointment' is clicked on

2023-08-25 10:40:03 - [TEST_STEP][PASSED] - verifyElementPresent(findTestObject("Make Appointment/Title Appointment Confirmation"), 0): Object 'Object Repository/Make Appointment/Title Appointment Confirmation' is present

2023-08-25 10:40:03 - [MESSAGE][WARNING] - Timeout '0' is invalid. Using default page load timeout: '30'

2023-08-25 10:40:04 - [MESSAGE][PASSED] - Object 'Object Repository/Make Appointment/Title Appointment Confirmation' is present

2023-08-25 10:40:04 - [TEST_STEP][PASSED] - hasilFacility = getText(findTestObject("Object Repository/Make Appointment/Hasil Facility")): Text of object 'Object Repository/Make Appointment/Hasil Facility' is: 'Tokyo CURA Healthcare Center'

2023-08-25 10:40:04 - [MESSAGE][PASSED] - Text of object 'Object Repository/Make Appointment/Hasil Facility' is: 'Tokyo CURA Healthcare Center'

2023-08-25 10:40:04 - [TEST_STEP][PASSED] - hasilReadmission = getText(findTestObject("Make Appointment/Hasil Hospital Readmission")): Text of object 'Object Repository/Make Appointment/Hasil Hospital Readmission' is: 'No'

2023-08-25 10:40:04 - [MESSAGE][PASSED] - Text of object 'Object Repository/Make Appointment/Hasil Hospital Readmission' is: 'No'

2023-08-25 10:40:04 - [TEST_STEP][PASSED] - hasilHealthCare = getText(findTestObject("Make Appointment/Hasil Healthcare Program")): Text of object 'Object Repository/Make Appointment/Hasil Healthcare Program' is: 'Medicaid'

2023-08-25 10:40:05 - [MESSAGE][PASSED] - Text of object 'Object Repository/Make Appointment/Hasil Healthcare Program' is: 'Medicaid'

2023-08-25 10:40:05 - [TEST_STEP][PASSED] - hasilVisitDate = getText(findTestObject("Make Appointment/Hasil Visit Date")): Text of object 'Object Repository/Make Appointment/Hasil Visit Date' is: '23/08/2023'

2023-08-25 10:40:05 - [MESSAGE][PASSED] - Text of object 'Object Repository/Make Appointment/Hasil Visit Date' is: '23/08/2023'

2023-08-25 10:40:05 - [TEST_STEP][PASSED] - hasilComment = getText(findTestObject("Make Appointment/Hasil Comment")): Text of object 'Object Repository/Make Appointment/Hasil Comment' is: 'Saya pesan'

2023-08-25 10:40:05 - [MESSAGE][PASSED] - Text of object 'Object Repository/Make Appointment/Hasil Comment' is: 'Saya pesan'

2023-08-25 10:40:05 - [TEST_STEP][PASSED] - assert trim().equalsIgnoreCase(facility.trim()): null

2023-08-25 10:40:05 - [TEST_STEP][PASSED] - assert trim().equalsIgnoreCase(hospital_readmission.trim()): null

2023-08-25 10:40:05 - [TEST_STEP][PASSED] - assert toLowerCase().equalsIgnoreCase(trim().toLowerCase()): null

2023-08-25 10:40:05 - [TEST_STEP][PASSED] - assert trim().equalsIgnoreCase(visit_date.trim()): null

2023-08-25 10:40:05 - [TEST_STEP][PASSED] - assert trim().equalsIgnoreCase(comment.trim()): null]]></system-out>
         <system-err><![CDATA[]]></system-err>
      </testcase>
      <testcase name="Test Cases/Appointment/Test Case 2.1 (Versi Dinamis)" time="15.529" classname="Test Cases/Appointment/Test Case 2.1 (Versi Dinamis)" status="PASSED">
         <system-out><![CDATA[2023-08-25 10:40:05 - [TEST_CASE][PASSED] - Test Cases/Appointment/Test Case 2.1 (Versi Dinamis): Test Cases/Appointment/Test Case 2.1 (Versi Dinamis)

2023-08-25 10:40:05 - [TEST_STEP][PASSED] - callTestCase(findTestCase("Login/Test Case 1.1 (Manual)"), ["username":username, "password":password], STOP_ON_FAILURE): Call Test Case 'Test Cases/Login/Test Case 1.1 (Manual)' successfully

2023-08-25 10:40:05 - [TEST_CASE][PASSED] - Test Cases/Login/Test Case 1.1 (Manual): Test Cases/Login/Test Case 1.1 (Manual)

2023-08-25 10:40:05 - [TEST_STEP][PASSED] - openBrowser(WEB_URL): Browser is opened with url: 'https://katalon-demo-cura.herokuapp.com/'

2023-08-25 10:40:05 - [MESSAGE][WARNING] - A browser is already opened. Closing browser and opening a new one

2023-08-25 10:40:06 - [MESSAGE][INFO] - Starting 'Edge Chromium' driver

2023-08-25 10:40:08 - [MESSAGE][INFO] - Action delay is set to 0 milliseconds

2023-08-25 10:40:12 - [MESSAGE][PASSED] - Browser is opened with url: 'https://katalon-demo-cura.herokuapp.com/'

2023-08-25 10:40:12 - [TEST_STEP][PASSED] - maximizeWindow(): Current window maximized

2023-08-25 10:40:12 - [MESSAGE][PASSED] - Current window maximized

2023-08-25 10:40:12 - [TEST_STEP][PASSED] - verifyElementPresent(findTestObject("Login/Title Home Page"), 10): Object 'Object Repository/Login/Title Home Page' is present

2023-08-25 10:40:12 - [MESSAGE][PASSED] - Object 'Object Repository/Login/Title Home Page' is present

2023-08-25 10:40:12 - [TEST_STEP][PASSED] - click(findTestObject("Login/Menu Burger")): Object: 'Object Repository/Login/Menu Burger' is clicked on

2023-08-25 10:40:12 - [MESSAGE][PASSED] - Object: 'Object Repository/Login/Menu Burger' is clicked on

2023-08-25 10:40:12 - [TEST_STEP][PASSED] - click(findTestObject("Login/Menu Login")): Object: 'Object Repository/Login/Menu Login' is clicked on

2023-08-25 10:40:13 - [MESSAGE][PASSED] - Object: 'Object Repository/Login/Menu Login' is clicked on

2023-08-25 10:40:13 - [TEST_STEP][PASSED] - verifyElementPresent(findTestObject("Login/Title Login"), 10): Object 'Object Repository/Login/Title Login' is present

2023-08-25 10:40:14 - [MESSAGE][PASSED] - Object 'Object Repository/Login/Title Login' is present

2023-08-25 10:40:14 - [TEST_STEP][PASSED] - setText(findTestObject("Login/Input Username Login"), username): Text 'John Doe' is set on object 'Object Repository/Login/Input Username Login'

2023-08-25 10:40:14 - [MESSAGE][PASSED] - Text 'John Doe' is set on object 'Object Repository/Login/Input Username Login'

2023-08-25 10:40:14 - [TEST_STEP][PASSED] - setEncryptedText(findTestObject("Login/Input Password Login"), password): Text ****** has been set on object 'Object Repository/Login/Input Password Login'

2023-08-25 10:40:15 - [MESSAGE][PASSED] - Text ****** has been set on object 'Object Repository/Login/Input Password Login'

2023-08-25 10:40:15 - [TEST_STEP][PASSED] - click(findTestObject("Login/Button Login")): Object: 'Object Repository/Login/Button Login' is clicked on

2023-08-25 10:40:16 - [MESSAGE][PASSED] - Object: 'Object Repository/Login/Button Login' is clicked on

2023-08-25 10:40:16 - [TEST_STEP][PASSED] - verifyElementPresent(findTestObject("Login/Title Make Appointment"), 10): Object 'Object Repository/Login/Title Make Appointment' is present

2023-08-25 10:40:16 - [MESSAGE][PASSED] - Object 'Object Repository/Login/Title Make Appointment' is present

2023-08-25 10:40:16 - [MESSAGE][PASSED] - Call Test Case 'Test Cases/Login/Test Case 1.1 (Manual)' successfully

2023-08-25 10:40:16 - [TEST_STEP][PASSED] - selectOptionByValue(findTestObject("Make Appointment/Select Drop Down Facility"), facility, false): All options with value 'Tokyo CURA Healthcare Center' are selected in object 'Object Repository/Make Appointment/Select Drop Down Facility' 

2023-08-25 10:40:16 - [MESSAGE][PASSED] - All options with value 'Tokyo CURA Healthcare Center' are selected in object 'Object Repository/Make Appointment/Select Drop Down Facility' 

2023-08-25 10:40:16 - [TEST_STEP][PASSED] - if (toString().equalsIgnoreCase("yes")): null

2023-08-25 10:40:16 - [TEST_STEP][PASSED] - if (toString().equalsIgnoreCase("medicare")): null

2023-08-25 10:40:16 - [TEST_STEP][PASSED] - else if (toString().equalsIgnoreCase("medicaid")): null

2023-08-25 10:40:16 - [TEST_STEP][PASSED] - else: Object 'Object Repository/Make Appointment/Radio None Programs' is checked

2023-08-25 10:40:16 - [TEST_STEP][PASSED] - check(findTestObject("Object Repository/Make Appointment/Radio None Programs")): Object 'Object Repository/Make Appointment/Radio None Programs' is checked

2023-08-25 10:40:17 - [MESSAGE][PASSED] - Object 'Object Repository/Make Appointment/Radio None Programs' is checked

2023-08-25 10:40:17 - [TEST_STEP][PASSED] - setText(findTestObject("Make Appointment/Input Visit Date"), visit_date): Text '23/08/2023' is set on object 'Object Repository/Make Appointment/Input Visit Date'

2023-08-25 10:40:18 - [MESSAGE][PASSED] - Text '23/08/2023' is set on object 'Object Repository/Make Appointment/Input Visit Date'

2023-08-25 10:40:18 - [TEST_STEP][PASSED] - setText(findTestObject("Make Appointment/Text Area Comment"), comment): Text 'Saya pesan' is set on object 'Object Repository/Make Appointment/Text Area Comment'

2023-08-25 10:40:18 - [MESSAGE][PASSED] - Text 'Saya pesan' is set on object 'Object Repository/Make Appointment/Text Area Comment'

2023-08-25 10:40:18 - [TEST_STEP][PASSED] - click(findTestObject("Make Appointment/Button Book Appointment")): Object: 'Object Repository/Make Appointment/Button Book Appointment' is clicked on

2023-08-25 10:40:19 - [MESSAGE][PASSED] - Object: 'Object Repository/Make Appointment/Button Book Appointment' is clicked on

2023-08-25 10:40:19 - [TEST_STEP][PASSED] - verifyElementPresent(findTestObject("Make Appointment/Title Appointment Confirmation"), 0): Object 'Object Repository/Make Appointment/Title Appointment Confirmation' is present

2023-08-25 10:40:19 - [MESSAGE][WARNING] - Timeout '0' is invalid. Using default page load timeout: '30'

2023-08-25 10:40:19 - [MESSAGE][PASSED] - Object 'Object Repository/Make Appointment/Title Appointment Confirmation' is present

2023-08-25 10:40:19 - [TEST_STEP][PASSED] - hasilFacility = getText(findTestObject("Object Repository/Make Appointment/Hasil Facility")): Text of object 'Object Repository/Make Appointment/Hasil Facility' is: 'Tokyo CURA Healthcare Center'

2023-08-25 10:40:20 - [MESSAGE][PASSED] - Text of object 'Object Repository/Make Appointment/Hasil Facility' is: 'Tokyo CURA Healthcare Center'

2023-08-25 10:40:20 - [TEST_STEP][PASSED] - hasilReadmission = getText(findTestObject("Make Appointment/Hasil Hospital Readmission")): Text of object 'Object Repository/Make Appointment/Hasil Hospital Readmission' is: 'No'

2023-08-25 10:40:20 - [MESSAGE][PASSED] - Text of object 'Object Repository/Make Appointment/Hasil Hospital Readmission' is: 'No'

2023-08-25 10:40:20 - [TEST_STEP][PASSED] - hasilHealthCare = getText(findTestObject("Make Appointment/Hasil Healthcare Program")): Text of object 'Object Repository/Make Appointment/Hasil Healthcare Program' is: 'None'

2023-08-25 10:40:20 - [MESSAGE][PASSED] - Text of object 'Object Repository/Make Appointment/Hasil Healthcare Program' is: 'None'

2023-08-25 10:40:20 - [TEST_STEP][PASSED] - hasilVisitDate = getText(findTestObject("Make Appointment/Hasil Visit Date")): Text of object 'Object Repository/Make Appointment/Hasil Visit Date' is: '23/08/2023'

2023-08-25 10:40:20 - [MESSAGE][PASSED] - Text of object 'Object Repository/Make Appointment/Hasil Visit Date' is: '23/08/2023'

2023-08-25 10:40:20 - [TEST_STEP][PASSED] - hasilComment = getText(findTestObject("Make Appointment/Hasil Comment")): Text of object 'Object Repository/Make Appointment/Hasil Comment' is: 'Saya pesan'

2023-08-25 10:40:21 - [MESSAGE][PASSED] - Text of object 'Object Repository/Make Appointment/Hasil Comment' is: 'Saya pesan'

2023-08-25 10:40:21 - [TEST_STEP][PASSED] - assert trim().equalsIgnoreCase(facility.trim()): null

2023-08-25 10:40:21 - [TEST_STEP][PASSED] - assert trim().equalsIgnoreCase(hospital_readmission.trim()): null

2023-08-25 10:40:21 - [TEST_STEP][PASSED] - assert toLowerCase().equalsIgnoreCase(trim().toLowerCase()): null

2023-08-25 10:40:21 - [TEST_STEP][PASSED] - assert trim().equalsIgnoreCase(visit_date.trim()): null

2023-08-25 10:40:21 - [TEST_STEP][PASSED] - assert trim().equalsIgnoreCase(comment.trim()): null]]></system-out>
         <system-err><![CDATA[]]></system-err>
      </testcase>
      <testcase name="Test Cases/Appointment/Test Case 2.1 (Versi Dinamis)" time="15.611" classname="Test Cases/Appointment/Test Case 2.1 (Versi Dinamis)" status="PASSED">
         <system-out><![CDATA[2023-08-25 10:40:21 - [TEST_CASE][PASSED] - Test Cases/Appointment/Test Case 2.1 (Versi Dinamis): Test Cases/Appointment/Test Case 2.1 (Versi Dinamis)

2023-08-25 10:40:21 - [TEST_STEP][PASSED] - callTestCase(findTestCase("Login/Test Case 1.1 (Manual)"), ["username":username, "password":password], STOP_ON_FAILURE): Call Test Case 'Test Cases/Login/Test Case 1.1 (Manual)' successfully

2023-08-25 10:40:21 - [TEST_CASE][PASSED] - Test Cases/Login/Test Case 1.1 (Manual): Test Cases/Login/Test Case 1.1 (Manual)

2023-08-25 10:40:21 - [TEST_STEP][PASSED] - openBrowser(WEB_URL): Browser is opened with url: 'https://katalon-demo-cura.herokuapp.com/'

2023-08-25 10:40:21 - [MESSAGE][WARNING] - A browser is already opened. Closing browser and opening a new one

2023-08-25 10:40:22 - [MESSAGE][INFO] - Starting 'Edge Chromium' driver

2023-08-25 10:40:24 - [MESSAGE][INFO] - Action delay is set to 0 milliseconds

2023-08-25 10:40:27 - [MESSAGE][PASSED] - Browser is opened with url: 'https://katalon-demo-cura.herokuapp.com/'

2023-08-25 10:40:27 - [TEST_STEP][PASSED] - maximizeWindow(): Current window maximized

2023-08-25 10:40:27 - [MESSAGE][PASSED] - Current window maximized

2023-08-25 10:40:27 - [TEST_STEP][PASSED] - verifyElementPresent(findTestObject("Login/Title Home Page"), 10): Object 'Object Repository/Login/Title Home Page' is present

2023-08-25 10:40:27 - [MESSAGE][PASSED] - Object 'Object Repository/Login/Title Home Page' is present

2023-08-25 10:40:27 - [TEST_STEP][PASSED] - click(findTestObject("Login/Menu Burger")): Object: 'Object Repository/Login/Menu Burger' is clicked on

2023-08-25 10:40:28 - [MESSAGE][PASSED] - Object: 'Object Repository/Login/Menu Burger' is clicked on

2023-08-25 10:40:28 - [TEST_STEP][PASSED] - click(findTestObject("Login/Menu Login")): Object: 'Object Repository/Login/Menu Login' is clicked on

2023-08-25 10:40:29 - [MESSAGE][PASSED] - Object: 'Object Repository/Login/Menu Login' is clicked on

2023-08-25 10:40:29 - [TEST_STEP][PASSED] - verifyElementPresent(findTestObject("Login/Title Login"), 10): Object 'Object Repository/Login/Title Login' is present

2023-08-25 10:40:29 - [MESSAGE][PASSED] - Object 'Object Repository/Login/Title Login' is present

2023-08-25 10:40:29 - [TEST_STEP][PASSED] - setText(findTestObject("Login/Input Username Login"), username): Text 'John Doe' is set on object 'Object Repository/Login/Input Username Login'

2023-08-25 10:40:30 - [MESSAGE][PASSED] - Text 'John Doe' is set on object 'Object Repository/Login/Input Username Login'

2023-08-25 10:40:30 - [TEST_STEP][PASSED] - setEncryptedText(findTestObject("Login/Input Password Login"), password): Text ****** has been set on object 'Object Repository/Login/Input Password Login'

2023-08-25 10:40:30 - [MESSAGE][PASSED] - Text ****** has been set on object 'Object Repository/Login/Input Password Login'

2023-08-25 10:40:30 - [TEST_STEP][PASSED] - click(findTestObject("Login/Button Login")): Object: 'Object Repository/Login/Button Login' is clicked on

2023-08-25 10:40:31 - [MESSAGE][PASSED] - Object: 'Object Repository/Login/Button Login' is clicked on

2023-08-25 10:40:31 - [TEST_STEP][PASSED] - verifyElementPresent(findTestObject("Login/Title Make Appointment"), 10): Object 'Object Repository/Login/Title Make Appointment' is present

2023-08-25 10:40:31 - [MESSAGE][PASSED] - Object 'Object Repository/Login/Title Make Appointment' is present

2023-08-25 10:40:31 - [MESSAGE][PASSED] - Call Test Case 'Test Cases/Login/Test Case 1.1 (Manual)' successfully

2023-08-25 10:40:31 - [TEST_STEP][PASSED] - selectOptionByValue(findTestObject("Make Appointment/Select Drop Down Facility"), facility, false): All options with value 'Hongkong CURA Healthcare Center' are selected in object 'Object Repository/Make Appointment/Select Drop Down Facility' 

2023-08-25 10:40:32 - [MESSAGE][PASSED] - All options with value 'Hongkong CURA Healthcare Center' are selected in object 'Object Repository/Make Appointment/Select Drop Down Facility' 

2023-08-25 10:40:32 - [TEST_STEP][PASSED] - if (toString().equalsIgnoreCase("yes")): Object 'Object Repository/Make Appointment/Checkbox Hospital Readmission' is checked

2023-08-25 10:40:32 - [TEST_STEP][PASSED] - check(findTestObject("Make Appointment/Checkbox Hospital Readmission")): Object 'Object Repository/Make Appointment/Checkbox Hospital Readmission' is checked

2023-08-25 10:40:32 - [MESSAGE][PASSED] - Object 'Object Repository/Make Appointment/Checkbox Hospital Readmission' is checked

2023-08-25 10:40:32 - [TEST_STEP][PASSED] - if (toString().equalsIgnoreCase("medicare")): Object 'Object Repository/Make Appointment/Radio Medicare Programs' is checked

2023-08-25 10:40:32 - [TEST_STEP][PASSED] - check(findTestObject("Object Repository/Make Appointment/Radio Medicare Programs")): Object 'Object Repository/Make Appointment/Radio Medicare Programs' is checked

2023-08-25 10:40:32 - [MESSAGE][PASSED] - Object 'Object Repository/Make Appointment/Radio Medicare Programs' is checked

2023-08-25 10:40:32 - [TEST_STEP][PASSED] - setText(findTestObject("Make Appointment/Input Visit Date"), visit_date): Text '23/08/2023' is set on object 'Object Repository/Make Appointment/Input Visit Date'

2023-08-25 10:40:33 - [MESSAGE][PASSED] - Text '23/08/2023' is set on object 'Object Repository/Make Appointment/Input Visit Date'

2023-08-25 10:40:33 - [TEST_STEP][PASSED] - setText(findTestObject("Make Appointment/Text Area Comment"), comment): Text 'Saya pesan' is set on object 'Object Repository/Make Appointment/Text Area Comment'

2023-08-25 10:40:34 - [MESSAGE][PASSED] - Text 'Saya pesan' is set on object 'Object Repository/Make Appointment/Text Area Comment'

2023-08-25 10:40:34 - [TEST_STEP][PASSED] - click(findTestObject("Make Appointment/Button Book Appointment")): Object: 'Object Repository/Make Appointment/Button Book Appointment' is clicked on

2023-08-25 10:40:35 - [MESSAGE][PASSED] - Object: 'Object Repository/Make Appointment/Button Book Appointment' is clicked on

2023-08-25 10:40:35 - [TEST_STEP][PASSED] - verifyElementPresent(findTestObject("Make Appointment/Title Appointment Confirmation"), 0): Object 'Object Repository/Make Appointment/Title Appointment Confirmation' is present

2023-08-25 10:40:35 - [MESSAGE][WARNING] - Timeout '0' is invalid. Using default page load timeout: '30'

2023-08-25 10:40:35 - [MESSAGE][PASSED] - Object 'Object Repository/Make Appointment/Title Appointment Confirmation' is present

2023-08-25 10:40:35 - [TEST_STEP][PASSED] - hasilFacility = getText(findTestObject("Object Repository/Make Appointment/Hasil Facility")): Text of object 'Object Repository/Make Appointment/Hasil Facility' is: 'Hongkong CURA Healthcare Center'

2023-08-25 10:40:35 - [MESSAGE][PASSED] - Text of object 'Object Repository/Make Appointment/Hasil Facility' is: 'Hongkong CURA Healthcare Center'

2023-08-25 10:40:35 - [TEST_STEP][PASSED] - hasilReadmission = getText(findTestObject("Make Appointment/Hasil Hospital Readmission")): Text of object 'Object Repository/Make Appointment/Hasil Hospital Readmission' is: 'Yes'

2023-08-25 10:40:35 - [MESSAGE][PASSED] - Text of object 'Object Repository/Make Appointment/Hasil Hospital Readmission' is: 'Yes'

2023-08-25 10:40:35 - [TEST_STEP][PASSED] - hasilHealthCare = getText(findTestObject("Make Appointment/Hasil Healthcare Program")): Text of object 'Object Repository/Make Appointment/Hasil Healthcare Program' is: 'Medicare'

2023-08-25 10:40:36 - [MESSAGE][PASSED] - Text of object 'Object Repository/Make Appointment/Hasil Healthcare Program' is: 'Medicare'

2023-08-25 10:40:36 - [TEST_STEP][PASSED] - hasilVisitDate = getText(findTestObject("Make Appointment/Hasil Visit Date")): Text of object 'Object Repository/Make Appointment/Hasil Visit Date' is: '23/08/2023'

2023-08-25 10:40:36 - [MESSAGE][PASSED] - Text of object 'Object Repository/Make Appointment/Hasil Visit Date' is: '23/08/2023'

2023-08-25 10:40:36 - [TEST_STEP][PASSED] - hasilComment = getText(findTestObject("Make Appointment/Hasil Comment")): Text of object 'Object Repository/Make Appointment/Hasil Comment' is: 'Saya pesan'

2023-08-25 10:40:36 - [MESSAGE][PASSED] - Text of object 'Object Repository/Make Appointment/Hasil Comment' is: 'Saya pesan'

2023-08-25 10:40:36 - [TEST_STEP][PASSED] - assert trim().equalsIgnoreCase(facility.trim()): null

2023-08-25 10:40:36 - [TEST_STEP][PASSED] - assert trim().equalsIgnoreCase(hospital_readmission.trim()): null

2023-08-25 10:40:36 - [TEST_STEP][PASSED] - assert toLowerCase().equalsIgnoreCase(trim().toLowerCase()): null

2023-08-25 10:40:36 - [TEST_STEP][PASSED] - assert trim().equalsIgnoreCase(visit_date.trim()): null

2023-08-25 10:40:36 - [TEST_STEP][PASSED] - assert trim().equalsIgnoreCase(comment.trim()): null]]></system-out>
         <system-err><![CDATA[]]></system-err>
      </testcase>
      <testcase name="Test Cases/Appointment/Test Case 2.1 (Versi Dinamis)" time="15.919" classname="Test Cases/Appointment/Test Case 2.1 (Versi Dinamis)" status="PASSED">
         <system-out><![CDATA[2023-08-25 10:40:36 - [TEST_CASE][PASSED] - Test Cases/Appointment/Test Case 2.1 (Versi Dinamis): Test Cases/Appointment/Test Case 2.1 (Versi Dinamis)

2023-08-25 10:40:36 - [TEST_STEP][PASSED] - callTestCase(findTestCase("Login/Test Case 1.1 (Manual)"), ["username":username, "password":password], STOP_ON_FAILURE): Call Test Case 'Test Cases/Login/Test Case 1.1 (Manual)' successfully

2023-08-25 10:40:37 - [TEST_CASE][PASSED] - Test Cases/Login/Test Case 1.1 (Manual): Test Cases/Login/Test Case 1.1 (Manual)

2023-08-25 10:40:37 - [TEST_STEP][PASSED] - openBrowser(WEB_URL): Browser is opened with url: 'https://katalon-demo-cura.herokuapp.com/'

2023-08-25 10:40:37 - [MESSAGE][WARNING] - A browser is already opened. Closing browser and opening a new one

2023-08-25 10:40:37 - [MESSAGE][INFO] - Starting 'Edge Chromium' driver

2023-08-25 10:40:39 - [MESSAGE][INFO] - Action delay is set to 0 milliseconds

2023-08-25 10:40:42 - [MESSAGE][PASSED] - Browser is opened with url: 'https://katalon-demo-cura.herokuapp.com/'

2023-08-25 10:40:42 - [TEST_STEP][PASSED] - maximizeWindow(): Current window maximized

2023-08-25 10:40:43 - [MESSAGE][PASSED] - Current window maximized

2023-08-25 10:40:43 - [TEST_STEP][PASSED] - verifyElementPresent(findTestObject("Login/Title Home Page"), 10): Object 'Object Repository/Login/Title Home Page' is present

2023-08-25 10:40:43 - [MESSAGE][PASSED] - Object 'Object Repository/Login/Title Home Page' is present

2023-08-25 10:40:43 - [TEST_STEP][PASSED] - click(findTestObject("Login/Menu Burger")): Object: 'Object Repository/Login/Menu Burger' is clicked on

2023-08-25 10:40:43 - [MESSAGE][PASSED] - Object: 'Object Repository/Login/Menu Burger' is clicked on

2023-08-25 10:40:43 - [TEST_STEP][PASSED] - click(findTestObject("Login/Menu Login")): Object: 'Object Repository/Login/Menu Login' is clicked on

2023-08-25 10:40:44 - [MESSAGE][PASSED] - Object: 'Object Repository/Login/Menu Login' is clicked on

2023-08-25 10:40:44 - [TEST_STEP][PASSED] - verifyElementPresent(findTestObject("Login/Title Login"), 10): Object 'Object Repository/Login/Title Login' is present

2023-08-25 10:40:45 - [MESSAGE][PASSED] - Object 'Object Repository/Login/Title Login' is present

2023-08-25 10:40:45 - [TEST_STEP][PASSED] - setText(findTestObject("Login/Input Username Login"), username): Text 'John Doe' is set on object 'Object Repository/Login/Input Username Login'

2023-08-25 10:40:45 - [MESSAGE][PASSED] - Text 'John Doe' is set on object 'Object Repository/Login/Input Username Login'

2023-08-25 10:40:45 - [TEST_STEP][PASSED] - setEncryptedText(findTestObject("Login/Input Password Login"), password): Text ****** has been set on object 'Object Repository/Login/Input Password Login'

2023-08-25 10:40:46 - [MESSAGE][PASSED] - Text ****** has been set on object 'Object Repository/Login/Input Password Login'

2023-08-25 10:40:46 - [TEST_STEP][PASSED] - click(findTestObject("Login/Button Login")): Object: 'Object Repository/Login/Button Login' is clicked on

2023-08-25 10:40:47 - [MESSAGE][PASSED] - Object: 'Object Repository/Login/Button Login' is clicked on

2023-08-25 10:40:47 - [TEST_STEP][PASSED] - verifyElementPresent(findTestObject("Login/Title Make Appointment"), 10): Object 'Object Repository/Login/Title Make Appointment' is present

2023-08-25 10:40:47 - [MESSAGE][PASSED] - Object 'Object Repository/Login/Title Make Appointment' is present

2023-08-25 10:40:47 - [MESSAGE][PASSED] - Call Test Case 'Test Cases/Login/Test Case 1.1 (Manual)' successfully

2023-08-25 10:40:47 - [TEST_STEP][PASSED] - selectOptionByValue(findTestObject("Make Appointment/Select Drop Down Facility"), facility, false): All options with value 'Hongkong CURA Healthcare Center' are selected in object 'Object Repository/Make Appointment/Select Drop Down Facility' 

2023-08-25 10:40:48 - [MESSAGE][PASSED] - All options with value 'Hongkong CURA Healthcare Center' are selected in object 'Object Repository/Make Appointment/Select Drop Down Facility' 

2023-08-25 10:40:48 - [TEST_STEP][PASSED] - if (toString().equalsIgnoreCase("yes")): Object 'Object Repository/Make Appointment/Checkbox Hospital Readmission' is checked

2023-08-25 10:40:48 - [TEST_STEP][PASSED] - check(findTestObject("Make Appointment/Checkbox Hospital Readmission")): Object 'Object Repository/Make Appointment/Checkbox Hospital Readmission' is checked

2023-08-25 10:40:48 - [MESSAGE][PASSED] - Object 'Object Repository/Make Appointment/Checkbox Hospital Readmission' is checked

2023-08-25 10:40:48 - [TEST_STEP][PASSED] - if (toString().equalsIgnoreCase("medicare")): null

2023-08-25 10:40:48 - [TEST_STEP][PASSED] - else if (toString().equalsIgnoreCase("medicaid")): Object 'Object Repository/Make Appointment/Radio Medicaid Programs' is checked

2023-08-25 10:40:48 - [TEST_STEP][PASSED] - check(findTestObject("Object Repository/Make Appointment/Radio Medicaid Programs")): Object 'Object Repository/Make Appointment/Radio Medicaid Programs' is checked

2023-08-25 10:40:48 - [MESSAGE][PASSED] - Object 'Object Repository/Make Appointment/Radio Medicaid Programs' is checked

2023-08-25 10:40:48 - [TEST_STEP][PASSED] - setText(findTestObject("Make Appointment/Input Visit Date"), visit_date): Text '23/08/2023' is set on object 'Object Repository/Make Appointment/Input Visit Date'

2023-08-25 10:40:49 - [MESSAGE][PASSED] - Text '23/08/2023' is set on object 'Object Repository/Make Appointment/Input Visit Date'

2023-08-25 10:40:49 - [TEST_STEP][PASSED] - setText(findTestObject("Make Appointment/Text Area Comment"), comment): Text 'Saya pesan' is set on object 'Object Repository/Make Appointment/Text Area Comment'

2023-08-25 10:40:50 - [MESSAGE][PASSED] - Text 'Saya pesan' is set on object 'Object Repository/Make Appointment/Text Area Comment'

2023-08-25 10:40:50 - [TEST_STEP][PASSED] - click(findTestObject("Make Appointment/Button Book Appointment")): Object: 'Object Repository/Make Appointment/Button Book Appointment' is clicked on

2023-08-25 10:40:50 - [MESSAGE][PASSED] - Object: 'Object Repository/Make Appointment/Button Book Appointment' is clicked on

2023-08-25 10:40:50 - [TEST_STEP][PASSED] - verifyElementPresent(findTestObject("Make Appointment/Title Appointment Confirmation"), 0): Object 'Object Repository/Make Appointment/Title Appointment Confirmation' is present

2023-08-25 10:40:50 - [MESSAGE][WARNING] - Timeout '0' is invalid. Using default page load timeout: '30'

2023-08-25 10:40:51 - [MESSAGE][PASSED] - Object 'Object Repository/Make Appointment/Title Appointment Confirmation' is present

2023-08-25 10:40:51 - [TEST_STEP][PASSED] - hasilFacility = getText(findTestObject("Object Repository/Make Appointment/Hasil Facility")): Text of object 'Object Repository/Make Appointment/Hasil Facility' is: 'Hongkong CURA Healthcare Center'

2023-08-25 10:40:51 - [MESSAGE][PASSED] - Text of object 'Object Repository/Make Appointment/Hasil Facility' is: 'Hongkong CURA Healthcare Center'

2023-08-25 10:40:51 - [TEST_STEP][PASSED] - hasilReadmission = getText(findTestObject("Make Appointment/Hasil Hospital Readmission")): Text of object 'Object Repository/Make Appointment/Hasil Hospital Readmission' is: 'Yes'

2023-08-25 10:40:51 - [MESSAGE][PASSED] - Text of object 'Object Repository/Make Appointment/Hasil Hospital Readmission' is: 'Yes'

2023-08-25 10:40:51 - [TEST_STEP][PASSED] - hasilHealthCare = getText(findTestObject("Make Appointment/Hasil Healthcare Program")): Text of object 'Object Repository/Make Appointment/Hasil Healthcare Program' is: 'Medicaid'

2023-08-25 10:40:52 - [MESSAGE][PASSED] - Text of object 'Object Repository/Make Appointment/Hasil Healthcare Program' is: 'Medicaid'

2023-08-25 10:40:52 - [TEST_STEP][PASSED] - hasilVisitDate = getText(findTestObject("Make Appointment/Hasil Visit Date")): Text of object 'Object Repository/Make Appointment/Hasil Visit Date' is: '23/08/2023'

2023-08-25 10:40:52 - [MESSAGE][PASSED] - Text of object 'Object Repository/Make Appointment/Hasil Visit Date' is: '23/08/2023'

2023-08-25 10:40:52 - [TEST_STEP][PASSED] - hasilComment = getText(findTestObject("Make Appointment/Hasil Comment")): Text of object 'Object Repository/Make Appointment/Hasil Comment' is: 'Saya pesan'

2023-08-25 10:40:52 - [MESSAGE][PASSED] - Text of object 'Object Repository/Make Appointment/Hasil Comment' is: 'Saya pesan'

2023-08-25 10:40:52 - [TEST_STEP][PASSED] - assert trim().equalsIgnoreCase(facility.trim()): null

2023-08-25 10:40:52 - [TEST_STEP][PASSED] - assert trim().equalsIgnoreCase(hospital_readmission.trim()): null

2023-08-25 10:40:52 - [TEST_STEP][PASSED] - assert toLowerCase().equalsIgnoreCase(trim().toLowerCase()): null

2023-08-25 10:40:52 - [TEST_STEP][PASSED] - assert trim().equalsIgnoreCase(visit_date.trim()): null

2023-08-25 10:40:52 - [TEST_STEP][PASSED] - assert trim().equalsIgnoreCase(comment.trim()): null]]></system-out>
         <system-err><![CDATA[]]></system-err>
      </testcase>
      <testcase name="Test Cases/Appointment/Test Case 2.1 (Versi Dinamis)" time="15.972" classname="Test Cases/Appointment/Test Case 2.1 (Versi Dinamis)" status="PASSED">
         <system-out><![CDATA[2023-08-25 10:40:52 - [TEST_CASE][PASSED] - Test Cases/Appointment/Test Case 2.1 (Versi Dinamis): Test Cases/Appointment/Test Case 2.1 (Versi Dinamis)

2023-08-25 10:40:52 - [TEST_STEP][PASSED] - callTestCase(findTestCase("Login/Test Case 1.1 (Manual)"), ["username":username, "password":password], STOP_ON_FAILURE): Call Test Case 'Test Cases/Login/Test Case 1.1 (Manual)' successfully

2023-08-25 10:40:52 - [TEST_CASE][PASSED] - Test Cases/Login/Test Case 1.1 (Manual): Test Cases/Login/Test Case 1.1 (Manual)

2023-08-25 10:40:52 - [TEST_STEP][PASSED] - openBrowser(WEB_URL): Browser is opened with url: 'https://katalon-demo-cura.herokuapp.com/'

2023-08-25 10:40:52 - [MESSAGE][WARNING] - A browser is already opened. Closing browser and opening a new one

2023-08-25 10:40:53 - [MESSAGE][INFO] - Starting 'Edge Chromium' driver

2023-08-25 10:40:55 - [MESSAGE][INFO] - Action delay is set to 0 milliseconds

2023-08-25 10:40:59 - [MESSAGE][PASSED] - Browser is opened with url: 'https://katalon-demo-cura.herokuapp.com/'

2023-08-25 10:40:59 - [TEST_STEP][PASSED] - maximizeWindow(): Current window maximized

2023-08-25 10:40:59 - [MESSAGE][PASSED] - Current window maximized

2023-08-25 10:40:59 - [TEST_STEP][PASSED] - verifyElementPresent(findTestObject("Login/Title Home Page"), 10): Object 'Object Repository/Login/Title Home Page' is present

2023-08-25 10:40:59 - [MESSAGE][PASSED] - Object 'Object Repository/Login/Title Home Page' is present

2023-08-25 10:40:59 - [TEST_STEP][PASSED] - click(findTestObject("Login/Menu Burger")): Object: 'Object Repository/Login/Menu Burger' is clicked on

2023-08-25 10:40:59 - [MESSAGE][PASSED] - Object: 'Object Repository/Login/Menu Burger' is clicked on

2023-08-25 10:40:59 - [TEST_STEP][PASSED] - click(findTestObject("Login/Menu Login")): Object: 'Object Repository/Login/Menu Login' is clicked on

2023-08-25 10:41:00 - [MESSAGE][PASSED] - Object: 'Object Repository/Login/Menu Login' is clicked on

2023-08-25 10:41:00 - [TEST_STEP][PASSED] - verifyElementPresent(findTestObject("Login/Title Login"), 10): Object 'Object Repository/Login/Title Login' is present

2023-08-25 10:41:01 - [MESSAGE][PASSED] - Object 'Object Repository/Login/Title Login' is present

2023-08-25 10:41:01 - [TEST_STEP][PASSED] - setText(findTestObject("Login/Input Username Login"), username): Text 'John Doe' is set on object 'Object Repository/Login/Input Username Login'

2023-08-25 10:41:01 - [MESSAGE][PASSED] - Text 'John Doe' is set on object 'Object Repository/Login/Input Username Login'

2023-08-25 10:41:01 - [TEST_STEP][PASSED] - setEncryptedText(findTestObject("Login/Input Password Login"), password): Text ****** has been set on object 'Object Repository/Login/Input Password Login'

2023-08-25 10:41:02 - [MESSAGE][PASSED] - Text ****** has been set on object 'Object Repository/Login/Input Password Login'

2023-08-25 10:41:02 - [TEST_STEP][PASSED] - click(findTestObject("Login/Button Login")): Object: 'Object Repository/Login/Button Login' is clicked on

2023-08-25 10:41:03 - [MESSAGE][PASSED] - Object: 'Object Repository/Login/Button Login' is clicked on

2023-08-25 10:41:03 - [TEST_STEP][PASSED] - verifyElementPresent(findTestObject("Login/Title Make Appointment"), 10): Object 'Object Repository/Login/Title Make Appointment' is present

2023-08-25 10:41:03 - [MESSAGE][PASSED] - Object 'Object Repository/Login/Title Make Appointment' is present

2023-08-25 10:41:03 - [MESSAGE][PASSED] - Call Test Case 'Test Cases/Login/Test Case 1.1 (Manual)' successfully

2023-08-25 10:41:03 - [TEST_STEP][PASSED] - selectOptionByValue(findTestObject("Make Appointment/Select Drop Down Facility"), facility, false): All options with value 'Hongkong CURA Healthcare Center' are selected in object 'Object Repository/Make Appointment/Select Drop Down Facility' 

2023-08-25 10:41:04 - [MESSAGE][PASSED] - All options with value 'Hongkong CURA Healthcare Center' are selected in object 'Object Repository/Make Appointment/Select Drop Down Facility' 

2023-08-25 10:41:04 - [TEST_STEP][PASSED] - if (toString().equalsIgnoreCase("yes")): Object 'Object Repository/Make Appointment/Checkbox Hospital Readmission' is checked

2023-08-25 10:41:04 - [TEST_STEP][PASSED] - check(findTestObject("Make Appointment/Checkbox Hospital Readmission")): Object 'Object Repository/Make Appointment/Checkbox Hospital Readmission' is checked

2023-08-25 10:41:04 - [MESSAGE][PASSED] - Object 'Object Repository/Make Appointment/Checkbox Hospital Readmission' is checked

2023-08-25 10:41:04 - [TEST_STEP][PASSED] - if (toString().equalsIgnoreCase("medicare")): null

2023-08-25 10:41:04 - [TEST_STEP][PASSED] - else if (toString().equalsIgnoreCase("medicaid")): null

2023-08-25 10:41:04 - [TEST_STEP][PASSED] - else: Object 'Object Repository/Make Appointment/Radio None Programs' is checked

2023-08-25 10:41:04 - [TEST_STEP][PASSED] - check(findTestObject("Object Repository/Make Appointment/Radio None Programs")): Object 'Object Repository/Make Appointment/Radio None Programs' is checked

2023-08-25 10:41:04 - [MESSAGE][PASSED] - Object 'Object Repository/Make Appointment/Radio None Programs' is checked

2023-08-25 10:41:04 - [TEST_STEP][PASSED] - setText(findTestObject("Make Appointment/Input Visit Date"), visit_date): Text '23/08/2023' is set on object 'Object Repository/Make Appointment/Input Visit Date'

2023-08-25 10:41:05 - [MESSAGE][PASSED] - Text '23/08/2023' is set on object 'Object Repository/Make Appointment/Input Visit Date'

2023-08-25 10:41:05 - [TEST_STEP][PASSED] - setText(findTestObject("Make Appointment/Text Area Comment"), comment): Text 'Saya pesan' is set on object 'Object Repository/Make Appointment/Text Area Comment'

2023-08-25 10:41:06 - [MESSAGE][PASSED] - Text 'Saya pesan' is set on object 'Object Repository/Make Appointment/Text Area Comment'

2023-08-25 10:41:06 - [TEST_STEP][PASSED] - click(findTestObject("Make Appointment/Button Book Appointment")): Object: 'Object Repository/Make Appointment/Button Book Appointment' is clicked on

2023-08-25 10:41:06 - [MESSAGE][PASSED] - Object: 'Object Repository/Make Appointment/Button Book Appointment' is clicked on

2023-08-25 10:41:06 - [TEST_STEP][PASSED] - verifyElementPresent(findTestObject("Make Appointment/Title Appointment Confirmation"), 0): Object 'Object Repository/Make Appointment/Title Appointment Confirmation' is present

2023-08-25 10:41:07 - [MESSAGE][WARNING] - Timeout '0' is invalid. Using default page load timeout: '30'

2023-08-25 10:41:07 - [MESSAGE][PASSED] - Object 'Object Repository/Make Appointment/Title Appointment Confirmation' is present

2023-08-25 10:41:07 - [TEST_STEP][PASSED] - hasilFacility = getText(findTestObject("Object Repository/Make Appointment/Hasil Facility")): Text of object 'Object Repository/Make Appointment/Hasil Facility' is: 'Hongkong CURA Healthcare Center'

2023-08-25 10:41:07 - [MESSAGE][PASSED] - Text of object 'Object Repository/Make Appointment/Hasil Facility' is: 'Hongkong CURA Healthcare Center'

2023-08-25 10:41:07 - [TEST_STEP][PASSED] - hasilReadmission = getText(findTestObject("Make Appointment/Hasil Hospital Readmission")): Text of object 'Object Repository/Make Appointment/Hasil Hospital Readmission' is: 'Yes'

2023-08-25 10:41:07 - [MESSAGE][PASSED] - Text of object 'Object Repository/Make Appointment/Hasil Hospital Readmission' is: 'Yes'

2023-08-25 10:41:07 - [TEST_STEP][PASSED] - hasilHealthCare = getText(findTestObject("Make Appointment/Hasil Healthcare Program")): Text of object 'Object Repository/Make Appointment/Hasil Healthcare Program' is: 'None'

2023-08-25 10:41:08 - [MESSAGE][PASSED] - Text of object 'Object Repository/Make Appointment/Hasil Healthcare Program' is: 'None'

2023-08-25 10:41:08 - [TEST_STEP][PASSED] - hasilVisitDate = getText(findTestObject("Make Appointment/Hasil Visit Date")): Text of object 'Object Repository/Make Appointment/Hasil Visit Date' is: '23/08/2023'

2023-08-25 10:41:08 - [MESSAGE][PASSED] - Text of object 'Object Repository/Make Appointment/Hasil Visit Date' is: '23/08/2023'

2023-08-25 10:41:08 - [TEST_STEP][PASSED] - hasilComment = getText(findTestObject("Make Appointment/Hasil Comment")): Text of object 'Object Repository/Make Appointment/Hasil Comment' is: 'Saya pesan'

2023-08-25 10:41:08 - [MESSAGE][PASSED] - Text of object 'Object Repository/Make Appointment/Hasil Comment' is: 'Saya pesan'

2023-08-25 10:41:08 - [TEST_STEP][PASSED] - assert trim().equalsIgnoreCase(facility.trim()): null

2023-08-25 10:41:08 - [TEST_STEP][PASSED] - assert trim().equalsIgnoreCase(hospital_readmission.trim()): null

2023-08-25 10:41:08 - [TEST_STEP][PASSED] - assert toLowerCase().equalsIgnoreCase(trim().toLowerCase()): null

2023-08-25 10:41:08 - [TEST_STEP][PASSED] - assert trim().equalsIgnoreCase(visit_date.trim()): null

2023-08-25 10:41:08 - [TEST_STEP][PASSED] - assert trim().equalsIgnoreCase(comment.trim()): null]]></system-out>
         <system-err><![CDATA[]]></system-err>
      </testcase>
      <testcase name="Test Cases/Appointment/Test Case 2.1 (Versi Dinamis)" time="15.277" classname="Test Cases/Appointment/Test Case 2.1 (Versi Dinamis)" status="PASSED">
         <system-out><![CDATA[2023-08-25 10:41:08 - [TEST_CASE][PASSED] - Test Cases/Appointment/Test Case 2.1 (Versi Dinamis): Test Cases/Appointment/Test Case 2.1 (Versi Dinamis)

2023-08-25 10:41:08 - [TEST_STEP][PASSED] - callTestCase(findTestCase("Login/Test Case 1.1 (Manual)"), ["username":username, "password":password], STOP_ON_FAILURE): Call Test Case 'Test Cases/Login/Test Case 1.1 (Manual)' successfully

2023-08-25 10:41:08 - [TEST_CASE][PASSED] - Test Cases/Login/Test Case 1.1 (Manual): Test Cases/Login/Test Case 1.1 (Manual)

2023-08-25 10:41:08 - [TEST_STEP][PASSED] - openBrowser(WEB_URL): Browser is opened with url: 'https://katalon-demo-cura.herokuapp.com/'

2023-08-25 10:41:08 - [MESSAGE][WARNING] - A browser is already opened. Closing browser and opening a new one

2023-08-25 10:41:09 - [MESSAGE][INFO] - Starting 'Edge Chromium' driver

2023-08-25 10:41:11 - [MESSAGE][INFO] - Action delay is set to 0 milliseconds

2023-08-25 10:41:14 - [MESSAGE][PASSED] - Browser is opened with url: 'https://katalon-demo-cura.herokuapp.com/'

2023-08-25 10:41:14 - [TEST_STEP][PASSED] - maximizeWindow(): Current window maximized

2023-08-25 10:41:15 - [MESSAGE][PASSED] - Current window maximized

2023-08-25 10:41:15 - [TEST_STEP][PASSED] - verifyElementPresent(findTestObject("Login/Title Home Page"), 10): Object 'Object Repository/Login/Title Home Page' is present

2023-08-25 10:41:15 - [MESSAGE][PASSED] - Object 'Object Repository/Login/Title Home Page' is present

2023-08-25 10:41:15 - [TEST_STEP][PASSED] - click(findTestObject("Login/Menu Burger")): Object: 'Object Repository/Login/Menu Burger' is clicked on

2023-08-25 10:41:15 - [MESSAGE][PASSED] - Object: 'Object Repository/Login/Menu Burger' is clicked on

2023-08-25 10:41:15 - [TEST_STEP][PASSED] - click(findTestObject("Login/Menu Login")): Object: 'Object Repository/Login/Menu Login' is clicked on

2023-08-25 10:41:16 - [MESSAGE][PASSED] - Object: 'Object Repository/Login/Menu Login' is clicked on

2023-08-25 10:41:16 - [TEST_STEP][PASSED] - verifyElementPresent(findTestObject("Login/Title Login"), 10): Object 'Object Repository/Login/Title Login' is present

2023-08-25 10:41:16 - [MESSAGE][PASSED] - Object 'Object Repository/Login/Title Login' is present

2023-08-25 10:41:16 - [TEST_STEP][PASSED] - setText(findTestObject("Login/Input Username Login"), username): Text 'John Doe' is set on object 'Object Repository/Login/Input Username Login'

2023-08-25 10:41:17 - [MESSAGE][PASSED] - Text 'John Doe' is set on object 'Object Repository/Login/Input Username Login'

2023-08-25 10:41:17 - [TEST_STEP][PASSED] - setEncryptedText(findTestObject("Login/Input Password Login"), password): Text ****** has been set on object 'Object Repository/Login/Input Password Login'

2023-08-25 10:41:17 - [MESSAGE][PASSED] - Text ****** has been set on object 'Object Repository/Login/Input Password Login'

2023-08-25 10:41:17 - [TEST_STEP][PASSED] - click(findTestObject("Login/Button Login")): Object: 'Object Repository/Login/Button Login' is clicked on

2023-08-25 10:41:18 - [MESSAGE][PASSED] - Object: 'Object Repository/Login/Button Login' is clicked on

2023-08-25 10:41:18 - [TEST_STEP][PASSED] - verifyElementPresent(findTestObject("Login/Title Make Appointment"), 10): Object 'Object Repository/Login/Title Make Appointment' is present

2023-08-25 10:41:19 - [MESSAGE][PASSED] - Object 'Object Repository/Login/Title Make Appointment' is present

2023-08-25 10:41:19 - [MESSAGE][PASSED] - Call Test Case 'Test Cases/Login/Test Case 1.1 (Manual)' successfully

2023-08-25 10:41:19 - [TEST_STEP][PASSED] - selectOptionByValue(findTestObject("Make Appointment/Select Drop Down Facility"), facility, false): All options with value 'Hongkong CURA Healthcare Center' are selected in object 'Object Repository/Make Appointment/Select Drop Down Facility' 

2023-08-25 10:41:19 - [MESSAGE][PASSED] - All options with value 'Hongkong CURA Healthcare Center' are selected in object 'Object Repository/Make Appointment/Select Drop Down Facility' 

2023-08-25 10:41:19 - [TEST_STEP][PASSED] - if (toString().equalsIgnoreCase("yes")): null

2023-08-25 10:41:19 - [TEST_STEP][PASSED] - if (toString().equalsIgnoreCase("medicare")): Object 'Object Repository/Make Appointment/Radio Medicare Programs' is checked

2023-08-25 10:41:19 - [TEST_STEP][PASSED] - check(findTestObject("Object Repository/Make Appointment/Radio Medicare Programs")): Object 'Object Repository/Make Appointment/Radio Medicare Programs' is checked

2023-08-25 10:41:20 - [MESSAGE][PASSED] - Object 'Object Repository/Make Appointment/Radio Medicare Programs' is checked

2023-08-25 10:41:20 - [TEST_STEP][PASSED] - setText(findTestObject("Make Appointment/Input Visit Date"), visit_date): Text '23/08/2023' is set on object 'Object Repository/Make Appointment/Input Visit Date'

2023-08-25 10:41:20 - [MESSAGE][PASSED] - Text '23/08/2023' is set on object 'Object Repository/Make Appointment/Input Visit Date'

2023-08-25 10:41:20 - [TEST_STEP][PASSED] - setText(findTestObject("Make Appointment/Text Area Comment"), comment): Text 'Saya pesan' is set on object 'Object Repository/Make Appointment/Text Area Comment'

2023-08-25 10:41:21 - [MESSAGE][PASSED] - Text 'Saya pesan' is set on object 'Object Repository/Make Appointment/Text Area Comment'

2023-08-25 10:41:21 - [TEST_STEP][PASSED] - click(findTestObject("Make Appointment/Button Book Appointment")): Object: 'Object Repository/Make Appointment/Button Book Appointment' is clicked on

2023-08-25 10:41:22 - [MESSAGE][PASSED] - Object: 'Object Repository/Make Appointment/Button Book Appointment' is clicked on

2023-08-25 10:41:22 - [TEST_STEP][PASSED] - verifyElementPresent(findTestObject("Make Appointment/Title Appointment Confirmation"), 0): Object 'Object Repository/Make Appointment/Title Appointment Confirmation' is present

2023-08-25 10:41:22 - [MESSAGE][WARNING] - Timeout '0' is invalid. Using default page load timeout: '30'

2023-08-25 10:41:22 - [MESSAGE][PASSED] - Object 'Object Repository/Make Appointment/Title Appointment Confirmation' is present

2023-08-25 10:41:22 - [TEST_STEP][PASSED] - hasilFacility = getText(findTestObject("Object Repository/Make Appointment/Hasil Facility")): Text of object 'Object Repository/Make Appointment/Hasil Facility' is: 'Hongkong CURA Healthcare Center'

2023-08-25 10:41:22 - [MESSAGE][PASSED] - Text of object 'Object Repository/Make Appointment/Hasil Facility' is: 'Hongkong CURA Healthcare Center'

2023-08-25 10:41:22 - [TEST_STEP][PASSED] - hasilReadmission = getText(findTestObject("Make Appointment/Hasil Hospital Readmission")): Text of object 'Object Repository/Make Appointment/Hasil Hospital Readmission' is: 'No'

2023-08-25 10:41:23 - [MESSAGE][PASSED] - Text of object 'Object Repository/Make Appointment/Hasil Hospital Readmission' is: 'No'

2023-08-25 10:41:23 - [TEST_STEP][PASSED] - hasilHealthCare = getText(findTestObject("Make Appointment/Hasil Healthcare Program")): Text of object 'Object Repository/Make Appointment/Hasil Healthcare Program' is: 'Medicare'

2023-08-25 10:41:23 - [MESSAGE][PASSED] - Text of object 'Object Repository/Make Appointment/Hasil Healthcare Program' is: 'Medicare'

2023-08-25 10:41:23 - [TEST_STEP][PASSED] - hasilVisitDate = getText(findTestObject("Make Appointment/Hasil Visit Date")): Text of object 'Object Repository/Make Appointment/Hasil Visit Date' is: '23/08/2023'

2023-08-25 10:41:23 - [MESSAGE][PASSED] - Text of object 'Object Repository/Make Appointment/Hasil Visit Date' is: '23/08/2023'

2023-08-25 10:41:23 - [TEST_STEP][PASSED] - hasilComment = getText(findTestObject("Make Appointment/Hasil Comment")): Text of object 'Object Repository/Make Appointment/Hasil Comment' is: 'Saya pesan'

2023-08-25 10:41:24 - [MESSAGE][PASSED] - Text of object 'Object Repository/Make Appointment/Hasil Comment' is: 'Saya pesan'

2023-08-25 10:41:24 - [TEST_STEP][PASSED] - assert trim().equalsIgnoreCase(facility.trim()): null

2023-08-25 10:41:24 - [TEST_STEP][PASSED] - assert trim().equalsIgnoreCase(hospital_readmission.trim()): null

2023-08-25 10:41:24 - [TEST_STEP][PASSED] - assert toLowerCase().equalsIgnoreCase(trim().toLowerCase()): null

2023-08-25 10:41:24 - [TEST_STEP][PASSED] - assert trim().equalsIgnoreCase(visit_date.trim()): null

2023-08-25 10:41:24 - [TEST_STEP][PASSED] - assert trim().equalsIgnoreCase(comment.trim()): null]]></system-out>
         <system-err><![CDATA[]]></system-err>
      </testcase>
      <testcase name="Test Cases/Appointment/Test Case 2.1 (Versi Dinamis)" time="15.527" classname="Test Cases/Appointment/Test Case 2.1 (Versi Dinamis)" status="PASSED">
         <system-out><![CDATA[2023-08-25 10:41:24 - [TEST_CASE][PASSED] - Test Cases/Appointment/Test Case 2.1 (Versi Dinamis): Test Cases/Appointment/Test Case 2.1 (Versi Dinamis)

2023-08-25 10:41:24 - [TEST_STEP][PASSED] - callTestCase(findTestCase("Login/Test Case 1.1 (Manual)"), ["username":username, "password":password], STOP_ON_FAILURE): Call Test Case 'Test Cases/Login/Test Case 1.1 (Manual)' successfully

2023-08-25 10:41:24 - [TEST_CASE][PASSED] - Test Cases/Login/Test Case 1.1 (Manual): Test Cases/Login/Test Case 1.1 (Manual)

2023-08-25 10:41:24 - [TEST_STEP][PASSED] - openBrowser(WEB_URL): Browser is opened with url: 'https://katalon-demo-cura.herokuapp.com/'

2023-08-25 10:41:24 - [MESSAGE][WARNING] - A browser is already opened. Closing browser and opening a new one

2023-08-25 10:41:25 - [MESSAGE][INFO] - Starting 'Edge Chromium' driver

2023-08-25 10:41:27 - [MESSAGE][INFO] - Action delay is set to 0 milliseconds

2023-08-25 10:41:30 - [MESSAGE][PASSED] - Browser is opened with url: 'https://katalon-demo-cura.herokuapp.com/'

2023-08-25 10:41:30 - [TEST_STEP][PASSED] - maximizeWindow(): Current window maximized

2023-08-25 10:41:30 - [MESSAGE][PASSED] - Current window maximized

2023-08-25 10:41:30 - [TEST_STEP][PASSED] - verifyElementPresent(findTestObject("Login/Title Home Page"), 10): Object 'Object Repository/Login/Title Home Page' is present

2023-08-25 10:41:30 - [MESSAGE][PASSED] - Object 'Object Repository/Login/Title Home Page' is present

2023-08-25 10:41:30 - [TEST_STEP][PASSED] - click(findTestObject("Login/Menu Burger")): Object: 'Object Repository/Login/Menu Burger' is clicked on

2023-08-25 10:41:31 - [MESSAGE][PASSED] - Object: 'Object Repository/Login/Menu Burger' is clicked on

2023-08-25 10:41:31 - [TEST_STEP][PASSED] - click(findTestObject("Login/Menu Login")): Object: 'Object Repository/Login/Menu Login' is clicked on

2023-08-25 10:41:32 - [MESSAGE][PASSED] - Object: 'Object Repository/Login/Menu Login' is clicked on

2023-08-25 10:41:32 - [TEST_STEP][PASSED] - verifyElementPresent(findTestObject("Login/Title Login"), 10): Object 'Object Repository/Login/Title Login' is present

2023-08-25 10:41:32 - [MESSAGE][PASSED] - Object 'Object Repository/Login/Title Login' is present

2023-08-25 10:41:32 - [TEST_STEP][PASSED] - setText(findTestObject("Login/Input Username Login"), username): Text 'John Doe' is set on object 'Object Repository/Login/Input Username Login'

2023-08-25 10:41:33 - [MESSAGE][PASSED] - Text 'John Doe' is set on object 'Object Repository/Login/Input Username Login'

2023-08-25 10:41:33 - [TEST_STEP][PASSED] - setEncryptedText(findTestObject("Login/Input Password Login"), password): Text ****** has been set on object 'Object Repository/Login/Input Password Login'

2023-08-25 10:41:33 - [MESSAGE][PASSED] - Text ****** has been set on object 'Object Repository/Login/Input Password Login'

2023-08-25 10:41:33 - [TEST_STEP][PASSED] - click(findTestObject("Login/Button Login")): Object: 'Object Repository/Login/Button Login' is clicked on

2023-08-25 10:41:34 - [MESSAGE][PASSED] - Object: 'Object Repository/Login/Button Login' is clicked on

2023-08-25 10:41:34 - [TEST_STEP][PASSED] - verifyElementPresent(findTestObject("Login/Title Make Appointment"), 10): Object 'Object Repository/Login/Title Make Appointment' is present

2023-08-25 10:41:34 - [MESSAGE][PASSED] - Object 'Object Repository/Login/Title Make Appointment' is present

2023-08-25 10:41:34 - [MESSAGE][PASSED] - Call Test Case 'Test Cases/Login/Test Case 1.1 (Manual)' successfully

2023-08-25 10:41:34 - [TEST_STEP][PASSED] - selectOptionByValue(findTestObject("Make Appointment/Select Drop Down Facility"), facility, false): All options with value 'Hongkong CURA Healthcare Center' are selected in object 'Object Repository/Make Appointment/Select Drop Down Facility' 

2023-08-25 10:41:35 - [MESSAGE][PASSED] - All options with value 'Hongkong CURA Healthcare Center' are selected in object 'Object Repository/Make Appointment/Select Drop Down Facility' 

2023-08-25 10:41:35 - [TEST_STEP][PASSED] - if (toString().equalsIgnoreCase("yes")): null

2023-08-25 10:41:35 - [TEST_STEP][PASSED] - if (toString().equalsIgnoreCase("medicare")): null

2023-08-25 10:41:35 - [TEST_STEP][PASSED] - else if (toString().equalsIgnoreCase("medicaid")): Object 'Object Repository/Make Appointment/Radio Medicaid Programs' is checked

2023-08-25 10:41:35 - [TEST_STEP][PASSED] - check(findTestObject("Object Repository/Make Appointment/Radio Medicaid Programs")): Object 'Object Repository/Make Appointment/Radio Medicaid Programs' is checked

2023-08-25 10:41:35 - [MESSAGE][PASSED] - Object 'Object Repository/Make Appointment/Radio Medicaid Programs' is checked

2023-08-25 10:41:35 - [TEST_STEP][PASSED] - setText(findTestObject("Make Appointment/Input Visit Date"), visit_date): Text '23/08/2023' is set on object 'Object Repository/Make Appointment/Input Visit Date'

2023-08-25 10:41:36 - [MESSAGE][PASSED] - Text '23/08/2023' is set on object 'Object Repository/Make Appointment/Input Visit Date'

2023-08-25 10:41:36 - [TEST_STEP][PASSED] - setText(findTestObject("Make Appointment/Text Area Comment"), comment): Text 'Saya pesan' is set on object 'Object Repository/Make Appointment/Text Area Comment'

2023-08-25 10:41:37 - [MESSAGE][PASSED] - Text 'Saya pesan' is set on object 'Object Repository/Make Appointment/Text Area Comment'

2023-08-25 10:41:37 - [TEST_STEP][PASSED] - click(findTestObject("Make Appointment/Button Book Appointment")): Object: 'Object Repository/Make Appointment/Button Book Appointment' is clicked on

2023-08-25 10:41:37 - [MESSAGE][PASSED] - Object: 'Object Repository/Make Appointment/Button Book Appointment' is clicked on

2023-08-25 10:41:37 - [TEST_STEP][PASSED] - verifyElementPresent(findTestObject("Make Appointment/Title Appointment Confirmation"), 0): Object 'Object Repository/Make Appointment/Title Appointment Confirmation' is present

2023-08-25 10:41:37 - [MESSAGE][WARNING] - Timeout '0' is invalid. Using default page load timeout: '30'

2023-08-25 10:41:38 - [MESSAGE][PASSED] - Object 'Object Repository/Make Appointment/Title Appointment Confirmation' is present

2023-08-25 10:41:38 - [TEST_STEP][PASSED] - hasilFacility = getText(findTestObject("Object Repository/Make Appointment/Hasil Facility")): Text of object 'Object Repository/Make Appointment/Hasil Facility' is: 'Hongkong CURA Healthcare Center'

2023-08-25 10:41:38 - [MESSAGE][PASSED] - Text of object 'Object Repository/Make Appointment/Hasil Facility' is: 'Hongkong CURA Healthcare Center'

2023-08-25 10:41:38 - [TEST_STEP][PASSED] - hasilReadmission = getText(findTestObject("Make Appointment/Hasil Hospital Readmission")): Text of object 'Object Repository/Make Appointment/Hasil Hospital Readmission' is: 'No'

2023-08-25 10:41:38 - [MESSAGE][PASSED] - Text of object 'Object Repository/Make Appointment/Hasil Hospital Readmission' is: 'No'

2023-08-25 10:41:38 - [TEST_STEP][PASSED] - hasilHealthCare = getText(findTestObject("Make Appointment/Hasil Healthcare Program")): Text of object 'Object Repository/Make Appointment/Hasil Healthcare Program' is: 'Medicaid'

2023-08-25 10:41:39 - [MESSAGE][PASSED] - Text of object 'Object Repository/Make Appointment/Hasil Healthcare Program' is: 'Medicaid'

2023-08-25 10:41:39 - [TEST_STEP][PASSED] - hasilVisitDate = getText(findTestObject("Make Appointment/Hasil Visit Date")): Text of object 'Object Repository/Make Appointment/Hasil Visit Date' is: '23/08/2023'

2023-08-25 10:41:39 - [MESSAGE][PASSED] - Text of object 'Object Repository/Make Appointment/Hasil Visit Date' is: '23/08/2023'

2023-08-25 10:41:39 - [TEST_STEP][PASSED] - hasilComment = getText(findTestObject("Make Appointment/Hasil Comment")): Text of object 'Object Repository/Make Appointment/Hasil Comment' is: 'Saya pesan'

2023-08-25 10:41:39 - [MESSAGE][PASSED] - Text of object 'Object Repository/Make Appointment/Hasil Comment' is: 'Saya pesan'

2023-08-25 10:41:39 - [TEST_STEP][PASSED] - assert trim().equalsIgnoreCase(facility.trim()): null

2023-08-25 10:41:39 - [TEST_STEP][PASSED] - assert trim().equalsIgnoreCase(hospital_readmission.trim()): null

2023-08-25 10:41:39 - [TEST_STEP][PASSED] - assert toLowerCase().equalsIgnoreCase(trim().toLowerCase()): null

2023-08-25 10:41:39 - [TEST_STEP][PASSED] - assert trim().equalsIgnoreCase(visit_date.trim()): null

2023-08-25 10:41:39 - [TEST_STEP][PASSED] - assert trim().equalsIgnoreCase(comment.trim()): null]]></system-out>
         <system-err><![CDATA[]]></system-err>
      </testcase>
      <testcase name="Test Cases/Appointment/Test Case 2.1 (Versi Dinamis)" time="15.821" classname="Test Cases/Appointment/Test Case 2.1 (Versi Dinamis)" status="PASSED">
         <system-out><![CDATA[2023-08-25 10:41:39 - [TEST_CASE][PASSED] - Test Cases/Appointment/Test Case 2.1 (Versi Dinamis): Test Cases/Appointment/Test Case 2.1 (Versi Dinamis)

2023-08-25 10:41:39 - [TEST_STEP][PASSED] - callTestCase(findTestCase("Login/Test Case 1.1 (Manual)"), ["username":username, "password":password], STOP_ON_FAILURE): Call Test Case 'Test Cases/Login/Test Case 1.1 (Manual)' successfully

2023-08-25 10:41:39 - [TEST_CASE][PASSED] - Test Cases/Login/Test Case 1.1 (Manual): Test Cases/Login/Test Case 1.1 (Manual)

2023-08-25 10:41:39 - [TEST_STEP][PASSED] - openBrowser(WEB_URL): Browser is opened with url: 'https://katalon-demo-cura.herokuapp.com/'

2023-08-25 10:41:39 - [MESSAGE][WARNING] - A browser is already opened. Closing browser and opening a new one

2023-08-25 10:41:40 - [MESSAGE][INFO] - Starting 'Edge Chromium' driver

2023-08-25 10:41:42 - [MESSAGE][INFO] - Action delay is set to 0 milliseconds

2023-08-25 10:41:45 - [MESSAGE][PASSED] - Browser is opened with url: 'https://katalon-demo-cura.herokuapp.com/'

2023-08-25 10:41:45 - [TEST_STEP][PASSED] - maximizeWindow(): Current window maximized

2023-08-25 10:41:45 - [MESSAGE][PASSED] - Current window maximized

2023-08-25 10:41:45 - [TEST_STEP][PASSED] - verifyElementPresent(findTestObject("Login/Title Home Page"), 10): Object 'Object Repository/Login/Title Home Page' is present

2023-08-25 10:41:46 - [MESSAGE][PASSED] - Object 'Object Repository/Login/Title Home Page' is present

2023-08-25 10:41:46 - [TEST_STEP][PASSED] - click(findTestObject("Login/Menu Burger")): Object: 'Object Repository/Login/Menu Burger' is clicked on

2023-08-25 10:41:46 - [MESSAGE][PASSED] - Object: 'Object Repository/Login/Menu Burger' is clicked on

2023-08-25 10:41:46 - [TEST_STEP][PASSED] - click(findTestObject("Login/Menu Login")): Object: 'Object Repository/Login/Menu Login' is clicked on

2023-08-25 10:41:47 - [MESSAGE][PASSED] - Object: 'Object Repository/Login/Menu Login' is clicked on

2023-08-25 10:41:47 - [TEST_STEP][PASSED] - verifyElementPresent(findTestObject("Login/Title Login"), 10): Object 'Object Repository/Login/Title Login' is present

2023-08-25 10:41:47 - [MESSAGE][PASSED] - Object 'Object Repository/Login/Title Login' is present

2023-08-25 10:41:47 - [TEST_STEP][PASSED] - setText(findTestObject("Login/Input Username Login"), username): Text 'John Doe' is set on object 'Object Repository/Login/Input Username Login'

2023-08-25 10:41:48 - [MESSAGE][PASSED] - Text 'John Doe' is set on object 'Object Repository/Login/Input Username Login'

2023-08-25 10:41:48 - [TEST_STEP][PASSED] - setEncryptedText(findTestObject("Login/Input Password Login"), password): Text ****** has been set on object 'Object Repository/Login/Input Password Login'

2023-08-25 10:41:48 - [MESSAGE][PASSED] - Text ****** has been set on object 'Object Repository/Login/Input Password Login'

2023-08-25 10:41:48 - [TEST_STEP][PASSED] - click(findTestObject("Login/Button Login")): Object: 'Object Repository/Login/Button Login' is clicked on

2023-08-25 10:41:49 - [MESSAGE][PASSED] - Object: 'Object Repository/Login/Button Login' is clicked on

2023-08-25 10:41:49 - [TEST_STEP][PASSED] - verifyElementPresent(findTestObject("Login/Title Make Appointment"), 10): Object 'Object Repository/Login/Title Make Appointment' is present

2023-08-25 10:41:50 - [MESSAGE][PASSED] - Object 'Object Repository/Login/Title Make Appointment' is present

2023-08-25 10:41:50 - [MESSAGE][PASSED] - Call Test Case 'Test Cases/Login/Test Case 1.1 (Manual)' successfully

2023-08-25 10:41:50 - [TEST_STEP][PASSED] - selectOptionByValue(findTestObject("Make Appointment/Select Drop Down Facility"), facility, false): All options with value 'Seoul CURA Healthcare Center' are selected in object 'Object Repository/Make Appointment/Select Drop Down Facility' 

2023-08-25 10:41:50 - [MESSAGE][PASSED] - All options with value 'Seoul CURA Healthcare Center' are selected in object 'Object Repository/Make Appointment/Select Drop Down Facility' 

2023-08-25 10:41:50 - [TEST_STEP][PASSED] - if (toString().equalsIgnoreCase("yes")): Object 'Object Repository/Make Appointment/Checkbox Hospital Readmission' is checked

2023-08-25 10:41:50 - [TEST_STEP][PASSED] - check(findTestObject("Make Appointment/Checkbox Hospital Readmission")): Object 'Object Repository/Make Appointment/Checkbox Hospital Readmission' is checked

2023-08-25 10:41:51 - [MESSAGE][PASSED] - Object 'Object Repository/Make Appointment/Checkbox Hospital Readmission' is checked

2023-08-25 10:41:51 - [TEST_STEP][PASSED] - if (toString().equalsIgnoreCase("medicare")): Object 'Object Repository/Make Appointment/Radio Medicare Programs' is checked

2023-08-25 10:41:51 - [TEST_STEP][PASSED] - check(findTestObject("Object Repository/Make Appointment/Radio Medicare Programs")): Object 'Object Repository/Make Appointment/Radio Medicare Programs' is checked

2023-08-25 10:41:51 - [MESSAGE][PASSED] - Object 'Object Repository/Make Appointment/Radio Medicare Programs' is checked

2023-08-25 10:41:51 - [TEST_STEP][PASSED] - setText(findTestObject("Make Appointment/Input Visit Date"), visit_date): Text '23/08/2023' is set on object 'Object Repository/Make Appointment/Input Visit Date'

2023-08-25 10:41:52 - [MESSAGE][PASSED] - Text '23/08/2023' is set on object 'Object Repository/Make Appointment/Input Visit Date'

2023-08-25 10:41:52 - [TEST_STEP][PASSED] - setText(findTestObject("Make Appointment/Text Area Comment"), comment): Text 'Saya pesan' is set on object 'Object Repository/Make Appointment/Text Area Comment'

2023-08-25 10:41:53 - [MESSAGE][PASSED] - Text 'Saya pesan' is set on object 'Object Repository/Make Appointment/Text Area Comment'

2023-08-25 10:41:53 - [TEST_STEP][PASSED] - click(findTestObject("Make Appointment/Button Book Appointment")): Object: 'Object Repository/Make Appointment/Button Book Appointment' is clicked on

2023-08-25 10:41:53 - [MESSAGE][PASSED] - Object: 'Object Repository/Make Appointment/Button Book Appointment' is clicked on

2023-08-25 10:41:53 - [TEST_STEP][PASSED] - verifyElementPresent(findTestObject("Make Appointment/Title Appointment Confirmation"), 0): Object 'Object Repository/Make Appointment/Title Appointment Confirmation' is present

2023-08-25 10:41:53 - [MESSAGE][WARNING] - Timeout '0' is invalid. Using default page load timeout: '30'

2023-08-25 10:41:53 - [MESSAGE][PASSED] - Object 'Object Repository/Make Appointment/Title Appointment Confirmation' is present

2023-08-25 10:41:53 - [TEST_STEP][PASSED] - hasilFacility = getText(findTestObject("Object Repository/Make Appointment/Hasil Facility")): Text of object 'Object Repository/Make Appointment/Hasil Facility' is: 'Seoul CURA Healthcare Center'

2023-08-25 10:41:54 - [MESSAGE][PASSED] - Text of object 'Object Repository/Make Appointment/Hasil Facility' is: 'Seoul CURA Healthcare Center'

2023-08-25 10:41:54 - [TEST_STEP][PASSED] - hasilReadmission = getText(findTestObject("Make Appointment/Hasil Hospital Readmission")): Text of object 'Object Repository/Make Appointment/Hasil Hospital Readmission' is: 'Yes'

2023-08-25 10:41:54 - [MESSAGE][PASSED] - Text of object 'Object Repository/Make Appointment/Hasil Hospital Readmission' is: 'Yes'

2023-08-25 10:41:54 - [TEST_STEP][PASSED] - hasilHealthCare = getText(findTestObject("Make Appointment/Hasil Healthcare Program")): Text of object 'Object Repository/Make Appointment/Hasil Healthcare Program' is: 'Medicare'

2023-08-25 10:41:54 - [MESSAGE][PASSED] - Text of object 'Object Repository/Make Appointment/Hasil Healthcare Program' is: 'Medicare'

2023-08-25 10:41:54 - [TEST_STEP][PASSED] - hasilVisitDate = getText(findTestObject("Make Appointment/Hasil Visit Date")): Text of object 'Object Repository/Make Appointment/Hasil Visit Date' is: '23/08/2023'

2023-08-25 10:41:55 - [MESSAGE][PASSED] - Text of object 'Object Repository/Make Appointment/Hasil Visit Date' is: '23/08/2023'

2023-08-25 10:41:55 - [TEST_STEP][PASSED] - hasilComment = getText(findTestObject("Make Appointment/Hasil Comment")): Text of object 'Object Repository/Make Appointment/Hasil Comment' is: 'Saya pesan'

2023-08-25 10:41:55 - [MESSAGE][PASSED] - Text of object 'Object Repository/Make Appointment/Hasil Comment' is: 'Saya pesan'

2023-08-25 10:41:55 - [TEST_STEP][PASSED] - assert trim().equalsIgnoreCase(facility.trim()): null

2023-08-25 10:41:55 - [TEST_STEP][PASSED] - assert trim().equalsIgnoreCase(hospital_readmission.trim()): null

2023-08-25 10:41:55 - [TEST_STEP][PASSED] - assert toLowerCase().equalsIgnoreCase(trim().toLowerCase()): null

2023-08-25 10:41:55 - [TEST_STEP][PASSED] - assert trim().equalsIgnoreCase(visit_date.trim()): null

2023-08-25 10:41:55 - [TEST_STEP][PASSED] - assert trim().equalsIgnoreCase(comment.trim()): null]]></system-out>
         <system-err><![CDATA[]]></system-err>
      </testcase>
      <testcase name="Test Cases/Appointment/Test Case 2.1 (Versi Dinamis)" time="15.807" classname="Test Cases/Appointment/Test Case 2.1 (Versi Dinamis)" status="PASSED">
         <system-out><![CDATA[2023-08-25 10:41:55 - [TEST_CASE][PASSED] - Test Cases/Appointment/Test Case 2.1 (Versi Dinamis): Test Cases/Appointment/Test Case 2.1 (Versi Dinamis)

2023-08-25 10:41:55 - [TEST_STEP][PASSED] - callTestCase(findTestCase("Login/Test Case 1.1 (Manual)"), ["username":username, "password":password], STOP_ON_FAILURE): Call Test Case 'Test Cases/Login/Test Case 1.1 (Manual)' successfully

2023-08-25 10:41:55 - [TEST_CASE][PASSED] - Test Cases/Login/Test Case 1.1 (Manual): Test Cases/Login/Test Case 1.1 (Manual)

2023-08-25 10:41:55 - [TEST_STEP][PASSED] - openBrowser(WEB_URL): Browser is opened with url: 'https://katalon-demo-cura.herokuapp.com/'

2023-08-25 10:41:55 - [MESSAGE][WARNING] - A browser is already opened. Closing browser and opening a new one

2023-08-25 10:41:56 - [MESSAGE][INFO] - Starting 'Edge Chromium' driver

2023-08-25 10:41:58 - [MESSAGE][INFO] - Action delay is set to 0 milliseconds

2023-08-25 10:42:01 - [MESSAGE][PASSED] - Browser is opened with url: 'https://katalon-demo-cura.herokuapp.com/'

2023-08-25 10:42:01 - [TEST_STEP][PASSED] - maximizeWindow(): Current window maximized

2023-08-25 10:42:01 - [MESSAGE][PASSED] - Current window maximized

2023-08-25 10:42:01 - [TEST_STEP][PASSED] - verifyElementPresent(findTestObject("Login/Title Home Page"), 10): Object 'Object Repository/Login/Title Home Page' is present

2023-08-25 10:42:02 - [MESSAGE][PASSED] - Object 'Object Repository/Login/Title Home Page' is present

2023-08-25 10:42:02 - [TEST_STEP][PASSED] - click(findTestObject("Login/Menu Burger")): Object: 'Object Repository/Login/Menu Burger' is clicked on

2023-08-25 10:42:02 - [MESSAGE][PASSED] - Object: 'Object Repository/Login/Menu Burger' is clicked on

2023-08-25 10:42:02 - [TEST_STEP][PASSED] - click(findTestObject("Login/Menu Login")): Object: 'Object Repository/Login/Menu Login' is clicked on

2023-08-25 10:42:03 - [MESSAGE][PASSED] - Object: 'Object Repository/Login/Menu Login' is clicked on

2023-08-25 10:42:03 - [TEST_STEP][PASSED] - verifyElementPresent(findTestObject("Login/Title Login"), 10): Object 'Object Repository/Login/Title Login' is present

2023-08-25 10:42:03 - [MESSAGE][PASSED] - Object 'Object Repository/Login/Title Login' is present

2023-08-25 10:42:03 - [TEST_STEP][PASSED] - setText(findTestObject("Login/Input Username Login"), username): Text 'John Doe' is set on object 'Object Repository/Login/Input Username Login'

2023-08-25 10:42:04 - [MESSAGE][PASSED] - Text 'John Doe' is set on object 'Object Repository/Login/Input Username Login'

2023-08-25 10:42:04 - [TEST_STEP][PASSED] - setEncryptedText(findTestObject("Login/Input Password Login"), password): Text ****** has been set on object 'Object Repository/Login/Input Password Login'

2023-08-25 10:42:04 - [MESSAGE][PASSED] - Text ****** has been set on object 'Object Repository/Login/Input Password Login'

2023-08-25 10:42:04 - [TEST_STEP][PASSED] - click(findTestObject("Login/Button Login")): Object: 'Object Repository/Login/Button Login' is clicked on

2023-08-25 10:42:05 - [MESSAGE][PASSED] - Object: 'Object Repository/Login/Button Login' is clicked on

2023-08-25 10:42:05 - [TEST_STEP][PASSED] - verifyElementPresent(findTestObject("Login/Title Make Appointment"), 10): Object 'Object Repository/Login/Title Make Appointment' is present

2023-08-25 10:42:05 - [MESSAGE][PASSED] - Object 'Object Repository/Login/Title Make Appointment' is present

2023-08-25 10:42:05 - [MESSAGE][PASSED] - Call Test Case 'Test Cases/Login/Test Case 1.1 (Manual)' successfully

2023-08-25 10:42:05 - [TEST_STEP][PASSED] - selectOptionByValue(findTestObject("Make Appointment/Select Drop Down Facility"), facility, false): All options with value 'Seoul CURA Healthcare Center' are selected in object 'Object Repository/Make Appointment/Select Drop Down Facility' 

2023-08-25 10:42:06 - [MESSAGE][PASSED] - All options with value 'Seoul CURA Healthcare Center' are selected in object 'Object Repository/Make Appointment/Select Drop Down Facility' 

2023-08-25 10:42:06 - [TEST_STEP][PASSED] - if (toString().equalsIgnoreCase("yes")): Object 'Object Repository/Make Appointment/Checkbox Hospital Readmission' is checked

2023-08-25 10:42:06 - [TEST_STEP][PASSED] - check(findTestObject("Make Appointment/Checkbox Hospital Readmission")): Object 'Object Repository/Make Appointment/Checkbox Hospital Readmission' is checked

2023-08-25 10:42:06 - [MESSAGE][PASSED] - Object 'Object Repository/Make Appointment/Checkbox Hospital Readmission' is checked

2023-08-25 10:42:06 - [TEST_STEP][PASSED] - if (toString().equalsIgnoreCase("medicare")): null

2023-08-25 10:42:06 - [TEST_STEP][PASSED] - else if (toString().equalsIgnoreCase("medicaid")): Object 'Object Repository/Make Appointment/Radio Medicaid Programs' is checked

2023-08-25 10:42:06 - [TEST_STEP][PASSED] - check(findTestObject("Object Repository/Make Appointment/Radio Medicaid Programs")): Object 'Object Repository/Make Appointment/Radio Medicaid Programs' is checked

2023-08-25 10:42:07 - [MESSAGE][PASSED] - Object 'Object Repository/Make Appointment/Radio Medicaid Programs' is checked

2023-08-25 10:42:07 - [TEST_STEP][PASSED] - setText(findTestObject("Make Appointment/Input Visit Date"), visit_date): Text '23/08/2023' is set on object 'Object Repository/Make Appointment/Input Visit Date'

2023-08-25 10:42:08 - [MESSAGE][PASSED] - Text '23/08/2023' is set on object 'Object Repository/Make Appointment/Input Visit Date'

2023-08-25 10:42:08 - [TEST_STEP][PASSED] - setText(findTestObject("Make Appointment/Text Area Comment"), comment): Text 'Saya pesan' is set on object 'Object Repository/Make Appointment/Text Area Comment'

2023-08-25 10:42:08 - [MESSAGE][PASSED] - Text 'Saya pesan' is set on object 'Object Repository/Make Appointment/Text Area Comment'

2023-08-25 10:42:08 - [TEST_STEP][PASSED] - click(findTestObject("Make Appointment/Button Book Appointment")): Object: 'Object Repository/Make Appointment/Button Book Appointment' is clicked on

2023-08-25 10:42:09 - [MESSAGE][PASSED] - Object: 'Object Repository/Make Appointment/Button Book Appointment' is clicked on

2023-08-25 10:42:09 - [TEST_STEP][PASSED] - verifyElementPresent(findTestObject("Make Appointment/Title Appointment Confirmation"), 0): Object 'Object Repository/Make Appointment/Title Appointment Confirmation' is present

2023-08-25 10:42:09 - [MESSAGE][WARNING] - Timeout '0' is invalid. Using default page load timeout: '30'

2023-08-25 10:42:09 - [MESSAGE][PASSED] - Object 'Object Repository/Make Appointment/Title Appointment Confirmation' is present

2023-08-25 10:42:09 - [TEST_STEP][PASSED] - hasilFacility = getText(findTestObject("Object Repository/Make Appointment/Hasil Facility")): Text of object 'Object Repository/Make Appointment/Hasil Facility' is: 'Seoul CURA Healthcare Center'

2023-08-25 10:42:10 - [MESSAGE][PASSED] - Text of object 'Object Repository/Make Appointment/Hasil Facility' is: 'Seoul CURA Healthcare Center'

2023-08-25 10:42:10 - [TEST_STEP][PASSED] - hasilReadmission = getText(findTestObject("Make Appointment/Hasil Hospital Readmission")): Text of object 'Object Repository/Make Appointment/Hasil Hospital Readmission' is: 'Yes'

2023-08-25 10:42:10 - [MESSAGE][PASSED] - Text of object 'Object Repository/Make Appointment/Hasil Hospital Readmission' is: 'Yes'

2023-08-25 10:42:10 - [TEST_STEP][PASSED] - hasilHealthCare = getText(findTestObject("Make Appointment/Hasil Healthcare Program")): Text of object 'Object Repository/Make Appointment/Hasil Healthcare Program' is: 'Medicaid'

2023-08-25 10:42:10 - [MESSAGE][PASSED] - Text of object 'Object Repository/Make Appointment/Hasil Healthcare Program' is: 'Medicaid'

2023-08-25 10:42:10 - [TEST_STEP][PASSED] - hasilVisitDate = getText(findTestObject("Make Appointment/Hasil Visit Date")): Text of object 'Object Repository/Make Appointment/Hasil Visit Date' is: '23/08/2023'

2023-08-25 10:42:11 - [MESSAGE][PASSED] - Text of object 'Object Repository/Make Appointment/Hasil Visit Date' is: '23/08/2023'

2023-08-25 10:42:11 - [TEST_STEP][PASSED] - hasilComment = getText(findTestObject("Make Appointment/Hasil Comment")): Text of object 'Object Repository/Make Appointment/Hasil Comment' is: 'Saya pesan'

2023-08-25 10:42:11 - [MESSAGE][PASSED] - Text of object 'Object Repository/Make Appointment/Hasil Comment' is: 'Saya pesan'

2023-08-25 10:42:11 - [TEST_STEP][PASSED] - assert trim().equalsIgnoreCase(facility.trim()): null

2023-08-25 10:42:11 - [TEST_STEP][PASSED] - assert trim().equalsIgnoreCase(hospital_readmission.trim()): null

2023-08-25 10:42:11 - [TEST_STEP][PASSED] - assert toLowerCase().equalsIgnoreCase(trim().toLowerCase()): null

2023-08-25 10:42:11 - [TEST_STEP][PASSED] - assert trim().equalsIgnoreCase(visit_date.trim()): null

2023-08-25 10:42:11 - [TEST_STEP][PASSED] - assert trim().equalsIgnoreCase(comment.trim()): null]]></system-out>
         <system-err><![CDATA[]]></system-err>
      </testcase>
      <testcase name="Test Cases/Appointment/Test Case 2.1 (Versi Dinamis)" time="15.809" classname="Test Cases/Appointment/Test Case 2.1 (Versi Dinamis)" status="PASSED">
         <system-out><![CDATA[2023-08-25 10:42:11 - [TEST_CASE][PASSED] - Test Cases/Appointment/Test Case 2.1 (Versi Dinamis): Test Cases/Appointment/Test Case 2.1 (Versi Dinamis)

2023-08-25 10:42:11 - [TEST_STEP][PASSED] - callTestCase(findTestCase("Login/Test Case 1.1 (Manual)"), ["username":username, "password":password], STOP_ON_FAILURE): Call Test Case 'Test Cases/Login/Test Case 1.1 (Manual)' successfully

2023-08-25 10:42:11 - [TEST_CASE][PASSED] - Test Cases/Login/Test Case 1.1 (Manual): Test Cases/Login/Test Case 1.1 (Manual)

2023-08-25 10:42:11 - [TEST_STEP][PASSED] - openBrowser(WEB_URL): Browser is opened with url: 'https://katalon-demo-cura.herokuapp.com/'

2023-08-25 10:42:11 - [MESSAGE][WARNING] - A browser is already opened. Closing browser and opening a new one

2023-08-25 10:42:12 - [MESSAGE][INFO] - Starting 'Edge Chromium' driver

2023-08-25 10:42:14 - [MESSAGE][INFO] - Action delay is set to 0 milliseconds

2023-08-25 10:42:17 - [MESSAGE][PASSED] - Browser is opened with url: 'https://katalon-demo-cura.herokuapp.com/'

2023-08-25 10:42:17 - [TEST_STEP][PASSED] - maximizeWindow(): Current window maximized

2023-08-25 10:42:17 - [MESSAGE][PASSED] - Current window maximized

2023-08-25 10:42:17 - [TEST_STEP][PASSED] - verifyElementPresent(findTestObject("Login/Title Home Page"), 10): Object 'Object Repository/Login/Title Home Page' is present

2023-08-25 10:42:17 - [MESSAGE][PASSED] - Object 'Object Repository/Login/Title Home Page' is present

2023-08-25 10:42:17 - [TEST_STEP][PASSED] - click(findTestObject("Login/Menu Burger")): Object: 'Object Repository/Login/Menu Burger' is clicked on

2023-08-25 10:42:18 - [MESSAGE][PASSED] - Object: 'Object Repository/Login/Menu Burger' is clicked on

2023-08-25 10:42:18 - [TEST_STEP][PASSED] - click(findTestObject("Login/Menu Login")): Object: 'Object Repository/Login/Menu Login' is clicked on

2023-08-25 10:42:19 - [MESSAGE][PASSED] - Object: 'Object Repository/Login/Menu Login' is clicked on

2023-08-25 10:42:19 - [TEST_STEP][PASSED] - verifyElementPresent(findTestObject("Login/Title Login"), 10): Object 'Object Repository/Login/Title Login' is present

2023-08-25 10:42:19 - [MESSAGE][PASSED] - Object 'Object Repository/Login/Title Login' is present

2023-08-25 10:42:19 - [TEST_STEP][PASSED] - setText(findTestObject("Login/Input Username Login"), username): Text 'John Doe' is set on object 'Object Repository/Login/Input Username Login'

2023-08-25 10:42:20 - [MESSAGE][PASSED] - Text 'John Doe' is set on object 'Object Repository/Login/Input Username Login'

2023-08-25 10:42:20 - [TEST_STEP][PASSED] - setEncryptedText(findTestObject("Login/Input Password Login"), password): Text ****** has been set on object 'Object Repository/Login/Input Password Login'

2023-08-25 10:42:20 - [MESSAGE][PASSED] - Text ****** has been set on object 'Object Repository/Login/Input Password Login'

2023-08-25 10:42:20 - [TEST_STEP][PASSED] - click(findTestObject("Login/Button Login")): Object: 'Object Repository/Login/Button Login' is clicked on

2023-08-25 10:42:21 - [MESSAGE][PASSED] - Object: 'Object Repository/Login/Button Login' is clicked on

2023-08-25 10:42:21 - [TEST_STEP][PASSED] - verifyElementPresent(findTestObject("Login/Title Make Appointment"), 10): Object 'Object Repository/Login/Title Make Appointment' is present

2023-08-25 10:42:21 - [MESSAGE][PASSED] - Object 'Object Repository/Login/Title Make Appointment' is present

2023-08-25 10:42:21 - [MESSAGE][PASSED] - Call Test Case 'Test Cases/Login/Test Case 1.1 (Manual)' successfully

2023-08-25 10:42:21 - [TEST_STEP][PASSED] - selectOptionByValue(findTestObject("Make Appointment/Select Drop Down Facility"), facility, false): All options with value 'Seoul CURA Healthcare Center' are selected in object 'Object Repository/Make Appointment/Select Drop Down Facility' 

2023-08-25 10:42:22 - [MESSAGE][PASSED] - All options with value 'Seoul CURA Healthcare Center' are selected in object 'Object Repository/Make Appointment/Select Drop Down Facility' 

2023-08-25 10:42:22 - [TEST_STEP][PASSED] - if (toString().equalsIgnoreCase("yes")): Object 'Object Repository/Make Appointment/Checkbox Hospital Readmission' is checked

2023-08-25 10:42:22 - [TEST_STEP][PASSED] - check(findTestObject("Make Appointment/Checkbox Hospital Readmission")): Object 'Object Repository/Make Appointment/Checkbox Hospital Readmission' is checked

2023-08-25 10:42:22 - [MESSAGE][PASSED] - Object 'Object Repository/Make Appointment/Checkbox Hospital Readmission' is checked

2023-08-25 10:42:22 - [TEST_STEP][PASSED] - if (toString().equalsIgnoreCase("medicare")): null

2023-08-25 10:42:22 - [TEST_STEP][PASSED] - else if (toString().equalsIgnoreCase("medicaid")): null

2023-08-25 10:42:22 - [TEST_STEP][PASSED] - else: Object 'Object Repository/Make Appointment/Radio None Programs' is checked

2023-08-25 10:42:22 - [TEST_STEP][PASSED] - check(findTestObject("Object Repository/Make Appointment/Radio None Programs")): Object 'Object Repository/Make Appointment/Radio None Programs' is checked

2023-08-25 10:42:23 - [MESSAGE][PASSED] - Object 'Object Repository/Make Appointment/Radio None Programs' is checked

2023-08-25 10:42:23 - [TEST_STEP][PASSED] - setText(findTestObject("Make Appointment/Input Visit Date"), visit_date): Text '23/08/2023' is set on object 'Object Repository/Make Appointment/Input Visit Date'

2023-08-25 10:42:23 - [MESSAGE][PASSED] - Text '23/08/2023' is set on object 'Object Repository/Make Appointment/Input Visit Date'

2023-08-25 10:42:23 - [TEST_STEP][PASSED] - setText(findTestObject("Make Appointment/Text Area Comment"), comment): Text 'Saya pesan' is set on object 'Object Repository/Make Appointment/Text Area Comment'

2023-08-25 10:42:24 - [MESSAGE][PASSED] - Text 'Saya pesan' is set on object 'Object Repository/Make Appointment/Text Area Comment'

2023-08-25 10:42:24 - [TEST_STEP][PASSED] - click(findTestObject("Make Appointment/Button Book Appointment")): Object: 'Object Repository/Make Appointment/Button Book Appointment' is clicked on

2023-08-25 10:42:25 - [MESSAGE][PASSED] - Object: 'Object Repository/Make Appointment/Button Book Appointment' is clicked on

2023-08-25 10:42:25 - [TEST_STEP][PASSED] - verifyElementPresent(findTestObject("Make Appointment/Title Appointment Confirmation"), 0): Object 'Object Repository/Make Appointment/Title Appointment Confirmation' is present

2023-08-25 10:42:25 - [MESSAGE][WARNING] - Timeout '0' is invalid. Using default page load timeout: '30'

2023-08-25 10:42:25 - [MESSAGE][PASSED] - Object 'Object Repository/Make Appointment/Title Appointment Confirmation' is present

2023-08-25 10:42:25 - [TEST_STEP][PASSED] - hasilFacility = getText(findTestObject("Object Repository/Make Appointment/Hasil Facility")): Text of object 'Object Repository/Make Appointment/Hasil Facility' is: 'Seoul CURA Healthcare Center'

2023-08-25 10:42:25 - [MESSAGE][PASSED] - Text of object 'Object Repository/Make Appointment/Hasil Facility' is: 'Seoul CURA Healthcare Center'

2023-08-25 10:42:25 - [TEST_STEP][PASSED] - hasilReadmission = getText(findTestObject("Make Appointment/Hasil Hospital Readmission")): Text of object 'Object Repository/Make Appointment/Hasil Hospital Readmission' is: 'Yes'

2023-08-25 10:42:26 - [MESSAGE][PASSED] - Text of object 'Object Repository/Make Appointment/Hasil Hospital Readmission' is: 'Yes'

2023-08-25 10:42:26 - [TEST_STEP][PASSED] - hasilHealthCare = getText(findTestObject("Make Appointment/Hasil Healthcare Program")): Text of object 'Object Repository/Make Appointment/Hasil Healthcare Program' is: 'None'

2023-08-25 10:42:26 - [MESSAGE][PASSED] - Text of object 'Object Repository/Make Appointment/Hasil Healthcare Program' is: 'None'

2023-08-25 10:42:26 - [TEST_STEP][PASSED] - hasilVisitDate = getText(findTestObject("Make Appointment/Hasil Visit Date")): Text of object 'Object Repository/Make Appointment/Hasil Visit Date' is: '23/08/2023'

2023-08-25 10:42:26 - [MESSAGE][PASSED] - Text of object 'Object Repository/Make Appointment/Hasil Visit Date' is: '23/08/2023'

2023-08-25 10:42:26 - [TEST_STEP][PASSED] - hasilComment = getText(findTestObject("Make Appointment/Hasil Comment")): Text of object 'Object Repository/Make Appointment/Hasil Comment' is: 'Saya pesan'

2023-08-25 10:42:27 - [MESSAGE][PASSED] - Text of object 'Object Repository/Make Appointment/Hasil Comment' is: 'Saya pesan'

2023-08-25 10:42:27 - [TEST_STEP][PASSED] - assert trim().equalsIgnoreCase(facility.trim()): null

2023-08-25 10:42:27 - [TEST_STEP][PASSED] - assert trim().equalsIgnoreCase(hospital_readmission.trim()): null

2023-08-25 10:42:27 - [TEST_STEP][PASSED] - assert toLowerCase().equalsIgnoreCase(trim().toLowerCase()): null

2023-08-25 10:42:27 - [TEST_STEP][PASSED] - assert trim().equalsIgnoreCase(visit_date.trim()): null

2023-08-25 10:42:27 - [TEST_STEP][PASSED] - assert trim().equalsIgnoreCase(comment.trim()): null]]></system-out>
         <system-err><![CDATA[]]></system-err>
      </testcase>
      <testcase name="Test Cases/Appointment/Test Case 2.1 (Versi Dinamis)" time="15.325" classname="Test Cases/Appointment/Test Case 2.1 (Versi Dinamis)" status="PASSED">
         <system-out><![CDATA[2023-08-25 10:42:27 - [TEST_CASE][PASSED] - Test Cases/Appointment/Test Case 2.1 (Versi Dinamis): Test Cases/Appointment/Test Case 2.1 (Versi Dinamis)

2023-08-25 10:42:27 - [TEST_STEP][PASSED] - callTestCase(findTestCase("Login/Test Case 1.1 (Manual)"), ["username":username, "password":password], STOP_ON_FAILURE): Call Test Case 'Test Cases/Login/Test Case 1.1 (Manual)' successfully

2023-08-25 10:42:27 - [TEST_CASE][PASSED] - Test Cases/Login/Test Case 1.1 (Manual): Test Cases/Login/Test Case 1.1 (Manual)

2023-08-25 10:42:27 - [TEST_STEP][PASSED] - openBrowser(WEB_URL): Browser is opened with url: 'https://katalon-demo-cura.herokuapp.com/'

2023-08-25 10:42:27 - [MESSAGE][WARNING] - A browser is already opened. Closing browser and opening a new one

2023-08-25 10:42:28 - [MESSAGE][INFO] - Starting 'Edge Chromium' driver

2023-08-25 10:42:30 - [MESSAGE][INFO] - Action delay is set to 0 milliseconds

2023-08-25 10:42:33 - [MESSAGE][PASSED] - Browser is opened with url: 'https://katalon-demo-cura.herokuapp.com/'

2023-08-25 10:42:33 - [TEST_STEP][PASSED] - maximizeWindow(): Current window maximized

2023-08-25 10:42:33 - [MESSAGE][PASSED] - Current window maximized

2023-08-25 10:42:33 - [TEST_STEP][PASSED] - verifyElementPresent(findTestObject("Login/Title Home Page"), 10): Object 'Object Repository/Login/Title Home Page' is present

2023-08-25 10:42:33 - [MESSAGE][PASSED] - Object 'Object Repository/Login/Title Home Page' is present

2023-08-25 10:42:33 - [TEST_STEP][PASSED] - click(findTestObject("Login/Menu Burger")): Object: 'Object Repository/Login/Menu Burger' is clicked on

2023-08-25 10:42:34 - [MESSAGE][PASSED] - Object: 'Object Repository/Login/Menu Burger' is clicked on

2023-08-25 10:42:34 - [TEST_STEP][PASSED] - click(findTestObject("Login/Menu Login")): Object: 'Object Repository/Login/Menu Login' is clicked on

2023-08-25 10:42:34 - [MESSAGE][PASSED] - Object: 'Object Repository/Login/Menu Login' is clicked on

2023-08-25 10:42:34 - [TEST_STEP][PASSED] - verifyElementPresent(findTestObject("Login/Title Login"), 10): Object 'Object Repository/Login/Title Login' is present

2023-08-25 10:42:35 - [MESSAGE][PASSED] - Object 'Object Repository/Login/Title Login' is present

2023-08-25 10:42:35 - [TEST_STEP][PASSED] - setText(findTestObject("Login/Input Username Login"), username): Text 'John Doe' is set on object 'Object Repository/Login/Input Username Login'

2023-08-25 10:42:35 - [MESSAGE][PASSED] - Text 'John Doe' is set on object 'Object Repository/Login/Input Username Login'

2023-08-25 10:42:35 - [TEST_STEP][PASSED] - setEncryptedText(findTestObject("Login/Input Password Login"), password): Text ****** has been set on object 'Object Repository/Login/Input Password Login'

2023-08-25 10:42:36 - [MESSAGE][PASSED] - Text ****** has been set on object 'Object Repository/Login/Input Password Login'

2023-08-25 10:42:36 - [TEST_STEP][PASSED] - click(findTestObject("Login/Button Login")): Object: 'Object Repository/Login/Button Login' is clicked on

2023-08-25 10:42:37 - [MESSAGE][PASSED] - Object: 'Object Repository/Login/Button Login' is clicked on

2023-08-25 10:42:37 - [TEST_STEP][PASSED] - verifyElementPresent(findTestObject("Login/Title Make Appointment"), 10): Object 'Object Repository/Login/Title Make Appointment' is present

2023-08-25 10:42:37 - [MESSAGE][PASSED] - Object 'Object Repository/Login/Title Make Appointment' is present

2023-08-25 10:42:37 - [MESSAGE][PASSED] - Call Test Case 'Test Cases/Login/Test Case 1.1 (Manual)' successfully

2023-08-25 10:42:37 - [TEST_STEP][PASSED] - selectOptionByValue(findTestObject("Make Appointment/Select Drop Down Facility"), facility, false): All options with value 'Seoul CURA Healthcare Center' are selected in object 'Object Repository/Make Appointment/Select Drop Down Facility' 

2023-08-25 10:42:38 - [MESSAGE][PASSED] - All options with value 'Seoul CURA Healthcare Center' are selected in object 'Object Repository/Make Appointment/Select Drop Down Facility' 

2023-08-25 10:42:38 - [TEST_STEP][PASSED] - if (toString().equalsIgnoreCase("yes")): null

2023-08-25 10:42:38 - [TEST_STEP][PASSED] - if (toString().equalsIgnoreCase("medicare")): Object 'Object Repository/Make Appointment/Radio Medicare Programs' is checked

2023-08-25 10:42:38 - [TEST_STEP][PASSED] - check(findTestObject("Object Repository/Make Appointment/Radio Medicare Programs")): Object 'Object Repository/Make Appointment/Radio Medicare Programs' is checked

2023-08-25 10:42:38 - [MESSAGE][PASSED] - Object 'Object Repository/Make Appointment/Radio Medicare Programs' is checked

2023-08-25 10:42:38 - [TEST_STEP][PASSED] - setText(findTestObject("Make Appointment/Input Visit Date"), visit_date): Text '23/08/2023' is set on object 'Object Repository/Make Appointment/Input Visit Date'

2023-08-25 10:42:39 - [MESSAGE][PASSED] - Text '23/08/2023' is set on object 'Object Repository/Make Appointment/Input Visit Date'

2023-08-25 10:42:39 - [TEST_STEP][PASSED] - setText(findTestObject("Make Appointment/Text Area Comment"), comment): Text 'Saya pesan' is set on object 'Object Repository/Make Appointment/Text Area Comment'

2023-08-25 10:42:40 - [MESSAGE][PASSED] - Text 'Saya pesan' is set on object 'Object Repository/Make Appointment/Text Area Comment'

2023-08-25 10:42:40 - [TEST_STEP][PASSED] - click(findTestObject("Make Appointment/Button Book Appointment")): Object: 'Object Repository/Make Appointment/Button Book Appointment' is clicked on

2023-08-25 10:42:40 - [MESSAGE][PASSED] - Object: 'Object Repository/Make Appointment/Button Book Appointment' is clicked on

2023-08-25 10:42:40 - [TEST_STEP][PASSED] - verifyElementPresent(findTestObject("Make Appointment/Title Appointment Confirmation"), 0): Object 'Object Repository/Make Appointment/Title Appointment Confirmation' is present

2023-08-25 10:42:40 - [MESSAGE][WARNING] - Timeout '0' is invalid. Using default page load timeout: '30'

2023-08-25 10:42:40 - [MESSAGE][PASSED] - Object 'Object Repository/Make Appointment/Title Appointment Confirmation' is present

2023-08-25 10:42:41 - [TEST_STEP][PASSED] - hasilFacility = getText(findTestObject("Object Repository/Make Appointment/Hasil Facility")): Text of object 'Object Repository/Make Appointment/Hasil Facility' is: 'Seoul CURA Healthcare Center'

2023-08-25 10:42:41 - [MESSAGE][PASSED] - Text of object 'Object Repository/Make Appointment/Hasil Facility' is: 'Seoul CURA Healthcare Center'

2023-08-25 10:42:41 - [TEST_STEP][PASSED] - hasilReadmission = getText(findTestObject("Make Appointment/Hasil Hospital Readmission")): Text of object 'Object Repository/Make Appointment/Hasil Hospital Readmission' is: 'No'

2023-08-25 10:42:41 - [MESSAGE][PASSED] - Text of object 'Object Repository/Make Appointment/Hasil Hospital Readmission' is: 'No'

2023-08-25 10:42:41 - [TEST_STEP][PASSED] - hasilHealthCare = getText(findTestObject("Make Appointment/Hasil Healthcare Program")): Text of object 'Object Repository/Make Appointment/Hasil Healthcare Program' is: 'Medicare'

2023-08-25 10:42:41 - [MESSAGE][PASSED] - Text of object 'Object Repository/Make Appointment/Hasil Healthcare Program' is: 'Medicare'

2023-08-25 10:42:41 - [TEST_STEP][PASSED] - hasilVisitDate = getText(findTestObject("Make Appointment/Hasil Visit Date")): Text of object 'Object Repository/Make Appointment/Hasil Visit Date' is: '23/08/2023'

2023-08-25 10:42:42 - [MESSAGE][PASSED] - Text of object 'Object Repository/Make Appointment/Hasil Visit Date' is: '23/08/2023'

2023-08-25 10:42:42 - [TEST_STEP][PASSED] - hasilComment = getText(findTestObject("Make Appointment/Hasil Comment")): Text of object 'Object Repository/Make Appointment/Hasil Comment' is: 'Saya pesan'

2023-08-25 10:42:42 - [MESSAGE][PASSED] - Text of object 'Object Repository/Make Appointment/Hasil Comment' is: 'Saya pesan'

2023-08-25 10:42:42 - [TEST_STEP][PASSED] - assert trim().equalsIgnoreCase(facility.trim()): null

2023-08-25 10:42:42 - [TEST_STEP][PASSED] - assert trim().equalsIgnoreCase(hospital_readmission.trim()): null

2023-08-25 10:42:42 - [TEST_STEP][PASSED] - assert toLowerCase().equalsIgnoreCase(trim().toLowerCase()): null

2023-08-25 10:42:42 - [TEST_STEP][PASSED] - assert trim().equalsIgnoreCase(visit_date.trim()): null

2023-08-25 10:42:42 - [TEST_STEP][PASSED] - assert trim().equalsIgnoreCase(comment.trim()): null]]></system-out>
         <system-err><![CDATA[]]></system-err>
      </testcase>
      <testcase name="Test Cases/Appointment/Test Case 2.1 (Versi Dinamis)" time="15.261" classname="Test Cases/Appointment/Test Case 2.1 (Versi Dinamis)" status="PASSED">
         <system-out><![CDATA[2023-08-25 10:42:42 - [TEST_CASE][PASSED] - Test Cases/Appointment/Test Case 2.1 (Versi Dinamis): Test Cases/Appointment/Test Case 2.1 (Versi Dinamis)

2023-08-25 10:42:42 - [TEST_STEP][PASSED] - callTestCase(findTestCase("Login/Test Case 1.1 (Manual)"), ["username":username, "password":password], STOP_ON_FAILURE): Call Test Case 'Test Cases/Login/Test Case 1.1 (Manual)' successfully

2023-08-25 10:42:42 - [TEST_CASE][PASSED] - Test Cases/Login/Test Case 1.1 (Manual): Test Cases/Login/Test Case 1.1 (Manual)

2023-08-25 10:42:42 - [TEST_STEP][PASSED] - openBrowser(WEB_URL): Browser is opened with url: 'https://katalon-demo-cura.herokuapp.com/'

2023-08-25 10:42:42 - [MESSAGE][WARNING] - A browser is already opened. Closing browser and opening a new one

2023-08-25 10:42:43 - [MESSAGE][INFO] - Starting 'Edge Chromium' driver

2023-08-25 10:42:45 - [MESSAGE][INFO] - Action delay is set to 0 milliseconds

2023-08-25 10:42:48 - [MESSAGE][PASSED] - Browser is opened with url: 'https://katalon-demo-cura.herokuapp.com/'

2023-08-25 10:42:48 - [TEST_STEP][PASSED] - maximizeWindow(): Current window maximized

2023-08-25 10:42:48 - [MESSAGE][PASSED] - Current window maximized

2023-08-25 10:42:48 - [TEST_STEP][PASSED] - verifyElementPresent(findTestObject("Login/Title Home Page"), 10): Object 'Object Repository/Login/Title Home Page' is present

2023-08-25 10:42:48 - [MESSAGE][PASSED] - Object 'Object Repository/Login/Title Home Page' is present

2023-08-25 10:42:48 - [TEST_STEP][PASSED] - click(findTestObject("Login/Menu Burger")): Object: 'Object Repository/Login/Menu Burger' is clicked on

2023-08-25 10:42:49 - [MESSAGE][PASSED] - Object: 'Object Repository/Login/Menu Burger' is clicked on

2023-08-25 10:42:49 - [TEST_STEP][PASSED] - click(findTestObject("Login/Menu Login")): Object: 'Object Repository/Login/Menu Login' is clicked on

2023-08-25 10:42:50 - [MESSAGE][PASSED] - Object: 'Object Repository/Login/Menu Login' is clicked on

2023-08-25 10:42:50 - [TEST_STEP][PASSED] - verifyElementPresent(findTestObject("Login/Title Login"), 10): Object 'Object Repository/Login/Title Login' is present

2023-08-25 10:42:50 - [MESSAGE][PASSED] - Object 'Object Repository/Login/Title Login' is present

2023-08-25 10:42:50 - [TEST_STEP][PASSED] - setText(findTestObject("Login/Input Username Login"), username): Text 'John Doe' is set on object 'Object Repository/Login/Input Username Login'

2023-08-25 10:42:51 - [MESSAGE][PASSED] - Text 'John Doe' is set on object 'Object Repository/Login/Input Username Login'

2023-08-25 10:42:51 - [TEST_STEP][PASSED] - setEncryptedText(findTestObject("Login/Input Password Login"), password): Text ****** has been set on object 'Object Repository/Login/Input Password Login'

2023-08-25 10:42:51 - [MESSAGE][PASSED] - Text ****** has been set on object 'Object Repository/Login/Input Password Login'

2023-08-25 10:42:51 - [TEST_STEP][PASSED] - click(findTestObject("Login/Button Login")): Object: 'Object Repository/Login/Button Login' is clicked on

2023-08-25 10:42:52 - [MESSAGE][PASSED] - Object: 'Object Repository/Login/Button Login' is clicked on

2023-08-25 10:42:52 - [TEST_STEP][PASSED] - verifyElementPresent(findTestObject("Login/Title Make Appointment"), 10): Object 'Object Repository/Login/Title Make Appointment' is present

2023-08-25 10:42:52 - [MESSAGE][PASSED] - Object 'Object Repository/Login/Title Make Appointment' is present

2023-08-25 10:42:52 - [MESSAGE][PASSED] - Call Test Case 'Test Cases/Login/Test Case 1.1 (Manual)' successfully

2023-08-25 10:42:52 - [TEST_STEP][PASSED] - selectOptionByValue(findTestObject("Make Appointment/Select Drop Down Facility"), facility, false): All options with value 'Seoul CURA Healthcare Center' are selected in object 'Object Repository/Make Appointment/Select Drop Down Facility' 

2023-08-25 10:42:53 - [MESSAGE][PASSED] - All options with value 'Seoul CURA Healthcare Center' are selected in object 'Object Repository/Make Appointment/Select Drop Down Facility' 

2023-08-25 10:42:53 - [TEST_STEP][PASSED] - if (toString().equalsIgnoreCase("yes")): null

2023-08-25 10:42:53 - [TEST_STEP][PASSED] - if (toString().equalsIgnoreCase("medicare")): null

2023-08-25 10:42:53 - [TEST_STEP][PASSED] - else if (toString().equalsIgnoreCase("medicaid")): Object 'Object Repository/Make Appointment/Radio Medicaid Programs' is checked

2023-08-25 10:42:53 - [TEST_STEP][PASSED] - check(findTestObject("Object Repository/Make Appointment/Radio Medicaid Programs")): Object 'Object Repository/Make Appointment/Radio Medicaid Programs' is checked

2023-08-25 10:42:53 - [MESSAGE][PASSED] - Object 'Object Repository/Make Appointment/Radio Medicaid Programs' is checked

2023-08-25 10:42:53 - [TEST_STEP][PASSED] - setText(findTestObject("Make Appointment/Input Visit Date"), visit_date): Text '23/08/2023' is set on object 'Object Repository/Make Appointment/Input Visit Date'

2023-08-25 10:42:54 - [MESSAGE][PASSED] - Text '23/08/2023' is set on object 'Object Repository/Make Appointment/Input Visit Date'

2023-08-25 10:42:54 - [TEST_STEP][PASSED] - setText(findTestObject("Make Appointment/Text Area Comment"), comment): Text 'Saya pesan' is set on object 'Object Repository/Make Appointment/Text Area Comment'

2023-08-25 10:42:55 - [MESSAGE][PASSED] - Text 'Saya pesan' is set on object 'Object Repository/Make Appointment/Text Area Comment'

2023-08-25 10:42:55 - [TEST_STEP][PASSED] - click(findTestObject("Make Appointment/Button Book Appointment")): Object: 'Object Repository/Make Appointment/Button Book Appointment' is clicked on

2023-08-25 10:42:55 - [MESSAGE][PASSED] - Object: 'Object Repository/Make Appointment/Button Book Appointment' is clicked on

2023-08-25 10:42:55 - [TEST_STEP][PASSED] - verifyElementPresent(findTestObject("Make Appointment/Title Appointment Confirmation"), 0): Object 'Object Repository/Make Appointment/Title Appointment Confirmation' is present

2023-08-25 10:42:56 - [MESSAGE][WARNING] - Timeout '0' is invalid. Using default page load timeout: '30'

2023-08-25 10:42:56 - [MESSAGE][PASSED] - Object 'Object Repository/Make Appointment/Title Appointment Confirmation' is present

2023-08-25 10:42:56 - [TEST_STEP][PASSED] - hasilFacility = getText(findTestObject("Object Repository/Make Appointment/Hasil Facility")): Text of object 'Object Repository/Make Appointment/Hasil Facility' is: 'Seoul CURA Healthcare Center'

2023-08-25 10:42:56 - [MESSAGE][PASSED] - Text of object 'Object Repository/Make Appointment/Hasil Facility' is: 'Seoul CURA Healthcare Center'

2023-08-25 10:42:56 - [TEST_STEP][PASSED] - hasilReadmission = getText(findTestObject("Make Appointment/Hasil Hospital Readmission")): Text of object 'Object Repository/Make Appointment/Hasil Hospital Readmission' is: 'No'

2023-08-25 10:42:56 - [MESSAGE][PASSED] - Text of object 'Object Repository/Make Appointment/Hasil Hospital Readmission' is: 'No'

2023-08-25 10:42:56 - [TEST_STEP][PASSED] - hasilHealthCare = getText(findTestObject("Make Appointment/Hasil Healthcare Program")): Text of object 'Object Repository/Make Appointment/Hasil Healthcare Program' is: 'Medicaid'

2023-08-25 10:42:57 - [MESSAGE][PASSED] - Text of object 'Object Repository/Make Appointment/Hasil Healthcare Program' is: 'Medicaid'

2023-08-25 10:42:57 - [TEST_STEP][PASSED] - hasilVisitDate = getText(findTestObject("Make Appointment/Hasil Visit Date")): Text of object 'Object Repository/Make Appointment/Hasil Visit Date' is: '23/08/2023'

2023-08-25 10:42:57 - [MESSAGE][PASSED] - Text of object 'Object Repository/Make Appointment/Hasil Visit Date' is: '23/08/2023'

2023-08-25 10:42:57 - [TEST_STEP][PASSED] - hasilComment = getText(findTestObject("Make Appointment/Hasil Comment")): Text of object 'Object Repository/Make Appointment/Hasil Comment' is: 'Saya pesan'

2023-08-25 10:42:57 - [MESSAGE][PASSED] - Text of object 'Object Repository/Make Appointment/Hasil Comment' is: 'Saya pesan'

2023-08-25 10:42:57 - [TEST_STEP][PASSED] - assert trim().equalsIgnoreCase(facility.trim()): null

2023-08-25 10:42:57 - [TEST_STEP][PASSED] - assert trim().equalsIgnoreCase(hospital_readmission.trim()): null

2023-08-25 10:42:57 - [TEST_STEP][PASSED] - assert toLowerCase().equalsIgnoreCase(trim().toLowerCase()): null

2023-08-25 10:42:57 - [TEST_STEP][PASSED] - assert trim().equalsIgnoreCase(visit_date.trim()): null

2023-08-25 10:42:57 - [TEST_STEP][PASSED] - assert trim().equalsIgnoreCase(comment.trim()): null]]></system-out>
         <system-err><![CDATA[]]></system-err>
      </testcase>
      <testcase name="Test Cases/Appointment/Test Case 2.1 (Versi Dinamis)" time="16.479" classname="Test Cases/Appointment/Test Case 2.1 (Versi Dinamis)" status="PASSED">
         <system-out><![CDATA[2023-08-25 10:42:57 - [TEST_CASE][PASSED] - Test Cases/Appointment/Test Case 2.1 (Versi Dinamis): Test Cases/Appointment/Test Case 2.1 (Versi Dinamis)

2023-08-25 10:42:57 - [TEST_STEP][PASSED] - callTestCase(findTestCase("Login/Test Case 1.1 (Manual)"), ["username":username, "password":password], STOP_ON_FAILURE): Call Test Case 'Test Cases/Login/Test Case 1.1 (Manual)' successfully

2023-08-25 10:42:57 - [TEST_CASE][PASSED] - Test Cases/Login/Test Case 1.1 (Manual): Test Cases/Login/Test Case 1.1 (Manual)

2023-08-25 10:42:57 - [TEST_STEP][PASSED] - openBrowser(WEB_URL): Browser is opened with url: 'https://katalon-demo-cura.herokuapp.com/'

2023-08-25 10:42:57 - [MESSAGE][WARNING] - A browser is already opened. Closing browser and opening a new one

2023-08-25 10:42:58 - [MESSAGE][INFO] - Starting 'Edge Chromium' driver

2023-08-25 10:43:00 - [MESSAGE][INFO] - Action delay is set to 0 milliseconds

2023-08-25 10:43:04 - [MESSAGE][PASSED] - Browser is opened with url: 'https://katalon-demo-cura.herokuapp.com/'

2023-08-25 10:43:04 - [TEST_STEP][PASSED] - maximizeWindow(): Current window maximized

2023-08-25 10:43:05 - [MESSAGE][PASSED] - Current window maximized

2023-08-25 10:43:05 - [TEST_STEP][PASSED] - verifyElementPresent(findTestObject("Login/Title Home Page"), 10): Object 'Object Repository/Login/Title Home Page' is present

2023-08-25 10:43:05 - [MESSAGE][PASSED] - Object 'Object Repository/Login/Title Home Page' is present

2023-08-25 10:43:05 - [TEST_STEP][PASSED] - click(findTestObject("Login/Menu Burger")): Object: 'Object Repository/Login/Menu Burger' is clicked on

2023-08-25 10:43:05 - [MESSAGE][PASSED] - Object: 'Object Repository/Login/Menu Burger' is clicked on

2023-08-25 10:43:05 - [TEST_STEP][PASSED] - click(findTestObject("Login/Menu Login")): Object: 'Object Repository/Login/Menu Login' is clicked on

2023-08-25 10:43:06 - [MESSAGE][PASSED] - Object: 'Object Repository/Login/Menu Login' is clicked on

2023-08-25 10:43:06 - [TEST_STEP][PASSED] - verifyElementPresent(findTestObject("Login/Title Login"), 10): Object 'Object Repository/Login/Title Login' is present

2023-08-25 10:43:07 - [MESSAGE][PASSED] - Object 'Object Repository/Login/Title Login' is present

2023-08-25 10:43:07 - [TEST_STEP][PASSED] - setText(findTestObject("Login/Input Username Login"), username): Text 'John Doe' is set on object 'Object Repository/Login/Input Username Login'

2023-08-25 10:43:07 - [MESSAGE][PASSED] - Text 'John Doe' is set on object 'Object Repository/Login/Input Username Login'

2023-08-25 10:43:07 - [TEST_STEP][PASSED] - setEncryptedText(findTestObject("Login/Input Password Login"), password): Text ****** has been set on object 'Object Repository/Login/Input Password Login'

2023-08-25 10:43:08 - [MESSAGE][PASSED] - Text ****** has been set on object 'Object Repository/Login/Input Password Login'

2023-08-25 10:43:08 - [TEST_STEP][PASSED] - click(findTestObject("Login/Button Login")): Object: 'Object Repository/Login/Button Login' is clicked on

2023-08-25 10:43:09 - [MESSAGE][PASSED] - Object: 'Object Repository/Login/Button Login' is clicked on

2023-08-25 10:43:09 - [TEST_STEP][PASSED] - verifyElementPresent(findTestObject("Login/Title Make Appointment"), 10): Object 'Object Repository/Login/Title Make Appointment' is present

2023-08-25 10:43:09 - [MESSAGE][PASSED] - Object 'Object Repository/Login/Title Make Appointment' is present

2023-08-25 10:43:09 - [MESSAGE][PASSED] - Call Test Case 'Test Cases/Login/Test Case 1.1 (Manual)' successfully

2023-08-25 10:43:09 - [TEST_STEP][PASSED] - selectOptionByValue(findTestObject("Make Appointment/Select Drop Down Facility"), facility, false): All options with value 'Seoul CURA Healthcare Center' are selected in object 'Object Repository/Make Appointment/Select Drop Down Facility' 

2023-08-25 10:43:10 - [MESSAGE][PASSED] - All options with value 'Seoul CURA Healthcare Center' are selected in object 'Object Repository/Make Appointment/Select Drop Down Facility' 

2023-08-25 10:43:10 - [TEST_STEP][PASSED] - if (toString().equalsIgnoreCase("yes")): null

2023-08-25 10:43:10 - [TEST_STEP][PASSED] - if (toString().equalsIgnoreCase("medicare")): null

2023-08-25 10:43:10 - [TEST_STEP][PASSED] - else if (toString().equalsIgnoreCase("medicaid")): null

2023-08-25 10:43:10 - [TEST_STEP][PASSED] - else: Object 'Object Repository/Make Appointment/Radio None Programs' is checked

2023-08-25 10:43:10 - [TEST_STEP][PASSED] - check(findTestObject("Object Repository/Make Appointment/Radio None Programs")): Object 'Object Repository/Make Appointment/Radio None Programs' is checked

2023-08-25 10:43:10 - [MESSAGE][PASSED] - Object 'Object Repository/Make Appointment/Radio None Programs' is checked

2023-08-25 10:43:10 - [TEST_STEP][PASSED] - setText(findTestObject("Make Appointment/Input Visit Date"), visit_date): Text '23/08/2023' is set on object 'Object Repository/Make Appointment/Input Visit Date'

2023-08-25 10:43:11 - [MESSAGE][PASSED] - Text '23/08/2023' is set on object 'Object Repository/Make Appointment/Input Visit Date'

2023-08-25 10:43:11 - [TEST_STEP][PASSED] - setText(findTestObject("Make Appointment/Text Area Comment"), comment): Text 'Saya pesan' is set on object 'Object Repository/Make Appointment/Text Area Comment'

2023-08-25 10:43:11 - [MESSAGE][PASSED] - Text 'Saya pesan' is set on object 'Object Repository/Make Appointment/Text Area Comment'

2023-08-25 10:43:11 - [TEST_STEP][PASSED] - click(findTestObject("Make Appointment/Button Book Appointment")): Object: 'Object Repository/Make Appointment/Button Book Appointment' is clicked on

2023-08-25 10:43:12 - [MESSAGE][PASSED] - Object: 'Object Repository/Make Appointment/Button Book Appointment' is clicked on

2023-08-25 10:43:12 - [TEST_STEP][PASSED] - verifyElementPresent(findTestObject("Make Appointment/Title Appointment Confirmation"), 0): Object 'Object Repository/Make Appointment/Title Appointment Confirmation' is present

2023-08-25 10:43:12 - [MESSAGE][WARNING] - Timeout '0' is invalid. Using default page load timeout: '30'

2023-08-25 10:43:12 - [MESSAGE][PASSED] - Object 'Object Repository/Make Appointment/Title Appointment Confirmation' is present

2023-08-25 10:43:12 - [TEST_STEP][PASSED] - hasilFacility = getText(findTestObject("Object Repository/Make Appointment/Hasil Facility")): Text of object 'Object Repository/Make Appointment/Hasil Facility' is: 'Seoul CURA Healthcare Center'

2023-08-25 10:43:13 - [MESSAGE][PASSED] - Text of object 'Object Repository/Make Appointment/Hasil Facility' is: 'Seoul CURA Healthcare Center'

2023-08-25 10:43:13 - [TEST_STEP][PASSED] - hasilReadmission = getText(findTestObject("Make Appointment/Hasil Hospital Readmission")): Text of object 'Object Repository/Make Appointment/Hasil Hospital Readmission' is: 'No'

2023-08-25 10:43:13 - [MESSAGE][PASSED] - Text of object 'Object Repository/Make Appointment/Hasil Hospital Readmission' is: 'No'

2023-08-25 10:43:13 - [TEST_STEP][PASSED] - hasilHealthCare = getText(findTestObject("Make Appointment/Hasil Healthcare Program")): Text of object 'Object Repository/Make Appointment/Hasil Healthcare Program' is: 'None'

2023-08-25 10:43:13 - [MESSAGE][PASSED] - Text of object 'Object Repository/Make Appointment/Hasil Healthcare Program' is: 'None'

2023-08-25 10:43:13 - [TEST_STEP][PASSED] - hasilVisitDate = getText(findTestObject("Make Appointment/Hasil Visit Date")): Text of object 'Object Repository/Make Appointment/Hasil Visit Date' is: '23/08/2023'

2023-08-25 10:43:14 - [MESSAGE][PASSED] - Text of object 'Object Repository/Make Appointment/Hasil Visit Date' is: '23/08/2023'

2023-08-25 10:43:14 - [TEST_STEP][PASSED] - hasilComment = getText(findTestObject("Make Appointment/Hasil Comment")): Text of object 'Object Repository/Make Appointment/Hasil Comment' is: 'Saya pesan'

2023-08-25 10:43:14 - [MESSAGE][PASSED] - Text of object 'Object Repository/Make Appointment/Hasil Comment' is: 'Saya pesan'

2023-08-25 10:43:14 - [TEST_STEP][PASSED] - assert trim().equalsIgnoreCase(facility.trim()): null

2023-08-25 10:43:14 - [TEST_STEP][PASSED] - assert trim().equalsIgnoreCase(hospital_readmission.trim()): null

2023-08-25 10:43:14 - [TEST_STEP][PASSED] - assert toLowerCase().equalsIgnoreCase(trim().toLowerCase()): null

2023-08-25 10:43:14 - [TEST_STEP][PASSED] - assert trim().equalsIgnoreCase(visit_date.trim()): null

2023-08-25 10:43:14 - [TEST_STEP][PASSED] - assert trim().equalsIgnoreCase(comment.trim()): null]]></system-out>
         <system-err><![CDATA[]]></system-err>
      </testcase>
      <system-out><![CDATA[2023-08-25 10:38:46 - [TEST_SUITE][PASSED] - Test Suite Appointment: Test Cases/Appointment/Test Case 2.1 (Versi Dinamis)]]></system-out>
      <system-err><![CDATA[]]></system-err>
   </testsuite>
</testsuites>
