<?xml version="1.0" encoding="UTF-8"?>
<testsuites name="Test Suites Login" time="29.74" tests="2" failures="0" errors="0">
   <testsuite name="Test Suites Login" tests="2" failures="0" errors="0" time="29.74" skipped="0" timestamp="2023-08-25 09:15:19" hostname="ridaaridaini - 10.9.2.22" id="Test Suites/Test Suites Login">
      <properties>
         <property name="deviceName" value=""/>
         <property name="devicePlatform" value=""/>
         <property name="logFolder" value="/Users/ridaaridaini/Desktop/projectrida/batch-324-qa/rida/Cura Heroku App/Reports/20230825_091509/Test Suites Login/20230825_091509"/>
         <property name="logFiles" value="/Users/ridaaridaini/Desktop/projectrida/batch-324-qa/rida/Cura Heroku App/Reports/20230825_091509/Test Suites Login/20230825_091509/execution0.log"/>
         <property name="attachments" value=""/>
         <property name="hostName" value="ridaaridaini - 10.9.2.22"/>
         <property name="os" value="Mac OS X 64bit"/>
         <property name="katalonVersion" value="8.6.5.208"/>
         <property name="browser" value="Firefox 116.0"/>
         <property name="hostAddress" value="10.9.2.22"/>
         <property name="sessionId" value="5ded40d3-051d-45bb-815b-c9e75de80bec"/>
         <property name="seleniumVersion" value="3.141.59"/>
         <property name="proxyInformation" value="ProxyInformation { proxyOption=NO_PROXY, proxyServerType=HTTP, username=, password=********, proxyServerAddress=, proxyServerPort=0, executionList=&quot;&quot;, isApplyToDesiredCapabilities=true }"/>
         <property name="platform" value="Mac OS X"/>
      </properties>
      <testcase name="Test Cases/Login/Test Case 1.1(Record)" time="13.175" classname="Test Cases/Login/Test Case 1.1(Record)" status="PASSED">
         <system-out><![CDATA[2023-08-25 09:15:19 - [TEST_CASE][PASSED] - Test Cases/Login/Test Case 1.1(Record): Test Cases/Login/Test Case 1.1(Record)

2023-08-25 09:15:20 - [TEST_STEP][PASSED] - openBrowser(""): Browser is opened with url: ''

2023-08-25 09:15:20 - [MESSAGE][INFO] - Starting 'Firefox' driver

2023-08-25 09:15:20 - [MESSAGE][INFO] - Action delay is set to 0 milliseconds

2023-08-25 09:15:25 - [MESSAGE][PASSED] - Browser is opened with url: ''

2023-08-25 09:15:25 - [TEST_STEP][PASSED] - maximizeWindow(): Current window maximized

2023-08-25 09:15:26 - [MESSAGE][PASSED] - Current window maximized

2023-08-25 09:15:26 - [TEST_STEP][PASSED] - navigateToUrl("https://katalon-demo-cura.herokuapp.com/"): Navigate to 'https://katalon-demo-cura.herokuapp.com/' successfully

2023-08-25 09:15:29 - [MESSAGE][PASSED] - Navigate to 'https://katalon-demo-cura.herokuapp.com/' successfully

2023-08-25 09:15:29 - [TEST_STEP][PASSED] - click(findTestObject("Object Repository/h1_CURA Healthcare Service")): Object: 'Object Repository/h1_CURA Healthcare Service' is clicked on

2023-08-25 09:15:29 - [MESSAGE][PASSED] - Object: 'Object Repository/h1_CURA Healthcare Service' is clicked on

2023-08-25 09:15:29 - [TEST_STEP][PASSED] - click(findTestObject("Object Repository/i_CURA Healthcare_fa fa-bars")): Object: 'Object Repository/i_CURA Healthcare_fa fa-bars' is clicked on

2023-08-25 09:15:30 - [MESSAGE][PASSED] - Object: 'Object Repository/i_CURA Healthcare_fa fa-bars' is clicked on

2023-08-25 09:15:30 - [TEST_STEP][PASSED] - click(findTestObject("Object Repository/a_Login")): Object: 'Object Repository/a_Login' is clicked on

2023-08-25 09:15:31 - [MESSAGE][PASSED] - Object: 'Object Repository/a_Login' is clicked on

2023-08-25 09:15:31 - [TEST_STEP][PASSED] - setText(findTestObject("Object Repository/input_Username_username"), username): Text 'John Doe' is set on object 'Object Repository/input_Username_username'

2023-08-25 09:15:31 - [MESSAGE][PASSED] - Text 'John Doe' is set on object 'Object Repository/input_Username_username'

2023-08-25 09:15:31 - [TEST_STEP][PASSED] - setEncryptedText(findTestObject("Object Repository/input_Password_password"), password): Text ****** has been set on object 'Object Repository/input_Password_password'

2023-08-25 09:15:32 - [MESSAGE][PASSED] - Text ****** has been set on object 'Object Repository/input_Password_password'

2023-08-25 09:15:32 - [TEST_STEP][PASSED] - click(findTestObject("Object Repository/button_Login")): Object: 'Object Repository/button_Login' is clicked on

2023-08-25 09:15:32 - [MESSAGE][PASSED] - Object: 'Object Repository/button_Login' is clicked on]]></system-out>
         <system-err><![CDATA[]]></system-err>
      </testcase>
      <testcase name="Test Cases/Login/Test Case 1.2(Manual)" time="16.214" classname="Test Cases/Login/Test Case 1.2(Manual)" status="PASSED">
         <system-out><![CDATA[2023-08-25 09:15:33 - [TEST_CASE][PASSED] - Test Cases/Login/Test Case 1.2(Manual): Test Cases/Login/Test Case 1.2(Manual)

2023-08-25 09:15:33 - [TEST_STEP][PASSED] - openBrowser(WEB_URL): Browser is opened with url: 'https://katalon-demo-cura.herokuapp.com/
'

2023-08-25 09:15:33 - [MESSAGE][WARNING] - A browser is already opened. Closing browser and opening a new one

2023-08-25 09:15:34 - [MESSAGE][INFO] - Starting 'Firefox' driver

2023-08-25 09:15:34 - [MESSAGE][INFO] - Action delay is set to 0 milliseconds

2023-08-25 09:15:38 - [MESSAGE][PASSED] - Browser is opened with url: 'https://katalon-demo-cura.herokuapp.com/
'

2023-08-25 09:15:38 - [TEST_STEP][PASSED] - maximizeWindow(): Current window maximized

2023-08-25 09:15:39 - [MESSAGE][PASSED] - Current window maximized

2023-08-25 09:15:39 - [TEST_STEP][PASSED] - verifyElementPresent(findTestObject("h1_CURA Healthcare Service"), 10): Object 'Object Repository/h1_CURA Healthcare Service' is present

2023-08-25 09:15:39 - [MESSAGE][PASSED] - Object 'Object Repository/h1_CURA Healthcare Service' is present

2023-08-25 09:15:39 - [TEST_STEP][PASSED] - click(findTestObject("i_CURA Healthcare_fa fa-bars")): Object: 'Object Repository/i_CURA Healthcare_fa fa-bars' is clicked on

2023-08-25 09:15:40 - [MESSAGE][PASSED] - Object: 'Object Repository/i_CURA Healthcare_fa fa-bars' is clicked on

2023-08-25 09:15:40 - [TEST_STEP][PASSED] - click(findTestObject("a_Login")): Object: 'Object Repository/a_Login' is clicked on

2023-08-25 09:15:41 - [MESSAGE][PASSED] - Object: 'Object Repository/a_Login' is clicked on

2023-08-25 09:15:41 - [TEST_STEP][PASSED] - click(findTestObject("h2_Login")): Object: 'Object Repository/h2_Login' is clicked on

2023-08-25 09:15:41 - [MESSAGE][PASSED] - Object: 'Object Repository/h2_Login' is clicked on

2023-08-25 09:15:41 - [TEST_STEP][PASSED] - setText(findTestObject("input_Username_username"), Username): Text 'hgytwsjbjsdz
' is set on object 'Object Repository/input_Username_username'

2023-08-25 09:15:42 - [MESSAGE][PASSED] - Text 'hgytwsjbjsdz
' is set on object 'Object Repository/input_Username_username'

2023-08-25 09:15:42 - [TEST_STEP][PASSED] - setEncryptedText(findTestObject("input_Password_password"), Password): Text ****** has been set on object 'Object Repository/input_Password_password'

2023-08-25 09:15:42 - [MESSAGE][PASSED] - Text ****** has been set on object 'Object Repository/input_Password_password'

2023-08-25 09:15:42 - [TEST_STEP][PASSED] - click(findTestObject("button_Login")): Object: 'Object Repository/button_Login' is clicked on

2023-08-25 09:15:43 - [MESSAGE][PASSED] - Object: 'Object Repository/button_Login' is clicked on

2023-08-25 09:15:43 - [TEST_STEP][PASSED] - verifyElementText(findTestObject("Error_massage_Login failed"), "Login failed! Please ensure the username and password are valid."): Actual text and expected text of test object 'Object Repository/Error_massage_Login failed' are matched.

2023-08-25 09:15:43 - [MESSAGE][PASSED] - Actual text and expected text of test object 'Object Repository/Error_massage_Login failed' are matched.

2023-08-25 09:15:43 - [TEST_STEP][PASSED] - delay(5): Delayed 5 second(s)

2023-08-25 09:15:48 - [MESSAGE][PASSED] - Delayed 5 second(s)

2023-08-25 09:15:48 - [TEST_STEP][PASSED] - closeBrowser(): Browser is closed

2023-08-25 09:15:49 - [MESSAGE][PASSED] - Browser is closed]]></system-out>
         <system-err><![CDATA[]]></system-err>
      </testcase>
      <system-out><![CDATA[2023-08-25 09:15:19 - [TEST_SUITE][PASSED] - Test Suites Login: Test Cases/Login/Test Case 1.2(Manual)]]></system-out>
      <system-err><![CDATA[]]></system-err>
   </testsuite>
</testsuites>
